Log file open, 12/20/16 14:13:53
LogInit:Display: Running engine for game: ProjectEclypse
LogPlatformFile: Not using cached read wrapper
LogInit:Display: RandInit(-1781469982) SRandInit(-1781469982).
LogTaskGraph: Started task graph with 5 named threads and 8 total threads with 1 sets of task threads.
LogStats: Stats thread started at 0.061316
LogPluginManager: Loaded Plugin Paper2D, From D:/Program Files (x86)/Epic Games/4.13/Engine/Plugins/2D/Paper2D/Paper2D.uplugin
LogPluginManager: Loaded Plugin LightPropagationVolume, From D:/Program Files (x86)/Epic Games/4.13/Engine/Plugins/Blendables/LightPropagationVolume/LightPropagationVolume.uplugin
LogPluginManager: Loaded Plugin BlankPlugin, From D:/Program Files (x86)/Epic Games/4.13/Engine/Plugins/Developer/BlankPlugin/BlankPlugin.uplugin
LogPluginManager: Loaded Plugin CodeLiteSourceCodeAccess, From D:/Program Files (x86)/Epic Games/4.13/Engine/Plugins/Developer/CodeLiteSourceCodeAccess/CodeLiteSourceCodeAccess.uplugin
LogPluginManager: Loaded Plugin GitSourceControl, From D:/Program Files (x86)/Epic Games/4.13/Engine/Plugins/Developer/GitSourceControl/GitSourceControl.uplugin
LogPluginManager: Loaded Plugin KDevelopSourceCodeAccess, From D:/Program Files (x86)/Epic Games/4.13/Engine/Plugins/Developer/KDevelopSourceCodeAccess/KDevelopSourceCodeAccess.uplugin
LogPluginManager: Loaded Plugin NullSourceCodeAccess, From D:/Program Files (x86)/Epic Games/4.13/Engine/Plugins/Developer/NullSourceCodeAccess/NullSourceCodeAccess.uplugin
LogPluginManager: Loaded Plugin OneSkyLocalizationService, From D:/Program Files (x86)/Epic Games/4.13/Engine/Plugins/Developer/OneSkyLocalizationService/OneSkyLocalizationService.uplugin
LogPluginManager: Loaded Plugin PerforceSourceControl, From D:/Program Files (x86)/Epic Games/4.13/Engine/Plugins/Developer/PerforceSourceControl/PerforceSourceControl.uplugin
LogPluginManager: Loaded Plugin SubversionSourceControl, From D:/Program Files (x86)/Epic Games/4.13/Engine/Plugins/Developer/SubversionSourceControl/SubversionSourceControl.uplugin
LogPluginManager: Loaded Plugin UObjectPlugin, From D:/Program Files (x86)/Epic Games/4.13/Engine/Plugins/Developer/UObjectPlugin/UObjectPlugin.uplugin
LogPluginManager: Loaded Plugin VisualStudioSourceCodeAccess, From D:/Program Files (x86)/Epic Games/4.13/Engine/Plugins/Developer/VisualStudioSourceCodeAccess/VisualStudioSourceCodeAccess.uplugin
LogPluginManager: Loaded Plugin XCodeSourceCodeAccess, From D:/Program Files (x86)/Epic Games/4.13/Engine/Plugins/Developer/XCodeSourceCodeAccess/XCodeSourceCodeAccess.uplugin
LogPluginManager: Loaded Plugin EpicSurvey, From D:/Program Files (x86)/Epic Games/4.13/Engine/Plugins/Editor/EpicSurvey/EpicSurvey.uplugin
LogPluginManager: Loaded Plugin MacGraphicsSwitching, From D:/Program Files (x86)/Epic Games/4.13/Engine/Plugins/Editor/MacGraphicsSwitching/MacGraphicsSwitching.uplugin
LogPluginManager: Loaded Plugin MobileLauncherProfileWizard, From D:/Program Files (x86)/Epic Games/4.13/Engine/Plugins/Editor/MobileLauncherProfileWizard/MobileLauncherProfileWizard.uplugin
LogPluginManager: Loaded Plugin PluginBrowser, From D:/Program Files (x86)/Epic Games/4.13/Engine/Plugins/Editor/PluginBrowser/PluginBrowser.uplugin
LogPluginManager: Loaded Plugin SpeedTreeImporter, From D:/Program Files (x86)/Epic Games/4.13/Engine/Plugins/Editor/SpeedTreeImporter/SpeedTreeImporter.uplugin
LogPluginManager: Loaded Plugin SuperSearchEditor, From D:/Program Files (x86)/Epic Games/4.13/Engine/Plugins/Editor/SuperSearchEditor/SuperSearchEditor.uplugin
LogPluginManager: Loaded Plugin AlembicImporter, From D:/Program Files (x86)/Epic Games/4.13/Engine/Plugins/Experimental/AlembicImporter/AlembicImporter.uplugin
LogPluginManager: Loaded Plugin BlueprintStats, From D:/Program Files (x86)/Epic Games/4.13/Engine/Plugins/Experimental/BlueprintStats/BlueprintStats.uplugin
LogPluginManager: Loaded Plugin CharacterAI, From D:/Program Files (x86)/Epic Games/4.13/Engine/Plugins/Experimental/CharacterAI/CharacterAI.uplugin
LogPluginManager: Loaded Plugin CodeEditor, From D:/Program Files (x86)/Epic Games/4.13/Engine/Plugins/Experimental/CodeEditor/CodeEditor.uplugin
LogPluginManager: Loaded Plugin CodeView, From D:/Program Files (x86)/Epic Games/4.13/Engine/Plugins/Experimental/CodeView/CodeView.uplugin
LogPluginManager: Loaded Plugin HTML5Networking, From D:/Program Files (x86)/Epic Games/4.13/Engine/Plugins/Experimental/HTML5Networking/HTML5Networking.uplugin
LogPluginManager: Loaded Plugin LiveEditor, From D:/Program Files (x86)/Epic Games/4.13/Engine/Plugins/Experimental/LiveEditor/LiveEditor.uplugin
LogPluginManager: Loaded Plugin OSVR, From D:/Program Files (x86)/Epic Games/4.13/Engine/Plugins/Experimental/OSVR/OSVR.uplugin
LogPluginManager: Loaded Plugin Phya, From D:/Program Files (x86)/Epic Games/4.13/Engine/Plugins/Experimental/Phya/Phya.uplugin
LogPluginManager: Loaded Plugin SignificanceManager, From D:/Program Files (x86)/Epic Games/4.13/Engine/Plugins/Experimental/SignificanceManager/SignificanceManager.uplugin
LogPluginManager: Loaded Plugin SimpleHMD, From D:/Program Files (x86)/Epic Games/4.13/Engine/Plugins/Experimental/SimpleHMD/SimpleHMD.uplugin
LogPluginManager: Loaded Plugin StereoPanorama, From D:/Program Files (x86)/Epic Games/4.13/Engine/Plugins/Experimental/StereoPanorama/StereoPanorama.uplugin
LogPluginManager: Loaded Plugin StructBox, From D:/Program Files (x86)/Epic Games/4.13/Engine/Plugins/Experimental/StructBox/StructBox.uplugin
LogPluginManager: Loaded Plugin Substance, From D:/Program Files (x86)/Epic Games/4.13/Engine/Plugins/Marketplace/Substance/Substance.uplugin
LogPluginManager: Loaded Plugin AndroidMedia, From D:/Program Files (x86)/Epic Games/4.13/Engine/Plugins/Media/AndroidMedia/AndroidMedia.uplugin
LogPluginManager: Loaded Plugin AvfMedia, From D:/Program Files (x86)/Epic Games/4.13/Engine/Plugins/Media/AvfMedia/AvfMedia.uplugin
LogPluginManager: Loaded Plugin MediaPlayerEditor, From D:/Program Files (x86)/Epic Games/4.13/Engine/Plugins/Media/MediaPlayerEditor/MediaPlayerEditor.uplugin
LogPluginManager: Loaded Plugin WmfMedia, From D:/Program Files (x86)/Epic Games/4.13/Engine/Plugins/Media/WmfMedia/WmfMedia.uplugin
LogPluginManager: Loaded Plugin MessagingDebugger, From D:/Program Files (x86)/Epic Games/4.13/Engine/Plugins/Messaging/MessagingDebugger/MessagingDebugger.uplugin
LogPluginManager: Loaded Plugin TcpMessaging, From D:/Program Files (x86)/Epic Games/4.13/Engine/Plugins/Messaging/TcpMessaging/TcpMessaging.uplugin
LogPluginManager: Loaded Plugin UdpMessaging, From D:/Program Files (x86)/Epic Games/4.13/Engine/Plugins/Messaging/UdpMessaging/UdpMessaging.uplugin
LogPluginManager: Loaded Plugin LevelSequenceEditor, From D:/Program Files (x86)/Epic Games/4.13/Engine/Plugins/MovieScene/LevelSequenceEditor/LevelSequenceEditor.uplugin
LogPluginManager: Loaded Plugin MatineeToLevelSequence, From D:/Program Files (x86)/Epic Games/4.13/Engine/Plugins/MovieScene/MatineeToLevelSequence/MatineeToLevelSequence.uplugin
LogPluginManager: Loaded Plugin NetcodeUnitTest, From D:/Program Files (x86)/Epic Games/4.13/Engine/Plugins/NetcodeUnitTest/NetcodeUnitTest/NetcodeUnitTest.uplugin
LogPluginManager: Loaded Plugin NUTUnrealEngine4, From D:/Program Files (x86)/Epic Games/4.13/Engine/Plugins/NetcodeUnitTest/NUTUnrealEngine4/NUTUnrealEngine4.uplugin
LogPluginManager: Loaded Plugin OnlineSubsystemGooglePlay, From D:/Program Files (x86)/Epic Games/4.13/Engine/Plugins/Online/Android/OnlineSubsystemGooglePlay/OnlineSubsystemGooglePlay.uplugin
LogPluginManager: Loaded Plugin OnlineSubsystemIOS, From D:/Program Files (x86)/Epic Games/4.13/Engine/Plugins/Online/IOS/OnlineSubsystemIOS/OnlineSubsystemIOS.uplugin
LogPluginManager: Loaded Plugin OnlineFramework, From D:/Program Files (x86)/Epic Games/4.13/Engine/Plugins/Online/OnlineFramework/OnlineFramework.uplugin
LogPluginManager: Loaded Plugin OnlineSubsystem, From D:/Program Files (x86)/Epic Games/4.13/Engine/Plugins/Online/OnlineSubsystem/OnlineSubsystem.uplugin
LogPluginManager: Loaded Plugin OnlineSubsystemAmazon, From D:/Program Files (x86)/Epic Games/4.13/Engine/Plugins/Online/OnlineSubsystemAmazon/OnlineSubsystemAmazon.uplugin
LogPluginManager: Loaded Plugin OnlineSubsystemFacebook, From D:/Program Files (x86)/Epic Games/4.13/Engine/Plugins/Online/OnlineSubsystemFacebook/OnlineSubsystemFacebook.uplugin
LogPluginManager: Loaded Plugin OnlineSubsystemNull, From D:/Program Files (x86)/Epic Games/4.13/Engine/Plugins/Online/OnlineSubsystemNull/OnlineSubsystemNull.uplugin
LogPluginManager: Loaded Plugin OnlineSubsystemOculus, From D:/Program Files (x86)/Epic Games/4.13/Engine/Plugins/Online/OnlineSubsystemOculus/OnlineSubsystemOculus.uplugin
LogPluginManager: Loaded Plugin OnlineSubsystemSteam, From D:/Program Files (x86)/Epic Games/4.13/Engine/Plugins/Online/OnlineSubsystemSteam/OnlineSubsystemSteam.uplugin
LogPluginManager: Loaded Plugin OnlineSubsystemUtils, From D:/Program Files (x86)/Epic Games/4.13/Engine/Plugins/Online/OnlineSubsystemUtils/OnlineSubsystemUtils.uplugin
LogPluginManager: Loaded Plugin IOSTapJoy, From D:/Program Files (x86)/Epic Games/4.13/Engine/Plugins/Runtime/Advertising/IOSTapJoy/IOSTapJoy.uplugin
LogPluginManager: Loaded Plugin AnalyticsBlueprintLibrary, From D:/Program Files (x86)/Epic Games/4.13/Engine/Plugins/Runtime/Analytics/AnalyticsBlueprintLibrary/AnalyticsBlueprintLibrary.uplugin
LogPluginManager: Loaded Plugin AnalyticsMulticast, From D:/Program Files (x86)/Epic Games/4.13/Engine/Plugins/Runtime/Analytics/AnalyticsMulticast/AnalyticsMulticast.uplugin
LogPluginManager: Loaded Plugin Apsalar, From D:/Program Files (x86)/Epic Games/4.13/Engine/Plugins/Runtime/Analytics/Apsalar/Apsalar.uplugin
LogPluginManager: Loaded Plugin FileLogging, From D:/Program Files (x86)/Epic Games/4.13/Engine/Plugins/Runtime/Analytics/FileLogging/FileLogging.uplugin
LogPluginManager: Loaded Plugin Flurry, From D:/Program Files (x86)/Epic Games/4.13/Engine/Plugins/Runtime/Analytics/Flurry/Flurry.uplugin
LogPluginManager: Loaded Plugin AndroidDeviceProfileSelector, From D:/Program Files (x86)/Epic Games/4.13/Engine/Plugins/Runtime/AndroidDeviceProfileSelector/AndroidDeviceProfileSelector.uplugin
LogPluginManager: Loaded Plugin AndroidMoviePlayer, From D:/Program Files (x86)/Epic Games/4.13/Engine/Plugins/Runtime/AndroidMoviePlayer/AndroidMoviePlayer.uplugin
LogPluginManager: Loaded Plugin AppleMoviePlayer, From D:/Program Files (x86)/Epic Games/4.13/Engine/Plugins/Runtime/AppleMoviePlayer/AppleMoviePlayer.uplugin
LogPluginManager: Loaded Plugin ArchVisCharacter, From D:/Program Files (x86)/Epic Games/4.13/Engine/Plugins/Runtime/ArchVisCharacter/ArchVisCharacter.uplugin
LogPluginManager: Loaded Plugin CableComponent, From D:/Program Files (x86)/Epic Games/4.13/Engine/Plugins/Runtime/CableComponent/CableComponent.uplugin
LogPluginManager: Loaded Plugin CustomMeshComponent, From D:/Program Files (x86)/Epic Games/4.13/Engine/Plugins/Runtime/CustomMeshComponent/CustomMeshComponent.uplugin
LogPluginManager: Loaded Plugin ExampleDeviceProfileSelector, From D:/Program Files (x86)/Epic Games/4.13/Engine/Plugins/Runtime/ExampleDeviceProfileSelector/ExampleDeviceProfileSelector.uplugin
LogPluginManager: Loaded Plugin GearVR, From D:/Program Files (x86)/Epic Games/4.13/Engine/Plugins/Runtime/GearVR/GearVR.uplugin
LogPluginManager: Loaded Plugin GoogleVRController, From D:/Program Files (x86)/Epic Games/4.13/Engine/Plugins/Runtime/GoogleVR/GoogleVRController/GoogleVRController.uplugin
LogPluginManager: Loaded Plugin GoogleVRHMD, From D:/Program Files (x86)/Epic Games/4.13/Engine/Plugins/Runtime/GoogleVR/GoogleVRHMD/GoogleVRHMD.uplugin
LogPluginManager: Loaded Plugin IOSDeviceProfileSelector, From D:/Program Files (x86)/Epic Games/4.13/Engine/Plugins/Runtime/IOSDeviceProfileSelector/IOSDeviceProfileSelector.uplugin
LogPluginManager: Loaded Plugin LeapMotion, From D:/Program Files (x86)/Epic Games/4.13/Engine/Plugins/Runtime/LeapMotion/LeapMotion.uplugin
LogPluginManager: Loaded Plugin LinuxDeviceProfileSelector, From D:/Program Files (x86)/Epic Games/4.13/Engine/Plugins/Runtime/LinuxDeviceProfileSelector/LinuxDeviceProfileSelector.uplugin
LogPluginManager: Loaded Plugin LiveEditorListenServer, From D:/Program Files (x86)/Epic Games/4.13/Engine/Plugins/Runtime/LiveEditorListenServer/LiveEditorListenServer.uplugin
LogPluginManager: Loaded Plugin OculusAudio, From D:/Program Files (x86)/Epic Games/4.13/Engine/Plugins/Runtime/OculusAudio/OculusAudio.uplugin
LogPluginManager: Loaded Plugin OculusInput, From D:/Program Files (x86)/Epic Games/4.13/Engine/Plugins/Runtime/OculusInput/OculusInput.uplugin
LogPluginManager: Loaded Plugin OculusLibrary, From D:/Program Files (x86)/Epic Games/4.13/Engine/Plugins/Runtime/OculusLibrary/OculusLibrary.uplugin
LogPluginManager: Loaded Plugin OculusRift, From D:/Program Files (x86)/Epic Games/4.13/Engine/Plugins/Runtime/OculusRift/OculusRift.uplugin
LogPluginManager: Loaded Plugin Oodle, From D:/Program Files (x86)/Epic Games/4.13/Engine/Plugins/Runtime/PacketHandlers/CompressionComponents/Oodle/Oodle.uplugin
LogPluginManager: Loaded Plugin ProceduralMeshComponent, From D:/Program Files (x86)/Epic Games/4.13/Engine/Plugins/Runtime/ProceduralMeshComponent/ProceduralMeshComponent.uplugin
LogPluginManager: Loaded Plugin SoundMod, From D:/Program Files (x86)/Epic Games/4.13/Engine/Plugins/Runtime/SoundMod/SoundMod.uplugin
LogPluginManager: Loaded Plugin SoundVisualizations, From D:/Program Files (x86)/Epic Games/4.13/Engine/Plugins/Runtime/SoundVisualizations/SoundVisualizations.uplugin
LogPluginManager: Loaded Plugin SteamController, From D:/Program Files (x86)/Epic Games/4.13/Engine/Plugins/Runtime/Steam/SteamController/SteamController.uplugin
LogPluginManager: Loaded Plugin SteamVR, From D:/Program Files (x86)/Epic Games/4.13/Engine/Plugins/Runtime/Steam/SteamVR/SteamVR.uplugin
LogPluginManager: Loaded Plugin WebBrowserWidget, From D:/Program Files (x86)/Epic Games/4.13/Engine/Plugins/Runtime/WebBrowserWidget/WebBrowserWidget.uplugin
LogPluginManager: Loaded Plugin WindowsDeviceProfileSelector, From D:/Program Files (x86)/Epic Games/4.13/Engine/Plugins/Runtime/WindowsDeviceProfileSelector/WindowsDeviceProfileSelector.uplugin
LogPluginManager: Loaded Plugin WindowsMoviePlayer, From D:/Program Files (x86)/Epic Games/4.13/Engine/Plugins/Runtime/WindowsMoviePlayer/WindowsMoviePlayer.uplugin
LogPluginManager: Loaded Plugin ScriptPlugin, From D:/Program Files (x86)/Epic Games/4.13/Engine/Plugins/ScriptPlugin/ScriptPlugin.uplugin
LogPluginManager: Loaded Plugin SlateRemote, From D:/Program Files (x86)/Epic Games/4.13/Engine/Plugins/Slate/SlateRemote/SlateRemote.uplugin
LogInit: Using libcurl 7.47.1
LogInit:  - built for x86_64-pc-win32
LogInit:  - supports SSL with WinSSL
LogInit:  - other features:
LogInit:      CURL_VERSION_SSL
LogInit:      CURL_VERSION_IPV6
LogInit:      CURL_VERSION_ASYNCHDNS
LogInit:      CURL_VERSION_LARGEFILE
LogInit:      CURL_VERSION_IDN
LogInit:  CurlRequestOptions (configurable via config and command line):
LogInit:  - bVerifyPeer = false  - Libcurl will NOT verify peer certificate
LogInit:  - bUseHttpProxy = false  - Libcurl will NOT use HTTP proxy
LogInit:  - bDontReuseConnections = false  - Libcurl will reuse connections
LogInit:  - CertBundlePath = nullptr  - Libcurl will use whatever was configured at build time.
OCULUS: Info: [CAPI] LibOVR module is located at C:\Program Files\Oculus\Support\oculus-runtime\LibOVRRT64_1.dll
OCULUS: Debug: Connected to the server running version (prod = 1).1.10.2(build = 321138) feature version = 0. Client runs version (prod = 1).1.10.2(build = 321138) feature version = 0
OCULUS: Debug: [HMDState] Using default profile default
OCULUS: Info: IAD changed to 65.3mm
OCULUS: Debug: [SharedMemory] Creating factory
LogInit: Build: ++UE4+Release-4.13-CL-3142249
LogInit: Engine Version: 4.13.1-3142249+++UE4+Release-4.13
LogInit: Compatible Engine Version: 4.13.0-3106830+++UE4+Release-4.13
LogInit: Net CL: 3142249
LogDevObjectVersion: Number of dev versions registered: 13
LogDevObjectVersion:   Dev-Blueprints (B0D832E4-1F89-4F0D-ACCF-7EB736FD4AA2): 5
LogDevObjectVersion:   Dev-Build (E1C64328-A22C-4D53-A36C-8E866417BD8C): 0
LogDevObjectVersion:   Dev-Core (375EC13C-06E4-48FB-B500-84F0262A717E): 1
LogDevObjectVersion:   Dev-Editor (E4B068ED-F494-42E9-A231-DA0B2E46BB41): 6
LogDevObjectVersion:   Dev-Framework (CFFC743F-43B0-4480-9391-14DF171D2073): 12
LogDevObjectVersion:   Dev-Mobile (B02B49B5-BB20-44E9-A304-32B752E40360): 0
LogDevObjectVersion:   Dev-Networking (A4E4105C-59A1-49B5-A7C5-40C4547EDFEE): 0
LogDevObjectVersion:   Dev-Online (39C831C9-5AE6-47DC-9A44-9C173E1C8E7C): 0
LogDevObjectVersion:   Dev-Physics (78F01B33-EBEA-4F98-B9B4-84EACCB95AA2): 0
LogDevObjectVersion:   Dev-Platform (6631380F-2D4D-43E0-8009-CF276956A95A): 0
LogDevObjectVersion:   Dev-Rendering (12F88B9F-8875-4AFC-A67C-D90C383ABD29): 4
LogDevObjectVersion:   Dev-Sequencer (7B5AE74C-D270-4C10-A958-57980B212A5A): 0
LogDevObjectVersion:   Dev-VR (D7296918-1DD6-4BDD-9DE2-64A83CC13884): 0
LogInit: Compiled (64-bit): Sep 28 2016 02:12:12
LogInit: Compiled with Visual C++: 19.00.23026.00
LogInit: Build Configuration: Development
LogInit: Branch Name: ++UE4+Release-4.13
LogInit: Command line: -EpicPortal 
LogInit: Base directory: D:/Program Files (x86)/Epic Games/4.13/Engine/Binaries/Win64/
LogInit: Installed Engine Build: 1
LogInit: Presizing for max 8388607 objects, including 0 objects not considered by GC, pre-allocating 0 bytes for permanent pool.
LogInit: Object subsystem initialized
[2016.12.20-03.13.53:985][  0]LogInit: Selected Device Profile: [Windows]
[2016.12.20-03.13.53:985][  0]LogInit: Applying CVar settings loaded from the selected device profile: [Windows]
[2016.12.20-03.13.53:993][  0]LogInit: Computer: DESKTOP-M92PTO3
[2016.12.20-03.13.53:993][  0]LogInit: User: StefanoAdmin
[2016.12.20-03.13.53:993][  0]LogInit: CPU Page size=65536, Cores=4
[2016.12.20-03.13.53:993][  0]LogInit: High frequency timer resolution =3.328120 MHz
[2016.12.20-03.13.53:993][  0]LogMemory: Memory total: Physical=15.9GB (16GB approx)
[2016.12.20-03.13.53:993][  0]LogMemory: Platform Memory Stats for Windows
[2016.12.20-03.13.53:993][  0]LogMemory: Process Physical Memory: 267.00 MB used, 267.00 MB peak
[2016.12.20-03.13.53:993][  0]LogMemory: Process Virtual Memory: 267.46 MB used, 267.46 MB peak
[2016.12.20-03.13.53:993][  0]LogMemory: Physical Memory: 7313.74 MB used, 16313.61 MB total
[2016.12.20-03.13.53:993][  0]LogMemory: Virtual Memory: 672.32 MB used, 134217728.00 MB total
[2016.12.20-03.13.54:210][  0]LogTextLocalizationManager: No specific translations for ('en-AU') exist, so ('en') translations will be used.
[2016.12.20-03.13.54:621][  0]LogD3D11RHI: D3D11 adapters:
[2016.12.20-03.13.55:048][  0]LogD3D11RHI:    0. 'NVIDIA GeForce GTX 980' (Feature Level 11_0)
[2016.12.20-03.13.55:048][  0]LogD3D11RHI:       4060/0/8156 MB DedicatedVideo/DedicatedSystem/SharedSystem, Outputs:1, VendorId:0x10de
[2016.12.20-03.13.55:049][  0]LogD3D11RHI:    1. 'Microsoft Basic Render Driver' (Feature Level 11_0)
[2016.12.20-03.13.55:049][  0]LogD3D11RHI:       0/0/8156 MB DedicatedVideo/DedicatedSystem/SharedSystem, Outputs:0, VendorId:0x1414
[2016.12.20-03.13.55:049][  0]LogD3D11RHI: Chosen D3D11 Adapter: 0
[2016.12.20-03.13.55:053][  0]LogD3D11RHI: Creating new Direct3DDevice
[2016.12.20-03.13.55:053][  0]LogD3D11RHI:     GPU DeviceId: 0x13c0 (for the marketing name, search the web for "GPU Device Id")
[2016.12.20-03.13.55:053][  0]LogWindows: EnumDisplayDevices:
[2016.12.20-03.13.55:053][  0]LogWindows:    0. 'NVIDIA GeForce GTX 980' (P:1 D:1)
[2016.12.20-03.13.55:053][  0]LogWindows:    1. 'NVIDIA GeForce GTX 980' (P:0 D:0)
[2016.12.20-03.13.55:053][  0]LogWindows:    2. 'NVIDIA GeForce GTX 980' (P:0 D:0)
[2016.12.20-03.13.55:053][  0]LogWindows:    3. 'NVIDIA GeForce GTX 980' (P:0 D:0)
[2016.12.20-03.13.55:053][  0]LogWindows: DebugString: FoundDriverCount:4 
[2016.12.20-03.13.55:053][  0]LogD3D11RHI:     Adapter Name: NVIDIA GeForce GTX 980
[2016.12.20-03.13.55:053][  0]LogD3D11RHI:   Driver Version: 376.09 (internal:21.21.13.7609, unified:376.09)
[2016.12.20-03.13.55:053][  0]LogD3D11RHI:      Driver Date: 11-24-2016
[2016.12.20-03.13.55:053][  0]LogRHI: Texture pool is 1361 MB (70% of 1945 MB)
[2016.12.20-03.13.55:458][  0]LogD3D11RHI: Async texture creation enabled
[2016.12.20-03.13.55:486][  0]LogD3D11RHI: GPU Timing Frequency: 1000.000000 (Debug: 2 1)
[2016.12.20-03.13.55:487][  0]LogShaderCompilers: Guid format shader working directory is -33 characters bigger than the processId version (../../../../../../Admin/Documents/GitHub Repositories/EclypseUE4/ProjectEclypse/Intermediate/Shaders/WorkingDirectory/4924/).
[2016.12.20-03.13.55:487][  0]LogShaderCompilers: Cleaned the shader compiler working directory 'C:/Users/Admin/AppData/Local/Temp/UnrealShaderWorkingDir/F5B9B4F14510BC4450EF898E2227FFF4/'.
[2016.12.20-03.13.55:487][  0]LogShaderCompilers:Display: Using Local Shader Compiler.
[2016.12.20-03.13.56:232][  0]LogTemp:Display: Loaded TP AllDesktopTargetPlatform
[2016.12.20-03.13.56:237][  0]LogTemp:Display: Loaded TP WindowsClientTargetPlatform
[2016.12.20-03.13.56:242][  0]LogTemp:Display: Loaded TP WindowsNoEditorTargetPlatform
[2016.12.20-03.13.56:248][  0]LogTemp:Display: Loaded TP WindowsServerTargetPlatform
[2016.12.20-03.13.56:253][  0]LogTemp:Display: Loaded TP WindowsTargetPlatform
[2016.12.20-03.13.56:258][  0]LogTemp:Display: Loaded TP AndroidTargetPlatform
[2016.12.20-03.13.56:263][  0]LogTemp:Display: Loaded TP Android_ASTCTargetPlatform
[2016.12.20-03.13.56:268][  0]LogTemp:Display: Loaded TP Android_ATCTargetPlatform
[2016.12.20-03.13.56:272][  0]LogTemp:Display: Loaded TP Android_DXTTargetPlatform
[2016.12.20-03.13.56:277][  0]LogTemp:Display: Loaded TP Android_ETC1TargetPlatform
[2016.12.20-03.13.56:282][  0]LogTemp:Display: Loaded TP Android_ETC2TargetPlatform
[2016.12.20-03.13.56:292][  0]LogTemp:Display: Loaded TP Android_MultiTargetPlatform
[2016.12.20-03.13.56:292][  0]LogTemp:Display: Loaded TP Android_PVRTCTargetPlatform
[2016.12.20-03.13.56:292][  0]LogTemp:Display: Loaded TP HTML5TargetPlatform
[2016.12.20-03.13.56:309][  0]LogTemp:Display: Loaded TP IOSTargetPlatform
[2016.12.20-03.13.56:314][  0]LogTemp:Display: Loaded TP TVOSTargetPlatform
[2016.12.20-03.13.56:319][  0]LogTemp:Display: Loaded TP LinuxClientTargetPlatform
[2016.12.20-03.13.56:324][  0]LogTemp:Display: Loaded TP LinuxNoEditorTargetPlatform
[2016.12.20-03.13.56:328][  0]LogTemp:Display: Loaded TP LinuxServerTargetPlatform
[2016.12.20-03.13.56:333][  0]LogTemp:Display: Loaded TP LinuxTargetPlatform
[2016.12.20-03.13.56:333][  0]LogTargetPlatformManager:Display: Building Assets For Windows
[2016.12.20-03.13.56:370][  0]LogDerivedDataCache:Display: Max Cache Size: 512 MB
[2016.12.20-03.13.56:417][  0]LogDerivedDataCache: Loaded boot cache 0.05s 62MB C:/Users/Admin/AppData/Local/UnrealEngine/4.13/DerivedDataCache/Boot.ddc.
[2016.12.20-03.13.56:417][  0]LogDerivedDataCache:Display: Loaded Boot cache: C:/Users/Admin/AppData/Local/UnrealEngine/4.13/DerivedDataCache/Boot.ddc
[2016.12.20-03.13.56:417][  0]LogDerivedDataCache: FDerivedDataBackendGraph:  Pak pak cache file ../../../../../../Admin/Documents/GitHub Repositories/EclypseUE4/ProjectEclypse/DerivedDataCache/DDC.ddp not found, will not use a pak cache.
[2016.12.20-03.13.56:417][  0]LogDerivedDataCache: Unable to find inner node Pak for hierarchical cache Hierarchy.
[2016.12.20-03.13.56:417][  0]LogDerivedDataCache: FDerivedDataBackendGraph:  CompressedPak pak cache file ../../../../../../Admin/Documents/GitHub Repositories/EclypseUE4/ProjectEclypse/DerivedDataCache/Compressed.ddp not found, will not use a pak cache.
[2016.12.20-03.13.56:417][  0]LogDerivedDataCache: Unable to find inner node CompressedPak for hierarchical cache Hierarchy.
[2016.12.20-03.13.56:430][  0]LogDerivedDataCache:Display: Pak cache opened for reading ../../../Engine/DerivedDataCache/Compressed.ddp.
[2016.12.20-03.13.56:441][  0]LogDerivedDataCache: Using Local data cache path C:/Users/Admin/AppData/Local/UnrealEngine/Common/DerivedDataCache: Writable
[2016.12.20-03.13.56:582][  0]LogInit: Selected Device Profile: [Windows]
[2016.12.20-03.13.56:584][  0]LogContentStreaming: Texture pool size is 0.00 MB
[2016.12.20-03.13.56:649][  0]LogMeshUtilities: No automatic mesh reduction module available
[2016.12.20-03.13.56:649][  0]LogMeshUtilities: No automatic mesh merging module available
[2016.12.20-03.13.56:649][  0]LogMeshUtilities: No distributed automatic mesh merging module available
[2016.12.20-03.13.56:695][  0]LogMaterial: Uniform references updated for custom material expression Custom.
[2016.12.20-03.13.56:893][  0]LogNetVersion: GetLocalNetworkVersion: CL: 3106830, ProjectName: projecteclypse, ProjectVersion: , EngineNetworkVersion: 1, GameNetworkVersion: 0, NetworkChecksum: 2418632494
[2016.12.20-03.13.56:925][  0]LogAssetRegistry: FAssetRegistry took 0.0209 seconds to start up
[2016.12.20-03.13.56:946][  0]LogPackageLocalizationCache: Processed 3 localized package path(s) for 2 prioritized culture(s) in 0.018883 seconds
[2016.12.20-03.13.56:950][  0]LogUObjectArray: 29778 objects as part of root set at end of initial load.
[2016.12.20-03.13.56:950][  0]LogUObjectAllocator: 6125448 out of 0 bytes used by permanent object pool.
[2016.12.20-03.13.56:950][  0]LogUObjectArray: CloseDisregardForGC: 0/0 objects in disregard for GC pool
[2016.12.20-03.13.56:952][  0]LogInit: WinSock: version 1.1 (2.2), MaxSocks=32767, MaxUdp=65467
[2016.12.20-03.13.57:076][  0]LogSlate: SlateFontCache - WITH_FREETYPE: 1, WITH_HARFBUZZ: 1
[2016.12.20-03.13.57:076][  0]LogSlate: SlateFontCache - WITH_FREETYPE: 1, WITH_HARFBUZZ: 1
[2016.12.20-03.13.57:535][  0]LogSubstanceCoreModule: Substance CPU Engine Loaded, Max Texture Size 2048
[2016.12.20-03.13.57:540][  0]LogTcpMessaging: Initializing TcpMessaging bridge
[2016.12.20-03.13.57:554][  0]LogUdpMessaging: Initializing bridge on interface 0.0.0.0:0 to multicast group 230.0.0.1:6666.
[2016.12.20-03.13.57:712][  0]SourceControl: Info Source control is disabled
[2016.12.20-03.13.57:738][  0]SourceControl: Info Source control is disabled
[2016.12.20-03.13.57:741][  0]SourceControl: Info Source control is disabled
[2016.12.20-03.13.57:745][  0]SourceControl: Info Source control is disabled
[2016.12.20-03.13.57:897][  0]LogEngine: Initializing Engine...
[2016.12.20-03.13.57:898][  0]LogHMD: Oculus plugin initialized. Version: 4.13.1-3142249+++UE4+Release-4.13, LibOVR: 1.10.2, SDK: 1.6.0, built Sep 28 2016, 02:14:12
[2016.12.20-03.13.57:990][  0]OCULUS: Debug: [HMDState] Using default profile default
[2016.12.20-03.13.57:990][  0]OCULUS: Info: IAD changed to 65.3mm
[2016.12.20-03.13.57:995][  0]LogAIModule: Creating AISystem for world Untitled
[2016.12.20-03.13.58:007][  0]LogInit: XAudio2 using 'Speakers (Realtek High Definition Audio)' : 8 channels at 48 kHz using 32 bits per sample (channel mask 0x63f)
[2016.12.20-03.13.58:037][  0]LogInit: FAudioDevice initialized.
[2016.12.20-03.13.58:059][  0]LogDerivedDataCache: Saved boot cache 0.02s 62MB C:/Users/Admin/AppData/Local/UnrealEngine/4.13/DerivedDataCache/Boot.ddc.
[2016.12.20-03.13.58:065][  0]LogInit: Texture streaming: Enabled
[2016.12.20-03.13.58:079][  0]LogInit: Transaction tracking system initialized
[2016.12.20-03.13.58:088][  0]BlueprintLog: New page: Editor Load
[2016.12.20-03.13.58:122][  0]LocalizationService: Info Localization service is disabled
[2016.12.20-03.13.58:165][  0]LogConsoleResponse:Display: 
[2016.12.20-03.13.58:238][  0]LogCook:Display: Max memory allowance for cook 16384mb min free memory 0mb
[2016.12.20-03.13.58:238][  0]LogCook:Display: Mobile HDR setting 1
[2016.12.20-03.13.58:309][  0]LogFileCache: Scanning file cache for directory 'D:/Admin/Documents/GitHub Repositories/EclypseUE4/ProjectEclypse/Content/' took 0.01s
[2016.12.20-03.13.58:309][  0]SourceControl: Info Source control is disabled
[2016.12.20-03.13.58:309][  0]Cmd: MAP LOAD FILE="../../../../../../Admin/Documents/GitHub Repositories/EclypseUE4/ProjectEclypse/Content/Maps/EclypseVillage.umap" TEMPLATE=0 SHOWPROGRESS=1 FEATURELEVEL=3
[2016.12.20-03.13.58:310][  0]LightingResults: New page: Lighting Build
[2016.12.20-03.13.58:311][  0]MapCheck: New page: Map Check
[2016.12.20-03.13.58:311][  0]LightingResults: New page: Lighting Build
[2016.12.20-03.13.59:980][  0]LogAIModule: Creating AISystem for world EclypseVillage
[2016.12.20-03.14.00:048][  0]LogEditorServer: Finished looking for orphan Actors (0.000 secs)
[2016.12.20-03.14.00:048][  0]Cmd: MAP CHECKDEP NOCLEARLOG
[2016.12.20-03.14.00:090][  0]MapCheck: Info Map check complete: 0 Error(s), 0 Warning(s), took 41.005ms to complete.
[2016.12.20-03.14.00:090][  0]LogFileHelpers: Loading map 'EclypseVillage' took 1.780
[2016.12.20-03.14.00:177][  0]LogCollectionManager: Loaded 0 collections in 0.000645 seconds
[2016.12.20-03.14.00:213][  0]LogFileCache: Scanning file cache for directory 'D:/Admin/Documents/GitHub Repositories/EclypseUE4/ProjectEclypse/Saved/Collections/' took 0.01s
[2016.12.20-03.14.00:213][  0]LogFileCache: Scanning file cache for directory 'D:/Admin/Documents/GitHub Repositories/EclypseUE4/ProjectEclypse/Content/Developers/StefanoAdmin/Collections/' took 0.01s
[2016.12.20-03.14.00:213][  0]LogFileCache: Scanning file cache for directory 'D:/Admin/Documents/GitHub Repositories/EclypseUE4/ProjectEclypse/Content/Collections/' took 0.01s
[2016.12.20-03.14.00:214][  0]LogCollectionManager: Rebuilt the GUID cache for 0 collections in 0.000002 seconds
[2016.12.20-03.14.00:220][  0]LogContentBrowser: Native class hierarchy populated in 0.0069 seconds. Added 2156 classes and 421 folders.
[2016.12.20-03.14.00:222][  0]LogStats: UGameplayTagsManager::ConstructGameplayTagTree: Construct from data asset -  0.000 s
[2016.12.20-03.14.00:222][  0]LogStats: UGameplayTagsManager::ConstructGameplayTagTree: GameplayTagTreeChangedEvent.Broadcast -  0.000 s
[2016.12.20-03.14.00:223][  0]LogContentBrowser: Native class hierarchy updated for 'GameplayTags' in 0.0004 seconds. Added 12 classes and 0 folders.
[2016.12.20-03.14.00:225][  0]LogContentBrowser: Native class hierarchy updated for 'WidgetCarousel' in 0.0003 seconds. Added 0 classes and 0 folders.
[2016.12.20-03.14.00:249][  0]LogContentBrowser: Native class hierarchy updated for 'AddContentDialog' in 0.0003 seconds. Added 0 classes and 0 folders.
[2016.12.20-03.14.00:252][  0]LogContentBrowser: Native class hierarchy updated for 'SceneOutliner' in 0.0003 seconds. Added 1 classes and 2 folders.
[2016.12.20-03.14.00:303][  0]LogCrashTracker: Crashtracker disabled due to settings.
[2016.12.20-03.14.00:307][  0]LogUObjectGlobals:Warning: Failed to find object 'Class None.'
[2016.12.20-03.14.00:332][  0]LogContentBrowser: Native class hierarchy updated for 'HierarchicalLODOutliner' in 0.0003 seconds. Added 1 classes and 2 folders.
[2016.12.20-03.14.00:332][  0]LogLoad: (Engine Initialization) Total time: 7.03 seconds
[2016.12.20-03.14.00:332][  0]LogLoad: (Engine Initialization) Total Blueprint compile time: 0.51 seconds
[2016.12.20-03.14.00:332][  0]LogExternalProfiler: Found external profiler: VSPerf
[2016.12.20-03.14.00:332][  0]LogExternalProfiler: Using external profiler: VSPerf
[2016.12.20-03.14.00:340][  0]LogWindowsTextInputMethodSystem:Display: IME system now deactivated.
[2016.12.20-03.14.00:341][  0]LogOcInput: OculusInput pre-init called
[2016.12.20-03.14.00:350][  0]LogOcInput: OculusInput is initialized. Init status 0. Runtime version: 1.10.2
[2016.12.20-03.14.00:367][  0]LogContentStreaming: Texture pool size now 1000 MB
[2016.12.20-03.14.00:474][  0]LogRenderer: Reallocating scene render targets to support 1124x620 (Frame:2).
[2016.12.20-03.14.00:554][  1]LogAssetRegistry: Asset discovery search completed in 3.6502 seconds
[2016.12.20-03.14.00:554][  1]LogCollectionManager: Rebuilt the object cache for 0 collections in 0.000000 seconds (found 0 objects)
[2016.12.20-03.14.00:554][  1]LogCollectionManager: Fixed up redirectors for 0 collections in 0.000017 seconds (updated 0 objects)
[2016.12.20-03.14.08:306][316]LogSavePackage: Save=631.59ms
[2016.12.20-03.14.08:307][316]LogSavePackage: Moving '../../../../../../Admin/Documents/GitHub Repositories/EclypseUE4/ProjectEclypse/Saved/EclypseVillage41891C1F405384E15531C2B459AB779F.tmp' to '../../../../../../Admin/Documents/GitHub Repositories/EclypseUE4/ProjectEclypse/Content/Maps/EclypseVillage.umap'
[2016.12.20-03.14.08:308][316]LogSavePackage:Display: Finished SavePackage ../../../../../../Admin/Documents/GitHub Repositories/EclypseUE4/ProjectEclypse/Content/Maps/EclypseVillage.umap
[2016.12.20-03.14.18:845][909]LogContentBrowser: Native class hierarchy updated for 'BlueprintGraph' in 0.0006 seconds. Added 112 classes and 0 folders.
[2016.12.20-03.14.57:478][611]LogUObjectHash:Warning: Ambiguous search, could be CanvasPanel /Game/BP/Widgets/CouncilWidget.CouncilWidget:WidgetTree.CanvasPanel_0 or CanvasPanel /Game/BP/Widgets/ExpeditionResultsWidget.ExpeditionResultsWidget:WidgetTree.CanvasPanel_0
[2016.12.20-03.14.57:478][611]LogUObjectHash:Warning: Ambiguous search, could be CanvasPanel /Game/BP/Widgets/CouncilWidget.CouncilWidget:WidgetTree.CanvasPanel_0 or CanvasPanel /Game/BP/Widgets/FarmsteadWidget.FarmsteadWidget:WidgetTree.CanvasPanel_0
[2016.12.20-03.14.57:478][611]LogUObjectHash:Warning: Ambiguous search, could be CanvasPanel /Game/BP/Widgets/CouncilWidget.CouncilWidget:WidgetTree.CanvasPanel_0 or CanvasPanel /Game/BP/Widgets/SoothsayerWidget.SoothsayerWidget:WidgetTree.CanvasPanel_0
[2016.12.20-03.14.57:478][611]LogUObjectHash:Warning: Ambiguous search, could be CanvasPanel /Game/BP/Widgets/CouncilWidget.CouncilWidget:WidgetTree.CanvasPanel_0 or CanvasPanel /Game/BP/Widgets/MainWidget.MainWidget:WidgetTree.CanvasPanel_0
[2016.12.20-03.14.57:478][611]LogUObjectHash:Warning: Ambiguous search, could be CanvasPanel /Game/BP/Widgets/CouncilWidget.CouncilWidget:WidgetTree.CanvasPanel_0 or CanvasPanel /Game/BP/Widgets/TavernWidget.TavernWidget:WidgetTree.CanvasPanel_0
[2016.12.20-03.14.57:478][611]LogUObjectHash:Warning: Ambiguous search, could be CanvasPanel /Game/BP/Widgets/CouncilWidget.CouncilWidget:WidgetTree.CanvasPanel_0 or CanvasPanel /Game/BP/Widgets/WorkshopWidget.WorkshopWidget:WidgetTree.CanvasPanel_0
[2016.12.20-03.14.57:478][611]LogUObjectHash:Warning: Ambiguous search, could be CanvasPanel /Game/BP/Widgets/CouncilWidget.CouncilWidget:WidgetTree.CanvasPanel_0 or CanvasPanel /Game/BP/Widgets/CouncilWidget.CouncilWidget_C:WidgetTree.CanvasPanel_0
[2016.12.20-03.14.57:478][611]LogUObjectHash:Warning: Ambiguous search, could be CanvasPanel /Game/BP/Widgets/CouncilWidget.CouncilWidget:WidgetTree.CanvasPanel_0 or CanvasPanel /Game/BP/Widgets/ExpeditionResultsWidget.ExpeditionResultsWidget_C:WidgetTree.CanvasPanel_0
[2016.12.20-03.14.57:478][611]LogUObjectHash:Warning: Ambiguous search, could be CanvasPanel /Game/BP/Widgets/CouncilWidget.CouncilWidget:WidgetTree.CanvasPanel_0 or CanvasPanel /Game/BP/Widgets/FarmsteadWidget.FarmsteadWidget_C:WidgetTree.CanvasPanel_0
[2016.12.20-03.14.57:478][611]LogUObjectHash:Warning: Ambiguous search, could be CanvasPanel /Game/BP/Widgets/CouncilWidget.CouncilWidget:WidgetTree.CanvasPanel_0 or CanvasPanel /Game/BP/Widgets/SoothsayerWidget.SoothsayerWidget_C:WidgetTree.CanvasPanel_0
[2016.12.20-03.14.57:478][611]LogUObjectHash:Warning: Ambiguous search, could be CanvasPanel /Game/BP/Widgets/CouncilWidget.CouncilWidget:WidgetTree.CanvasPanel_0 or CanvasPanel /Game/BP/Widgets/MainWidget.MainWidget_C:WidgetTree.CanvasPanel_0
[2016.12.20-03.14.57:478][611]LogUObjectHash:Warning: Ambiguous search, could be CanvasPanel /Game/BP/Widgets/CouncilWidget.CouncilWidget:WidgetTree.CanvasPanel_0 or CanvasPanel /Game/BP/Widgets/MainWidget.MainWidget_C:WidgetTree.ExpeditionResultsWidget_134.WidgetTree.CanvasPanel_0
[2016.12.20-03.14.57:478][611]LogUObjectHash:Warning: Ambiguous search, could be CanvasPanel /Game/BP/Widgets/CouncilWidget.CouncilWidget:WidgetTree.CanvasPanel_0 or CanvasPanel /Game/BP/Widgets/MainWidget.MainWidget_C:WidgetTree.WorkshopWidget.WidgetTree.CanvasPanel_0
[2016.12.20-03.14.57:478][611]LogUObjectHash:Warning: Ambiguous search, could be CanvasPanel /Game/BP/Widgets/CouncilWidget.CouncilWidget:WidgetTree.CanvasPanel_0 or CanvasPanel /Game/BP/Widgets/MainWidget.MainWidget_C:WidgetTree.TavernWidget.WidgetTree.CanvasPanel_0
[2016.12.20-03.14.57:478][611]LogUObjectHash:Warning: Ambiguous search, could be CanvasPanel /Game/BP/Widgets/CouncilWidget.CouncilWidget:WidgetTree.CanvasPanel_0 or CanvasPanel /Game/BP/Widgets/MainWidget.MainWidget_C:WidgetTree.SoothsayerWidget.WidgetTree.CanvasPanel_0
[2016.12.20-03.14.57:478][611]LogUObjectHash:Warning: Ambiguous search, could be CanvasPanel /Game/BP/Widgets/CouncilWidget.CouncilWidget:WidgetTree.CanvasPanel_0 or CanvasPanel /Game/BP/Widgets/MainWidget.MainWidget_C:WidgetTree.FarmsteadWidget.WidgetTree.CanvasPanel_0
[2016.12.20-03.14.57:478][611]LogUObjectHash:Warning: Ambiguous search, could be CanvasPanel /Game/BP/Widgets/CouncilWidget.CouncilWidget:WidgetTree.CanvasPanel_0 or CanvasPanel /Game/BP/Widgets/MainWidget.MainWidget_C:WidgetTree.CouncilWidget_21.WidgetTree.CanvasPanel_0
[2016.12.20-03.14.57:478][611]LogUObjectHash:Warning: Ambiguous search, could be CanvasPanel /Game/BP/Widgets/CouncilWidget.CouncilWidget:WidgetTree.CanvasPanel_0 or CanvasPanel /Game/BP/Widgets/TavernWidget.TavernWidget_C:WidgetTree.CanvasPanel_0
[2016.12.20-03.14.57:478][611]LogUObjectHash:Warning: Ambiguous search, could be CanvasPanel /Game/BP/Widgets/CouncilWidget.CouncilWidget:WidgetTree.CanvasPanel_0 or CanvasPanel /Engine/Transient.World_1:FarmsteadWidget_C_1.WidgetTree.CanvasPanel_0
[2016.12.20-03.14.57:478][611]LogUObjectHash:Warning: Ambiguous search, could be CanvasPanel /Game/BP/Widgets/CouncilWidget.CouncilWidget:WidgetTree.CanvasPanel_0 or CanvasPanel /Game/BP/Widgets/WorkshopWidget.WorkshopWidget_C:WidgetTree.CanvasPanel_0
[2016.12.20-03.14.57:478][611]LogUObjectHash:Warning: Ambiguous search, could be CanvasPanel /Game/BP/Widgets/CouncilWidget.CouncilWidget:WidgetTree.CanvasPanel_0 or CanvasPanel /Engine/Transient.World_1:FarmsteadWidget_C_0.WidgetTree.CanvasPanel_0
[2016.12.20-03.14.57:478][611]LogUObjectHash:Warning: Ambiguous search, could be CanvasPanelSlot /Game/BP/Widgets/ExpeditionResultsWidget.ExpeditionResultsWidget:WidgetTree.CanvasPanel_0.CanvasPanelSlot_2 or CanvasPanelSlot /Game/BP/Widgets/FarmsteadWidget.FarmsteadWidget:WidgetTree.CanvasPanel_0.CanvasPanelSlot_2
[2016.12.20-03.14.57:478][611]LogUObjectHash:Warning: Ambiguous search, could be CanvasPanelSlot /Game/BP/Widgets/ExpeditionResultsWidget.ExpeditionResultsWidget:WidgetTree.CanvasPanel_0.CanvasPanelSlot_2 or CanvasPanelSlot /Game/BP/Widgets/SoothsayerWidget.SoothsayerWidget:WidgetTree.CanvasPanel_0.CanvasPanelSlot_2
[2016.12.20-03.14.57:478][611]LogUObjectHash:Warning: Ambiguous search, could be CanvasPanelSlot /Game/BP/Widgets/ExpeditionResultsWidget.ExpeditionResultsWidget:WidgetTree.CanvasPanel_0.CanvasPanelSlot_2 or CanvasPanelSlot /Game/BP/Widgets/MainWidget.MainWidget:WidgetTree.CanvasPanel_0.CanvasPanelSlot_2
[2016.12.20-03.14.57:478][611]LogUObjectHash:Warning: Ambiguous search, could be CanvasPanelSlot /Game/BP/Widgets/ExpeditionResultsWidget.ExpeditionResultsWidget:WidgetTree.CanvasPanel_0.CanvasPanelSlot_2 or CanvasPanelSlot /Game/BP/Widgets/WorkshopWidget.WorkshopWidget:WidgetTree.CanvasPanel_0.CanvasPanelSlot_2
[2016.12.20-03.14.57:478][611]LogUObjectHash:Warning: Ambiguous search, could be CanvasPanelSlot /Game/BP/Widgets/ExpeditionResultsWidget.ExpeditionResultsWidget:WidgetTree.CanvasPanel_0.CanvasPanelSlot_2 or CanvasPanelSlot /Engine/Transient.World_1:FarmsteadWidget_C_1.WidgetTree.CanvasPanel_0.CanvasPanelSlot_2
[2016.12.20-03.14.57:478][611]LogUObjectHash:Warning: Ambiguous search, could be CanvasPanelSlot /Game/BP/Widgets/ExpeditionResultsWidget.ExpeditionResultsWidget:WidgetTree.CanvasPanel_0.CanvasPanelSlot_2 or CanvasPanelSlot /Engine/Transient.World_1:FarmsteadWidget_C_0.WidgetTree.CanvasPanel_0.CanvasPanelSlot_2
[2016.12.20-03.14.57:478][611]LogUObjectHash:Warning: Ambiguous search, could be CanvasPanelSlot /Game/BP/Widgets/ExpeditionResultsWidget.ExpeditionResultsWidget:WidgetTree.CanvasPanel_0.CanvasPanelSlot_2 or CanvasPanelSlot /Game/BP/Widgets/ExpeditionResultsWidget.ExpeditionResultsWidget_C:WidgetTree.CanvasPanel_0.CanvasPanelSlot_2
[2016.12.20-03.14.57:478][611]LogUObjectHash:Warning: Ambiguous search, could be CanvasPanelSlot /Game/BP/Widgets/ExpeditionResultsWidget.ExpeditionResultsWidget:WidgetTree.CanvasPanel_0.CanvasPanelSlot_2 or CanvasPanelSlot /Game/BP/Widgets/FarmsteadWidget.FarmsteadWidget_C:WidgetTree.CanvasPanel_0.CanvasPanelSlot_2
[2016.12.20-03.14.57:478][611]LogUObjectHash:Warning: Ambiguous search, could be CanvasPanelSlot /Game/BP/Widgets/ExpeditionResultsWidget.ExpeditionResultsWidget:WidgetTree.CanvasPanel_0.CanvasPanelSlot_2 or CanvasPanelSlot /Game/BP/Widgets/SoothsayerWidget.SoothsayerWidget_C:WidgetTree.CanvasPanel_0.CanvasPanelSlot_2
[2016.12.20-03.14.57:478][611]LogUObjectHash:Warning: Ambiguous search, could be CanvasPanelSlot /Game/BP/Widgets/ExpeditionResultsWidget.ExpeditionResultsWidget:WidgetTree.CanvasPanel_0.CanvasPanelSlot_2 or CanvasPanelSlot /Game/BP/Widgets/MainWidget.MainWidget_C:WidgetTree.CanvasPanel_0.CanvasPanelSlot_2
[2016.12.20-03.14.57:478][611]LogUObjectHash:Warning: Ambiguous search, could be CanvasPanelSlot /Game/BP/Widgets/ExpeditionResultsWidget.ExpeditionResultsWidget:WidgetTree.CanvasPanel_0.CanvasPanelSlot_2 or CanvasPanelSlot /Game/BP/Widgets/MainWidget.MainWidget_C:WidgetTree.ExpeditionResultsWidget_134.WidgetTree.CanvasPanel_0.CanvasPanelSlot_2
[2016.12.20-03.14.57:478][611]LogUObjectHash:Warning: Ambiguous search, could be CanvasPanelSlot /Game/BP/Widgets/ExpeditionResultsWidget.ExpeditionResultsWidget:WidgetTree.CanvasPanel_0.CanvasPanelSlot_2 or CanvasPanelSlot /Game/BP/Widgets/MainWidget.MainWidget_C:WidgetTree.WorkshopWidget.WidgetTree.CanvasPanel_0.CanvasPanelSlot_2
[2016.12.20-03.14.57:478][611]LogUObjectHash:Warning: Ambiguous search, could be CanvasPanelSlot /Game/BP/Widgets/ExpeditionResultsWidget.ExpeditionResultsWidget:WidgetTree.CanvasPanel_0.CanvasPanelSlot_2 or CanvasPanelSlot /Game/BP/Widgets/MainWidget.MainWidget_C:WidgetTree.SoothsayerWidget.WidgetTree.CanvasPanel_0.CanvasPanelSlot_2
[2016.12.20-03.14.57:478][611]LogUObjectHash:Warning: Ambiguous search, could be CanvasPanelSlot /Game/BP/Widgets/ExpeditionResultsWidget.ExpeditionResultsWidget:WidgetTree.CanvasPanel_0.CanvasPanelSlot_2 or CanvasPanelSlot /Game/BP/Widgets/MainWidget.MainWidget_C:WidgetTree.FarmsteadWidget.WidgetTree.CanvasPanel_0.CanvasPanelSlot_2
[2016.12.20-03.14.57:478][611]LogUObjectHash:Warning: Ambiguous search, could be CanvasPanelSlot /Game/BP/Widgets/ExpeditionResultsWidget.ExpeditionResultsWidget:WidgetTree.CanvasPanel_0.CanvasPanelSlot_2 or CanvasPanelSlot /Game/BP/Widgets/WorkshopWidget.WorkshopWidget_C:WidgetTree.CanvasPanel_0.CanvasPanelSlot_2
[2016.12.20-03.14.57:478][611]LogProperty:Warning: Illegal TEXT reference to a private object in external package (CanvasPanelSlot /Game/BP/Widgets/ExpeditionResultsWidget.ExpeditionResultsWidget:WidgetTree.CanvasPanel_0.CanvasPanelSlot_2) from referencer (TextBlock /Engine/UMG/Editor/Transient.Chickensinthedan).  Import failed...
[2016.12.20-03.14.57:478][611]LogProperty:Warning: ObjectProperty /Script/UMG.Widget:Slot: unresolved reference to 'CanvasPanelSlot'CanvasPanel_0.CanvasPanelSlot_2''
[2016.12.20-03.15.33:481][897]BlueprintLog: New page: Compile FarmsteadWidget
[2016.12.20-03.15.33:655][897]BlueprintEditorCompileResults: Info The execution path doesn't end with a return node.  CastFailed
[2016.12.20-03.15.34:018][911]Cmd: OBJ SAVEPACKAGE PACKAGE="/Game/BP/Widgets/FarmsteadWidget" FILE="../../../../../../Admin/Documents/GitHub Repositories/EclypseUE4/ProjectEclypse/Content/BP/Widgets/FarmsteadWidget.uasset" SILENT=true
[2016.12.20-03.15.34:046][911]LogSavePackage: Save=23.14ms
[2016.12.20-03.15.34:046][911]LogSavePackage: Moving '../../../../../../Admin/Documents/GitHub Repositories/EclypseUE4/ProjectEclypse/Saved/FarmsteadWidget91EF2BE14B95A1E919890DAB131F4D68.tmp' to '../../../../../../Admin/Documents/GitHub Repositories/EclypseUE4/ProjectEclypse/Content/BP/Widgets/FarmsteadWidget.uasset'
[2016.12.20-03.15.34:048][911]LogSavePackage:Display: Finished SavePackage ../../../../../../Admin/Documents/GitHub Repositories/EclypseUE4/ProjectEclypse/Content/BP/Widgets/FarmsteadWidget.uasset
[2016.12.20-03.16.09:779][326]BlueprintLog: New page: Compile GameManager
[2016.12.20-03.16.10:232][338]Cmd: OBJ SAVEPACKAGE PACKAGE="/Game/BP/GameManager" FILE="../../../../../../Admin/Documents/GitHub Repositories/EclypseUE4/ProjectEclypse/Content/BP/GameManager.uasset" SILENT=true
[2016.12.20-03.16.10:274][338]LogSavePackage: Save=37.08ms
[2016.12.20-03.16.10:274][338]LogSavePackage: Moving '../../../../../../Admin/Documents/GitHub Repositories/EclypseUE4/ProjectEclypse/Saved/GameManager64BF1611492D64976C7CA69232684E30.tmp' to '../../../../../../Admin/Documents/GitHub Repositories/EclypseUE4/ProjectEclypse/Content/BP/GameManager.uasset'
[2016.12.20-03.16.10:276][338]LogSavePackage:Display: Finished SavePackage ../../../../../../Admin/Documents/GitHub Repositories/EclypseUE4/ProjectEclypse/Content/BP/GameManager.uasset
[2016.12.20-03.16.21:149][934]Cmd: OBJ SAVEPACKAGE PACKAGE="/Game/BP/GameManager" FILE="../../../../../../Admin/Documents/GitHub Repositories/EclypseUE4/ProjectEclypse/Content/BP/GameManager.uasset" SILENT=true
[2016.12.20-03.16.21:188][934]LogSavePackage: Save=36.68ms
[2016.12.20-03.16.21:188][934]LogSavePackage: Moving '../../../../../../Admin/Documents/GitHub Repositories/EclypseUE4/ProjectEclypse/Saved/GameManagerF29CFE604F02A083829130A075441842.tmp' to '../../../../../../Admin/Documents/GitHub Repositories/EclypseUE4/ProjectEclypse/Content/BP/GameManager.uasset'
[2016.12.20-03.16.21:188][934]LogSavePackage:Display: Finished SavePackage ../../../../../../Admin/Documents/GitHub Repositories/EclypseUE4/ProjectEclypse/Content/BP/GameManager.uasset
[2016.12.20-03.16.23:586][138]Cmd: OBJ SAVEPACKAGE PACKAGE="/Game/BP/GameManager" FILE="../../../../../../Admin/Documents/GitHub Repositories/EclypseUE4/ProjectEclypse/Content/BP/GameManager.uasset" SILENT=true
[2016.12.20-03.16.23:625][138]LogSavePackage: Save=36.79ms
[2016.12.20-03.16.23:625][138]LogSavePackage: Moving '../../../../../../Admin/Documents/GitHub Repositories/EclypseUE4/ProjectEclypse/Saved/GameManager0680E54F480FC8B7D1C35D8652073EC6.tmp' to '../../../../../../Admin/Documents/GitHub Repositories/EclypseUE4/ProjectEclypse/Content/BP/GameManager.uasset'
[2016.12.20-03.16.23:626][138]LogSavePackage:Display: Finished SavePackage ../../../../../../Admin/Documents/GitHub Repositories/EclypseUE4/ProjectEclypse/Content/BP/GameManager.uasset
[2016.12.20-03.16.27:387][508]Cmd: OBJ SAVEPACKAGE PACKAGE="/Game/BP/GameManager" FILE="../../../../../../Admin/Documents/GitHub Repositories/EclypseUE4/ProjectEclypse/Content/BP/GameManager.uasset" SILENT=true
[2016.12.20-03.16.27:426][508]LogSavePackage: Save=37.14ms
[2016.12.20-03.16.27:426][508]LogSavePackage: Moving '../../../../../../Admin/Documents/GitHub Repositories/EclypseUE4/ProjectEclypse/Saved/GameManagerDCF74AAD40BC2D8B2A6C709AE9158F82.tmp' to '../../../../../../Admin/Documents/GitHub Repositories/EclypseUE4/ProjectEclypse/Content/BP/GameManager.uasset'
[2016.12.20-03.16.27:427][508]LogSavePackage:Display: Finished SavePackage ../../../../../../Admin/Documents/GitHub Repositories/EclypseUE4/ProjectEclypse/Content/BP/GameManager.uasset
[2016.12.20-03.16.31:612][876]Cmd: OBJ SAVEPACKAGE PACKAGE="/Game/BP/GameManager" FILE="../../../../../../Admin/Documents/GitHub Repositories/EclypseUE4/ProjectEclypse/Content/BP/GameManager.uasset" SILENT=true
[2016.12.20-03.16.31:650][876]LogSavePackage: Save=36.67ms
[2016.12.20-03.16.31:650][876]LogSavePackage: Moving '../../../../../../Admin/Documents/GitHub Repositories/EclypseUE4/ProjectEclypse/Saved/GameManager78E0DF08411E47C8948D8AA26F3BCA58.tmp' to '../../../../../../Admin/Documents/GitHub Repositories/EclypseUE4/ProjectEclypse/Content/BP/GameManager.uasset'
[2016.12.20-03.16.31:651][876]LogSavePackage:Display: Finished SavePackage ../../../../../../Admin/Documents/GitHub Repositories/EclypseUE4/ProjectEclypse/Content/BP/GameManager.uasset
[2016.12.20-03.16.56:711][978]BlueprintLog: New page: Compile FarmsteadWidget
[2016.12.20-03.16.56:947][978]BlueprintEditorCompileResults: Info The execution path doesn't end with a return node.  CastFailed
[2016.12.20-03.16.57:298][990]Cmd: OBJ SAVEPACKAGE PACKAGE="/Game/BP/Widgets/FarmsteadWidget" FILE="../../../../../../Admin/Documents/GitHub Repositories/EclypseUE4/ProjectEclypse/Content/BP/Widgets/FarmsteadWidget.uasset" SILENT=true
[2016.12.20-03.16.57:323][990]LogSavePackage: Save=22.94ms
[2016.12.20-03.16.57:323][990]LogSavePackage: Moving '../../../../../../Admin/Documents/GitHub Repositories/EclypseUE4/ProjectEclypse/Saved/FarmsteadWidget20A241264ECBE7AF9C2299AE1EB1182F.tmp' to '../../../../../../Admin/Documents/GitHub Repositories/EclypseUE4/ProjectEclypse/Content/BP/Widgets/FarmsteadWidget.uasset'
[2016.12.20-03.16.57:325][990]LogSavePackage:Display: Finished SavePackage ../../../../../../Admin/Documents/GitHub Repositories/EclypseUE4/ProjectEclypse/Content/BP/Widgets/FarmsteadWidget.uasset
[2016.12.20-03.17.09:652][792]BlueprintLog: New page: Compile FarmsteadWidget
[2016.12.20-03.17.09:857][792]BlueprintEditorCompileResults: Info The execution path doesn't end with a return node.  CastFailed
[2016.12.20-03.17.10:176][808]Cmd: OBJ SAVEPACKAGE PACKAGE="/Game/BP/Widgets/FarmsteadWidget" FILE="../../../../../../Admin/Documents/GitHub Repositories/EclypseUE4/ProjectEclypse/Content/BP/Widgets/FarmsteadWidget.uasset" SILENT=true
[2016.12.20-03.17.10:202][808]LogSavePackage: Save=23.90ms
[2016.12.20-03.17.10:202][808]LogSavePackage: Moving '../../../../../../Admin/Documents/GitHub Repositories/EclypseUE4/ProjectEclypse/Saved/FarmsteadWidget39134EAF4767E70DAC75DD8C1F6B0B2B.tmp' to '../../../../../../Admin/Documents/GitHub Repositories/EclypseUE4/ProjectEclypse/Content/BP/Widgets/FarmsteadWidget.uasset'
[2016.12.20-03.17.10:203][808]LogSavePackage:Display: Finished SavePackage ../../../../../../Admin/Documents/GitHub Repositories/EclypseUE4/ProjectEclypse/Content/BP/Widgets/FarmsteadWidget.uasset
[2016.12.20-03.17.37:246][181]BlueprintLog: New page: Compile FarmsteadWidget
[2016.12.20-03.17.37:464][181]BlueprintEditorCompileResults: Info The execution path doesn't end with a return node.  CastFailed
[2016.12.20-03.17.37:815][194]Cmd: OBJ SAVEPACKAGE PACKAGE="/Game/BP/Widgets/FarmsteadWidget" FILE="../../../../../../Admin/Documents/GitHub Repositories/EclypseUE4/ProjectEclypse/Content/BP/Widgets/FarmsteadWidget.uasset" SILENT=true
[2016.12.20-03.17.37:843][194]LogSavePackage: Save=25.82ms
[2016.12.20-03.17.37:843][194]LogSavePackage: Moving '../../../../../../Admin/Documents/GitHub Repositories/EclypseUE4/ProjectEclypse/Saved/FarmsteadWidget392504E24CDEBA7456A8E4B782A653E7.tmp' to '../../../../../../Admin/Documents/GitHub Repositories/EclypseUE4/ProjectEclypse/Content/BP/Widgets/FarmsteadWidget.uasset'
[2016.12.20-03.17.37:845][194]LogSavePackage:Display: Finished SavePackage ../../../../../../Admin/Documents/GitHub Repositories/EclypseUE4/ProjectEclypse/Content/BP/Widgets/FarmsteadWidget.uasset
[2016.12.20-03.18.19:158][235]BlueprintLog: New page: Compile FarmsteadWidget
[2016.12.20-03.18.19:363][235]BlueprintEditorCompileResults: Info The execution path doesn't end with a return node.  CastFailed
[2016.12.20-03.18.19:591][243]Cmd: OBJ SAVEPACKAGE PACKAGE="/Game/BP/Widgets/FarmsteadWidget" FILE="../../../../../../Admin/Documents/GitHub Repositories/EclypseUE4/ProjectEclypse/Content/BP/Widgets/FarmsteadWidget.uasset" SILENT=true
[2016.12.20-03.18.19:618][243]LogSavePackage: Save=25.20ms
[2016.12.20-03.18.19:618][243]LogSavePackage: Moving '../../../../../../Admin/Documents/GitHub Repositories/EclypseUE4/ProjectEclypse/Saved/FarmsteadWidget3698005C40326574BCC0459584C394DD.tmp' to '../../../../../../Admin/Documents/GitHub Repositories/EclypseUE4/ProjectEclypse/Content/BP/Widgets/FarmsteadWidget.uasset'
[2016.12.20-03.18.19:620][243]LogSavePackage:Display: Finished SavePackage ../../../../../../Admin/Documents/GitHub Repositories/EclypseUE4/ProjectEclypse/Content/BP/Widgets/FarmsteadWidget.uasset
[2016.12.20-03.18.20:288][295]LogBlueprintUserMessages: Early PlayInEditor Detection: Level '/Game/Maps/EclypseVillage.EclypseVillage:PersistentLevel' has LevelScriptBlueprint '/Game/Maps/EclypseVillage.EclypseVillage:PersistentLevel.EclypseVillage' with GeneratedClass '/Game/Maps/EclypseVillage.EclypseVillage_C' with ClassGeneratedBy '/Game/Maps/EclypseVillage.EclypseVillage:PersistentLevel.EclypseVillage'
[2016.12.20-03.18.20:288][295]LogPlayLevel: PlayLevel: No blueprints needed recompiling
[2016.12.20-03.18.20:288][295]OCULUS: Debug: [HMDState] Using default profile default
[2016.12.20-03.18.20:288][295]OCULUS: Info: IAD changed to 65.3mm
[2016.12.20-03.18.20:288][295]LogHMD: New ovr session is created
[2016.12.20-03.18.20:288][295]LogHMD: HMD Oculus Rift CV1, res = 2160 x 1200
[2016.12.20-03.18.20:289][295]PIE: New page: PIE session: EclypseVillage (21 Dec 2016 12:18:20 am)
[2016.12.20-03.18.20:289][295]LogPlayLevel: Creating play world package: /Game/Maps/UEDPIE_0_EclypseVillage
[2016.12.20-03.18.20:310][295]LogPlayLevel: PIE: StaticDuplicateObject took: (0.021215s)
[2016.12.20-03.18.20:311][295]LogAIModule: Creating AISystem for world EclypseVillage
[2016.12.20-03.18.20:311][295]LogPlayLevel: PIE: World Init took: (0.000569s)
[2016.12.20-03.18.20:311][295]LogPlayLevel: PIE: Created PIE world by copying editor world from /Game/Maps/EclypseVillage.EclypseVillage to /Game/Maps/UEDPIE_0_EclypseVillage.EclypseVillage (0.021991s)
[2016.12.20-03.18.20:332][295]OCULUS: Error: Prediction interval too high: 198.339485 s, clamping at 0.100000 s
[2016.12.20-03.18.20:332][295]LogInit: XAudio2 using 'Speakers (Realtek High Definition Audio)' : 8 channels at 48 kHz using 32 bits per sample (channel mask 0x63f)
[2016.12.20-03.18.20:361][295]LogInit: FAudioDevice initialized.
[2016.12.20-03.18.20:406][295]LogWorld: Game class is 'GameManager_C'
[2016.12.20-03.18.20:418][295]LogWorld: Bringing World /Game/Maps/UEDPIE_0_EclypseVillage.EclypseVillage up for play (max tick rate 0) at 2016.12.20-14.18.20
[2016.12.20-03.18.20:419][295]LogWorld: Bringing up level for play took: 0.012434
[2016.12.20-03.18.20:422][295]LogContentBrowser: Native class hierarchy updated for 'MovieSceneCapture' in 0.0004 seconds. Added 11 classes and 0 folders.
[2016.12.20-03.18.20:422][295]LogGameMode:Display: Match State Changed from EnteringMap to WaitingToStart
[2016.12.20-03.18.20:422][295]LogGameState: Match State Changed from EnteringMap to WaitingToStart
[2016.12.20-03.18.20:422][295]LogGameMode:Display: Match State Changed from WaitingToStart to InProgress
[2016.12.20-03.18.20:428][295]LogGameState: Match State Changed from WaitingToStart to InProgress
[2016.12.20-03.18.20:430][295]PIE: Info Play in editor start time for /Game/Maps/UEDPIE_0_EclypseVillage 0.316
[2016.12.20-03.18.20:430][295]LogBlueprintUserMessages: Late PlayInEditor Detection: Level '/Game/Maps/EclypseVillage.EclypseVillage:PersistentLevel' has LevelScriptBlueprint '/Game/Maps/EclypseVillage.EclypseVillage:PersistentLevel.EclypseVillage' with GeneratedClass '/Game/Maps/EclypseVillage.EclypseVillage_C' with ClassGeneratedBy '/Game/Maps/EclypseVillage.EclypseVillage:PersistentLevel.EclypseVillage'
[2016.12.20-03.18.20:455][295]LogRenderer: Reallocating scene render targets to support 1292x756 (Frame:141).
[2016.12.20-03.18.29:079][606]LogBlueprintUserMessages: Early EndPlayMap Detection: Level '/Game/Maps/EclypseVillage.EclypseVillage:PersistentLevel' has LevelScriptBlueprint '/Game/Maps/EclypseVillage.EclypseVillage:PersistentLevel.EclypseVillage' with GeneratedClass '/Game/Maps/EclypseVillage.EclypseVillage_C' with ClassGeneratedBy '/Game/Maps/EclypseVillage.EclypseVillage:PersistentLevel.EclypseVillage'
[2016.12.20-03.18.29:110][606]LogHMD: Destroying ovr session
[2016.12.20-03.18.29:156][606]LogBlueprintUserMessages: Late EndPlayMap Detection: Level '/Game/Maps/EclypseVillage.EclypseVillage:PersistentLevel' has LevelScriptBlueprint '/Game/Maps/EclypseVillage.EclypseVillage:PersistentLevel.EclypseVillage' with GeneratedClass '/Game/Maps/EclypseVillage.EclypseVillage_C' with ClassGeneratedBy '/Game/Maps/EclypseVillage.EclypseVillage:PersistentLevel.EclypseVillage'
[2016.12.20-03.18.43:905][537]Cmd: OBJ SAVEPACKAGE PACKAGE="/Game/BP/Widgets/FarmsteadWidget" FILE="../../../../../../Admin/Documents/GitHub Repositories/EclypseUE4/ProjectEclypse/Content/BP/Widgets/FarmsteadWidget.uasset" SILENT=true
[2016.12.20-03.18.43:932][537]LogSavePackage: Save=24.99ms
[2016.12.20-03.18.43:932][537]LogSavePackage: Moving '../../../../../../Admin/Documents/GitHub Repositories/EclypseUE4/ProjectEclypse/Saved/FarmsteadWidgetC2008AB446D2BCBC0886019B579048D1.tmp' to '../../../../../../Admin/Documents/GitHub Repositories/EclypseUE4/ProjectEclypse/Content/BP/Widgets/FarmsteadWidget.uasset'
[2016.12.20-03.18.43:932][537]LogSavePackage:Display: Finished SavePackage ../../../../../../Admin/Documents/GitHub Repositories/EclypseUE4/ProjectEclypse/Content/BP/Widgets/FarmsteadWidget.uasset
[2016.12.20-03.18.45:941][741]LogBlueprintUserMessages: Early PlayInEditor Detection: Level '/Game/Maps/EclypseVillage.EclypseVillage:PersistentLevel' has LevelScriptBlueprint '/Game/Maps/EclypseVillage.EclypseVillage:PersistentLevel.EclypseVillage' with GeneratedClass '/Game/Maps/EclypseVillage.EclypseVillage_C' with ClassGeneratedBy '/Game/Maps/EclypseVillage.EclypseVillage:PersistentLevel.EclypseVillage'
[2016.12.20-03.18.45:941][741]LogPlayLevel: PlayLevel: No blueprints needed recompiling
[2016.12.20-03.18.45:942][741]OCULUS: Debug: [HMDState] Using default profile default
[2016.12.20-03.18.45:942][741]OCULUS: Info: IAD changed to 65.3mm
[2016.12.20-03.18.45:942][741]LogHMD: New ovr session is created
[2016.12.20-03.18.45:948][741]LogHMD: HMD Oculus Rift CV1, res = 2160 x 1200
[2016.12.20-03.18.45:948][741]PIE: New page: PIE session: EclypseVillage (21 Dec 2016 12:18:45 am)
[2016.12.20-03.18.45:948][741]LogPlayLevel: Creating play world package: /Game/Maps/UEDPIE_0_EclypseVillage
[2016.12.20-03.18.45:969][741]LogPlayLevel: PIE: StaticDuplicateObject took: (0.021078s)
[2016.12.20-03.18.45:969][741]LogAIModule: Creating AISystem for world EclypseVillage
[2016.12.20-03.18.45:969][741]LogPlayLevel: PIE: World Init took: (0.000555s)
[2016.12.20-03.18.45:970][741]LogPlayLevel: PIE: Created PIE world by copying editor world from /Game/Maps/EclypseVillage.EclypseVillage to /Game/Maps/UEDPIE_0_EclypseVillage.EclypseVillage (0.021828s)
[2016.12.20-03.18.45:989][741]LogInit: XAudio2 using 'Speakers (Realtek High Definition Audio)' : 8 channels at 48 kHz using 32 bits per sample (channel mask 0x63f)
[2016.12.20-03.18.46:018][741]LogInit: FAudioDevice initialized.
[2016.12.20-03.18.46:049][741]LogWorld: Game class is 'GameManager_C'
[2016.12.20-03.18.46:061][741]LogWorld: Bringing World /Game/Maps/UEDPIE_0_EclypseVillage.EclypseVillage up for play (max tick rate 0) at 2016.12.20-14.18.46
[2016.12.20-03.18.46:061][741]LogWorld: Bringing up level for play took: 0.011513
[2016.12.20-03.18.46:062][741]LogGameMode:Display: Match State Changed from EnteringMap to WaitingToStart
[2016.12.20-03.18.46:062][741]LogGameState: Match State Changed from EnteringMap to WaitingToStart
[2016.12.20-03.18.46:062][741]LogGameMode:Display: Match State Changed from WaitingToStart to InProgress
[2016.12.20-03.18.46:068][741]LogGameState: Match State Changed from WaitingToStart to InProgress
[2016.12.20-03.18.46:069][741]PIE: Info Play in editor start time for /Game/Maps/UEDPIE_0_EclypseVillage -0.045
[2016.12.20-03.18.46:069][741]LogBlueprintUserMessages: Late PlayInEditor Detection: Level '/Game/Maps/EclypseVillage.EclypseVillage:PersistentLevel' has LevelScriptBlueprint '/Game/Maps/EclypseVillage.EclypseVillage:PersistentLevel.EclypseVillage' with GeneratedClass '/Game/Maps/EclypseVillage.EclypseVillage_C' with ClassGeneratedBy '/Game/Maps/EclypseVillage.EclypseVillage:PersistentLevel.EclypseVillage'
[2016.12.20-03.18.51:601][939]LogBlueprintUserMessages: Early EndPlayMap Detection: Level '/Game/Maps/EclypseVillage.EclypseVillage:PersistentLevel' has LevelScriptBlueprint '/Game/Maps/EclypseVillage.EclypseVillage:PersistentLevel.EclypseVillage' with GeneratedClass '/Game/Maps/EclypseVillage.EclypseVillage_C' with ClassGeneratedBy '/Game/Maps/EclypseVillage.EclypseVillage:PersistentLevel.EclypseVillage'
[2016.12.20-03.18.51:635][939]LogHMD: Destroying ovr session
[2016.12.20-03.18.51:677][939]LogBlueprintUserMessages: Late EndPlayMap Detection: Level '/Game/Maps/EclypseVillage.EclypseVillage:PersistentLevel' has LevelScriptBlueprint '/Game/Maps/EclypseVillage.EclypseVillage:PersistentLevel.EclypseVillage' with GeneratedClass '/Game/Maps/EclypseVillage.EclypseVillage_C' with ClassGeneratedBy '/Game/Maps/EclypseVillage.EclypseVillage:PersistentLevel.EclypseVillage'
[2016.12.20-03.19.37:099][322]BlueprintLog: New page: Compile FarmsteadWidget
[2016.12.20-03.19.37:217][322]BlueprintEditorCompileResults: Info The execution path doesn't end with a return node.  CastFailed
[2016.12.20-03.19.52:399][259]Cmd: OBJ SAVEPACKAGE PACKAGE="/Game/BP/Widgets/FarmsteadWidget" FILE="../../../../../../Admin/Documents/GitHub Repositories/EclypseUE4/ProjectEclypse/Content/BP/Widgets/FarmsteadWidget.uasset" SILENT=true
[2016.12.20-03.19.52:426][259]LogSavePackage: Save=24.95ms
[2016.12.20-03.19.52:426][259]LogSavePackage: Moving '../../../../../../Admin/Documents/GitHub Repositories/EclypseUE4/ProjectEclypse/Saved/FarmsteadWidget11CA0DB84244560868ED88B0C76941BE.tmp' to '../../../../../../Admin/Documents/GitHub Repositories/EclypseUE4/ProjectEclypse/Content/BP/Widgets/FarmsteadWidget.uasset'
[2016.12.20-03.19.52:428][259]LogSavePackage:Display: Finished SavePackage ../../../../../../Admin/Documents/GitHub Repositories/EclypseUE4/ProjectEclypse/Content/BP/Widgets/FarmsteadWidget.uasset
[2016.12.20-03.19.53:044][289]LogBlueprintUserMessages: Early PlayInEditor Detection: Level '/Game/Maps/EclypseVillage.EclypseVillage:PersistentLevel' has LevelScriptBlueprint '/Game/Maps/EclypseVillage.EclypseVillage:PersistentLevel.EclypseVillage' with GeneratedClass '/Game/Maps/EclypseVillage.EclypseVillage_C' with ClassGeneratedBy '/Game/Maps/EclypseVillage.EclypseVillage:PersistentLevel.EclypseVillage'
[2016.12.20-03.19.53:044][289]LogPlayLevel: PlayLevel: No blueprints needed recompiling
[2016.12.20-03.19.53:045][289]OCULUS: Debug: [HMDState] Using default profile default
[2016.12.20-03.19.53:045][289]OCULUS: Info: IAD changed to 65.3mm
[2016.12.20-03.19.53:045][289]LogHMD: New ovr session is created
[2016.12.20-03.19.53:045][289]LogHMD: HMD Oculus Rift CV1, res = 2160 x 1200
[2016.12.20-03.19.53:045][289]PIE: New page: PIE session: EclypseVillage (21 Dec 2016 12:19:53 am)
[2016.12.20-03.19.53:045][289]LogPlayLevel: Creating play world package: /Game/Maps/UEDPIE_0_EclypseVillage
[2016.12.20-03.19.53:066][289]LogPlayLevel: PIE: StaticDuplicateObject took: (0.021144s)
[2016.12.20-03.19.53:066][289]LogAIModule: Creating AISystem for world EclypseVillage
[2016.12.20-03.19.53:067][289]LogPlayLevel: PIE: World Init took: (0.000523s)
[2016.12.20-03.19.53:067][289]LogPlayLevel: PIE: Created PIE world by copying editor world from /Game/Maps/EclypseVillage.EclypseVillage to /Game/Maps/UEDPIE_0_EclypseVillage.EclypseVillage (0.021860s)
[2016.12.20-03.19.53:087][289]LogInit: XAudio2 using 'Speakers (Realtek High Definition Audio)' : 8 channels at 48 kHz using 32 bits per sample (channel mask 0x63f)
[2016.12.20-03.19.53:118][289]LogInit: FAudioDevice initialized.
[2016.12.20-03.19.53:149][289]LogWorld: Game class is 'GameManager_C'
[2016.12.20-03.19.53:161][289]LogWorld: Bringing World /Game/Maps/UEDPIE_0_EclypseVillage.EclypseVillage up for play (max tick rate 0) at 2016.12.20-14.19.53
[2016.12.20-03.19.53:162][289]LogWorld: Bringing up level for play took: 0.012120
[2016.12.20-03.19.53:162][289]LogGameMode:Display: Match State Changed from EnteringMap to WaitingToStart
[2016.12.20-03.19.53:162][289]LogGameState: Match State Changed from EnteringMap to WaitingToStart
[2016.12.20-03.19.53:162][289]LogGameMode:Display: Match State Changed from WaitingToStart to InProgress
[2016.12.20-03.19.53:168][289]LogGameState: Match State Changed from WaitingToStart to InProgress
[2016.12.20-03.19.53:169][289]PIE: Info Play in editor start time for /Game/Maps/UEDPIE_0_EclypseVillage 1.055
[2016.12.20-03.19.53:169][289]LogBlueprintUserMessages: Late PlayInEditor Detection: Level '/Game/Maps/EclypseVillage.EclypseVillage:PersistentLevel' has LevelScriptBlueprint '/Game/Maps/EclypseVillage.EclypseVillage:PersistentLevel.EclypseVillage' with GeneratedClass '/Game/Maps/EclypseVillage.EclypseVillage_C' with ClassGeneratedBy '/Game/Maps/EclypseVillage.EclypseVillage:PersistentLevel.EclypseVillage'
[2016.12.20-03.20.00:234][551]LogBlueprintUserMessages: Early EndPlayMap Detection: Level '/Game/Maps/EclypseVillage.EclypseVillage:PersistentLevel' has LevelScriptBlueprint '/Game/Maps/EclypseVillage.EclypseVillage:PersistentLevel.EclypseVillage' with GeneratedClass '/Game/Maps/EclypseVillage.EclypseVillage_C' with ClassGeneratedBy '/Game/Maps/EclypseVillage.EclypseVillage:PersistentLevel.EclypseVillage'
[2016.12.20-03.20.00:234][551]LogHMD: Destroying ovr session
[2016.12.20-03.20.00:264][551]LogBlueprintUserMessages: Late EndPlayMap Detection: Level '/Game/Maps/EclypseVillage.EclypseVillage:PersistentLevel' has LevelScriptBlueprint '/Game/Maps/EclypseVillage.EclypseVillage:PersistentLevel.EclypseVillage' with GeneratedClass '/Game/Maps/EclypseVillage.EclypseVillage_C' with ClassGeneratedBy '/Game/Maps/EclypseVillage.EclypseVillage:PersistentLevel.EclypseVillage'
[2016.12.20-03.20.11:568][646]Cmd: OBJ SAVEPACKAGE PACKAGE="/Game/BP/Widgets/FarmsteadWidget" FILE="../../../../../../Admin/Documents/GitHub Repositories/EclypseUE4/ProjectEclypse/Content/BP/Widgets/FarmsteadWidget.uasset" SILENT=true
[2016.12.20-03.20.11:595][646]LogSavePackage: Save=25.01ms
[2016.12.20-03.20.11:595][646]LogSavePackage: Moving '../../../../../../Admin/Documents/GitHub Repositories/EclypseUE4/ProjectEclypse/Saved/FarmsteadWidget3953FC8443E9F6BAE3C33CB7608EFBF3.tmp' to '../../../../../../Admin/Documents/GitHub Repositories/EclypseUE4/ProjectEclypse/Content/BP/Widgets/FarmsteadWidget.uasset'
[2016.12.20-03.20.11:596][646]LogSavePackage:Display: Finished SavePackage ../../../../../../Admin/Documents/GitHub Repositories/EclypseUE4/ProjectEclypse/Content/BP/Widgets/FarmsteadWidget.uasset
[2016.12.20-03.20.20:980][557]Cmd: OBJ SAVEPACKAGE PACKAGE="/Game/BP/Widgets/FarmsteadWidget" FILE="../../../../../../Admin/Documents/GitHub Repositories/EclypseUE4/ProjectEclypse/Content/BP/Widgets/FarmsteadWidget.uasset" SILENT=true
[2016.12.20-03.20.21:007][557]LogSavePackage: Save=25.30ms
[2016.12.20-03.20.21:007][557]LogSavePackage: Moving '../../../../../../Admin/Documents/GitHub Repositories/EclypseUE4/ProjectEclypse/Saved/FarmsteadWidget25EA76FD443AE7BE27A36CB5470D41FB.tmp' to '../../../../../../Admin/Documents/GitHub Repositories/EclypseUE4/ProjectEclypse/Content/BP/Widgets/FarmsteadWidget.uasset'
[2016.12.20-03.20.21:008][557]LogSavePackage:Display: Finished SavePackage ../../../../../../Admin/Documents/GitHub Repositories/EclypseUE4/ProjectEclypse/Content/BP/Widgets/FarmsteadWidget.uasset
[2016.12.20-03.20.38:987][398]BlueprintLog: New page: Compile FarmsteadWidget
[2016.12.20-03.20.39:016][398]LogBlueprint:Error: [Compiler FarmsteadWidget] Error Could not find a function named "Get Chickens from Manager" in 'FarmsteadWidget_C'.
Make sure 'FarmsteadWidget_C' has been compiled for  K2Node_CallFunction_187
[2016.12.20-03.20.39:016][398]LogBlueprint:Error: [Compiler FarmsteadWidget] Error Could not find a function named "Get Chickens from Manager" in 'FarmsteadWidget_C'.
Make sure 'FarmsteadWidget_C' has been compiled for  K2Node_CallFunction_208
[2016.12.20-03.20.39:252][398]BlueprintEditorCompileResults:Error: Error Could not find a function named "Get Chickens from Manager" in 'FarmsteadWidget_C'.
Make sure 'FarmsteadWidget_C' has been compiled for  K2Node_CallFunction_187
[2016.12.20-03.20.39:252][398]BlueprintEditorCompileResults:Error: Error Could not find a function named "Get Chickens from Manager" in 'FarmsteadWidget_C'.
Make sure 'FarmsteadWidget_C' has been compiled for  K2Node_CallFunction_208
[2016.12.20-03.20.39:252][398]BlueprintEditorCompileResults: Info The execution path doesn't end with a return node.  CastFailed
[2016.12.20-03.20.39:252][398]LogBlueprint:Warning: [Compiler FarmsteadWidget] Warning [0405.95] Compile of FarmsteadWidget failed. 2 Fatal Issue(s) 0 Warning(s) [in 265 ms] (/Game/BP/Widgets/FarmsteadWidget.FarmsteadWidget)
[2016.12.20-03.20.39:371][401]Cmd: OBJ SAVEPACKAGE PACKAGE="/Game/BP/Widgets/FarmsteadWidget" FILE="../../../../../../Admin/Documents/GitHub Repositories/EclypseUE4/ProjectEclypse/Content/BP/Widgets/FarmsteadWidget.uasset" SILENT=true
[2016.12.20-03.20.39:399][401]LogSavePackage: Save=22.61ms
[2016.12.20-03.20.39:399][401]LogSavePackage: Moving '../../../../../../Admin/Documents/GitHub Repositories/EclypseUE4/ProjectEclypse/Saved/FarmsteadWidgetE7027FC24C9F707B59E592BDC6E1050B.tmp' to '../../../../../../Admin/Documents/GitHub Repositories/EclypseUE4/ProjectEclypse/Content/BP/Widgets/FarmsteadWidget.uasset'
[2016.12.20-03.20.39:401][401]LogSavePackage:Display: Finished SavePackage ../../../../../../Admin/Documents/GitHub Repositories/EclypseUE4/ProjectEclypse/Content/BP/Widgets/FarmsteadWidget.uasset
[2016.12.20-03.20.43:752][772]BlueprintLog: New page: Compile FarmsteadWidget
[2016.12.20-03.20.43:780][772]LogBlueprint:Error: [Compiler FarmsteadWidget] Error Could not find a function named "Get Chickens from Manager" in 'FarmsteadWidget_C'.
Make sure 'FarmsteadWidget_C' has been compiled for  K2Node_CallFunction_208
[2016.12.20-03.20.43:921][772]BlueprintEditorCompileResults:Error: Error Could not find a function named "Get Chickens from Manager" in 'FarmsteadWidget_C'.
Make sure 'FarmsteadWidget_C' has been compiled for  K2Node_CallFunction_208
[2016.12.20-03.20.43:921][772]BlueprintEditorCompileResults: Info The execution path doesn't end with a return node.  CastFailed
[2016.12.20-03.20.43:921][772]LogBlueprint:Warning: [Compiler FarmsteadWidget] Warning [0410.62] Compile of FarmsteadWidget failed. 1 Fatal Issue(s) 0 Warning(s) [in 168 ms] (/Game/BP/Widgets/FarmsteadWidget.FarmsteadWidget)
[2016.12.20-03.20.44:324][793]Cmd: OBJ SAVEPACKAGE PACKAGE="/Game/BP/Widgets/FarmsteadWidget" FILE="../../../../../../Admin/Documents/GitHub Repositories/EclypseUE4/ProjectEclypse/Content/BP/Widgets/FarmsteadWidget.uasset" SILENT=true
[2016.12.20-03.20.44:348][793]LogSavePackage: Save=21.93ms
[2016.12.20-03.20.44:348][793]LogSavePackage: Moving '../../../../../../Admin/Documents/GitHub Repositories/EclypseUE4/ProjectEclypse/Saved/FarmsteadWidget70EDAA8940A27F2A4C7B64AFF68A59D5.tmp' to '../../../../../../Admin/Documents/GitHub Repositories/EclypseUE4/ProjectEclypse/Content/BP/Widgets/FarmsteadWidget.uasset'
[2016.12.20-03.20.44:349][793]LogSavePackage:Display: Finished SavePackage ../../../../../../Admin/Documents/GitHub Repositories/EclypseUE4/ProjectEclypse/Content/BP/Widgets/FarmsteadWidget.uasset
[2016.12.20-03.20.50:501][440]BlueprintLog: New page: Compile FarmsteadWidget
[2016.12.20-03.20.50:616][440]BlueprintEditorCompileResults: Info The execution path doesn't end with a return node.  CastFailed
[2016.12.20-03.20.51:024][458]Cmd: OBJ SAVEPACKAGE PACKAGE="/Game/BP/Widgets/FarmsteadWidget" FILE="../../../../../../Admin/Documents/GitHub Repositories/EclypseUE4/ProjectEclypse/Content/BP/Widgets/FarmsteadWidget.uasset" SILENT=true
[2016.12.20-03.20.51:049][458]LogSavePackage: Save=22.58ms
[2016.12.20-03.20.51:049][458]LogSavePackage: Moving '../../../../../../Admin/Documents/GitHub Repositories/EclypseUE4/ProjectEclypse/Saved/FarmsteadWidgetBBD38DD040C92E8F015A1CA50C123D04.tmp' to '../../../../../../Admin/Documents/GitHub Repositories/EclypseUE4/ProjectEclypse/Content/BP/Widgets/FarmsteadWidget.uasset'
[2016.12.20-03.20.51:051][458]LogSavePackage:Display: Finished SavePackage ../../../../../../Admin/Documents/GitHub Repositories/EclypseUE4/ProjectEclypse/Content/BP/Widgets/FarmsteadWidget.uasset
[2016.12.20-03.20.51:636][485]LogBlueprintUserMessages: Early PlayInEditor Detection: Level '/Game/Maps/EclypseVillage.EclypseVillage:PersistentLevel' has LevelScriptBlueprint '/Game/Maps/EclypseVillage.EclypseVillage:PersistentLevel.EclypseVillage' with GeneratedClass '/Game/Maps/EclypseVillage.EclypseVillage_C' with ClassGeneratedBy '/Game/Maps/EclypseVillage.EclypseVillage:PersistentLevel.EclypseVillage'
[2016.12.20-03.20.51:636][485]LogPlayLevel: PlayLevel: No blueprints needed recompiling
[2016.12.20-03.20.51:636][485]OCULUS: Debug: [HMDState] Using default profile default
[2016.12.20-03.20.51:636][485]OCULUS: Info: IAD changed to 65.3mm
[2016.12.20-03.20.51:636][485]LogHMD: New ovr session is created
[2016.12.20-03.20.51:640][485]LogHMD: HMD Oculus Rift CV1, res = 2160 x 1200
[2016.12.20-03.20.51:640][485]PIE: New page: PIE session: EclypseVillage (21 Dec 2016 12:20:51 am)
[2016.12.20-03.20.51:641][485]LogPlayLevel: Creating play world package: /Game/Maps/UEDPIE_0_EclypseVillage
[2016.12.20-03.20.51:662][485]LogPlayLevel: PIE: StaticDuplicateObject took: (0.021382s)
[2016.12.20-03.20.51:662][485]LogAIModule: Creating AISystem for world EclypseVillage
[2016.12.20-03.20.51:662][485]LogPlayLevel: PIE: World Init took: (0.000520s)
[2016.12.20-03.20.51:663][485]LogPlayLevel: PIE: Created PIE world by copying editor world from /Game/Maps/EclypseVillage.EclypseVillage to /Game/Maps/UEDPIE_0_EclypseVillage.EclypseVillage (0.022097s)
[2016.12.20-03.20.51:683][485]LogInit: XAudio2 using 'Speakers (Realtek High Definition Audio)' : 8 channels at 48 kHz using 32 bits per sample (channel mask 0x63f)
[2016.12.20-03.20.51:711][485]LogInit: FAudioDevice initialized.
[2016.12.20-03.20.51:743][485]LogWorld: Game class is 'GameManager_C'
[2016.12.20-03.20.51:755][485]LogWorld: Bringing World /Game/Maps/UEDPIE_0_EclypseVillage.EclypseVillage up for play (max tick rate 0) at 2016.12.20-14.20.51
[2016.12.20-03.20.51:756][485]LogWorld: Bringing up level for play took: 0.011625
[2016.12.20-03.20.51:756][485]LogGameMode:Display: Match State Changed from EnteringMap to WaitingToStart
[2016.12.20-03.20.51:756][485]LogGameState: Match State Changed from EnteringMap to WaitingToStart
[2016.12.20-03.20.51:756][485]LogGameMode:Display: Match State Changed from WaitingToStart to InProgress
[2016.12.20-03.20.51:762][485]LogGameState: Match State Changed from WaitingToStart to InProgress
[2016.12.20-03.20.51:764][485]PIE: Info Play in editor start time for /Game/Maps/UEDPIE_0_EclypseVillage -0.35
[2016.12.20-03.20.51:764][485]LogBlueprintUserMessages: Late PlayInEditor Detection: Level '/Game/Maps/EclypseVillage.EclypseVillage:PersistentLevel' has LevelScriptBlueprint '/Game/Maps/EclypseVillage.EclypseVillage:PersistentLevel.EclypseVillage' with GeneratedClass '/Game/Maps/EclypseVillage.EclypseVillage_C' with ClassGeneratedBy '/Game/Maps/EclypseVillage.EclypseVillage:PersistentLevel.EclypseVillage'
[2016.12.20-03.20.55:477][621]LogBlueprintUserMessages: Early EndPlayMap Detection: Level '/Game/Maps/EclypseVillage.EclypseVillage:PersistentLevel' has LevelScriptBlueprint '/Game/Maps/EclypseVillage.EclypseVillage:PersistentLevel.EclypseVillage' with GeneratedClass '/Game/Maps/EclypseVillage.EclypseVillage_C' with ClassGeneratedBy '/Game/Maps/EclypseVillage.EclypseVillage:PersistentLevel.EclypseVillage'
[2016.12.20-03.20.55:512][621]LogHMD: Destroying ovr session
[2016.12.20-03.20.55:558][621]LogBlueprintUserMessages: Late EndPlayMap Detection: Level '/Game/Maps/EclypseVillage.EclypseVillage:PersistentLevel' has LevelScriptBlueprint '/Game/Maps/EclypseVillage.EclypseVillage:PersistentLevel.EclypseVillage' with GeneratedClass '/Game/Maps/EclypseVillage.EclypseVillage_C' with ClassGeneratedBy '/Game/Maps/EclypseVillage.EclypseVillage:PersistentLevel.EclypseVillage'
[2016.12.20-03.20.57:011][683]Cmd: OBJ SAVEPACKAGE PACKAGE="/Game/BP/Widgets/FarmsteadWidget" FILE="../../../../../../Admin/Documents/GitHub Repositories/EclypseUE4/ProjectEclypse/Content/BP/Widgets/FarmsteadWidget.uasset" SILENT=true
[2016.12.20-03.20.57:036][683]LogSavePackage: Save=22.38ms
[2016.12.20-03.20.57:036][683]LogSavePackage: Moving '../../../../../../Admin/Documents/GitHub Repositories/EclypseUE4/ProjectEclypse/Saved/FarmsteadWidgetCA02560C444C38E494C74BBA8F234D2E.tmp' to '../../../../../../Admin/Documents/GitHub Repositories/EclypseUE4/ProjectEclypse/Content/BP/Widgets/FarmsteadWidget.uasset'
[2016.12.20-03.20.57:037][683]LogSavePackage:Display: Finished SavePackage ../../../../../../Admin/Documents/GitHub Repositories/EclypseUE4/ProjectEclypse/Content/BP/Widgets/FarmsteadWidget.uasset
[2016.12.20-03.21.24:910][809]BlueprintLog: New page: Compile FarmsteadWidget
[2016.12.20-03.21.25:027][809]BlueprintEditorCompileResults: Info The execution path doesn't end with a return node.  CastFailed
[2016.12.20-03.21.25:407][826]Cmd: OBJ SAVEPACKAGE PACKAGE="/Game/BP/Widgets/FarmsteadWidget" FILE="../../../../../../Admin/Documents/GitHub Repositories/EclypseUE4/ProjectEclypse/Content/BP/Widgets/FarmsteadWidget.uasset" SILENT=true
[2016.12.20-03.21.25:432][826]LogSavePackage: Save=22.85ms
[2016.12.20-03.21.25:432][826]LogSavePackage: Moving '../../../../../../Admin/Documents/GitHub Repositories/EclypseUE4/ProjectEclypse/Saved/FarmsteadWidgetE3F301B84592DBFC11B5EAB925327F52.tmp' to '../../../../../../Admin/Documents/GitHub Repositories/EclypseUE4/ProjectEclypse/Content/BP/Widgets/FarmsteadWidget.uasset'
[2016.12.20-03.21.25:434][826]LogSavePackage:Display: Finished SavePackage ../../../../../../Admin/Documents/GitHub Repositories/EclypseUE4/ProjectEclypse/Content/BP/Widgets/FarmsteadWidget.uasset
[2016.12.20-03.22.21:028][872]BlueprintLog: New page: Compile FarmsteadWidget
[2016.12.20-03.22.21:145][872]BlueprintEditorCompileResults: Info The execution path doesn't end with a return node.  CastFailed
[2016.12.20-03.22.21:514][886]Cmd: OBJ SAVEPACKAGE PACKAGE="/Game/BP/Widgets/FarmsteadWidget" FILE="../../../../../../Admin/Documents/GitHub Repositories/EclypseUE4/ProjectEclypse/Content/BP/Widgets/FarmsteadWidget.uasset" SILENT=true
[2016.12.20-03.22.21:541][886]LogSavePackage: Save=25.13ms
[2016.12.20-03.22.21:541][886]LogSavePackage: Moving '../../../../../../Admin/Documents/GitHub Repositories/EclypseUE4/ProjectEclypse/Saved/FarmsteadWidget4190CF7443EDD9590E249B8A57EAE12C.tmp' to '../../../../../../Admin/Documents/GitHub Repositories/EclypseUE4/ProjectEclypse/Content/BP/Widgets/FarmsteadWidget.uasset'
[2016.12.20-03.22.21:543][886]LogSavePackage:Display: Finished SavePackage ../../../../../../Admin/Documents/GitHub Repositories/EclypseUE4/ProjectEclypse/Content/BP/Widgets/FarmsteadWidget.uasset
[2016.12.20-03.23.48:403][969]BlueprintLog: New page: Compile FarmsteadWidget
[2016.12.20-03.23.48:522][969]BlueprintEditorCompileResults: Info The execution path doesn't end with a return node.  CastFailed
[2016.12.20-03.23.48:870][982]Cmd: OBJ SAVEPACKAGE PACKAGE="/Game/BP/Widgets/FarmsteadWidget" FILE="../../../../../../Admin/Documents/GitHub Repositories/EclypseUE4/ProjectEclypse/Content/BP/Widgets/FarmsteadWidget.uasset" SILENT=true
[2016.12.20-03.23.48:898][982]LogSavePackage: Save=25.60ms
[2016.12.20-03.23.48:898][982]LogSavePackage: Moving '../../../../../../Admin/Documents/GitHub Repositories/Eclyp