Log file open, 12/07/16 16:35:17
LogInit:Display: Running engine for game: ProjectEclypse
LogPlatformFile: Not using cached read wrapper
LogInit:Display: RandInit(-467432051) SRandInit(-467432051).
LogTaskGraph: Started task graph with 5 named threads and 8 total threads with 1 sets of task threads.
LogStats: Stats thread started at 0.062731
LogPluginManager: Loaded Plugin Paper2D, From D:/Program Files (x86)/Epic Games/4.13/Engine/Plugins/2D/Paper2D/Paper2D.uplugin
LogPluginManager: Loaded Plugin LightPropagationVolume, From D:/Program Files (x86)/Epic Games/4.13/Engine/Plugins/Blendables/LightPropagationVolume/LightPropagationVolume.uplugin
LogPluginManager: Loaded Plugin BlankPlugin, From D:/Program Files (x86)/Epic Games/4.13/Engine/Plugins/Developer/BlankPlugin/BlankPlugin.uplugin
LogPluginManager: Loaded Plugin CodeLiteSourceCodeAccess, From D:/Program Files (x86)/Epic Games/4.13/Engine/Plugins/Developer/CodeLiteSourceCodeAccess/CodeLiteSourceCodeAccess.uplugin
LogPluginManager: Loaded Plugin GitSourceControl, From D:/Program Files (x86)/Epic Games/4.13/Engine/Plugins/Developer/GitSourceControl/GitSourceControl.uplugin
LogPluginManager: Loaded Plugin KDevelopSourceCodeAccess, From D:/Program Files (x86)/Epic Games/4.13/Engine/Plugins/Developer/KDevelopSourceCodeAccess/KDevelopSourceCodeAccess.uplugin
LogPluginManager: Loaded Plugin NullSourceCodeAccess, From D:/Program Files (x86)/Epic Games/4.13/Engine/Plugins/Developer/NullSourceCodeAccess/NullSourceCodeAccess.uplugin
LogPluginManager: Loaded Plugin OneSkyLocalizationService, From D:/Program Files (x86)/Epic Games/4.13/Engine/Plugins/Developer/OneSkyLocalizationService/OneSkyLocalizationService.uplugin
LogPluginManager: Loaded Plugin PerforceSourceControl, From D:/Program Files (x86)/Epic Games/4.13/Engine/Plugins/Developer/PerforceSourceControl/PerforceSourceControl.uplugin
LogPluginManager: Loaded Plugin SubversionSourceControl, From D:/Program Files (x86)/Epic Games/4.13/Engine/Plugins/Developer/SubversionSourceControl/SubversionSourceControl.uplugin
LogPluginManager: Loaded Plugin UObjectPlugin, From D:/Program Files (x86)/Epic Games/4.13/Engine/Plugins/Developer/UObjectPlugin/UObjectPlugin.uplugin
LogPluginManager: Loaded Plugin VisualStudioSourceCodeAccess, From D:/Program Files (x86)/Epic Games/4.13/Engine/Plugins/Developer/VisualStudioSourceCodeAccess/VisualStudioSourceCodeAccess.uplugin
LogPluginManager: Loaded Plugin XCodeSourceCodeAccess, From D:/Program Files (x86)/Epic Games/4.13/Engine/Plugins/Developer/XCodeSourceCodeAccess/XCodeSourceCodeAccess.uplugin
LogPluginManager: Loaded Plugin EpicSurvey, From D:/Program Files (x86)/Epic Games/4.13/Engine/Plugins/Editor/EpicSurvey/EpicSurvey.uplugin
LogPluginManager: Loaded Plugin MacGraphicsSwitching, From D:/Program Files (x86)/Epic Games/4.13/Engine/Plugins/Editor/MacGraphicsSwitching/MacGraphicsSwitching.uplugin
LogPluginManager: Loaded Plugin MobileLauncherProfileWizard, From D:/Program Files (x86)/Epic Games/4.13/Engine/Plugins/Editor/MobileLauncherProfileWizard/MobileLauncherProfileWizard.uplugin
LogPluginManager: Loaded Plugin PluginBrowser, From D:/Program Files (x86)/Epic Games/4.13/Engine/Plugins/Editor/PluginBrowser/PluginBrowser.uplugin
LogPluginManager: Loaded Plugin SpeedTreeImporter, From D:/Program Files (x86)/Epic Games/4.13/Engine/Plugins/Editor/SpeedTreeImporter/SpeedTreeImporter.uplugin
LogPluginManager: Loaded Plugin SuperSearchEditor, From D:/Program Files (x86)/Epic Games/4.13/Engine/Plugins/Editor/SuperSearchEditor/SuperSearchEditor.uplugin
LogPluginManager: Loaded Plugin AlembicImporter, From D:/Program Files (x86)/Epic Games/4.13/Engine/Plugins/Experimental/AlembicImporter/AlembicImporter.uplugin
LogPluginManager: Loaded Plugin BlueprintStats, From D:/Program Files (x86)/Epic Games/4.13/Engine/Plugins/Experimental/BlueprintStats/BlueprintStats.uplugin
LogPluginManager: Loaded Plugin CharacterAI, From D:/Program Files (x86)/Epic Games/4.13/Engine/Plugins/Experimental/CharacterAI/CharacterAI.uplugin
LogPluginManager: Loaded Plugin CodeEditor, From D:/Program Files (x86)/Epic Games/4.13/Engine/Plugins/Experimental/CodeEditor/CodeEditor.uplugin
LogPluginManager: Loaded Plugin CodeView, From D:/Program Files (x86)/Epic Games/4.13/Engine/Plugins/Experimental/CodeView/CodeView.uplugin
LogPluginManager: Loaded Plugin HTML5Networking, From D:/Program Files (x86)/Epic Games/4.13/Engine/Plugins/Experimental/HTML5Networking/HTML5Networking.uplugin
LogPluginManager: Loaded Plugin LiveEditor, From D:/Program Files (x86)/Epic Games/4.13/Engine/Plugins/Experimental/LiveEditor/LiveEditor.uplugin
LogPluginManager: Loaded Plugin OSVR, From D:/Program Files (x86)/Epic Games/4.13/Engine/Plugins/Experimental/OSVR/OSVR.uplugin
LogPluginManager: Loaded Plugin Phya, From D:/Program Files (x86)/Epic Games/4.13/Engine/Plugins/Experimental/Phya/Phya.uplugin
LogPluginManager: Loaded Plugin SignificanceManager, From D:/Program Files (x86)/Epic Games/4.13/Engine/Plugins/Experimental/SignificanceManager/SignificanceManager.uplugin
LogPluginManager: Loaded Plugin SimpleHMD, From D:/Program Files (x86)/Epic Games/4.13/Engine/Plugins/Experimental/SimpleHMD/SimpleHMD.uplugin
LogPluginManager: Loaded Plugin StereoPanorama, From D:/Program Files (x86)/Epic Games/4.13/Engine/Plugins/Experimental/StereoPanorama/StereoPanorama.uplugin
LogPluginManager: Loaded Plugin StructBox, From D:/Program Files (x86)/Epic Games/4.13/Engine/Plugins/Experimental/StructBox/StructBox.uplugin
LogPluginManager: Loaded Plugin Substance, From D:/Program Files (x86)/Epic Games/4.13/Engine/Plugins/Marketplace/Substance/Substance.uplugin
LogPluginManager: Loaded Plugin AndroidMedia, From D:/Program Files (x86)/Epic Games/4.13/Engine/Plugins/Media/AndroidMedia/AndroidMedia.uplugin
LogPluginManager: Loaded Plugin AvfMedia, From D:/Program Files (x86)/Epic Games/4.13/Engine/Plugins/Media/AvfMedia/AvfMedia.uplugin
LogPluginManager: Loaded Plugin MediaPlayerEditor, From D:/Program Files (x86)/Epic Games/4.13/Engine/Plugins/Media/MediaPlayerEditor/MediaPlayerEditor.uplugin
LogPluginManager: Loaded Plugin WmfMedia, From D:/Program Files (x86)/Epic Games/4.13/Engine/Plugins/Media/WmfMedia/WmfMedia.uplugin
LogPluginManager: Loaded Plugin MessagingDebugger, From D:/Program Files (x86)/Epic Games/4.13/Engine/Plugins/Messaging/MessagingDebugger/MessagingDebugger.uplugin
LogPluginManager: Loaded Plugin TcpMessaging, From D:/Program Files (x86)/Epic Games/4.13/Engine/Plugins/Messaging/TcpMessaging/TcpMessaging.uplugin
LogPluginManager: Loaded Plugin UdpMessaging, From D:/Program Files (x86)/Epic Games/4.13/Engine/Plugins/Messaging/UdpMessaging/UdpMessaging.uplugin
LogPluginManager: Loaded Plugin LevelSequenceEditor, From D:/Program Files (x86)/Epic Games/4.13/Engine/Plugins/MovieScene/LevelSequenceEditor/LevelSequenceEditor.uplugin
LogPluginManager: Loaded Plugin MatineeToLevelSequence, From D:/Program Files (x86)/Epic Games/4.13/Engine/Plugins/MovieScene/MatineeToLevelSequence/MatineeToLevelSequence.uplugin
LogPluginManager: Loaded Plugin NetcodeUnitTest, From D:/Program Files (x86)/Epic Games/4.13/Engine/Plugins/NetcodeUnitTest/NetcodeUnitTest/NetcodeUnitTest.uplugin
LogPluginManager: Loaded Plugin NUTUnrealEngine4, From D:/Program Files (x86)/Epic Games/4.13/Engine/Plugins/NetcodeUnitTest/NUTUnrealEngine4/NUTUnrealEngine4.uplugin
LogPluginManager: Loaded Plugin OnlineSubsystemGooglePlay, From D:/Program Files (x86)/Epic Games/4.13/Engine/Plugins/Online/Android/OnlineSubsystemGooglePlay/OnlineSubsystemGooglePlay.uplugin
LogPluginManager: Loaded Plugin OnlineSubsystemIOS, From D:/Program Files (x86)/Epic Games/4.13/Engine/Plugins/Online/IOS/OnlineSubsystemIOS/OnlineSubsystemIOS.uplugin
LogPluginManager: Loaded Plugin OnlineFramework, From D:/Program Files (x86)/Epic Games/4.13/Engine/Plugins/Online/OnlineFramework/OnlineFramework.uplugin
LogPluginManager: Loaded Plugin OnlineSubsystem, From D:/Program Files (x86)/Epic Games/4.13/Engine/Plugins/Online/OnlineSubsystem/OnlineSubsystem.uplugin
LogPluginManager: Loaded Plugin OnlineSubsystemAmazon, From D:/Program Files (x86)/Epic Games/4.13/Engine/Plugins/Online/OnlineSubsystemAmazon/OnlineSubsystemAmazon.uplugin
LogPluginManager: Loaded Plugin OnlineSubsystemFacebook, From D:/Program Files (x86)/Epic Games/4.13/Engine/Plugins/Online/OnlineSubsystemFacebook/OnlineSubsystemFacebook.uplugin
LogPluginManager: Loaded Plugin OnlineSubsystemNull, From D:/Program Files (x86)/Epic Games/4.13/Engine/Plugins/Online/OnlineSubsystemNull/OnlineSubsystemNull.uplugin
LogPluginManager: Loaded Plugin OnlineSubsystemOculus, From D:/Program Files (x86)/Epic Games/4.13/Engine/Plugins/Online/OnlineSubsystemOculus/OnlineSubsystemOculus.uplugin
LogPluginManager: Loaded Plugin OnlineSubsystemSteam, From D:/Program Files (x86)/Epic Games/4.13/Engine/Plugins/Online/OnlineSubsystemSteam/OnlineSubsystemSteam.uplugin
LogPluginManager: Loaded Plugin OnlineSubsystemUtils, From D:/Program Files (x86)/Epic Games/4.13/Engine/Plugins/Online/OnlineSubsystemUtils/OnlineSubsystemUtils.uplugin
LogPluginManager: Loaded Plugin IOSTapJoy, From D:/Program Files (x86)/Epic Games/4.13/Engine/Plugins/Runtime/Advertising/IOSTapJoy/IOSTapJoy.uplugin
LogPluginManager: Loaded Plugin AnalyticsBlueprintLibrary, From D:/Program Files (x86)/Epic Games/4.13/Engine/Plugins/Runtime/Analytics/AnalyticsBlueprintLibrary/AnalyticsBlueprintLibrary.uplugin
LogPluginManager: Loaded Plugin AnalyticsMulticast, From D:/Program Files (x86)/Epic Games/4.13/Engine/Plugins/Runtime/Analytics/AnalyticsMulticast/AnalyticsMulticast.uplugin
LogPluginManager: Loaded Plugin Apsalar, From D:/Program Files (x86)/Epic Games/4.13/Engine/Plugins/Runtime/Analytics/Apsalar/Apsalar.uplugin
LogPluginManager: Loaded Plugin FileLogging, From D:/Program Files (x86)/Epic Games/4.13/Engine/Plugins/Runtime/Analytics/FileLogging/FileLogging.uplugin
LogPluginManager: Loaded Plugin Flurry, From D:/Program Files (x86)/Epic Games/4.13/Engine/Plugins/Runtime/Analytics/Flurry/Flurry.uplugin
LogPluginManager: Loaded Plugin AndroidDeviceProfileSelector, From D:/Program Files (x86)/Epic Games/4.13/Engine/Plugins/Runtime/AndroidDeviceProfileSelector/AndroidDeviceProfileSelector.uplugin
LogPluginManager: Loaded Plugin AndroidMoviePlayer, From D:/Program Files (x86)/Epic Games/4.13/Engine/Plugins/Runtime/AndroidMoviePlayer/AndroidMoviePlayer.uplugin
LogPluginManager: Loaded Plugin AppleMoviePlayer, From D:/Program Files (x86)/Epic Games/4.13/Engine/Plugins/Runtime/AppleMoviePlayer/AppleMoviePlayer.uplugin
LogPluginManager: Loaded Plugin ArchVisCharacter, From D:/Program Files (x86)/Epic Games/4.13/Engine/Plugins/Runtime/ArchVisCharacter/ArchVisCharacter.uplugin
LogPluginManager: Loaded Plugin CableComponent, From D:/Program Files (x86)/Epic Games/4.13/Engine/Plugins/Runtime/CableComponent/CableComponent.uplugin
LogPluginManager: Loaded Plugin CustomMeshComponent, From D:/Program Files (x86)/Epic Games/4.13/Engine/Plugins/Runtime/CustomMeshComponent/CustomMeshComponent.uplugin
LogPluginManager: Loaded Plugin ExampleDeviceProfileSelector, From D:/Program Files (x86)/Epic Games/4.13/Engine/Plugins/Runtime/ExampleDeviceProfileSelector/ExampleDeviceProfileSelector.uplugin
LogPluginManager: Loaded Plugin GearVR, From D:/Program Files (x86)/Epic Games/4.13/Engine/Plugins/Runtime/GearVR/GearVR.uplugin
LogPluginManager: Loaded Plugin GoogleVRController, From D:/Program Files (x86)/Epic Games/4.13/Engine/Plugins/Runtime/GoogleVR/GoogleVRController/GoogleVRController.uplugin
LogPluginManager: Loaded Plugin GoogleVRHMD, From D:/Program Files (x86)/Epic Games/4.13/Engine/Plugins/Runtime/GoogleVR/GoogleVRHMD/GoogleVRHMD.uplugin
LogPluginManager: Loaded Plugin IOSDeviceProfileSelector, From D:/Program Files (x86)/Epic Games/4.13/Engine/Plugins/Runtime/IOSDeviceProfileSelector/IOSDeviceProfileSelector.uplugin
LogPluginManager: Loaded Plugin LeapMotion, From D:/Program Files (x86)/Epic Games/4.13/Engine/Plugins/Runtime/LeapMotion/LeapMotion.uplugin
LogPluginManager: Loaded Plugin LinuxDeviceProfileSelector, From D:/Program Files (x86)/Epic Games/4.13/Engine/Plugins/Runtime/LinuxDeviceProfileSelector/LinuxDeviceProfileSelector.uplugin
LogPluginManager: Loaded Plugin LiveEditorListenServer, From D:/Program Files (x86)/Epic Games/4.13/Engine/Plugins/Runtime/LiveEditorListenServer/LiveEditorListenServer.uplugin
LogPluginManager: Loaded Plugin OculusAudio, From D:/Program Files (x86)/Epic Games/4.13/Engine/Plugins/Runtime/OculusAudio/OculusAudio.uplugin
LogPluginManager: Loaded Plugin OculusInput, From D:/Program Files (x86)/Epic Games/4.13/Engine/Plugins/Runtime/OculusInput/OculusInput.uplugin
LogPluginManager: Loaded Plugin OculusLibrary, From D:/Program Files (x86)/Epic Games/4.13/Engine/Plugins/Runtime/OculusLibrary/OculusLibrary.uplugin
LogPluginManager: Loaded Plugin OculusRift, From D:/Program Files (x86)/Epic Games/4.13/Engine/Plugins/Runtime/OculusRift/OculusRift.uplugin
LogPluginManager: Loaded Plugin Oodle, From D:/Program Files (x86)/Epic Games/4.13/Engine/Plugins/Runtime/PacketHandlers/CompressionComponents/Oodle/Oodle.uplugin
LogPluginManager: Loaded Plugin ProceduralMeshComponent, From D:/Program Files (x86)/Epic Games/4.13/Engine/Plugins/Runtime/ProceduralMeshComponent/ProceduralMeshComponent.uplugin
LogPluginManager: Loaded Plugin SoundMod, From D:/Program Files (x86)/Epic Games/4.13/Engine/Plugins/Runtime/SoundMod/SoundMod.uplugin
LogPluginManager: Loaded Plugin SoundVisualizations, From D:/Program Files (x86)/Epic Games/4.13/Engine/Plugins/Runtime/SoundVisualizations/SoundVisualizations.uplugin
LogPluginManager: Loaded Plugin SteamController, From D:/Program Files (x86)/Epic Games/4.13/Engine/Plugins/Runtime/Steam/SteamController/SteamController.uplugin
LogPluginManager: Loaded Plugin SteamVR, From D:/Program Files (x86)/Epic Games/4.13/Engine/Plugins/Runtime/Steam/SteamVR/SteamVR.uplugin
LogPluginManager: Loaded Plugin WebBrowserWidget, From D:/Program Files (x86)/Epic Games/4.13/Engine/Plugins/Runtime/WebBrowserWidget/WebBrowserWidget.uplugin
LogPluginManager: Loaded Plugin WindowsDeviceProfileSelector, From D:/Program Files (x86)/Epic Games/4.13/Engine/Plugins/Runtime/WindowsDeviceProfileSelector/WindowsDeviceProfileSelector.uplugin
LogPluginManager: Loaded Plugin WindowsMoviePlayer, From D:/Program Files (x86)/Epic Games/4.13/Engine/Plugins/Runtime/WindowsMoviePlayer/WindowsMoviePlayer.uplugin
LogPluginManager: Loaded Plugin ScriptPlugin, From D:/Program Files (x86)/Epic Games/4.13/Engine/Plugins/ScriptPlugin/ScriptPlugin.uplugin
LogPluginManager: Loaded Plugin SlateRemote, From D:/Program Files (x86)/Epic Games/4.13/Engine/Plugins/Slate/SlateRemote/SlateRemote.uplugin
LogInit: Using libcurl 7.47.1
LogInit:  - built for x86_64-pc-win32
LogInit:  - supports SSL with WinSSL
LogInit:  - other features:
LogInit:      CURL_VERSION_SSL
LogInit:      CURL_VERSION_IPV6
LogInit:      CURL_VERSION_ASYNCHDNS
LogInit:      CURL_VERSION_LARGEFILE
LogInit:      CURL_VERSION_IDN
LogInit:  CurlRequestOptions (configurable via config and command line):
LogInit:  - bVerifyPeer = false  - Libcurl will NOT verify peer certificate
LogInit:  - bUseHttpProxy = false  - Libcurl will NOT use HTTP proxy
LogInit:  - bDontReuseConnections = false  - Libcurl will reuse connections
LogInit:  - CertBundlePath = nullptr  - Libcurl will use whatever was configured at build time.
OCULUS: Info: [CAPI] LibOVR module is located at C:\Program Files\Oculus\Support\oculus-runtime\LibOVRRT64_1.dll
OCULUS: Debug: Connected to the server running version (prod = 1).1.10.1(build = 315393) feature version = 0. Client runs version (prod = 1).1.10.1(build = 315393) feature version = 0
OCULUS: Debug: [HMDState] Using default profile default
OCULUS: Info: IAD changed to 64.6mm
OCULUS: Debug: [SharedMemory] Creating factory
LogInit: Build: ++UE4+Release-4.13-CL-3142249
LogInit: Engine Version: 4.13.1-3142249+++UE4+Release-4.13
LogInit: Compatible Engine Version: 4.13.0-3106830+++UE4+Release-4.13
LogInit: Net CL: 3142249
LogDevObjectVersion: Number of dev versions registered: 13
LogDevObjectVersion:   Dev-Blueprints (B0D832E4-1F89-4F0D-ACCF-7EB736FD4AA2): 5
LogDevObjectVersion:   Dev-Build (E1C64328-A22C-4D53-A36C-8E866417BD8C): 0
LogDevObjectVersion:   Dev-Core (375EC13C-06E4-48FB-B500-84F0262A717E): 1
LogDevObjectVersion:   Dev-Editor (E4B068ED-F494-42E9-A231-DA0B2E46BB41): 6
LogDevObjectVersion:   Dev-Framework (CFFC743F-43B0-4480-9391-14DF171D2073): 12
LogDevObjectVersion:   Dev-Mobile (B02B49B5-BB20-44E9-A304-32B752E40360): 0
LogDevObjectVersion:   Dev-Networking (A4E4105C-59A1-49B5-A7C5-40C4547EDFEE): 0
LogDevObjectVersion:   Dev-Online (39C831C9-5AE6-47DC-9A44-9C173E1C8E7C): 0
LogDevObjectVersion:   Dev-Physics (78F01B33-EBEA-4F98-B9B4-84EACCB95AA2): 0
LogDevObjectVersion:   Dev-Platform (6631380F-2D4D-43E0-8009-CF276956A95A): 0
LogDevObjectVersion:   Dev-Rendering (12F88B9F-8875-4AFC-A67C-D90C383ABD29): 4
LogDevObjectVersion:   Dev-Sequencer (7B5AE74C-D270-4C10-A958-57980B212A5A): 0
LogDevObjectVersion:   Dev-VR (D7296918-1DD6-4BDD-9DE2-64A83CC13884): 0
LogInit: Compiled (64-bit): Sep 28 2016 02:12:12
LogInit: Compiled with Visual C++: 19.00.23026.00
LogInit: Build Configuration: Development
LogInit: Branch Name: ++UE4+Release-4.13
LogInit: Command line: -EpicPortal 
LogInit: Base directory: D:/Program Files (x86)/Epic Games/4.13/Engine/Binaries/Win64/
LogInit: Installed Engine Build: 1
LogInit: Presizing for max 8388607 objects, including 0 objects not considered by GC, pre-allocating 0 bytes for permanent pool.
LogInit: Object subsystem initialized
[2016.12.07-05.35.17:985][  0]LogInit: Selected Device Profile: [Windows]
[2016.12.07-05.35.17:985][  0]LogInit: Applying CVar settings loaded from the selected device profile: [Windows]
[2016.12.07-05.35.17:993][  0]LogInit: Computer: DESKTOP-M92PTO3
[2016.12.07-05.35.17:993][  0]LogInit: User: StefanoAdmin
[2016.12.07-05.35.17:993][  0]LogInit: CPU Page size=65536, Cores=4
[2016.12.07-05.35.17:993][  0]LogInit: High frequency timer resolution =3.328125 MHz
[2016.12.07-05.35.17:993][  0]LogMemory: Memory total: Physical=15.9GB (16GB approx)
[2016.12.07-05.35.17:993][  0]LogMemory: Platform Memory Stats for Windows
[2016.12.07-05.35.17:993][  0]LogMemory: Process Physical Memory: 266.51 MB used, 266.51 MB peak
[2016.12.07-05.35.17:993][  0]LogMemory: Process Virtual Memory: 267.11 MB used, 267.11 MB peak
[2016.12.07-05.35.17:993][  0]LogMemory: Physical Memory: 7951.50 MB used, 16313.61 MB total
[2016.12.07-05.35.17:993][  0]LogMemory: Virtual Memory: 674.79 MB used, 134217728.00 MB total
[2016.12.07-05.35.18:275][  0]LogTextLocalizationManager: No specific translations for ('en-AU') exist, so ('en') translations will be used.
[2016.12.07-05.35.18:721][  0]LogD3D11RHI: D3D11 adapters:
[2016.12.07-05.35.19:172][  0]LogD3D11RHI:    0. 'NVIDIA GeForce GTX 980' (Feature Level 11_0)
[2016.12.07-05.35.19:172][  0]LogD3D11RHI:       4060/0/8156 MB DedicatedVideo/DedicatedSystem/SharedSystem, Outputs:1, VendorId:0x10de
[2016.12.07-05.35.19:173][  0]LogD3D11RHI:    1. 'Microsoft Basic Render Driver' (Feature Level 11_0)
[2016.12.07-05.35.19:173][  0]LogD3D11RHI:       0/0/8156 MB DedicatedVideo/DedicatedSystem/SharedSystem, Outputs:0, VendorId:0x1414
[2016.12.07-05.35.19:173][  0]LogD3D11RHI: Chosen D3D11 Adapter: 0
[2016.12.07-05.35.19:177][  0]LogD3D11RHI: Creating new Direct3DDevice
[2016.12.07-05.35.19:177][  0]LogD3D11RHI:     GPU DeviceId: 0x13c0 (for the marketing name, search the web for "GPU Device Id")
[2016.12.07-05.35.19:177][  0]LogWindows: EnumDisplayDevices:
[2016.12.07-05.35.19:177][  0]LogWindows:    0. 'NVIDIA GeForce GTX 980' (P:1 D:1)
[2016.12.07-05.35.19:177][  0]LogWindows:    1. 'NVIDIA GeForce GTX 980' (P:0 D:0)
[2016.12.07-05.35.19:177][  0]LogWindows:    2. 'NVIDIA GeForce GTX 980' (P:0 D:0)
[2016.12.07-05.35.19:178][  0]LogWindows:    3. 'NVIDIA GeForce GTX 980' (P:0 D:0)
[2016.12.07-05.35.19:178][  0]LogWindows: DebugString: FoundDriverCount:4 
[2016.12.07-05.35.19:178][  0]LogD3D11RHI:     Adapter Name: NVIDIA GeForce GTX 980
[2016.12.07-05.35.19:178][  0]LogD3D11RHI:   Driver Version: 376.09 (internal:21.21.13.7609, unified:376.09)
[2016.12.07-05.35.19:178][  0]LogD3D11RHI:      Driver Date: 11-24-2016
[2016.12.07-05.35.19:178][  0]LogRHI: Texture pool is 1361 MB (70% of 1945 MB)
[2016.12.07-05.35.19:609][  0]LogD3D11RHI: Async texture creation enabled
[2016.12.07-05.35.19:646][  0]LogD3D11RHI: GPU Timing Frequency: 1000.000000 (Debug: 2 1)
[2016.12.07-05.35.19:647][  0]LogShaderCompilers: Guid format shader working directory is -32 characters bigger than the processId version (../../../../../../Admin/Documents/GitHub Repositories/EclypseUE4/ProjectEclypse/Intermediate/Shaders/WorkingDirectory/828/).
[2016.12.07-05.35.19:647][  0]LogShaderCompilers: Cleaned the shader compiler working directory 'C:/Users/Admin/AppData/Local/Temp/UnrealShaderWorkingDir/DCC4E6504C1C87B3A6FB8CAE416A2B0E/'.
[2016.12.07-05.35.19:647][  0]LogShaderCompilers:Display: Using Local Shader Compiler.
[2016.12.07-05.35.20:459][  0]LogTemp:Display: Loaded TP AllDesktopTargetPlatform
[2016.12.07-05.35.20:464][  0]LogTemp:Display: Loaded TP WindowsClientTargetPlatform
[2016.12.07-05.35.20:471][  0]LogTemp:Display: Loaded TP WindowsNoEditorTargetPlatform
[2016.12.07-05.35.20:478][  0]LogTemp:Display: Loaded TP WindowsServerTargetPlatform
[2016.12.07-05.35.20:484][  0]LogTemp:Display: Loaded TP WindowsTargetPlatform
[2016.12.07-05.35.20:489][  0]LogTemp:Display: Loaded TP AndroidTargetPlatform
[2016.12.07-05.35.20:494][  0]LogTemp:Display: Loaded TP Android_ASTCTargetPlatform
[2016.12.07-05.35.20:500][  0]LogTemp:Display: Loaded TP Android_ATCTargetPlatform
[2016.12.07-05.35.20:505][  0]LogTemp:Display: Loaded TP Android_DXTTargetPlatform
[2016.12.07-05.35.20:510][  0]LogTemp:Display: Loaded TP Android_ETC1TargetPlatform
[2016.12.07-05.35.20:515][  0]LogTemp:Display: Loaded TP Android_ETC2TargetPlatform
[2016.12.07-05.35.20:525][  0]LogTemp:Display: Loaded TP Android_MultiTargetPlatform
[2016.12.07-05.35.20:525][  0]LogTemp:Display: Loaded TP Android_PVRTCTargetPlatform
[2016.12.07-05.35.20:525][  0]LogTemp:Display: Loaded TP HTML5TargetPlatform
[2016.12.07-05.35.20:542][  0]LogTemp:Display: Loaded TP IOSTargetPlatform
[2016.12.07-05.35.20:546][  0]LogTemp:Display: Loaded TP TVOSTargetPlatform
[2016.12.07-05.35.20:551][  0]LogTemp:Display: Loaded TP LinuxClientTargetPlatform
[2016.12.07-05.35.20:557][  0]LogTemp:Display: Loaded TP LinuxNoEditorTargetPlatform
[2016.12.07-05.35.20:562][  0]LogTemp:Display: Loaded TP LinuxServerTargetPlatform
[2016.12.07-05.35.20:567][  0]LogTemp:Display: Loaded TP LinuxTargetPlatform
[2016.12.07-05.35.20:567][  0]LogTargetPlatformManager:Display: Building Assets For Windows
[2016.12.07-05.35.20:604][  0]LogDerivedDataCache:Display: Max Cache Size: 512 MB
[2016.12.07-05.35.20:656][  0]LogDerivedDataCache: Loaded boot cache 0.05s 62MB C:/Users/Admin/AppData/Local/UnrealEngine/4.13/DerivedDataCache/Boot.ddc.
[2016.12.07-05.35.20:656][  0]LogDerivedDataCache:Display: Loaded Boot cache: C:/Users/Admin/AppData/Local/UnrealEngine/4.13/DerivedDataCache/Boot.ddc
[2016.12.07-05.35.20:656][  0]LogDerivedDataCache: FDerivedDataBackendGraph:  Pak pak cache file ../../../../../../Admin/Documents/GitHub Repositories/EclypseUE4/ProjectEclypse/DerivedDataCache/DDC.ddp not found, will not use a pak cache.
[2016.12.07-05.35.20:656][  0]LogDerivedDataCache: Unable to find inner node Pak for hierarchical cache Hierarchy.
[2016.12.07-05.35.20:656][  0]LogDerivedDataCache: FDerivedDataBackendGraph:  CompressedPak pak cache file ../../../../../../Admin/Documents/GitHub Repositories/EclypseUE4/ProjectEclypse/DerivedDataCache/Compressed.ddp not found, will not use a pak cache.
[2016.12.07-05.35.20:656][  0]LogDerivedDataCache: Unable to find inner node CompressedPak for hierarchical cache Hierarchy.
[2016.12.07-05.35.20:669][  0]LogDerivedDataCache:Display: Pak cache opened for reading ../../../Engine/DerivedDataCache/Compressed.ddp.
[2016.12.07-05.35.20:681][  0]LogDerivedDataCache: Using Local data cache path C:/Users/Admin/AppData/Local/UnrealEngine/Common/DerivedDataCache: Writable
[2016.12.07-05.35.20:833][  0]LogInit: Selected Device Profile: [Windows]
[2016.12.07-05.35.20:835][  0]LogContentStreaming: Texture pool size is 0.00 MB
[2016.12.07-05.35.20:899][  0]LogMeshUtilities: No automatic mesh reduction module available
[2016.12.07-05.35.20:899][  0]LogMeshUtilities: No automatic mesh merging module available
[2016.12.07-05.35.20:899][  0]LogMeshUtilities: No distributed automatic mesh merging module available
[2016.12.07-05.35.20:944][  0]LogMaterial: Uniform references updated for custom material expression Custom.
[2016.12.07-05.35.21:161][  0]LogNetVersion: GetLocalNetworkVersion: CL: 3106830, ProjectName: projecteclypse, ProjectVersion: , EngineNetworkVersion: 1, GameNetworkVersion: 0, NetworkChecksum: 2418632494
[2016.12.07-05.35.21:193][  0]LogAssetRegistry: FAssetRegistry took 0.0210 seconds to start up
[2016.12.07-05.35.21:216][  0]LogPackageLocalizationCache: Processed 3 localized package path(s) for 2 prioritized culture(s) in 0.022440 seconds
[2016.12.07-05.35.21:221][  0]LogUObjectArray: 29778 objects as part of root set at end of initial load.
[2016.12.07-05.35.21:221][  0]LogUObjectAllocator: 6125448 out of 0 bytes used by permanent object pool.
[2016.12.07-05.35.21:221][  0]LogUObjectArray: CloseDisregardForGC: 0/0 objects in disregard for GC pool
[2016.12.07-05.35.21:224][  0]LogInit: WinSock: version 1.1 (2.2), MaxSocks=32767, MaxUdp=65467
[2016.12.07-05.35.21:355][  0]LogSlate: SlateFontCache - WITH_FREETYPE: 1, WITH_HARFBUZZ: 1
[2016.12.07-05.35.21:355][  0]LogSlate: SlateFontCache - WITH_FREETYPE: 1, WITH_HARFBUZZ: 1
[2016.12.07-05.35.21:823][  0]LogSubstanceCoreModule: Substance CPU Engine Loaded, Max Texture Size 2048
[2016.12.07-05.35.21:828][  0]LogTcpMessaging: Initializing TcpMessaging bridge
[2016.12.07-05.35.21:843][  0]LogUdpMessaging: Initializing bridge on interface 0.0.0.0:0 to multicast group 230.0.0.1:6666.
[2016.12.07-05.35.22:009][  0]SourceControl: Info Source control is disabled
[2016.12.07-05.35.22:041][  0]SourceControl: Info Source control is disabled
[2016.12.07-05.35.22:046][  0]SourceControl: Info Source control is disabled
[2016.12.07-05.35.22:050][  0]SourceControl: Info Source control is disabled
[2016.12.07-05.35.22:086][  0]LogLinker:Warning: Can't find file '/Game/FirstPersonBP/FirstPersonOverview'
[2016.12.07-05.35.22:086][  0]LogLinker:Warning: Can't find file '/Game/FirstPersonBP/FirstPersonOverview'
[2016.12.07-05.35.22:086][  0]LogUObjectGlobals:Warning: Failed to find object 'Class /Game/FirstPersonBP/FirstPersonOverview.FirstPersonOverview_C'
[2016.12.07-05.35.22:206][  0]LogEngine: Initializing Engine...
[2016.12.07-05.35.22:206][  0]LogHMD: Oculus plugin initialized. Version: 4.13.1-3142249+++UE4+Release-4.13, LibOVR: 1.10.1, SDK: 1.6.0, built Sep 28 2016, 02:14:12
[2016.12.07-05.35.22:304][  0]OCULUS: Debug: [HMDState] Using default profile default
[2016.12.07-05.35.22:304][  0]OCULUS: Info: IAD changed to 64.6mm
[2016.12.07-05.35.22:309][  0]LogAIModule: Creating AISystem for world Untitled
[2016.12.07-05.35.22:321][  0]LogInit: XAudio2 using 'Speakers (Realtek High Definition Audio)' : 8 channels at 48 kHz using 32 bits per sample (channel mask 0x63f)
[2016.12.07-05.35.22:356][  0]LogInit: FAudioDevice initialized.
[2016.12.07-05.35.22:382][  0]LogDerivedDataCache: Saved boot cache 0.03s 62MB C:/Users/Admin/AppData/Local/UnrealEngine/4.13/DerivedDataCache/Boot.ddc.
[2016.12.07-05.35.22:387][  0]LogInit: Texture streaming: Enabled
[2016.12.07-05.35.22:402][  0]LogInit: Transaction tracking system initialized
[2016.12.07-05.35.22:411][  0]BlueprintLog: New page: Editor Load
[2016.12.07-05.35.22:445][  0]LocalizationService: Info Localization service is disabled
[2016.12.07-05.35.22:489][  0]LogConsoleResponse:Display: 
[2016.12.07-05.35.22:567][  0]LogCook:Display: Max memory allowance for cook 16384mb min free memory 0mb
[2016.12.07-05.35.22:567][  0]LogCook:Display: Mobile HDR setting 1
[2016.12.07-05.35.22:648][  0]LogFileCache: Scanning file cache for directory 'D:/Admin/Documents/GitHub Repositories/EclypseUE4/ProjectEclypse/Content/' took 0.01s
[2016.12.07-05.35.22:648][  0]SourceControl: Info Source control is disabled
[2016.12.07-05.35.22:648][  0]Cmd: MAP LOAD FILE="../../../../../../Admin/Documents/GitHub Repositories/EclypseUE4/ProjectEclypse/Content/Maps/EclypseVillage.umap" TEMPLATE=0 SHOWPROGRESS=1 FEATURELEVEL=3
[2016.12.07-05.35.22:648][  0]LightingResults: New page: Lighting Build
[2016.12.07-05.35.22:649][  0]MapCheck: New page: Map Check
[2016.12.07-05.35.22:649][  0]LightingResults: New page: Lighting Build
[2016.12.07-05.35.23:504][  0]LogAIModule: Creating AISystem for world EclypseVillage
[2016.12.07-05.35.23:513][  0]LogEditorServer: Finished looking for orphan Actors (0.000 secs)
[2016.12.07-05.35.23:513][  0]Cmd: MAP CHECKDEP NOCLEARLOG
[2016.12.07-05.35.23:547][  0]MapCheck: Info Map check complete: 0 Error(s), 0 Warning(s), took 33.475ms to complete.
[2016.12.07-05.35.23:547][  0]LogFileHelpers: Loading map 'EclypseVillage' took 0.899
[2016.12.07-05.35.23:646][  0]LogCollectionManager: Loaded 0 collections in 0.000689 seconds
[2016.12.07-05.35.23:682][  0]LogFileCache: Scanning file cache for directory 'D:/Admin/Documents/GitHub Repositories/EclypseUE4/ProjectEclypse/Saved/Collections/' took 0.01s
[2016.12.07-05.35.23:682][  0]LogFileCache: Scanning file cache for directory 'D:/Admin/Documents/GitHub Repositories/EclypseUE4/ProjectEclypse/Content/Developers/StefanoAdmin/Collections/' took 0.01s
[2016.12.07-05.35.23:682][  0]LogFileCache: Scanning file cache for directory 'D:/Admin/Documents/GitHub Repositories/EclypseUE4/ProjectEclypse/Content/Collections/' took 0.01s
[2016.12.07-05.35.23:682][  0]LogCollectionManager: Rebuilt the GUID cache for 0 collections in 0.000002 seconds
[2016.12.07-05.35.23:689][  0]LogContentBrowser: Native class hierarchy populated in 0.0068 seconds. Added 2156 classes and 421 folders.
[2016.12.07-05.35.23:691][  0]LogStats: UGameplayTagsManager::ConstructGameplayTagTree: Construct from data asset -  0.000 s
[2016.12.07-05.35.23:691][  0]LogStats: UGameplayTagsManager::ConstructGameplayTagTree: GameplayTagTreeChangedEvent.Broadcast -  0.000 s
[2016.12.07-05.35.23:691][  0]LogContentBrowser: Native class hierarchy updated for 'GameplayTags' in 0.0004 seconds. Added 12 classes and 0 folders.
[2016.12.07-05.35.23:693][  0]LogContentBrowser: Native class hierarchy updated for 'WidgetCarousel' in 0.0003 seconds. Added 0 classes and 0 folders.
[2016.12.07-05.35.23:720][  0]LogContentBrowser: Native class hierarchy updated for 'AddContentDialog' in 0.0003 seconds. Added 0 classes and 0 folders.
[2016.12.07-05.35.23:723][  0]LogContentBrowser: Native class hierarchy updated for 'SceneOutliner' in 0.0004 seconds. Added 1 classes and 2 folders.
[2016.12.07-05.35.23:765][  0]LogCrashTracker: Crashtracker disabled due to settings.
[2016.12.07-05.35.23:769][  0]LogUObjectGlobals:Warning: Failed to find object 'Class None.'
[2016.12.07-05.35.23:793][  0]LogContentBrowser: Native class hierarchy updated for 'HierarchicalLODOutliner' in 0.0004 seconds. Added 1 classes and 2 folders.
[2016.12.07-05.35.23:794][  0]LogLoad: (Engine Initialization) Total time: 6.53 seconds
[2016.12.07-05.35.23:794][  0]LogLoad: (Engine Initialization) Total Blueprint compile time: 0.23 seconds
[2016.12.07-05.35.23:794][  0]LogExternalProfiler: Found external profiler: VSPerf
[2016.12.07-05.35.23:794][  0]LogExternalProfiler: Using external profiler: VSPerf
[2016.12.07-05.35.23:802][  0]LogWindowsTextInputMethodSystem:Display: IME system now deactivated.
[2016.12.07-05.35.23:803][  0]LogOcInput: OculusInput pre-init called
[2016.12.07-05.35.23:812][  0]LogOcInput: OculusInput is initialized. Init status 0. Runtime version: 1.10.1
[2016.12.07-05.35.23:866][  0]LogContentStreaming: Texture pool size now 1000 MB
[2016.12.07-05.35.23:976][  0]LogRenderer: Reallocating scene render targets to support 1124x620 (Frame:2).
[2016.12.07-05.35.24:120][  2]LogAssetRegistry: Asset discovery search completed in 2.9491 seconds
[2016.12.07-05.35.24:120][  2]LogCollectionManager: Rebuilt the object cache for 0 collections in 0.000001 seconds (found 0 objects)
[2016.12.07-05.35.24:120][  2]LogCollectionManager: Fixed up redirectors for 0 collections in 0.000020 seconds (updated 0 objects)
[2016.12.07-05.39.22:833][546]LogBlueprintUserMessages: Early PlayInEditor Detection: Level '/Game/Maps/EclypseVillage.EclypseVillage:PersistentLevel' has LevelScriptBlueprint '/Game/Maps/EclypseVillage.EclypseVillage:PersistentLevel.EclypseVillage' with GeneratedClass '/Game/Maps/EclypseVillage.EclypseVillage_C' with ClassGeneratedBy '/Game/Maps/EclypseVillage.EclypseVillage:PersistentLevel.EclypseVillage'
[2016.12.07-05.39.22:834][546]LogPlayLevel: PlayLevel: No blueprints needed recompiling
[2016.12.07-05.39.22:834][546]OCULUS: Debug: [HMDState] Using default profile default
[2016.12.07-05.39.22:834][546]OCULUS: Info: IAD changed to 64.6mm
[2016.12.07-05.39.22:834][546]LogHMD: New ovr session is created
[2016.12.07-05.39.22:834][546]LogHMD: HMD Oculus Rift CV1, res = 2160 x 1200
[2016.12.07-05.39.22:835][546]PIE: New page: PIE session: EclypseVillage (8 Dec 2016 2:39:22 am)
[2016.12.07-05.39.22:835][546]LogPlayLevel: Creating play world package: /Game/Maps/UEDPIE_0_EclypseVillage
[2016.12.07-05.39.22:844][546]LogPlayLevel: PIE: StaticDuplicateObject took: (0.008588s)
[2016.12.07-05.39.22:844][546]LogAIModule: Creating AISystem for world EclypseVillage
[2016.12.07-05.39.22:845][546]LogPlayLevel: PIE: World Init took: (0.000812s)
[2016.12.07-05.39.22:845][546]LogPlayLevel: PIE: Created PIE world by copying editor world from /Game/Maps/EclypseVillage.EclypseVillage to /Game/Maps/UEDPIE_0_EclypseVillage.EclypseVillage (0.009648s)
[2016.12.07-05.39.22:882][546]LogInit: XAudio2 using 'Speakers (Realtek High Definition Audio)' : 8 channels at 48 kHz using 32 bits per sample (channel mask 0x63f)
[2016.12.07-05.39.22:918][546]LogInit: FAudioDevice initialized.
[2016.12.07-05.39.22:960][546]LogWorld: Game class is 'GameManager_C'
[2016.12.07-05.39.22:963][546]LogWorld: Bringing World /Game/Maps/UEDPIE_0_EclypseVillage.EclypseVillage up for play (max tick rate 0) at 2016.12.07-16.39.22
[2016.12.07-05.39.22:963][546]LogWorld: Bringing up level for play took: 0.001982
[2016.12.07-05.39.22:966][546]LogContentBrowser: Native class hierarchy updated for 'MovieSceneCapture' in 0.0006 seconds. Added 11 classes and 0 folders.
[2016.12.07-05.39.22:966][546]LogGameMode:Display: Match State Changed from EnteringMap to WaitingToStart
[2016.12.07-05.39.22:966][546]LogGameState: Match State Changed from EnteringMap to WaitingToStart
[2016.12.07-05.39.22:966][546]LogGameMode:Display: Match State Changed from WaitingToStart to InProgress
[2016.12.07-05.39.22:969][546]LogGameState: Match State Changed from WaitingToStart to InProgress
[2016.12.07-05.39.22:969][546]PIE: Info Play in editor start time for /Game/Maps/UEDPIE_0_EclypseVillage -0.127
[2016.12.07-05.39.22:969][546]LogBlueprintUserMessages: Late PlayInEditor Detection: Level '/Game/Maps/EclypseVillage.EclypseVillage:PersistentLevel' has LevelScriptBlueprint '/Game/Maps/EclypseVillage.EclypseVillage:PersistentLevel.EclypseVillage' with GeneratedClass '/Game/Maps/EclypseVillage.EclypseVillage_C' with ClassGeneratedBy '/Game/Maps/EclypseVillage.EclypseVillage:PersistentLevel.EclypseVillage'
[2016.12.07-05.39.26:661][683]LogBlueprintUserMessages: Early EndPlayMap Detection: Level '/Game/Maps/EclypseVillage.EclypseVillage:PersistentLevel' has LevelScriptBlueprint '/Game/Maps/EclypseVillage.EclypseVillage:PersistentLevel.EclypseVillage' with GeneratedClass '/Game/Maps/EclypseVillage.EclypseVillage_C' with ClassGeneratedBy '/Game/Maps/EclypseVillage.EclypseVillage:PersistentLevel.EclypseVillage'
[2016.12.07-05.39.26:685][683]LogHMD: Destroying ovr session
[2016.12.07-05.39.26:720][683]LogBlueprintUserMessages: Late EndPlayMap Detection: Level '/Game/Maps/EclypseVillage.EclypseVillage:PersistentLevel' has LevelScriptBlueprint '/Game/Maps/EclypseVillage.EclypseVillage:PersistentLevel.EclypseVillage' with GeneratedClass '/Game/Maps/EclypseVillage.EclypseVillage_C' with ClassGeneratedBy '/Game/Maps/EclypseVillage.EclypseVillage:PersistentLevel.EclypseVillage'
[2016.12.07-05.40.42:493][697]LogBlueprintUserMessages: Early PlayInEditor Detection: Level '/Game/Maps/EclypseVillage.EclypseVillage:PersistentLevel' has LevelScriptBlueprint '/Game/Maps/EclypseVillage.EclypseVillage:PersistentLevel.EclypseVillage' with GeneratedClass '/Game/Maps/EclypseVillage.EclypseVillage_C' with ClassGeneratedBy '/Game/Maps/EclypseVillage.EclypseVillage:PersistentLevel.EclypseVillage'
[2016.12.07-05.40.42:493][697]LogPlayLevel: PlayLevel: No blueprints needed recompiling
[2016.12.07-05.40.42:493][697]OCULUS: Debug: [HMDState] Using default profile default
[2016.12.07-05.40.42:493][697]OCULUS: Info: IAD changed to 64.6mm
[2016.12.07-05.40.42:493][697]LogHMD: New ovr session is created
[2016.12.07-05.40.42:508][697]LogHMD: HMD Oculus Rift CV1, res = 2160 x 1200
[2016.12.07-05.40.42:508][697]PIE: New page: PIE session: EclypseVillage (8 Dec 2016 2:40:42 am)
[2016.12.07-05.40.42:508][697]LogPlayLevel: Creating play world package: /Game/Maps/UEDPIE_0_EclypseVillage
[2016.12.07-05.40.42:517][697]LogPlayLevel: PIE: StaticDuplicateObject took: (0.008847s)
[2016.12.07-05.40.42:518][697]LogAIModule: Creating AISystem for world EclypseVillage
[2016.12.07-05.40.42:518][697]LogPlayLevel: PIE: World Init took: (0.000659s)
[2016.12.07-05.40.42:518][697]LogPlayLevel: PIE: Created PIE world by copying editor world from /Game/Maps/EclypseVillage.EclypseVillage to /Game/Maps/UEDPIE_0_EclypseVillage.EclypseVillage (0.009697s)
[2016.12.07-05.40.42:536][697]LogInit: XAudio2 using 'Speakers (Realtek High Definition Audio)' : 8 channels at 48 kHz using 32 bits per sample (channel mask 0x63f)
[2016.12.07-05.40.42:568][697]LogInit: FAudioDevice initialized.
[2016.12.07-05.40.42:610][697]LogWorld: Game class is 'GameManager_C'
[2016.12.07-05.40.42:612][697]LogWorld: Bringing World /Game/Maps/UEDPIE_0_EclypseVillage.EclypseVillage up for play (max tick rate 0) at 2016.12.07-16.40.42
[2016.12.07-05.40.42:612][697]LogWorld: Bringing up level for play took: 0.001917
[2016.12.07-05.40.42:613][697]LogGameMode:Display: Match State Changed from EnteringMap to WaitingToStart
[2016.12.07-05.40.42:613][697]LogGameState: Match State Changed from EnteringMap to WaitingToStart
[2016.12.07-05.40.42:613][697]LogGameMode:Display: Match State Changed from WaitingToStart to InProgress
[2016.12.07-05.40.42:615][697]LogGameState: Match State Changed from WaitingToStart to InProgress
[2016.12.07-05.40.42:615][697]PIE: Info Play in editor start time for /Game/Maps/UEDPIE_0_EclypseVillage -0.481
[2016.12.07-05.40.42:615][697]LogBlueprintUserMessages: Late PlayInEditor Detection: Level '/Game/Maps/EclypseVillage.EclypseVillage:PersistentLevel' has LevelScriptBlueprint '/Game/Maps/EclypseVillage.EclypseVillage:PersistentLevel.EclypseVillage' with GeneratedClass '/Game/Maps/EclypseVillage.EclypseVillage_C' with ClassGeneratedBy '/Game/Maps/EclypseVillage.EclypseVillage:PersistentLevel.EclypseVillage'
[2016.12.07-05.40.54:731][ 93]LogBlueprintUserMessages: Early EndPlayMap Detection: Level '/Game/Maps/EclypseVillage.EclypseVillage:PersistentLevel' has LevelScriptBlueprint '/Game/Maps/EclypseVillage.EclypseVillage:PersistentLevel.EclypseVillage' with GeneratedClass '/Game/Maps/EclypseVillage.EclypseVillage_C' with ClassGeneratedBy '/Game/Maps/EclypseVillage.EclypseVillage:PersistentLevel.EclypseVillage'
[2016.12.07-05.40.54:754][ 93]LogHMD: Destroying ovr session
[2016.12.07-05.40.54:787][ 93]LogBlueprintUserMessages: Late EndPlayMap Detection: Level '/Game/Maps/EclypseVillage.EclypseVillage:PersistentLevel' has LevelScriptBlueprint '/Game/Maps/EclypseVillage.EclypseVillage:PersistentLevel.EclypseVillage' with GeneratedClass '/Game/Maps/EclypseVillage.EclypseVillage_C' with ClassGeneratedBy '/Game/Maps/EclypseVillage.EclypseVillage:PersistentLevel.EclypseVillage'
[2016.12.07-05.41.11:422][464]LogContentBrowser: Native class hierarchy updated for 'BlueprintGraph' in 0.0007 seconds. Added 112 classes and 0 folders.
[2016.12.07-05.49.13:707][356]LogFileHelpers: Editor autosave (incl. sublevels) for '/Game/Maps/EclypseVillage' took 0.020
[2016.12.07-05.49.13:716][356]OBJ SavePackage: Generating thumbnails for [0] asset(s) in package [/Game/BP/Widgets/FarmsteadWidget] ([1] browsable assets)...
[2016.12.07-05.49.13:716][356]OBJ SavePackage: Finished generating thumbnails for package [/Game/BP/Widgets/FarmsteadWidget]
[2016.12.07-05.49.13:779][356]LogSavePackage: Save=51.59ms
[2016.12.07-05.49.13:779][356]LogSavePackage: Moving '../../../../../../Admin/Documents/GitHub Repositories/EclypseUE4/ProjectEclypse/Saved/FarmsteadWidget_Auto1D9421D9942270EC5AC1086BBCCEC6A9F.tmp' to '../../../../../../Admin/Documents/GitHub Repositories/EclypseUE4/ProjectEclypse/Saved/Autosaves/Game/BP/Widgets/FarmsteadWidget_Auto1.uasset'
[2016.12.07-05.49.13:780][356]LogSavePackage:Display: Finished SavePackage ../../../../../../Admin/Documents/GitHub Repositories/EclypseUE4/ProjectEclypse/Saved/Autosaves/Game/BP/Widgets/FarmsteadWidget_Auto1.uasset
[2016.12.07-05.49.13:780][356]LogFileHelpers: Auto-saving content packages took 0.064
[2016.12.07-05.50.10:413][132]BlueprintLog: New page: Compile FarmsteadWidget
[2016.12.07-05.50.10:999][145]Cmd: OBJ SAVEPACKAGE PACKAGE="/Game/BP/Widgets/FarmsteadWidget" FILE="../../../../../../Admin/Documents/GitHub Repositories/EclypseUE4/ProjectEclypse/Content/BP/Widgets/FarmsteadWidget.uasset" SILENT=true
[2016.12.07-05.50.11:034][145]LogSavePackage: Save=11.06ms
[2016.12.07-05.50.11:034][145]LogSavePackage: Moving '../../../../../../Admin/Documents/GitHub Repositories/EclypseUE4/ProjectEclypse/Saved/FarmsteadWidget00772BA14881E6597F5B23AA82FB8AEF.tmp' to '../../../../../../Admin/Documents/GitHub Repositories/EclypseUE4/ProjectEclypse/Content/BP/Widgets/FarmsteadWidget.uasset'
[2016.12.07-05.50.11:035][145]LogSavePackage:Display: Finished SavePackage ../../../../../../Admin/Documents/GitHub Repositories/EclypseUE4/ProjectEclypse/Content/BP/Widgets/FarmsteadWidget.uasset
[2016.12.07-05.52.40:351][105]BlueprintLog: New page: Compile FarmsteadWidget
[2016.12.07-05.52.40:827][117]Cmd: OBJ SAVEPACKAGE PACKAGE="/Game/BP/Widgets/FarmsteadWidget" FILE="../../../../../../Admin/Documents/GitHub Repositories/EclypseUE4/ProjectEclypse/Content/BP/Widgets/FarmsteadWidget.uasset" SILENT=true
[2016.12.07-05.52.40:842][117]LogSavePackage: Save=11.15ms
[2016.12.07-05.52.40:842][117]LogSavePackage: Moving '../../../../../../Admin/Documents/GitHub Repositories/EclypseUE4/ProjectEclypse/Saved/FarmsteadWidgetEDE9F90146A4F06098DFFE9272B2DC97.tmp' to '../../../../../../Admin/Documents/GitHub Repositories/EclypseUE4/ProjectEclypse/Content/BP/Widgets/FarmsteadWidget.uasset'
[2016.12.07-05.52.40:844][117]LogSavePackage:Display: Finished SavePackage ../../../../../../Admin/Documents/GitHub Repositories/EclypseUE4/ProjectEclypse/Content/BP/Widgets/FarmsteadWidget.uasset
[2016.12.07-05.55.09:019][ 22]BlueprintLog: New page: Compile FarmsteadWidget
[2016.12.07-05.55.09:553][ 40]Cmd: OBJ SAVEPACKAGE PACKAGE="/Game/BP/Widgets/FarmsteadWidget" FILE="../../../../../../Admin/Documents/GitHub Repositories/EclypseUE4/ProjectEclypse/Content/BP/Widgets/FarmsteadWidget.uasset" SILENT=true
[2016.12.07-05.55.09:573][ 40]LogSavePackage: Save=12.47ms
[2016.12.07-05.55.09:573][ 40]LogSavePackage: Moving '../../../../../../Admin/Documents/GitHub Repositories/EclypseUE4/ProjectEclypse/Saved/FarmsteadWidget1E4A500B499FEA7C8D791C909ABF1838.tmp' to '../../../../../../Admin/Documents/GitHub Repositories/EclypseUE4/ProjectEclypse/Content/BP/Widgets/FarmsteadWidget.uasset'
[2016.12.07-05.55.09:575][ 40]LogSavePackage:Display: Finished SavePackage ../../../../../../Admin/Documents/GitHub Repositories/EclypseUE4/ProjectEclypse/Content/BP/Widgets/FarmsteadWidget.uasset
[2016.12.07-05.55.28:707][133]Cmd: OBJ SAVEPACKAGE PACKAGE="/Game/BP/Widgets/FarmsteadWidget" FILE="../../../../../../Admin/Documents/GitHub Repositories/EclypseUE4/ProjectEclypse/Content/BP/Widgets/FarmsteadWidget.uasset" SILENT=true
[2016.12.07-05.55.28:721][133]LogSavePackage: Save=10.90ms
[2016.12.07-05.55.28:721][133]LogSavePackage: Moving '../../../../../../Admin/Documents/GitHub Repositories/EclypseUE4/ProjectEclypse/Saved/FarmsteadWidgetF718D36D4B371169273E8CAC95AD3B32.tmp' to '../../../../../../Admin/Documents/GitHub Repositories/EclypseUE4/ProjectEclypse/Content/BP/Widgets/FarmsteadWidget.uasset'
[2016.12.07-05.55.28:722][133]LogSavePackage:Display: Finished SavePackage ../../../../../../Admin/Documents/GitHub Repositories/EclypseUE4/ProjectEclypse/Content/BP/Widgets/FarmsteadWidget.uasset
[2016.12.07-05.57.47:876][328]LogBlueprint:Warning: [FarmsteadWidget] 'Day' variable not found. Base class was probably changed.
[2016.12.07-05.58.00:614][693]BlueprintLog: New page: Compile FarmsteadWidget
[2016.12.07-05.58.00:666][693]LogBlueprint:Warning: [Compiler FarmsteadWidget] Warning Could not find a variable named "Day" in 'FarmsteadWidget_C'.
Make sure 'FarmsteadWidget_C' has been compiled for  K2Node_VariableGet_756
[2016.12.07-05.58.00:678][693]LogBlueprint:Error: [Compiler FarmsteadWidget] Error The property associated with  Day  could not be found
[2016.12.07-05.58.00:843][693]BlueprintEditorCompileResults:Warning: Warning Could not find a variable named "Day" in 'FarmsteadWidget_C'.
Make sure 'FarmsteadWidget_C' has been compiled for  K2Node_VariableGet_756
[2016.12.07-05.58.00:843][693]BlueprintEditorCompileResults:Error: Error The property associated with  Day  could not be found
[2016.12.07-05.58.00:843][693]LogBlueprint:Warning: [Compiler FarmsteadWidget] Warning [1363.58] Compile of FarmsteadWidget failed. 1 Fatal Issue(s) 1 Warning(s) [in 228 ms] (/Game/BP/Widgets/FarmsteadWidget.FarmsteadWidget)
[2016.12.07-05.59.15:404][274]BlueprintLog: New page: Compile FarmsteadWidget
[2016.12.07-05.59.15:432][274]LogBlueprint:Error: [Compiler FarmsteadWidget] Error This blueprint (self) is not a TextBlock, therefore ' self ' must have a connection.
[2016.12.07-05.59.15:559][274]BlueprintEditorCompileResults:Error: Error This blueprint (self) is not a TextBlock, therefore ' self ' must have a connection.
[2016.12.07-05.59.15:559][274]LogBlueprint:Warning: [Compiler FarmsteadWidget] Warning [1438.29] Compile of FarmsteadWidget failed. 1 Fatal Issue(s) 0 Warning(s) [in 154 ms] (/Game/BP/Widgets/FarmsteadWidget.FarmsteadWidget)
[2016.12.07-05.59.15:884][285]Cmd: OBJ SAVEPACKAGE PACKAGE="/Game/BP/Widgets/FarmsteadWidget" FILE="../../../../../../Admin/Documents/GitHub Repositories/EclypseUE4/ProjectEclypse/Content/BP/Widgets/FarmsteadWidget.uasset" SILENT=true
[2016.12.07-05.59.15:902][285]LogSavePackage: Save=13.55ms
[2016.12.07-05.59.15:902][285]LogSavePackage: Moving '../../../../../../Admin/Documents/GitHub Repositories/EclypseUE4/ProjectEclypse/Saved/FarmsteadWidget90B3A8F2468BC24AC5397A93AAC26EEB.tmp' to '../../../../../../Admin/Documents/GitHub Repositories/EclypseUE4/ProjectEclypse/Content/BP/Widgets/FarmsteadWidget.uasset'
[2016.12.07-05.59.15:903][285]LogSavePackage:Display: Finished SavePackage ../../../../../../Admin/Documents/GitHub Repositories/EclypseUE4/ProjectEclypse/Content/BP/Widgets/FarmsteadWidget.uasset
[2016.12.07-05.59.24:921][802]BlueprintLog: New page: Compile FarmsteadWidget
[2016.12.07-05.59.25:449][818]Cmd: OBJ SAVEPACKAGE PACKAGE="/Game/BP/Widgets/FarmsteadWidget" FILE="../../../../../../Admin/Documents/GitHub Repositories/EclypseUE4/ProjectEclypse/Content/BP/Widgets/FarmsteadWidget.uasset" SILENT=true
[2016.12.07-05.59.25:466][818]LogSavePackage: Save=13.94ms
[2016.12.07-05.59.25:466][818]LogSavePackage: Moving '../../../../../../Admin/Documents/GitHub Repositories/EclypseUE4/ProjectEclypse/Saved/FarmsteadWidgetB66BCFD746CF806C55A630A75DE5E0B8.tmp' to '../../../../../../Admin/Documents/GitHub Repositories/EclypseUE4/ProjectEclypse/Content/BP/Widgets/FarmsteadWidget.uasset'
[2016.12.07-05.59.25:468][818]LogSavePackage:Display: Finished SavePackage ../../../../../../Admin/Documents/GitHub Repositories/EclypseUE4/ProjectEclypse/Content/BP/Widgets/FarmsteadWidget.uasset
[2016.12.07-05.59.26:051][848]LogBlueprintUserMessages: Early PlayInEditor Detection: Level '/Game/Maps/EclypseVillage.EclypseVillage:PersistentLevel' has LevelScriptBlueprint '/Game/Maps/EclypseVillage.EclypseVillage:PersistentLevel.EclypseVillage' with GeneratedClass '/Game/Maps/EclypseVillage.EclypseVillage_C' with ClassGeneratedBy '/Game/Maps/EclypseVillage.EclypseVillage:PersistentLevel.EclypseVillage'
[2016.12.07-05.59.26:051][848]LogPlayLevel: PlayLevel: No blueprints needed recompiling
[2016.12.07-05.59.26:052][848]OCULUS: Debug: [HMDState] Using default profile default
[2016.12.07-05.59.26:052][848]OCULUS: Info: IAD changed to 64.6mm
[2016.12.07-05.59.26:052][848]LogHMD: New ovr session is created
[2016.12.07-05.59.26:052][848]LogHMD: HMD Oculus Rift CV1, res = 2160 x 1200
[2016.12.07-05.59.26:052][848]PIE: New page: PIE session: EclypseVillage (8 Dec 2016 2:59:26 am)
[2016.12.07-05.59.26:052][848]LogPlayLevel: Creating play world package: /Game/Maps/UEDPIE_0_EclypseVillage
[2016.12.07-05.59.26:059][848]LogPlayLevel: PIE: StaticDuplicateObject took: (0.007290s)
[2016.12.07-05.59.26:060][848]LogAIModule: Creating AISystem for world EclypseVillage
[2016.12.07-05.59.26:060][848]LogPlayLevel: PIE: World Init took: (0.000654s)
[2016.12.07-05.59.26:060][848]LogPlayLevel: PIE: Created PIE world by copying editor world from /Game/Maps/EclypseVillage.EclypseVillage to /Game/Maps/UEDPIE_0_EclypseVillage.EclypseVillage (0.008127s)
[2016.12.07-05.59.26:081][848]LogInit: XAudio2 using 'Speakers (Realtek High Definition Audio)' : 8 channels at 48 kHz using 32 bits per sample (channel mask 0x63f)
[2016.12.07-05.59.26:112][848]LogInit: FAudioDevice initialized.
[2016.12.07-05.59.26:145][848]LogWorld: Game class is 'GameManager_C'
[2016.12.07-05.59.26:148][848]LogWorld: Bringing World /Game/Maps/UEDPIE_0_EclypseVillage.EclypseVillage up for play (max tick rate 0) at 2016.12.07-16.59.26
[2016.12.07-05.59.26:148][848]LogWorld: Bringing up level for play took: 0.001864
[2016.12.07-05.59.26:148][848]LogGameMode:Display: Match State Changed from EnteringMap to WaitingToStart
[2016.12.07-05.59.26:148][848]LogGameState: Match State Changed from EnteringMap to WaitingToStart
[2016.12.07-05.59.26:148][848]LogGameMode:Display: Match State Changed from WaitingToStart to InProgress
[2016.12.07-05.59.26:150][848]LogGameState: Match State Changed from WaitingToStart to InProgress
[2016.12.07-05.59.26:152][848]PIE: Info Play in editor start time for /Game/Maps/UEDPIE_0_EclypseVillage 1.056
[2016.12.07-05.59.26:152][848]LogBlueprintUserMessages: Late PlayInEditor Detection: Level '/Game/Maps/EclypseVillage.EclypseVillage:PersistentLevel' has LevelScriptBlueprint '/Game/Maps/EclypseVillage.EclypseVillage:PersistentLevel.EclypseVillage' with GeneratedClass '/Game/Maps/EclypseVillage.EclypseVillage_C' with ClassGeneratedBy '/Game/Maps/EclypseVillage.EclypseVillage:PersistentLevel.EclypseVillage'
[2016.12.07-05.59.26:164][848]LogRenderer: Reallocating scene render targets to support 1292x756 (Frame:2540).
[2016.12.07-05.59.33:665][117]LogBlueprintUserMessages: Early EndPlayMap Detection: Level '/Game/Maps/EclypseVillage.EclypseVillage:PersistentLevel' has LevelScriptBlueprint '/Game/Maps/EclypseVillage.EclypseVillage:PersistentLevel.EclypseVillage' with GeneratedClass '/Game/Maps/EclypseVillage.EclypseVillage_C' with ClassGeneratedBy '/Game/Maps/EclypseVillage.EclypseVillage:PersistentLevel.EclypseVillage'
[2016.12.07-05.59.33:666][117]LogHMD: Destroying ovr session
[2016.12.07-05.59.33:709][117]LogBlueprintUserMessages: Late EndPlayMap Detection: Level '/Game/Maps/EclypseVillage.EclypseVillage:PersistentLevel' has LevelScriptBlueprint '/Game/Maps/EclypseVillage.EclypseVillage:PersistentLevel.EclypseVillage' with GeneratedClass '/Game/Maps/EclypseVillage.EclypseVillage_C' with ClassGeneratedBy '/Game/Maps/EclypseVillage.EclypseVillage:PersistentLevel.EclypseVillage'
[2016.12.07-05.59.50:501][360]BlueprintLog: New page: Compile FarmsteadWidget
[2016.12.07-05.59.51:094][378]Cmd: OBJ SAVEPACKAGE PACKAGE="/Game/BP/Widgets/FarmsteadWidget" FILE="../../../../../../Admin/Documents/GitHub Repositories/EclypseUE4/ProjectEclypse/Content/BP/Widgets/FarmsteadWidget.uasset" SILENT=true
[2016.12.07-05.59.51:112][378]LogSavePackage: Save=14.62ms
[2016.12.07-05.59.51:112][378]LogSavePackage: Moving '../../../../../../Admin/Documents/GitHub Repositories/EclypseUE4/ProjectEclypse/Saved/FarmsteadWidgetBF8714DD49501116A299FFA26C06A14F.tmp' to '../../../../../../Admin/Documents/GitHub Repositories/EclypseUE4/ProjectEclypse/Content/BP/Widgets/FarmsteadWidget.uasset'
[2016.12.07-05.59.51:114][378]LogSavePackage:Display: Finished SavePackage ../../../../../../Admin/Documents/GitHub Repositories/EclypseUE4/ProjectEclypse/Content/BP/Widgets/FarmsteadWidget.uasset
[2016.12.07-05.59.51:700][400]LogBlueprintUserMessages: Early PlayInEditor Detection: Level '/Game/Maps/EclypseVillage.EclypseVillage:PersistentLevel' has LevelScriptBlueprint '/Game/Maps/EclypseVillage.EclypseVillage:PersistentLevel.EclypseVillage' with GeneratedClass '/Game/Maps/EclypseVillage.EclypseVillage_C' with ClassGeneratedBy '/Game/Maps/EclypseVillage.EclypseVillage:PersistentLevel.EclypseVillage'
[2016.12.07-05.59.51:700][400]LogPlayLevel: PlayLevel: No blueprints needed recompiling
[2016.12.07-05.59.51:700][400]OCULUS: Debug: [HMDState] Using default profile default
[2016.12.07-05.59.51:700][400]OCULUS: Info: IAD changed to 64.6mm
[2016.12.07-05.59.51:700][400]LogHMD: New ovr session is created
[2016.12.07-05.59.51:707][400]LogHMD: HMD Oculus Rift CV1, res = 2160 x 1200
[2016.12.07-05.59.51:707][400]PIE: New page: PIE session: EclypseVillage (8 Dec 2016 2:59:51 am)
[2016.12.07-05.59.51:707][400]LogPlayLevel: Creating play world package: /Game/Maps/UEDPIE_0_EclypseVillage
[2016.12.07-05.59.51:714][400]LogPlayLevel: PIE: StaticDuplicateObject took: (0.006805s)
[2016.12.07-05.59.51:714][400]LogAIModule: Creating AISystem for world EclypseVillage
[2016.12.07-05.59.51:715][400]LogPlayLevel: PIE: World Init took: (0.000601s)
[2016.12.07-05.59.51:715][400]LogPlayLevel: PIE: Created PIE world by copying editor world from /Game/Maps/EclypseVillage.EclypseVillage to /Game/Maps/UEDPIE_0_EclypseVillage.EclypseVillage (0.007572s)
[2016.12.07-05.59.51:736][400]LogInit: XAudio2 using 'Speakers (Realtek High Definition Audio)' : 8 channels at 48 kHz using 32 bits per sample (channel mask 0x63f)
[2016.12.07-05.59.51:766][400]LogInit: FAudioDevice initialized.
[2016.12.07-05.59.51:801][400]LogWorld: Game class is 'GameManager_C'
[2016.12.07-05.59.51:803][400]LogWorld: Bringing World /Game/Maps/UEDPIE_0_EclypseVillage.EclypseVillage up for play (max tick rate 0) at 2016.12.07-16.59.51
[2016.12.07-05.59.51:803][400]LogWorld: Bringing up level for play took: 0.002007
[2016.12.07-05.59.51:804][400]LogGameMode:Display: Match State Changed from EnteringMap to WaitingToStart
[2016.12.07-05.59.51:804][400]LogGameState: Match State Changed from EnteringMap to WaitingToStart
[2016.12.07-05.59.51:804][400]LogGameMode:Display: Match State Changed from WaitingToStart to InProgress
[2016.12.07-05.59.51:806][400]LogGameState: Match State Changed from WaitingToStart to InProgress
[2016.12.07-05.59.51:808][400]PIE: Info Play in editor start time for /Game/Maps/UEDPIE_0_EclypseVillage 0.712
[2016.12.07-05.59.51:808][400]LogBlueprintUserMessages: Late PlayInEditor Detection: Level '/Game/Maps/EclypseVillage.EclypseVillage:PersistentLevel' has LevelScriptBlueprint '/Game/Maps/EclypseVillage.EclypseVillage:PersistentLevel.EclypseVillage' with GeneratedClass '/Game/Maps/EclypseVillage.EclypseVillage_C' with ClassGeneratedBy '/Game/Maps/EclypseVillage.EclypseVillage:PersistentLevel.EclypseVillage'
[2016.12.07-06.00.04:374][848]LogBlueprintUserMessages: Early EndPlayMap Detection: Level '/Game/Maps/EclypseVillage.EclypseVillage:PersistentLevel' has LevelScriptBlueprint '/Game/Maps/EclypseVillage.EclypseVillage:PersistentLevel.EclypseVillage' with GeneratedClass '/Game/Maps/EclypseVillage.EclypseVillage_C' with ClassGeneratedBy '/Game/Maps/EclypseVillage.EclypseVillage:PersistentLevel.EclypseVillage'
[2016.12.07-06.00.04:409][848]LogHMD: Destroying ovr session
[2016.12.07-06.00.04:450][848]LogBlueprintUserMessages: Late EndPlayMap Detection: Level '/Game/Maps/EclypseVillage.EclypseVillage:PersistentLevel' has LevelScriptBlueprint '/Game/Maps/EclypseVillage.EclypseVillage:PersistentLevel.EclypseVillage' with GeneratedClass '/Game/Maps/EclypseVillage.EclypseVillage_C' with ClassGeneratedBy '/Game/Maps/EclypseVillage.EclypseVillage:PersistentLevel.EclypseVillage'
[2016.12.07-06.01.05:325][765]BlueprintLog: New page: Compile FarmsteadWidget
[2016.12.07-06.01.05:815][779]Cmd: OBJ SAVEPACKAGE PACKAGE="/Game/BP/Widgets/FarmsteadWidget" FILE="../../../../../../Admin/Documents/GitHub Repositories/EclypseUE4/ProjectEclypse/Content/BP/Widgets/FarmsteadWidget.uasset" SILENT=true
[2016.12.07-06.01.05:836][779]LogSavePackage: Save=14.43ms
[2016.12.07-06.01.05:836][779]LogSavePackage: Moving '../../../../../../Admin/Documents/GitHub Repositories/EclypseUE4/ProjectEclypse/Saved/FarmsteadWidget2CBF259A45FF650923765B94613D1402.tmp' to '../../../../../../Admin/Documents/GitHub Repositories/EclypseUE4/ProjectEclypse/Content/BP/Widgets/FarmsteadWidget.uasset'
[2016.12.07-06.01.05:837][779]LogSavePackage:Display: Finished SavePackage ../../../../../../Admin/Documents/GitHub Repositories/EclypseUE4/ProjectEclypse/Content/BP/Widgets/FarmsteadWidget.uasset
[2016.12.07-06.01.06:376][798]LogBlueprintUserMessages: Early PlayInEditor Detection: Level '/Game/Maps/EclypseVillage.EclypseVillage:PersistentLevel' has LevelScriptBlueprint '/Game/Maps/EclypseVillage.EclypseVillage:PersistentLevel.EclypseVillage' with GeneratedClass '/Game/Maps/EclypseVillage.EclypseVillage_C' with ClassGeneratedBy '/Game/Maps/EclypseVillage.EclypseVillage:PersistentLevel.EclypseVillage'
[2016.12.07-06.01.06:376][798]LogPlayLevel: PlayLevel: No blueprints needed recompiling
[2016.12.07-06.01.06:376][798]OCULUS: Debug: [HMDState] Using default profile default
[2016.12.07-06.01.06:377][798]OCULUS: Info: IAD changed to 64.6mm
[2016.12.07-06.01.06:377][798]LogHMD: New ovr session is created
[2016.12.07-06.01.06:384][798]LogHMD: HMD Oculus Rift CV1, res = 2160 x 1200
[2016.12.07-06.01.06:384][798]PIE: New page: PIE session: EclypseVillage (8 Dec 2016 3:01:06 am)
[2016.12.07-06.01.06:384][798]LogPlayLevel: Creating play world package: /Game/Maps/UEDPIE_0_EclypseVillage
[2016.12.07-06.01.06:392][798]LogPlayLevel: PIE: StaticDuplicateObject took: (0.008044s)
[2016.12.07-06.01.06:393][798]LogAIModule: Creating AISystem for world EclypseVillage
[2016.12.07-06.01.06:393][798]LogPlayLevel: PIE: World Init took: (0.000787s)
[2016.12.07-06.01.06:393][798]LogPlayLevel: PIE: Created PIE world by copying editor world from /Game/Maps/EclypseVillage.EclypseVillage to /Game/Maps/UEDPIE_0_EclypseVillage.EclypseVillage (0.009000s)
[2016.12.07-06.01.06:415][798]LogInit: XAudio2 using 'Speakers (Realtek High Definition Audio)' : 8 channels at 48 kHz using 32 bits per sample (channel mask 0x63f)
[2016.12.07-06.01.06:446][798]LogInit: FAudioDevice initialized.
[2016.12.07-06.01.06:483][798]LogWorld: Game class is 'GameManager_C'
[2016.12.07-06.01.06:485][798]LogWorld: Bringing World /Game/Maps/UEDPIE_0_EclypseVillage.EclypseVillage up for play (max tick rate 0) at 2016.12.07-17.01.06
[2016.12.07-06.01.06:485][798]LogWorld: Bringing up level for play took: 0.001779
[2016.12.07-06.01.06:486][798]LogGameMode:Display: Match State Changed from EnteringMap to WaitingToStart
[2016.12.07-06.01.06:486][798]LogGameState: Match State Changed from EnteringMap to WaitingToStart
[2016.12.07-06.01.06:486][798]LogGameMode:Display: Match State Changed from WaitingToStart to InProgress
[2016.12.07-06.01.06:488][798]LogGameState: Match State Changed from WaitingToStart to InProgress
[2016.12.07-06.01.06:490][798]PIE: Info Play in editor start time for /Game/Maps/UEDPIE_0_EclypseVillage -0.606
[2016.12.07-06.01.06:490][798]LogBlueprintUserMessages: Late PlayInEditor Detection: Level '/Game/Maps/EclypseVillage.EclypseVillage:PersistentLevel' has LevelScriptBlueprint '/Game/Maps/EclypseVillage.EclypseVillage:PersistentLevel.EclypseVillage' with GeneratedClass '/Game/Maps/EclypseVillage.EclypseVillage_C' with ClassGeneratedBy '/Game/Maps/EclypseVillage.EclypseVillage:PersistentLevel.EclypseVillage'
[2016.12.07-06.01.21:403][338]LogBlueprintUserMessages: Early EndPlayMap Detection: Level '/Game/Maps/EclypseVillage.EclypseVillage:PersistentLevel' has LevelScriptBlueprint '/Game/Maps/EclypseVillage.EclypseVillage:PersistentLevel.EclypseVillage' with GeneratedClass '/Game/Maps/EclypseVillage.EclypseVillage_C' with ClassGeneratedBy '/Game/Maps/EclypseVillage.EclypseVillage:PersistentLevel.EclypseVillage'
[2016.12.07-06.01.21:403][338]LogHMD: Destroying ovr session
[2016.12.07-06.01.21:435][338]LogBlueprintUserMessages: Late EndPlayMap Detection: Level '/Game/Maps/EclypseVillage.EclypseVillage:PersistentLevel' has LevelScriptBlueprint '/Game/Maps/EclypseVillage.EclypseVillage:PersistentLevel.EclypseVillage' with GeneratedClass '/Game/Maps/EclypseVillage.EclypseVillage_C' with ClassGeneratedBy '/Game/Maps/EclypseVillage.EclypseVillage:PersistentLevel.EclypseVillage'
[2016.12.07-06.01.23:963][587]Cmd: OBJ SAVEPACKAGE PACKAGE="/Game/BP/Widgets/FarmsteadWidget" FILE="../../../../../../Admin/Documents/GitHub Repositories/EclypseUE4/ProjectEclypse/Content/BP/Widgets/FarmsteadWidget.uasset" SILENT=true
[2016.12.07-06.01.23:981][587]LogSavePackage: Save=15.21ms
[2016.12.07-06.01.23:981][587]LogSavePackage: Moving '../../../../../../Admin/Documents/GitHub Repositories/EclypseUE4/ProjectEclypse/Saved/FarmsteadWidget2C48D3AF4561A90C3EF01DBFF8317F03.tmp' to '../../../../../../Admin/Documents/GitHub Repositories/EclypseUE4/ProjectEclypse/Content/BP/Widgets/FarmsteadWidget.uasset'
[2016.12.07-06.01.23:982][587]LogSavePackage:Display: Finished SavePackage ../../../../../../Admin/Documents/GitHub Repositories/EclypseUE4/ProjectEclypse/Content/BP/Widgets/FarmsteadWidget.uasset
[2016.12.07-06.01.37:780][961]LogBlueprint:Warning: [SoothsayerWidget] 'Chickensinthedan' variable not found. Base class was probably changed.
[2016.12.07-06.02.13:423][698]LogSavePackage: Save=19.70ms
[2016.12.07-06.02.13:423][698]LogSavePackage: Moving '../../../../../../Admin/Documents/GitHub Repositories/EclypseUE4/ProjectEclypse/Saved/SoothsayerWidget2547222045EEEEA38D1A9ABF95891668.tmp' to '../../../../../../Admin/Documents/GitHub Repositories/EclypseUE4/ProjectEclypse/Content/BP/Widgets/SoothsayerWidget.uasset'
[2016.12.07-06.02.13:425][698]LogSavePackage:Display: Finished SavePackage ../../../../../../Admin/Documents/GitHub Repositories/EclypseUE4/ProjectEclypse/Content/BP/Widgets/SoothsayerWidget.uasset
[2016.12.07-06.02.13:676][708]BlueprintLog: New page: Compile SoothsayerWidget
[2016.12.07-06.02.14:113][717]LogSavePackage: Save=19.72ms
[2016.12.07-06.02.14:113][717]LogSavePackage: Moving '../../../../../../Admin/Documents/GitHub Repositories/EclypseUE4/ProjectEclypse/Saved/SoothsayerWidget5A99F9E24A781454FFA3DB9EA629FEA1.tmp' to '../../../../../../Admin/Documents/GitHub Repositories/EclypseUE4/ProjectEclypse/Content/BP/Widgets/SoothsayerWidget.uasset'
[2016.12.07-06.02.14:114][717]LogSavePackage:Display: Finished SavePackage ../../../../../../Admin/Documents/GitHub Repositories/EclypseUE4/ProjectEclypse/Content/BP/Widgets/SoothsayerWidget.uasset
[2016.12.07-06.02.35:795][ 39]BlueprintLog: New page: Compile SoothsayerWidget
[2016.12.07-06.02.35:826][ 39]LogBlueprint:Warning: [Compiler SoothsayerWidget] Warning Could not find a variable named "TextChickenleftnumber" in 'SoothsayerWidget_C'.
Make sure 'SoothsayerWidget_C' has been compiled for  K2Node_VariableGet_53
[2016.12.07-06.02.35:826][ 39]LogBlueprint:Warning: [Compiler SoothsayerWidget] Warning Could not find a variable named "TextChickenleftnumber" in 'SoothsayerWidget_C'.
Make sure 'SoothsayerWidget_C' has been compiled for  K2Node_VariableGet_75
[2016.12.07-06.02.35:827][ 39]LogBlueprint:Error: [Compiler SoothsayerWidget] Error The property associated with  TextChickenleftnumber  could not be found
[2016.12.07-06.02.35:827][ 39]LogBlueprint:Error: [Compiler SoothsayerWidget] Error The property associated with  TextChickenleftnumber  could not be found
[2016.12.07-06.02.36:017][ 39]BlueprintEditorCompileResults:Warning: Warning Could not find a variable named "TextChickenleftnumber" in 'SoothsayerWidget_C'.
Make sure 'SoothsayerWidget_C' has been compiled for  K2Node_VariableGet_53
[2016.12.07-06.02.36:017][ 39]BlueprintEditorCompileResults:Warning: Warning Could not find a variable named "TextChickenleftnumber" in 'SoothsayerWidget_C'.
Make sure 'SoothsayerWidget_C' has been compiled for  K2Node_VariableGet_75
[2016.12.07-06.02.36:017][ 39]BlueprintEditorCompileResults:Error: Error The property associated with  TextChickenleftnumber  could not be found
[2016.12.07-06.02.36:017][ 39]BlueprintEditorCompileResults:Error: Error The property associated with  TextChickenleftnumber  could not be found
[2016.12.07-06.02.36:017][ 39]LogBlueprint:Warning: [Compiler SoothsayerWidget] Warning [1638.75] Compile of SoothsayerWidget failed. 2 Fatal Issue(s) 2 Warning(s) [in 221 ms] (/Game/BP/Widgets/SoothsayerWidget.SoothsayerWidget)
[2016.12.07-06.02.36:257][ 45]LogSavePackage: Save=18.84ms
[2016.12.07-06.02.36:257][ 45]LogSavePackage: Moving '../../../../../../Admin/Documents/GitHub Repositories/EclypseUE4/ProjectEclypse/Saved/SoothsayerWidget7BA8449042BF74F845D28EB80D78C79B.tmp' to '../../../../../../Admin/Documents/GitHub Repositories/EclypseUE4/ProjectEclypse/Content/BP/Widgets/SoothsayerWidget.uasset'
[2016.12.07-06.02.36:258][ 45]LogSavePackage:Display: Finished SavePackage ../../../../../../Admin/Documents/GitHub Repositories/EclypseUE4/ProjectEclypse/Content/BP/Widgets/SoothsayerWidget.uasset
[2016.12.07-06.02.55:402][233]BlueprintLog: New page: Compile SoothsayerWidget
[2016.12.07-06.02.55:432][233]LogBlueprint:Warning: [Compiler SoothsayerWidget] Warning Could not find a variable named "TextChickenleftnumber" in 'SoothsayerWidget_C'.
Make sure 'SoothsayerWidget_C' has been compiled for  K2Node_VariableGet_75
[2016.12.07-06.02.55:432][233]LogBlueprint:Error: [Compiler SoothsayerWidget] Error The property associated with  TextChickenleftnumber  could not be found
[2016.12.07-06.02.55:559][233]BlueprintEditorCompileResults:Warning: Warning Could not find a variable named "TextChickenleftnumber" in 'SoothsayerWidget_C'.
Make sure 'SoothsayerWidget_C' has been compiled for  K2Node_VariableGet_75
[2016.12.07-06.02.55:559][233]BlueprintEditorCompileResults:Error: Error The property associated with  TextChickenleftnumber  could not be found
[2016.12.07-06.02.55:559][233]LogBlueprint:Warning: [Compiler SoothsayerWidget] Warning [1658.29] Compile of SoothsayerWidget failed. 1 Fatal Issue(s) 1 Warning(s) [in 156 ms] (/Game/BP/Widgets/SoothsayerWidget.SoothsayerWidget)
[2016.12.07-06.02.56:040][249]LogSavePackage: Save=18.75ms
[2016.12.07-06.02.56:040][249]LogSavePackage: Moving '../../../../../../Admin/Documents/GitHub Repositories/EclypseUE4/ProjectEclypse/Saved/SoothsayerWidgetE383C53649A28A45A4F42C811D1940EC.tmp' to '../../../../../../Admin/Documents/GitHub Repositories/EclypseUE4/ProjectEclypse/Content/BP/Widgets/SoothsayerWidget.uasset'
[2016.12.07-06.02.56:041][249]LogSavePackage:Display: Finished SavePackage ../../../../../../Admin/Documents/GitHub Repositories/EclypseUE4/ProjectEclypse/Content/BP/Widgets/SoothsayerWidget.uasset
[2016.12.07-06.03.20:620][980]BlueprintLog: New page: Compile SoothsayerWidget
[2016.12.07-06.03.21:127][994]LogSavePackage: Save=18.06ms
[2016.12.07-06.03.21:127][994]LogSavePackage: Moving '../../../../../../Admin/Documents/GitHub Repositories/EclypseUE4/ProjectEclypse/Saved/SoothsayerWidgetEE053F6A4ACDE56D09E49C8D0F47413F.tmp' to '../../../../../../Admin/Documents/GitHub Repositories/EclypseUE4/ProjectEclypse/Content/BP/Widgets/SoothsayerWidget.uasset'
[2016.12.07-06.03.21:128][994]LogSavePackage:Display: Finished SavePackage ../../../../../../Admin/Documents/GitHub Repositories/EclypseUE4/ProjectEclypse/Content/BP/Widgets/SoothsayerWidget.uasset
[2016.12.07-06.03.22:015][ 55]LogBlueprintUserMessages: Early PlayInEditor Detection: Level '/Game/Maps/EclypseVillage.EclypseVillage:PersistentLevel' has LevelScriptBlueprint '/Game/Maps/EclypseVillage.EclypseVillage:PersistentLevel.EclypseVillage' with GeneratedClass '/Game/Maps/EclypseVillage.EclypseVillage_C' with ClassGeneratedBy '/Game/Maps/EclypseVillage.EclypseVillage:PersistentLevel.EclypseVillage'
[2016.12.07-06.03.22:015][ 55]LogPlayLevel: PlayLevel: No blueprints needed recompiling
[2016.12.07-06.03.22:017][ 55]OCULUS: Debug: [HMDState] Using default profile default
[2016.12.07-06.03.22:017][ 55]OCULUS: Info: IAD changed to 64.6mm
[2016.12.07-06.03.22:017][ 55]LogHMD: New ovr session is created
[2016.12.07-06.03.22:023][ 55]LogHMD: HMD Oculus Rift CV1, res = 2160 x 1200
[2016.12.07-06.03.22:023][ 55]PIE: New page: PIE session: EclypseVillage (8 Dec 2016 3:03:22 am)
[2016.12.07-06.03.22:023][ 55]LogPlayLevel: Creating play world package: /Game/Maps/UEDPIE_0_EclypseVillage
[2016.12.07-06.03.22:030][ 55]LogPlayLevel: PIE: StaticDuplicateObject took: (0.007620s)
[2016.12.07-06.03.22:031][ 55]LogAIModule: Creating AISystem for world EclypseVillage
[2016.12.07-06.03.22:031][ 55]LogPlayLevel: PIE: World Init took: (0.000830s)
[2016.12.07-06.03.22:031][ 55]LogPlayLevel: PIE: Created PIE world by copying editor world from /Game/Maps/EclypseVillage.EclypseVillage to /Game/Maps/UEDPIE_0_EclypseVillage.EclypseVillage (0.008635s)
[2016.12.07-06.03.22:054][ 55]LogInit: XAudio2 using 'Speakers (Realtek High Definition Audio)' : 8 channels at 48 kHz using 32 bits per sample (channel mask 0x63f)
[2016.12.07-06.03.22:085][ 55]LogInit: FAudioDevice initialized.
[2016.12.07-06.03.22:120][ 55]LogWorld: Game class is 'GameManager_C'
[2016.12.07-06.03.22:122][ 55]LogWorld: Bringing World /Game/Maps/UEDPIE_0_EclypseVillage.EclypseVillage up for play (max tick rate 0) at 2016.12.07-17.03.22
[2016.12.07-06.03.22:123][ 55]LogWorld: Bringing up level for play took: 0.002063
[2016.12.07-06.03.22:123][ 55]LogGameMode:Display: Match State Changed from EnteringMap to WaitingToStart
[2016.12.07-06.03.22:123][ 55]LogGameState: Match State Changed from EnteringMap to WaitingToStart
[2016.12.07-06.03.22:123][ 55]LogGameMode:Display: Match State Changed from WaitingToStart to InProgress
[2016.12.07-06.03.22:125][ 55]LogGameState: Match State Changed from WaitingToStart to InProgress
[2016.12.07-06.03.22:127][ 55]PIE: Info Play in editor start time for /Game/Maps/UEDPIE_0_EclypseVillage 1.031
[2016.12.07-06.03.22:127][ 55]LogBlueprintUserMessages: Late PlayInEditor Detection: Level '/Game/Maps/EclypseVillage.EclypseVillage:PersistentLevel' has LevelScriptBlueprint '/Game/Maps/EclypseVillage.EclypseVillage:PersistentLevel.EclypseVillage' with GeneratedClass '/Game/Maps/EclypseVillage.EclypseVillage_C' with ClassGeneratedBy '/Game/Maps/EclypseVillage.EclypseVillage:PersistentLevel.EclypseVillage'
[2016.12.07-06.03.33:924][474]LogBlueprintUserMessages: Early EndPlayMap Detection: Level '/Game/Maps/EclypseVillage.EclypseVillage:PersistentLevel' has LevelScriptBlueprint '/Game/Maps/EclypseVillage.EclypseVillage:PersistentLevel.EclypseVillage' with GeneratedClass '/Game/Maps/EclypseVillage.EclypseVillage_C' with ClassGeneratedBy '/Game/Maps/EclypseVillage.EclypseVillage:PersistentLevel.EclypseVillage'
[2016.12.07-06.03.33:958][474]LogHMD: Destroying ovr session
[2016.12.07-06.03.33:996][474]LogBlueprintUserMessages: Late EndPlayMap Detection: Level '/Game/Maps/EclypseVillage.EclypseVillage:PersistentLevel' has LevelScriptBlueprint '/Game/Maps/EclypseVillage.EclypseVillage:PersistentLevel.EclypseVillage' with GeneratedClass '/Game/Maps/EclypseVillage.EclypseVillage_C' with ClassGeneratedBy '/Game/Maps/EclypseVillage.EclypseVillage:PersistentLevel.EclypseVillage'
[2016.12.07-06.03.35:453][587]LogSavePackage: Save=18.24ms
[2016.12.07-06.03.35:453][587]LogSavePackage: Moving '../../../../../../Admin/Documents/GitHub Repositories/EclypseUE4/ProjectEclypse/Saved/SoothsayerWidgetE86537A34560F4FD03B6FBB17A5A18CD.tmp' to '../../../../../../Admin/Documents/GitHub Repositories/EclypseUE4/ProjectEclypse/Content/BP/Widgets/SoothsayerWidget.uasset'
[2016.12.07-06.03.35:453][587]LogSavePackage:Display: Finished SavePackage ../../../../../../Admin/Documents/GitHub Repositories/EclypseUE4/ProjectEclypse/Content/BP/Widgets/SoothsayerWidget.uasset
[2016.12.07-06.04.59:620][276]BlueprintLog: New page: Compile MainWidget
[2016.12.07-06.05.00:193][289]Cmd: OBJ SAVEPACKAGE PACKAGE="/Game/BP/Widgets/MainWidget" FILE="../../../../../../Admin/Documents/GitHub Repositories/EclypseUE4/ProjectEclypse/Content/BP/Widgets/MainWidget.uasset" SILENT=true
[2016.12.07-06.05.00:242][289]LogSavePackage: Save=42.95ms
[2016.12.07-06.05.00:242][289]LogSavePackage: Moving '../../../../../../Admin/Documents/GitHub Repositories/EclypseUE4/ProjectEclypse/Saved/MainWidget0630F1074C1550A43C3212973EFF30CA.tmp' to '../../../../../../Admin/Documents/GitHub Repositories/EclypseUE4/ProjectEclypse/Content/BP/Widgets/MainWidget.uasset'
[2016.12.07-06.05.00:244][289]LogSavePackage:Display: Finished SavePackage ../../../../../../Admin/Documents/GitHub Repositories/EclypseUE4/ProjectEclypse/Content/BP/Widgets/MainWidget.uasset
[2016.12.07-06.05.28:165][892]BlueprintLog: New page: Compile MainWidget
[2016.12.07-06.05.28:675][907]Cmd: OBJ SAVEPACKAGE PACKAGE="/Game/BP/Widgets/MainWidget" FILE="../../../../../../Admin/Documents/GitHub Repositories/EclypseUE4/ProjectEclypse/Content/BP/Widgets/MainWidget.uasset" SILENT=true
[2016.12.07-06.05.28:721][907]LogSavePackage: Save=42.49ms
[2016.12.07-06.05.28:721][907]LogSavePackage: Moving '../../../../../../Admin/Documents/GitHub Repositories/EclypseUE4/ProjectEclypse/Saved/MainWidget29188F1B499D70CD9AB18A86A738A4A1.tmp' to '../../../../../../Admin/Documents/GitHub Repositories/EclypseUE4/ProjectEclypse/Content/BP/Widgets/MainWidget.uasset'
[2016.12.07-06.05.28:723][907]LogSavePackage:Display: Finished SavePackage ../../../../../../Admin/Documents/GitHub Repositories/EclypseUE4/ProjectEclypse/Content/BP/Widgets/MainWidget.uasset
[2016.12.07-06.05.46:982][330]BlueprintLog: New page: Compile GameManager
[2016.12.07-06.05.47:553][343]Cmd: OBJ SAVEPACKAGE PACKAGE="/Game/BP/GameManager" FILE="../../../../../../Admin/Documents/GitHub Repositories/EclypseUE4/ProjectEclypse/Content/BP/GameManager.uasset" SILENT=true
[2016.12.07-06.05.47:606][343]LogSavePackage: Save=44.86ms
[2016.12.07-06.05.47:606][343]LogSavePackage: Moving '../../../../../../Admin/Documents/GitHub Repositories/EclypseUE4/ProjectEclypse/Saved/GameManagerB49B79934DE9CFF922663D8CA1FE273E.tmp' to '../../../../../../Admin/Documents/GitHub Repositories/EclypseUE4/ProjectEclypse/Content/BP/GameManager.uasset'
[2016.12.07-06.05.47:607][343]LogSavePackage:Display: Finished SavePackage ../../../../../../Admin/Documents/GitHub Repositories/EclypseUE4/ProjectEclypse/Content/BP/GameManager.uasset
[2016.12.07-06.06.18:555][337]BlueprintLog: New page: Compile GameManager
[2016.12.07-06.06.18:561][337]LogBlueprint:Error: [Compiler GameManager] Error Failed to resolve term  Value  passed into  Target
[2016.12.07-06.06.18:738][337]BlueprintEditorCompileResults:Error: Error Failed to resolve term  Value  passed into  Target
[2016.12.07-06.06.18:738][337]LogBlueprint:Warning: [Compiler GameManager] Warning [1861.47] Compile of GameManager failed. 1 Fatal Issue(s) 0 Warning(s) [in 182 ms] (/Game/BP/GameManager.GameManager)
[2016.12.07-06.06.19:196][360]Cmd: OBJ SAVEPACKAGE PACKAGE="/Game/BP/GameManager" FILE="../../../../../../Admin/Documents/GitHub Repositories/EclypseUE4/ProjectEclypse/Content/BP/GameManager.uasset" SILENT=true
[2016.12.07-06.06.19:211][360]LogSavePackage: Save=11.23ms
[2016.12.07-06.06.19:211][360]LogSavePackage: Moving '../../../../../../Admin/Documents/GitHub Repositories/EclypseUE4/ProjectEclypse/Saved/GameManager8BAB1B724203DA50EA26E5A3A543FB81.tmp' to '../../../../../../Admin/Documents/GitHub Repositories/EclypseUE4/ProjectEclypse/Content/BP/GameManager.uasset'
[2016.12.07-06.06.19:212][360]LogSavePackage:Display: Finished SavePackage ../../../../../../Admin/Documents/GitHub Repositories/EclypseUE4/ProjectEclypse/Content/BP/GameManager.uasset
[2016.12.07-06.06.41:620][424]BlueprintLog: New page: Compile GameManager
[2016.12.07-06.06.42:122][438]Cmd: OBJ SAVEPACKAGE PACKAGE="/Game/BP/GameManager" FILE="../../../../../../Admin/Documents/GitHub Repositories/EclypseUE4/ProjectEclypse/Content/BP/GameManager.uasset" SILENT=true
[2016.12.07-06.06.42:144][438]LogSavePackage: Save=18.02ms
[2016.12.07-06.06.42:144][438]LogSavePackage: Moving '../../../../../../Admin/Documents/GitHub Repositories/EclypseUE4/ProjectEclypse/Saved/GameManagerC4F6A8B24838315106A663BF177DBBE2.tmp' to '../../../../../../Admin/Documents/GitHub Repositories/EclypseUE4/ProjectEclypse/Content/BP/GameManager.uasset'
[2016.12.07-06.06.42:145][438]LogSavePackage:Display: Finished SavePackage ../../../../../../Admin/Documents/GitHub Repositories/EclypseUE4/ProjectEclypse/Content/BP/GameManager.uasset
[2016.12.07-06.07.26:933][276]BlueprintLog: New page: Compile MainWidget
[2016.12.07-06.07.27:417][287]Cmd: OBJ SAVEPACKAGE PACKAGE="/Game/BP/Widgets/MainWidget" FILE="../../../../../../Admin/Documents/GitHub Repositories/EclypseUE4/ProjectEclypse/Content/BP/Widgets/MainWidget.uasset" SILENT=true
[2016.12.07-06.07.27:464][287]LogSavePackage: Save=42.81ms
[2016.12.07-06.07.27:464][287]LogSavePackage: Moving '../../../../../../Admin/Documents/GitHub Repositories/EclypseUE4/ProjectEclypse/Saved/MainWidgetBA5569DB4BE4CA6B18A089AF633D71FD.tmp' to '../../../../../../Admin/Documents/GitHub Repositories/EclypseUE4/ProjectEclypse/Content/BP/Widgets/MainWidget.uasset'
[2016.12.07-06.07.27:465][287]LogSavePackage:Display: Finished SavePackage ../../../../../../Admin/Documents/GitHub Repositories/EclypseUE4/ProjectEclypse/Content/BP/Widgets/MainWidget.uasset
[2016.12.07-06.07.27:815][299]LogBlueprintUserMessages: Early PlayInEditor Detection: Level '/Game/Maps/EclypseVillage.EclypseVillage:PersistentLevel' has LevelScriptBlueprint '/Game/Maps/EclypseVillage.EclypseVillage:PersistentLevel.EclypseVillage' with GeneratedClass '/Game/Maps/EclypseVillage.EclypseVillage_C' with ClassGeneratedBy '/Game/Maps/EclypseVillage.EclypseVillage:PersistentLevel.EclypseVillage'
[2016.12.07-06.07.27:816][299]LogPlayLevel: PlayLevel: No blueprints needed recompiling
[2016.12.07-06.07.27:816][299]OCULUS: Debug: [HMDState] Using default profile default
[2016.12.07-06.07.27:816][299]OCULUS: Info: IAD changed to 64.6mm
[2016.12.07-06.07.27:816][299]LogHMD: New ovr session is created
[2016.12.07-06.07.27:816][299]LogHMD: HMD Oculus Rift CV1, res = 2160 x 1200
[2016.12.07-06.07.27:816][299]PIE: New page: PIE session: EclypseVillage (8 Dec 2016 3:07:27 am)
[2016.12.07-06.07.27:816][299]LogPlayLevel: Creating play world package: /Game/Maps/UEDPIE_0_EclypseVillage
[2016.12.07-06.07.27:825][299]LogPlayLevel: PIE: StaticDuplicateObject took: (0.008523s)
[2016.12.07-06.07.27:825][299]LogAIModule: Creating AISystem for world EclypseVillage
[2016.12.07-06.07.27:826][299]LogPlayLevel: PIE: World Init took: (0.000649s)
[2016.12.07-06.07.27:826][299]LogPlayLevel: PIE: Created PIE world by copying editor world from /Game/Maps/EclypseVillage.EclypseVillage to /Game/Maps/UEDPIE_0_EclypseVillage.EclypseVillage (0.009337s)
[2016.12.07-06.07.27:848][299]LogInit: XAudio2 using 'Speakers (Realtek High Definition Audio)' : 8 channels at 48 kHz using 32 bits per sample (channel mask 0x63f)
[2016.12.07-06.07.27:878][299]LogInit: FAudioDevice initialized.
[2016.12.07-06.07.27:915][299]LogWorld: Game class is 'GameManager_C'
[2016.12.07-06.07.27:917][299]LogWorld: Bringing World /Game/Maps/UEDPIE_0_EclypseVillage.EclypseVillage up for play (max tick rate 0) at 2016.12.07-17.07.27
[2016.12.07-06.07.27:918][299]LogWorld: Bringing up level for play took: 0.001984
[2016.12.07-06.07.27:918][299]LogGameMode:Display: Match State Changed from EnteringMap to WaitingToStart
[2016.12.07-06.07.27:918][299]LogGameState: Match State Changed from EnteringMap to WaitingToStart
[2016.12.07-06.07.27:918][299]LogGameMode:Display: Match State Changed from WaitingToStart to InProgress
[2016.12.07-06.07.27:920][299]LogGameState: Match State Changed from WaitingToStart to InProgress
[2016.12.07-06.07.27:925][299]PIE: Info Play in editor start time for /Game/Maps/UEDPIE_0_EclypseVillage 0.829
[2016.12.07-06.07.27:925][299]LogBlueprintUserMessages: Late PlayInEditor Detection: Level '/Game/Maps/EclypseVillage.EclypseVillage:PersistentLevel' has LevelScriptBlueprint '/Game/Maps/EclypseVillage.EclypseVillage:PersistentLevel.EclypseVillage' with GeneratedClass '/Game/Maps/EclypseVillage.EclypseVillage_C' with ClassGeneratedBy '/Game/Maps/EclypseVillage.EclypseVillage:PersistentLevel.EclypseVillage'
[2016.12.07-06.07.36:638][596]LogBlueprintUserMessages: Early EndPlayMap Detection: Level '/Game/Maps/EclypseVillage.EclypseVillage:PersistentLevel' has LevelScriptBlueprint '/Game/Maps/EclypseVillage.EclypseVillage:PersistentLevel.EclypseVillage' with GeneratedClass '/Game/Maps/EclypseVillage.EclypseVillage_C' with ClassGeneratedBy '/Game/Maps/EclypseVillage.EclypseVillage:PersistentLevel.EclypseVillage'
[2016.12.07-06.07.36:638][596]LogHMD: Destroying ovr session
[2016.12.07-06.07.36:681][596]LogBlueprintUserMessages: Late EndPlayMap Detection: Level '/Game/Maps/EclypseVillage.EclypseVillage:PersistentLevel' has LevelScriptBlueprint '/Game/Maps/EclypseVillage.EclypseVillage:PersistentLevel.EclypseVillage' with GeneratedClass '/Game/Maps/EclypseVillage.EclypseVillage_C' with ClassGeneratedBy '/Game/Maps/EclypseVillage.EclypseVillage:PersistentLevel.EclypseVillage'
[2016.12.07-06.08.03:984][320]LogBlueprintUserMessages: Early PlayInEditor Detection: Level '/Game/Maps/EclypseVillage.EclypseVillage:PersistentLevel' has LevelScriptBlueprint '/Game/Maps/EclypseVillage.EclypseVillage:PersistentLevel.EclypseVillage' with GeneratedClass '/Game/Maps/EclypseVillage.EclypseVillage_C' with ClassGeneratedBy '/Game/Maps/EclypseVillage.EclypseVillage:PersistentLevel.EclypseVillage'
[2016.12.07-06.08.03:984][320]LogPlayLevel: PlayLevel: No blueprints needed recompiling
[2016.12.07-06.08.03:984][320]OCULUS: Debug: [HMDState] Using default profile default
[2016.12.07-06.08.03:984][320]OCULUS: Info: IAD changed to 64.6mm
[2016.12.07-06.08.03:984][320]LogHMD: New ovr session is created
[2016.12.07-06.08.03:987][320]LogHMD: HMD Oculus Rift CV1, res = 2160 x 1200
[2016.12.07-06.08.03:987][320]PIE: New page: PIE session: EclypseVillage (8 Dec 2016 3:08:03 am)
[2016.12.07-06.08.03:987][320]LogPlayLevel: Creating play world package: /Game/Maps/UEDPIE_0_EclypseVillage
[2016.12.07-06.08.03:995][320]LogPlayLevel: PIE: StaticDuplicateObject took: (0.007122s)
[2016.12.07-06.08.03:995][320]LogAIModule: Creating AISystem for world EclypseVillage
[2016.12.07-06.08.03:995][320]LogPlayLevel: PIE: World Init took: (0.000578s)
[2016.12.07-06.08.03:995][320]LogPlayLevel: PIE: Created PIE world by copying editor world from /Game/Maps/EclypseVillage.EclypseVillage to /Game/Maps/UEDPIE_0_EclypseVillage.EclypseVillage (0.007874s)
[2016.12.07-06.08.04:019][320]LogInit: XAudio2 using 'Speakers (Realtek High Definition Audio)' : 8 channels at 48 kHz using 32 bits per sample (channel mask 0x63f)
[2016.12.07-06.08.04:049][320]LogInit: FAudioDevice initialized.
[2016.12.07-06.08.04:088][320]LogWorld: Game class is 'GameManager_C'
[2016.12.07-06.08.04:091][320]LogWorld: Bringing World /Game/Maps/UEDPIE_0_EclypseVillage.EclypseVillage up for play (max tick rate 0) at 2016.12.07-17.08.04
[2016.12.07-06.08.04:091][320]LogWorld: Bringing up level for play took: 0.001906
[2016.12.07-06.08.04:092][320]LogGameMode:Display: Match State Changed from EnteringMap to WaitingToStart
[2016.12.07-06.08.04:092][320]LogGameState: Match State Changed from EnteringMap to WaitingToStart
[2016.12.07-06.08.04:092][320]LogGameMode:Display: Match State Changed from WaitingToStart to InProgress
[2016.12.07-06.08.04:094][320]LogGameState: Match State Changed from WaitingToStart to InProgress
[2016.12.07-06.08.04:098][320]PIE: Info Play in editor start time for /Game/Maps/UEDPIE_0_EclypseVillage 1.002
[2016.12.07-06.08.04:098][320]LogBlueprintUserMessages: Late PlayInEditor Detection: Level '/Game/Maps/EclypseVillage.EclypseVillage:PersistentLevel' has LevelScriptBlueprint '/Game/Maps/EclypseVillage.EclypseVillage:PersistentLevel.EclypseVillage' with GeneratedClass '/Game/Maps/EclypseVillage.EclypseVillage_C' with ClassGeneratedBy '/Game/Maps/EclypseVillage.EclypseVillage:PersistentLevel.EclypseVillage'
[2016.12.07-06.08.06:496][403]LogBlueprintUserMessages: Early EndPlayMap Detection: Level '/Game/Maps/EclypseVillage.EclypseVillage:PersistentLevel' has LevelScriptBlueprint '/Game/Maps/EclypseVillage.EclypseVillage:PersistentLevel.EclypseVillage' with GeneratedClass '/Game/Maps/EclypseVillage.EclypseVillage_C' with ClassGeneratedBy '/Game/Maps/EclypseVillage.EclypseVillage:PersistentLevel.EclypseVillage'
[2016.12.07-06.08.06:496][403]LogHMD: Destroying ovr session
[2016.12.07-06.08.06:524][403]LogBlueprintUserMessages: Late EndPlayMap Detection: Level '/Game/Maps/EclypseVillage.EclypseVillage:PersistentLevel' has LevelScriptBlueprint '/Game/Maps/EclypseVillage.EclypseVillage:PersistentLevel.EclypseVillage' with GeneratedClass '/Game/Maps/EclypseVillage.EclypseVillage_C' with ClassGeneratedBy '/Game/Maps/EclypseVillage.EclypseVillage:PersistentLevel.EclypseVillage'
[2016.12.07-06.08.32:285][423]BlueprintLog: New page: Compile MainWidget
[2016.12.07-06.08.32:758][438]Cmd: OBJ SAVEPACKAGE PACKAGE="/Game/BP/Widgets/MainWidget" FILE="../../../../../../Admin/Documents/GitHub Repositories/EclypseUE4/ProjectEclypse/Content/BP/Widgets/MainWidget.uasset" SILENT=true
[2016.12.07-06.08.32:804][438]LogSavePackage: Save=43.16ms
[2016.12.07-06.08.32:805][438]LogSavePackage: Moving '../../../../../../Admin/Documents/GitHub Repositories/EclypseUE4/ProjectEclypse/Saved/MainWidget4779C292443CF0FB155D8EB9B37EF979.tmp' to '../../../../../../Admin/Documents/GitHub Repositories/EclypseUE4/ProjectEclypse/Content/BP/Widgets/MainWidget.uasset'
[2016.12.07-06.08.32:806][438]LogSavePackage:Display: Finished SavePackage ../../../../../../Admin/Documents/GitHub Repositories/EclypseUE4/ProjectEclypse/Content/BP/Widgets/MainWidget.uasset
[2016.12.07-06.08.35:191][589]LogBlueprintUserMessages: Early PlayInEditor Detection: Level '/Game/Maps/EclypseVillage.EclypseVillage:PersistentLevel' has LevelScriptBlueprint '/Game/Maps/EclypseVillage.EclypseVillage:PersistentLevel.EclypseVillage' with GeneratedClass '/Game/Maps/EclypseVillage.EclypseVillage_C' with ClassGeneratedBy '/Game/Maps/EclypseVillage.EclypseVillage:PersistentLevel.EclypseVillage'
[2016.12.07-06.08.35:191][589]LogPlayLevel: PlayLevel: No blueprints needed recompiling
[2016.12.07-06.08.35:192][589]OCULUS: Debug: [HMDState] Using default profile default
[2016.12.07-06.08.35:192][589]OCULUS: Info: IAD changed to 64.6mm
[2016.12.07-06.08.35:192][589]LogHMD: New ovr session is created
[2016.12.07-06.08.35:197][589]LogHMD: HMD Oculus Rift CV1, res = 2160 x 1200
[2016.12.07-06.08.35:197][589]PIE: New page: PIE session: EclypseVillage (8 Dec 2016 3:08:35 am)
[2016.12.07-06.08.35:198][589]LogPlayLevel: Creating play world package: /Game/Maps/UEDPIE_0_EclypseVillage
[2016.12.07-06.08.35:205][589]LogPlayLevel: PIE: StaticDuplicateObject took: (0.007544s)
[2016.12.07-06.08.35:206][589]LogAIModule: Creating AISystem for world EclypseVillage
[2016.12.07-06.08.35:206][589]LogPlayLevel: PIE: World Init took: (0.000709s)
[2016.12.07-06.08.35:206][589]LogPlayLevel: PIE: Created PIE world by copying editor world from /Game/Maps/EclypseVillage.EclypseVillage to /Game/Maps/UEDPIE_0_EclypseVillage.EclypseVillage (0.008454s)
[2016.12.07-06.08.35:229][589]LogInit: XAudio2 using 'Speakers (Realtek High Definition Audio)' : 8 channels at 48 kHz using 32 bits per sample (channel mask 0x63f)
[2016.12.07-06.08.35:258][589]LogInit: FAudioDevice initialized.
[2016.12.07-06.08.35:296][589]LogWorld: Game class is 'GameManager_C'
[2016.12.07-06.08.35:298][589]LogWorld: Bringing World /Game/Maps/UEDPIE_0_EclypseVillage.EclypseVillage up for play (max tick rate 0) at 2016.12.07-17.08.35
[2016.12.07-06.08.35:299][589]LogWorld: Bringing up level for play took: 0.001876
[2016.12.07-06.08.35:299][589]LogGameMode:Display: Match State Changed from EnteringMap to WaitingToStart
[2016.12.07-06.08.35:299][589]LogGameState: Match State Changed from EnteringMap to WaitingToStart
[2016.12.07-06.08.35:299][589]LogGameMode:Display: Match State Changed from WaitingToStart to InProgress
[2016.12.07-06.08.35:301][589]LogGameState: Match State Changed from WaitingToStart to InProgress
[2016.12.07-06.08.35:305][589]PIE: Info Play in editor start time for /Game/Maps/UEDPIE_0_EclypseVillage 0.209
[2016.12.07-06.08.35:305][589]LogBlueprintUserMessages: Late PlayInEditor Detection: Level '/Game/Maps/EclypseVillage.EclypseVillage:PersistentLevel' has LevelScriptBlueprint '/Game/Maps/EclypseVillage.EclypseVillage:PersistentLevel.EclypseVillage' with GeneratedClass '/Game/Maps/EclypseVillage.EclypseVillage_C' with ClassGeneratedBy '/Game/Maps/EclypseVillage.EclypseVillage:PersistentLevel.EclypseVillage'
[2016.12.07-06.08.49:352][ 91]LogBlueprintUserMessages: Early EndPlayMap Detection: Level '/Game/Maps/EclypseVillage.EclypseVillage:PersistentLevel' has LevelScriptBlueprint '/Game/Maps/EclypseVillage.EclypseVillage:PersistentLevel.EclypseVillage' with GeneratedClass '/Game/Maps/EclypseVillage.EclypseVillage_C' with ClassGeneratedBy '/Game/Maps/EclypseVillage.EclypseVillage:PersistentLevel.EclypseVillage'
[2016.12.07-06.08.49:352][ 91]LogHMD: Destroying ovr session
[2016.12.07-06.08.49:384][ 91]LogBlueprintUserMessages: Late EndPlayMap Detection: Level '/Game/Maps/EclypseVillage.EclypseVillage:PersistentLevel' has LevelScriptBlueprint '/Game/Maps/EclypseVillage.EclypseVillage:PersistentLevel.EclypseVillage' with GeneratedClass '/Game/Maps/EclypseVillage.EclypseVillage_C' with ClassGeneratedBy '/Game/Maps/EclypseVillage.EclypseVillage:PersistentLevel.EclypseVillage'
[2016.12.07-06.10.25:387][140]BlueprintLog: New page: Compile SoothsayerWidget
[2016.12.07-06.10.25:926][151]LogSavePackage: Save=19.41ms
[2016.12.07-06.10.25:926][151]LogSavePackage: Moving '../../../../../../Admin/Documents/GitHub Repositories/EclypseUE4/ProjectEclypse/Saved/SoothsayerWidgetDE5A0B3A412A9CAD91AD7B987BB55A6D.tmp' to '../../../../../../Admin/Documents/GitHub Repositories/EclypseUE4/ProjectEclypse/Content/BP/Widgets/SoothsayerWidget.uasset'
[2016.12.07-06.10.25:928][151]LogSavePackage:Display: Finished SavePackage ../../../../../../Admin/Documents/GitHub Repositories/EclypseUE4/ProjectEclypse/Content/BP/Widgets/SoothsayerWidget.uasset
[2016.12.07-06.10.36:857][704]LogCrashTracker: 


[2016.12.07-06.10.36:857][704]LogCrashTracker: 


[2016.12.07-06.10.36:857][704]LogWindows:Error: === Critical error: ===
[2016.12.07-06.10.36:857][704]LogWindows:Error: 
[2016.12.07-06.10.36:857][704]LogWindows:Error: Fatal error!
[2016.12.07-06.10.36:857][704]LogWindows:Error: 
[2016.12.07-06.10.36:857][704]LogWindows:Error: Unhandled Exception: EXCEPTION_ACCESS_VIOLATION reading address 0xffffffff
[2016.12.07-06.10.36:857][704]LogWindows:Error: 
[2016.12.07-06.10.36:857][704]LogWindows:Error: 
[2016.12.07-06.10.36:857][704]LogWindows:Error: 
[2016.12.07-06.10.36:857][704]LogWindows:Error: 
[2016.12.07-06.10.36:873][704]LogExit: Executing StaticShutdownAfterError
[2016.12.07-06.10.37:174][704]LogWindows: FPlatformMisc::RequestExit(1)
[2016.12.07-06.10.37:293][704]Log file closed, 12/07/16 17:10:37
