Log file open, 12/22/16 16:29:45
LogInit:Display: Running engine for game: ProjectEclypse
LogPlatformFile: Not using cached read wrapper
LogInit:Display: RandInit(-849391962) SRandInit(-849391961).
LogTaskGraph: Started task graph with 5 named threads and 8 total threads with 1 sets of task threads.
LogStats: Stats thread started at 0.062605
LogPluginManager: Loaded Plugin Paper2D, From D:/Program Files (x86)/Epic Games/4.13/Engine/Plugins/2D/Paper2D/Paper2D.uplugin
LogPluginManager: Loaded Plugin LightPropagationVolume, From D:/Program Files (x86)/Epic Games/4.13/Engine/Plugins/Blendables/LightPropagationVolume/LightPropagationVolume.uplugin
LogPluginManager: Loaded Plugin BlankPlugin, From D:/Program Files (x86)/Epic Games/4.13/Engine/Plugins/Developer/BlankPlugin/BlankPlugin.uplugin
LogPluginManager: Loaded Plugin CodeLiteSourceCodeAccess, From D:/Program Files (x86)/Epic Games/4.13/Engine/Plugins/Developer/CodeLiteSourceCodeAccess/CodeLiteSourceCodeAccess.uplugin
LogPluginManager: Loaded Plugin GitSourceControl, From D:/Program Files (x86)/Epic Games/4.13/Engine/Plugins/Developer/GitSourceControl/GitSourceControl.uplugin
LogPluginManager: Loaded Plugin KDevelopSourceCodeAccess, From D:/Program Files (x86)/Epic Games/4.13/Engine/Plugins/Developer/KDevelopSourceCodeAccess/KDevelopSourceCodeAccess.uplugin
LogPluginManager: Loaded Plugin NullSourceCodeAccess, From D:/Program Files (x86)/Epic Games/4.13/Engine/Plugins/Developer/NullSourceCodeAccess/NullSourceCodeAccess.uplugin
LogPluginManager: Loaded Plugin OneSkyLocalizationService, From D:/Program Files (x86)/Epic Games/4.13/Engine/Plugins/Developer/OneSkyLocalizationService/OneSkyLocalizationService.uplugin
LogPluginManager: Loaded Plugin PerforceSourceControl, From D:/Program Files (x86)/Epic Games/4.13/Engine/Plugins/Developer/PerforceSourceControl/PerforceSourceControl.uplugin
LogPluginManager: Loaded Plugin SubversionSourceControl, From D:/Program Files (x86)/Epic Games/4.13/Engine/Plugins/Developer/SubversionSourceControl/SubversionSourceControl.uplugin
LogPluginManager: Loaded Plugin UObjectPlugin, From D:/Program Files (x86)/Epic Games/4.13/Engine/Plugins/Developer/UObjectPlugin/UObjectPlugin.uplugin
LogPluginManager: Loaded Plugin VisualStudioSourceCodeAccess, From D:/Program Files (x86)/Epic Games/4.13/Engine/Plugins/Developer/VisualStudioSourceCodeAccess/VisualStudioSourceCodeAccess.uplugin
LogPluginManager: Loaded Plugin XCodeSourceCodeAccess, From D:/Program Files (x86)/Epic Games/4.13/Engine/Plugins/Developer/XCodeSourceCodeAccess/XCodeSourceCodeAccess.uplugin
LogPluginManager: Loaded Plugin EpicSurvey, From D:/Program Files (x86)/Epic Games/4.13/Engine/Plugins/Editor/EpicSurvey/EpicSurvey.uplugin
LogPluginManager: Loaded Plugin MacGraphicsSwitching, From D:/Program Files (x86)/Epic Games/4.13/Engine/Plugins/Editor/MacGraphicsSwitching/MacGraphicsSwitching.uplugin
LogPluginManager: Loaded Plugin MobileLauncherProfileWizard, From D:/Program Files (x86)/Epic Games/4.13/Engine/Plugins/Editor/MobileLauncherProfileWizard/MobileLauncherProfileWizard.uplugin
LogPluginManager: Loaded Plugin PluginBrowser, From D:/Program Files (x86)/Epic Games/4.13/Engine/Plugins/Editor/PluginBrowser/PluginBrowser.uplugin
LogPluginManager: Loaded Plugin SpeedTreeImporter, From D:/Program Files (x86)/Epic Games/4.13/Engine/Plugins/Editor/SpeedTreeImporter/SpeedTreeImporter.uplugin
LogPluginManager: Loaded Plugin SuperSearchEditor, From D:/Program Files (x86)/Epic Games/4.13/Engine/Plugins/Editor/SuperSearchEditor/SuperSearchEditor.uplugin
LogPluginManager: Loaded Plugin AlembicImporter, From D:/Program Files (x86)/Epic Games/4.13/Engine/Plugins/Experimental/AlembicImporter/AlembicImporter.uplugin
LogPluginManager: Loaded Plugin BlueprintStats, From D:/Program Files (x86)/Epic Games/4.13/Engine/Plugins/Experimental/BlueprintStats/BlueprintStats.uplugin
LogPluginManager: Loaded Plugin CharacterAI, From D:/Program Files (x86)/Epic Games/4.13/Engine/Plugins/Experimental/CharacterAI/CharacterAI.uplugin
LogPluginManager: Loaded Plugin CodeEditor, From D:/Program Files (x86)/Epic Games/4.13/Engine/Plugins/Experimental/CodeEditor/CodeEditor.uplugin
LogPluginManager: Loaded Plugin CodeView, From D:/Program Files (x86)/Epic Games/4.13/Engine/Plugins/Experimental/CodeView/CodeView.uplugin
LogPluginManager: Loaded Plugin HTML5Networking, From D:/Program Files (x86)/Epic Games/4.13/Engine/Plugins/Experimental/HTML5Networking/HTML5Networking.uplugin
LogPluginManager: Loaded Plugin LiveEditor, From D:/Program Files (x86)/Epic Games/4.13/Engine/Plugins/Experimental/LiveEditor/LiveEditor.uplugin
LogPluginManager: Loaded Plugin OSVR, From D:/Program Files (x86)/Epic Games/4.13/Engine/Plugins/Experimental/OSVR/OSVR.uplugin
LogPluginManager: Loaded Plugin Phya, From D:/Program Files (x86)/Epic Games/4.13/Engine/Plugins/Experimental/Phya/Phya.uplugin
LogPluginManager: Loaded Plugin SignificanceManager, From D:/Program Files (x86)/Epic Games/4.13/Engine/Plugins/Experimental/SignificanceManager/SignificanceManager.uplugin
LogPluginManager: Loaded Plugin SimpleHMD, From D:/Program Files (x86)/Epic Games/4.13/Engine/Plugins/Experimental/SimpleHMD/SimpleHMD.uplugin
LogPluginManager: Loaded Plugin StereoPanorama, From D:/Program Files (x86)/Epic Games/4.13/Engine/Plugins/Experimental/StereoPanorama/StereoPanorama.uplugin
LogPluginManager: Loaded Plugin StructBox, From D:/Program Files (x86)/Epic Games/4.13/Engine/Plugins/Experimental/StructBox/StructBox.uplugin
LogPluginManager: Loaded Plugin Substance, From D:/Program Files (x86)/Epic Games/4.13/Engine/Plugins/Marketplace/Substance/Substance.uplugin
LogPluginManager: Loaded Plugin AndroidMedia, From D:/Program Files (x86)/Epic Games/4.13/Engine/Plugins/Media/AndroidMedia/AndroidMedia.uplugin
LogPluginManager: Loaded Plugin AvfMedia, From D:/Program Files (x86)/Epic Games/4.13/Engine/Plugins/Media/AvfMedia/AvfMedia.uplugin
LogPluginManager: Loaded Plugin MediaPlayerEditor, From D:/Program Files (x86)/Epic Games/4.13/Engine/Plugins/Media/MediaPlayerEditor/MediaPlayerEditor.uplugin
LogPluginManager: Loaded Plugin WmfMedia, From D:/Program Files (x86)/Epic Games/4.13/Engine/Plugins/Media/WmfMedia/WmfMedia.uplugin
LogPluginManager: Loaded Plugin MessagingDebugger, From D:/Program Files (x86)/Epic Games/4.13/Engine/Plugins/Messaging/MessagingDebugger/MessagingDebugger.uplugin
LogPluginManager: Loaded Plugin TcpMessaging, From D:/Program Files (x86)/Epic Games/4.13/Engine/Plugins/Messaging/TcpMessaging/TcpMessaging.uplugin
LogPluginManager: Loaded Plugin UdpMessaging, From D:/Program Files (x86)/Epic Games/4.13/Engine/Plugins/Messaging/UdpMessaging/UdpMessaging.uplugin
LogPluginManager: Loaded Plugin LevelSequenceEditor, From D:/Program Files (x86)/Epic Games/4.13/Engine/Plugins/MovieScene/LevelSequenceEditor/LevelSequenceEditor.uplugin
LogPluginManager: Loaded Plugin MatineeToLevelSequence, From D:/Program Files (x86)/Epic Games/4.13/Engine/Plugins/MovieScene/MatineeToLevelSequence/MatineeToLevelSequence.uplugin
LogPluginManager: Loaded Plugin NetcodeUnitTest, From D:/Program Files (x86)/Epic Games/4.13/Engine/Plugins/NetcodeUnitTest/NetcodeUnitTest/NetcodeUnitTest.uplugin
LogPluginManager: Loaded Plugin NUTUnrealEngine4, From D:/Program Files (x86)/Epic Games/4.13/Engine/Plugins/NetcodeUnitTest/NUTUnrealEngine4/NUTUnrealEngine4.uplugin
LogPluginManager: Loaded Plugin OnlineSubsystemGooglePlay, From D:/Program Files (x86)/Epic Games/4.13/Engine/Plugins/Online/Android/OnlineSubsystemGooglePlay/OnlineSubsystemGooglePlay.uplugin
LogPluginManager: Loaded Plugin OnlineSubsystemIOS, From D:/Program Files (x86)/Epic Games/4.13/Engine/Plugins/Online/IOS/OnlineSubsystemIOS/OnlineSubsystemIOS.uplugin
LogPluginManager: Loaded Plugin OnlineFramework, From D:/Program Files (x86)/Epic Games/4.13/Engine/Plugins/Online/OnlineFramework/OnlineFramework.uplugin
LogPluginManager: Loaded Plugin OnlineSubsystem, From D:/Program Files (x86)/Epic Games/4.13/Engine/Plugins/Online/OnlineSubsystem/OnlineSubsystem.uplugin
LogPluginManager: Loaded Plugin OnlineSubsystemAmazon, From D:/Program Files (x86)/Epic Games/4.13/Engine/Plugins/Online/OnlineSubsystemAmazon/OnlineSubsystemAmazon.uplugin
LogPluginManager: Loaded Plugin OnlineSubsystemFacebook, From D:/Program Files (x86)/Epic Games/4.13/Engine/Plugins/Online/OnlineSubsystemFacebook/OnlineSubsystemFacebook.uplugin
LogPluginManager: Loaded Plugin OnlineSubsystemNull, From D:/Program Files (x86)/Epic Games/4.13/Engine/Plugins/Online/OnlineSubsystemNull/OnlineSubsystemNull.uplugin
LogPluginManager: Loaded Plugin OnlineSubsystemOculus, From D:/Program Files (x86)/Epic Games/4.13/Engine/Plugins/Online/OnlineSubsystemOculus/OnlineSubsystemOculus.uplugin
LogPluginManager: Loaded Plugin OnlineSubsystemSteam, From D:/Program Files (x86)/Epic Games/4.13/Engine/Plugins/Online/OnlineSubsystemSteam/OnlineSubsystemSteam.uplugin
LogPluginManager: Loaded Plugin OnlineSubsystemUtils, From D:/Program Files (x86)/Epic Games/4.13/Engine/Plugins/Online/OnlineSubsystemUtils/OnlineSubsystemUtils.uplugin
LogPluginManager: Loaded Plugin IOSTapJoy, From D:/Program Files (x86)/Epic Games/4.13/Engine/Plugins/Runtime/Advertising/IOSTapJoy/IOSTapJoy.uplugin
LogPluginManager: Loaded Plugin AnalyticsBlueprintLibrary, From D:/Program Files (x86)/Epic Games/4.13/Engine/Plugins/Runtime/Analytics/AnalyticsBlueprintLibrary/AnalyticsBlueprintLibrary.uplugin
LogPluginManager: Loaded Plugin AnalyticsMulticast, From D:/Program Files (x86)/Epic Games/4.13/Engine/Plugins/Runtime/Analytics/AnalyticsMulticast/AnalyticsMulticast.uplugin
LogPluginManager: Loaded Plugin Apsalar, From D:/Program Files (x86)/Epic Games/4.13/Engine/Plugins/Runtime/Analytics/Apsalar/Apsalar.uplugin
LogPluginManager: Loaded Plugin FileLogging, From D:/Program Files (x86)/Epic Games/4.13/Engine/Plugins/Runtime/Analytics/FileLogging/FileLogging.uplugin
LogPluginManager: Loaded Plugin Flurry, From D:/Program Files (x86)/Epic Games/4.13/Engine/Plugins/Runtime/Analytics/Flurry/Flurry.uplugin
LogPluginManager: Loaded Plugin AndroidDeviceProfileSelector, From D:/Program Files (x86)/Epic Games/4.13/Engine/Plugins/Runtime/AndroidDeviceProfileSelector/AndroidDeviceProfileSelector.uplugin
LogPluginManager: Loaded Plugin AndroidMoviePlayer, From D:/Program Files (x86)/Epic Games/4.13/Engine/Plugins/Runtime/AndroidMoviePlayer/AndroidMoviePlayer.uplugin
LogPluginManager: Loaded Plugin AppleMoviePlayer, From D:/Program Files (x86)/Epic Games/4.13/Engine/Plugins/Runtime/AppleMoviePlayer/AppleMoviePlayer.uplugin
LogPluginManager: Loaded Plugin ArchVisCharacter, From D:/Program Files (x86)/Epic Games/4.13/Engine/Plugins/Runtime/ArchVisCharacter/ArchVisCharacter.uplugin
LogPluginManager: Loaded Plugin CableComponent, From D:/Program Files (x86)/Epic Games/4.13/Engine/Plugins/Runtime/CableComponent/CableComponent.uplugin
LogPluginManager: Loaded Plugin CustomMeshComponent, From D:/Program Files (x86)/Epic Games/4.13/Engine/Plugins/Runtime/CustomMeshComponent/CustomMeshComponent.uplugin
LogPluginManager: Loaded Plugin ExampleDeviceProfileSelector, From D:/Program Files (x86)/Epic Games/4.13/Engine/Plugins/Runtime/ExampleDeviceProfileSelector/ExampleDeviceProfileSelector.uplugin
LogPluginManager: Loaded Plugin GearVR, From D:/Program Files (x86)/Epic Games/4.13/Engine/Plugins/Runtime/GearVR/GearVR.uplugin
LogPluginManager: Loaded Plugin GoogleVRController, From D:/Program Files (x86)/Epic Games/4.13/Engine/Plugins/Runtime/GoogleVR/GoogleVRController/GoogleVRController.uplugin
LogPluginManager: Loaded Plugin GoogleVRHMD, From D:/Program Files (x86)/Epic Games/4.13/Engine/Plugins/Runtime/GoogleVR/GoogleVRHMD/GoogleVRHMD.uplugin
LogPluginManager: Loaded Plugin IOSDeviceProfileSelector, From D:/Program Files (x86)/Epic Games/4.13/Engine/Plugins/Runtime/IOSDeviceProfileSelector/IOSDeviceProfileSelector.uplugin
LogPluginManager: Loaded Plugin LeapMotion, From D:/Program Files (x86)/Epic Games/4.13/Engine/Plugins/Runtime/LeapMotion/LeapMotion.uplugin
LogPluginManager: Loaded Plugin LinuxDeviceProfileSelector, From D:/Program Files (x86)/Epic Games/4.13/Engine/Plugins/Runtime/LinuxDeviceProfileSelector/LinuxDeviceProfileSelector.uplugin
LogPluginManager: Loaded Plugin LiveEditorListenServer, From D:/Program Files (x86)/Epic Games/4.13/Engine/Plugins/Runtime/LiveEditorListenServer/LiveEditorListenServer.uplugin
LogPluginManager: Loaded Plugin OculusAudio, From D:/Program Files (x86)/Epic Games/4.13/Engine/Plugins/Runtime/OculusAudio/OculusAudio.uplugin
LogPluginManager: Loaded Plugin OculusInput, From D:/Program Files (x86)/Epic Games/4.13/Engine/Plugins/Runtime/OculusInput/OculusInput.uplugin
LogPluginManager: Loaded Plugin OculusLibrary, From D:/Program Files (x86)/Epic Games/4.13/Engine/Plugins/Runtime/OculusLibrary/OculusLibrary.uplugin
LogPluginManager: Loaded Plugin OculusRift, From D:/Program Files (x86)/Epic Games/4.13/Engine/Plugins/Runtime/OculusRift/OculusRift.uplugin
LogPluginManager: Loaded Plugin Oodle, From D:/Program Files (x86)/Epic Games/4.13/Engine/Plugins/Runtime/PacketHandlers/CompressionComponents/Oodle/Oodle.uplugin
LogPluginManager: Loaded Plugin ProceduralMeshComponent, From D:/Program Files (x86)/Epic Games/4.13/Engine/Plugins/Runtime/ProceduralMeshComponent/ProceduralMeshComponent.uplugin
LogPluginManager: Loaded Plugin SoundMod, From D:/Program Files (x86)/Epic Games/4.13/Engine/Plugins/Runtime/SoundMod/SoundMod.uplugin
LogPluginManager: Loaded Plugin SoundVisualizations, From D:/Program Files (x86)/Epic Games/4.13/Engine/Plugins/Runtime/SoundVisualizations/SoundVisualizations.uplugin
LogPluginManager: Loaded Plugin SteamController, From D:/Program Files (x86)/Epic Games/4.13/Engine/Plugins/Runtime/Steam/SteamController/SteamController.uplugin
LogPluginManager: Loaded Plugin SteamVR, From D:/Program Files (x86)/Epic Games/4.13/Engine/Plugins/Runtime/Steam/SteamVR/SteamVR.uplugin
LogPluginManager: Loaded Plugin WebBrowserWidget, From D:/Program Files (x86)/Epic Games/4.13/Engine/Plugins/Runtime/WebBrowserWidget/WebBrowserWidget.uplugin
LogPluginManager: Loaded Plugin WindowsDeviceProfileSelector, From D:/Program Files (x86)/Epic Games/4.13/Engine/Plugins/Runtime/WindowsDeviceProfileSelector/WindowsDeviceProfileSelector.uplugin
LogPluginManager: Loaded Plugin WindowsMoviePlayer, From D:/Program Files (x86)/Epic Games/4.13/Engine/Plugins/Runtime/WindowsMoviePlayer/WindowsMoviePlayer.uplugin
LogPluginManager: Loaded Plugin ScriptPlugin, From D:/Program Files (x86)/Epic Games/4.13/Engine/Plugins/ScriptPlugin/ScriptPlugin.uplugin
LogPluginManager: Loaded Plugin SlateRemote, From D:/Program Files (x86)/Epic Games/4.13/Engine/Plugins/Slate/SlateRemote/SlateRemote.uplugin
LogInit: Using libcurl 7.47.1
LogInit:  - built for x86_64-pc-win32
LogInit:  - supports SSL with WinSSL
LogInit:  - other features:
LogInit:      CURL_VERSION_SSL
LogInit:      CURL_VERSION_IPV6
LogInit:      CURL_VERSION_ASYNCHDNS
LogInit:      CURL_VERSION_LARGEFILE
LogInit:      CURL_VERSION_IDN
LogInit:  CurlRequestOptions (configurable via config and command line):
LogInit:  - bVerifyPeer = false  - Libcurl will NOT verify peer certificate
LogInit:  - bUseHttpProxy = false  - Libcurl will NOT use HTTP proxy
LogInit:  - bDontReuseConnections = false  - Libcurl will reuse connections
LogInit:  - CertBundlePath = nullptr  - Libcurl will use whatever was configured at build time.
OCULUS: Info: [CAPI] LibOVR module is located at C:\Program Files\Oculus\Support\oculus-runtime\LibOVRRT64_1.dll
OCULUS: Debug: Connected to the server running version (prod = 1).1.10.2(build = 321138) feature version = 0. Client runs version (prod = 1).1.10.2(build = 321138) feature version = 0
OCULUS: Debug: [HMDState] Using default profile default
OCULUS: Info: IAD changed to 65.3mm
OCULUS: Debug: [SharedMemory] Creating factory
LogInit: Build: ++UE4+Release-4.13-CL-3142249
LogInit: Engine Version: 4.13.1-3142249+++UE4+Release-4.13
LogInit: Compatible Engine Version: 4.13.0-3106830+++UE4+Release-4.13
LogInit: Net CL: 3142249
LogDevObjectVersion: Number of dev versions registered: 13
LogDevObjectVersion:   Dev-Blueprints (B0D832E4-1F89-4F0D-ACCF-7EB736FD4AA2): 5
LogDevObjectVersion:   Dev-Build (E1C64328-A22C-4D53-A36C-8E866417BD8C): 0
LogDevObjectVersion:   Dev-Core (375EC13C-06E4-48FB-B500-84F0262A717E): 1
LogDevObjectVersion:   Dev-Editor (E4B068ED-F494-42E9-A231-DA0B2E46BB41): 6
LogDevObjectVersion:   Dev-Framework (CFFC743F-43B0-4480-9391-14DF171D2073): 12
LogDevObjectVersion:   Dev-Mobile (B02B49B5-BB20-44E9-A304-32B752E40360): 0
LogDevObjectVersion:   Dev-Networking (A4E4105C-59A1-49B5-A7C5-40C4547EDFEE): 0
LogDevObjectVersion:   Dev-Online (39C831C9-5AE6-47DC-9A44-9C173E1C8E7C): 0
LogDevObjectVersion:   Dev-Physics (78F01B33-EBEA-4F98-B9B4-84EACCB95AA2): 0
LogDevObjectVersion:   Dev-Platform (6631380F-2D4D-43E0-8009-CF276956A95A): 0
LogDevObjectVersion:   Dev-Rendering (12F88B9F-8875-4AFC-A67C-D90C383ABD29): 4
LogDevObjectVersion:   Dev-Sequencer (7B5AE74C-D270-4C10-A958-57980B212A5A): 0
LogDevObjectVersion:   Dev-VR (D7296918-1DD6-4BDD-9DE2-64A83CC13884): 0
LogInit: Compiled (64-bit): Sep 28 2016 02:12:12
LogInit: Compiled with Visual C++: 19.00.23026.00
LogInit: Build Configuration: Development
LogInit: Branch Name: ++UE4+Release-4.13
LogInit: Command line: -EpicPortal 
LogInit: Base directory: D:/Program Files (x86)/Epic Games/4.13/Engine/Binaries/Win64/
LogInit: Installed Engine Build: 1
LogInit: Presizing for max 8388607 objects, including 0 objects not considered by GC, pre-allocating 0 bytes for permanent pool.
LogInit: Object subsystem initialized
[2016.12.22-05.29.45:325][  0]LogInit: Selected Device Profile: [Windows]
[2016.12.22-05.29.45:325][  0]LogInit: Applying CVar settings loaded from the selected device profile: [Windows]
[2016.12.22-05.29.45:333][  0]LogInit: Computer: DESKTOP-M92PTO3
[2016.12.22-05.29.45:333][  0]LogInit: User: StefanoAdmin
[2016.12.22-05.29.45:333][  0]LogInit: CPU Page size=65536, Cores=4
[2016.12.22-05.29.45:333][  0]LogInit: High frequency timer resolution =3.328120 MHz
[2016.12.22-05.29.45:334][  0]LogMemory: Memory total: Physical=15.9GB (16GB approx)
[2016.12.22-05.29.45:334][  0]LogMemory: Platform Memory Stats for Windows
[2016.12.22-05.29.45:334][  0]LogMemory: Process Physical Memory: 266.49 MB used, 266.49 MB peak
[2016.12.22-05.29.45:334][  0]LogMemory: Process Virtual Memory: 267.22 MB used, 267.22 MB peak
[2016.12.22-05.29.45:334][  0]LogMemory: Physical Memory: 7756.51 MB used, 16313.61 MB total
[2016.12.22-05.29.45:334][  0]LogMemory: Virtual Memory: 672.34 MB used, 134217728.00 MB total
[2016.12.22-05.29.45:564][  0]LogTextLocalizationManager: No specific translations for ('en-AU') exist, so ('en') translations will be used.
[2016.12.22-05.29.46:005][  0]LogD3D11RHI: D3D11 adapters:
[2016.12.22-05.29.46:458][  0]LogD3D11RHI:    0. 'NVIDIA GeForce GTX 980' (Feature Level 11_0)
[2016.12.22-05.29.46:458][  0]LogD3D11RHI:       4060/0/8156 MB DedicatedVideo/DedicatedSystem/SharedSystem, Outputs:1, VendorId:0x10de
[2016.12.22-05.29.46:459][  0]LogD3D11RHI:    1. 'Microsoft Basic Render Driver' (Feature Level 11_0)
[2016.12.22-05.29.46:459][  0]LogD3D11RHI:       0/0/8156 MB DedicatedVideo/DedicatedSystem/SharedSystem, Outputs:0, VendorId:0x1414
[2016.12.22-05.29.46:459][  0]LogD3D11RHI: Chosen D3D11 Adapter: 0
[2016.12.22-05.29.46:463][  0]LogD3D11RHI: Creating new Direct3DDevice
[2016.12.22-05.29.46:463][  0]LogD3D11RHI:     GPU DeviceId: 0x13c0 (for the marketing name, search the web for "GPU Device Id")
[2016.12.22-05.29.46:463][  0]LogWindows: EnumDisplayDevices:
[2016.12.22-05.29.46:463][  0]LogWindows:    0. 'NVIDIA GeForce GTX 980' (P:1 D:1)
[2016.12.22-05.29.46:463][  0]LogWindows:    1. 'NVIDIA GeForce GTX 980' (P:0 D:0)
[2016.12.22-05.29.46:463][  0]LogWindows:    2. 'NVIDIA GeForce GTX 980' (P:0 D:0)
[2016.12.22-05.29.46:463][  0]LogWindows:    3. 'NVIDIA GeForce GTX 980' (P:0 D:0)
[2016.12.22-05.29.46:463][  0]LogWindows: DebugString: FoundDriverCount:4 
[2016.12.22-05.29.46:463][  0]LogD3D11RHI:     Adapter Name: NVIDIA GeForce GTX 980
[2016.12.22-05.29.46:463][  0]LogD3D11RHI:   Driver Version: 376.09 (internal:21.21.13.7609, unified:376.09)
[2016.12.22-05.29.46:463][  0]LogD3D11RHI:      Driver Date: 11-24-2016
[2016.12.22-05.29.46:463][  0]LogRHI: Texture pool is 1361 MB (70% of 1945 MB)
[2016.12.22-05.29.46:870][  0]LogD3D11RHI: Async texture creation enabled
[2016.12.22-05.29.46:894][  0]LogD3D11RHI: GPU Timing Frequency: 1000.000000 (Debug: 2 1)
[2016.12.22-05.29.46:895][  0]LogShaderCompilers: Guid format shader working directory is -34 characters bigger than the processId version (../../../../../../Admin/Documents/GitHub Repositories/EclypseUE4/ProjectEclypse/Intermediate/Shaders/WorkingDirectory/16464/).
[2016.12.22-05.29.46:895][  0]LogShaderCompilers: Cleaned the shader compiler working directory 'C:/Users/Admin/AppData/Local/Temp/UnrealShaderWorkingDir/11DA1A7F421AEAE26D6433BA6C5BB429/'.
[2016.12.22-05.29.46:895][  0]LogShaderCompilers:Display: Using Local Shader Compiler.
[2016.12.22-05.29.47:646][  0]LogTemp:Display: Loaded TP AllDesktopTargetPlatform
[2016.12.22-05.29.47:652][  0]LogTemp:Display: Loaded TP WindowsClientTargetPlatform
[2016.12.22-05.29.47:658][  0]LogTemp:Display: Loaded TP WindowsNoEditorTargetPlatform
[2016.12.22-05.29.47:663][  0]LogTemp:Display: Loaded TP WindowsServerTargetPlatform
[2016.12.22-05.29.47:669][  0]LogTemp:Display: Loaded TP WindowsTargetPlatform
[2016.12.22-05.29.47:674][  0]LogTemp:Display: Loaded TP AndroidTargetPlatform
[2016.12.22-05.29.47:679][  0]LogTemp:Display: Loaded TP Android_ASTCTargetPlatform
[2016.12.22-05.29.47:683][  0]LogTemp:Display: Loaded TP Android_ATCTargetPlatform
[2016.12.22-05.29.47:688][  0]LogTemp:Display: Loaded TP Android_DXTTargetPlatform
[2016.12.22-05.29.47:693][  0]LogTemp:Display: Loaded TP Android_ETC1TargetPlatform
[2016.12.22-05.29.47:698][  0]LogTemp:Display: Loaded TP Android_ETC2TargetPlatform
[2016.12.22-05.29.47:708][  0]LogTemp:Display: Loaded TP Android_MultiTargetPlatform
[2016.12.22-05.29.47:708][  0]LogTemp:Display: Loaded TP Android_PVRTCTargetPlatform
[2016.12.22-05.29.47:708][  0]LogTemp:Display: Loaded TP HTML5TargetPlatform
[2016.12.22-05.29.47:725][  0]LogTemp:Display: Loaded TP IOSTargetPlatform
[2016.12.22-05.29.47:730][  0]LogTemp:Display: Loaded TP TVOSTargetPlatform
[2016.12.22-05.29.47:735][  0]LogTemp:Display: Loaded TP LinuxClientTargetPlatform
[2016.12.22-05.29.47:740][  0]LogTemp:Display: Loaded TP LinuxNoEditorTargetPlatform
[2016.12.22-05.29.47:746][  0]LogTemp:Display: Loaded TP LinuxServerTargetPlatform
[2016.12.22-05.29.47:751][  0]LogTemp:Display: Loaded TP LinuxTargetPlatform
[2016.12.22-05.29.47:751][  0]LogTargetPlatformManager:Display: Building Assets For Windows
[2016.12.22-05.29.47:789][  0]LogDerivedDataCache:Display: Max Cache Size: 512 MB
[2016.12.22-05.29.47:837][  0]LogDerivedDataCache: Loaded boot cache 0.05s 62MB C:/Users/Admin/AppData/Local/UnrealEngine/4.13/DerivedDataCache/Boot.ddc.
[2016.12.22-05.29.47:837][  0]LogDerivedDataCache:Display: Loaded Boot cache: C:/Users/Admin/AppData/Local/UnrealEngine/4.13/DerivedDataCache/Boot.ddc
[2016.12.22-05.29.47:838][  0]LogDerivedDataCache: FDerivedDataBackendGraph:  Pak pak cache file ../../../../../../Admin/Documents/GitHub Repositories/EclypseUE4/ProjectEclypse/DerivedDataCache/DDC.ddp not found, will not use a pak cache.
[2016.12.22-05.29.47:838][  0]LogDerivedDataCache: Unable to find inner node Pak for hierarchical cache Hierarchy.
[2016.12.22-05.29.47:838][  0]LogDerivedDataCache: FDerivedDataBackendGraph:  CompressedPak pak cache file ../../../../../../Admin/Documents/GitHub Repositories/EclypseUE4/ProjectEclypse/DerivedDataCache/Compressed.ddp not found, will not use a pak cache.
[2016.12.22-05.29.47:838][  0]LogDerivedDataCache: Unable to find inner node CompressedPak for hierarchical cache Hierarchy.
[2016.12.22-05.29.47:851][  0]LogDerivedDataCache:Display: Pak cache opened for reading ../../../Engine/DerivedDataCache/Compressed.ddp.
[2016.12.22-05.29.47:863][  0]LogDerivedDataCache: Using Local data cache path C:/Users/Admin/AppData/Local/UnrealEngine/Common/DerivedDataCache: Writable
[2016.12.22-05.29.48:005][  0]LogInit: Selected Device Profile: [Windows]
[2016.12.22-05.29.48:007][  0]LogContentStreaming: Texture pool size is 0.00 MB
[2016.12.22-05.29.48:072][  0]LogMeshUtilities: No automatic mesh reduction module available
[2016.12.22-05.29.48:072][  0]LogMeshUtilities: No automatic mesh merging module available
[2016.12.22-05.29.48:072][  0]LogMeshUtilities: No distributed automatic mesh merging module available
[2016.12.22-05.29.48:115][  0]LogMaterial: Uniform references updated for custom material expression Custom.
[2016.12.22-05.29.48:322][  0]LogNetVersion: GetLocalNetworkVersion: CL: 3106830, ProjectName: projecteclypse, ProjectVersion: , EngineNetworkVersion: 1, GameNetworkVersion: 0, NetworkChecksum: 2418632494
[2016.12.22-05.29.48:354][  0]LogAssetRegistry: FAssetRegistry took 0.0209 seconds to start up
[2016.12.22-05.29.48:374][  0]LogPackageLocalizationCache: Processed 3 localized package path(s) for 2 prioritized culture(s) in 0.019446 seconds
[2016.12.22-05.29.48:379][  0]LogUObjectArray: 29778 objects as part of root set at end of initial load.
[2016.12.22-05.29.48:379][  0]LogUObjectAllocator: 6125456 out of 0 bytes used by permanent object pool.
[2016.12.22-05.29.48:379][  0]LogUObjectArray: CloseDisregardForGC: 0/0 objects in disregard for GC pool
[2016.12.22-05.29.48:381][  0]LogInit: WinSock: version 1.1 (2.2), MaxSocks=32767, MaxUdp=65467
[2016.12.22-05.29.48:511][  0]LogSlate: SlateFontCache - WITH_FREETYPE: 1, WITH_HARFBUZZ: 1
[2016.12.22-05.29.48:511][  0]LogSlate: SlateFontCache - WITH_FREETYPE: 1, WITH_HARFBUZZ: 1
[2016.12.22-05.29.48:971][  0]LogSubstanceCoreModule: Substance CPU Engine Loaded, Max Texture Size 2048
[2016.12.22-05.29.48:976][  0]LogTcpMessaging: Initializing TcpMessaging bridge
[2016.12.22-05.29.48:990][  0]LogUdpMessaging: Initializing bridge on interface 0.0.0.0:0 to multicast group 230.0.0.1:6666.
[2016.12.22-05.29.49:151][  0]SourceControl: Info Source control is disabled
[2016.12.22-05.29.49:178][  0]SourceControl: Info Source control is disabled
[2016.12.22-05.29.49:182][  0]SourceControl: Info Source control is disabled
[2016.12.22-05.29.49:186][  0]SourceControl: Info Source control is disabled
[2016.12.22-05.29.49:341][  0]LogEngine: Initializing Engine...
[2016.12.22-05.29.49:342][  0]LogHMD: Oculus plugin initialized. Version: 4.13.1-3142249+++UE4+Release-4.13, LibOVR: 1.10.2, SDK: 1.6.0, built Sep 28 2016, 02:14:12
[2016.12.22-05.29.49:453][  0]OCULUS: Debug: [HMDState] Using default profile default
[2016.12.22-05.29.49:453][  0]OCULUS: Info: IAD changed to 65.3mm
[2016.12.22-05.29.49:459][  0]LogAIModule: Creating AISystem for world Untitled
[2016.12.22-05.29.49:471][  0]LogInit: XAudio2 using 'Speakers (Realtek High Definition Audio)' : 8 channels at 48 kHz using 32 bits per sample (channel mask 0x63f)
[2016.12.22-05.29.49:501][  0]LogInit: FAudioDevice initialized.
[2016.12.22-05.29.49:524][  0]LogDerivedDataCache: Saved boot cache 0.02s 62MB C:/Users/Admin/AppData/Local/UnrealEngine/4.13/DerivedDataCache/Boot.ddc.
[2016.12.22-05.29.49:530][  0]LogInit: Texture streaming: Enabled
[2016.12.22-05.29.49:543][  0]LogInit: Transaction tracking system initialized
[2016.12.22-05.29.49:552][  0]BlueprintLog: New page: Editor Load
[2016.12.22-05.29.49:586][  0]LocalizationService: Info Localization service is disabled
[2016.12.22-05.29.49:633][  0]LogConsoleResponse:Display: 
[2016.12.22-05.29.49:710][  0]LogCook:Display: Max memory allowance for cook 16384mb min free memory 0mb
[2016.12.22-05.29.49:710][  0]LogCook:Display: Mobile HDR setting 1
[2016.12.22-05.29.49:783][  0]LogFileCache: Scanning file cache for directory 'D:/Admin/Documents/GitHub Repositories/EclypseUE4/ProjectEclypse/Content/' took 0.02s
[2016.12.22-05.29.49:783][  0]SourceControl: Info Source control is disabled
[2016.12.22-05.29.49:783][  0]Cmd: MAP LOAD FILE="../../../../../../Admin/Documents/GitHub Repositories/EclypseUE4/ProjectEclypse/Content/Maps/EclypseVillage.umap" TEMPLATE=0 SHOWPROGRESS=1 FEATURELEVEL=3
[2016.12.22-05.29.49:783][  0]LightingResults: New page: Lighting Build
[2016.12.22-05.29.49:784][  0]MapCheck: New page: Map Check
[2016.12.22-05.29.49:784][  0]LightingResults: New page: Lighting Build
[2016.12.22-05.29.52:016][  0]LogAIModule: Creating AISystem for world EclypseVillage
[2016.12.22-05.29.52:091][  0]LogEditorServer: Finished looking for orphan Actors (0.000 secs)
[2016.12.22-05.29.52:092][  0]Cmd: MAP CHECKDEP NOCLEARLOG
[2016.12.22-05.29.52:142][  0]MapCheck: Info Map check complete: 0 Error(s), 0 Warning(s), took 50.537ms to complete.
[2016.12.22-05.29.52:142][  0]LogFileHelpers: Loading map 'EclypseVillage' took 2.359
[2016.12.22-05.29.52:229][  0]LogCollectionManager: Loaded 0 collections in 0.000644 seconds
[2016.12.22-05.29.52:266][  0]LogFileCache: Scanning file cache for directory 'D:/Admin/Documents/GitHub Repositories/EclypseUE4/ProjectEclypse/Saved/Collections/' took 0.01s
[2016.12.22-05.29.52:266][  0]LogFileCache: Scanning file cache for directory 'D:/Admin/Documents/GitHub Repositories/EclypseUE4/ProjectEclypse/Content/Developers/StefanoAdmin/Collections/' took 0.01s
[2016.12.22-05.29.52:266][  0]LogFileCache: Scanning file cache for directory 'D:/Admin/Documents/GitHub Repositories/EclypseUE4/ProjectEclypse/Content/Collections/' took 0.01s
[2016.12.22-05.29.52:266][  0]LogCollectionManager: Rebuilt the GUID cache for 0 collections in 0.000002 seconds
[2016.12.22-05.29.52:272][  0]LogContentBrowser: Native class hierarchy populated in 0.0067 seconds. Added 2156 classes and 421 folders.
[2016.12.22-05.29.52:274][  0]LogStats: UGameplayTagsManager::ConstructGameplayTagTree: Construct from data asset -  0.000 s
[2016.12.22-05.29.52:274][  0]LogStats: UGameplayTagsManager::ConstructGameplayTagTree: GameplayTagTreeChangedEvent.Broadcast -  0.000 s
[2016.12.22-05.29.52:275][  0]LogContentBrowser: Native class hierarchy updated for 'GameplayTags' in 0.0004 seconds. Added 12 classes and 0 folders.
[2016.12.22-05.29.52:277][  0]LogContentBrowser: Native class hierarchy updated for 'WidgetCarousel' in 0.0003 seconds. Added 0 classes and 0 folders.
[2016.12.22-05.29.52:302][  0]LogContentBrowser: Native class hierarchy updated for 'AddContentDialog' in 0.0003 seconds. Added 0 classes and 0 folders.
[2016.12.22-05.29.52:306][  0]LogContentBrowser: Native class hierarchy updated for 'SceneOutliner' in 0.0003 seconds. Added 1 classes and 2 folders.
[2016.12.22-05.29.52:363][  0]LogCrashTracker: Crashtracker disabled due to settings.
[2016.12.22-05.29.52:375][  0]LogUObjectGlobals:Warning: Failed to find object 'Class None.'
[2016.12.22-05.29.52:400][  0]LogContentBrowser: Native class hierarchy updated for 'HierarchicalLODOutliner' in 0.0004 seconds. Added 1 classes and 2 folders.
[2016.12.22-05.29.52:400][  0]LogLoad: (Engine Initialization) Total time: 7.84 seconds
[2016.12.22-05.29.52:400][  0]LogLoad: (Engine Initialization) Total Blueprint compile time: 0.69 seconds
[2016.12.22-05.29.52:400][  0]LogExternalProfiler: Found external profiler: VSPerf
[2016.12.22-05.29.52:400][  0]LogExternalProfiler: Using external profiler: VSPerf
[2016.12.22-05.29.52:409][  0]LogWindowsTextInputMethodSystem:Display: IME system now deactivated.
[2016.12.22-05.29.52:409][  0]LogOcInput: OculusInput pre-init called
[2016.12.22-05.29.52:418][  0]LogOcInput: OculusInput is initialized. Init status 0. Runtime version: 1.10.2
[2016.12.22-05.29.52:435][  0]LogContentStreaming: Texture pool size now 1000 MB
[2016.12.22-05.29.52:545][  0]LogRenderer: Reallocating scene render targets to support 1124x620 (Frame:2).
[2016.12.22-05.29.52:638][  1]LogAssetRegistry: Asset discovery search completed in 4.3053 seconds
[2016.12.22-05.29.52:638][  1]LogCollectionManager: Rebuilt the object cache for 0 collections in 0.000000 seconds (found 0 objects)
[2016.12.22-05.29.52:638][  1]LogCollectionManager: Fixed up redirectors for 0 collections in 0.000021 seconds (updated 0 objects)
[2016.12.22-05.30.04:224][438]LogEditorViewport: Clicking on Actor (LMB): StaticMeshActor (SM_Roof_Turn_90_001)
[2016.12.22-05.30.05:049][464]LogEditorViewport: Clicking on Actor (CTRL LMB): StaticMeshActor (SM_Roof_Turn_90_2)
[2016.12.22-05.30.09:188][898]LogEditorViewport: Clicking on Actor (CTRL LMB): StaticMeshActor (SM_Roof_Turn_90_3)
[2016.12.22-05.30.09:629][941]LogEditorViewport: Clicking on Actor (CTRL LMB): StaticMeshActor (SM_Roof_Turn_90_4)
[2016.12.22-05.30.10:421][ 33]LogEditorViewport: Clicking on Actor (CTRL LMB): StaticMeshActor (SM_Roof_M_35)
[2016.12.22-05.30.11:056][106]LogEditorViewport: Clicking on Actor (CTRL LMB): StaticMeshActor (SM_Roof_M_36)
[2016.12.22-05.30.24:056][642]LogEditorViewport: Clicking on Actor (LMB): StaticMeshActor (Floor)
[2016.12.22-05.30.36:842][ 90]LogBlueprintUserMessages: Early PlayInEditor Detection: Level '/Game/Maps/EclypseVillage.EclypseVillage:PersistentLevel' has LevelScriptBlueprint '/Game/Maps/EclypseVillage.EclypseVillage:PersistentLevel.EclypseVillage' with GeneratedClass '/Game/Maps/EclypseVillage.EclypseVillage_C' with ClassGeneratedBy '/Game/Maps/EclypseVillage.EclypseVillage:PersistentLevel.EclypseVillage'
[2016.12.22-05.30.36:842][ 90]LogPlayLevel: PlayLevel: No blueprints needed recompiling
[2016.12.22-05.30.36:844][ 90]OCULUS: Debug: [HMDState] Using default profile default
[2016.12.22-05.30.36:844][ 90]OCULUS: Info: IAD changed to 65.3mm
[2016.12.22-05.30.36:844][ 90]LogHMD: New ovr session is created
[2016.12.22-05.30.36:856][ 90]LogHMD: HMD Oculus Rift CV1, res = 2160 x 1200
[2016.12.22-05.30.36:857][ 90]PIE: New page: PIE session: EclypseVillage (23 Dec 2016 2:30:36 am)
[2016.12.22-05.30.36:857][ 90]LogPlayLevel: Creating play world package: /Game/Maps/UEDPIE_0_EclypseVillage
[2016.12.22-05.30.36:882][ 90]LogPlayLevel: PIE: StaticDuplicateObject took: (0.024776s)
[2016.12.22-05.30.36:882][ 90]LogAIModule: Creating AISystem for world EclypseVillage
[2016.12.22-05.30.36:882][ 90]LogPlayLevel: PIE: World Init took: (0.000561s)
[2016.12.22-05.30.36:883][ 90]LogPlayLevel: PIE: Created PIE world by copying editor world from /Game/Maps/EclypseVillage.EclypseVillage to /Game/Maps/UEDPIE_0_EclypseVillage.EclypseVillage (0.025620s)
[2016.12.22-05.30.36:936][ 90]OCULUS: Error: Prediction interval too high: 1414.515957 s, clamping at 0.100000 s
[2016.12.22-05.30.36:936][ 90]LogInit: XAudio2 using 'Speakers (Realtek High Definition Audio)' : 8 channels at 48 kHz using 32 bits per sample (channel mask 0x63f)
[2016.12.22-05.30.36:970][ 90]LogInit: FAudioDevice initialized.
[2016.12.22-05.30.37:013][ 90]LogWorld: Game class is 'GameManager_C'
[2016.12.22-05.30.37:031][ 90]LogWorld: Bringing World /Game/Maps/UEDPIE_0_EclypseVillage.EclypseVillage up for play (max tick rate 0) at 2016.12.22-16.30.37
[2016.12.22-05.30.37:032][ 90]LogWorld: Bringing up level for play took: 0.017593
[2016.12.22-05.30.37:034][ 90]LogContentBrowser: Native class hierarchy updated for 'MovieSceneCapture' in 0.0004 seconds. Added 11 classes and 0 folders.
[2016.12.22-05.30.37:034][ 90]LogGameMode:Display: Match State Changed from EnteringMap to WaitingToStart
[2016.12.22-05.30.37:034][ 90]LogGameState: Match State Changed from EnteringMap to WaitingToStart
[2016.12.22-05.30.37:034][ 90]LogGameMode:Display: Match State Changed from WaitingToStart to InProgress
[2016.12.22-05.30.37:040][ 90]LogGameState: Match State Changed from WaitingToStart to InProgress
[2016.12.22-05.30.37:040][ 90]PIE: Info Play in editor start time for /Game/Maps/UEDPIE_0_EclypseVillage 0.929
[2016.12.22-05.30.37:040][ 90]LogBlueprintUserMessages: Late PlayInEditor Detection: Level '/Game/Maps/EclypseVillage.EclypseVillage:PersistentLevel' has LevelScriptBlueprint '/Game/Maps/EclypseVillage.EclypseVillage:PersistentLevel.EclypseVillage' with GeneratedClass '/Game/Maps/EclypseVillage.EclypseVillage_C' with ClassGeneratedBy '/Game/Maps/EclypseVillage.EclypseVillage:PersistentLevel.EclypseVillage'
[2016.12.22-05.30.39:252][269]LogBlueprintUserMessages: Early EndPlayMap Detection: Level '/Game/Maps/EclypseVillage.EclypseVillage:PersistentLevel' has LevelScriptBlueprint '/Game/Maps/EclypseVillage.EclypseVillage:PersistentLevel.EclypseVillage' with GeneratedClass '/Game/Maps/EclypseVillage.EclypseVillage_C' with ClassGeneratedBy '/Game/Maps/EclypseVillage.EclypseVillage:PersistentLevel.EclypseVillage'
[2016.12.22-05.30.39:277][269]LogHMD: Destroying ovr session
[2016.12.22-05.30.39:321][269]LogBlueprintUserMessages: Late EndPlayMap Detection: Level '/Game/Maps/EclypseVillage.EclypseVillage:PersistentLevel' has LevelScriptBlueprint '/Game/Maps/EclypseVillage.EclypseVillage:PersistentLevel.EclypseVillage' with GeneratedClass '/Game/Maps/EclypseVillage.EclypseVillage_C' with ClassGeneratedBy '/Game/Maps/EclypseVillage.EclypseVillage:PersistentLevel.EclypseVillage'
[2016.12.22-05.30.43:229][705]LogEditorViewport: Clicking on Actor (CTRL LMB): StaticMeshActor (SM_Roof_Turn_90_2)
[2016.12.22-05.30.43:884][780]LogEditorViewport: Clicking on Actor (CTRL LMB): StaticMeshActor (SM_Roof_Turn_90_4)
[2016.12.22-05.30.44:553][857]LogEditorViewport: Clicking on Actor (CTRL LMB): StaticMeshActor (SM_Roof_Turn_90_3)
[2016.12.22-05.30.44:964][903]LogEditorViewport: Clicking on Actor (CTRL LMB): StaticMeshActor (SM_Roof_Turn_90_001)
[2016.12.22-05.30.45:624][979]LogEditorViewport: Clicking on Actor (CTRL LMB): StaticMeshActor (SM_Roof_M_36)
[2016.12.22-05.30.46:423][ 71]LogEditorViewport: Clicking on Actor (CTRL LMB): StaticMeshActor (SM_Roof_M_35)
[2016.12.22-05.30.49:185][398]LogEditorViewport: Clicking on Actor (LMB): StaticMeshActor (Floor)
[2016.12.22-05.30.55:026][ 73]LogEditorViewport: Clicking on Actor (LMB): StaticMeshActor (SM_Wall_1mx2m_4)
[2016.12.22-05.30.56:422][226]LogEditorViewport: Clicking on Actor (CTRL LMB): StaticMeshActor (SM_Wall_1mx2m_5)
[2016.12.22-05.30.58:240][441]LogEditorViewport: Clicking on Actor (LMB): StaticMeshActor (SM_Roof_Turn_90_2)
[2016.12.22-05.31.06:805][293]LogEditorViewport: Clicking on Actor (LMB): StaticMeshActor (SM_Wall_1mx2m_4)
[2016.12.22-05.31.08:492][485]LogEditorViewport: Clicking on Actor (CTRL LMB): BP_Pole_001_C (BP_Pole_6)
[2016.12.22-05.31.09:854][642]LogEditorViewport: Clicking on Actor (CTRL LMB): StaticMeshActor (SM_Wall_1mx2m_5)
[2016.12.22-05.31.13:312][ 11]LogEditorViewport: Clicking on Actor (CTRL LMB): BP_Pole_001_C (BP_Pole_2)
[2016.12.22-05.31.22:070][ 10]LogEditorViewport: Clicking on Actor (LMB): StaticMeshActor (Floor)
[2016.12.22-05.31.34:354][456]LogEditorViewport: Clicking on Actor (LMB): PointLight (PointLight2)
[2016.12.22-05.31.44:147][607]LogEditorViewport: Clicking on Actor (LMB): StaticMeshActor (SM_Wall_1mx2m_4)
[2016.12.22-05.31.44:972][696]LogEditorViewport: Clicking on Actor (CTRL LMB): StaticMeshActor (SM_Wall_1mx2m_5)
[2016.12.22-05.31.48:578][125]LogEditorViewport: Clicking on Actor (LMB): StaticMeshActor (SM_Wall_2mx2m_001)
[2016.12.22-05.31.49:344][213]LogEditorViewport: Clicking on Actor (LMB): StaticMeshActor (Floor)
[2016.12.22-05.31.50:857][391]LogEditorViewport: Clicking on Actor (CTRL LMB): StaticMeshActor (SM_Wall_1mx2m_4)
[2016.12.22-05.31.51:637][474]LogEditorViewport: Clicking on Actor (CTRL LMB): StaticMeshActor (SM_Wall_1mx2m_5)
[2016.12.22-05.31.55:446][927]Cmd: TRANSACTION UNDO
[2016.12.22-05.31.55:446][927]LogEditorTransaction: Undo Move Actors
[2016.12.22-05.31.56:724][990]LogEditorViewport: Clicking on Actor (LMB): StaticMeshActor (SM_Wall_1mx2m_4)
[2016.12.22-05.31.57:339][ 13]LogEditorViewport: Clicking on Actor (CTRL LMB): StaticMeshActor (SM_Wall_1mx2m_5)
[2016.12.22-05.31.59:097][128]LogEditorViewport: Clicking on Actor (LMB): StaticMeshActor (SM_Wall_1mx2m_4)
[2016.12.22-05.31.59:656][192]LogEditorViewport: Clicking on Actor (LMB): StaticMeshActor (Floor)
[2016.12.22-05.32.00:479][287]LogEditorViewport: Clicking on Actor (LMB): StaticMeshActor (SM_Wall_1mx2m_6)
[2016.12.22-05.32.02:972][582]LogEditorViewport: Clicking on Actor (CTRL LMB): StaticMeshActor (SM_Wall_1mx2m_Bend_5)
[2016.12.22-05.32.03:704][666]LogEditorViewport: Clicking on Actor (CTRL LMB): StaticMeshActor (SM_Wall_1mx2m_Bend_6)
[2016.12.22-05.32.06:657][  0]LogEditorViewport: Clicking on Actor (CTRL LMB): StaticMeshActor (SM_Wall_1mx2m_Bend_4)
[2016.12.22-05.32.07:153][ 50]LogEditorViewport: Clicking on Actor (CTRL LMB): StaticMeshActor (SM_Wall_1mx2m_Bend_3)
[2016.12.22-05.32.07:885][134]LogEditorViewport: Clicking on Actor (CTRL LMB): StaticMeshActor (SM_Wall_1mx2m_Bend_001)
[2016.12.22-05.32.08:253][174]LogEditorViewport: Clicking on Actor (CTRL LMB): StaticMeshActor (SM_Wall_1mx2m_Bend_2)
[2016.12.22-05.32.11:057][491]LogEditorViewport: Clicking on Actor (CTRL LMB): StaticMeshActor (SM_Wall_1mx2m_001)
[2016.12.22-05.32.11:770][567]LogEditorViewport: Clicking on Actor (CTRL LMB): BP_Pole_001_C (BP_Pole_001)
[2016.12.22-05.32.34:014][191]LogEditorViewport: Clicking on Actor (LMB): BP_Sky_Sphere_C (Sky Sphere)
[2016.12.22-05.32.52:944][384]LogEditorViewport: Clicking on Actor (LMB): StaticMeshActor (SM_Wall_1mx2m_Bend_4)
[2016.12.22-05.32.53:598][442]LogEditorViewport: Clicking on Actor (CTRL LMB): StaticMeshActor (SM_Wall_1mx2m_Bend_3)
[2016.12.22-05.32.54:638][563]LogEditorViewport: Clicking on Actor (CTRL LMB): StaticMeshActor (SM_Wall_1mx2m_Bend_001)
[2016.12.22-05.32.55:628][674]LogEditorViewport: Clicking on Actor (CTRL LMB): StaticMeshActor (SM_Wall_1mx2m_Bend_2)
[2016.12.22-05.33.01:068][317]LogEditorViewport: Clicking on Actor (CTRL LMB): StaticMeshActor (SM_Wall_1mx2m_Bend_001)
[2016.12.22-05.33.02:717][511]LogEditorViewport: Clicking on Actor (CTRL LMB): StaticMeshActor (SM_Wall_1mx2m_Bend_2)
[2016.12.22-05.33.09:574][298]Cmd: TRANSACTION UNDO
[2016.12.22-05.33.09:574][298]LogEditorTransaction: Undo Move Actors
[2016.12.22-05.33.16:146][851]LogEditorViewport: Clicking on Actor (LMB): BP_Sky_Sphere_C (Sky Sphere)
[2016.12.22-05.33.20:554][360]LogEditorViewport: Clicking on Actor (LMB): StaticMeshActor (SM_Wall_1mx2m_Bend_5)
[2016.12.22-05.33.23:175][657]LogEditorViewport: Clicking on Actor (LMB): BP_Sky_Sphere_C (Sky Sphere)
[2016.12.22-05.33.25:669][922]LogEditorViewport: Clicking on Actor (LMB): StaticMeshActor (SM_Wall_1mx2m_Bend_6)
[2016.12.22-05.33.27:718][141]LogEditorViewport: Clicking on Actor (LMB): StaticMeshActor (Floor)
[2016.12.22-05.33.32:419][651]LogBlueprintUserMessages: Early PlayInEditor Detection: Level '/Game/Maps/EclypseVillage.EclypseVillage:PersistentLevel' has LevelScriptBlueprint '/Game/Maps/EclypseVillage.EclypseVillage:PersistentLevel.EclypseVillage' with GeneratedClass '/Game/Maps/EclypseVillage.EclypseVillage_C' with ClassGeneratedBy '/Game/Maps/EclypseVillage.EclypseVillage:PersistentLevel.EclypseVillage'
[2016.12.22-05.33.32:419][651]LogPlayLevel: PlayLevel: No blueprints needed recompiling
[2016.12.22-05.33.32:420][651]OCULUS: Debug: [HMDState] Using default profile default
[2016.12.22-05.33.32:420][651]OCULUS: Info: IAD changed to 65.3mm
[2016.12.22-05.33.32:420][651]LogHMD: New ovr session is created
[2016.12.22-05.33.32:429][651]LogHMD: HMD Oculus Rift CV1, res = 2160 x 1200
[2016.12.22-05.33.32:429][651]PIE: New page: PIE session: EclypseVillage (23 Dec 2016 2:33:32 am)
[2016.12.22-05.33.32:429][651]LogPlayLevel: Creating play world package: /Game/Maps/UEDPIE_0_EclypseVillage
[2016.12.22-05.33.32:455][651]LogPlayLevel: PIE: StaticDuplicateObject took: (0.025928s)
[2016.12.22-05.33.32:455][651]LogAIModule: Creating AISystem for world EclypseVillage
[2016.12.22-05.33.32:456][651]LogPlayLevel: PIE: World Init took: (0.000581s)
[2016.12.22-05.33.32:456][651]LogPlayLevel: PIE: Created PIE world by copying editor world from /Game/Maps/EclypseVillage.EclypseVillage to /Game/Maps/UEDPIE_0_EclypseVillage.EclypseVillage (0.026727s)
[2016.12.22-05.33.32:475][651]LogInit: XAudio2 using 'Speakers (Realtek High Definition Audio)' : 8 channels at 48 kHz using 32 bits per sample (channel mask 0x63f)
[2016.12.22-05.33.32:507][651]LogInit: FAudioDevice initialized.
[2016.12.22-05.33.32:537][651]LogWorld: Game class is 'GameManager_C'
[2016.12.22-05.33.32:554][651]LogWorld: Bringing World /Game/Maps/UEDPIE_0_EclypseVillage.EclypseVillage up for play (max tick rate 0) at 2016.12.22-16.33.32
[2016.12.22-05.33.32:555][651]LogWorld: Bringing up level for play took: 0.017410
[2016.12.22-05.33.32:555][651]LogGameMode:Display: Match State Changed from EnteringMap to WaitingToStart
[2016.12.22-05.33.32:555][651]LogGameState: Match State Changed from EnteringMap to WaitingToStart
[2016.12.22-05.33.32:555][651]LogGameMode:Display: Match State Changed from WaitingToStart to InProgress
[2016.12.22-05.33.32:561][651]LogGameState: Match State Changed from WaitingToStart to InProgress
[2016.12.22-05.33.32:561][651]PIE: Info Play in editor start time for /Game/Maps/UEDPIE_0_EclypseVillage 0.451
[2016.12.22-05.33.32:562][651]LogBlueprintUserMessages: Late PlayInEditor Detection: Level '/Game/Maps/EclypseVillage.EclypseVillage:PersistentLevel' has LevelScriptBlueprint '/Game/Maps/EclypseVillage.EclypseVillage:PersistentLevel.EclypseVillage' with GeneratedClass '/Game/Maps/EclypseVillage.EclypseVillage_C' with ClassGeneratedBy '/Game/Maps/EclypseVillage.EclypseVillage:PersistentLevel.EclypseVillage'
[2016.12.22-05.33.37:250][147]LogBlueprintUserMessages: Early EndPlayMap Detection: Level '/Game/Maps/EclypseVillage.EclypseVillage:PersistentLevel' has LevelScriptBlueprint '/Game/Maps/EclypseVillage.EclypseVillage:PersistentLevel.EclypseVillage' with GeneratedClass '/Game/Maps/EclypseVillage.EclypseVillage_C' with ClassGeneratedBy '/Game/Maps/EclypseVillage.EclypseVillage:PersistentLevel.EclypseVillage'
[2016.12.22-05.33.37:274][147]LogHMD: Destroying ovr session
[2016.12.22-05.33.37:316][147]LogBlueprintUserMessages: Late EndPlayMap Detection: Level '/Game/Maps/EclypseVillage.EclypseVillage:PersistentLevel' has LevelScriptBlueprint '/Game/Maps/EclypseVillage.EclypseVillage:PersistentLevel.EclypseVillage' with GeneratedClass '/Game/Maps/EclypseVillage.EclypseVillage_C' with ClassGeneratedBy '/Game/Maps/EclypseVillage.EclypseVillage:PersistentLevel.EclypseVillage'
[2016.12.22-05.33.41:082][580]LogEditorViewport: Clicking on Actor (LMB): BP_Pole_001_C (BP_Pole_5)
[2016.12.22-05.33.44:251][949]LogEditorViewport: Clicking on Actor (CTRL LMB): BP_Pole_001_C (BP_Pole_001)
[2016.12.22-05.33.50:468][689]LogEditorViewport: Clicking on Actor (LMB): StaticMeshActor (Floor)
[2016.12.22-05.33.52:467][910]LogEditorViewport: Clicking on Actor (LMB): BP_Sky_Sphere_C (Sky Sphere)
[2016.12.22-05.33.55:513][241]LogEditorViewport: Clicking on Actor (LMB): StaticMeshActor (SM_Roof_M_36)
[2016.12.22-05.33.58:997][643]LogEditorViewport: Clicking on Actor (LMB): StaticMeshActor (Floor)
[2016.12.22-05.34.04:884][318]LogEditorViewport: Clicking on Actor (LMB): StaticMeshActor (SM_Wall_1mx2m_Bend_6)
[2016.12.22-05.34.09:815][847]LogEditorViewport: Clicking on Actor (LMB): StaticMeshActor (Floor)
[2016.12.22-05.34.22:292][328]LogEditorViewport: Clicking on Actor (LMB): StaticMeshActor (SM_Wall_1mx2m_Bend_4)
[2016.12.22-05.34.25:969][753]LogEditorViewport: Clicking on Actor (LMB): StaticMeshActor (SM_Wall_1mx2m_Bend_2)
[2016.12.22-05.34.29:747][195]LogEditorViewport: Clicking on Actor (LMB): StaticMeshActor (SM_Wall_1mx2m_Bend_4)
[2016.12.22-05.34.32:105][466]LogEditorViewport: Clicking on Actor (LMB): StaticMeshActor (SM_Wall_1mx2m_Bend_001)
[2016.12.22-05.34.36:442][837]LogSavePackage: Save=751.96ms
[2016.12.22-05.34.36:442][837]LogSavePackage: Moving '../../../../../../Admin/Documents/GitHub Repositories/EclypseUE4/ProjectEclypse/Saved/EclypseVillageD0C5C3D447E32E7419AAB0997FFF94CE.tmp' to '../../../../../../Admin/Documents/GitHub Repositories/EclypseUE4/ProjectEclypse/Content/Maps/EclypseVillage.umap'
[2016.12.22-05.34.36:447][837]LogSavePackage:Display: Finished SavePackage ../../../../../../Admin/Documents/GitHub Repositories/EclypseUE4/ProjectEclypse/Content/Maps/EclypseVillage.umap
[2016.12.22-05.34.46:385][957]LogBlueprintUserMessages: Early PlayInEditor Detection: Level '/Game/Maps/EclypseVillage.EclypseVillage:PersistentLevel' has LevelScriptBlueprint '/Game/Maps/EclypseVillage.EclypseVillage:PersistentLevel.EclypseVillage' with GeneratedClass '/Game/Maps/EclypseVillage.EclypseVillage_C' with ClassGeneratedBy '/Game/Maps/EclypseVillage.EclypseVillage:PersistentLevel.EclypseVillage'
[2016.12.22-05.34.46:386][957]LogPlayLevel: PlayLevel: No blueprints needed recompiling
[2016.12.22-05.34.46:387][957]OCULUS: Debug: [HMDState] Using default profile default
[2016.12.22-05.34.46:387][957]OCULUS: Info: IAD changed to 65.3mm
[2016.12.22-05.34.46:387][957]LogHMD: New ovr session is created
[2016.12.22-05.34.46:395][957]LogHMD: HMD Oculus Rift CV1, res = 2160 x 1200
[2016.12.22-05.34.46:395][957]PIE: New page: PIE session: EclypseVillage (23 Dec 2016 2:34:46 am)
[2016.12.22-05.34.46:396][957]LogPlayLevel: Creating play world package: /Game/Maps/UEDPIE_0_EclypseVillage
[2016.12.22-05.34.46:420][957]LogPlayLevel: PIE: StaticDuplicateObject took: (0.024866s)
[2016.12.22-05.34.46:421][957]LogAIModule: Creating AISystem for world EclypseVillage
[2016.12.22-05.34.46:421][957]LogPlayLevel: PIE: World Init took: (0.000574s)
[2016.12.22-05.34.46:421][957]LogPlayLevel: PIE: Created PIE world by copying editor world from /Game/Maps/EclypseVillage.EclypseVillage to /Game/Maps/UEDPIE_0_EclypseVillage.EclypseVillage (0.025662s)
[2016.12.22-05.34.46:441][957]LogInit: XAudio2 using 'Speakers (Realtek High Definition Audio)' : 8 channels at 48 kHz using 32 bits per sample (channel mask 0x63f)
[2016.12.22-05.34.46:470][957]LogInit: FAudioDevice initialized.
[2016.12.22-05.34.46:497][957]LogWorld: Game class is 'GameManager_C'
[2016.12.22-05.34.46:515][957]LogWorld: Bringing World /Game/Maps/UEDPIE_0_EclypseVillage.EclypseVillage up for play (max tick rate 0) at 2016.12.22-16.34.46
[2016.12.22-05.34.46:516][957]LogWorld: Bringing up level for play took: 0.017474
[2016.12.22-05.34.46:516][957]LogGameMode:Display: Match State Changed from EnteringMap to WaitingToStart
[2016.12.22-05.34.46:516][957]LogGameState: Match State Changed from EnteringMap to WaitingToStart
[2016.12.22-05.34.46:516][957]LogGameMode:Display: Match State Changed from WaitingToStart to InProgress
[2016.12.22-05.34.46:522][957]LogGameState: Match State Changed from WaitingToStart to InProgress
[2016.12.22-05.34.46:522][957]PIE: Info Play in editor start time for /Game/Maps/UEDPIE_0_EclypseVillage 0.411
[2016.12.22-05.34.46:522][957]LogBlueprintUserMessages: Late PlayInEditor Detection: Level '/Game/Maps/EclypseVillage.EclypseVillage:PersistentLevel' has LevelScriptBlueprint '/Game/Maps/EclypseVillage.EclypseVillage:PersistentLevel.EclypseVillage' with GeneratedClass '/Game/Maps/EclypseVillage.EclypseVillage_C' with ClassGeneratedBy '/Game/Maps/EclypseVillage.EclypseVillage:PersistentLevel.EclypseVillage'
[2016.12.22-05.35.18:887][818]LogBlueprintUserMessages: Early EndPlayMap Detection: Level '/Game/Maps/EclypseVillage.EclypseVillage:PersistentLevel' has LevelScriptBlueprint '/Game/Maps/EclypseVillage.EclypseVillage:PersistentLevel.EclypseVillage' with GeneratedClass '/Game/Maps/EclypseVillage.EclypseVillage_C' with ClassGeneratedBy '/Game/Maps/EclypseVillage.EclypseVillage:PersistentLevel.EclypseVillage'
[2016.12.22-05.35.18:911][818]LogHMD: Destroying ovr session
[2016.12.22-05.35.18:953][818]LogBlueprintUserMessages: Late EndPlayMap Detection: Level '/Game/Maps/EclypseVillage.EclypseVillage:PersistentLevel' has LevelScriptBlueprint '/Game/Maps/EclypseVillage.EclypseVillage:PersistentLevel.EclypseVillage' with GeneratedClass '/Game/Maps/EclypseVillage.EclypseVillage_C' with ClassGeneratedBy '/Game/Maps/EclypseVillage.EclypseVillage:PersistentLevel.EclypseVillage'
[2016.12.22-05.36.39:830][447]LogEditorViewport: Clicking on Actor (LMB): BP_Sky_Sphere_C (Sky Sphere)
[2016.12.22-05.36.54:216][156]LogEditorViewport: Clicking on Actor (LMB): StaticMeshActor (SM_Window_Shutter_002_abbandoned)
[2016.12.22-05.36.56:035][344]LogEditorViewport: Clicking on Actor (LMB): StaticMeshActor (SM_Wall_2mx3m_001_abbandoned)
[2016.12.22-05.37.23:768][927]LogEditorViewport: Clicking on Actor (LMB): StaticMeshActor (Floor)
[2016.12.22-05.37.26:976][284]LogEditorViewport: Clicking on Actor (LMB): StaticMeshActor (SM_Wall_2mx3m_001_abbandoned2)
[2016.12.22-05.37.29:453][517]LogEditorViewport: Clicking on Actor (LMB): StaticMeshActor (SM_Wall_2mx3m_001_abbandoned)
[2016.12.22-05.37.34:106][ 10]LogEditorViewport: Clicking on Actor (LMB): StaticMeshActor (SM_Wall_2mx3m_001_abbandoned2)
[2016.12.22-05.37.41:276][591]LogEditorViewport: Clicking on Actor (LMB): StaticMeshActor (SM_Wall_2mx3m_001_abbandoned)
[2016.12.22-05.37.44:123][892]LogEditorViewport: Clicking on Actor (LMB): BP_Sky_Sphere_C (Sky Sphere)
[2016.12.22-05.37.51:618][755]LogEditorViewport: Clicking on Actor (LMB): StaticMeshActor (SM_Wall_2mx3m_001_abbandoned)
[2016.12.22-05.38.01:009][391]LogEditorViewport: Clicking on Actor (LMB): StaticMeshActor (Floor)
[2016.12.22-05.38.04:230][631]LogSavePackage: Save=629.63ms
[2016.12.22-05.38.04:230][631]LogSavePackage: Moving '../../../../../../Admin/Documents/GitHub Repositories/EclypseUE4/ProjectEclypse/Saved/EclypseVillageE661D6E84B86A678192247BA5A58B962.tmp' to '../../../../../../Admin/Documents/GitHub Repositories/EclypseUE4/ProjectEclypse/Content/Maps/EclypseVillage.umap'
[2016.12.22-05.38.04:236][631]LogSavePackage:Display: Finished SavePackage ../../../../../../Admin/Documents/GitHub Repositories/EclypseUE4/ProjectEclypse/Content/Maps/EclypseVillage.umap
[2016.12.22-05.38.22:432][252]LogMaterial: Missing cached shader map for material M_Cave_Rock, compiling. 
[2016.12.22-05.38.22:496][252]LogStaticMesh: Building static mesh SM_Cave_Rock_Med_01a...
[2016.12.22-05.38.22:626][252]LogStaticMesh: Built static mesh [0.13s] /Game/Environment/Meshes/Rocks/SM_Cave_Rock_Med_01a.SM_Cave_Rock_Med_01a
[2016.12.22-05.38.22:807][252]LogActorFactory: Actor Factory created SM_Cave_Rock_Med_01a
[2016.12.22-05.38.23:426][305]LogActorFactory: Actor Factory created SM_Cave_Rock_Med_01a
[2016.12.22-05.38.25:518][487]LogEditorViewport: Clicking on Actor (LMB): StaticMeshActor (Floor)
[2016.12.22-05.38.28:328][742]LogEditorViewport: Clicking on Actor (LMB): StaticMeshActor (SM_Cave_Rock_Med_01a)
[2016.12.22-05.38.28:974][813]Cmd: DELETE
[2016.12.22-05.38.28:974][813]Cmd: ACTOR DELETE
[2016.12.22-05.38.29:069][813]LogEditorActor: Deleted Actor: StaticMeshActor
[2016.12.22-05.38.29:078][813]LogEditorActor: Deleted 1 Actors (0.010 secs)
[2016.12.22-05.38.30:116][887]LogMaterial: Missing cached shader map for material M_Cave_Rock, compiling. 
[2016.12.22-05.38.30:176][887]LogStaticMesh: Building static mesh SM_Cave_Rock_Large_01b...
[2016.12.22-05.38.30:528][887]LogStaticMesh: Built static mesh [0.35s] /Game/Environment/Meshes/Rocks/SM_Cave_Rock_Large_01b.SM_Cave_Rock_Large_01b
[2016.12.22-05.38.30:596][887]LogMaterial: Missing cached shader map for material M_Cave_Rock, compiling. 
[2016.12.22-05.38.30:655][887]LogActorFactory: Actor Factory created SM_Cave_Rock_Large_01b
[2016.12.22-05.38.31:703][995]LogActorFactory: Actor Factory created SM_Cave_Rock_Large_01b
[2016.12.22-05.38.39:818][302]LogEditorViewport: Clicking on Actor (LMB): BP_Sky_Sphere_C (Sky Sphere)
[2016.12.22-05.38.45:824][999]LogEditorViewport: Clicking on Actor (LMB): StaticMeshActor (SM_Cave_Rock_Large_01b)
[2016.12.22-05.38.49:334][407]Cmd: DELETE
[2016.12.22-05.38.49:334][407]Cmd: ACTOR DELETE
[2016.12.22-05.38.49:335][407]LogEditorActor: Deleted Actor: StaticMeshActor
[2016.12.22-05.38.49:345][407]LogEditorActor: Deleted 1 Actors (0.011 secs)
[2016.12.22-05.38.51:404][560]LogStaticMesh: Building static mesh SM_Cave_Rock_Large_01a...
[2016.12.22-05.38.51:461][560]LogStaticMesh: Built static mesh [0.06s] /Game/Environment/Meshes/Rocks/SM_Cave_Rock_Large_01a.SM_Cave_Rock_Large_01a
[2016.12.22-05.38.51:515][561]LogActorFactory: Actor Factory created SM_Cave_Rock_Large_01a
[2016.12.22-05.38.55:011][974]LogActorFactory: Actor Factory created SM_Cave_Rock_Large_01a
[2016.12.22-05.38.59:460][448]LogEditorViewport: Clicking on Actor (LMB): StaticMeshActor (Floor)
[2016.12.22-05.39.03:063][872]LogEditorViewport: Clicking on Actor (LMB): StaticMeshActor (SM_Cave_Rock_Large_01a)
[2016.12.22-05.39.03:323][899]Cmd: DELETE
[2016.12.22-05.39.03:323][899]Cmd: ACTOR DELETE
[2016.12.22-05.39.03:324][899]LogEditorActor: Deleted Actor: StaticMeshActor
[2016.12.22-05.39.03:332][899]LogEditorActor: Deleted 1 Actors (0.009 secs)
[2016.12.22-05.39.38:999][971]LogStaticMesh: Building static mesh SM_Cave_Rock_Large_01a_FlatTop...
[2016.12.22-05.39.39:085][971]LogStaticMesh: Built static mesh [0.09s] /Game/Environment/Meshes/Rocks/SM_Cave_Rock_Large_01a_FlatTop.SM_Cave_Rock_Large_01a_FlatTop
[2016.12.22-05.39.39:109][971]LogActorFactory: Actor Factory created SM_Cave_Rock_Large_01a_FlatTop
[2016.12.22-05.39.40:149][ 92]LogActorFactory: Actor Factory created SM_Cave_Rock_Large_01a_FlatTop
[2016.12.22-05.39.41:137][207]LogEditorViewport: Clicking on Actor (LMB): StaticMeshActor (Floor)
[2016.12.22-05.39.43:530][487]LogEditorViewport: Clicking on Actor (LMB): StaticMeshActor (SM_Cave_Rock_Large_01a_FlatTop)
[2016.12.22-05.39.52:716][554]Cmd: DELETE
[2016.12.22-05.39.52:716][554]Cmd: ACTOR DELETE
[2016.12.22-05.39.52:717][554]LogEditorActor: Deleted Actor: StaticMeshActor
[2016.12.22-05.39.52:728][554]LogEditorActor: Deleted 1 Actors (0.011 secs)
[2016.12.22-05.39.54:028][639]LogActorFactory: Actor Factory created SM_Cave_Rock_Large_01b
[2016.12.22-05.39.55:251][784]LogActorFactory: Actor Factory created SM_Cave_Rock_Large_01b
[2016.12.22-05.40.10:948][447]LogMaterial: Missing cached shader map for material M_Cave_Rock, compiling. 
[2016.12.22-05.40.10:984][447]LogStaticMesh: Building static mesh SM_Cave_Rock_Slate_01a...
[2016.12.22-05.40.11:016][447]LogStaticMesh: Built static mesh [0.03s] /Game/Environment/Meshes/Rocks/SM_Cave_Rock_Slate_01a.SM_Cave_Rock_Slate_01a
[2016.12.22-05.40.11:044][447]LogActorFactory: Actor Factory created SM_Cave_Rock_Slate_01a
[2016.12.22-05.40.13:380][640]LogActorFactory: Actor Factory created SM_Cave_Rock_Slate_01a
[2016.12.22-05.40.13:957][702]LogEditorViewport: Clicking on Actor (LMB): StaticMeshActor (Floor)
[2016.12.22-05.40.20:618][414]LogStaticMesh: Building static mesh SM_Cave_Rock_Small_01a...
[2016.12.22-05.40.20:634][414]LogStaticMesh: Built static mesh [0.02s] /Game/Environment/Meshes/Rocks/SM_Cave_Rock_Small_01a.SM_Cave_Rock_Small_01a
[2016.12.22-05.40.20:729][417]LogActorFactory: Actor Factory created SM_Cave_Rock_Small_01a
[2016.12.22-05.40.22:770][653]LogActorFactory: Actor Factory created SM_Cave_Rock_Small_01a
[2016.12.22-05.40.23:242][706]Cmd: DELETE
[2016.12.22-05.40.23:242][706]Cmd: ACTOR DELETE
[2016.12.22-05.40.23:243][706]LogEditorActor: Deleted Actor: StaticMeshActor
[2016.12.22-05.40.23:255][706]LogEditorActor: Deleted 1 Actors (0.013 secs)
[2016.12.22-05.40.24:413][845]LogEditorViewport: Clicking on Actor (LMB): StaticMeshActor (SM_Cave_Rock_Slate_01a)
[2016.12.22-05.40.31:521][692]LogEditorViewport: Clicking on Actor (LMB): BP_Sky_Sphere_C (Sky Sphere)
[2016.12.22-05.40.32:789][840]LogEditorViewport: Clicking on Actor (LMB): StaticMeshActor (SM_Cave_Rock_Slate_01a)
[2016.12.22-05.40.39:338][618]LogEditorViewport: Clicking on Actor (LMB): StaticMeshActor (Floor)
[2016.12.22-05.40.51:956][ 74]LogEditorViewport: Clicking on Actor (LMB): StaticMeshActor (SM_Cave_Rock_Slate_01a)
[2016.12.22-05.41.05:471][637]LogEditorViewport: Clicking on Actor (LMB): StaticMeshActor (Floor)
[2016.12.22-05.41.07:683][890]LogEditorViewport: Clicking on Actor (LMB): StaticMeshActor (SM_Cave_Rock_Slate_01a)
[2016.12.22-05.41.13:727][596]LogEditorViewport: Clicking on Actor (LMB): StaticMeshActor (SM_Cave_Rock_Slate_01a)
[2016.12.22-05.41.36:802][250]LogEditorViewport: Clicking on Actor (LMB): StaticMeshActor (Floor)
[2016.12.22-05.41.53:248][144]LogEditorViewport: Clicking on Actor (LMB): BP_Well_C (BP_Well)
[2016.12.22-05.42.01:452][110]LogEditorViewport: Clicking on Actor (LMB): BP_Sky_Sphere_C (Sky Sphere)
[2016.12.22-05.42.21:861][452]LogEditorViewport: Clicking on Actor (LMB): StaticMeshActor (SM_Wall_2mx3m_001_abbandoned)
[2016.12.22-05.42.27:357][  6]Cmd: TRANSACTION UNDO
[2016.12.22-05.42.27:357][  6]LogEditorTransaction: Undo Move Actors
[2016.12.22-05.42.27:867][ 40]LogEditorViewport: Clicking on Actor (LMB): StaticMeshActor (SM_Window_Shutter_002_abbandoned)
[2016.12.22-05.42.39:010][694]EditorErrors: New page: Actor attachment
[2016.12.22-05.42.50:942][ 17]LogEditorViewport: Clicking on Actor (LMB): StaticMeshActor (River)
[2016.12.22-05.43.00:791][153]LogEditorViewport: Clicking on Actor (LMB): StaticMeshActor (SM_Cave_Rock_Large_01b)
[2016.12.22-05.43.13:895][606]LogEditorViewport: Clicking on Actor (LMB): StaticMeshActor (SM_Roof_Turn_90_001)
[2016.12.22-05.43.28:445][188]LogEditorViewport: Clicking on Actor (LMB): StaticMeshActor (SM_Door_Exterior_002)
[2016.12.22-05.43.32:090][621]LogEditorViewport: Clicking on Actor (LMB): StaticMeshActor (SM_Cave_Rock_Slate_01a)
[2016.12.22-05.43.37:568][274]LogEditorViewport: Clicking on Actor (LMB): StaticMeshActor (SM_Wall_2mx2m_001)
[2016.12.22-05.43.49:828][606]LogEditorViewport: Clicking on Actor (LMB): BP_Sky_Sphere_C (Sky Sphere)
[2016.12.22-05.43.56:593][370]LogEditorViewport: Clicking on Actor (LMB): StaticMeshActor (SM_Roof_Turn_45_2)
[2016.12.22-05.44.07:886][470]Cmd: TRANSACTION UNDO
[2016.12.22-05.44.07:886][470]LogEditorTransaction: Undo Move Actors
[2016.12.22-05.44.09:166][535]LogEditorViewport: Clicking on Actor (LMB): StaticMeshActor (SM_Window_001_abbandoned_support_003)
[2016.12.22-05.44.17:776][362]LogEditorViewport: Clicking on Actor (CTRL LMB): StaticMeshActor (SM_Wall_2mx1m_window_001)
[2016.12.22-05.44.50:888][159]EditorErrors: New page: Actor attachment
[2016.12.22-05.45.16:973][ 32]LogEditorViewport: Clicking on Actor (LMB): StaticMeshActor (SM_Cave_Rock_Slate_01a)
[2016.12.22-05.45.19:279][290]LogEditorViewport: Clicking on Actor (LMB): BP_Sky_Sphere_C (Sky Sphere)
[2016.12.22-05.45.34:865][ 61]LogEditorViewport: Clicking on Actor (LMB): StaticMeshActor (SM_grass_patch_001)
[2016.12.22-05.45.37:557][379]LogEditorViewport: Clicking on Actor (LMB): StaticMeshActor (SM_Cave_Rock_Slate_01a)
[2016.12.22-05.45.38:180][450]LogEditorViewport: Clicking on Actor (LMB): StaticMeshActor (SM_grass_patch_001)
[2016.12.22-05.45.39:517][606]LogEditorViewport: Clicking on Actor (LMB): StaticMeshActor (SM_Cave_Rock_Slate_01a)
[2016.12.22-05.45.42:901][990]LogEditorViewport: Clicking on Actor (LMB): BP_Wall_2mx1m2_C (BP_Wall_2mx1m61)
[2016.12.22-05.45.59:308][850]LogEditorViewport: Clicking on Actor (LMB): StaticMeshActor (Floor)
[2016.12.22-05.46.06:017][589]LogEditorViewport: Clicking on Actor (LMB): BP_Wall_2mx1m2_C (BP_Wall_2mx1m61)
[2016.12.22-05.46.14:927][544]LogEditorViewport: Clicking on Actor (LMB): BP_Sky_Sphere_C (Sky Sphere)
[2016.12.22-05.46.20:323][146]LogEditorViewport: Clicking on Actor (LMB): StaticMeshActor (SM_Wall_2mx3m_door_002_component_abbandoned)
[2016.12.22-05.46.20:833][203]LogEditorViewport: Clicking on Actor (LMB): StaticMeshActor (SM_Window_Shutter_002_abbandoned)
[2016.12.22-05.46.26:742][824]LogEditorViewport: Clicking on Actor (LMB): BP_Sky_Sphere_C (Sky Sphere)
[2016.12.22-05.46.28:233][972]LogEditorViewport: Clicking on Actor (LMB): StaticMeshActor (SM_Window_Shutter_002_abbandoned)
[2016.12.22-05.46.30:396][194]LogEditorViewport: Clicking on Actor (LMB): StaticMeshActor (SM_Cave_Rock_Slate_01a)
[2016.12.22-05.46.34:082][607]LogEditorViewport: Clicking on Actor (LMB): StaticMeshActor (SM_Window_Shutter_002_abbandoned)
[2016.12.22-05.46.36:888][919]LogEditorViewport: Clicking on Actor (LMB): StaticMeshActor (Floor)
[2016.12.22-05.47.16:248][977]LogMaterial: Missing cached shader map for material Ground_7, compiling. 
[2016.12.22-05.47.16:483][977]LogMaterial: Missing cached shader map for material Ground_7, compiling. 
[2016.12.22-05.47.16:517][977]LogMaterial: 0.00 seconds spent updating 1 materials, 1 interfaces, 0 instances, 0 with static permutations.
[2016.12.22-05.47.16:547][977]LogMaterial: Missing cached shader map for material FMatExpressionPreview MaterialExpressionTextureSample_0, compiling. 
[2016.12.22-05.47.16:555][977]LogMaterial: Missing cached shader map for material FMatExpressionPreview MaterialExpressionTextureSample_1, compiling. 
[2016.12.22-05.47.16:559][977]LogMaterial: Missing cached shader map for material FMatExpressionPreview MaterialExpressionTextureSample_2, compiling. 
[2016.12.22-05.47.35:910][ 11]LogMaterial: Missing cached shader map for material Ground_8, compiling. 
[2016.12.22-05.47.35:984][ 11]LogMaterial: Missing cached shader map for material Ground_8, compiling. 
[2016.12.22-05.47.36:006][ 11]LogMaterial: 0.00 seconds spent updating 1 materials, 1 interfaces, 0 instances, 0 with static permutations.
[2016.12.22-05.47.36:036][ 11]LogMaterial: Missing cached shader map for material FMatExpressionPreview MaterialExpressionTextureSample_0, compiling. 
[2016.12.22-05.47.36:040][ 11]LogMaterial: Missing cached shader map for material FMatExpressionPreview MaterialExpressionTextureSample_1, compiling. 
[2016.12.22-05.47.36:043][ 11]LogMaterial: Missing cached shader map for material FMatExpressionPreview MaterialExpressionConstant_47, compiling. 
[2016.12.22-05.47.36:047][ 11]LogMaterial: Missing cached shader map for material FMatExpressionPreview MaterialExpressionTextureSample_2, compiling. 
[2016.12.22-05.47.43:462][243]LogMaterial: Missing cached shader map for material Ground_6, compiling. 
[2016.12.22-05.47.43:533][243]LogMaterial: Missing cached shader map for material Ground_6, compiling. 
[2016.12.22-05.47.43:554][243]LogMaterial: 0.00 seconds spent updating 1 materials, 1 interfaces, 0 instances, 0 with static permutations.
[2016.12.22-05.47.43:581][243]LogMaterial: Missing cached shader map for material FMatExpressionPreview MaterialExpressionTextureSample_0, compiling. 
[2016.12.22-05.47.43:586][243]LogMaterial: Missing cached shader map for material FMatExpressionPreview MaterialExpressionTextureSample_1, compiling. 
[2016.12.22-05.47.43:589][243]LogMaterial: Missing cached shader map for material FMatExpressionPreview MaterialExpressionTextureSample_2, compiling. 
[2016.12.22-05.47.55:839][586]LogMaterial: Missing cached shader map for material Ground_6, compiling. 
[2016.12.22-05.47.55:860][586]LogMaterial: 0.00 seconds spent updating 1 materials, 1 interfaces, 0 instances, 0 with static permutations.
[2016.12.22-05.47.55:861][586]LogMaterial: Missing cached shader map for material FMatExpressionPreview MaterialExpressionConstant3Vector_0, compiling. 
[2016.12.22-05.47.55:866][586]LogMaterial: Missing cached shader map for material Ground_6, compiling. 
[2016.12.22-05.47.55:867][586]LogMaterial:Warning: Failed to compile Material /Engine/Transient.Ground_6 for platform PCD3D_SM5, Default Material will be used in game.
[2016.12.22-05.47.55:867][586]LogMaterial:Warning: 	(Node TextureSample) Coercion failed: MaterialFloat3(0.00000000,0.00000000,0.00000000): float3 -> float2
[2016.12.22-05.47.55:867][586]LogMaterial: 0.00 seconds spent updating 1 materials, 1 interfaces, 0 instances, 0 with static permutations.
[2016.12.22-05.47.55:917][586]LogMaterial: Missing cached shader map for material FMatExpressionPreview MaterialExpressionTextureSample_0, compiling. 
[2016.12.22-05.47.55:918][586]LogMaterial: Missing cached shader map for material FMatExpressionPreview MaterialExpressionConstant3Vector_0, compiling. 
[2016.12.22-05.47.57:976][661]LogMaterial: Missing cached shader map for material Ground_6, compiling. 
[2016.12.22-05.47.57:998][661]LogMaterial: 0.00 seconds spent updating 1 materials, 1 interfaces, 0 instances, 0 with static permutations.
[2016.12.22-05.47.58:023][661]LogMaterial: Missing cached shader map for material FMatExpressionPreview MaterialExpressionTextureSample_0, compiling. 
[2016.12.22-05.48.05:784][839]LogMaterial: Missing cached shader map for material Ground_6, compiling. 
[2016.12.22-05.48.05:806][839]LogMaterial: 0.00 seconds spent updating 1 materials, 1 interfaces, 0 instances, 0 with static permutations.
[2016.12.22-05.48.05:809][839]LogMaterial: Missing cached shader map for material Ground_6, compiling. 
[2016.12.22-05.48.05:838][839]LogMaterial: 0.00 seconds spent updating 1 materials, 1 interfaces, 0 instances, 0 with static permutations.
[2016.12.22-05.48.05:863][839]LogMaterial: Missing cached shader map for material FMatExpressionPreview MaterialExpressionTextureSample_0, compiling. 
[2016.12.22-05.48.07:606][875]LogMaterial: Missing cached shader map for material Ground_6, compiling. 
[2016.12.22-05.48.07:640][875]LogMaterial: 0.00 seconds spent updating 1 materials, 1 interfaces, 0 instances, 0 with static permutations.
[2016.12.22-05.48.07:666][875]LogMaterial: Missing cached shader map for material FMatExpressionPreview MaterialExpressionTextureSample_0, compiling. 
[2016.12.22-05.48.50:280][434]LogSavePackage: Save=649.60ms
[2016.12.22-05.48.50:280][434]LogSavePackage: Moving '../../../../../../Admin/Documents/GitHub Repositories/EclypseUE4/ProjectEclypse/Saved/EclypseVillage_Auto1F78E25994F1E2AC668E357A30CD77BB3.tmp' to '../../../../../../Admin/Documents/GitHub Repositories/EclypseUE4/ProjectEclypse/Saved/Autosaves/Game/Maps/EclypseVillage_Auto1.umap'
[2016.12.22-05.48.50:280][434]LogSavePackage:Display: Finished SavePackage ../../../../../../Admin/Documents/GitHub Repositories/EclypseUE4/ProjectEclypse/Saved/Autosaves/Game/Maps/EclypseVillage_Auto1.umap
[2016.12.22-05.48.50:303][434]LogFileHelpers: Editor autosave (incl. sublevels) for '/Game/Maps/EclypseVillage' took 0.755
[2016.12.22-05.48.50:303][434]LogFileHelpers: Editor autosave (incl. sublevels) for all levels took 0.755
[2016.12.22-05.49.00:045][625]LogMaterial: Missing cached shader map for material Ground_6, compiling. 
[2016.12.22-05.49.00:066][625]LogMaterial: 0.00 seconds spent updating 1 materials, 1 interfaces, 0 instances, 0 with static permutations.
[2016.12.22-05.49.03:025][721]LogMaterial: Missing cached shader map for material Ground_6, compiling. 
[2016.12.22-05.49.03:047][721]LogMaterial: 0.00 seconds spent updating 1 materials, 1 interfaces, 0 instances, 0 with static permutations.
[2016.12.22-05.49.03:074][721]LogMaterial: Missing cached shader map for material FMatExpressionPreview MaterialExpressionTextureSample_0, compiling. 
[2016.12.22-05.49.08:793][949]LogMaterial: Missing cached shader map for material Ground_6, compiling. 
[2016.12.22-05.49.08:814][949]LogMaterial: 0.00 seconds spent updating 1 materials, 1 interfaces, 0 instances, 0 with static permutations.
[2016.12.22-05.49.08:837][949]LogMaterial: Missing cached shader map for material FMatExpressionPreview MaterialExpressionTextureSample_1, compiling. 
[2016.12.22-05.49.10:772][989]LogMaterial: Missing cached shader map for material Ground_6, compiling. 
[2016.12.22-05.49.10:794][989]LogMaterial: 0.00 seconds spent updating 1 materials, 1 interfaces, 0 instances, 0 with static permutations.
[2016.12.22-05.49.10:818][989]LogMaterial: Missing cached shader map for material FMatExpressionPreview MaterialExpressionTextureSample_2, compiling. 
[2016.12.22-05.49.13:763][ 66]LogMaterial: Missing cached shader map for material Ground_6, compiling. 
[2016.12.22-05.49.13:785][ 66]LogMaterial: 0.00 seconds spent updating 1 materials, 1 interfaces, 0 instances, 0 with static permutations.
[2016.12.22-05.49.15:513][119]LogMaterial: Missing cached shader map for material Ground_6, compiling. 
[2016.12.22-05.49.15:540][119]LogMaterial: 0.00 seconds spent updating 1 materials, 1 interfaces, 0 instances, 0 with static permutations.
[2016.12.22-05.49.15:540][119]LogMaterialEditor: Applying material Ground_6
[2016.12.22-05.49.15:983][119]LogMaterial: Missing cached shader map for material Ground_6, compiling. 
[2016.12.22-05.49.16:031][119]LogMaterial: 0.00 seconds spent updating 1 materials, 1 interfaces, 0 instances, 0 with static permutations.
[2016.12.22-05.49.16:074][119]LogMaterial: Missing cached shader map for material Ground_6, compiling. 
[2016.12.22-05.49.16:167][119]LogMaterial: Missing cached shader map for material Ground_6, compiling. 
[2016.12.22-05.49.16:229][119]LogMaterial: 0.00 seconds spent updating 1 materials, 1 interfaces, 0 instances, 0 with static permutations.
[2016.12.22-05.49.28:506][534]LogMaterial: Missing cached shader map for material Ground_12, compiling. 
[2016.12.22-05.49.28:577][534]LogMaterial: Missing cached shader map for material Ground_12, compiling. 
[2016.12.22-05.49.28:599][534]LogMaterial: 0.00 seconds spent updating 1 materials, 1 interfaces, 0 instances, 0 with static permutations.
[2016.12.22-05.49.28:622][534]LogMaterial: Missing cached shader map for material FMatExpressionPreview MaterialExpressionTextureSample_0, compiling. 
[2016.12.22-05.49.28:626][534]LogMaterial: Missing cached shader map for material FMatExpressionPreview MaterialExpressionTextureSample_1, compiling. 
[2016.12.22-05.49.28:630][534]LogMaterial: Missing cached shader map for material FMatExpressionPreview MaterialExpressionTextureSample_2, compiling. 
[2016.12.22-05.49.37:361][ 93]LogMaterial: Missing cached shader map for material Ground_12, compiling. 
[2016.12.22-05.49.37:382][ 93]LogMaterial: 0.00 seconds spent updating 1 materials, 1 interfaces, 0 instances, 0 with static permutations.
[2016.12.22-05.49.38:866][161]LogMaterial: Missing cached shader map for material Ground_12, compiling. 
[2016.12.22-05.49.38:897][161]LogMaterial: 0.00 seconds spent updating 1 materials, 1 interfaces, 0 instances, 0 with static permutations.
[2016.12.22-05.49.38:926][161]LogMaterial: Missing cached shader map for material FMatExpressionPreview MaterialExpressionTextureSample_0, compiling. 
[2016.12.22-05.49.40:451][247]LogMaterial: Missing cached shader map for material Ground_12, compiling. 
[2016.12.22-05.49.40:481][247]LogMaterial: 0.00 seconds spent updating 1 materials, 1 interfaces, 0 instances, 0 with static permutations.
[2016.12.22-05.49.40:508][247]LogMaterial: Missing cached shader map for material FMatExpressionPreview MaterialExpressionTextureSample_1, compiling. 
[2016.12.22-05.49.41:705][300]LogMaterial: Missing cached shader map for material Ground_12, compiling. 
[2016.12.22-05.49.41:736][300]LogMaterial: 0.00 seconds spent updating 1 materials, 1 interfaces, 0 instances, 0 with static permutations.
[2016.12.22-05.49.41:765][300]LogMaterial: Missing cached shader map for material FMatExpressionPreview MaterialExpressionTextureSample_2, compiling. 
[2016.12.22-05.49.44:653][540]LogMaterialEditor: Saving and Compiling material Ground_12
[2016.12.22-05.49.44:970][540]LogMaterial: Missing cached shader map for material Ground_12, compiling. 
[2016.12.22-05.49.45:012][540]LogMaterial: 0.00 seconds spent updating 1 materials, 1 interfaces, 0 instances, 0 with static permutations.
[2016.12.22-05.49.45:052][540]LogMaterial: Missing cached shader map for material Ground_12, compiling. 
[2016.12.22-05.49.45:146][540]LogMaterial: Missing cached shader map for material Ground_12, compiling. 
[2016.12.22-05.49.45:207][540]LogMaterial: 0.00 seconds spent updating 1 materials, 1 interfaces, 0 instances, 0 with static permutations.
[2016.12.22-05.49.50:053][540]LogSavePackage: Save=15.46ms
[2016.12.22-05.49.50:053][540]LogSavePackage: Moving '../../../../../../Admin/Documents/GitHub Repositories/EclypseUE4/ProjectEclypse/Saved/Ground_12D7C19AB24677279A2B05FE9685C3DD5A.tmp' to '../../../../../../Admin/Documents/GitHub Repositories/EclypseUE4/ProjectEclypse/Content/WinterGroundPack/Materials/Ground_12.uasset'
[2016.12.22-05.49.50:054][540]LogSavePackage:Display: Finished SavePackage ../../../../../../Admin/Documents/GitHub Repositories/EclypseUE4/ProjectEclypse/Content/WinterGroundPack/Materials/Ground_12.uasset
[2016.12.22-05.50.00:387][556]LogMaterial: Missing cached shader map for material Ground_12, compiling. 
[2016.12.22-05.50.00:409][556]LogMaterial: 0.00 seconds spent updating 1 materials, 1 interfaces, 0 instances, 0 with static permutations.
[2016.12.22-05.50.01:361][630]LogMaterial: Missing cached shader map for material Ground_12, compiling. 
[2016.12.22-05.50.01:390][630]LogMaterial: 0.00 seconds spent updating 1 materials, 1 interfaces, 0 instances, 0 with static permutations.
[2016.12.22-05.50.02:117][681]LogMaterialEditor: Applying material Ground_12
[2016.12.22-05.50.02:589][681]LogMaterial: Missing cached shader map for material Ground_12, compiling. 
[2016.12.22-05.50.02:647][681]LogMaterial: 0.00 seconds spent updating 1 materials, 1 interfaces, 0 instances, 0 with static permutations.
[2016.12.22-05.50.02:692][681]LogMaterial: Missing cached shader map for material Ground_12, compiling. 
[2016.12.22-05.50.02:779][681]LogMaterial: Missing cached shader map for material Ground_12, compiling. 
[2016.12.22-05.50.02:837][681]LogMaterial: 0.00 seconds spent updating 1 materials, 1 interfaces, 0 instances, 0 with static permutations.
[2016.12.22-05.50.27:346][918]LogMaterial: Missing cached shader map for material Ground_11, compiling. 
[2016.12.22-05.50.27:420][918]LogMaterial: Missing cached shader map for material Ground_11, compiling. 
[2016.12.22-05.50.27:442][918]LogMaterial: 0.00 seconds spent updating 1 materials, 1 interfaces, 0 instances, 0 with static permutations.
[2016.12.22-05.50.27:469][918]LogMaterial: Missing cached shader map for material FMatExpressionPreview MaterialExpressionTextureSample_0, compiling. 
[2016.12.22-05.50.27:473][918]LogMaterial: Missing cached shader map for material FMatExpressionPreview MaterialExpressionTextureSample_1, compiling. 
[2016.12.22-05.50.27:476][918]LogMaterial: Missing cached shader map for material FMatExpressionPreview MaterialExpressionTextureSample_2, compiling. 
[2016.12.22-05.50.30:326][  0]LogMaterial: Missing cached shader map for material Ground_11, compiling. 
[2016.12.22-05.50.30:347][  0]LogMaterial: 0.00 seconds spent updating 1 materials, 1 interfaces, 0 instances, 0 with static permutations.
[2016.12.22-05.50.33:174][ 65]LogMaterial: Missing cached shader map for material Ground_11, compiling. 
[2016.12.22-05.50.33:196][ 65]LogMaterial: 0.00 seconds spent updating 1 materials, 1 interfaces, 0 instances, 0 with static permutations.
[2016.12.22-05.50.33:221][ 65]LogMaterial: Missing cached shader map for material FMatExpressionPreview MaterialExpressionTextureSample_0, compiling. 
[2016.12.22-05.50.34:557][ 91]LogMaterial: Missing cached shader map for material Ground_11, compiling. 
[2016.12.22-05.50.34:586][ 91]LogMaterial: 0.00 seconds spent updating 1 materials, 1 interfaces, 0 instances, 0 with static permutations.
[2016.12.22-05.50.34:613][ 91]LogMaterial: Missing cached shader map for material FMatExpressionPreview MaterialExpressionTextureSample_1, compiling. 
[2016.12.22-05.50.37:650][158]LogMaterial: Missing cached shader map for material Ground_11, compiling. 
[2016.12.22-05.50.37:672][158]LogMaterial: 0.00 seconds spent updating 1 materials, 1 interfaces, 0 instances, 0 with static permutations.
[2016.12.22-05.50.37:699][158]LogMaterial: Missing cached shader map for material FMatExpressionPreview MaterialExpressionTextureSample_2, compiling. 
[2016.12.22-05.50.38:522][176]LogMaterialEditor: Saving and Compiling material Ground_11
[2016.12.22-05.50.39:017][176]LogMaterial: Missing cached shader map for material Ground_11, compiling. 
[2016.12.22-05.50.39:082][176]LogMaterial: 0.00 seconds spent updating 1 materials, 1 interfaces, 0 instances, 0 with static permutations.
[2016.12.22-05.50.39:130][176]LogMaterial: Missing cached shader map for material Ground_11, compiling. 
[2016.12.22-05.50.39:235][176]LogMaterial: Missing cached shader map for material Ground_11, compiling. 
[2016.12.22-05.50.39:302][176]LogMaterial: 0.00 seconds spent updating 1 materials, 1 interfaces, 0 instances, 0 with static permutations.
[2016.12.22-05.50.44:250][176]LogSavePackage: Save=14.48ms
[2016.12.22-05.50.44:250][176]LogSavePackage: Moving '../../../../../../Admin/Documents/GitHub Repositories/EclypseUE4/ProjectEclypse/Saved/Ground_11C6F2C6004DF59BB330514798098121D3.tmp' to '../../../../../../Admin/Documents/GitHub Repositories/EclypseUE4/ProjectEclypse/Content/WinterGroundPack/Materials/Ground_11.uasset'
[2016.12.22-05.50.44:251][176]LogSavePackage:Display: Finished SavePackage ../../../../../../Admin/Documents/GitHub Repositories/EclypseUE4/ProjectEclypse/Content/WinterGroundPack/Materials/Ground_11.uasset
[2016.12.22-05.50.52:865][489]LogBlueprintUserMessages: Early PlayInEditor Detection: Level '/Game/Maps/EclypseVillage.EclypseVillage:PersistentLevel' has LevelScriptBlueprint '/Game/Maps/EclypseVillage.EclypseVillage:PersistentLevel.EclypseVillage' with GeneratedClass '/Game/Maps/EclypseVillage.EclypseVillage_C' with ClassGeneratedBy '/Game/Maps/EclypseVillage.EclypseVillage:PersistentLevel.EclypseVillage'
[2016.12.22-05.50.52:865][489]LogPlayLevel: PlayLevel: No blueprints needed recompiling
[2016.12.22-05.50.52:865][489]OCULUS: Debug: [HMDState] Using default profile default
[2016.12.22-05.50.52:865][489]OCULUS: Info: IAD changed to 65.3mm
[2016.12.22-05.50.52:866][489]LogHMD: New ovr session is created
[2016.12.22-05.50.52:866][489]LogHMD: HMD Oculus Rift CV1, res = 2160 x 1200
[2016.12.22-05.50.52:866][489]PIE: New page: PIE session: EclypseVillage (23 Dec 2016 2:50:52 am)
[2016.12.22-05.50.52:866][489]LogPlayLevel: Creating play world package: /Game/Maps/UEDPIE_0_EclypseVillage
[2016.12.22-05.50.52:891][489]LogPlayLevel: PIE: StaticDuplicateObject took: (0.025468s)
[2016.12.22-05.50.52:892][489]LogAIModule: Creating AISystem for world EclypseVillage
[2016.12.22-05.50.52:892][489]LogPlayLevel: PIE: World Init took: (0.000532s)
[2016.12.22-05.50.52:892][489]LogPlayLevel: PIE: Created PIE world by copying editor world from /Game/Maps/EclypseVillage.EclypseVillage to /Game/Maps/UEDPIE_0_EclypseVillage.EclypseVillage (0.026224s)
[2016.12.22-05.50.52:911][489]LogInit: XAudio2 using 'Speakers (Realtek High Definition Audio)' : 8 channels at 48 kHz using 32 bits per sample (channel mask 0x63f)
[2016.12.22-05.50.52:942][489]LogInit: FAudioDevice initialized.
[2016.12.22-05.50.52:967][489]LogWorld: Game class is 'GameManager_C'
[2016.12.22-05.50.52:984][489]LogWorld: Bringing World /Game/Maps/UEDPIE_0_EclypseVillage.EclypseVillage up for play (max tick rate 0) at 2016.12.22-16.50.52
[2016.12.22-05.50.52:985][489]LogWorld: Bringing up level for play took: 0.017331
[2016.12.22-05.50.52:986][489]LogGameMode:Display: Match State Changed from EnteringMap to WaitingToStart
[2016.12.22-05.50.52:986][489]LogGameState: Match State Changed from EnteringMap to WaitingToStart
[2016.12.22-05.50.52:986][489]LogGameMode:Display: Match State Changed from WaitingToStart to InProgress
[2016.12.22-05.50.52:992][489]LogGameState: Match State Changed from WaitingToStart to InProgress
[2016.12.22-05.50.52:992][489]PIE: Info Play in editor start time for /Game/Maps/UEDPIE_0_EclypseVillage 0.881
[2016.12.22-05.50.52:992][489]LogBlueprintUserMessages: Late PlayInEditor Detection: Level '/Game/Maps/EclypseVillage.EclypseVillage:PersistentLevel' has LevelScriptBlueprint '/Game/Maps/EclypseVillage.EclypseVillage:PersistentLevel.EclypseVillage' with GeneratedClass '/Game/Maps/EclypseVillage.EclypseVillage_C' with ClassGeneratedBy '/Game/Maps/EclypseVillage.EclypseVillage:PersistentLevel.EclypseVillage'
[2016.12.22-05.50.53:020][489]MaterialEditorStats: Info Base pass shader with static lighting: 96 instructions
[2016.12.22-05.50.53:020][489]MaterialEditorStats: Info Base pass shader with only dynamic lighting: 69 instructions
[2016.12.22-05.50.53:020][489]MaterialEditorStats: Info Vertex shader: 53 instructions
[2016.12.22-05.50.53:020][489]MaterialEditorStats: Info Texture samplers: 5/16
[2016.12.22-05.51.24:146][788]LogBlueprintUserMessages: Early EndPlayMap Detection: Level '/Game/Maps/EclypseVillage.EclypseVillage:PersistentLevel' has LevelScriptBlueprint '/Game/Maps/EclypseVillage.EclypseVillage:PersistentLevel.EclypseVillage' with GeneratedClass '/Game/Maps/EclypseVillage.EclypseVillage_C' with ClassGeneratedBy '/Game/Maps/EclypseVillage.EclypseVillage:PersistentLevel.EclypseVillage'
[2016.12.22-05.51.24:171][788]LogHMD: Destroying ovr session
[2016.12.22-05.51.24:214][788]LogBlueprintUserMessages: Late EndPlayMap Detection: Level '/Game/Maps/EclypseVillage.EclypseVillage:PersistentLevel' has LevelScriptBlueprint '/Game/Maps/EclypseVillage.EclypseVillage:PersistentLevel.EclypseVillage' with GeneratedClass '/Game/Maps/EclypseVillage.EclypseVillage_C' with ClassGeneratedBy '/Game/Maps/EclypseVillage.EclypseVillage:PersistentLevel.EclypseVillage'
[2016.12.22-05.51.27:580][978]LogMaterial: Missing cached shader map for material Ground_14, compiling. 
[2016.12.22-05.51.27:655][978]LogMaterial: Missing cached shader map for material Ground_14, compiling. 
[2016.12.22-05.51.27:677][978]LogMaterial: 0.00 seconds spent updating 1 materials, 1 interfaces, 0 instances, 0 with static permutations.
[2016.12.22-05.51.27:702][978]LogMaterial: Missing cached shader map for material FMatExpressionPreview MaterialExpressionTextureSample_0, compiling. 
[2016.12.22-05.51.27:706][978]LogMaterial: Missing cached shader map for material FMatExpressionPreview MaterialExpressionTextureSample_1, compiling. 
[2016.12.22-05.51.27:710][978]LogMaterial: Missing cached shader map for material FMatExpressionPreview MaterialExpressionTextureSample_2, compiling. 
[2016.12.22-05.51.37:342][381]LogMaterial: Missing cached shader map for material Ground_14, compiling. 
[2016.12.22-05.51.37:364][381]LogMaterial: 0.00 seconds spent updating 1 materials, 1 interfaces, 0 instances, 0 with static permutations.
[2016.12.22-05.51.39:089][417]LogMaterial: Missing cached shader map for material Ground_14, compiling. 
[2016.12.22-05.51.39:120][417]LogMaterial: 0.00 seconds spent updating 1 materials, 1 interfaces, 0 instances, 0 with static permutations.
[2016.12.22-05.51.39:160][417]LogMaterial: Missing cached shader map for material FMatExpressionPreview MaterialExpressionTextureSample_1, compiling. 
[2016.12.22-05.51.40:445][441]LogMaterial: Missing cached shader map for material Ground_14, compiling. 
[2016.12.22-05.51.40:474][441]LogMaterial: 0.00 seconds spent updating 1 materials, 1 interfaces, 0 instances, 0 with static permutations.
[2016.12.22-05.51.40:503][441]LogMaterial: Missing cached shader map for material FMatExpressionPreview MaterialExpressionTextureSample_2, compiling. 
[2016.12.22-05.51.42:692][487]LogMaterial: Missing cached shader map for material Ground_14, compiling. 
[2016.12.22-05.51.42:713][487]LogMaterial: 0.00 seconds spent updating 1 materials, 1 interfaces, 0 instances, 0 with static permutations.
[2016.12.22-05.51.42:740][487]LogMaterial: Missing cached shader map for material FMatExpressionPreview MaterialExpressionTextureSample_0, compiling. 
[2016.12.22-05.51.44:689][530]LogMaterialEditor: Applying material Ground_14
[2016.12.22-05.51.45:010][530]LogMaterial: Missing cached shader map for material Ground_14, compiling. 
[2016.12.22-05.51.45:051][530]LogMaterial: 0.00 seconds spent updating 1 materials, 1 interfaces, 0 instances, 0 with static permutations.
[2016.12.22-05.51.45:093][530]LogMaterial: Missing cached shader map for material Ground_14, compiling. 
[2016.12.22-05.51.45:186][530]LogMaterial: Missing cached shader map for material Ground_14, compiling. 
[2016.12.22-05.51.45:251][530]LogMaterial: 0.00 seconds spent updating 1 materials, 1 interfaces, 0 instances, 0 with static permutations.
[2016.12.22-05.51.46:124][547]LogMaterialEditor: Saving and Compiling material Ground_14
[2016.12.22-05.51.50:197][547]LogSavePackage: Save=14.77ms
[2016.12.22-05.51.50:197][547]LogSavePackage: Moving '../../../../../../Admin/Documents/GitHub Repositories/EclypseUE4/ProjectEclypse/Saved/Ground_14933B188048EDD82386D4AABCFB8BD7A6.tmp' to '../../../../../../Admin/Documents/GitHub Repositories/EclypseUE4/ProjectEclypse/Content/WinterGroundPack/Materials/Ground_14.uasset'
[2016.12.22-05.51.50:199][547]LogSavePackage:Display: Finished SavePackage ../../../../../../Admin/Documents/GitHub Repositories/EclypseUE4/ProjectEclypse/Content/WinterGroundPack/Materials/Ground_14.uasset
[2016.12.22-05.51.56:913][817]LogSavePackage: Save=623.75ms
[2016.12.22-05.51.56:913][817]LogSavePackage: Moving '../../../../../../Admin/Documents/GitHub Repositories/EclypseUE4/ProjectEclypse/Saved/EclypseVillageEFA4E1654C3C8A601961EFB1684F3637.tmp' to '../../../../../../Admin/Documents/GitHub Repositories/EclypseUE4/ProjectEclypse/Content/Maps/EclypseVillage.umap'
[2016.12.22-05.51.56:916][817]LogSavePackage:Display: Finished SavePackage ../../../../../../Admin/Documents/GitHub Repositories/EclypseUE4/ProjectEclypse/Content/Maps/EclypseVillage.umap
[2016.12.22-05.52.26:618][707]Cmd: TRANSACTION UNDO
[2016.12.22-05.52.26:618][707]LogEditorTransaction: Undo Create Actors
[2016.12.22-05.52.26:626][707]LogMaterial: Missing cached shader map for material Ground_14, compiling. 
[2016.12.22-05.52.26:647][707]LogMaterial: 0.00 seconds spent updating 1 materials, 1 interfaces, 0 instances, 0 with static permutations.
[2016.12.22-05.52.33:519][156]LogMaterial: Missing cached shader map for material Ground_15, compiling. 
[2016.12.22-05.52.33:589][156]LogMaterial: Missing cached shader map for material Ground_15, compiling. 
[2016.12.22-05.52.33:612][156]LogMaterial: 0.00 seconds spent updating 1 materials, 1 interfaces, 0 instances, 0 with static permutations.
[2016.12.22-05.52.33:636][156]LogMaterial: Missing cached shader map for material FMatExpressionPreview MaterialExpressionTextureSample_0, compiling. 
[2016.12.22-05.52.33:640][156]LogMaterial: Missing cached shader map for material FMatExpressionPreview MaterialExpressionTextureSample_1, compiling. 
[2016.12.22-05.52.33:643][156]LogMaterial: Missing cached shader map for material FMatExpressionPreview MaterialExpressionTextureSample_2, compiling. 
[2016.12.22-05.52.35:656][373]LogMaterial: Missing cached shader map for material Ground_15, compiling. 
[2016.12.22-05.52.35:677][373]LogMaterial: 0.00 seconds spent updating 1 materials, 1 interfaces, 0 instances, 0 with static permutations.
[2016.12.22-05.52.37:151][443]LogMaterial: Missing cached shader map for material Ground_15, compiling. 
[2016.12.22-05.52.37:181][443]LogMaterial: 0.00 seconds spent updating 1 materials, 1 interfaces, 0 instances, 0 with static permutations.
[2016.12.22-05.52.37:206][443]LogMaterial: Missing cached shader map for material FMatExpressionPreview MaterialExpressionTextureSample_1, compiling. 
[2016.12.22-05.52.38:474][490]LogMaterial: Missing cached shader map for material Ground_15, compiling. 
[2016.12.22-05.52.38:506][490]LogMaterial: 0.00 seconds spent updating 1 materials, 1 interfaces, 0 instances, 0 with static permutations.
[2016.12.22-05.52.38:531][490]LogMaterial: Missing cached shader map for material FMatExpressionPreview MaterialExpressionTextureSample_0, compiling. 
[2016.12.22-05.52.40:005][548]LogMaterial: Missing cached shader map for material Ground_15, compiling. 
[2016.12.22-05.52.40:032][548]LogMaterial: 0.00 seconds spent updating 1 materials, 1 interfaces, 0 instances, 0 with static permutations.
[2016.12.22-05.52.40:062][548]LogMaterial: Missing cached shader map for material FMatExpressionPreview MaterialExpressionTextureSample_2, compiling. 
[2016.12.22-05.52.41:356][608]LogMaterialEditor: Saving and Compiling material Ground_15
[2016.12.22-05.52.41:812][608]LogMaterial: Missing cached shader map for material Ground_15, compiling. 
[2016.12.22-05.52.41:868][608]LogMaterial: 0.00 seconds spent updating 1 materials, 1 interfaces, 0 instances, 0 with static permutations.
[2016.12.22-05.52.41:914][608]LogMaterial: Missing cached shader map for material Ground_15, compiling. 
[2016.12.22-05.52.42:007][608]LogMaterial: Missing cached shader map for material Ground_15, compiling. 
[2016.12.22-05.52.42:072][608]LogMaterial: 0.00 seconds spent updating 1 materials, 1 interfaces, 0 instances, 0 with static permutations.
[2016.12.22-05.52.46:974][608]LogSavePackage: Save=14.22ms
[2016.12.22-05.52.46:974][608]LogSavePackage: Moving '../.