Log file open, 12/01/16 21:06:33
LogInit:Display: Running engine for game: ProjectEclypse
LogPlatformFile: Not using cached read wrapper
LogInit:Display: RandInit(664555034) SRandInit(664555034).
LogTaskGraph: Started task graph with 5 named threads and 6 total threads with 1 sets of task threads.
LogStats: Stats thread started at 0.079196
LogPluginManager: Loaded Plugin Paper2D, From C:/Program Files (x86)/Epic Games/4.13/Engine/Plugins/2D/Paper2D/Paper2D.uplugin
LogPluginManager: Loaded Plugin LightPropagationVolume, From C:/Program Files (x86)/Epic Games/4.13/Engine/Plugins/Blendables/LightPropagationVolume/LightPropagationVolume.uplugin
LogPluginManager: Loaded Plugin BlankPlugin, From C:/Program Files (x86)/Epic Games/4.13/Engine/Plugins/Developer/BlankPlugin/BlankPlugin.uplugin
LogPluginManager: Loaded Plugin CodeLiteSourceCodeAccess, From C:/Program Files (x86)/Epic Games/4.13/Engine/Plugins/Developer/CodeLiteSourceCodeAccess/CodeLiteSourceCodeAccess.uplugin
LogPluginManager: Loaded Plugin GitSourceControl, From C:/Program Files (x86)/Epic Games/4.13/Engine/Plugins/Developer/GitSourceControl/GitSourceControl.uplugin
LogPluginManager: Loaded Plugin KDevelopSourceCodeAccess, From C:/Program Files (x86)/Epic Games/4.13/Engine/Plugins/Developer/KDevelopSourceCodeAccess/KDevelopSourceCodeAccess.uplugin
LogPluginManager: Loaded Plugin NullSourceCodeAccess, From C:/Program Files (x86)/Epic Games/4.13/Engine/Plugins/Developer/NullSourceCodeAccess/NullSourceCodeAccess.uplugin
LogPluginManager: Loaded Plugin OneSkyLocalizationService, From C:/Program Files (x86)/Epic Games/4.13/Engine/Plugins/Developer/OneSkyLocalizationService/OneSkyLocalizationService.uplugin
LogPluginManager: Loaded Plugin PerforceSourceControl, From C:/Program Files (x86)/Epic Games/4.13/Engine/Plugins/Developer/PerforceSourceControl/PerforceSourceControl.uplugin
LogPluginManager: Loaded Plugin SubversionSourceControl, From C:/Program Files (x86)/Epic Games/4.13/Engine/Plugins/Developer/SubversionSourceControl/SubversionSourceControl.uplugin
LogPluginManager: Loaded Plugin UObjectPlugin, From C:/Program Files (x86)/Epic Games/4.13/Engine/Plugins/Developer/UObjectPlugin/UObjectPlugin.uplugin
LogPluginManager: Loaded Plugin VisualStudioSourceCodeAccess, From C:/Program Files (x86)/Epic Games/4.13/Engine/Plugins/Developer/VisualStudioSourceCodeAccess/VisualStudioSourceCodeAccess.uplugin
LogPluginManager: Loaded Plugin XCodeSourceCodeAccess, From C:/Program Files (x86)/Epic Games/4.13/Engine/Plugins/Developer/XCodeSourceCodeAccess/XCodeSourceCodeAccess.uplugin
LogPluginManager: Loaded Plugin EpicSurvey, From C:/Program Files (x86)/Epic Games/4.13/Engine/Plugins/Editor/EpicSurvey/EpicSurvey.uplugin
LogPluginManager: Loaded Plugin MacGraphicsSwitching, From C:/Program Files (x86)/Epic Games/4.13/Engine/Plugins/Editor/MacGraphicsSwitching/MacGraphicsSwitching.uplugin
LogPluginManager: Loaded Plugin MobileLauncherProfileWizard, From C:/Program Files (x86)/Epic Games/4.13/Engine/Plugins/Editor/MobileLauncherProfileWizard/MobileLauncherProfileWizard.uplugin
LogPluginManager: Loaded Plugin PluginBrowser, From C:/Program Files (x86)/Epic Games/4.13/Engine/Plugins/Editor/PluginBrowser/PluginBrowser.uplugin
LogPluginManager: Loaded Plugin SpeedTreeImporter, From C:/Program Files (x86)/Epic Games/4.13/Engine/Plugins/Editor/SpeedTreeImporter/SpeedTreeImporter.uplugin
LogPluginManager: Loaded Plugin SuperSearchEditor, From C:/Program Files (x86)/Epic Games/4.13/Engine/Plugins/Editor/SuperSearchEditor/SuperSearchEditor.uplugin
LogPluginManager: Loaded Plugin AlembicImporter, From C:/Program Files (x86)/Epic Games/4.13/Engine/Plugins/Experimental/AlembicImporter/AlembicImporter.uplugin
LogPluginManager: Loaded Plugin BlueprintStats, From C:/Program Files (x86)/Epic Games/4.13/Engine/Plugins/Experimental/BlueprintStats/BlueprintStats.uplugin
LogPluginManager: Loaded Plugin CharacterAI, From C:/Program Files (x86)/Epic Games/4.13/Engine/Plugins/Experimental/CharacterAI/CharacterAI.uplugin
LogPluginManager: Loaded Plugin CodeEditor, From C:/Program Files (x86)/Epic Games/4.13/Engine/Plugins/Experimental/CodeEditor/CodeEditor.uplugin
LogPluginManager: Loaded Plugin CodeView, From C:/Program Files (x86)/Epic Games/4.13/Engine/Plugins/Experimental/CodeView/CodeView.uplugin
LogPluginManager: Loaded Plugin HTML5Networking, From C:/Program Files (x86)/Epic Games/4.13/Engine/Plugins/Experimental/HTML5Networking/HTML5Networking.uplugin
LogPluginManager: Loaded Plugin LiveEditor, From C:/Program Files (x86)/Epic Games/4.13/Engine/Plugins/Experimental/LiveEditor/LiveEditor.uplugin
LogPluginManager: Loaded Plugin OSVR, From C:/Program Files (x86)/Epic Games/4.13/Engine/Plugins/Experimental/OSVR/OSVR.uplugin
LogPluginManager: Loaded Plugin Phya, From C:/Program Files (x86)/Epic Games/4.13/Engine/Plugins/Experimental/Phya/Phya.uplugin
LogPluginManager: Loaded Plugin SignificanceManager, From C:/Program Files (x86)/Epic Games/4.13/Engine/Plugins/Experimental/SignificanceManager/SignificanceManager.uplugin
LogPluginManager: Loaded Plugin SimpleHMD, From C:/Program Files (x86)/Epic Games/4.13/Engine/Plugins/Experimental/SimpleHMD/SimpleHMD.uplugin
LogPluginManager: Loaded Plugin StereoPanorama, From C:/Program Files (x86)/Epic Games/4.13/Engine/Plugins/Experimental/StereoPanorama/StereoPanorama.uplugin
LogPluginManager: Loaded Plugin StructBox, From C:/Program Files (x86)/Epic Games/4.13/Engine/Plugins/Experimental/StructBox/StructBox.uplugin
LogPluginManager: Loaded Plugin Substance, From C:/Program Files (x86)/Epic Games/4.13/Engine/Plugins/Marketplace/Substance/Substance.uplugin
LogPluginManager: Loaded Plugin AndroidMedia, From C:/Program Files (x86)/Epic Games/4.13/Engine/Plugins/Media/AndroidMedia/AndroidMedia.uplugin
LogPluginManager: Loaded Plugin AvfMedia, From C:/Program Files (x86)/Epic Games/4.13/Engine/Plugins/Media/AvfMedia/AvfMedia.uplugin
LogPluginManager: Loaded Plugin MediaPlayerEditor, From C:/Program Files (x86)/Epic Games/4.13/Engine/Plugins/Media/MediaPlayerEditor/MediaPlayerEditor.uplugin
LogPluginManager: Loaded Plugin WmfMedia, From C:/Program Files (x86)/Epic Games/4.13/Engine/Plugins/Media/WmfMedia/WmfMedia.uplugin
LogPluginManager: Loaded Plugin MessagingDebugger, From C:/Program Files (x86)/Epic Games/4.13/Engine/Plugins/Messaging/MessagingDebugger/MessagingDebugger.uplugin
LogPluginManager: Loaded Plugin TcpMessaging, From C:/Program Files (x86)/Epic Games/4.13/Engine/Plugins/Messaging/TcpMessaging/TcpMessaging.uplugin
LogPluginManager: Loaded Plugin UdpMessaging, From C:/Program Files (x86)/Epic Games/4.13/Engine/Plugins/Messaging/UdpMessaging/UdpMessaging.uplugin
LogPluginManager: Loaded Plugin LevelSequenceEditor, From C:/Program Files (x86)/Epic Games/4.13/Engine/Plugins/MovieScene/LevelSequenceEditor/LevelSequenceEditor.uplugin
LogPluginManager: Loaded Plugin MatineeToLevelSequence, From C:/Program Files (x86)/Epic Games/4.13/Engine/Plugins/MovieScene/MatineeToLevelSequence/MatineeToLevelSequence.uplugin
LogPluginManager: Loaded Plugin NetcodeUnitTest, From C:/Program Files (x86)/Epic Games/4.13/Engine/Plugins/NetcodeUnitTest/NetcodeUnitTest/NetcodeUnitTest.uplugin
LogPluginManager: Loaded Plugin NUTUnrealEngine4, From C:/Program Files (x86)/Epic Games/4.13/Engine/Plugins/NetcodeUnitTest/NUTUnrealEngine4/NUTUnrealEngine4.uplugin
LogPluginManager: Loaded Plugin OnlineSubsystemGooglePlay, From C:/Program Files (x86)/Epic Games/4.13/Engine/Plugins/Online/Android/OnlineSubsystemGooglePlay/OnlineSubsystemGooglePlay.uplugin
LogPluginManager: Loaded Plugin OnlineSubsystemIOS, From C:/Program Files (x86)/Epic Games/4.13/Engine/Plugins/Online/IOS/OnlineSubsystemIOS/OnlineSubsystemIOS.uplugin
LogPluginManager: Loaded Plugin OnlineFramework, From C:/Program Files (x86)/Epic Games/4.13/Engine/Plugins/Online/OnlineFramework/OnlineFramework.uplugin
LogPluginManager: Loaded Plugin OnlineSubsystem, From C:/Program Files (x86)/Epic Games/4.13/Engine/Plugins/Online/OnlineSubsystem/OnlineSubsystem.uplugin
LogPluginManager: Loaded Plugin OnlineSubsystemAmazon, From C:/Program Files (x86)/Epic Games/4.13/Engine/Plugins/Online/OnlineSubsystemAmazon/OnlineSubsystemAmazon.uplugin
LogPluginManager: Loaded Plugin OnlineSubsystemFacebook, From C:/Program Files (x86)/Epic Games/4.13/Engine/Plugins/Online/OnlineSubsystemFacebook/OnlineSubsystemFacebook.uplugin
LogPluginManager: Loaded Plugin OnlineSubsystemNull, From C:/Program Files (x86)/Epic Games/4.13/Engine/Plugins/Online/OnlineSubsystemNull/OnlineSubsystemNull.uplugin
LogPluginManager: Loaded Plugin OnlineSubsystemOculus, From C:/Program Files (x86)/Epic Games/4.13/Engine/Plugins/Online/OnlineSubsystemOculus/OnlineSubsystemOculus.uplugin
LogPluginManager: Loaded Plugin OnlineSubsystemSteam, From C:/Program Files (x86)/Epic Games/4.13/Engine/Plugins/Online/OnlineSubsystemSteam/OnlineSubsystemSteam.uplugin
LogPluginManager: Loaded Plugin OnlineSubsystemUtils, From C:/Program Files (x86)/Epic Games/4.13/Engine/Plugins/Online/OnlineSubsystemUtils/OnlineSubsystemUtils.uplugin
LogPluginManager: Loaded Plugin IOSTapJoy, From C:/Program Files (x86)/Epic Games/4.13/Engine/Plugins/Runtime/Advertising/IOSTapJoy/IOSTapJoy.uplugin
LogPluginManager: Loaded Plugin AnalyticsBlueprintLibrary, From C:/Program Files (x86)/Epic Games/4.13/Engine/Plugins/Runtime/Analytics/AnalyticsBlueprintLibrary/AnalyticsBlueprintLibrary.uplugin
LogPluginManager: Loaded Plugin AnalyticsMulticast, From C:/Program Files (x86)/Epic Games/4.13/Engine/Plugins/Runtime/Analytics/AnalyticsMulticast/AnalyticsMulticast.uplugin
LogPluginManager: Loaded Plugin Apsalar, From C:/Program Files (x86)/Epic Games/4.13/Engine/Plugins/Runtime/Analytics/Apsalar/Apsalar.uplugin
LogPluginManager: Loaded Plugin FileLogging, From C:/Program Files (x86)/Epic Games/4.13/Engine/Plugins/Runtime/Analytics/FileLogging/FileLogging.uplugin
LogPluginManager: Loaded Plugin Flurry, From C:/Program Files (x86)/Epic Games/4.13/Engine/Plugins/Runtime/Analytics/Flurry/Flurry.uplugin
LogPluginManager: Loaded Plugin AndroidDeviceProfileSelector, From C:/Program Files (x86)/Epic Games/4.13/Engine/Plugins/Runtime/AndroidDeviceProfileSelector/AndroidDeviceProfileSelector.uplugin
LogPluginManager: Loaded Plugin AndroidMoviePlayer, From C:/Program Files (x86)/Epic Games/4.13/Engine/Plugins/Runtime/AndroidMoviePlayer/AndroidMoviePlayer.uplugin
LogPluginManager: Loaded Plugin AppleMoviePlayer, From C:/Program Files (x86)/Epic Games/4.13/Engine/Plugins/Runtime/AppleMoviePlayer/AppleMoviePlayer.uplugin
LogPluginManager: Loaded Plugin ArchVisCharacter, From C:/Program Files (x86)/Epic Games/4.13/Engine/Plugins/Runtime/ArchVisCharacter/ArchVisCharacter.uplugin
LogPluginManager: Loaded Plugin CableComponent, From C:/Program Files (x86)/Epic Games/4.13/Engine/Plugins/Runtime/CableComponent/CableComponent.uplugin
LogPluginManager: Loaded Plugin CustomMeshComponent, From C:/Program Files (x86)/Epic Games/4.13/Engine/Plugins/Runtime/CustomMeshComponent/CustomMeshComponent.uplugin
LogPluginManager: Loaded Plugin ExampleDeviceProfileSelector, From C:/Program Files (x86)/Epic Games/4.13/Engine/Plugins/Runtime/ExampleDeviceProfileSelector/ExampleDeviceProfileSelector.uplugin
LogPluginManager: Loaded Plugin GearVR, From C:/Program Files (x86)/Epic Games/4.13/Engine/Plugins/Runtime/GearVR/GearVR.uplugin
LogPluginManager: Loaded Plugin GoogleVRController, From C:/Program Files (x86)/Epic Games/4.13/Engine/Plugins/Runtime/GoogleVR/GoogleVRController/GoogleVRController.uplugin
LogPluginManager: Loaded Plugin GoogleVRHMD, From C:/Program Files (x86)/Epic Games/4.13/Engine/Plugins/Runtime/GoogleVR/GoogleVRHMD/GoogleVRHMD.uplugin
LogPluginManager: Loaded Plugin IOSDeviceProfileSelector, From C:/Program Files (x86)/Epic Games/4.13/Engine/Plugins/Runtime/IOSDeviceProfileSelector/IOSDeviceProfileSelector.uplugin
LogPluginManager: Loaded Plugin LeapMotion, From C:/Program Files (x86)/Epic Games/4.13/Engine/Plugins/Runtime/LeapMotion/LeapMotion.uplugin
LogPluginManager: Loaded Plugin LinuxDeviceProfileSelector, From C:/Program Files (x86)/Epic Games/4.13/Engine/Plugins/Runtime/LinuxDeviceProfileSelector/LinuxDeviceProfileSelector.uplugin
LogPluginManager: Loaded Plugin LiveEditorListenServer, From C:/Program Files (x86)/Epic Games/4.13/Engine/Plugins/Runtime/LiveEditorListenServer/LiveEditorListenServer.uplugin
LogPluginManager: Loaded Plugin OculusAudio, From C:/Program Files (x86)/Epic Games/4.13/Engine/Plugins/Runtime/OculusAudio/OculusAudio.uplugin
LogPluginManager: Loaded Plugin OculusInput, From C:/Program Files (x86)/Epic Games/4.13/Engine/Plugins/Runtime/OculusInput/OculusInput.uplugin
LogPluginManager: Loaded Plugin OculusLibrary, From C:/Program Files (x86)/Epic Games/4.13/Engine/Plugins/Runtime/OculusLibrary/OculusLibrary.uplugin
LogPluginManager: Loaded Plugin OculusRift, From C:/Program Files (x86)/Epic Games/4.13/Engine/Plugins/Runtime/OculusRift/OculusRift.uplugin
LogPluginManager: Loaded Plugin Oodle, From C:/Program Files (x86)/Epic Games/4.13/Engine/Plugins/Runtime/PacketHandlers/CompressionComponents/Oodle/Oodle.uplugin
LogPluginManager: Loaded Plugin ProceduralMeshComponent, From C:/Program Files (x86)/Epic Games/4.13/Engine/Plugins/Runtime/ProceduralMeshComponent/ProceduralMeshComponent.uplugin
LogPluginManager: Loaded Plugin SoundMod, From C:/Program Files (x86)/Epic Games/4.13/Engine/Plugins/Runtime/SoundMod/SoundMod.uplugin
LogPluginManager: Loaded Plugin SoundVisualizations, From C:/Program Files (x86)/Epic Games/4.13/Engine/Plugins/Runtime/SoundVisualizations/SoundVisualizations.uplugin
LogPluginManager: Loaded Plugin SteamController, From C:/Program Files (x86)/Epic Games/4.13/Engine/Plugins/Runtime/Steam/SteamController/SteamController.uplugin
LogPluginManager: Loaded Plugin SteamVR, From C:/Program Files (x86)/Epic Games/4.13/Engine/Plugins/Runtime/Steam/SteamVR/SteamVR.uplugin
LogPluginManager: Loaded Plugin WebBrowserWidget, From C:/Program Files (x86)/Epic Games/4.13/Engine/Plugins/Runtime/WebBrowserWidget/WebBrowserWidget.uplugin
LogPluginManager: Loaded Plugin WindowsDeviceProfileSelector, From C:/Program Files (x86)/Epic Games/4.13/Engine/Plugins/Runtime/WindowsDeviceProfileSelector/WindowsDeviceProfileSelector.uplugin
LogPluginManager: Loaded Plugin WindowsMoviePlayer, From C:/Program Files (x86)/Epic Games/4.13/Engine/Plugins/Runtime/WindowsMoviePlayer/WindowsMoviePlayer.uplugin
LogPluginManager: Loaded Plugin ScriptPlugin, From C:/Program Files (x86)/Epic Games/4.13/Engine/Plugins/ScriptPlugin/ScriptPlugin.uplugin
LogPluginManager: Loaded Plugin SlateRemote, From C:/Program Files (x86)/Epic Games/4.13/Engine/Plugins/Slate/SlateRemote/SlateRemote.uplugin
LogInit: Using libcurl 7.47.1
LogInit:  - built for x86_64-pc-win32
LogInit:  - supports SSL with WinSSL
LogInit:  - other features:
LogInit:      CURL_VERSION_SSL
LogInit:      CURL_VERSION_IPV6
LogInit:      CURL_VERSION_ASYNCHDNS
LogInit:      CURL_VERSION_LARGEFILE
LogInit:      CURL_VERSION_IDN
LogInit:  CurlRequestOptions (configurable via config and command line):
LogInit:  - bVerifyPeer = false  - Libcurl will NOT verify peer certificate
LogInit:  - bUseHttpProxy = false  - Libcurl will NOT use HTTP proxy
LogInit:  - bDontReuseConnections = false  - Libcurl will reuse connections
LogInit:  - CertBundlePath = nullptr  - Libcurl will use whatever was configured at build time.
LogInit: Build: ++UE4+Release-4.13-CL-3172292
LogInit: Engine Version: 4.13.2-3172292+++UE4+Release-4.13
LogInit: Compatible Engine Version: 4.13.0-3106830+++UE4+Release-4.13
LogInit: Net CL: 3172292
LogDevObjectVersion: Number of dev versions registered: 13
LogDevObjectVersion:   Dev-Blueprints (B0D832E4-1F89-4F0D-ACCF-7EB736FD4AA2): 5
LogDevObjectVersion:   Dev-Build (E1C64328-A22C-4D53-A36C-8E866417BD8C): 0
LogDevObjectVersion:   Dev-Core (375EC13C-06E4-48FB-B500-84F0262A717E): 1
LogDevObjectVersion:   Dev-Editor (E4B068ED-F494-42E9-A231-DA0B2E46BB41): 6
LogDevObjectVersion:   Dev-Framework (CFFC743F-43B0-4480-9391-14DF171D2073): 12
LogDevObjectVersion:   Dev-Mobile (B02B49B5-BB20-44E9-A304-32B752E40360): 0
LogDevObjectVersion:   Dev-Networking (A4E4105C-59A1-49B5-A7C5-40C4547EDFEE): 0
LogDevObjectVersion:   Dev-Online (39C831C9-5AE6-47DC-9A44-9C173E1C8E7C): 0
LogDevObjectVersion:   Dev-Physics (78F01B33-EBEA-4F98-B9B4-84EACCB95AA2): 0
LogDevObjectVersion:   Dev-Platform (6631380F-2D4D-43E0-8009-CF276956A95A): 0
LogDevObjectVersion:   Dev-Rendering (12F88B9F-8875-4AFC-A67C-D90C383ABD29): 4
LogDevObjectVersion:   Dev-Sequencer (7B5AE74C-D270-4C10-A958-57980B212A5A): 0
LogDevObjectVersion:   Dev-VR (D7296918-1DD6-4BDD-9DE2-64A83CC13884): 0
LogInit: Compiled (64-bit): Oct 24 2016 14:29:06
LogInit: Compiled with Visual C++: 19.00.23026.00
LogInit: Build Configuration: Development
LogInit: Branch Name: ++UE4+Release-4.13
LogInit: Command line: -EpicPortal 
LogInit: Base directory: C:/Program Files (x86)/Epic Games/4.13/Engine/Binaries/Win64/
LogInit: Installed Engine Build: 1
LogInit: Presizing for max 8388607 objects, including 0 objects not considered by GC, pre-allocating 0 bytes for permanent pool.
LogInit: Object subsystem initialized
[2016.12.01-10.06.33:841][  0]LogInit: Selected Device Profile: [Windows]
[2016.12.01-10.06.33:841][  0]LogInit: Applying CVar settings loaded from the selected device profile: [Windows]
[2016.12.01-10.06.33:918][  0]LogInit: Computer: SIMONE-PC
[2016.12.01-10.06.33:918][  0]LogInit: User: Simone
[2016.12.01-10.06.33:918][  0]LogInit: CPU Page size=65536, Cores=2
[2016.12.01-10.06.33:918][  0]LogInit: High frequency timer resolution =2.241074 MHz
[2016.12.01-10.06.33:919][  0]LogMemory: Memory total: Physical=3.9GB (4GB approx)
[2016.12.01-10.06.33:919][  0]LogMemory: Platform Memory Stats for Windows
[2016.12.01-10.06.33:919][  0]LogMemory: Process Physical Memory: 255.00 MB used, 255.00 MB peak
[2016.12.01-10.06.33:919][  0]LogMemory: Process Virtual Memory: 259.87 MB used, 259.87 MB peak
[2016.12.01-10.06.33:919][  0]LogMemory: Physical Memory: 3381.93 MB used, 3979.70 MB total
[2016.12.01-10.06.33:919][  0]LogMemory: Virtual Memory: 590.13 MB used, 8388608.00 MB total
[2016.12.01-10.06.34:225][  0]LogTextLocalizationManager: No specific translations for ('en-AU') exist, so ('en') translations will be used.
[2016.12.01-10.06.46:828][  0]LogD3D11RHI: D3D11 adapters:
[2016.12.01-10.06.46:856][  0]LogD3D11RHI:    0. 'Intel(R) HD Graphics' (Feature Level 10_0)
[2016.12.01-10.06.46:857][  0]LogD3D11RHI:       64/0/1632 MB DedicatedVideo/DedicatedSystem/SharedSystem, Outputs:1, VendorId:0x8086
[2016.12.01-10.06.46:857][  0]LogD3D11RHI: Chosen D3D11 Adapter: 0
[2016.12.01-10.06.46:865][  0]LogD3D11RHI: Creating new Direct3DDevice
[2016.12.01-10.06.46:865][  0]LogD3D11RHI:     GPU DeviceId: 0x106 (for the marketing name, search the web for "GPU Device Id")
[2016.12.01-10.06.46:865][  0]LogWindows: EnumDisplayDevices:
[2016.12.01-10.06.46:865][  0]LogWindows:    0. 'Intel(R) HD Graphics' (P:1 D:1)
[2016.12.01-10.06.46:866][  0]LogWindows:    1. 'Intel(R) HD Graphics' (P:0 D:0)
[2016.12.01-10.06.46:866][  0]LogWindows:    2. 'RDPDD Chained DD' (P:0 D:0)
[2016.12.01-10.06.46:866][  0]LogWindows:    3. 'RDP Encoder Mirror Driver' (P:0 D:0)
[2016.12.01-10.06.46:867][  0]LogWindows:    4. 'RDP Reflector Display Driver' (P:0 D:0)
[2016.12.01-10.06.46:867][  0]LogWindows: DebugString: GetVideoDriverDetailsInvalid PrimaryIsNotTheChoosenAdapter GetVideoDriverDetailsInvalid PrimaryIsNotTheChoosenAdapter GetVideoDriverDetailsInvalid PrimaryIsNotTheChoosenAdapter FoundDriverCount:2 
[2016.12.01-10.06.46:867][  0]LogD3D11RHI:     Adapter Name: Intel(R) HD Graphics
[2016.12.01-10.06.46:867][  0]LogD3D11RHI:   Driver Version: 8.15.10.2696 (internal:8.15.10.2696, unified:8.15.10.2696)
[2016.12.01-10.06.46:867][  0]LogD3D11RHI:      Driver Date: 3-19-2012
[2016.12.01-10.06.46:867][  0]LogRHI: Texture pool is 616 MB (70% of 880 MB)
[2016.12.01-10.06.46:884][  0]LogD3D11RHI: Async texture creation enabled
[2016.12.01-10.06.46:923][  0]LogD3D11RHI: GPU Timing Frequency: 12.500000 (Debug: 2 1)
[2016.12.01-10.06.46:923][  0]LogShaderCompilers: Guid format shader working directory is -13 characters bigger than the processId version (../../../../../../Giochi/Repositories/Eclypse/ProjectEclypse/Intermediate/Shaders/WorkingDirectory/5056/).
[2016.12.01-10.06.46:924][  0]LogShaderCompilers: Cleaned the shader compiler working directory 'C:/Users/Simone/AppData/Local/Temp/UnrealShaderWorkingDir/AAED37AF4EBD9B573ADD4898017A3C9C/'.
[2016.12.01-10.06.46:924][  0]LogShaderCompilers:Display: Using Local Shader Compiler.
[2016.12.01-10.06.50:078][  0]LogTemp:Display: Loaded TP AllDesktopTargetPlatform
[2016.12.01-10.06.50:094][  0]LogTemp:Display: Loaded TP WindowsClientTargetPlatform
[2016.12.01-10.06.50:111][  0]LogTemp:Display: Loaded TP WindowsNoEditorTargetPlatform
[2016.12.01-10.06.50:127][  0]LogTemp:Display: Loaded TP WindowsServerTargetPlatform
[2016.12.01-10.06.50:142][  0]LogTemp:Display: Loaded TP WindowsTargetPlatform
[2016.12.01-10.06.50:157][  0]LogTemp:Display: Loaded TP AndroidTargetPlatform
[2016.12.01-10.06.50:170][  0]LogTemp:Display: Loaded TP Android_ASTCTargetPlatform
[2016.12.01-10.06.50:184][  0]LogTemp:Display: Loaded TP Android_ATCTargetPlatform
[2016.12.01-10.06.50:198][  0]LogTemp:Display: Loaded TP Android_DXTTargetPlatform
[2016.12.01-10.06.50:213][  0]LogTemp:Display: Loaded TP Android_ETC1TargetPlatform
[2016.12.01-10.06.50:227][  0]LogTemp:Display: Loaded TP Android_ETC2TargetPlatform
[2016.12.01-10.06.50:256][  0]LogTemp:Display: Loaded TP Android_MultiTargetPlatform
[2016.12.01-10.06.50:256][  0]LogTemp:Display: Loaded TP Android_PVRTCTargetPlatform
[2016.12.01-10.06.50:258][  0]LogTemp:Display: Loaded TP HTML5TargetPlatform
[2016.12.01-10.06.50:286][  0]LogTemp:Display: Loaded TP IOSTargetPlatform
[2016.12.01-10.06.50:299][  0]LogTemp:Display: Loaded TP TVOSTargetPlatform
[2016.12.01-10.06.50:313][  0]LogTemp:Display: Loaded TP LinuxClientTargetPlatform
[2016.12.01-10.06.50:327][  0]LogTemp:Display: Loaded TP LinuxNoEditorTargetPlatform
[2016.12.01-10.06.50:341][  0]LogTemp:Display: Loaded TP LinuxServerTargetPlatform
[2016.12.01-10.06.50:355][  0]LogTemp:Display: Loaded TP LinuxTargetPlatform
[2016.12.01-10.06.50:355][  0]LogTargetPlatformManager:Display: Building Assets For Windows
[2016.12.01-10.06.50:469][  0]LogDerivedDataCache:Display: Max Cache Size: 512 MB
[2016.12.01-10.06.50:611][  0]LogDerivedDataCache: Loaded boot cache 0.14s 70MB C:/Users/Simone/AppData/Local/UnrealEngine/4.13/DerivedDataCache/Boot.ddc.
[2016.12.01-10.06.50:611][  0]LogDerivedDataCache:Display: Loaded Boot cache: C:/Users/Simone/AppData/Local/UnrealEngine/4.13/DerivedDataCache/Boot.ddc
[2016.12.01-10.06.50:612][  0]LogDerivedDataCache: FDerivedDataBackendGraph:  Pak pak cache file ../../../../../../Giochi/Repositories/Eclypse/ProjectEclypse/DerivedDataCache/DDC.ddp not found, will not use a pak cache.
[2016.12.01-10.06.50:612][  0]LogDerivedDataCache: Unable to find inner node Pak for hierarchical cache Hierarchy.
[2016.12.01-10.06.50:612][  0]LogDerivedDataCache: FDerivedDataBackendGraph:  CompressedPak pak cache file ../../../../../../Giochi/Repositories/Eclypse/ProjectEclypse/DerivedDataCache/Compressed.ddp not found, will not use a pak cache.
[2016.12.01-10.06.50:612][  0]LogDerivedDataCache: Unable to find inner node CompressedPak for hierarchical cache Hierarchy.
[2016.12.01-10.06.50:649][  0]LogDerivedDataCache:Display: Pak cache opened for reading ../../../Engine/DerivedDataCache/Compressed.ddp.
[2016.12.01-10.06.50:663][  0]LogDerivedDataCache: Using Local data cache path C:/Users/Simone/AppData/Local/UnrealEngine/Common/DerivedDataCache: Writable
[2016.12.01-10.06.51:125][  0]LogInit: Selected Device Profile: [Windows]
[2016.12.01-10.06.51:128][  0]LogMaterial: Uniform references updated for custom material expression Custom.
[2016.12.01-10.06.51:136][  0]LogContentStreaming: Texture pool size is 0.00 MB
[2016.12.01-10.06.51:604][  0]LogMeshUtilities: No automatic mesh reduction module available
[2016.12.01-10.06.51:604][  0]LogMeshUtilities: No automatic mesh merging module available
[2016.12.01-10.06.51:604][  0]LogMeshUtilities: No distributed automatic mesh merging module available
[2016.12.01-10.06.53:259][  0]LogNetVersion: GetLocalNetworkVersion: CL: 3106830, ProjectName: projecteclypse, ProjectVersion: , EngineNetworkVersion: 1, GameNetworkVersion: 0, NetworkChecksum: 67683999
[2016.12.01-10.06.53:317][  0]LogAssetRegistry: FAssetRegistry took 0.0202 seconds to start up
[2016.12.01-10.06.53:387][  0]LogPackageLocalizationCache: Processed 3 localized package path(s) for 2 prioritized culture(s) in 0.066108 seconds
[2016.12.01-10.06.53:399][  0]LogUObjectArray: 29778 objects as part of root set at end of initial load.
[2016.12.01-10.06.53:399][  0]LogUObjectAllocator: 6125456 out of 0 bytes used by permanent object pool.
[2016.12.01-10.06.53:400][  0]LogUObjectArray: CloseDisregardForGC: 0/0 objects in disregard for GC pool
[2016.12.01-10.06.53:410][  0]LogInit: WinSock: version 1.1 (2.2), MaxSocks=32767, MaxUdp=65467
[2016.12.01-10.06.54:018][  0]LogSlate: SlateFontCache - WITH_FREETYPE: 1, WITH_HARFBUZZ: 1
[2016.12.01-10.06.54:018][  0]LogSlate: SlateFontCache - WITH_FREETYPE: 1, WITH_HARFBUZZ: 1
[2016.12.01-10.06.55:668][  0]LogSubstanceCoreModule: Substance CPU Engine Loaded, Max Texture Size 2048
[2016.12.01-10.06.55:682][  0]LogTcpMessaging: Initializing TcpMessaging bridge
[2016.12.01-10.06.55:704][  0]LogUdpMessaging: Initializing bridge on interface 0.0.0.0:0 to multicast group 230.0.0.1:6666.
[2016.12.01-10.06.56:429][  0]SourceControl: Info Source control is disabled
[2016.12.01-10.06.56:879][  0]SourceControl: Info Source control is disabled
[2016.12.01-10.06.56:899][  0]SourceControl: Info Source control is disabled
[2016.12.01-10.06.56:930][  0]SourceControl: Info Source control is disabled
[2016.12.01-10.06.57:737][  0]LogEngine: Initializing Engine...
[2016.12.01-10.06.57:739][  0]LogHMD: Failed to initialize OpenVR with code 110
[2016.12.01-10.06.58:157][  0]LogAIModule: Creating AISystem for world Untitled
[2016.12.01-10.06.58:310][  0]LogInit: XAudio2 using 'Speakers (Realtek High Definition Audio)' : 2 channels at 48 kHz using 32 bits per sample (channel mask 0x3)
[2016.12.01-10.06.58:576][  0]LogInit: FAudioDevice initialized.
[2016.12.01-10.06.58:632][  0]LogDerivedDataCache: Saved boot cache 0.06s 57MB C:/Users/Simone/AppData/Local/UnrealEngine/4.13/DerivedDataCache/Boot.ddc.
[2016.12.01-10.06.58:651][  0]LogInit: Texture streaming: Enabled
[2016.12.01-10.06.58:791][  0]LogInit: Transaction tracking system initialized
[2016.12.01-10.06.58:837][  0]BlueprintLog: New page: Editor Load
[2016.12.01-10.06.58:980][  0]LocalizationService: Info Localization service is disabled
[2016.12.01-10.06.59:138][  0]LogConsoleResponse:Display: 
[2016.12.01-10.07.00:346][  0]LogFileCache: Scanning file cache for directory 'C:/Giochi/Repositories/Eclypse/ProjectEclypse/Content/' took 0.04s
[2016.12.01-10.07.00:346][  0]LogCook:Display: Max memory allowance for cook 16384mb min free memory 0mb
[2016.12.01-10.07.00:346][  0]LogCook:Display: Mobile HDR setting 1
[2016.12.01-10.07.00:868][  0]SourceControl: Info Source control is disabled
[2016.12.01-10.07.00:868][  0]Cmd: MAP LOAD FILE="../../../../../../Giochi/Repositories/Eclypse/ProjectEclypse/Content/Maps/EclypseVillage.umap" TEMPLATE=0 SHOWPROGRESS=1 FEATURELEVEL=2
[2016.12.01-10.07.00:959][  0]LightingResults: New page: Lighting Build
[2016.12.01-10.07.00:969][  0]MapCheck: New page: Map Check
[2016.12.01-10.07.00:969][  0]LightingResults: New page: Lighting Build
[2016.12.01-10.07.14:495][  0]LogStaticMesh: Building static mesh SM_Pole_001...
[2016.12.01-10.07.15:568][  0]LogStaticMesh: Built static mesh [1.09s] /Game/OldVillage/Meshes/Structure_Components/SM_Pole_001.SM_Pole_001
[2016.12.01-10.07.15:895][  0]LogMaterial: Missing cached shader map for material MAT_Wood, compiling. 
[2016.12.01-10.07.16:549][  0]LogMaterial:Warning: Failed to compile Material /Game/OldVillage/Materials/Master/MAT_Wood.MAT_Wood for platform PCD3D_SM4, Default Material will be used in game.
[2016.12.01-10.07.16:550][  0]LogMaterial:Warning: 	(Node TextureSampleParameter2D) Param2D> Requires Texture2D
[2016.12.01-10.07.16:550][  0]LogMaterial:Warning: 	(Node TextureSampleParameter2D) put a cloud or similar here, it's using the red channel > Requires Texture2D
[2016.12.01-10.07.16:553][  0]LogStaticMesh: Building static mesh SM_Pole_002_simple...
[2016.12.01-10.07.16:554][  0]LogStaticMesh: Built static mesh [0.00s] /Game/OldVillage/Meshes/Structure_Components/SM_Pole_002_simple.SM_Pole_002_simple
[2016.12.01-10.07.16:558][  0]LogStaticMesh: Building static mesh SM_Pole_002_abbandoned...
[2016.12.01-10.07.16:580][  0]LogStaticMesh: Built static mesh [0.02s] /Game/OldVillage/Meshes/Structure_Components/SM_Pole_002_abbandoned.SM_Pole_002_abbandoned
[2016.12.01-10.07.16:587][  0]LogStaticMesh: Building static mesh SM_Pole_002...
[2016.12.01-10.07.16:601][  0]LogStaticMesh: Built static mesh [0.01s] /Game/OldVillage/Meshes/Structure_Components/SM_Pole_002.SM_Pole_002
[2016.12.01-10.07.16:604][  0]LogStaticMesh: Building static mesh SM_Pole_001_simple_abbandoned...
[2016.12.01-10.07.16:605][  0]LogStaticMesh: Built static mesh [0.00s] /Game/OldVillage/Meshes/Structure_Components/SM_Pole_001_simple_abbandoned.SM_Pole_001_simple_abbandoned
[2016.12.01-10.07.16:607][  0]LogStaticMesh: Building static mesh SM_Pole_001_simple...
[2016.12.01-10.07.16:608][  0]LogStaticMesh: Built static mesh [0.00s] /Game/OldVillage/Meshes/Structure_Components/SM_Pole_001_simple.SM_Pole_001_simple
[2016.12.01-10.07.16:610][  0]LogStaticMesh: Building static mesh SM_Pole_001_abbandoned...
[2016.12.01-10.07.16:624][  0]LogStaticMesh: Built static mesh [0.01s] /Game/OldVillage/Meshes/Structure_Components/SM_Pole_001_abbandoned.SM_Pole_001_abbandoned
[2016.12.01-10.07.16:626][  0]LogStaticMesh: Building static mesh SM_Wall_2mx1m_window_001_abbandoned...
[2016.12.01-10.07.16:627][  0]LogStaticMesh: Built static mesh [0.00s] /Game/OldVillage/Meshes/Structure_Components/SM_Wall_2mx1m_window_001_abbandoned.SM_Wall_2mx1m_window_001_abbandoned
[2016.12.01-10.07.16:628][  0]LogStaticMesh: Building static mesh SM_Wall_2mx1m_Edge_R_001_abbandoned...
[2016.12.01-10.07.16:629][  0]LogStaticMesh: Built static mesh [0.00s] /Game/OldVillage/Meshes/Structure_Components/SM_Wall_2mx1m_Edge_R_001_abbandoned.SM_Wall_2mx1m_Edge_R_001_abbandoned
[2016.12.01-10.07.16:630][  0]LogStaticMesh: Building static mesh SM_Wall_2mx1m_Edge_R_001...
[2016.12.01-10.07.16:630][  0]LogStaticMesh: Built static mesh [0.00s] /Game/OldVillage/Meshes/Structure_Components/SM_Wall_2mx1m_Edge_R_001.SM_Wall_2mx1m_Edge_R_001
[2016.12.01-10.07.16:631][  0]LogStaticMesh: Building static mesh SM_Wall_2mx1m_Edge_L_001_abbandoned...
[2016.12.01-10.07.16:632][  0]LogStaticMesh: Built static mesh [0.00s] /Game/OldVillage/Meshes/Structure_Components/SM_Wall_2mx1m_Edge_L_001_abbandoned.SM_Wall_2mx1m_Edge_L_001_abbandoned
[2016.12.01-10.07.16:632][  0]LogStaticMesh: Building static mesh SM_Wall_2mx1m_Edge_L_001...
[2016.12.01-10.07.16:633][  0]LogStaticMesh: Built static mesh [0.00s] /Game/OldVillage/Meshes/Structure_Components/SM_Wall_2mx1m_Edge_L_001.SM_Wall_2mx1m_Edge_L_001
[2016.12.01-10.07.16:634][  0]LogStaticMesh: Building static mesh SM_Wall_2mx1m_Edge_curved_R_001_abbandoned...
[2016.12.01-10.07.16:635][  0]LogStaticMesh: Built static mesh [0.00s] /Game/OldVillage/Meshes/Structure_Components/SM_Wall_2mx1m_Edge_curved_R_001_abbandoned.SM_Wall_2mx1m_Edge_curved_R_001_abbandoned
[2016.12.01-10.07.16:636][  0]LogStaticMesh: Building static mesh SM_Wall_2mx1m_Edge_curved_R_001...
[2016.12.01-10.07.16:637][  0]LogStaticMesh: Built static mesh [0.00s] /Game/OldVillage/Meshes/Structure_Components/SM_Wall_2mx1m_Edge_curved_R_001.SM_Wall_2mx1m_Edge_curved_R_001
[2016.12.01-10.07.16:638][  0]LogStaticMesh: Building static mesh SM_Wall_2mx1m_Edge_curved_L_001_abbandoned...
[2016.12.01-10.07.16:639][  0]LogStaticMesh: Built static mesh [0.00s] /Game/OldVillage/Meshes/Structure_Components/SM_Wall_2mx1m_Edge_curved_L_001_abbandoned.SM_Wall_2mx1m_Edge_curved_L_001_abbandoned
[2016.12.01-10.07.16:640][  0]LogStaticMesh: Building static mesh SM_Wall_2mx1m_Edge_curved_L_001...
[2016.12.01-10.07.16:641][  0]LogStaticMesh: Built static mesh [0.00s] /Game/OldVillage/Meshes/Structure_Components/SM_Wall_2mx1m_Edge_curved_L_001.SM_Wall_2mx1m_Edge_curved_L_001
[2016.12.01-10.07.16:642][  0]LogStaticMesh: Building static mesh SM_Wall_2mx1m_Edge_45_R_001_abbandoned...
[2016.12.01-10.07.16:643][  0]LogStaticMesh: Built static mesh [0.00s] /Game/OldVillage/Meshes/Structure_Components/SM_Wall_2mx1m_Edge_45_R_001_abbandoned.SM_Wall_2mx1m_Edge_45_R_001_abbandoned
[2016.12.01-10.07.16:644][  0]LogStaticMesh: Building static mesh SM_Wall_2mx1m_Edge_45_R_001...
[2016.12.01-10.07.16:645][  0]LogStaticMesh: Built static mesh [0.00s] /Game/OldVillage/Meshes/Structure_Components/SM_Wall_2mx1m_Edge_45_R_001.SM_Wall_2mx1m_Edge_45_R_001
[2016.12.01-10.07.16:646][  0]LogStaticMesh: Building static mesh SM_Wall_2mx1m_Edge_45_L_001_abbandoned...
[2016.12.01-10.07.16:646][  0]LogStaticMesh: Built static mesh [0.00s] /Game/OldVillage/Meshes/Structure_Components/SM_Wall_2mx1m_Edge_45_L_001_abbandoned.SM_Wall_2mx1m_Edge_45_L_001_abbandoned
[2016.12.01-10.07.16:647][  0]LogStaticMesh: Building static mesh SM_Wall_2mx1m_Edge_45_L_001...
[2016.12.01-10.07.16:648][  0]LogStaticMesh: Built static mesh [0.00s] /Game/OldVillage/Meshes/Structure_Components/SM_Wall_2mx1m_Edge_45_L_001.SM_Wall_2mx1m_Edge_45_L_001
[2016.12.01-10.07.16:649][  0]LogStaticMesh: Building static mesh SM_Wall_2mx1m_001_abbandoned...
[2016.12.01-10.07.16:649][  0]LogStaticMesh: Built static mesh [0.00s] /Game/OldVillage/Meshes/Structure_Components/SM_Wall_2mx1m_001_abbandoned.SM_Wall_2mx1m_001_abbandoned
[2016.12.01-10.07.16:754][  0]LogTexture:Display: Building textures: T_EV_BlankWhite_01 (AutoDXT)
[2016.12.01-10.07.17:069][  0]LogMaterial: Missing cached shader map for material MAT_Blend_2_Parallax, compiling. 
[2016.12.01-10.07.17:094][  0]LogMaterial:Warning: Failed to compile Material /Game/OldVillage/Materials/Master/MAT_Blend_2_Parallax.MAT_Blend_2_Parallax for platform PCD3D_SM4, Default Material will be used in game.
[2016.12.01-10.07.17:095][  0]LogMaterial:Warning: 	(Node TextureSampleParameter2D) Param2D> Requires Texture2D
[2016.12.01-10.07.17:095][  0]LogMaterial:Warning: 	(Node TextureSampleParameter2D) put a cloud or similar here, it's using the red channel > Requires Texture2D
[2016.12.01-10.07.17:095][  0]LogMaterial:Warning: 	(Node TextureObjectParameter) Param Tex Object> Requires valid texture
[2016.12.01-10.07.17:097][  0]LogStaticMesh: Building static mesh SM_Bars_003...
[2016.12.01-10.07.17:101][  0]LogStaticMesh: Built static mesh [0.00s] /Game/OldVillage/Meshes/Structure_Components/SM_Bars_003.SM_Bars_003
[2016.12.01-10.07.17:105][  0]LogStaticMesh: Building static mesh SM_Bars_002...
[2016.12.01-10.07.17:111][  0]LogStaticMesh: Built static mesh [0.01s] /Game/OldVillage/Meshes/Structure_Components/SM_Bars_002.SM_Bars_002
[2016.12.01-10.07.17:113][  0]LogStaticMesh: Building static mesh SM_Bars_001...
[2016.12.01-10.07.17:119][  0]LogStaticMesh: Built static mesh [0.01s] /Game/OldVillage/Meshes/Structure_Components/SM_Bars_001.SM_Bars_001
[2016.12.01-10.07.17:122][  0]LogStaticMesh: Building static mesh SM_Decorative_Stone_008...
[2016.12.01-10.07.17:154][  0]LogStaticMesh: Built static mesh [0.03s] /Game/OldVillage/Meshes/Structure/Decore/SM_Decorative_Stone_008.SM_Decorative_Stone_008
[2016.12.01-10.07.17:157][  0]LogStaticMesh: Building static mesh SM_Decorative_Stone_007...
[2016.12.01-10.07.17:174][  0]LogStaticMesh: Built static mesh [0.02s] /Game/OldVillage/Meshes/Structure/Decore/SM_Decorative_Stone_007.SM_Decorative_Stone_007
[2016.12.01-10.07.17:180][  0]LogMaterial: Missing cached shader map for material MAT_Basic, compiling. 
[2016.12.01-10.07.17:181][  0]LogMaterial:Warning: Failed to compile Material /Game/OldVillage/Materials/Master/MAT_Basic.MAT_Basic for platform PCD3D_SM4, Default Material will be used in game.
[2016.12.01-10.07.17:181][  0]LogMaterial:Warning: 	(Node TextureSampleParameter2D) Param2D> Requires Texture2D
[2016.12.01-10.07.17:182][  0]LogStaticMesh: Building static mesh SM_Decorative_Stone_006...
[2016.12.01-10.07.17:198][  0]LogStaticMesh: Built static mesh [0.02s] /Game/OldVillage/Meshes/Structure/Decore/SM_Decorative_Stone_006.SM_Decorative_Stone_006
[2016.12.01-10.07.17:203][  0]LogMaterial: Missing cached shader map for material MAT_Basic_Soot, compiling. 
[2016.12.01-10.07.17:204][  0]LogMaterial:Warning: Failed to compile Material /Game/OldVillage/Materials/Master/MAT_Basic_Soot.MAT_Basic_Soot for platform PCD3D_SM4, Default Material will be used in game.
[2016.12.01-10.07.17:204][  0]LogMaterial:Warning: 	(Node TextureSampleParameter2D) Param2D> Requires Texture2D
[2016.12.01-10.07.17:204][  0]LogMaterial:Warning: 	(Node TextureSampleParameter2D) put a cloud or similar here, it's using the red channel > Requires Texture2D
[2016.12.01-10.07.17:205][  0]LogStaticMesh: Building static mesh SM_Decorative_Stone_005...
[2016.12.01-10.07.17:223][  0]LogStaticMesh: Built static mesh [0.02s] /Game/OldVillage/Meshes/Structure/Decore/SM_Decorative_Stone_005.SM_Decorative_Stone_005
[2016.12.01-10.07.17:397][  0]LogStaticMesh: Building static mesh SM_Pole_003_abbandoned...
[2016.12.01-10.07.17:410][  0]LogStaticMesh: Built static mesh [0.01s] /Game/OldVillage/Meshes/Structure_Components/SM_Pole_003_abbandoned.SM_Pole_003_abbandoned
[2016.12.01-10.07.17:412][  0]LogStaticMesh: Building static mesh SM_Pole_003...
[2016.12.01-10.07.17:422][  0]LogStaticMesh: Built static mesh [0.01s] /Game/OldVillage/Meshes/Structure_Components/SM_Pole_003.SM_Pole_003
[2016.12.01-10.07.17:424][  0]LogStaticMesh: Building static mesh SM_Pole_002_simple_abbandoned...
[2016.12.01-10.07.17:424][  0]LogStaticMesh: Built static mesh [0.00s] /Game/OldVillage/Meshes/Structure_Components/SM_Pole_002_simple_abbandoned.SM_Pole_002_simple_abbandoned
[2016.12.01-10.07.17:428][  0]LogMaterial: Missing cached shader map for material MAT_Basic_Stretch, compiling. 
[2016.12.01-10.07.17:429][  0]LogMaterial:Warning: Failed to compile Material /Game/OldVillage/Materials/Master/MAT_Basic_Stretch.MAT_Basic_Stretch for platform PCD3D_SM4, Default Material will be used in game.
[2016.12.01-10.07.17:429][  0]LogMaterial:Warning: 	(Node TextureSampleParameter2D) Param2D> Requires Texture2D
[2016.12.01-10.07.17:443][  0]LogMaterial: Missing cached shader map for material MAT_Still_Water, compiling. 
[2016.12.01-10.07.17:444][  0]LogMaterial:Warning: Failed to compile Material /Game/OldVillage/Materials/Master/MAT_Still_Water.MAT_Still_Water for platform PCD3D_SM4, Default Material will be used in game.
[2016.12.01-10.07.17:444][  0]LogMaterial:Warning: 	(Node TextureSampleParameter2D) Param2D> Requires Texture2D
[2016.12.01-10.07.18:794][  0]LogTexture:Display: Building textures: T_Brick_Clay_Old_D (AutoDXT)
[2016.12.01-10.07.35:240][  0]LogTexture:Display: Building textures: T_Brick_Clay_Old_N (BC5)
[2016.12.01-10.07.37:066][  0]LogMaterial: Missing cached shader map for material MAT_Plane_Decal_Masked, compiling. 
[2016.12.01-10.07.37:067][  0]LogMaterial:Warning: Failed to compile Material /Game/OldVillage/Materials/Master/MAT_Plane_Decal_Masked.MAT_Plane_Decal_Masked for platform PCD3D_SM4, Default Material will be used in game.
[2016.12.01-10.07.37:067][  0]LogMaterial:Warning: 	(Node TextureSampleParameter2D) Param2D> Requires Texture2D
[2016.12.01-10.07.37:067][  0]LogMaterial:Warning: 	(Node TextureSample) TextureSample> Missing input texture
[2016.12.01-10.07.37:067][  0]LogStaticMesh: Building static mesh SM_Quad_Decal...
[2016.12.01-10.07.37:067][  0]LogStaticMesh: Built static mesh [0.00s] /Game/OldVillage/Meshes/Structure/Decore/SM_Quad_Decal.SM_Quad_Decal
[2016.12.01-10.07.37:082][  0]LogStaticMesh: Building static mesh SM_Ivy_004...
[2016.12.01-10.07.37:083][  0]LogStaticMesh: Built static mesh [0.00s] /Game/OldVillage/Meshes/Vegetation/SM_Ivy_004.SM_Ivy_004
[2016.12.01-10.07.37:084][  0]LogStaticMesh: Building static mesh SM_Decorative_Stone_014...
[2016.12.01-10.07.37:157][  0]LogStaticMesh: Built static mesh [0.07s] /Game/OldVillage/Meshes/Structure_Components/SM_Decorative_Stone_014.SM_Decorative_Stone_014
[2016.12.01-10.07.37:159][  0]LogStaticMesh: Building static mesh SM_Well_001...
[2016.12.01-10.07.37:295][  0]LogStaticMesh: Built static mesh [0.14s] /Game/OldVillage/Meshes/Structure_Components/SM_Well_001.SM_Well_001
[2016.12.01-10.07.37:306][  0]LogMaterial: Missing cached shader map for material MAT_Roof_Parallax, compiling. 
[2016.12.01-10.07.37:307][  0]LogMaterial:Warning: Failed to compile Material /Game/OldVillage/Materials/Master/MAT_Roof_Parallax.MAT_Roof_Parallax for platform PCD3D_SM4, Default Material will be used in game.
[2016.12.01-10.07.37:307][  0]LogMaterial:Warning: 	(Node TextureSampleParameter2D) Param2D> Requires Texture2D
[2016.12.01-10.07.37:307][  0]LogMaterial:Warning: 	(Node TextureSample) TextureSample> Missing input texture
[2016.12.01-10.07.37:307][  0]LogMaterial:Warning: 	(Node TextureObjectParameter) Param Tex Object> Requires valid texture
[2016.12.01-10.07.37:392][  0]LogMaterial: Missing cached shader map for material MAT_Branch, compiling. 
[2016.12.01-10.07.37:393][  0]LogMaterial:Warning: Failed to compile Material /Game/OldVillage/Materials/Master/MAT_Branch.MAT_Branch for platform PCD3D_SM4, Default Material will be used in game.
[2016.12.01-10.07.37:393][  0]LogMaterial:Warning: 	(Node TextureSampleParameter2D) Param2D> Requires Texture2D
[2016.12.01-10.07.37:393][  0]LogMaterial:Warning: 	(Node TextureSample) TextureSample> Missing input texture
[2016.12.01-10.07.39:811][  0]LogTexture:Display: Building textures: T_Perlin_Noise_M (AutoDXT)
[2016.12.01-10.07.53:051][  0]LogTexture:Display: Building textures: T_MacroVariation (AutoDXT)
[2016.12.01-10.08.06:757][  0]LogAIModule: Creating AISystem for world EclypseVillage
[2016.12.01-10.08.08:533][  0]LogEditorServer: Finished looking for orphan Actors (0.000 secs)
[2016.12.01-10.08.08:614][  0]Cmd: MAP CHECKDEP NOCLEARLOG
[2016.12.01-10.08.08:746][  0]MapCheck: Info Map check complete: 0 Error(s), 0 Warning(s), took 131.647ms to complete.
[2016.12.01-10.08.08:747][  0]LogFileHelpers: Loading map 'EclypseVillage' took 67.876
[2016.12.01-10.08.23:560][  0]LogCollectionManager: Loaded 0 collections in 0.004670 seconds
[2016.12.01-10.08.27:953][  0]LogFileCache: Scanning file cache for directory 'C:/Giochi/Repositories/Eclypse/ProjectEclypse/Saved/Collections/' took 0.02s
[2016.12.01-10.08.27:953][  0]LogFileCache: Scanning file cache for directory 'C:/Giochi/Repositories/Eclypse/ProjectEclypse/Content/Developers/Simone/Collections/' took 0.01s
[2016.12.01-10.08.27:953][  0]LogFileCache: Scanning file cache for directory 'C:/Giochi/Repositories/Eclypse/ProjectEclypse/Content/Collections/' took 0.01s
[2016.12.01-10.08.27:953][  0]LogCollectionManager: Rebuilt the GUID cache for 0 collections in 0.000006 seconds
[2016.12.01-10.08.28:409][  0]LogContentBrowser: Native class hierarchy populated in 0.2374 seconds. Added 2156 classes and 421 folders.
[2016.12.01-10.08.29:180][  0]LogStats: UGameplayTagsManager::ConstructGameplayTagTree: Construct from data asset -  0.000 s
[2016.12.01-10.08.29:236][  0]LogStats: UGameplayTagsManager::ConstructGameplayTagTree: GameplayTagTreeChangedEvent.Broadcast -  0.055 s
[2016.12.01-10.08.29:415][  0]LogContentBrowser: Native class hierarchy updated for 'GameplayTags' in 0.0010 seconds. Added 12 classes and 0 folders.
[2016.12.01-10.08.29:829][  0]LogContentBrowser: Native class hierarchy updated for 'WidgetCarousel' in 0.0009 seconds. Added 0 classes and 0 folders.
[2016.12.01-10.08.46:962][  0]LogContentBrowser: Native class hierarchy updated for 'AddContentDialog' in 0.0017 seconds. Added 0 classes and 0 folders.
[2016.12.01-10.08.49:290][  0]LogContentBrowser: Native class hierarchy updated for 'SceneOutliner' in 0.0016 seconds. Added 1 classes and 2 folders.
[2016.12.01-10.08.56:903][  0]LogCrashTracker: Crashtracker disabled due to settings.
[2016.12.01-10.08.59:138][  0]LogTexture:Display: Building textures: Blueprint_64x (BGRA8)
[2016.12.01-10.08.59:145][  0]LogTexture:Display: Building textures: icon_Editor_Preferences_General_40x (BGRA8)
[2016.12.01-10.08.59:150][  0]LogTexture:Display: Building textures: Paper2DSprite_TutorialIcon (BGRA8)
[2016.12.01-10.08.59:154][  0]LogTexture:Display: Building textures: icon_ShowSkeletalMeshes_40x (BGRA8)
[2016.12.01-10.08.59:160][  0]LogTexture:Display: Building textures: Landscape (BGRA8)
[2016.12.01-10.08.59:166][  0]LogTexture:Display: Building textures: Foliage (BGRA8)
[2016.12.01-10.09.00:656][  0]LogContentBrowser: Native class hierarchy updated for 'HierarchicalLODOutliner' in 0.0010 seconds. Added 1 classes and 2 folders.
[2016.12.01-10.09.00:656][  0]LogLoad: (Engine Initialization) Total time: 149.10 seconds
[2016.12.01-10.09.00:656][  0]LogLoad: (Engine Initialization) Total Blueprint compile time: 3.31 seconds
[2016.12.01-10.09.00:721][  0]LogExternalProfiler: No external profilers were discovered.  External profiling features will not be available.
[2016.12.01-10.09.01:036][  0]LogOcInput: OculusInput pre-init called
[2016.12.01-10.09.02:336][  0]LogContentStreaming: Texture pool size now 1000 MB
[2016.12.01-10.09.04:693][  0]LogTexture:Display: Building textures: icon_tab_Levels_40x (BGRA8)
[2016.12.01-10.09.05:692][  0]LogTexture:Display: Building textures: LevelGrid1DStripes (BGRA8)
[2016.12.01-10.09.07:105][  1]LogRenderer: Reallocating scene render targets to support 836x360 (Frame:2).
[2016.12.01-10.09.18:227][ 11]LogAssetRegistry: Asset discovery search completed in 144.9262 seconds
[2016.12.01-10.09.18:332][ 11]LogCollectionManager: Rebuilt the object cache for 0 collections in 0.000002 seconds (found 0 objects)
[2016.12.01-10.09.18:476][ 11]LogCollectionManager: Fixed up redirectors for 0 collections in 0.248506 seconds (updated 0 objects)
[2016.12.01-10.09.59:382][220]LogSynthBenchmark:Display: FSynthBenchmark (V0.95):  requested WorkScale=1.00
[2016.12.01-10.09.59:382][220]LogSynthBenchmark:Display: ===============
[2016.12.01-10.09.59:382][220]LogSynthBenchmark:Display: Main Processor:
[2016.12.01-10.09.59:466][220]LogSynthBenchmark:Display:          ... 0.044584 s/Run 'RayIntersect'
[2016.12.01-10.09.59:466][220]LogSynthBenchmark:Display:          ... 0.040042 s/Run 'Fractal'
[2016.12.01-10.09.59:466][220]LogSynthBenchmark:Display: 
[2016.12.01-10.09.59:466][220]LogSynthBenchmark:Display:   CompiledTarget_x_Bits: 64
[2016.12.01-10.09.59:466][220]LogSynthBenchmark:Display:   UE_BUILD_SHIPPING: 0
[2016.12.01-10.09.59:466][220]LogSynthBenchmark:Display:   UE_BUILD_TEST: 0
[2016.12.01-10.09.59:466][220]LogSynthBenchmark:Display:   UE_BUILD_DEBUG: 0
[2016.12.01-10.09.59:466][220]LogSynthBenchmark:Display:   TotalPhysicalGBRam: 4
[2016.12.01-10.09.59:466][220]LogSynthBenchmark:Display:   NumberOfCores (physical): 2
[2016.12.01-10.09.59:466][220]LogSynthBenchmark:Display:   NumberOfCores (logical): 2
[2016.12.01-10.09.59:466][220]LogSynthBenchmark:Display:   CPU Perf Index 0: 57.4 (weight 1.00)
[2016.12.01-10.09.59:466][220]LogSynthBenchmark:Display:   CPU Perf Index 1: 71.4 (weight 1.50)
[2016.12.01-10.09.59:466][220]LogSynthBenchmark:Display:  
[2016.12.01-10.09.59:466][220]LogSynthBenchmark:Display: Graphics:
[2016.12.01-10.09.59:466][220]LogSynthBenchmark:Display:   Adapter Name: 'Intel(R) HD Graphics'
[2016.12.01-10.09.59:467][220]LogSynthBenchmark:Display:   (On Optimus the name might be wrong, memory should be ok)
[2016.12.01-10.09.59:467][220]LogSynthBenchmark:Display:   Vendor Id: 0x8086
[2016.12.01-10.09.59:467][220]LogSynthBenchmark:Display:   Device Id: 0x106
[2016.12.01-10.09.59:467][220]LogSynthBenchmark:Display:   GPU Memory: 64/0/1632 MB
[2016.12.01-10.09.59:655][220]LogSynthBenchmark:Display:   GPU first test: 0.12s
[2016.12.01-10.09.59:655][220]LogSynthBenchmark:Display:          ... 0.099 GigaPix/s, Confidence=100% 'ALUHeavyNoise' (likely to be very inaccurate)
[2016.12.01-10.09.59:655][220]LogSynthBenchmark:Display:          ... 0.108 GigaPix/s, Confidence=89% 'TexHeavy' (likely to be very inaccurate)
[2016.12.01-10.09.59:655][220]LogSynthBenchmark:Display:          ... 0.093 GigaPix/s, Confidence=100% 'DepTexHeavy' (likely to be very inaccurate)
[2016.12.01-10.09.59:655][220]LogSynthBenchmark:Display:          ... 0.523 GigaPix/s, Confidence=89% 'FillOnly' (likely to be very inaccurate)
[2016.12.01-10.09.59:655][220]LogSynthBenchmark:Display:          ... 0.025 GigaPix/s, Confidence=100% 'Bandwidth' (likely to be very inaccurate)
[2016.12.01-10.09.59:655][220]LogSynthBenchmark:Display:          ... 0.099 GigaPix/s, Confidence=100% 'ALUHeavyNoise'
[2016.12.01-10.09.59:655][220]LogSynthBenchmark:Display:          ... 0.108 GigaPix/s, Confidence=89% 'TexHeavy'
[2016.12.01-10.09.59:655][220]LogSynthBenchmark:Display:          ... 0.093 GigaPix/s, Confidence=100% 'DepTexHeavy'
[2016.12.01-10.09.59:655][220]LogSynthBenchmark:Display:          ... 0.523 GigaPix/s, Confidence=89% 'FillOnly'
[2016.12.01-10.09.59:655][220]LogSynthBenchmark:Display:          ... 0.025 GigaPix/s, Confidence=100% 'Bandwidth'
[2016.12.01-10.09.59:655][220]LogSynthBenchmark:Display: 
[2016.12.01-10.09.59:655][220]LogSynthBenchmark:Display:   GPU Perf Index 0: 2.1 (weight 1.00)
[2016.12.01-10.09.59:655][220]LogSynthBenchmark:Display:   GPU Perf Index 1: 1.5 (weight 0.10)
[2016.12.01-10.09.59:655][220]LogSynthBenchmark:Display:   GPU Perf Index 2: 2.4 (weight 0.10)
[2016.12.01-10.09.59:655][220]LogSynthBenchmark:Display:   GPU Perf Index 3: 2.1 (weight 3.00)
[2016.12.01-10.09.59:655][220]LogSynthBenchmark:Display:   GPU Perf Index 4: 2.3 (weight 1.00)
[2016.12.01-10.09.59:655][220]LogSynthBenchmark:Display:   CPUIndex: 65.8
[2016.12.01-10.09.59:655][220]LogSynthBenchmark:Display:   GPUIndex: 2.1
[2016.12.01-10.09.59:655][220]LogSynthBenchmark:Display: 
[2016.12.01-10.09.59:655][220]LogSynthBenchmark:Display:          ... Total Time: 0.273524 sec
[2016.12.01-10.10.00:237][221]LogMaterial: Missing cached shader map for material MAT_Wood, compiling. 
[2016.12.01-10.10.00:238][221]LogMaterial:Warning: Failed to compile Material /Game/OldVillage/Materials/Master/MAT_Wood.MAT_Wood for platform PCD3D_SM4, Default Material will be used in game.
[2016.12.01-10.10.00:238][221]LogMaterial:Warning: 	(Node TextureSampleParameter2D) Param2D> Requires Texture2D
[2016.12.01-10.10.00:238][221]LogMaterial:Warning: 	(Node TextureSampleParameter2D) put a cloud or similar here, it's using the red channel > Requires Texture2D
[2016.12.01-10.10.00:241][221]LogMaterial: Missing cached shader map for material MAT_Basic, compiling. 
[2016.12.01-10.10.00:242][221]LogMaterial:Warning: Failed to compile Material /Game/OldVillage/Materials/Master/MAT_Basic.MAT_Basic for platform PCD3D_SM4, Default Material will be used in game.
[2016.12.01-10.10.00:242][221]LogMaterial:Warning: 	(Node TextureSampleParameter2D) Param2D> Requires Texture2D
[2016.12.01-10.10.00:245][221]LogMaterial: Missing cached shader map for material MAT_Blend_2_Parallax, compiling. 
[2016.12.01-10.10.00:246][221]LogMaterial:Warning: Failed to compile Material /Game/OldVillage/Materials/Master/MAT_Blend_2_Parallax.MAT_Blend_2_Parallax for platform PCD3D_SM4, Default Material will be used in game.
[2016.12.01-10.10.00:246][221]LogMaterial:Warning: 	(Node TextureSampleParameter2D) Param2D> Requires Texture2D
[2016.12.01-10.10.00:246][221]LogMaterial:Warning: 	(Node TextureSampleParameter2D) put a cloud or similar here, it's using the red channel > Requires Texture2D
[2016.12.01-10.10.00:249][221]LogMaterial: Missing cached shader map for material MAT_Basic_Soot, compiling. 
[2016.12.01-10.10.00:250][221]LogMaterial:Warning: Failed to compile Material /Game/OldVillage/Materials/Master/MAT_Basic_Soot.MAT_Basic_Soot for platform PCD3D_SM4, Default Material will be used in game.
[2016.12.01-10.10.00:250][221]LogMaterial:Warning: 	(Node TextureSampleParameter2D) Param2D> Requires Texture2D
[2016.12.01-10.10.00:250][221]LogMaterial:Warning: 	(Node TextureSampleParameter2D) put a cloud or similar here, it's using the red channel > Requires Texture2D
[2016.12.01-10.10.00:253][221]LogMaterial: Missing cached shader map for material MAT_Still_Water, compiling. 
[2016.12.01-10.10.00:253][221]LogMaterial:Warning: Failed to compile Material /Game/OldVillage/Materials/Master/MAT_Still_Water.MAT_Still_Water for platform PCD3D_SM4, Default Material will be used in game.
[2016.12.01-10.10.00:253][221]LogMaterial:Warning: 	(Node TextureSampleParameter2D) Param2D> Requires Texture2D
[2016.12.01-10.10.00:257][221]LogMaterial: Missing cached shader map for material MAT_Plane_Decal_Masked, compiling. 
[2016.12.01-10.10.00:258][221]LogMaterial:Warning: Failed to compile Material /Game/OldVillage/Materials/Master/MAT_Plane_Decal_Masked.MAT_Plane_Decal_Masked for platform PCD3D_SM4, Default Material will be used in game.
[2016.12.01-10.10.00:258][221]LogMaterial:Warning: 	(Node TextureSampleParameter2D) Param2D> Requires Texture2D
[2016.12.01-10.10.00:258][221]LogMaterial:Warning: 	(Node TextureSample) TextureSample> Missing input texture
[2016.12.01-10.10.00:261][221]LogMaterial: Missing cached shader map for material MAT_Roof_Parallax, compiling. 
[2016.12.01-10.10.00:262][221]LogMaterial:Warning: Failed to compile Material /Game/OldVillage/Materials/Master/MAT_Roof_Parallax.MAT_Roof_Parallax for platform PCD3D_SM4, Default Material will be used in game.
[2016.12.01-10.10.00:262][221]LogMaterial:Warning: 	(Node TextureSampleParameter2D) Param2D> Requires Texture2D
[2016.12.01-10.10.00:262][221]LogMaterial:Warning: 	(Node TextureSample) TextureSample> Missing input texture
[2016.12.01-10.10.00:265][221]LogMaterial: Missing cached shader map for material MAT_Branch, compiling. 
[2016.12.01-10.10.00:266][221]LogMaterial:Warning: Failed to compile Material /Game/OldVillage/Materials/Master/MAT_Branch.MAT_Branch for platform PCD3D_SM4, Default Material will be used in game.
[2016.12.01-10.10.00:266][221]LogMaterial:Warning: 	(Node TextureSampleParameter2D) Param2D> Requires Texture2D
[2016.12.01-10.10.00:266][221]LogMaterial:Warning: 	(Node TextureSample) TextureSample> Missing input texture
[2016.12.01-10.10.00:269][221]LogMaterial: Missing cached shader map for material MAT_Basic_Stretch, compiling. 
[2016.12.01-10.10.00:269][221]LogMaterial:Warning: Failed to compile Material /Game/OldVillage/Materials/Master/MAT_Basic_Stretch.MAT_Basic_Stretch for platform PCD3D_SM4, Default Material will be used in game.
[2016.12.01-10.10.00:270][221]LogMaterial:Warning: 	(Node TextureSampleParameter2D) Param2D> Requires Texture2D
[2016.12.01-10.10.00:373][222]LogRenderer: Reallocating scene render targets to support 836x360 (Frame:199).
[2016.12.01-10.10.00:462][223]LogContentStreaming: Texture pool size now 400 MB
[2016.12.01-10.11.37:611][992]LogRenderer: Reallocating scene render targets to support 856x372 (Frame:201).
[2016.12.01-10.11.43:799][143]LogEditorViewport: Clicking on Actor (LMB): Workshop_C (Workshop)
[2016.12.01-10.11.47:593][144]LogEditorViewport: Clicking on Actor (LMB): Workshop_C (Workshop)
[2016.12.01-10.12.19:786][703]Cmd: OBJ SAVEPACKAGE PACKAGE="/Game/Maps/EclypseVillage" FILE="../../../../../../Giochi/Repositories/Eclypse/ProjectEclypse/Content/Maps/EclypseVillage.umap" SILENT=true AUTOSAVING=false KEEPDIRTY=false
[2016.12.01-10.12.21:058][703]LogSavePackage: Save=1166.52ms
[2016.12.01-10.12.21:058][703]LogSavePackage: Moving '../../../../../../Giochi/Repositories/Eclypse/ProjectEclypse/Saved/EclypseVillage32EC4F834B6DC85C3ACDBDAD558C5D0F.tmp' to '../../../../../../Giochi/Repositories/Eclypse/ProjectEclypse/Content/Maps/EclypseVillage.umap'
[2016.12.01-10.12.21:135][703]LogSavePackage:Display: Finished SavePackage ../../../../../../Giochi/Repositories/Eclypse/ProjectEclypse/Content/Maps/EclypseVillage.umap
[2016.12.01-10.12.21:323][703]LogFileHelpers: Saving map 'EclypseVillage' took 2.042
[2016.12.01-10.13.11:847][879]Cmd: QUIT_EDITOR
[2016.12.01-10.13.12:567][879]LogExit: Preparing to exit.
[2016.12.01-10.13.13:607][879]LogDirectoryWatcher: A directory notification for 'C:/Giochi/Repositories/Eclypse/ProjectEclypse/Content/' was aborted.
[2016.12.01-10.13.14:169][879]LogExit: Editor shut down
[2016.12.01-10.13.14:170][879]LogExit: Transaction tracking system shut down
[2016.12.01-10.13.18:148][879]LogObj: Freed 0b from 0 cluster array pools.
[2016.12.01-10.13.18:148][879]LogExit: Object subsystem successfully closed.
[2016.12.01-10.13.18:901][879]LogD3D11RHI: Shutdown
[2016.12.01-10.13.18:901][879]LogD3D11RHI: CleanupD3DDevice
[2016.12.01-10.13.19:304][879]LogD3D11RHI: ~FD3D11DynamicRHI
[2016.12.01-10.13.23:596][879]LogModuleManager: Shutting down and abandoning module HierarchicalLODUtilities (237)
[2016.12.01-10.13.23:596][879]LogModuleManager: Shutting down and abandoning module SynthBenchmark (236)
[2016.12.01-10.13.23:596][879]LogModuleManager: Shutting down and abandoning module HierarchicalLODOutliner (235)
[2016.12.01-10.13.23:687][879]LogModuleManager: Shutting down and abandoning module CrashTracker (234)
[2016.12.01-10.13.23:705][879]LogModuleManager: Shutting down and abandoning module SceneOutliner (233)
[2016.12.01-10.13.23:705][879]LogModuleManager: Shutting down and abandoning module WidgetCarousel (232)
[2016.12.01-10.13.23:705][879]LogModuleManager: Shutting down and abandoning module AddContentDialog (231)
[2016.12.01-10.13.23:835][879]LogDirectoryWatcher: A directory notification for 'C:/Program Files (x86)/Epic Games/4.13/FeaturePacks/' was aborted.
[2016.12.01-10.13.23:910][879]LogModuleManager: Shutting down and abandoning module GameplayTags (230)
[2016.12.01-10.13.23:910][879]LogModuleManager: Shutting down and abandoning module EditorWidgets (229)
[2016.12.01-10.13.23:910][879]LogModuleManager: Shutting down and abandoning module CollectionManager (228)
[2016.12.01-10.13.23:977][879]LogDirectoryWatcher: A directory notification for 'C:/Giochi/Repositories/Eclypse/ProjectEclypse/Content/Collections/' was aborted.
[2016.12.01-10.13.23:977][879]LogDirectoryWatcher: A directory notification for 'C:/Giochi/Repositories/Eclypse/ProjectEclypse/Content/Developers/Simone/Collections/' was aborted.
[2016.12.01-10.13.23:978][879]LogDirectoryWatcher: A directory notification for 'C:/Giochi/Repositories/Eclypse/ProjectEclypse/Saved/Collections/' was aborted.
[2016.12.01-10.13.23:978][879]LogModuleManager: Shutting down and abandoning module StatsViewer (227)
[2016.12.01-10.13.24:125][879]LogModuleManager: Shutting down and abandoning module FoliageEdit (226)
[2016.12.01-10.13.24:125][879]LogModuleManager: Shutting down and abandoning module LandscapeEditor (225)
[2016.12.01-10.13.24:148][879]LogModuleManager: Shutting down and abandoning module SceneDepthPickerMode (224)
[2016.12.01-10.13.24:148][879]LogModuleManager: Shutting down and abandoning module ActorPickerMode (223)
[2016.12.01-10.13.24:148][879]LogModuleManager: Shutting down and abandoning module GeometryMode (222)
[2016.12.01-10.13.24:148][879]LogModuleManager: Shutting down and abandoning module TextureAlignMode (221)
[2016.12.01-10.13.24:148][879]LogModuleManager: Shutting down and abandoning module BspMode (220)
[2016.12.01-10.13.24:212][879]LogModuleManager: Shutting down and abandoning module HardwareSurvey (219)
[2016.12.01-10.13.24:298][879]LogModuleManager: Shutting down and abandoning module SequenceRecorderSections (218)
[2016.12.01-10.13.24:298][879]LogModuleManager: Shutting down and abandoning module SequenceRecorder (217)
[2016.12.01-10.13.24:332][879]LogModuleManager: Shutting down and abandoning module AutomationWorker (216)
[2016.12.01-10.13.24:368][879]LogModuleManager: Shutting down and abandoning module MatineeToLevelSequence (215)
[2016.12.01-10.13.24:393][879]LogModuleManager: Shutting down and abandoning module PlacementMode (214)
[2016.12.01-10.13.24:444][879]LogModuleManager: Shutting down and abandoning module LevelSequenceEditor (213)
[2016.12.01-10.13.24:754][879]LogModuleManager: Shutting down and abandoning module WmfMediaFactory (212)
[2016.12.01-10.13.24:754][879]LogModuleManager: Shutting down and abandoning module WmfMediaEditor (211)
[2016.12.01-10.13.24:754][879]LogModuleManager: Shutting down and abandoning module AvfMediaFactory (210)
[2016.12.01-10.13.24:754][879]LogModuleManager: Shutting down and abandoning module AvfMediaEditor (209)
[2016.12.01-10.13.24:754][879]LogModuleManager: Shutting down and abandoning module Media (208)
[2016.12.01-10.13.24:754][879]LogModuleManager: Shutting down and abandoning module AndroidMediaFactory (207)
[2016.12.01-10.13.24:754][879]LogModuleManager: Shutting down and abandoning module AndroidMediaEditor (206)
[2016.12.01-10.13.24:754][879]LogModuleManager: Shutting down and abandoning module CharacterAI (205)
[2016.12.01-10.13.24:754][879]LogModuleManager: Shutting down and abandoning module SmartSnapping (204)
[2016.12.01-10.13.24:754][879]LogModuleManager: Shutting down and abandoning module SessionServices (203)
[2016.12.01-10.13.24:754][879]LogModuleManager: Shutting down and abandoning module ViewportSnapping (202)
[2016.12.01-10.13.24:754][879]LogModuleManager: Shutting down and abandoning module ViewportInteraction (201)
[2016.12.01-10.13.24:754][879]LogModuleManager: Shutting down and abandoning module LogVisualizer (200)
[2016.12.01-10.13.24:939][879]LogModuleManager: Shutting down and abandoning module GameProjectGeneration (199)
[2016.12.01-10.13.25:145][879]LogModuleManager: Shutting down and abandoning module IntroTutorials (198)
[2016.12.01-10.13.25:181][879]LogModuleManager: Shutting down and abandoning module EditorLiveStreaming (197)
[2016.12.01-10.13.25:181][879]LogModuleManager: Shutting down and abandoning module IOSPlatformEditor (196)
[2016.12.01-10.13.25:233][879]LogModuleManager: Shutting down and abandoning module HTML5PlatformEditor (195)
[2016.12.01-10.13.25:233][879]LogModuleManager: Shutting down and abandoning module AndroidDeviceDetection (194)
[2016.12.01-10.13.25:321][879]LogModuleManager: Shutting down and abandoning module AndroidPlatformEditor (193)
[2016.12.01-10.13.25:391][879]LogModuleManager: Shutting down and abandoning module IOSRuntimeSettings (192)
[2016.12.01-10.13.25:391][879]LogModuleManager: Shutting down and abandoning module AndroidRuntimeSettings (191)
[2016.12.01-10.13.25:391][879]LogModuleManager: Shutting down and abandoning module NiagaraEditor (190)
[2016.12.01-10.13.25:574][879]LogModuleManager: Shutting down and abandoning module MergeActors (189)
[2016.12.01-10.13.25:687][879]LogModuleManager: Shutting down and abandoning module SizeMap (188)
[2016.12.01-10.13.25:726][879]LogModuleManager: Shutting down and abandoning module TreeMap (187)
[2016.12.01-10.13.25:836][879]LogModuleManager: Shutting down and abandoning module ReferenceViewer (186)
[2016.12.01-10.13.25:836][879]LogModuleManager: Shutting down and abandoning module LocalizationService (185)
[2016.12.01-10.13.25:876][879]LogModuleManager: Shutting down and abandoning module LocalizationDashboard (184)
[2016.12.01-10.13.25:944][879]LogModuleManager: Shutting down and abandoning module HardwareTargeting (183)
[2016.12.01-10.13.25:967][879]LogModuleManager: Shutting down and abandoning module DeviceProfileEditor (182)
[2016.12.01-10.13.26:036][879]LogModuleManager: Shutting down and abandoning module UndoHistory (181)
[2016.12.01-10.13.26:089][879]LogModuleManager: Shutting down and abandoning module UserFeedback (180)
[2016.12.01-10.13.26:089][879]LogModuleManager: Shutting down and abandoning module XmlParser (179)
[2016.12.01-10.13.26:111][879]LogModuleManager: Shutting down and abandoning module Blutility (178)
[2016.12.01-10.13.26:130][879]LogModuleManager: Shutting down and abandoning module ProjectTargetPlatformEditor (177)
[2016.12.01-10.13.26:131][879]LogModuleManager: Shutting down and abandoning module ProjectSettingsViewer (176)
[2016.12.01-10.13.26:131][879]LogModuleManager: Shutting down and abandoning module InputBindingEditor (175)
[2016.12.01-10.13.26:195][879]LogModuleManager: Shutting down and abandoning module EditorSettingsViewer (174)
[2016.12.01-10.13.26:195][879]LogModuleManager: Shutting down and abandoning module SettingsEditor (173)
[2016.12.01-10.13.26:242][879]LogModuleManager: Shutting down and abandoning module ProjectLauncher (172)
[2016.12.01-10.13.26:319][879]LogModuleManager: Shutting down and abandoning module SessionFrontend (171)
[2016.12.01-10.13.26:367][879]LogModuleManager: Shutting down and abandoning module ProfilerClient (170)
[2016.12.01-10.13.26:466][879]LogModuleManager: Shutting down and abandoning module TargetDeviceServices (169)
[2016.12.01-10.13.26:492][879]LogModuleManager: Shutting down and abandoning module DeviceManager (168)
[2016.12.01-10.13.26:581][879]LogModuleManager: Shutting down and abandoning module AutomationController (167)
[2016.12.01-10.13.26:626][879]LogModuleManager: Shutting down and abandoning module AutomationWindow (166)
[2016.12.01-10.13.26:723][879]LogModuleManager: Shutting down and abandoning module Layers (165)
[2016.12.01-10.13.26:888][879]LogModuleManager: Shutting down and abandoning module ComponentVisualizers (164)
[2016.12.01-10.13.26:888][879]LogModuleManager: Shutting down and abandoning module DetailCustomizations (163)
[2016.12.01-10.13.26:911][879]LogModuleManager: Shutting down and abandoning module PackagesDialog (162)
[2016.12.01-10.13.26:911][879]LogModuleManager: Shutting down and abandoning module AnimGraph (161)
[2016.12.01-10.13.26:911][879]LogModuleManager: Shutting down and abandoning module Persona (160)
[2016.12.01-10.13.27:024][879]LogModuleManager: Shutting down and abandoning module Kismet (159)
[2016.12.01-10.13.27:045][879]LogModuleManager: Shutting down and abandoning module GraphEditor (158)
[2016.12.01-10.13.27:245][879]LogModuleManager: Shutting down and abandoning module ClassViewer (157)
[2016.12.01-10.13.27:441][879]LogModuleManager: Shutting down and abandoning module Toolbox (156)
[2016.12.01-10.13.27:509][879]LogModuleManager: Shutting down and abandoning module ModuleUI (155)
[2016.12.01-10.13.27:694][879]LogModuleManager: Shutting down and abandoning module MovieSceneTools (154)
[2016.12.01-10.13.27:876][879]LogModuleManager: Shutting down and abandoning module OutputLog (153)
[2016.12.01-10.13.27:970][879]LogModuleManager: Shutting down and abandoning module GammaUI (152)
[2016.12.01-10.13.28:101][879]LogModuleManager: Shutting down and abandoning module Documentation (151)
[2016.12.01-10.13.28:101][879]LogModuleManager: Shutting down and abandoning module Niagara (150)
[2016.12.01-10.13.28:170][879]LogModuleManager: Shutting down and abandoning module StreamingPauseRendering (149)
[2016.12.01-10.13.28:170][879]LogModuleManager: Shutting down and abandoning module AnalyticsET (148)
[2016.12.01-10.13.28:170][879]LogModuleManager: Shutting down and abandoning module PortalServices (147)
[2016.12.01-10.13.28:170][879]LogModuleManager: Shutting down and abandoning module PortalRpc (146)
[2016.12.01-10.13.28:170][879]LogModuleManager: Shutting down and abandoning module MessagingRpc (145)
[2016.12.01-10.13.28:170][879]LogModuleManager: Shutting down and abandoning module GameplayDebugger (144)
[2016.12.01-10.13.28:302][879]LogModuleManager: Shutting down and abandoning module AITestSuite (143)
[2016.12.01-10.13.28:323][879]LogModuleManager: Shutting down and abandoning module AIModule (142)
[2016.12.01-10.13.28:323][879]LogModuleManager: Shutting down and abandoning module ProfilerService (141)
[2016.12.01-10.13.28:438][879]LogModuleManager: Shutting down and abandoning module TaskGraph (140)
[2016.12.01-10.13.28:581][879]LogModuleManager: Shutting down and abandoning module SubstanceEditor (139)
[2016.12.01-10.13.28:777][879]LogModuleManager: Shutting down and abandoning module SlateRemote (138)
[2016.12.01-10.13.28:777][879]LogModuleManager: Shutting down and abandoning module SteamVRController (137)
[2016.12.01-10.13.28:777][879]LogModuleManager: Shutting down and abandoning module SteamVR (136)
[2016.12.01-10.13.28:777][879]LogModuleManager: Shutting down and abandoning module ProceduralMeshComponentEditor (135)
[2016.12.01-10.13.28:834][879]LogModuleManager: Shutting down and abandoning module ProceduralMeshComponent (134)
[2016.12.01-10.13.28:834][879]LogModuleManager: Shutting down and abandoning module OculusLibrary (133)
[2016.12.01-10.13.28:834][879]LogModuleManager: Shutting down and abandoning module OculusInput (132)
[2016.12.01-10.13.28:834][879]LogModuleManager: Shutting down and abandoning module CustomMeshComponent (131)
[2016.12.01-10.13.28:834][879]LogModuleManager: Shutting down and abandoning module CableComponent (130)
[2016.12.01-10.13.28:834][879]LogModuleManager: Shutting down and abandoning module ArchVisCharacter (129)
[2016.12.01-10.13.28:834][879]LogModuleManager: Shutting down and abandoning module MediaPlayerEditor (127)
[2016.12.01-10.13.29:431][879]LogModuleManager: Shutting down and abandoning module HTML5Networking (126)
[2016.12.01-10.13.29:431][879]LogModuleManager: Shutting down and abandoning module GeometryCacheEd (125)
[2016.12.01-10.13.29:431][879]LogModuleManager: Shutting down and abandoning module GeometryCache (124)
[2016.12.01-10.13.29:431][879]LogModuleManager: Shutting down and abandoning module AlembicLibrary (123)
[2016.12.01-10.13.29:431][879]LogModuleManager: Shutting down and abandoning module AlembicImporter (122)
[2016.12.01-10.13.29:489][879]LogModuleManager: Shutting down and abandoning module SuperSearch (121)
[2016.12.01-10.13.29:489][879]LogModuleManager: Shutting down and abandoning module SuperSearchEditor (120)
[2016.12.01-10.13.29:489][879]LogModuleManager: Shutting down and abandoning module SpeedTreeImporter (119)
[2016.12.01-10.13.29:489][879]LogModuleManager: Shutting down and abandoning module PluginBrowser (118)
[2016.12.01-10.13.29:727][879]LogModuleManager: Shutting down and abandoning module MobileLauncherProfileWizard (117)
[2016.12.01-10.13.29:945][879]LogModuleManager: Shutting down and abandoning module EpicSurvey (116)
[2016.12.01-10.13.30:165][879]LogModuleManager: Shutting down and abandoning module DesktopPlatform (115)
[2016.12.01-10.13.30:192][879]LogModuleManager: Shutting down and abandoning module VisualStudioSourceCodeAccess (114)
[2016.12.01-10.13.30:212][879]LogModuleManager: Shutting down and abandoning module UObjectPlugin (113)
[2016.12.01-10.13.30:212][879]LogModuleManager: Shutting down and abandoning module SubversionSourceControl (112)
[2016.12.01-10.13.30:341][879]LogModuleManager: Shutting down and abandoning module PerforceSourceControl (111)
[2016.12.01-10.13.30:638][879]LogModuleManager: Shutting down and abandoning module SourceControl (110)
[2016.12.01-10.13.30:667][879]LogModuleManager: Shutting down and abandoning module GitSourceControl (109)
[2016.12.01-10.13.30:703][879]LogModuleManager: Shutting down and abandoning module LightPropagationVolumeEditor (108)
[2016.12.01-10.13.30:704][879]LogModuleManager: Shutting down and abandoning module PaperTiledImporter (107)
[2016.12.01-10.13.30:733][879]LogModuleManager: Shutting down and abandoning module PaperSpriteSheetImporter (106)
[2016.12.01-10.13.30:733][879]LogModuleManager: Shutting down and abandoning module MeshPaint (105)
[2016.12.01-10.13.30:733][879]LogModuleManager: Shutting down and abandoning module FbxAutomationBuilderModule (104)
[2016.12.01-10.13.30:764][879]LogModuleManager: Shutting down and abandoning module PixelInspectorModule (103)
[2016.12.01-10.13.30:864][879]LogModuleManager: Shutting down and abandoning module HotReload (102)
[2016.12.01-10.13.30:949][879]LogModuleManager: Shutting down and abandoning module MainFrame (101)
[2016.12.01-10.13.30:950][879]LogModuleManager: Shutting down and abandoning module LevelEditor (100)
[2016.12.01-10.13.30:952][879]LogModuleManager: Shutting down and abandoning module ContentBrowser (99)
[2016.12.01-10.13.30:955][879]LogModuleManager: Shutting down and abandoning module Paper2DEditor (98)
[2016.12.01-10.13.31:135][879]LogModuleManager: Shutting down and abandoning module UdpMessaging (97)
[2016.12.01-10.13.31:235][879]LogModuleManager: Shutting down and abandoning module TcpMessaging (96)
[2016.12.01-10.13.31:487][879]LogModuleManager: Shutting down and abandoning module SubstanceCore (95)
[2016.12.01-10.13.31:573][879]LogModuleManager: Shutting down and abandoning module LightPropagationVolumeRuntime (94)
[2016.12.01-10.13.31:573][879]LogModuleManager: Shutting down and abandoning module Paper2D (93)
[2016.12.01-10.13.31:605][879]LogModuleManager: Shutting down and abandoning module WindowsMoviePlayer (92)
[2016.12.01-10.13.31:703][879]LogModuleManager: Shutting down and abandoning module WmfMedia (91)
[2016.12.01-10.13.31:879][879]LogModuleManager: Shutting down and abandoning module MediaAssets (90)
[2016.12.01-10.13.31:879][879]LogModuleManager: Shutting down and abandoning module GameLiveStreaming (89)
[2016.12.01-10.13.31:902][879]LogModuleManager: Shutting down and abandoning module GameplayTagsEditor (88)
[2016.12.01-10.13.31:918][879]LogModuleManager: Shutting down and abandoning module VREditor (87)
[2016.12.01-10.13.31:918][879]LogModuleManager: Shutting down and abandoning module GameplayTasksEditor (86)
[2016.12.01-10.13.31:918][879]LogModuleManager: Shutting down and abandoning module PropertyEditor (85)
[2016.12.01-10.13.31:918][879]LogModuleManager: Shutting down and abandoning module BehaviorTreeEditor (84)
[2016.12.01-10.13.32:026][879]LogModuleManager: Shutting down and abandoning module FunctionalTesting (83)
[2016.12.01-10.13.32:026][879]LogModuleManager: Shutting down and abandoning module CollisionAnalyzer (82)
[2016.12.01-10.13.32:117][879]LogModuleManager: Shutting down and abandoning module Sequencer (81)
[2016.12.01-10.13.32:302][879]LogModuleManager: Shutting down and abandoning module WorkspaceMenuStructure (80)
[2016.12.01-10.13.32:302][879]LogModuleManager: Shutting down and abandoning module MessageLog (79)
[2016.12.01-10.13.32:302][879]LogModuleManager: Shutting down and abandoning module AssetTools (78)
[2016.12.01-10.13.32:509][879]LogModuleManager: Shutting down and abandoning module UMGEditor (77)
[2016.12.01-10.13.32:601][879]LogModuleManager: Shutting down and abandoning module UMG (76)
[2016.12.01-10.13.32:647][879]LogModuleManager: Shutting down and abandoning module SlateReflector (75)
[2016.12.01-10.13.32:905][879]LogModuleManager: Shutting down and abandoning module Slate (74)
[2016.12.01-10.13.32:905][879]LogModuleManager: Shutting down and abandoning module EditorStyle (73)
[2016.12.01-10.13.32:915][879]LogModuleManager: Shutting down and abandoning module SourceCodeAccess (72)
[2016.12.01-10.13.32:915][879]LogModuleManager: Shutting down and abandoning module HeadMountedDisplay (71)
[2016.12.01-10.13.32:915][879]LogModuleManager: Shutting down and abandoning module XAudio2 (70)
[2016.12.01-10.13.32:915][879]LogModuleManager: Shutting down and abandoning module Networking (68)
[2016.12.01-10.13.32:915][879]LogModuleManager: Shutting down and abandoning module Core (67)
[2016.12.01-10.13.32:916][879]LogModuleManager: Shutting down and abandoning module DirectoryWatcher (66)
[2016.12.01-10.13.32:916][879]LogDirectoryWatcher: A directory notification for '../../../Engine/Content/' was aborted.
[2016.12.01-10.13.32:916][879]LogDirectoryWatcher: A directory notification for '../../../../../../Giochi/Repositories/Eclypse/ProjectEclypse/Content/' was aborted.
[2016.12.01-10.13.32:916][879]LogDirectoryWatcher: A directory notification for '../../../Engine/Plugins/2D/Paper2D/Content/' was aborted.
[2016.12.01-10.13.32:918][879]LogModuleManager: Shutting down and abandoning module AssetRegistry (65)
[2016.12.01-10.13.33:261][879]LogModuleManager: Shutting down and abandoning module KismetCompiler (64)
[2016.12.01-10.13.33:261][879]LogModuleManager: Shutting down and abandoning module PhysXFormats (63)
[2016.12.01-10.13.33:261][879]LogModuleManager: Shutting down and abandoning module MeshUtilities (62)
[2016.12.01-10.13.33:298][879]LogModuleManager: Shutting down and abandoning module DerivedDataCache (61)
[2016.12.01-10.13.33:392][879]LogDerivedDataCache: Shutdown
[2016.12.01-10.13.33:392][879]LogModuleManager: Shutting down and abandoning module VulkanShaderFormat (60)
[2016.12.01-10.13.33:410][879]LogModuleManager: Shutting down and abandoning module ShaderFormatOpenGL (59)
[2016.12.01-10.13.33:468][879]LogModuleManager: Shutting down and abandoning module ShaderFormatD3D (58)
[2016.12.01-10.13.33:516][879]LogModuleManager: Shutting down and abandoning module MetalShaderFormat (57)
[2016.12.01-10.13.33:569][879]LogModuleManager: Shutting down and abandoning module TextureFormatUncompressed (56)
[2016.12.01-10.13.33:569][879]LogModuleManager: Shutting down and abandoning module TextureFormatPVR (55)
[2016.12.01-10.13.33:626][879]LogModuleManager: Shutting down and abandoning module TextureFormatDXT (54)
[2016.12.01-10.13.33:626][879]LogModuleManager: Shutting down and abandoning module TextureFormatIntelISPCTexComp (53)
[2016.12.01-10.13.33:735][879]LogModuleManager: Shutting down and abandoning module ImageWrapper (52)
[2016.12.01-10.13.33:735][879]LogModuleManager: Shutting down and abandoning module TextureFormatASTC (51)
[2016.12.01-10.13.33:735][879]LogModuleManager: Shutting down and abandoning module TextureFormatAndroid (50)
[2016.12.01-10.13.33:735][879]LogModuleManager: Shutting down and abandoning module AudioFormatOpus (49)
[2016.12.01-10.13.33:762][879]LogModuleManager: Shutting down and abandoning module AudioFormatOgg (48)
[2016.12.01-10.13.33:774][879]LogModuleManager: Shutting down and abandoning module AudioFormatADPCM (47)
[2016.12.01-10.13.33:787][879]LogModuleManager: Shutting down and abandoning module LinuxTargetPlatform (46)
[2016.12.01-10.13.33:787][879]LogModuleManager: Shutting down and abandoning module LinuxServerTargetPlatform (45)
[2016.12.01-10.13.33:796][879]LogModuleManager: Shutting down and abandoning module LinuxNoEditorTargetPlatform (44)
[2016.12.01-10.13.33:812][879]LogModuleManager: Shutting down and abandoning module LinuxClientTargetPlatform (43)
[2016.12.01-10.13.33:825][879]LogModuleManager: Shutting down and abandoning module TVOSTargetPlatform (42)
[2016.12.01-10.13.33:825][879]LogModuleManager: Shutting down and abandoning module Messaging (41)
[2016.12.01-10.13.33:825][879]LogModuleManager: Shutting down and abandoning module IOSTargetPlatform (40)
[2016.12.01-10.13.33:825][879]LogModuleManager: Shutting down and abandoning module HTML5TargetPlatform (39)
[2016.12.01-10.13.33:826][879]LogModuleManager: Shutting down and abandoning module Android_PVRTCTargetPlatform (38)
[2016.12.01-10.13.33:826][879]LogModuleManager: Shutting down and abandoning module Android_MultiTargetPlatform (37)
[2016.12.01-10.13.33:826][879]LogModuleManager: Shutting down and abandoning module Android_ETC2TargetPlatform (36)
[2016.12.01-10.13.33:826][879]LogModuleManager: Shutting down and abandoning module Android_ETC1TargetPlatform (35)
[2016.12.01-10.13.33:826][879]LogModuleManager: Shutting down and abandoning module Android_DXTTargetPlatform (34)
[2016.12.01-10.13.33:826][879]LogModuleManager: Shutting down and abandoning module Android_ATCTargetPlatform (33)
[2016.12.01-10.13.33:826][879]LogModuleManager: Shutting down and abandoning module Android_ASTCTargetPlatform (32)
[2016.12.01-10.13.33:826][879]LogModuleManager: Shutting down and abandoning module AndroidTargetPlatform (31)
[2016.12.01-10.13.33:826][879]LogModuleManager: Shutting down and abandoning module WindowsTargetPlatform (30)
[2016.12.01-10.13.33:826][879]LogModuleManager: Shutting down and abandoning module WindowsServerTargetPlatform (29)
[2016.12.01-10.13.33:843][879]LogModuleManager: Shutting down and abandoning module WindowsNoEditorTargetPlatform (28)
[2016.12.01-10.13.33:880][879]LogModuleManager: Shutting down and abandoning module WindowsClientTargetPlatform (27)
[2016.12.01-10.13.33:943][879]LogModuleManager: Shutting down and abandoning module AllDesktopTargetPlatform (26)
[2016.12.01-10.13.33:943][879]LogModuleManager: Shutting down and abandoning module TargetPlatform (25)
[2016.12.01-10.13.33:943][879]LogModuleManager: Shutting down and abandoning module InputCore (24)
[2016.12.01-10.13.33:943][879]LogModuleManager: Shutting down and abandoning module Settings (23)
[2016.12.01-10.13.33:943][879]LogModuleManager: Shutting down and abandoning module OculusRift (22)
[2016.12.01-10.13.33:993][879]LogModuleManager: Shutting down and abandoning module GearVR (21)
[2016.12.01-10.13.33:993][879]LogModuleManager: Shutting down and abandoning module ExampleDeviceProfileSelector (20)
[2016.12.01-10.13.33:993][879]LogModuleManager: Shutting down and abandoning module OnlineBlueprintSupport (19)
[2016.12.01-10.13.33:993][879]LogModuleManager: Shutting down and abandoning module OnlineSubsystem (17)
[2016.12.01-10.13.34:026][879]LogOnline:Display: Unloading online subsystem: NULL
[2016.12.01-10.13.34:140][879]LogModuleManager: Shutting down and abandoning module HTTP (16)
[2016.12.01-10.13.34:140][879]LogHttp:Display: Http module shutting down, but needs to wait on 1 outstanding Http requests:
[2016.12.01-10.13.34:140][879]LogHttp:Display: 	verb=[POST] url=[https://datarouter.ol.epicgames.com/datarouter/api/v1/public/data?SessionID=%7BBF4CD734-4FDE-0ECE-A2FD-0A954AA43919%7D&AppID=UEEditor.Rocket.Release&AppVersion=4.13.2-3172292%2B%2B%2BUE4%2BRelease-4.13&UserID=f97a4994451a120689b2fc8760f7b76c%7C7028a5de5aeb4c8084afb986d3d38518%7Cf8d7b99e-f4bf-44e1-abd4-5ee2252f54b2&AppEnvironment=datacollector-binary&UploadType=eteventstream] status=Processing
[2016.12.01-10.13.34:174][879]LogModuleManager: Shutting down and abandoning module XMPP (15)
[2016.12.01-10.13.34:253][879]LogModuleManager: Shutting down and abandoning module TextureCompressor (14)
[2016.12.01-10.13.34:253][879]LogModuleManager: Shutting down and abandoning module ShaderCore (13)
[2016.12.01-10.13.34:253][879]LogModuleManager: Shutting down and abandoning module Landscape (12)
[2016.12.01-10.13.34:253][879]LogModuleManager: Shutting down and abandoning module SlateRHIRenderer (11)
[2016.12.01-10.13.34:311][879]LogModuleManager: Shutting down and abandoning module OpenGLDrv (10)
[2016.12.01-10.13.34:370][879]LogModuleManager: Shutting down and abandoning module D3D11RHI (9)
[2016.12.01-10.13.34:370][879]LogModuleManager: Shutting down and abandoning module AnimGraphRuntime (8)
[2016.12.01-10.13.34:397][879]LogModuleManager: Shutting down and abandoning module Renderer (7)
[2016.12.01-10.13.34:397][879]LogModuleManager: Shutting down and abandoning module Engine (6)
[2016.12.01-10.13.34:397][879]LogModuleManager: Shutting down and abandoning module CoreUObject (5)
[2016.12.01-10.13.34:397][879]LogModuleManager: Shutting down and abandoning module NetworkFile (4)
[2016.12.01-10.13.34:448][879]LogModuleManager: Shutting down and abandoning module StreamingFile (3)
[2016.12.01-10.13.34:486][879]LogModuleManager: Shutting down and abandoning module SandboxFile (2)
[2016.12.01-10.13.34:519][879]LogModuleManager: Shutting down and abandoning module PakFile (1)
[2016.12.01-10.13.34:550][879]LogExit: Exiting.
[2016.12.01-10.13.34:627][879]Log file closed, 12/01/16 21:13:34
