Log file open, 12/20/16 13:11:48
LogInit:Display: Running engine for game: ProjectEclypse
LogPlatformFile: Not using cached read wrapper
LogInit:Display: RandInit(-1293321428) SRandInit(-1293321428).
LogTaskGraph: Started task graph with 5 named threads and 8 total threads with 1 sets of task threads.
LogStats: Stats thread started at 0.062150
LogPluginManager: Loaded Plugin Paper2D, From D:/Program Files (x86)/Epic Games/4.13/Engine/Plugins/2D/Paper2D/Paper2D.uplugin
LogPluginManager: Loaded Plugin LightPropagationVolume, From D:/Program Files (x86)/Epic Games/4.13/Engine/Plugins/Blendables/LightPropagationVolume/LightPropagationVolume.uplugin
LogPluginManager: Loaded Plugin BlankPlugin, From D:/Program Files (x86)/Epic Games/4.13/Engine/Plugins/Developer/BlankPlugin/BlankPlugin.uplugin
LogPluginManager: Loaded Plugin CodeLiteSourceCodeAccess, From D:/Program Files (x86)/Epic Games/4.13/Engine/Plugins/Developer/CodeLiteSourceCodeAccess/CodeLiteSourceCodeAccess.uplugin
LogPluginManager: Loaded Plugin GitSourceControl, From D:/Program Files (x86)/Epic Games/4.13/Engine/Plugins/Developer/GitSourceControl/GitSourceControl.uplugin
LogPluginManager: Loaded Plugin KDevelopSourceCodeAccess, From D:/Program Files (x86)/Epic Games/4.13/Engine/Plugins/Developer/KDevelopSourceCodeAccess/KDevelopSourceCodeAccess.uplugin
LogPluginManager: Loaded Plugin NullSourceCodeAccess, From D:/Program Files (x86)/Epic Games/4.13/Engine/Plugins/Developer/NullSourceCodeAccess/NullSourceCodeAccess.uplugin
LogPluginManager: Loaded Plugin OneSkyLocalizationService, From D:/Program Files (x86)/Epic Games/4.13/Engine/Plugins/Developer/OneSkyLocalizationService/OneSkyLocalizationService.uplugin
LogPluginManager: Loaded Plugin PerforceSourceControl, From D:/Program Files (x86)/Epic Games/4.13/Engine/Plugins/Developer/PerforceSourceControl/PerforceSourceControl.uplugin
LogPluginManager: Loaded Plugin SubversionSourceControl, From D:/Program Files (x86)/Epic Games/4.13/Engine/Plugins/Developer/SubversionSourceControl/SubversionSourceControl.uplugin
LogPluginManager: Loaded Plugin UObjectPlugin, From D:/Program Files (x86)/Epic Games/4.13/Engine/Plugins/Developer/UObjectPlugin/UObjectPlugin.uplugin
LogPluginManager: Loaded Plugin VisualStudioSourceCodeAccess, From D:/Program Files (x86)/Epic Games/4.13/Engine/Plugins/Developer/VisualStudioSourceCodeAccess/VisualStudioSourceCodeAccess.uplugin
LogPluginManager: Loaded Plugin XCodeSourceCodeAccess, From D:/Program Files (x86)/Epic Games/4.13/Engine/Plugins/Developer/XCodeSourceCodeAccess/XCodeSourceCodeAccess.uplugin
LogPluginManager: Loaded Plugin EpicSurvey, From D:/Program Files (x86)/Epic Games/4.13/Engine/Plugins/Editor/EpicSurvey/EpicSurvey.uplugin
LogPluginManager: Loaded Plugin MacGraphicsSwitching, From D:/Program Files (x86)/Epic Games/4.13/Engine/Plugins/Editor/MacGraphicsSwitching/MacGraphicsSwitching.uplugin
LogPluginManager: Loaded Plugin MobileLauncherProfileWizard, From D:/Program Files (x86)/Epic Games/4.13/Engine/Plugins/Editor/MobileLauncherProfileWizard/MobileLauncherProfileWizard.uplugin
LogPluginManager: Loaded Plugin PluginBrowser, From D:/Program Files (x86)/Epic Games/4.13/Engine/Plugins/Editor/PluginBrowser/PluginBrowser.uplugin
LogPluginManager: Loaded Plugin SpeedTreeImporter, From D:/Program Files (x86)/Epic Games/4.13/Engine/Plugins/Editor/SpeedTreeImporter/SpeedTreeImporter.uplugin
LogPluginManager: Loaded Plugin SuperSearchEditor, From D:/Program Files (x86)/Epic Games/4.13/Engine/Plugins/Editor/SuperSearchEditor/SuperSearchEditor.uplugin
LogPluginManager: Loaded Plugin AlembicImporter, From D:/Program Files (x86)/Epic Games/4.13/Engine/Plugins/Experimental/AlembicImporter/AlembicImporter.uplugin
LogPluginManager: Loaded Plugin BlueprintStats, From D:/Program Files (x86)/Epic Games/4.13/Engine/Plugins/Experimental/BlueprintStats/BlueprintStats.uplugin
LogPluginManager: Loaded Plugin CharacterAI, From D:/Program Files (x86)/Epic Games/4.13/Engine/Plugins/Experimental/CharacterAI/CharacterAI.uplugin
LogPluginManager: Loaded Plugin CodeEditor, From D:/Program Files (x86)/Epic Games/4.13/Engine/Plugins/Experimental/CodeEditor/CodeEditor.uplugin
LogPluginManager: Loaded Plugin CodeView, From D:/Program Files (x86)/Epic Games/4.13/Engine/Plugins/Experimental/CodeView/CodeView.uplugin
LogPluginManager: Loaded Plugin HTML5Networking, From D:/Program Files (x86)/Epic Games/4.13/Engine/Plugins/Experimental/HTML5Networking/HTML5Networking.uplugin
LogPluginManager: Loaded Plugin LiveEditor, From D:/Program Files (x86)/Epic Games/4.13/Engine/Plugins/Experimental/LiveEditor/LiveEditor.uplugin
LogPluginManager: Loaded Plugin OSVR, From D:/Program Files (x86)/Epic Games/4.13/Engine/Plugins/Experimental/OSVR/OSVR.uplugin
LogPluginManager: Loaded Plugin Phya, From D:/Program Files (x86)/Epic Games/4.13/Engine/Plugins/Experimental/Phya/Phya.uplugin
LogPluginManager: Loaded Plugin SignificanceManager, From D:/Program Files (x86)/Epic Games/4.13/Engine/Plugins/Experimental/SignificanceManager/SignificanceManager.uplugin
LogPluginManager: Loaded Plugin SimpleHMD, From D:/Program Files (x86)/Epic Games/4.13/Engine/Plugins/Experimental/SimpleHMD/SimpleHMD.uplugin
LogPluginManager: Loaded Plugin StereoPanorama, From D:/Program Files (x86)/Epic Games/4.13/Engine/Plugins/Experimental/StereoPanorama/StereoPanorama.uplugin
LogPluginManager: Loaded Plugin StructBox, From D:/Program Files (x86)/Epic Games/4.13/Engine/Plugins/Experimental/StructBox/StructBox.uplugin
LogPluginManager: Loaded Plugin Substance, From D:/Program Files (x86)/Epic Games/4.13/Engine/Plugins/Marketplace/Substance/Substance.uplugin
LogPluginManager: Loaded Plugin AndroidMedia, From D:/Program Files (x86)/Epic Games/4.13/Engine/Plugins/Media/AndroidMedia/AndroidMedia.uplugin
LogPluginManager: Loaded Plugin AvfMedia, From D:/Program Files (x86)/Epic Games/4.13/Engine/Plugins/Media/AvfMedia/AvfMedia.uplugin
LogPluginManager: Loaded Plugin MediaPlayerEditor, From D:/Program Files (x86)/Epic Games/4.13/Engine/Plugins/Media/MediaPlayerEditor/MediaPlayerEditor.uplugin
LogPluginManager: Loaded Plugin WmfMedia, From D:/Program Files (x86)/Epic Games/4.13/Engine/Plugins/Media/WmfMedia/WmfMedia.uplugin
LogPluginManager: Loaded Plugin MessagingDebugger, From D:/Program Files (x86)/Epic Games/4.13/Engine/Plugins/Messaging/MessagingDebugger/MessagingDebugger.uplugin
LogPluginManager: Loaded Plugin TcpMessaging, From D:/Program Files (x86)/Epic Games/4.13/Engine/Plugins/Messaging/TcpMessaging/TcpMessaging.uplugin
LogPluginManager: Loaded Plugin UdpMessaging, From D:/Program Files (x86)/Epic Games/4.13/Engine/Plugins/Messaging/UdpMessaging/UdpMessaging.uplugin
LogPluginManager: Loaded Plugin LevelSequenceEditor, From D:/Program Files (x86)/Epic Games/4.13/Engine/Plugins/MovieScene/LevelSequenceEditor/LevelSequenceEditor.uplugin
LogPluginManager: Loaded Plugin MatineeToLevelSequence, From D:/Program Files (x86)/Epic Games/4.13/Engine/Plugins/MovieScene/MatineeToLevelSequence/MatineeToLevelSequence.uplugin
LogPluginManager: Loaded Plugin NetcodeUnitTest, From D:/Program Files (x86)/Epic Games/4.13/Engine/Plugins/NetcodeUnitTest/NetcodeUnitTest/NetcodeUnitTest.uplugin
LogPluginManager: Loaded Plugin NUTUnrealEngine4, From D:/Program Files (x86)/Epic Games/4.13/Engine/Plugins/NetcodeUnitTest/NUTUnrealEngine4/NUTUnrealEngine4.uplugin
LogPluginManager: Loaded Plugin OnlineSubsystemGooglePlay, From D:/Program Files (x86)/Epic Games/4.13/Engine/Plugins/Online/Android/OnlineSubsystemGooglePlay/OnlineSubsystemGooglePlay.uplugin
LogPluginManager: Loaded Plugin OnlineSubsystemIOS, From D:/Program Files (x86)/Epic Games/4.13/Engine/Plugins/Online/IOS/OnlineSubsystemIOS/OnlineSubsystemIOS.uplugin
LogPluginManager: Loaded Plugin OnlineFramework, From D:/Program Files (x86)/Epic Games/4.13/Engine/Plugins/Online/OnlineFramework/OnlineFramework.uplugin
LogPluginManager: Loaded Plugin OnlineSubsystem, From D:/Program Files (x86)/Epic Games/4.13/Engine/Plugins/Online/OnlineSubsystem/OnlineSubsystem.uplugin
LogPluginManager: Loaded Plugin OnlineSubsystemAmazon, From D:/Program Files (x86)/Epic Games/4.13/Engine/Plugins/Online/OnlineSubsystemAmazon/OnlineSubsystemAmazon.uplugin
LogPluginManager: Loaded Plugin OnlineSubsystemFacebook, From D:/Program Files (x86)/Epic Games/4.13/Engine/Plugins/Online/OnlineSubsystemFacebook/OnlineSubsystemFacebook.uplugin
LogPluginManager: Loaded Plugin OnlineSubsystemNull, From D:/Program Files (x86)/Epic Games/4.13/Engine/Plugins/Online/OnlineSubsystemNull/OnlineSubsystemNull.uplugin
LogPluginManager: Loaded Plugin OnlineSubsystemOculus, From D:/Program Files (x86)/Epic Games/4.13/Engine/Plugins/Online/OnlineSubsystemOculus/OnlineSubsystemOculus.uplugin
LogPluginManager: Loaded Plugin OnlineSubsystemSteam, From D:/Program Files (x86)/Epic Games/4.13/Engine/Plugins/Online/OnlineSubsystemSteam/OnlineSubsystemSteam.uplugin
LogPluginManager: Loaded Plugin OnlineSubsystemUtils, From D:/Program Files (x86)/Epic Games/4.13/Engine/Plugins/Online/OnlineSubsystemUtils/OnlineSubsystemUtils.uplugin
LogPluginManager: Loaded Plugin IOSTapJoy, From D:/Program Files (x86)/Epic Games/4.13/Engine/Plugins/Runtime/Advertising/IOSTapJoy/IOSTapJoy.uplugin
LogPluginManager: Loaded Plugin AnalyticsBlueprintLibrary, From D:/Program Files (x86)/Epic Games/4.13/Engine/Plugins/Runtime/Analytics/AnalyticsBlueprintLibrary/AnalyticsBlueprintLibrary.uplugin
LogPluginManager: Loaded Plugin AnalyticsMulticast, From D:/Program Files (x86)/Epic Games/4.13/Engine/Plugins/Runtime/Analytics/AnalyticsMulticast/AnalyticsMulticast.uplugin
LogPluginManager: Loaded Plugin Apsalar, From D:/Program Files (x86)/Epic Games/4.13/Engine/Plugins/Runtime/Analytics/Apsalar/Apsalar.uplugin
LogPluginManager: Loaded Plugin FileLogging, From D:/Program Files (x86)/Epic Games/4.13/Engine/Plugins/Runtime/Analytics/FileLogging/FileLogging.uplugin
LogPluginManager: Loaded Plugin Flurry, From D:/Program Files (x86)/Epic Games/4.13/Engine/Plugins/Runtime/Analytics/Flurry/Flurry.uplugin
LogPluginManager: Loaded Plugin AndroidDeviceProfileSelector, From D:/Program Files (x86)/Epic Games/4.13/Engine/Plugins/Runtime/AndroidDeviceProfileSelector/AndroidDeviceProfileSelector.uplugin
LogPluginManager: Loaded Plugin AndroidMoviePlayer, From D:/Program Files (x86)/Epic Games/4.13/Engine/Plugins/Runtime/AndroidMoviePlayer/AndroidMoviePlayer.uplugin
LogPluginManager: Loaded Plugin AppleMoviePlayer, From D:/Program Files (x86)/Epic Games/4.13/Engine/Plugins/Runtime/AppleMoviePlayer/AppleMoviePlayer.uplugin
LogPluginManager: Loaded Plugin ArchVisCharacter, From D:/Program Files (x86)/Epic Games/4.13/Engine/Plugins/Runtime/ArchVisCharacter/ArchVisCharacter.uplugin
LogPluginManager: Loaded Plugin CableComponent, From D:/Program Files (x86)/Epic Games/4.13/Engine/Plugins/Runtime/CableComponent/CableComponent.uplugin
LogPluginManager: Loaded Plugin CustomMeshComponent, From D:/Program Files (x86)/Epic Games/4.13/Engine/Plugins/Runtime/CustomMeshComponent/CustomMeshComponent.uplugin
LogPluginManager: Loaded Plugin ExampleDeviceProfileSelector, From D:/Program Files (x86)/Epic Games/4.13/Engine/Plugins/Runtime/ExampleDeviceProfileSelector/ExampleDeviceProfileSelector.uplugin
LogPluginManager: Loaded Plugin GearVR, From D:/Program Files (x86)/Epic Games/4.13/Engine/Plugins/Runtime/GearVR/GearVR.uplugin
LogPluginManager: Loaded Plugin GoogleVRController, From D:/Program Files (x86)/Epic Games/4.13/Engine/Plugins/Runtime/GoogleVR/GoogleVRController/GoogleVRController.uplugin
LogPluginManager: Loaded Plugin GoogleVRHMD, From D:/Program Files (x86)/Epic Games/4.13/Engine/Plugins/Runtime/GoogleVR/GoogleVRHMD/GoogleVRHMD.uplugin
LogPluginManager: Loaded Plugin IOSDeviceProfileSelector, From D:/Program Files (x86)/Epic Games/4.13/Engine/Plugins/Runtime/IOSDeviceProfileSelector/IOSDeviceProfileSelector.uplugin
LogPluginManager: Loaded Plugin LeapMotion, From D:/Program Files (x86)/Epic Games/4.13/Engine/Plugins/Runtime/LeapMotion/LeapMotion.uplugin
LogPluginManager: Loaded Plugin LinuxDeviceProfileSelector, From D:/Program Files (x86)/Epic Games/4.13/Engine/Plugins/Runtime/LinuxDeviceProfileSelector/LinuxDeviceProfileSelector.uplugin
LogPluginManager: Loaded Plugin LiveEditorListenServer, From D:/Program Files (x86)/Epic Games/4.13/Engine/Plugins/Runtime/LiveEditorListenServer/LiveEditorListenServer.uplugin
LogPluginManager: Loaded Plugin OculusAudio, From D:/Program Files (x86)/Epic Games/4.13/Engine/Plugins/Runtime/OculusAudio/OculusAudio.uplugin
LogPluginManager: Loaded Plugin OculusInput, From D:/Program Files (x86)/Epic Games/4.13/Engine/Plugins/Runtime/OculusInput/OculusInput.uplugin
LogPluginManager: Loaded Plugin OculusLibrary, From D:/Program Files (x86)/Epic Games/4.13/Engine/Plugins/Runtime/OculusLibrary/OculusLibrary.uplugin
LogPluginManager: Loaded Plugin OculusRift, From D:/Program Files (x86)/Epic Games/4.13/Engine/Plugins/Runtime/OculusRift/OculusRift.uplugin
LogPluginManager: Loaded Plugin Oodle, From D:/Program Files (x86)/Epic Games/4.13/Engine/Plugins/Runtime/PacketHandlers/CompressionComponents/Oodle/Oodle.uplugin
LogPluginManager: Loaded Plugin ProceduralMeshComponent, From D:/Program Files (x86)/Epic Games/4.13/Engine/Plugins/Runtime/ProceduralMeshComponent/ProceduralMeshComponent.uplugin
LogPluginManager: Loaded Plugin SoundMod, From D:/Program Files (x86)/Epic Games/4.13/Engine/Plugins/Runtime/SoundMod/SoundMod.uplugin
LogPluginManager: Loaded Plugin SoundVisualizations, From D:/Program Files (x86)/Epic Games/4.13/Engine/Plugins/Runtime/SoundVisualizations/SoundVisualizations.uplugin
LogPluginManager: Loaded Plugin SteamController, From D:/Program Files (x86)/Epic Games/4.13/Engine/Plugins/Runtime/Steam/SteamController/SteamController.uplugin
LogPluginManager: Loaded Plugin SteamVR, From D:/Program Files (x86)/Epic Games/4.13/Engine/Plugins/Runtime/Steam/SteamVR/SteamVR.uplugin
LogPluginManager: Loaded Plugin WebBrowserWidget, From D:/Program Files (x86)/Epic Games/4.13/Engine/Plugins/Runtime/WebBrowserWidget/WebBrowserWidget.uplugin
LogPluginManager: Loaded Plugin WindowsDeviceProfileSelector, From D:/Program Files (x86)/Epic Games/4.13/Engine/Plugins/Runtime/WindowsDeviceProfileSelector/WindowsDeviceProfileSelector.uplugin
LogPluginManager: Loaded Plugin WindowsMoviePlayer, From D:/Program Files (x86)/Epic Games/4.13/Engine/Plugins/Runtime/WindowsMoviePlayer/WindowsMoviePlayer.uplugin
LogPluginManager: Loaded Plugin ScriptPlugin, From D:/Program Files (x86)/Epic Games/4.13/Engine/Plugins/ScriptPlugin/ScriptPlugin.uplugin
LogPluginManager: Loaded Plugin SlateRemote, From D:/Program Files (x86)/Epic Games/4.13/Engine/Plugins/Slate/SlateRemote/SlateRemote.uplugin
LogInit: Using libcurl 7.47.1
LogInit:  - built for x86_64-pc-win32
LogInit:  - supports SSL with WinSSL
LogInit:  - other features:
LogInit:      CURL_VERSION_SSL
LogInit:      CURL_VERSION_IPV6
LogInit:      CURL_VERSION_ASYNCHDNS
LogInit:      CURL_VERSION_LARGEFILE
LogInit:      CURL_VERSION_IDN
LogInit:  CurlRequestOptions (configurable via config and command line):
LogInit:  - bVerifyPeer = false  - Libcurl will NOT verify peer certificate
LogInit:  - bUseHttpProxy = false  - Libcurl will NOT use HTTP proxy
LogInit:  - bDontReuseConnections = false  - Libcurl will reuse connections
LogInit:  - CertBundlePath = nullptr  - Libcurl will use whatever was configured at build time.
OCULUS: Info: [CAPI] LibOVR module is located at C:\Program Files\Oculus\Support\oculus-runtime\LibOVRRT64_1.dll
OCULUS: Debug: Connected to the server running version (prod = 1).1.10.2(build = 321138) feature version = 0. Client runs version (prod = 1).1.10.2(build = 321138) feature version = 0
OCULUS: Debug: [HMDState] Using default profile default
OCULUS: Info: IAD changed to 65.3mm
OCULUS: Debug: [SharedMemory] Creating factory
LogInit: Build: ++UE4+Release-4.13-CL-3142249
LogInit: Engine Version: 4.13.1-3142249+++UE4+Release-4.13
LogInit: Compatible Engine Version: 4.13.0-3106830+++UE4+Release-4.13
LogInit: Net CL: 3142249
LogDevObjectVersion: Number of dev versions registered: 13
LogDevObjectVersion:   Dev-Blueprints (B0D832E4-1F89-4F0D-ACCF-7EB736FD4AA2): 5
LogDevObjectVersion:   Dev-Build (E1C64328-A22C-4D53-A36C-8E866417BD8C): 0
LogDevObjectVersion:   Dev-Core (375EC13C-06E4-48FB-B500-84F0262A717E): 1
LogDevObjectVersion:   Dev-Editor (E4B068ED-F494-42E9-A231-DA0B2E46BB41): 6
LogDevObjectVersion:   Dev-Framework (CFFC743F-43B0-4480-9391-14DF171D2073): 12
LogDevObjectVersion:   Dev-Mobile (B02B49B5-BB20-44E9-A304-32B752E40360): 0
LogDevObjectVersion:   Dev-Networking (A4E4105C-59A1-49B5-A7C5-40C4547EDFEE): 0
LogDevObjectVersion:   Dev-Online (39C831C9-5AE6-47DC-9A44-9C173E1C8E7C): 0
LogDevObjectVersion:   Dev-Physics (78F01B33-EBEA-4F98-B9B4-84EACCB95AA2): 0
LogDevObjectVersion:   Dev-Platform (6631380F-2D4D-43E0-8009-CF276956A95A): 0
LogDevObjectVersion:   Dev-Rendering (12F88B9F-8875-4AFC-A67C-D90C383ABD29): 4
LogDevObjectVersion:   Dev-Sequencer (7B5AE74C-D270-4C10-A958-57980B212A5A): 0
LogDevObjectVersion:   Dev-VR (D7296918-1DD6-4BDD-9DE2-64A83CC13884): 0
LogInit: Compiled (64-bit): Sep 28 2016 02:12:12
LogInit: Compiled with Visual C++: 19.00.23026.00
LogInit: Build Configuration: Development
LogInit: Branch Name: ++UE4+Release-4.13
LogInit: Command line: -EpicPortal 
LogInit: Base directory: D:/Program Files (x86)/Epic Games/4.13/Engine/Binaries/Win64/
LogInit: Installed Engine Build: 1
LogInit: Presizing for max 8388607 objects, including 0 objects not considered by GC, pre-allocating 0 bytes for permanent pool.
LogInit: Object subsystem initialized
[2016.12.20-02.11.49:149][  0]LogInit: Selected Device Profile: [Windows]
[2016.12.20-02.11.49:149][  0]LogInit: Applying CVar settings loaded from the selected device profile: [Windows]
[2016.12.20-02.11.49:157][  0]LogInit: Computer: DESKTOP-M92PTO3
[2016.12.20-02.11.49:157][  0]LogInit: User: StefanoAdmin
[2016.12.20-02.11.49:157][  0]LogInit: CPU Page size=65536, Cores=4
[2016.12.20-02.11.49:157][  0]LogInit: High frequency timer resolution =3.328120 MHz
[2016.12.20-02.11.49:158][  0]LogMemory: Memory total: Physical=15.9GB (16GB approx)
[2016.12.20-02.11.49:158][  0]LogMemory: Platform Memory Stats for Windows
[2016.12.20-02.11.49:158][  0]LogMemory: Process Physical Memory: 266.83 MB used, 266.83 MB peak
[2016.12.20-02.11.49:158][  0]LogMemory: Process Virtual Memory: 267.14 MB used, 267.14 MB peak
[2016.12.20-02.11.49:158][  0]LogMemory: Physical Memory: 7009.95 MB used, 16313.61 MB total
[2016.12.20-02.11.49:158][  0]LogMemory: Virtual Memory: 672.32 MB used, 134217728.00 MB total
[2016.12.20-02.11.49:390][  0]LogTextLocalizationManager: No specific translations for ('en-AU') exist, so ('en') translations will be used.
[2016.12.20-02.11.49:807][  0]LogD3D11RHI: D3D11 adapters:
[2016.12.20-02.11.50:247][  0]LogD3D11RHI:    0. 'NVIDIA GeForce GTX 980' (Feature Level 11_0)
[2016.12.20-02.11.50:247][  0]LogD3D11RHI:       4060/0/8156 MB DedicatedVideo/DedicatedSystem/SharedSystem, Outputs:1, VendorId:0x10de
[2016.12.20-02.11.50:249][  0]LogD3D11RHI:    1. 'Microsoft Basic Render Driver' (Feature Level 11_0)
[2016.12.20-02.11.50:249][  0]LogD3D11RHI:       0/0/8156 MB DedicatedVideo/DedicatedSystem/SharedSystem, Outputs:0, VendorId:0x1414
[2016.12.20-02.11.50:249][  0]LogD3D11RHI: Chosen D3D11 Adapter: 0
[2016.12.20-02.11.50:253][  0]LogD3D11RHI: Creating new Direct3DDevice
[2016.12.20-02.11.50:253][  0]LogD3D11RHI:     GPU DeviceId: 0x13c0 (for the marketing name, search the web for "GPU Device Id")
[2016.12.20-02.11.50:253][  0]LogWindows: EnumDisplayDevices:
[2016.12.20-02.11.50:253][  0]LogWindows:    0. 'NVIDIA GeForce GTX 980' (P:1 D:1)
[2016.12.20-02.11.50:253][  0]LogWindows:    1. 'NVIDIA GeForce GTX 980' (P:0 D:0)
[2016.12.20-02.11.50:253][  0]LogWindows:    2. 'NVIDIA GeForce GTX 980' (P:0 D:0)
[2016.12.20-02.11.50:253][  0]LogWindows:    3. 'NVIDIA GeForce GTX 980' (P:0 D:0)
[2016.12.20-02.11.50:253][  0]LogWindows: DebugString: FoundDriverCount:4 
[2016.12.20-02.11.50:253][  0]LogD3D11RHI:     Adapter Name: NVIDIA GeForce GTX 980
[2016.12.20-02.11.50:253][  0]LogD3D11RHI:   Driver Version: 376.09 (internal:21.21.13.7609, unified:376.09)
[2016.12.20-02.11.50:253][  0]LogD3D11RHI:      Driver Date: 11-24-2016
[2016.12.20-02.11.50:253][  0]LogRHI: Texture pool is 1361 MB (70% of 1945 MB)
[2016.12.20-02.11.50:672][  0]LogD3D11RHI: Async texture creation enabled
[2016.12.20-02.11.50:695][  0]LogD3D11RHI: GPU Timing Frequency: 1000.000000 (Debug: 2 1)
[2016.12.20-02.11.50:696][  0]LogShaderCompilers: Guid format shader working directory is -34 characters bigger than the processId version (../../../../../../Admin/Documents/GitHub Repositories/EclypseUE4/ProjectEclypse/Intermediate/Shaders/WorkingDirectory/15720/).
[2016.12.20-02.11.50:696][  0]LogShaderCompilers: Cleaned the shader compiler working directory 'C:/Users/Admin/AppData/Local/Temp/UnrealShaderWorkingDir/F98CA2A54E3F9F939B9C47B072223661/'.
[2016.12.20-02.11.50:696][  0]LogShaderCompilers:Display: Using Local Shader Compiler.
[2016.12.20-02.11.51:462][  0]LogTemp:Display: Loaded TP AllDesktopTargetPlatform
[2016.12.20-02.11.51:467][  0]LogTemp:Display: Loaded TP WindowsClientTargetPlatform
[2016.12.20-02.11.51:473][  0]LogTemp:Display: Loaded TP WindowsNoEditorTargetPlatform
[2016.12.20-02.11.51:478][  0]LogTemp:Display: Loaded TP WindowsServerTargetPlatform
[2016.12.20-02.11.51:483][  0]LogTemp:Display: Loaded TP WindowsTargetPlatform
[2016.12.20-02.11.51:488][  0]LogTemp:Display: Loaded TP AndroidTargetPlatform
[2016.12.20-02.11.51:493][  0]LogTemp:Display: Loaded TP Android_ASTCTargetPlatform
[2016.12.20-02.11.51:498][  0]LogTemp:Display: Loaded TP Android_ATCTargetPlatform
[2016.12.20-02.11.51:503][  0]LogTemp:Display: Loaded TP Android_DXTTargetPlatform
[2016.12.20-02.11.51:507][  0]LogTemp:Display: Loaded TP Android_ETC1TargetPlatform
[2016.12.20-02.11.51:512][  0]LogTemp:Display: Loaded TP Android_ETC2TargetPlatform
[2016.12.20-02.11.51:522][  0]LogTemp:Display: Loaded TP Android_MultiTargetPlatform
[2016.12.20-02.11.51:522][  0]LogTemp:Display: Loaded TP Android_PVRTCTargetPlatform
[2016.12.20-02.11.51:523][  0]LogTemp:Display: Loaded TP HTML5TargetPlatform
[2016.12.20-02.11.51:539][  0]LogTemp:Display: Loaded TP IOSTargetPlatform
[2016.12.20-02.11.51:544][  0]LogTemp:Display: Loaded TP TVOSTargetPlatform
[2016.12.20-02.11.51:549][  0]LogTemp:Display: Loaded TP LinuxClientTargetPlatform
[2016.12.20-02.11.51:554][  0]LogTemp:Display: Loaded TP LinuxNoEditorTargetPlatform
[2016.12.20-02.11.51:558][  0]LogTemp:Display: Loaded TP LinuxServerTargetPlatform
[2016.12.20-02.11.51:563][  0]LogTemp:Display: Loaded TP LinuxTargetPlatform
[2016.12.20-02.11.51:563][  0]LogTargetPlatformManager:Display: Building Assets For Windows
[2016.12.20-02.11.51:600][  0]LogDerivedDataCache:Display: Max Cache Size: 512 MB
[2016.12.20-02.11.51:647][  0]LogDerivedDataCache: Loaded boot cache 0.05s 62MB C:/Users/Admin/AppData/Local/UnrealEngine/4.13/DerivedDataCache/Boot.ddc.
[2016.12.20-02.11.51:647][  0]LogDerivedDataCache:Display: Loaded Boot cache: C:/Users/Admin/AppData/Local/UnrealEngine/4.13/DerivedDataCache/Boot.ddc
[2016.12.20-02.11.51:647][  0]LogDerivedDataCache: FDerivedDataBackendGraph:  Pak pak cache file ../../../../../../Admin/Documents/GitHub Repositories/EclypseUE4/ProjectEclypse/DerivedDataCache/DDC.ddp not found, will not use a pak cache.
[2016.12.20-02.11.51:647][  0]LogDerivedDataCache: Unable to find inner node Pak for hierarchical cache Hierarchy.
[2016.12.20-02.11.51:647][  0]LogDerivedDataCache: FDerivedDataBackendGraph:  CompressedPak pak cache file ../../../../../../Admin/Documents/GitHub Repositories/EclypseUE4/ProjectEclypse/DerivedDataCache/Compressed.ddp not found, will not use a pak cache.
[2016.12.20-02.11.51:647][  0]LogDerivedDataCache: Unable to find inner node CompressedPak for hierarchical cache Hierarchy.
[2016.12.20-02.11.51:660][  0]LogDerivedDataCache:Display: Pak cache opened for reading ../../../Engine/DerivedDataCache/Compressed.ddp.
[2016.12.20-02.11.51:671][  0]LogDerivedDataCache: Using Local data cache path C:/Users/Admin/AppData/Local/UnrealEngine/Common/DerivedDataCache: Writable
[2016.12.20-02.11.51:811][  0]LogInit: Selected Device Profile: [Windows]
[2016.12.20-02.11.51:813][  0]LogContentStreaming: Texture pool size is 0.00 MB
[2016.12.20-02.11.51:877][  0]LogMeshUtilities: No automatic mesh reduction module available
[2016.12.20-02.11.51:877][  0]LogMeshUtilities: No automatic mesh merging module available
[2016.12.20-02.11.51:877][  0]LogMeshUtilities: No distributed automatic mesh merging module available
[2016.12.20-02.11.51:921][  0]LogMaterial: Uniform references updated for custom material expression Custom.
[2016.12.20-02.11.52:124][  0]LogNetVersion: GetLocalNetworkVersion: CL: 3106830, ProjectName: projecteclypse, ProjectVersion: , EngineNetworkVersion: 1, GameNetworkVersion: 0, NetworkChecksum: 2418632494
[2016.12.20-02.11.52:156][  0]LogAssetRegistry: FAssetRegistry took 0.0213 seconds to start up
[2016.12.20-02.11.52:177][  0]LogPackageLocalizationCache: Processed 3 localized package path(s) for 2 prioritized culture(s) in 0.020377 seconds
[2016.12.20-02.11.52:181][  0]LogUObjectArray: 29778 objects as part of root set at end of initial load.
[2016.12.20-02.11.52:181][  0]LogUObjectAllocator: 6125456 out of 0 bytes used by permanent object pool.
[2016.12.20-02.11.52:181][  0]LogUObjectArray: CloseDisregardForGC: 0/0 objects in disregard for GC pool
[2016.12.20-02.11.52:184][  0]LogInit: WinSock: version 1.1 (2.2), MaxSocks=32767, MaxUdp=65467
[2016.12.20-02.11.52:307][  0]LogSlate: SlateFontCache - WITH_FREETYPE: 1, WITH_HARFBUZZ: 1
[2016.12.20-02.11.52:307][  0]LogSlate: SlateFontCache - WITH_FREETYPE: 1, WITH_HARFBUZZ: 1
[2016.12.20-02.11.52:757][  0]LogSubstanceCoreModule: Substance CPU Engine Loaded, Max Texture Size 2048
[2016.12.20-02.11.52:762][  0]LogTcpMessaging: Initializing TcpMessaging bridge
[2016.12.20-02.11.52:776][  0]LogUdpMessaging: Initializing bridge on interface 0.0.0.0:0 to multicast group 230.0.0.1:6666.
[2016.12.20-02.11.52:934][  0]SourceControl: Info Source control is disabled
[2016.12.20-02.11.52:960][  0]SourceControl: Info Source control is disabled
[2016.12.20-02.11.52:964][  0]SourceControl: Info Source control is disabled
[2016.12.20-02.11.52:968][  0]SourceControl: Info Source control is disabled
[2016.12.20-02.11.53:122][  0]LogEngine: Initializing Engine...
[2016.12.20-02.11.53:122][  0]LogHMD: Oculus plugin initialized. Version: 4.13.1-3142249+++UE4+Release-4.13, LibOVR: 1.10.2, SDK: 1.6.0, built Sep 28 2016, 02:14:12
[2016.12.20-02.11.53:213][  0]OCULUS: Debug: [HMDState] Using default profile default
[2016.12.20-02.11.53:213][  0]OCULUS: Info: IAD changed to 65.3mm
[2016.12.20-02.11.53:218][  0]LogAIModule: Creating AISystem for world Untitled
[2016.12.20-02.11.53:229][  0]LogInit: XAudio2 using 'Speakers (Realtek High Definition Audio)' : 8 channels at 48 kHz using 32 bits per sample (channel mask 0x63f)
[2016.12.20-02.11.53:259][  0]LogInit: FAudioDevice initialized.
[2016.12.20-02.11.53:283][  0]LogDerivedDataCache: Saved boot cache 0.02s 62MB C:/Users/Admin/AppData/Local/UnrealEngine/4.13/DerivedDataCache/Boot.ddc.
[2016.12.20-02.11.53:288][  0]LogInit: Texture streaming: Enabled
[2016.12.20-02.11.53:302][  0]LogInit: Transaction tracking system initialized
[2016.12.20-02.11.53:311][  0]BlueprintLog: New page: Editor Load
[2016.12.20-02.11.53:343][  0]LocalizationService: Info Localization service is disabled
[2016.12.20-02.11.53:386][  0]LogConsoleResponse:Display: 
[2016.12.20-02.11.53:476][  0]LogCook:Display: Max memory allowance for cook 16384mb min free memory 0mb
[2016.12.20-02.11.53:476][  0]LogCook:Display: Mobile HDR setting 1
[2016.12.20-02.11.53:550][  0]LogFileCache: Scanning file cache for directory 'D:/Admin/Documents/GitHub Repositories/EclypseUE4/ProjectEclypse/Content/' took 0.01s
[2016.12.20-02.11.53:550][  0]SourceControl: Info Source control is disabled
[2016.12.20-02.11.53:646][  0]LogWindowsTextInputMethodSystem:Display: IME system now deactivated.
[2016.12.20-02.11.56:276][  0]LogWindowsTextInputMethodSystem:Display: IME system now deactivated.
[2016.12.20-02.11.56:308][  0]LogWindowsTextInputMethodSystem:Display: IME system now deactivated.
[2016.12.20-02.11.57:837][  0]LogWindowsTextInputMethodSystem:Display: IME system now deactivated.
[2016.12.20-02.11.57:856][  0]LogWindowsTextInputMethodSystem:Display: IME system now deactivated.
[2016.12.20-02.11.57:857][  0]Cmd: MAP LOAD FILE="../../../../../../Admin/Documents/GitHub Repositories/EclypseUE4/ProjectEclypse/Content/Maps/EclypseVillage.umap" TEMPLATE=0 SHOWPROGRESS=1 FEATURELEVEL=3
[2016.12.20-02.11.57:857][  0]LightingResults: New page: Lighting Build
[2016.12.20-02.11.57:859][  0]MapCheck: New page: Map Check
[2016.12.20-02.11.57:859][  0]LightingResults: New page: Lighting Build
[2016.12.20-02.11.59:648][  0]LogAIModule: Creating AISystem for world EclypseVillage
[2016.12.20-02.11.59:717][  0]LogEditorServer: Finished looking for orphan Actors (0.000 secs)
[2016.12.20-02.11.59:717][  0]Cmd: MAP CHECKDEP NOCLEARLOG
[2016.12.20-02.11.59:767][  0]MapCheck: Info Map check complete: 0 Error(s), 0 Warning(s), took 49.763ms to complete.
[2016.12.20-02.11.59:767][  0]LogFileHelpers: Loading map 'EclypseVillage' took 1.910
[2016.12.20-02.11.59:814][  0]LogStats:Warning: MetaData mismatch. Did you assign a stat to two groups? New //STATGROUP_Threads//SplashScreenThread///Thread_1298_0///####STATCAT_Advanced#### old //STATGROUP_Threads//SplashScreenThread///Thread_41cc_0///####STATCAT_Advanced####
[2016.12.20-02.11.59:814][  0]LogCollectionManager: Loaded 0 collections in 0.000647 seconds
[2016.12.20-02.11.59:851][  0]LogFileCache: Scanning file cache for directory 'D:/Admin/Documents/GitHub Repositories/EclypseUE4/ProjectEclypse/Saved/Collections/' took 0.01s
[2016.12.20-02.11.59:851][  0]LogFileCache: Scanning file cache for directory 'D:/Admin/Documents/GitHub Repositories/EclypseUE4/ProjectEclypse/Content/Developers/StefanoAdmin/Collections/' took 0.01s
[2016.12.20-02.11.59:851][  0]LogFileCache: Scanning file cache for directory 'D:/Admin/Documents/GitHub Repositories/EclypseUE4/ProjectEclypse/Content/Collections/' took 0.01s
[2016.12.20-02.11.59:851][  0]LogCollectionManager: Rebuilt the GUID cache for 0 collections in 0.000002 seconds
[2016.12.20-02.11.59:858][  0]LogContentBrowser: Native class hierarchy populated in 0.0067 seconds. Added 2156 classes and 421 folders.
[2016.12.20-02.11.59:860][  0]LogStats: UGameplayTagsManager::ConstructGameplayTagTree: Construct from data asset -  0.000 s
[2016.12.20-02.11.59:860][  0]LogStats: UGameplayTagsManager::ConstructGameplayTagTree: GameplayTagTreeChangedEvent.Broadcast -  0.000 s
[2016.12.20-02.11.59:860][  0]LogContentBrowser: Native class hierarchy updated for 'GameplayTags' in 0.0003 seconds. Added 12 classes and 0 folders.
[2016.12.20-02.11.59:862][  0]LogContentBrowser: Native class hierarchy updated for 'WidgetCarousel' in 0.0003 seconds. Added 0 classes and 0 folders.
[2016.12.20-02.11.59:886][  0]LogContentBrowser: Native class hierarchy updated for 'AddContentDialog' in 0.0003 seconds. Added 0 classes and 0 folders.
[2016.12.20-02.11.59:890][  0]LogContentBrowser: Native class hierarchy updated for 'SceneOutliner' in 0.0003 seconds. Added 1 classes and 2 folders.
[2016.12.20-02.11.59:940][  0]LogCrashTracker: Crashtracker disabled due to settings.
[2016.12.20-02.11.59:944][  0]LogUObjectGlobals:Warning: Failed to find object 'Class None.'
[2016.12.20-02.11.59:969][  0]LogContentBrowser: Native class hierarchy updated for 'HierarchicalLODOutliner' in 0.0004 seconds. Added 1 classes and 2 folders.
[2016.12.20-02.11.59:969][  0]LogLoad: (Engine Initialization) Total time: 11.52 seconds
[2016.12.20-02.11.59:969][  0]LogLoad: (Engine Initialization) Total Blueprint compile time: 0.55 seconds
[2016.12.20-02.11.59:969][  0]LogExternalProfiler: Found external profiler: VSPerf
[2016.12.20-02.11.59:969][  0]LogExternalProfiler: Using external profiler: VSPerf
[2016.12.20-02.11.59:977][  0]LogOcInput: OculusInput pre-init called
[2016.12.20-02.11.59:987][  0]LogOcInput: OculusInput is initialized. Init status 0. Runtime version: 1.10.2
[2016.12.20-02.12.00:004][  0]LogContentStreaming: Texture pool size now 1000 MB
[2016.12.20-02.12.00:119][  0]LogRenderer: Reallocating scene render targets to support 1124x620 (Frame:2).
[2016.12.20-02.12.00:203][  1]LogAssetRegistry: Asset discovery search completed in 8.0687 seconds
[2016.12.20-02.12.00:203][  1]LogCollectionManager: Rebuilt the object cache for 0 collections in 0.000000 seconds (found 0 objects)
[2016.12.20-02.12.00:203][  1]LogCollectionManager: Fixed up redirectors for 0 collections in 0.000017 seconds (updated 0 objects)
[2016.12.20-02.12.09:202][338]LogContentBrowser: Native class hierarchy updated for 'BlueprintGraph' in 0.0006 seconds. Added 112 classes and 0 folders.
[2016.12.20-02.12.16:769][838]LogBlueprintUserMessages: Early PlayInEditor Detection: Level '/Game/Maps/EclypseVillage.EclypseVillage:PersistentLevel' has LevelScriptBlueprint '/Game/Maps/EclypseVillage.EclypseVillage:PersistentLevel.EclypseVillage' with GeneratedClass '/Game/Maps/EclypseVillage.EclypseVillage_C' with ClassGeneratedBy '/Game/Maps/EclypseVillage.EclypseVillage:PersistentLevel.EclypseVillage'
[2016.12.20-02.12.16:770][838]LogPlayLevel: PlayLevel: No blueprints needed recompiling
[2016.12.20-02.12.16:770][838]OCULUS: Debug: [HMDState] Using default profile default
[2016.12.20-02.12.16:770][838]OCULUS: Info: IAD changed to 65.3mm
[2016.12.20-02.12.16:770][838]LogHMD: New ovr session is created
[2016.12.20-02.12.16:773][838]LogHMD: HMD Oculus Rift CV1, res = 2160 x 1200
[2016.12.20-02.12.16:774][838]PIE: New page: PIE session: EclypseVillage (20 Dec 2016 11:12:16 pm)
[2016.12.20-02.12.16:774][838]LogPlayLevel: Creating play world package: /Game/Maps/UEDPIE_0_EclypseVillage
[2016.12.20-02.12.16:796][838]LogPlayLevel: PIE: StaticDuplicateObject took: (0.022071s)
[2016.12.20-02.12.16:797][838]LogAIModule: Creating AISystem for world EclypseVillage
[2016.12.20-02.12.16:797][838]LogPlayLevel: PIE: World Init took: (0.000681s)
[2016.12.20-02.12.16:797][838]LogPlayLevel: PIE: Created PIE world by copying editor world from /Game/Maps/EclypseVillage.EclypseVillage to /Game/Maps/UEDPIE_0_EclypseVillage.EclypseVillage (0.022984s)
[2016.12.20-02.12.16:851][838]OCULUS: Error: Prediction interval too high: 6803.868334 s, clamping at 0.100000 s
[2016.12.20-02.12.16:851][838]LogInit: XAudio2 using 'Speakers (Realtek High Definition Audio)' : 8 channels at 48 kHz using 32 bits per sample (channel mask 0x63f)
[2016.12.20-02.12.16:880][838]LogInit: FAudioDevice initialized.
[2016.12.20-02.12.16:924][838]LogWorld: Game class is 'GameManager_C'
[2016.12.20-02.12.16:936][838]LogWorld: Bringing World /Game/Maps/UEDPIE_0_EclypseVillage.EclypseVillage up for play (max tick rate 0) at 2016.12.20-13.12.16
[2016.12.20-02.12.16:937][838]LogWorld: Bringing up level for play took: 0.011844
[2016.12.20-02.12.16:939][838]LogContentBrowser: Native class hierarchy updated for 'MovieSceneCapture' in 0.0004 seconds. Added 11 classes and 0 folders.
[2016.12.20-02.12.16:939][838]LogGameMode:Display: Match State Changed from EnteringMap to WaitingToStart
[2016.12.20-02.12.16:939][838]LogGameState: Match State Changed from EnteringMap to WaitingToStart
[2016.12.20-02.12.16:939][838]LogGameMode:Display: Match State Changed from WaitingToStart to InProgress
[2016.12.20-02.12.16:945][838]LogGameState: Match State Changed from WaitingToStart to InProgress
[2016.12.20-02.12.16:947][838]PIE: Info Play in editor start time for /Game/Maps/UEDPIE_0_EclypseVillage 0.833
[2016.12.20-02.12.16:947][838]LogBlueprintUserMessages: Late PlayInEditor Detection: Level '/Game/Maps/EclypseVillage.EclypseVillage:PersistentLevel' has LevelScriptBlueprint '/Game/Maps/EclypseVillage.EclypseVillage:PersistentLevel.EclypseVillage' with GeneratedClass '/Game/Maps/EclypseVillage.EclypseVillage_C' with ClassGeneratedBy '/Game/Maps/EclypseVillage.EclypseVillage:PersistentLevel.EclypseVillage'
[2016.12.20-02.12.16:967][838]LogRenderer: Reallocating scene render targets to support 1292x756 (Frame:28).
[2016.12.20-02.12.23:910][ 87]LogBlueprintUserMessages: Early EndPlayMap Detection: Level '/Game/Maps/EclypseVillage.EclypseVillage:PersistentLevel' has LevelScriptBlueprint '/Game/Maps/EclypseVillage.EclypseVillage:PersistentLevel.EclypseVillage' with GeneratedClass '/Game/Maps/EclypseVillage.EclypseVillage_C' with ClassGeneratedBy '/Game/Maps/EclypseVillage.EclypseVillage:PersistentLevel.EclypseVillage'
[2016.12.20-02.12.23:910][ 87]LogHMD: Destroying ovr session
[2016.12.20-02.12.23:938][ 87]LogBlueprintUserMessages: Late EndPlayMap Detection: Level '/Game/Maps/EclypseVillage.EclypseVillage:PersistentLevel' has LevelScriptBlueprint '/Game/Maps/EclypseVillage.EclypseVillage:PersistentLevel.EclypseVillage' with GeneratedClass '/Game/Maps/EclypseVillage.EclypseVillage_C' with ClassGeneratedBy '/Game/Maps/EclypseVillage.EclypseVillage:PersistentLevel.EclypseVillage'
[2016.12.20-02.13.01:395][463]LogBlueprint:Warning: [Compiler ] Warning Leak Detected!  TextBlock_538 ( TextBlock ) still has living Slate widgets, it or the parent CanvasPanel_0 ( CanvasPanel ) is keeping them in memory.  Release all Slate resources in ReleaseSlateResources().
[2016.12.20-02.15.07:266][595]LogFileHelpers: Editor autosave (incl. sublevels) for '/Game/Maps/EclypseVillage' took 0.015
[2016.12.20-02.15.07:282][595]OBJ SavePackage: Generating thumbnails for [0] asset(s) in package [/Game/BP/Widgets/WorkshopWidget] ([1] browsable assets)...
[2016.12.20-02.15.07:282][595]OBJ SavePackage: Finished generating thumbnails for package [/Game/BP/Widgets/WorkshopWidget]
[2016.12.20-02.15.07:341][595]LogSavePackage: Save=53.92ms
[2016.12.20-02.15.07:341][595]LogSavePackage: Moving '../../../../../../Admin/Documents/GitHub Repositories/EclypseUE4/ProjectEclypse/Saved/WorkshopWidget_Auto1722939D2464D8BF93104F08F8F76DCF4.tmp' to '../../../../../../Admin/Documents/GitHub Repositories/EclypseUE4/ProjectEclypse/Saved/Autosaves/Game/BP/Widgets/WorkshopWidget_Auto1.uasset'
[2016.12.20-02.15.07:342][595]LogSavePackage:Display: Finished SavePackage ../../../../../../Admin/Documents/GitHub Repositories/EclypseUE4/ProjectEclypse/Saved/Autosaves/Game/BP/Widgets/WorkshopWidget_Auto1.uasset
[2016.12.20-02.15.07:342][595]LogFileHelpers: Auto-saving content packages took 0.060
[2016.12.20-02.26.44:920][899]BlueprintLog: New page: Compile WorkshopWidget
[2016.12.20-02.26.45:204][899]BlueprintEditorCompileResults: Info The execution path doesn't end with a return node.  CastFailed
[2016.12.20-02.26.45:608][914]Cmd: OBJ SAVEPACKAGE PACKAGE="/Game/BP/Widgets/WorkshopWidget" FILE="../../../../../../Admin/Documents/GitHub Repositories/EclypseUE4/ProjectEclypse/Content/BP/Widgets/WorkshopWidget.uasset" SILENT=true
[2016.12.20-02.26.45:716][914]LogSavePackage: Save=53.06ms
[2016.12.20-02.26.45:716][914]LogSavePackage: Moving '../../../../../../Admin/Documents/GitHub Repositories/EclypseUE4/ProjectEclypse/Saved/WorkshopWidget0A38E4224307F986670304B0D6DA3D66.tmp' to '../../../../../../Admin/Documents/GitHub Repositories/EclypseUE4/ProjectEclypse/Content/BP/Widgets/WorkshopWidget.uasset'
[2016.12.20-02.26.45:718][914]LogSavePackage:Display: Finished SavePackage ../../../../../../Admin/Documents/GitHub Repositories/EclypseUE4/ProjectEclypse/Content/BP/Widgets/WorkshopWidget.uasset
[2016.12.20-02.26.59:050][419]Cmd: OBJ SAVEPACKAGE PACKAGE="/Game/BP/Widgets/WorkshopWidget" FILE="../../../../../../Admin/Documents/GitHub Repositories/EclypseUE4/ProjectEclypse/Content/BP/Widgets/WorkshopWidget.uasset" SILENT=true
[2016.12.20-02.26.59:106][419]LogSavePackage: Save=53.50ms
[2016.12.20-02.26.59:106][419]LogSavePackage: Moving '../../../../../../Admin/Documents/GitHub Repositories/EclypseUE4/ProjectEclypse/Saved/WorkshopWidgetD7306C3D45DB38B3EDDD74BF69435533.tmp' to '../../../../../../Admin/Documents/GitHub Repositories/EclypseUE4/ProjectEclypse/Content/BP/Widgets/WorkshopWidget.uasset'
[2016.12.20-02.26.59:107][419]LogSavePackage:Display: Finished SavePackage ../../../../../../Admin/Documents/GitHub Repositories/EclypseUE4/ProjectEclypse/Content/BP/Widgets/WorkshopWidget.uasset
[2016.12.20-02.27.10:855][456]Cmd: OBJ SAVEPACKAGE PACKAGE="/Game/BP/Widgets/WorkshopWidget" FILE="../../../../../../Admin/Documents/GitHub Repositories/EclypseUE4/ProjectEclypse/Content/BP/Widgets/WorkshopWidget.uasset" SILENT=true
[2016.12.20-02.27.10:910][456]LogSavePackage: Save=53.39ms
[2016.12.20-02.27.10:911][456]LogSavePackage: Moving '../../../../../../Admin/Documents/GitHub Repositories/EclypseUE4/ProjectEclypse/Saved/WorkshopWidget38854A5C43EB15F97FEA02B9D3E1091B.tmp' to '../../../../../../Admin/Documents/GitHub Repositories/EclypseUE4/ProjectEclypse/Content/BP/Widgets/WorkshopWidget.uasset'
[2016.12.20-02.27.10:912][456]LogSavePackage:Display: Finished SavePackage ../../../../../../Admin/Documents/GitHub Repositories/EclypseUE4/ProjectEclypse/Content/BP/Widgets/WorkshopWidget.uasset
[2016.12.20-02.27.41:058][722]BlueprintLog: New page: Compile WorkshopWidget
[2016.12.20-02.27.41:111][722]LogBlueprint:Error: [Compiler WorkshopWidget] Error The type of  Object  is undetermined.  Connect something to  K2Node_DynamicCast_0  to imply a specific type.
[2016.12.20-02.27.41:112][722]LogBlueprint:Error: [Compiler WorkshopWidget] Error The current value of the ' Object ' pin is invalid: Unsupported type Wildcard on pin Object
[2016.12.20-02.27.41:114][722]LogBlueprint:Error: [Compiler WorkshopWidget] Error Binding: Property ' TextDelegate ' on Widget ' AvailablleHours ': Member:Get_AvailablleHours_Text_0 Has the wrong number of arguments, it needs to return 1 value and take no parameters.
[2016.12.20-02.27.41:309][722]BlueprintEditorCompileResults:Error: Error The type of  Object  is undetermined.  Connect something to  K2Node_DynamicCast_0  to imply a specific type.
[2016.12.20-02.27.41:309][722]BlueprintEditorCompileResults:Error: Error The current value of the ' Object ' pin is invalid: Unsupported type Wildcard on pin Object
[2016.12.20-02.27.41:309][722]BlueprintEditorCompileResults:Error: Error Binding: Property ' TextDelegate ' on Widget ' AvailablleHours ': Member:Get_AvailablleHours_Text_0 Has the wrong number of arguments, it needs to return 1 value and take no parameters.
[2016.12.20-02.27.41:309][722]LogBlueprint:Warning: [Compiler WorkshopWidget] Warning [0952.86] Compile of WorkshopWidget failed. 3 Fatal Issue(s) 0 Warning(s) [in 251 ms] (/Game/BP/Widgets/WorkshopWidget.WorkshopWidget)
[2016.12.20-02.27.41:586][732]Cmd: OBJ SAVEPACKAGE PACKAGE="/Game/BP/Widgets/WorkshopWidget" FILE="../../../../../../Admin/Documents/GitHub Repositories/EclypseUE4/ProjectEclypse/Content/BP/Widgets/WorkshopWidget.uasset" SILENT=true
[2016.12.20-02.27.41:640][732]LogSavePackage: Save=51.72ms
[2016.12.20-02.27.41:640][732]LogSavePackage: Moving '../../../../../../Admin/Documents/GitHub Repositories/EclypseUE4/ProjectEclypse/Saved/WorkshopWidget9D949ACF427B662F1166E58B6C129588.tmp' to '../../../../../../Admin/Documents/GitHub Repositories/EclypseUE4/ProjectEclypse/Content/BP/Widgets/WorkshopWidget.uasset'
[2016.12.20-02.27.41:641][732]LogSavePackage:Display: Finished SavePackage ../../../../../../Admin/Documents/GitHub Repositories/EclypseUE4/ProjectEclypse/Content/BP/Widgets/WorkshopWidget.uasset
[2016.12.20-02.27.48:988][167]BlueprintLog: New page: Compile WorkshopWidget
[2016.12.20-02.27.49:022][167]LogBlueprint:Error: [Compiler WorkshopWidget] Error Binding: Property ' TextDelegate ' on Widget ' AvailablleHours ': Member:Get_AvailablleHours_Text_0 Has the wrong number of arguments, it needs to return 1 value and take no parameters.
[2016.12.20-02.27.49:168][167]BlueprintEditorCompileResults:Error: Error Binding: Property ' TextDelegate ' on Widget ' AvailablleHours ': Member:Get_AvailablleHours_Text_0 Has the wrong number of arguments, it needs to return 1 value and take no parameters.
[2016.12.20-02.27.49:168][167]LogBlueprint:Warning: [Compiler WorkshopWidget] Warning [0960.72] Compile of WorkshopWidget failed. 1 Fatal Issue(s) 0 Warning(s) [in 180 ms] (/Game/BP/Widgets/WorkshopWidget.WorkshopWidget)
[2016.12.20-02.27.49:533][183]Cmd: OBJ SAVEPACKAGE PACKAGE="/Game/BP/Widgets/WorkshopWidget" FILE="../../../../../../Admin/Documents/GitHub Repositories/EclypseUE4/ProjectEclypse/Content/BP/Widgets/WorkshopWidget.uasset" SILENT=true
[2016.12.20-02.27.49:586][183]LogSavePackage: Save=51.65ms
[2016.12.20-02.27.49:586][183]LogSavePackage: Moving '../../../../../../Admin/Documents/GitHub Repositories/EclypseUE4/ProjectEclypse/Saved/WorkshopWidgetC20EE2424BD7CBF28032D88D20BDB227.tmp' to '../../../../../../Admin/Documents/GitHub Repositories/EclypseUE4/ProjectEclypse/Content/BP/Widgets/WorkshopWidget.uasset'
[2016.12.20-02.27.49:588][183]LogSavePackage:Display: Finished SavePackage ../../../../../../Admin/Documents/GitHub Repositories/EclypseUE4/ProjectEclypse/Content/BP/Widgets/WorkshopWidget.uasset
[2016.12.20-02.28.01:140][ 19]BlueprintLog: New page: Compile WorkshopWidget
[2016.12.20-02.28.01:653][ 32]Cmd: OBJ SAVEPACKAGE PACKAGE="/Game/BP/Widgets/WorkshopWidget" FILE="../../../../../../Admin/Documents/GitHub Repositories/EclypseUE4/ProjectEclypse/Content/BP/Widgets/WorkshopWidget.uasset" SILENT=true
[2016.12.20-02.28.01:708][ 32]LogSavePackage: Save=53.99ms
[2016.12.20-02.28.01:708][ 32]LogSavePackage: Moving '../../../../../../Admin/Documents/GitHub Repositories/EclypseUE4/ProjectEclypse/Saved/WorkshopWidgetA870EE1647FCA8AABE967AB6AB29DBF0.tmp' to '../../../../../../Admin/Documents/GitHub Repositories/EclypseUE4/ProjectEclypse/Content/BP/Widgets/WorkshopWidget.uasset'
[2016.12.20-02.28.01:710][ 32]LogSavePackage:Display: Finished SavePackage ../../../../../../Admin/Documents/GitHub Repositories/EclypseUE4/ProjectEclypse/Content/BP/Widgets/WorkshopWidget.uasset
[2016.12.20-02.28.02:338][ 59]LogBlueprintUserMessages: Early PlayInEditor Detection: Level '/Game/Maps/EclypseVillage.EclypseVillage:PersistentLevel' has LevelScriptBlueprint '/Game/Maps/EclypseVillage.EclypseVillage:PersistentLevel.EclypseVillage' with GeneratedClass '/Game/Maps/EclypseVillage.EclypseVillage_C' with ClassGeneratedBy '/Game/Maps/EclypseVillage.EclypseVillage:PersistentLevel.EclypseVillage'
[2016.12.20-02.28.02:338][ 59]LogPlayLevel: PlayLevel: No blueprints needed recompiling
[2016.12.20-02.28.02:338][ 59]OCULUS: Debug: [HMDState] Using default profile default
[2016.12.20-02.28.02:338][ 59]OCULUS: Info: IAD changed to 65.3mm
[2016.12.20-02.28.02:338][ 59]LogHMD: New ovr session is created
[2016.12.20-02.28.02:338][ 59]LogHMD: HMD Oculus Rift CV1, res = 2160 x 1200
[2016.12.20-02.28.02:338][ 59]PIE: New page: PIE session: EclypseVillage (20 Dec 2016 11:28:02 pm)
[2016.12.20-02.28.02:338][ 59]LogPlayLevel: Creating play world package: /Game/Maps/UEDPIE_0_EclypseVillage
[2016.12.20-02.28.02:360][ 59]LogPlayLevel: PIE: StaticDuplicateObject took: (0.022139s)
[2016.12.20-02.28.02:361][ 59]LogAIModule: Creating AISystem for world EclypseVillage
[2016.12.20-02.28.02:361][ 59]LogPlayLevel: PIE: World Init took: (0.000714s)
[2016.12.20-02.28.02:361][ 59]LogPlayLevel: PIE: Created PIE world by copying editor world from /Game/Maps/EclypseVillage.EclypseVillage to /Game/Maps/UEDPIE_0_EclypseVillage.EclypseVillage (0.023055s)
[2016.12.20-02.28.02:382][ 59]LogInit: XAudio2 using 'Speakers (Realtek High Definition Audio)' : 8 channels at 48 kHz using 32 bits per sample (channel mask 0x63f)
[2016.12.20-02.28.02:412][ 59]LogInit: FAudioDevice initialized.
[2016.12.20-02.28.02:445][ 59]LogWorld: Game class is 'GameManager_C'
[2016.12.20-02.28.02:457][ 59]LogWorld: Bringing World /Game/Maps/UEDPIE_0_EclypseVillage.EclypseVillage up for play (max tick rate 0) at 2016.12.20-13.28.02
[2016.12.20-02.28.02:458][ 59]LogWorld: Bringing up level for play took: 0.012024
[2016.12.20-02.28.02:458][ 59]LogGameMode:Display: Match State Changed from EnteringMap to WaitingToStart
[2016.12.20-02.28.02:458][ 59]LogGameState: Match State Changed from EnteringMap to WaitingToStart
[2016.12.20-02.28.02:458][ 59]LogGameMode:Display: Match State Changed from WaitingToStart to InProgress
[2016.12.20-02.28.02:464][ 59]LogGameState: Match State Changed from WaitingToStart to InProgress
[2016.12.20-02.28.02:466][ 59]PIE: Info Play in editor start time for /Game/Maps/UEDPIE_0_EclypseVillage 0.352
[2016.12.20-02.28.02:466][ 59]LogBlueprintUserMessages: Late PlayInEditor Detection: Level '/Game/Maps/EclypseVillage.EclypseVillage:PersistentLevel' has LevelScriptBlueprint '/Game/Maps/EclypseVillage.EclypseVillage:PersistentLevel.EclypseVillage' with GeneratedClass '/Game/Maps/EclypseVillage.EclypseVillage_C' with ClassGeneratedBy '/Game/Maps/EclypseVillage.EclypseVillage:PersistentLevel.EclypseVillage'
[2016.12.20-02.28.08:407][278]LogBlueprintUserMessages: Early EndPlayMap Detection: Level '/Game/Maps/EclypseVillage.EclypseVillage:PersistentLevel' has LevelScriptBlueprint '/Game/Maps/EclypseVillage.EclypseVillage:PersistentLevel.EclypseVillage' with GeneratedClass '/Game/Maps/EclypseVillage.EclypseVillage_C' with ClassGeneratedBy '/Game/Maps/EclypseVillage.EclypseVillage:PersistentLevel.EclypseVillage'
[2016.12.20-02.28.08:408][278]LogHMD: Destroying ovr session
[2016.12.20-02.28.08:435][278]LogBlueprintUserMessages: Late EndPlayMap Detection: Level '/Game/Maps/EclypseVillage.EclypseVillage:PersistentLevel' has LevelScriptBlueprint '/Game/Maps/EclypseVillage.EclypseVillage:PersistentLevel.EclypseVillage' with GeneratedClass '/Game/Maps/EclypseVillage.EclypseVillage_C' with ClassGeneratedBy '/Game/Maps/EclypseVillage.EclypseVillage:PersistentLevel.EclypseVillage'
[2016.12.20-02.28.11:316][559]Cmd: OBJ SAVEPACKAGE PACKAGE="/Game/BP/Widgets/WorkshopWidget" FILE="../../../../../../Admin/Documents/GitHub Repositories/EclypseUE4/ProjectEclypse/Content/BP/Widgets/WorkshopWidget.uasset" SILENT=true
[2016.12.20-02.28.11:373][559]LogSavePackage: Save=54.75ms
[2016.12.20-02.28.11:373][559]LogSavePackage: Moving '../../../../../../Admin/Documents/GitHub Repositories/EclypseUE4/ProjectEclypse/Saved/WorkshopWidgetC09938424F99E62A5B2481BDBB5E4843.tmp' to '../../../../../../Admin/Documents/GitHub Repositories/EclypseUE4/ProjectEclypse/Content/BP/Widgets/WorkshopWidget.uasset'
[2016.12.20-02.28.11:374][559]LogSavePackage:Display: Finished SavePackage ../../../../../../Admin/Documents/GitHub Repositories/EclypseUE4/ProjectEclypse/Content/BP/Widgets/WorkshopWidget.uasset
[2016.12.20-02.28.47:981][802]BlueprintLog: New page: Compile WorkshopWidget
[2016.12.20-02.28.48:470][816]Cmd: OBJ SAVEPACKAGE PACKAGE="/Game/BP/Widgets/WorkshopWidget" FILE="../../../../../../Admin/Documents/GitHub Repositories/EclypseUE4/ProjectEclypse/Content/BP/Widgets/WorkshopWidget.uasset" SILENT=true
[2016.12.20-02.28.48:527][816]LogSavePackage: Save=54.92ms
[2016.12.20-02.28.48:527][816]LogSavePackage: Moving '../../../../../../Admin/Documents/GitHub Repositories/EclypseUE4/ProjectEclypse/Saved/WorkshopWidget9FF1C84E43DD7D6F5A6ADEBE0336E703.tmp' to '../../../../../../Admin/Documents/GitHub Repositories/EclypseUE4/ProjectEclypse/Content/BP/Widgets/WorkshopWidget.uasset'
[2016.12.20-02.28.48:529][816]LogSavePackage:Display: Finished SavePackage ../../../../../../Admin/Documents/GitHub Repositories/EclypseUE4/ProjectEclypse/Content/BP/Widgets/WorkshopWidget.uasset
[2016.12.20-02.29.26:048][515]LogFileHelpers: Editor autosave (incl. sublevels) for '/Game/Maps/EclypseVillage' took 0.015
[2016.12.20-02.29.26:060][515]OBJ SavePackage: Generating thumbnails for [0] asset(s) in package [/Game/BP/Widgets/WorkshopWidget] ([1] browsable assets)...
[2016.12.20-02.29.26:060][515]OBJ SavePackage: Finished generating thumbnails for package [/Game/BP/Widgets/WorkshopWidget]
[2016.12.20-02.29.26:117][515]LogSavePackage: Save=55.11ms
[2016.12.20-02.29.26:117][515]LogSavePackage: Moving '../../../../../../Admin/Documents/GitHub Repositories/EclypseUE4/ProjectEclypse/Saved/WorkshopWidget_Auto244F9312347149CF28C1AC3BA43C53AC3.tmp' to '../../../../../../Admin/Documents/GitHub Repositories/EclypseUE4/ProjectEclypse/Saved/Autosaves/Game/BP/Widgets/WorkshopWidget_Auto2.uasset'
[2016.12.20-02.29.26:118][515]LogSavePackage:Display: Finished SavePackage ../../../../../../Admin/Documents/GitHub Repositories/EclypseUE4/ProjectEclypse/Saved/Autosaves/Game/BP/Widgets/WorkshopWidget_Auto2.uasset
[2016.12.20-02.29.26:118][515]LogFileHelpers: Auto-saving content packages took 0.059
[2016.12.20-02.30.42:529][359]BlueprintLog: New page: Compile WorkshopWidget
[2016.12.20-02.30.43:119][374]Cmd: OBJ SAVEPACKAGE PACKAGE="/Game/BP/Widgets/WorkshopWidget" FILE="../../../../../../Admin/Documents/GitHub Repositories/EclypseUE4/ProjectEclypse/Content/BP/Widgets/WorkshopWidget.uasset" SILENT=true
[2016.12.20-02.30.43:173][374]LogSavePackage: Save=51.99ms
[2016.12.20-02.30.43:173][374]LogSavePackage: Moving '../../../../../../Admin/Documents/GitHub Repositories/EclypseUE4/ProjectEclypse/Saved/WorkshopWidgetBE07EAA9487D28A71269C3BF11A34D5B.tmp' to '../../../../../../Admin/Documents/GitHub Repositories/EclypseUE4/ProjectEclypse/Content/BP/Widgets/WorkshopWidget.uasset'
[2016.12.20-02.30.43:175][374]LogSavePackage:Display: Finished SavePackage ../../../../../../Admin/Documents/GitHub Repositories/EclypseUE4/ProjectEclypse/Content/BP/Widgets/WorkshopWidget.uasset
[2016.12.20-02.31.59:626][862]LogBlueprint:Warning: [Compiler ] Warning Leak Detected!  MakeHC ( Button ) still has living Slate widgets, it or the parent CanvasPanel_0 ( CanvasPanel ) is keeping them in memory.  Release all Slate resources in ReleaseSlateResources().
[2016.12.20-02.32.04:208][399]LogBlueprint:Warning: [Compiler ] Warning Leak Detected!  MakkeWeapons ( Button ) still has living Slate widgets, it or the parent CanvasPanel_0 ( CanvasPanel ) is keeping them in memory.  Release all Slate resources in ReleaseSlateResources().
[2016.12.20-02.32.52:869][686]BlueprintLog: New page: Compile WorkshopWidget
[2016.12.20-02.32.53:375][698]Cmd: OBJ SAVEPACKAGE PACKAGE="/Game/BP/Widgets/WorkshopWidget" FILE="../../../../../../Admin/Documents/GitHub Repositories/EclypseUE4/ProjectEclypse/Content/BP/Widgets/WorkshopWidget.uasset" SILENT=true
[2016.12.20-02.32.53:434][698]LogSavePackage: Save=51.58ms
[2016.12.20-02.32.53:434][698]LogSavePackage: Moving '../../../../../../Admin/Documents/GitHub Repositories/EclypseUE4/ProjectEclypse/Saved/WorkshopWidgetAB6566004A49D0A31D245E9C5ECB8646.tmp' to '../../../../../../Admin/Documents/GitHub Repositories/EclypseUE4/ProjectEclypse/Content/BP/Widgets/WorkshopWidget.uasset'
[2016.12.20-02.32.53:436][698]LogSavePackage:Display: Finished SavePackage ../../../../../../Admin/Documents/GitHub Repositories/EclypseUE4/ProjectEclypse/Content/BP/Widgets/WorkshopWidget.uasset
[2016.12.20-02.33.47:843][774]BlueprintLog: New page: Compile WorkshopWidget
[2016.12.20-02.33.48:258][783]Cmd: OBJ SAVEPACKAGE PACKAGE="/Game/BP/Widgets/WorkshopWidget" FILE="../../../../../../Admin/Documents/GitHub Repositories/EclypseUE4/ProjectEclypse/Content/BP/Widgets/WorkshopWidget.uasset" SILENT=true
[2016.12.20-02.33.48:314][783]LogSavePackage: Save=52.95ms
[2016.12.20-02.33.48:314][783]LogSavePackage: Moving '../../../../../../Admin/Documents/GitHub Repositories/EclypseUE4/ProjectEclypse/Saved/WorkshopWidget17752B944BC6D627DCC3DEB101AE7C22.tmp' to '../../../../../../Admin/Documents/GitHub Repositories/EclypseUE4/ProjectEclypse/Content/BP/Widgets/WorkshopWidget.uasset'
[2016.12.20-02.33.48:315][783]LogSavePackage:Display: Finished SavePackage ../../../../../../Admin/Documents/GitHub Repositories/EclypseUE4/ProjectEclypse/Content/BP/Widgets/WorkshopWidget.uasset
[2016.12.20-02.34.47:946][409]LogFileHelpers: Editor autosave (incl. sublevels) for '/Game/Maps/EclypseVillage' took 0.017
[2016.12.20-02.34.47:956][409]OBJ SavePackage: Generating thumbnails for [0] asset(s) in package [/Game/BP/Widgets/WorkshopWidget] ([1] browsable assets)...
[2016.12.20-02.34.47:956][409]OBJ SavePackage: Finished generating thumbnails for package [/Game/BP/Widgets/WorkshopWidget]
[2016.12.20-02.34.48:012][409]LogSavePackage: Save=54.20ms
[2016.12.20-02.34.48:012][409]LogSavePackage: Moving '../../../../../../Admin/Documents/GitHub Repositories/EclypseUE4/ProjectEclypse/Saved/WorkshopWidget_Auto3CCD8566343FA7A5AB54E6EA89299FA70.tmp' to '../../../../../../Admin/Documents/GitHub Repositories/EclypseUE4/ProjectEclypse/Saved/Autosaves/Game/BP/Widgets/WorkshopWidget_Auto3.uasset'
[2016.12.20-02.34.48:013][409]LogSavePackage:Display: Finished SavePackage ../../../../../../Admin/Documents/GitHub Repositories/EclypseUE4/ProjectEclypse/Saved/Autosaves/Game/BP/Widgets/WorkshopWidget_Auto3.uasset
[2016.12.20-02.34.48:013][409]LogFileHelpers: Auto-saving content packages took 0.058
[2016.12.20-02.34.49:098][449]BlueprintLog: New page: Compile WorkshopWidget
[2016.12.20-02.34.49:724][460]Cmd: OBJ SAVEPACKAGE PACKAGE="/Game/BP/Widgets/WorkshopWidget" FILE="../../../../../../Admin/Documents/GitHub Repositories/EclypseUE4/ProjectEclypse/Content/BP/Widgets/WorkshopWidget.uasset" SILENT=true
[2016.12.20-02.34.49:780][460]LogSavePackage: Save=53.98ms
[2016.12.20-02.34.49:780][460]LogSavePackage: Moving '../../../../../../Admin/Documents/GitHub Repositories/EclypseUE4/ProjectEclypse/Saved/WorkshopWidget7C89889D4718D2D4B51155831FE0F8BB.tmp' to '../../../../../../Admin/Documents/GitHub Repositories/EclypseUE4/ProjectEclypse/Content/BP/Widgets/WorkshopWidget.uasset'
[2016.12.20-02.34.49:781][460]LogSavePackage:Display: Finished SavePackage ../../../../../../Admin/Documents/GitHub Repositories/EclypseUE4/ProjectEclypse/Content/BP/Widgets/WorkshopWidget.uasset
[2016.12.20-02.34.50:295][474]LogBlueprintUserMessages: Early PlayInEditor Detection: Level '/Game/Maps/EclypseVillage.EclypseVillage:PersistentLevel' has LevelScriptBlueprint '/Game/Maps/EclypseVillage.EclypseVillage:PersistentLevel.EclypseVillage' with GeneratedClass '/Game/Maps/EclypseVillage.EclypseVillage_C' with ClassGeneratedBy '/Game/Maps/EclypseVillage.EclypseVillage:PersistentLevel.EclypseVillage'
[2016.12.20-02.34.50:295][474]LogPlayLevel: PlayLevel: No blueprints needed recompiling
[2016.12.20-02.34.50:296][474]OCULUS: Debug: [HMDState] Using default profile default
[2016.12.20-02.34.50:296][474]OCULUS: Info: IAD changed to 65.3mm
[2016.12.20-02.34.50:296][474]LogHMD: New ovr session is created
[2016.12.20-02.34.50:312][474]LogHMD: HMD Oculus Rift CV1, res = 2160 x 1200
[2016.12.20-02.34.50:312][474]PIE: New page: PIE session: EclypseVillage (20 Dec 2016 11:34:50 pm)
[2016.12.20-02.34.50:312][474]LogPlayLevel: Creating play world package: /Game/Maps/UEDPIE_0_EclypseVillage
[2016.12.20-02.34.50:334][474]LogPlayLevel: PIE: StaticDuplicateObject took: (0.021642s)
[2016.12.20-02.34.50:334][474]LogAIModule: Creating AISystem for world EclypseVillage
[2016.12.20-02.34.50:335][474]LogPlayLevel: PIE: World Init took: (0.000641s)
[2016.12.20-02.34.50:335][474]LogPlayLevel: PIE: Created PIE world by copying editor world from /Game/Maps/EclypseVillage.EclypseVillage to /Game/Maps/UEDPIE_0_EclypseVillage.EclypseVillage (0.022485s)
[2016.12.20-02.34.50:357][474]LogInit: XAudio2 using 'Speakers (Realtek High Definition Audio)' : 8 channels at 48 kHz using 32 bits per sample (channel mask 0x63f)
[2016.12.20-02.34.50:387][474]LogInit: FAudioDevice initialized.
[2016.12.20-02.34.50:424][474]LogWorld: Game class is 'GameManager_C'
[2016.12.20-02.34.50:436][474]LogWorld: Bringing World /Game/Maps/UEDPIE_0_EclypseVillage.EclypseVillage up for play (max tick rate 0) at 2016.12.20-13.34.50
[2016.12.20-02.34.50:436][474]LogWorld: Bringing up level for play took: 0.011747
[2016.12.20-02.34.50:437][474]LogGameMode:Display: Match State Changed from EnteringMap to WaitingToStart
[2016.12.20-02.34.50:437][474]LogGameState: Match State Changed from EnteringMap to WaitingToStart
[2016.12.20-02.34.50:437][474]LogGameMode:Display: Match State Changed from WaitingToStart to InProgress
[2016.12.20-02.34.50:443][474]LogGameState: Match State Changed from WaitingToStart to InProgress
[2016.12.20-02.34.50:445][474]PIE: Info Play in editor start time for /Game/Maps/UEDPIE_0_EclypseVillage 0.332
[2016.12.20-02.34.50:445][474]LogBlueprintUserMessages: Late PlayInEditor Detection: Level '/Game/Maps/EclypseVillage.EclypseVillage:PersistentLevel' has LevelScriptBlueprint '/Game/Maps/EclypseVillage.EclypseVillage:PersistentLevel.EclypseVillage' with GeneratedClass '/Game/Maps/EclypseVillage.EclypseVillage_C' with ClassGeneratedBy '/Game/Maps/EclypseVillage.EclypseVillage:PersistentLevel.EclypseVillage'
[2016.12.20-02.34.52:084][518]LogBlueprintUserMessages: Early EndPlayMap Detection: Level '/Game/Maps/EclypseVillage.EclypseVillage:PersistentLevel' has LevelScriptBlueprint '/Game/Maps/EclypseVillage.EclypseVillage:PersistentLevel.EclypseVillage' with GeneratedClass '/Game/Maps/EclypseVillage.EclypseVillage_C' with ClassGeneratedBy '/Game/Maps/EclypseVillage.EclypseVillage:PersistentLevel.EclypseVillage'
[2016.12.20-02.34.52:117][518]LogHMD: Destroying ovr session
[2016.12.20-02.34.52:163][518]LogBlueprintUserMessages: Late EndPlayMap Detection: Level '/Game/Maps/EclypseVillage.EclypseVillage:PersistentLevel' has LevelScriptBlueprint '/Game/Maps/EclypseVillage.EclypseVillage:PersistentLevel.EclypseVillage' with GeneratedClass '/Game/Maps/EclypseVillage.EclypseVillage_C' with ClassGeneratedBy '/Game/Maps/EclypseVillage.EclypseVillage:PersistentLevel.EclypseVillage'
[2016.12.20-02.35.04:873][573]Cmd: OBJ SAVEPACKAGE PACKAGE="/Game/BP/Widgets/WorkshopWidget" FILE="../../../../../../Admin/Documents/GitHub Repositories/EclypseUE4/ProjectEclypse/Content/BP/Widgets/WorkshopWidget.uasset" SILENT=true
[2016.12.20-02.35.04:930][573]LogSavePackage: Save=54.96ms
[2016.12.20-02.35.04:930][573]LogSavePackage: Moving '../../../../../../Admin/Documents/GitHub Repositories/EclypseUE4/ProjectEclypse/Saved/WorkshopWidget2314289E42744146B10779A0613A4FAA.tmp' to '../../../../../../Admin/Documents/GitHub Repositories/EclypseUE4/ProjectEclypse/Content/BP/Widgets/WorkshopWidget.uasset'
[2016.12.20-02.35.04:932][573]LogSavePackage:Display: Finished SavePackage ../../../../../../Admin/Documents/GitHub Repositories/EclypseUE4/ProjectEclypse/Content/BP/Widgets/WorkshopWidget.uasset
[2016.12.20-02.35.12:830][351]Cmd: OBJ SAVEPACKAGE PACKAGE="/Game/BP/Widgets/WorkshopWidget" FILE="../../../../../../Admin/Documents/GitHub Repositories/EclypseUE4/ProjectEclypse/Content/BP/Widgets/WorkshopWidget.uasset" SILENT=true
[2016.12.20-02.35.12:887][351]LogSavePackage: Save=54.06ms
[2016.12.20-02.35.12:887][351]LogSavePackage: Moving '../../../../../../Admin/Documents/GitHub Repositories/EclypseUE4/ProjectEclypse/Saved/WorkshopWidget99ABA6144466C5238FEB4285FF36EF5D.tmp' to '../../../../../../Admin/Documents/GitHub Repositories/EclypseUE4/ProjectEclypse/Content/BP/Widgets/WorkshopWidget.uasset'
[2016.12.20-02.35.12:888][351]LogSavePackage:Display: Finished SavePackage ../../../../../../Admin/Documents/GitHub Repositories/EclypseUE4/ProjectEclypse/Content/BP/Widgets/WorkshopWidget.uasset
[2