Log file open, 12/07/16 21:52:48
LogInit:Display: Running engine for game: ProjectEclypse
LogPlatformFile: Not using cached read wrapper
LogInit:Display: RandInit(-1488487845) SRandInit(-1488487845).
LogTaskGraph: Started task graph with 5 named threads and 8 total threads with 1 sets of task threads.
LogStats: Stats thread started at 0.062762
LogPluginManager: Loaded Plugin Paper2D, From D:/Program Files (x86)/Epic Games/4.13/Engine/Plugins/2D/Paper2D/Paper2D.uplugin
LogPluginManager: Loaded Plugin LightPropagationVolume, From D:/Program Files (x86)/Epic Games/4.13/Engine/Plugins/Blendables/LightPropagationVolume/LightPropagationVolume.uplugin
LogPluginManager: Loaded Plugin BlankPlugin, From D:/Program Files (x86)/Epic Games/4.13/Engine/Plugins/Developer/BlankPlugin/BlankPlugin.uplugin
LogPluginManager: Loaded Plugin CodeLiteSourceCodeAccess, From D:/Program Files (x86)/Epic Games/4.13/Engine/Plugins/Developer/CodeLiteSourceCodeAccess/CodeLiteSourceCodeAccess.uplugin
LogPluginManager: Loaded Plugin GitSourceControl, From D:/Program Files (x86)/Epic Games/4.13/Engine/Plugins/Developer/GitSourceControl/GitSourceControl.uplugin
LogPluginManager: Loaded Plugin KDevelopSourceCodeAccess, From D:/Program Files (x86)/Epic Games/4.13/Engine/Plugins/Developer/KDevelopSourceCodeAccess/KDevelopSourceCodeAccess.uplugin
LogPluginManager: Loaded Plugin NullSourceCodeAccess, From D:/Program Files (x86)/Epic Games/4.13/Engine/Plugins/Developer/NullSourceCodeAccess/NullSourceCodeAccess.uplugin
LogPluginManager: Loaded Plugin OneSkyLocalizationService, From D:/Program Files (x86)/Epic Games/4.13/Engine/Plugins/Developer/OneSkyLocalizationService/OneSkyLocalizationService.uplugin
LogPluginManager: Loaded Plugin PerforceSourceControl, From D:/Program Files (x86)/Epic Games/4.13/Engine/Plugins/Developer/PerforceSourceControl/PerforceSourceControl.uplugin
LogPluginManager: Loaded Plugin SubversionSourceControl, From D:/Program Files (x86)/Epic Games/4.13/Engine/Plugins/Developer/SubversionSourceControl/SubversionSourceControl.uplugin
LogPluginManager: Loaded Plugin UObjectPlugin, From D:/Program Files (x86)/Epic Games/4.13/Engine/Plugins/Developer/UObjectPlugin/UObjectPlugin.uplugin
LogPluginManager: Loaded Plugin VisualStudioSourceCodeAccess, From D:/Program Files (x86)/Epic Games/4.13/Engine/Plugins/Developer/VisualStudioSourceCodeAccess/VisualStudioSourceCodeAccess.uplugin
LogPluginManager: Loaded Plugin XCodeSourceCodeAccess, From D:/Program Files (x86)/Epic Games/4.13/Engine/Plugins/Developer/XCodeSourceCodeAccess/XCodeSourceCodeAccess.uplugin
LogPluginManager: Loaded Plugin EpicSurvey, From D:/Program Files (x86)/Epic Games/4.13/Engine/Plugins/Editor/EpicSurvey/EpicSurvey.uplugin
LogPluginManager: Loaded Plugin MacGraphicsSwitching, From D:/Program Files (x86)/Epic Games/4.13/Engine/Plugins/Editor/MacGraphicsSwitching/MacGraphicsSwitching.uplugin
LogPluginManager: Loaded Plugin MobileLauncherProfileWizard, From D:/Program Files (x86)/Epic Games/4.13/Engine/Plugins/Editor/MobileLauncherProfileWizard/MobileLauncherProfileWizard.uplugin
LogPluginManager: Loaded Plugin PluginBrowser, From D:/Program Files (x86)/Epic Games/4.13/Engine/Plugins/Editor/PluginBrowser/PluginBrowser.uplugin
LogPluginManager: Loaded Plugin SpeedTreeImporter, From D:/Program Files (x86)/Epic Games/4.13/Engine/Plugins/Editor/SpeedTreeImporter/SpeedTreeImporter.uplugin
LogPluginManager: Loaded Plugin SuperSearchEditor, From D:/Program Files (x86)/Epic Games/4.13/Engine/Plugins/Editor/SuperSearchEditor/SuperSearchEditor.uplugin
LogPluginManager: Loaded Plugin AlembicImporter, From D:/Program Files (x86)/Epic Games/4.13/Engine/Plugins/Experimental/AlembicImporter/AlembicImporter.uplugin
LogPluginManager: Loaded Plugin BlueprintStats, From D:/Program Files (x86)/Epic Games/4.13/Engine/Plugins/Experimental/BlueprintStats/BlueprintStats.uplugin
LogPluginManager: Loaded Plugin CharacterAI, From D:/Program Files (x86)/Epic Games/4.13/Engine/Plugins/Experimental/CharacterAI/CharacterAI.uplugin
LogPluginManager: Loaded Plugin CodeEditor, From D:/Program Files (x86)/Epic Games/4.13/Engine/Plugins/Experimental/CodeEditor/CodeEditor.uplugin
LogPluginManager: Loaded Plugin CodeView, From D:/Program Files (x86)/Epic Games/4.13/Engine/Plugins/Experimental/CodeView/CodeView.uplugin
LogPluginManager: Loaded Plugin HTML5Networking, From D:/Program Files (x86)/Epic Games/4.13/Engine/Plugins/Experimental/HTML5Networking/HTML5Networking.uplugin
LogPluginManager: Loaded Plugin LiveEditor, From D:/Program Files (x86)/Epic Games/4.13/Engine/Plugins/Experimental/LiveEditor/LiveEditor.uplugin
LogPluginManager: Loaded Plugin OSVR, From D:/Program Files (x86)/Epic Games/4.13/Engine/Plugins/Experimental/OSVR/OSVR.uplugin
LogPluginManager: Loaded Plugin Phya, From D:/Program Files (x86)/Epic Games/4.13/Engine/Plugins/Experimental/Phya/Phya.uplugin
LogPluginManager: Loaded Plugin SignificanceManager, From D:/Program Files (x86)/Epic Games/4.13/Engine/Plugins/Experimental/SignificanceManager/SignificanceManager.uplugin
LogPluginManager: Loaded Plugin SimpleHMD, From D:/Program Files (x86)/Epic Games/4.13/Engine/Plugins/Experimental/SimpleHMD/SimpleHMD.uplugin
LogPluginManager: Loaded Plugin StereoPanorama, From D:/Program Files (x86)/Epic Games/4.13/Engine/Plugins/Experimental/StereoPanorama/StereoPanorama.uplugin
LogPluginManager: Loaded Plugin StructBox, From D:/Program Files (x86)/Epic Games/4.13/Engine/Plugins/Experimental/StructBox/StructBox.uplugin
LogPluginManager: Loaded Plugin Substance, From D:/Program Files (x86)/Epic Games/4.13/Engine/Plugins/Marketplace/Substance/Substance.uplugin
LogPluginManager: Loaded Plugin AndroidMedia, From D:/Program Files (x86)/Epic Games/4.13/Engine/Plugins/Media/AndroidMedia/AndroidMedia.uplugin
LogPluginManager: Loaded Plugin AvfMedia, From D:/Program Files (x86)/Epic Games/4.13/Engine/Plugins/Media/AvfMedia/AvfMedia.uplugin
LogPluginManager: Loaded Plugin MediaPlayerEditor, From D:/Program Files (x86)/Epic Games/4.13/Engine/Plugins/Media/MediaPlayerEditor/MediaPlayerEditor.uplugin
LogPluginManager: Loaded Plugin WmfMedia, From D:/Program Files (x86)/Epic Games/4.13/Engine/Plugins/Media/WmfMedia/WmfMedia.uplugin
LogPluginManager: Loaded Plugin MessagingDebugger, From D:/Program Files (x86)/Epic Games/4.13/Engine/Plugins/Messaging/MessagingDebugger/MessagingDebugger.uplugin
LogPluginManager: Loaded Plugin TcpMessaging, From D:/Program Files (x86)/Epic Games/4.13/Engine/Plugins/Messaging/TcpMessaging/TcpMessaging.uplugin
LogPluginManager: Loaded Plugin UdpMessaging, From D:/Program Files (x86)/Epic Games/4.13/Engine/Plugins/Messaging/UdpMessaging/UdpMessaging.uplugin
LogPluginManager: Loaded Plugin LevelSequenceEditor, From D:/Program Files (x86)/Epic Games/4.13/Engine/Plugins/MovieScene/LevelSequenceEditor/LevelSequenceEditor.uplugin
LogPluginManager: Loaded Plugin MatineeToLevelSequence, From D:/Program Files (x86)/Epic Games/4.13/Engine/Plugins/MovieScene/MatineeToLevelSequence/MatineeToLevelSequence.uplugin
LogPluginManager: Loaded Plugin NetcodeUnitTest, From D:/Program Files (x86)/Epic Games/4.13/Engine/Plugins/NetcodeUnitTest/NetcodeUnitTest/NetcodeUnitTest.uplugin
LogPluginManager: Loaded Plugin NUTUnrealEngine4, From D:/Program Files (x86)/Epic Games/4.13/Engine/Plugins/NetcodeUnitTest/NUTUnrealEngine4/NUTUnrealEngine4.uplugin
LogPluginManager: Loaded Plugin OnlineSubsystemGooglePlay, From D:/Program Files (x86)/Epic Games/4.13/Engine/Plugins/Online/Android/OnlineSubsystemGooglePlay/OnlineSubsystemGooglePlay.uplugin
LogPluginManager: Loaded Plugin OnlineSubsystemIOS, From D:/Program Files (x86)/Epic Games/4.13/Engine/Plugins/Online/IOS/OnlineSubsystemIOS/OnlineSubsystemIOS.uplugin
LogPluginManager: Loaded Plugin OnlineFramework, From D:/Program Files (x86)/Epic Games/4.13/Engine/Plugins/Online/OnlineFramework/OnlineFramework.uplugin
LogPluginManager: Loaded Plugin OnlineSubsystem, From D:/Program Files (x86)/Epic Games/4.13/Engine/Plugins/Online/OnlineSubsystem/OnlineSubsystem.uplugin
LogPluginManager: Loaded Plugin OnlineSubsystemAmazon, From D:/Program Files (x86)/Epic Games/4.13/Engine/Plugins/Online/OnlineSubsystemAmazon/OnlineSubsystemAmazon.uplugin
LogPluginManager: Loaded Plugin OnlineSubsystemFacebook, From D:/Program Files (x86)/Epic Games/4.13/Engine/Plugins/Online/OnlineSubsystemFacebook/OnlineSubsystemFacebook.uplugin
LogPluginManager: Loaded Plugin OnlineSubsystemNull, From D:/Program Files (x86)/Epic Games/4.13/Engine/Plugins/Online/OnlineSubsystemNull/OnlineSubsystemNull.uplugin
LogPluginManager: Loaded Plugin OnlineSubsystemOculus, From D:/Program Files (x86)/Epic Games/4.13/Engine/Plugins/Online/OnlineSubsystemOculus/OnlineSubsystemOculus.uplugin
LogPluginManager: Loaded Plugin OnlineSubsystemSteam, From D:/Program Files (x86)/Epic Games/4.13/Engine/Plugins/Online/OnlineSubsystemSteam/OnlineSubsystemSteam.uplugin
LogPluginManager: Loaded Plugin OnlineSubsystemUtils, From D:/Program Files (x86)/Epic Games/4.13/Engine/Plugins/Online/OnlineSubsystemUtils/OnlineSubsystemUtils.uplugin
LogPluginManager: Loaded Plugin IOSTapJoy, From D:/Program Files (x86)/Epic Games/4.13/Engine/Plugins/Runtime/Advertising/IOSTapJoy/IOSTapJoy.uplugin
LogPluginManager: Loaded Plugin AnalyticsBlueprintLibrary, From D:/Program Files (x86)/Epic Games/4.13/Engine/Plugins/Runtime/Analytics/AnalyticsBlueprintLibrary/AnalyticsBlueprintLibrary.uplugin
LogPluginManager: Loaded Plugin AnalyticsMulticast, From D:/Program Files (x86)/Epic Games/4.13/Engine/Plugins/Runtime/Analytics/AnalyticsMulticast/AnalyticsMulticast.uplugin
LogPluginManager: Loaded Plugin Apsalar, From D:/Program Files (x86)/Epic Games/4.13/Engine/Plugins/Runtime/Analytics/Apsalar/Apsalar.uplugin
LogPluginManager: Loaded Plugin FileLogging, From D:/Program Files (x86)/Epic Games/4.13/Engine/Plugins/Runtime/Analytics/FileLogging/FileLogging.uplugin
LogPluginManager: Loaded Plugin Flurry, From D:/Program Files (x86)/Epic Games/4.13/Engine/Plugins/Runtime/Analytics/Flurry/Flurry.uplugin
LogPluginManager: Loaded Plugin AndroidDeviceProfileSelector, From D:/Program Files (x86)/Epic Games/4.13/Engine/Plugins/Runtime/AndroidDeviceProfileSelector/AndroidDeviceProfileSelector.uplugin
LogPluginManager: Loaded Plugin AndroidMoviePlayer, From D:/Program Files (x86)/Epic Games/4.13/Engine/Plugins/Runtime/AndroidMoviePlayer/AndroidMoviePlayer.uplugin
LogPluginManager: Loaded Plugin AppleMoviePlayer, From D:/Program Files (x86)/Epic Games/4.13/Engine/Plugins/Runtime/AppleMoviePlayer/AppleMoviePlayer.uplugin
LogPluginManager: Loaded Plugin ArchVisCharacter, From D:/Program Files (x86)/Epic Games/4.13/Engine/Plugins/Runtime/ArchVisCharacter/ArchVisCharacter.uplugin
LogPluginManager: Loaded Plugin CableComponent, From D:/Program Files (x86)/Epic Games/4.13/Engine/Plugins/Runtime/CableComponent/CableComponent.uplugin
LogPluginManager: Loaded Plugin CustomMeshComponent, From D:/Program Files (x86)/Epic Games/4.13/Engine/Plugins/Runtime/CustomMeshComponent/CustomMeshComponent.uplugin
LogPluginManager: Loaded Plugin ExampleDeviceProfileSelector, From D:/Program Files (x86)/Epic Games/4.13/Engine/Plugins/Runtime/ExampleDeviceProfileSelector/ExampleDeviceProfileSelector.uplugin
LogPluginManager: Loaded Plugin GearVR, From D:/Program Files (x86)/Epic Games/4.13/Engine/Plugins/Runtime/GearVR/GearVR.uplugin
LogPluginManager: Loaded Plugin GoogleVRController, From D:/Program Files (x86)/Epic Games/4.13/Engine/Plugins/Runtime/GoogleVR/GoogleVRController/GoogleVRController.uplugin
LogPluginManager: Loaded Plugin GoogleVRHMD, From D:/Program Files (x86)/Epic Games/4.13/Engine/Plugins/Runtime/GoogleVR/GoogleVRHMD/GoogleVRHMD.uplugin
LogPluginManager: Loaded Plugin IOSDeviceProfileSelector, From D:/Program Files (x86)/Epic Games/4.13/Engine/Plugins/Runtime/IOSDeviceProfileSelector/IOSDeviceProfileSelector.uplugin
LogPluginManager: Loaded Plugin LeapMotion, From D:/Program Files (x86)/Epic Games/4.13/Engine/Plugins/Runtime/LeapMotion/LeapMotion.uplugin
LogPluginManager: Loaded Plugin LinuxDeviceProfileSelector, From D:/Program Files (x86)/Epic Games/4.13/Engine/Plugins/Runtime/LinuxDeviceProfileSelector/LinuxDeviceProfileSelector.uplugin
LogPluginManager: Loaded Plugin LiveEditorListenServer, From D:/Program Files (x86)/Epic Games/4.13/Engine/Plugins/Runtime/LiveEditorListenServer/LiveEditorListenServer.uplugin
LogPluginManager: Loaded Plugin OculusAudio, From D:/Program Files (x86)/Epic Games/4.13/Engine/Plugins/Runtime/OculusAudio/OculusAudio.uplugin
LogPluginManager: Loaded Plugin OculusInput, From D:/Program Files (x86)/Epic Games/4.13/Engine/Plugins/Runtime/OculusInput/OculusInput.uplugin
LogPluginManager: Loaded Plugin OculusLibrary, From D:/Program Files (x86)/Epic Games/4.13/Engine/Plugins/Runtime/OculusLibrary/OculusLibrary.uplugin
LogPluginManager: Loaded Plugin OculusRift, From D:/Program Files (x86)/Epic Games/4.13/Engine/Plugins/Runtime/OculusRift/OculusRift.uplugin
LogPluginManager: Loaded Plugin Oodle, From D:/Program Files (x86)/Epic Games/4.13/Engine/Plugins/Runtime/PacketHandlers/CompressionComponents/Oodle/Oodle.uplugin
LogPluginManager: Loaded Plugin ProceduralMeshComponent, From D:/Program Files (x86)/Epic Games/4.13/Engine/Plugins/Runtime/ProceduralMeshComponent/ProceduralMeshComponent.uplugin
LogPluginManager: Loaded Plugin SoundMod, From D:/Program Files (x86)/Epic Games/4.13/Engine/Plugins/Runtime/SoundMod/SoundMod.uplugin
LogPluginManager: Loaded Plugin SoundVisualizations, From D:/Program Files (x86)/Epic Games/4.13/Engine/Plugins/Runtime/SoundVisualizations/SoundVisualizations.uplugin
LogPluginManager: Loaded Plugin SteamController, From D:/Program Files (x86)/Epic Games/4.13/Engine/Plugins/Runtime/Steam/SteamController/SteamController.uplugin
LogPluginManager: Loaded Plugin SteamVR, From D:/Program Files (x86)/Epic Games/4.13/Engine/Plugins/Runtime/Steam/SteamVR/SteamVR.uplugin
LogPluginManager: Loaded Plugin WebBrowserWidget, From D:/Program Files (x86)/Epic Games/4.13/Engine/Plugins/Runtime/WebBrowserWidget/WebBrowserWidget.uplugin
LogPluginManager: Loaded Plugin WindowsDeviceProfileSelector, From D:/Program Files (x86)/Epic Games/4.13/Engine/Plugins/Runtime/WindowsDeviceProfileSelector/WindowsDeviceProfileSelector.uplugin
LogPluginManager: Loaded Plugin WindowsMoviePlayer, From D:/Program Files (x86)/Epic Games/4.13/Engine/Plugins/Runtime/WindowsMoviePlayer/WindowsMoviePlayer.uplugin
LogPluginManager: Loaded Plugin ScriptPlugin, From D:/Program Files (x86)/Epic Games/4.13/Engine/Plugins/ScriptPlugin/ScriptPlugin.uplugin
LogPluginManager: Loaded Plugin SlateRemote, From D:/Program Files (x86)/Epic Games/4.13/Engine/Plugins/Slate/SlateRemote/SlateRemote.uplugin
LogInit: Using libcurl 7.47.1
LogInit:  - built for x86_64-pc-win32
LogInit:  - supports SSL with WinSSL
LogInit:  - other features:
LogInit:      CURL_VERSION_SSL
LogInit:      CURL_VERSION_IPV6
LogInit:      CURL_VERSION_ASYNCHDNS
LogInit:      CURL_VERSION_LARGEFILE
LogInit:      CURL_VERSION_IDN
LogInit:  CurlRequestOptions (configurable via config and command line):
LogInit:  - bVerifyPeer = false  - Libcurl will NOT verify peer certificate
LogInit:  - bUseHttpProxy = false  - Libcurl will NOT use HTTP proxy
LogInit:  - bDontReuseConnections = false  - Libcurl will reuse connections
LogInit:  - CertBundlePath = nullptr  - Libcurl will use whatever was configured at build time.
OCULUS: Info: [CAPI] LibOVR module is located at C:\Program Files\Oculus\Support\oculus-runtime\LibOVRRT64_1.dll
OCULUS: Debug: Connected to the server running version (prod = 1).1.10.1(build = 315393) feature version = 0. Client runs version (prod = 1).1.10.1(build = 315393) feature version = 0
OCULUS: Debug: [HMDState] Using default profile default
OCULUS: Info: IAD changed to 64.6mm
OCULUS: Debug: [SharedMemory] Creating factory
LogInit: Build: ++UE4+Release-4.13-CL-3142249
LogInit: Engine Version: 4.13.1-3142249+++UE4+Release-4.13
LogInit: Compatible Engine Version: 4.13.0-3106830+++UE4+Release-4.13
LogInit: Net CL: 3142249
LogDevObjectVersion: Number of dev versions registered: 13
LogDevObjectVersion:   Dev-Blueprints (B0D832E4-1F89-4F0D-ACCF-7EB736FD4AA2): 5
LogDevObjectVersion:   Dev-Build (E1C64328-A22C-4D53-A36C-8E866417BD8C): 0
LogDevObjectVersion:   Dev-Core (375EC13C-06E4-48FB-B500-84F0262A717E): 1
LogDevObjectVersion:   Dev-Editor (E4B068ED-F494-42E9-A231-DA0B2E46BB41): 6
LogDevObjectVersion:   Dev-Framework (CFFC743F-43B0-4480-9391-14DF171D2073): 12
LogDevObjectVersion:   Dev-Mobile (B02B49B5-BB20-44E9-A304-32B752E40360): 0
LogDevObjectVersion:   Dev-Networking (A4E4105C-59A1-49B5-A7C5-40C4547EDFEE): 0
LogDevObjectVersion:   Dev-Online (39C831C9-5AE6-47DC-9A44-9C173E1C8E7C): 0
LogDevObjectVersion:   Dev-Physics (78F01B33-EBEA-4F98-B9B4-84EACCB95AA2): 0
LogDevObjectVersion:   Dev-Platform (6631380F-2D4D-43E0-8009-CF276956A95A): 0
LogDevObjectVersion:   Dev-Rendering (12F88B9F-8875-4AFC-A67C-D90C383ABD29): 4
LogDevObjectVersion:   Dev-Sequencer (7B5AE74C-D270-4C10-A958-57980B212A5A): 0
LogDevObjectVersion:   Dev-VR (D7296918-1DD6-4BDD-9DE2-64A83CC13884): 0
LogInit: Compiled (64-bit): Sep 28 2016 02:12:12
LogInit: Compiled with Visual C++: 19.00.23026.00
LogInit: Build Configuration: Development
LogInit: Branch Name: ++UE4+Release-4.13
LogInit: Command line: -EpicPortal 
LogInit: Base directory: D:/Program Files (x86)/Epic Games/4.13/Engine/Binaries/Win64/
LogInit: Installed Engine Build: 1
LogInit: Presizing for max 8388607 objects, including 0 objects not considered by GC, pre-allocating 0 bytes for permanent pool.
LogInit: Object subsystem initialized
[2016.12.07-10.52.48:804][  0]LogInit: Selected Device Profile: [Windows]
[2016.12.07-10.52.48:804][  0]LogInit: Applying CVar settings loaded from the selected device profile: [Windows]
[2016.12.07-10.52.48:813][  0]LogInit: Computer: DESKTOP-M92PTO3
[2016.12.07-10.52.48:813][  0]LogInit: User: StefanoAdmin
[2016.12.07-10.52.48:813][  0]LogInit: CPU Page size=65536, Cores=4
[2016.12.07-10.52.48:813][  0]LogInit: High frequency timer resolution =3.328125 MHz
[2016.12.07-10.52.48:813][  0]LogMemory: Memory total: Physical=15.9GB (16GB approx)
[2016.12.07-10.52.48:813][  0]LogMemory: Platform Memory Stats for Windows
[2016.12.07-10.52.48:813][  0]LogMemory: Process Physical Memory: 266.45 MB used, 266.45 MB peak
[2016.12.07-10.52.48:813][  0]LogMemory: Process Virtual Memory: 267.29 MB used, 267.29 MB peak
[2016.12.07-10.52.48:813][  0]LogMemory: Physical Memory: 7271.16 MB used, 16313.61 MB total
[2016.12.07-10.52.48:813][  0]LogMemory: Virtual Memory: 674.75 MB used, 134217728.00 MB total
[2016.12.07-10.52.49:073][  0]LogTextLocalizationManager: No specific translations for ('en-AU') exist, so ('en') translations will be used.
[2016.12.07-10.52.49:556][  0]LogD3D11RHI: D3D11 adapters:
[2016.12.07-10.52.50:047][  0]LogD3D11RHI:    0. 'NVIDIA GeForce GTX 980' (Feature Level 11_0)
[2016.12.07-10.52.50:048][  0]LogD3D11RHI:       4060/0/8156 MB DedicatedVideo/DedicatedSystem/SharedSystem, Outputs:1, VendorId:0x10de
[2016.12.07-10.52.50:049][  0]LogD3D11RHI:    1. 'Microsoft Basic Render Driver' (Feature Level 11_0)
[2016.12.07-10.52.50:049][  0]LogD3D11RHI:       0/0/8156 MB DedicatedVideo/DedicatedSystem/SharedSystem, Outputs:0, VendorId:0x1414
[2016.12.07-10.52.50:049][  0]LogD3D11RHI: Chosen D3D11 Adapter: 0
[2016.12.07-10.52.50:053][  0]LogD3D11RHI: Creating new Direct3DDevice
[2016.12.07-10.52.50:053][  0]LogD3D11RHI:     GPU DeviceId: 0x13c0 (for the marketing name, search the web for "GPU Device Id")
[2016.12.07-10.52.50:053][  0]LogWindows: EnumDisplayDevices:
[2016.12.07-10.52.50:053][  0]LogWindows:    0. 'NVIDIA GeForce GTX 980' (P:1 D:1)
[2016.12.07-10.52.50:053][  0]LogWindows:    1. 'NVIDIA GeForce GTX 980' (P:0 D:0)
[2016.12.07-10.52.50:053][  0]LogWindows:    2. 'NVIDIA GeForce GTX 980' (P:0 D:0)
[2016.12.07-10.52.50:053][  0]LogWindows:    3. 'NVIDIA GeForce GTX 980' (P:0 D:0)
[2016.12.07-10.52.50:054][  0]LogWindows: DebugString: FoundDriverCount:4 
[2016.12.07-10.52.50:054][  0]LogD3D11RHI:     Adapter Name: NVIDIA GeForce GTX 980
[2016.12.07-10.52.50:054][  0]LogD3D11RHI:   Driver Version: 376.09 (internal:21.21.13.7609, unified:376.09)
[2016.12.07-10.52.50:054][  0]LogD3D11RHI:      Driver Date: 11-24-2016
[2016.12.07-10.52.50:054][  0]LogRHI: Texture pool is 1361 MB (70% of 1945 MB)
[2016.12.07-10.52.50:480][  0]LogD3D11RHI: Async texture creation enabled
[2016.12.07-10.52.50:505][  0]LogD3D11RHI: GPU Timing Frequency: 1000.000000 (Debug: 2 1)
[2016.12.07-10.52.50:505][  0]LogShaderCompilers: Guid format shader working directory is -33 characters bigger than the processId version (../../../../../../Admin/Documents/GitHub Repositories/EclypseUE4/ProjectEclypse/Intermediate/Shaders/WorkingDirectory/8368/).
[2016.12.07-10.52.50:505][  0]LogShaderCompilers: Cleaned the shader compiler working directory 'C:/Users/Admin/AppData/Local/Temp/UnrealShaderWorkingDir/44711EBA4DE0448D2F7D258824688AE5/'.
[2016.12.07-10.52.50:505][  0]LogShaderCompilers:Display: Using Local Shader Compiler.
[2016.12.07-10.52.51:326][  0]LogTemp:Display: Loaded TP AllDesktopTargetPlatform
[2016.12.07-10.52.51:335][  0]LogTemp:Display: Loaded TP WindowsClientTargetPlatform
[2016.12.07-10.52.51:342][  0]LogTemp:Display: Loaded TP WindowsNoEditorTargetPlatform
[2016.12.07-10.52.51:351][  0]LogTemp:Display: Loaded TP WindowsServerTargetPlatform
[2016.12.07-10.52.51:358][  0]LogTemp:Display: Loaded TP WindowsTargetPlatform
[2016.12.07-10.52.51:365][  0]LogTemp:Display: Loaded TP AndroidTargetPlatform
[2016.12.07-10.52.51:373][  0]LogTemp:Display: Loaded TP Android_ASTCTargetPlatform
[2016.12.07-10.52.51:378][  0]LogTemp:Display: Loaded TP Android_ATCTargetPlatform
[2016.12.07-10.52.51:384][  0]LogTemp:Display: Loaded TP Android_DXTTargetPlatform
[2016.12.07-10.52.51:392][  0]LogTemp:Display: Loaded TP Android_ETC1TargetPlatform
[2016.12.07-10.52.51:398][  0]LogTemp:Display: Loaded TP Android_ETC2TargetPlatform
[2016.12.07-10.52.51:408][  0]LogTemp:Display: Loaded TP Android_MultiTargetPlatform
[2016.12.07-10.52.51:408][  0]LogTemp:Display: Loaded TP Android_PVRTCTargetPlatform
[2016.12.07-10.52.51:408][  0]LogTemp:Display: Loaded TP HTML5TargetPlatform
[2016.12.07-10.52.51:426][  0]LogTemp:Display: Loaded TP IOSTargetPlatform
[2016.12.07-10.52.51:431][  0]LogTemp:Display: Loaded TP TVOSTargetPlatform
[2016.12.07-10.52.51:436][  0]LogTemp:Display: Loaded TP LinuxClientTargetPlatform
[2016.12.07-10.52.51:443][  0]LogTemp:Display: Loaded TP LinuxNoEditorTargetPlatform
[2016.12.07-10.52.51:448][  0]LogTemp:Display: Loaded TP LinuxServerTargetPlatform
[2016.12.07-10.52.51:453][  0]LogTemp:Display: Loaded TP LinuxTargetPlatform
[2016.12.07-10.52.51:453][  0]LogTargetPlatformManager:Display: Building Assets For Windows
[2016.12.07-10.52.51:491][  0]LogDerivedDataCache:Display: Max Cache Size: 512 MB
[2016.12.07-10.52.51:546][  0]LogDerivedDataCache: Loaded boot cache 0.05s 62MB C:/Users/Admin/AppData/Local/UnrealEngine/4.13/DerivedDataCache/Boot.ddc.
[2016.12.07-10.52.51:546][  0]LogDerivedDataCache:Display: Loaded Boot cache: C:/Users/Admin/AppData/Local/UnrealEngine/4.13/DerivedDataCache/Boot.ddc
[2016.12.07-10.52.51:546][  0]LogDerivedDataCache: FDerivedDataBackendGraph:  Pak pak cache file ../../../../../../Admin/Documents/GitHub Repositories/EclypseUE4/ProjectEclypse/DerivedDataCache/DDC.ddp not found, will not use a pak cache.
[2016.12.07-10.52.51:546][  0]LogDerivedDataCache: Unable to find inner node Pak for hierarchical cache Hierarchy.
[2016.12.07-10.52.51:546][  0]LogDerivedDataCache: FDerivedDataBackendGraph:  CompressedPak pak cache file ../../../../../../Admin/Documents/GitHub Repositories/EclypseUE4/ProjectEclypse/DerivedDataCache/Compressed.ddp not found, will not use a pak cache.
[2016.12.07-10.52.51:546][  0]LogDerivedDataCache: Unable to find inner node CompressedPak for hierarchical cache Hierarchy.
[2016.12.07-10.52.51:561][  0]LogDerivedDataCache:Display: Pak cache opened for reading ../../../Engine/DerivedDataCache/Compressed.ddp.
[2016.12.07-10.52.51:573][  0]LogDerivedDataCache: Using Local data cache path C:/Users/Admin/AppData/Local/UnrealEngine/Common/DerivedDataCache: Writable
[2016.12.07-10.52.51:735][  0]LogInit: Selected Device Profile: [Windows]
[2016.12.07-10.52.51:736][  0]LogContentStreaming: Texture pool size is 0.00 MB
[2016.12.07-10.52.51:812][  0]LogMeshUtilities: No automatic mesh reduction module available
[2016.12.07-10.52.51:812][  0]LogMeshUtilities: No automatic mesh merging module available
[2016.12.07-10.52.51:812][  0]LogMeshUtilities: No distributed automatic mesh merging module available
[2016.12.07-10.52.51:865][  0]LogMaterial: Uniform references updated for custom material expression Custom.
[2016.12.07-10.52.52:091][  0]LogNetVersion: GetLocalNetworkVersion: CL: 3106830, ProjectName: projecteclypse, ProjectVersion: , EngineNetworkVersion: 1, GameNetworkVersion: 0, NetworkChecksum: 2418632494
[2016.12.07-10.52.52:128][  0]LogAssetRegistry: FAssetRegistry took 0.0213 seconds to start up
[2016.12.07-10.52.52:150][  0]LogPackageLocalizationCache: Processed 3 localized package path(s) for 2 prioritized culture(s) in 0.020076 seconds
[2016.12.07-10.52.52:154][  0]LogUObjectArray: 29778 objects as part of root set at end of initial load.
[2016.12.07-10.52.52:154][  0]LogUObjectAllocator: 6125448 out of 0 bytes used by permanent object pool.
[2016.12.07-10.52.52:154][  0]LogUObjectArray: CloseDisregardForGC: 0/0 objects in disregard for GC pool
[2016.12.07-10.52.52:157][  0]LogInit: WinSock: version 1.1 (2.2), MaxSocks=32767, MaxUdp=65467
[2016.12.07-10.52.52:298][  0]LogSlate: SlateFontCache - WITH_FREETYPE: 1, WITH_HARFBUZZ: 1
[2016.12.07-10.52.52:298][  0]LogSlate: SlateFontCache - WITH_FREETYPE: 1, WITH_HARFBUZZ: 1
[2016.12.07-10.52.52:807][  0]LogSubstanceCoreModule: Substance CPU Engine Loaded, Max Texture Size 2048
[2016.12.07-10.52.52:811][  0]LogTcpMessaging: Initializing TcpMessaging bridge
[2016.12.07-10.52.52:827][  0]LogUdpMessaging: Initializing bridge on interface 0.0.0.0:0 to multicast group 230.0.0.1:6666.
[2016.12.07-10.52.53:007][  0]SourceControl: Info Source control is disabled
[2016.12.07-10.52.53:039][  0]SourceControl: Info Source control is disabled
[2016.12.07-10.52.53:045][  0]SourceControl: Info Source control is disabled
[2016.12.07-10.52.53:050][  0]SourceControl: Info Source control is disabled
[2016.12.07-10.52.53:217][  0]LogEngine: Initializing Engine...
[2016.12.07-10.52.53:217][  0]LogHMD: Oculus plugin initialized. Version: 4.13.1-3142249+++UE4+Release-4.13, LibOVR: 1.10.1, SDK: 1.6.0, built Sep 28 2016, 02:14:12
[2016.12.07-10.52.53:319][  0]OCULUS: Debug: [HMDState] Using default profile default
[2016.12.07-10.52.53:319][  0]OCULUS: Info: IAD changed to 64.6mm
[2016.12.07-10.52.53:324][  0]LogAIModule: Creating AISystem for world Untitled
[2016.12.07-10.52.53:335][  0]LogInit: XAudio2 using 'Speakers (Realtek High Definition Audio)' : 8 channels at 48 kHz using 32 bits per sample (channel mask 0x63f)
[2016.12.07-10.52.53:367][  0]LogInit: FAudioDevice initialized.
[2016.12.07-10.52.53:397][  0]LogDerivedDataCache: Saved boot cache 0.03s 62MB C:/Users/Admin/AppData/Local/UnrealEngine/4.13/DerivedDataCache/Boot.ddc.
[2016.12.07-10.52.53:404][  0]LogInit: Texture streaming: Enabled
[2016.12.07-10.52.53:418][  0]LogInit: Transaction tracking system initialized
[2016.12.07-10.52.53:430][  0]BlueprintLog: New page: Editor Load
[2016.12.07-10.52.53:472][  0]LocalizationService: Info Localization service is disabled
[2016.12.07-10.52.53:523][  0]LogConsoleResponse:Display: 
[2016.12.07-10.52.53:601][  0]LogCook:Display: Max memory allowance for cook 16384mb min free memory 0mb
[2016.12.07-10.52.53:601][  0]LogCook:Display: Mobile HDR setting 1
[2016.12.07-10.52.53:692][  0]LogFileCache: Scanning file cache for directory 'D:/Admin/Documents/GitHub Repositories/EclypseUE4/ProjectEclypse/Content/' took 0.01s
[2016.12.07-10.52.53:692][  0]SourceControl: Info Source control is disabled
[2016.12.07-10.52.53:763][  0]LogWindowsTextInputMethodSystem:Display: IME system now deactivated.
[2016.12.07-10.52.56:357][  0]LogWindowsTextInputMethodSystem:Display: IME system now deactivated.
[2016.12.07-10.52.56:361][  0]LogWindowsTextInputMethodSystem:Display: IME system now deactivated.
[2016.12.07-10.52.58:268][  0]LogWindowsTextInputMethodSystem:Display: IME system now deactivated.
[2016.12.07-10.52.58:276][  0]LogWindowsTextInputMethodSystem:Display: IME system now deactivated.
[2016.12.07-10.52.58:277][  0]Cmd: MAP LOAD FILE="../../../../../../Admin/Documents/GitHub Repositories/EclypseUE4/ProjectEclypse/Content/Maps/EclypseVillage.umap" TEMPLATE=0 SHOWPROGRESS=1 FEATURELEVEL=3
[2016.12.07-10.52.58:277][  0]LightingResults: New page: Lighting Build
[2016.12.07-10.52.58:279][  0]MapCheck: New page: Map Check
[2016.12.07-10.52.58:279][  0]LightingResults: New page: Lighting Build
[2016.12.07-10.52.59:215][  0]LogAIModule: Creating AISystem for world EclypseVillage
[2016.12.07-10.52.59:224][  0]LogEditorServer: Finished looking for orphan Actors (0.000 secs)
[2016.12.07-10.52.59:224][  0]Cmd: MAP CHECKDEP NOCLEARLOG
[2016.12.07-10.52.59:266][  0]MapCheck: Info Map check complete: 0 Error(s), 0 Warning(s), took 41.315ms to complete.
[2016.12.07-10.52.59:266][  0]LogFileHelpers: Loading map 'EclypseVillage' took 0.989
[2016.12.07-10.52.59:314][  0]LogStats:Warning: MetaData mismatch. Did you assign a stat to two groups? New //STATGROUP_Threads//SplashScreenThread///Thread_12d0_0///####STATCAT_Advanced#### old //STATGROUP_Threads//SplashScreenThread///Thread_319c_0///####STATCAT_Advanced####
[2016.12.07-10.52.59:314][  0]LogCollectionManager: Loaded 0 collections in 0.000666 seconds
[2016.12.07-10.52.59:352][  0]LogFileCache: Scanning file cache for directory 'D:/Admin/Documents/GitHub Repositories/EclypseUE4/ProjectEclypse/Saved/Collections/' took 0.01s
[2016.12.07-10.52.59:352][  0]LogFileCache: Scanning file cache for directory 'D:/Admin/Documents/GitHub Repositories/EclypseUE4/ProjectEclypse/Content/Developers/StefanoAdmin/Collections/' took 0.01s
[2016.12.07-10.52.59:352][  0]LogFileCache: Scanning file cache for directory 'D:/Admin/Documents/GitHub Repositories/EclypseUE4/ProjectEclypse/Content/Collections/' took 0.01s
[2016.12.07-10.52.59:352][  0]LogCollectionManager: Rebuilt the GUID cache for 0 collections in 0.000002 seconds
[2016.12.07-10.52.59:359][  0]LogContentBrowser: Native class hierarchy populated in 0.0068 seconds. Added 2156 classes and 421 folders.
[2016.12.07-10.52.59:361][  0]LogStats: UGameplayTagsManager::ConstructGameplayTagTree: Construct from data asset -  0.000 s
[2016.12.07-10.52.59:361][  0]LogStats: UGameplayTagsManager::ConstructGameplayTagTree: GameplayTagTreeChangedEvent.Broadcast -  0.000 s
[2016.12.07-10.52.59:361][  0]LogContentBrowser: Native class hierarchy updated for 'GameplayTags' in 0.0004 seconds. Added 12 classes and 0 folders.
[2016.12.07-10.52.59:363][  0]LogContentBrowser: Native class hierarchy updated for 'WidgetCarousel' in 0.0003 seconds. Added 0 classes and 0 folders.
[2016.12.07-10.52.59:389][  0]LogContentBrowser: Native class hierarchy updated for 'AddContentDialog' in 0.0003 seconds. Added 0 classes and 0 folders.
[2016.12.07-10.52.59:392][  0]LogContentBrowser: Native class hierarchy updated for 'SceneOutliner' in 0.0003 seconds. Added 1 classes and 2 folders.
[2016.12.07-10.52.59:433][  0]LogCrashTracker: Crashtracker disabled due to settings.
[2016.12.07-10.52.59:437][  0]LogUObjectGlobals:Warning: Failed to find object 'Class None.'
[2016.12.07-10.5