Log file open, 12/20/16 10:19:30
LogInit:Display: Running engine for game: ProjectEclypse
LogPlatformFile: Not using cached read wrapper
LogInit:Display: RandInit(-1340954559) SRandInit(-1340954559).
LogTaskGraph: Started task graph with 5 named threads and 8 total threads with 1 sets of task threads.
LogStats: Stats thread started at 0.068914
LogPluginManager: Loaded Plugin Paper2D, From D:/Program Files (x86)/Epic Games/4.13/Engine/Plugins/2D/Paper2D/Paper2D.uplugin
LogPluginManager: Loaded Plugin LightPropagationVolume, From D:/Program Files (x86)/Epic Games/4.13/Engine/Plugins/Blendables/LightPropagationVolume/LightPropagationVolume.uplugin
LogPluginManager: Loaded Plugin BlankPlugin, From D:/Program Files (x86)/Epic Games/4.13/Engine/Plugins/Developer/BlankPlugin/BlankPlugin.uplugin
LogPluginManager: Loaded Plugin CodeLiteSourceCodeAccess, From D:/Program Files (x86)/Epic Games/4.13/Engine/Plugins/Developer/CodeLiteSourceCodeAccess/CodeLiteSourceCodeAccess.uplugin
LogPluginManager: Loaded Plugin GitSourceControl, From D:/Program Files (x86)/Epic Games/4.13/Engine/Plugins/Developer/GitSourceControl/GitSourceControl.uplugin
LogPluginManager: Loaded Plugin KDevelopSourceCodeAccess, From D:/Program Files (x86)/Epic Games/4.13/Engine/Plugins/Developer/KDevelopSourceCodeAccess/KDevelopSourceCodeAccess.uplugin
LogPluginManager: Loaded Plugin NullSourceCodeAccess, From D:/Program Files (x86)/Epic Games/4.13/Engine/Plugins/Developer/NullSourceCodeAccess/NullSourceCodeAccess.uplugin
LogPluginManager: Loaded Plugin OneSkyLocalizationService, From D:/Program Files (x86)/Epic Games/4.13/Engine/Plugins/Developer/OneSkyLocalizationService/OneSkyLocalizationService.uplugin
LogPluginManager: Loaded Plugin PerforceSourceControl, From D:/Program Files (x86)/Epic Games/4.13/Engine/Plugins/Developer/PerforceSourceControl/PerforceSourceControl.uplugin
LogPluginManager: Loaded Plugin SubversionSourceControl, From D:/Program Files (x86)/Epic Games/4.13/Engine/Plugins/Developer/SubversionSourceControl/SubversionSourceControl.uplugin
LogPluginManager: Loaded Plugin UObjectPlugin, From D:/Program Files (x86)/Epic Games/4.13/Engine/Plugins/Developer/UObjectPlugin/UObjectPlugin.uplugin
LogPluginManager: Loaded Plugin VisualStudioSourceCodeAccess, From D:/Program Files (x86)/Epic Games/4.13/Engine/Plugins/Developer/VisualStudioSourceCodeAccess/VisualStudioSourceCodeAccess.uplugin
LogPluginManager: Loaded Plugin XCodeSourceCodeAccess, From D:/Program Files (x86)/Epic Games/4.13/Engine/Plugins/Developer/XCodeSourceCodeAccess/XCodeSourceCodeAccess.uplugin
LogPluginManager: Loaded Plugin EpicSurvey, From D:/Program Files (x86)/Epic Games/4.13/Engine/Plugins/Editor/EpicSurvey/EpicSurvey.uplugin
LogPluginManager: Loaded Plugin MacGraphicsSwitching, From D:/Program Files (x86)/Epic Games/4.13/Engine/Plugins/Editor/MacGraphicsSwitching/MacGraphicsSwitching.uplugin
LogPluginManager: Loaded Plugin MobileLauncherProfileWizard, From D:/Program Files (x86)/Epic Games/4.13/Engine/Plugins/Editor/MobileLauncherProfileWizard/MobileLauncherProfileWizard.uplugin
LogPluginManager: Loaded Plugin PluginBrowser, From D:/Program Files (x86)/Epic Games/4.13/Engine/Plugins/Editor/PluginBrowser/PluginBrowser.uplugin
LogPluginManager: Loaded Plugin SpeedTreeImporter, From D:/Program Files (x86)/Epic Games/4.13/Engine/Plugins/Editor/SpeedTreeImporter/SpeedTreeImporter.uplugin
LogPluginManager: Loaded Plugin SuperSearchEditor, From D:/Program Files (x86)/Epic Games/4.13/Engine/Plugins/Editor/SuperSearchEditor/SuperSearchEditor.uplugin
LogPluginManager: Loaded Plugin AlembicImporter, From D:/Program Files (x86)/Epic Games/4.13/Engine/Plugins/Experimental/AlembicImporter/AlembicImporter.uplugin
LogPluginManager: Loaded Plugin BlueprintStats, From D:/Program Files (x86)/Epic Games/4.13/Engine/Plugins/Experimental/BlueprintStats/BlueprintStats.uplugin
LogPluginManager: Loaded Plugin CharacterAI, From D:/Program Files (x86)/Epic Games/4.13/Engine/Plugins/Experimental/CharacterAI/CharacterAI.uplugin
LogPluginManager: Loaded Plugin CodeEditor, From D:/Program Files (x86)/Epic Games/4.13/Engine/Plugins/Experimental/CodeEditor/CodeEditor.uplugin
LogPluginManager: Loaded Plugin CodeView, From D:/Program Files (x86)/Epic Games/4.13/Engine/Plugins/Experimental/CodeView/CodeView.uplugin
LogPluginManager: Loaded Plugin HTML5Networking, From D:/Program Files (x86)/Epic Games/4.13/Engine/Plugins/Experimental/HTML5Networking/HTML5Networking.uplugin
LogPluginManager: Loaded Plugin LiveEditor, From D:/Program Files (x86)/Epic Games/4.13/Engine/Plugins/Experimental/LiveEditor/LiveEditor.uplugin
LogPluginManager: Loaded Plugin OSVR, From D:/Program Files (x86)/Epic Games/4.13/Engine/Plugins/Experimental/OSVR/OSVR.uplugin
LogPluginManager: Loaded Plugin Phya, From D:/Program Files (x86)/Epic Games/4.13/Engine/Plugins/Experimental/Phya/Phya.uplugin
LogPluginManager: Loaded Plugin SignificanceManager, From D:/Program Files (x86)/Epic Games/4.13/Engine/Plugins/Experimental/SignificanceManager/SignificanceManager.uplugin
LogPluginManager: Loaded Plugin SimpleHMD, From D:/Program Files (x86)/Epic Games/4.13/Engine/Plugins/Experimental/SimpleHMD/SimpleHMD.uplugin
LogPluginManager: Loaded Plugin StereoPanorama, From D:/Program Files (x86)/Epic Games/4.13/Engine/Plugins/Experimental/StereoPanorama/StereoPanorama.uplugin
LogPluginManager: Loaded Plugin StructBox, From D:/Program Files (x86)/Epic Games/4.13/Engine/Plugins/Experimental/StructBox/StructBox.uplugin
LogPluginManager: Loaded Plugin Substance, From D:/Program Files (x86)/Epic Games/4.13/Engine/Plugins/Marketplace/Substance/Substance.uplugin
LogPluginManager: Loaded Plugin AndroidMedia, From D:/Program Files (x86)/Epic Games/4.13/Engine/Plugins/Media/AndroidMedia/AndroidMedia.uplugin
LogPluginManager: Loaded Plugin AvfMedia, From D:/Program Files (x86)/Epic Games/4.13/Engine/Plugins/Media/AvfMedia/AvfMedia.uplugin
LogPluginManager: Loaded Plugin MediaPlayerEditor, From D:/Program Files (x86)/Epic Games/4.13/Engine/Plugins/Media/MediaPlayerEditor/MediaPlayerEditor.uplugin
LogPluginManager: Loaded Plugin WmfMedia, From D:/Program Files (x86)/Epic Games/4.13/Engine/Plugins/Media/WmfMedia/WmfMedia.uplugin
LogPluginManager: Loaded Plugin MessagingDebugger, From D:/Program Files (x86)/Epic Games/4.13/Engine/Plugins/Messaging/MessagingDebugger/MessagingDebugger.uplugin
LogPluginManager: Loaded Plugin TcpMessaging, From D:/Program Files (x86)/Epic Games/4.13/Engine/Plugins/Messaging/TcpMessaging/TcpMessaging.uplugin
LogPluginManager: Loaded Plugin UdpMessaging, From D:/Program Files (x86)/Epic Games/4.13/Engine/Plugins/Messaging/UdpMessaging/UdpMessaging.uplugin
LogPluginManager: Loaded Plugin LevelSequenceEditor, From D:/Program Files (x86)/Epic Games/4.13/Engine/Plugins/MovieScene/LevelSequenceEditor/LevelSequenceEditor.uplugin
LogPluginManager: Loaded Plugin MatineeToLevelSequence, From D:/Program Files (x86)/Epic Games/4.13/Engine/Plugins/MovieScene/MatineeToLevelSequence/MatineeToLevelSequence.uplugin
LogPluginManager: Loaded Plugin NetcodeUnitTest, From D:/Program Files (x86)/Epic Games/4.13/Engine/Plugins/NetcodeUnitTest/NetcodeUnitTest/NetcodeUnitTest.uplugin
LogPluginManager: Loaded Plugin NUTUnrealEngine4, From D:/Program Files (x86)/Epic Games/4.13/Engine/Plugins/NetcodeUnitTest/NUTUnrealEngine4/NUTUnrealEngine4.uplugin
LogPluginManager: Loaded Plugin OnlineSubsystemGooglePlay, From D:/Program Files (x86)/Epic Games/4.13/Engine/Plugins/Online/Android/OnlineSubsystemGooglePlay/OnlineSubsystemGooglePlay.uplugin
LogPluginManager: Loaded Plugin OnlineSubsystemIOS, From D:/Program Files (x86)/Epic Games/4.13/Engine/Plugins/Online/IOS/OnlineSubsystemIOS/OnlineSubsystemIOS.uplugin
LogPluginManager: Loaded Plugin OnlineFramework, From D:/Program Files (x86)/Epic Games/4.13/Engine/Plugins/Online/OnlineFramework/OnlineFramework.uplugin
LogPluginManager: Loaded Plugin OnlineSubsystem, From D:/Program Files (x86)/Epic Games/4.13/Engine/Plugins/Online/OnlineSubsystem/OnlineSubsystem.uplugin
LogPluginManager: Loaded Plugin OnlineSubsystemAmazon, From D:/Program Files (x86)/Epic Games/4.13/Engine/Plugins/Online/OnlineSubsystemAmazon/OnlineSubsystemAmazon.uplugin
LogPluginManager: Loaded Plugin OnlineSubsystemFacebook, From D:/Program Files (x86)/Epic Games/4.13/Engine/Plugins/Online/OnlineSubsystemFacebook/OnlineSubsystemFacebook.uplugin
LogPluginManager: Loaded Plugin OnlineSubsystemNull, From D:/Program Files (x86)/Epic Games/4.13/Engine/Plugins/Online/OnlineSubsystemNull/OnlineSubsystemNull.uplugin
LogPluginManager: Loaded Plugin OnlineSubsystemOculus, From D:/Program Files (x86)/Epic Games/4.13/Engine/Plugins/Online/OnlineSubsystemOculus/OnlineSubsystemOculus.uplugin
LogPluginManager: Loaded Plugin OnlineSubsystemSteam, From D:/Program Files (x86)/Epic Games/4.13/Engine/Plugins/Online/OnlineSubsystemSteam/OnlineSubsystemSteam.uplugin
LogPluginManager: Loaded Plugin OnlineSubsystemUtils, From D:/Program Files (x86)/Epic Games/4.13/Engine/Plugins/Online/OnlineSubsystemUtils/OnlineSubsystemUtils.uplugin
LogPluginManager: Loaded Plugin IOSTapJoy, From D:/Program Files (x86)/Epic Games/4.13/Engine/Plugins/Runtime/Advertising/IOSTapJoy/IOSTapJoy.uplugin
LogPluginManager: Loaded Plugin AnalyticsBlueprintLibrary, From D:/Program Files (x86)/Epic Games/4.13/Engine/Plugins/Runtime/Analytics/AnalyticsBlueprintLibrary/AnalyticsBlueprintLibrary.uplugin
LogPluginManager: Loaded Plugin AnalyticsMulticast, From D:/Program Files (x86)/Epic Games/4.13/Engine/Plugins/Runtime/Analytics/AnalyticsMulticast/AnalyticsMulticast.uplugin
LogPluginManager: Loaded Plugin Apsalar, From D:/Program Files (x86)/Epic Games/4.13/Engine/Plugins/Runtime/Analytics/Apsalar/Apsalar.uplugin
LogPluginManager: Loaded Plugin FileLogging, From D:/Program Files (x86)/Epic Games/4.13/Engine/Plugins/Runtime/Analytics/FileLogging/FileLogging.uplugin
LogPluginManager: Loaded Plugin Flurry, From D:/Program Files (x86)/Epic Games/4.13/Engine/Plugins/Runtime/Analytics/Flurry/Flurry.uplugin
LogPluginManager: Loaded Plugin AndroidDeviceProfileSelector, From D:/Program Files (x86)/Epic Games/4.13/Engine/Plugins/Runtime/AndroidDeviceProfileSelector/AndroidDeviceProfileSelector.uplugin
LogPluginManager: Loaded Plugin AndroidMoviePlayer, From D:/Program Files (x86)/Epic Games/4.13/Engine/Plugins/Runtime/AndroidMoviePlayer/AndroidMoviePlayer.uplugin
LogPluginManager: Loaded Plugin AppleMoviePlayer, From D:/Program Files (x86)/Epic Games/4.13/Engine/Plugins/Runtime/AppleMoviePlayer/AppleMoviePlayer.uplugin
LogPluginManager: Loaded Plugin ArchVisCharacter, From D:/Program Files (x86)/Epic Games/4.13/Engine/Plugins/Runtime/ArchVisCharacter/ArchVisCharacter.uplugin
LogPluginManager: Loaded Plugin CableComponent, From D:/Program Files (x86)/Epic Games/4.13/Engine/Plugins/Runtime/CableComponent/CableComponent.uplugin
LogPluginManager: Loaded Plugin CustomMeshComponent, From D:/Program Files (x86)/Epic Games/4.13/Engine/Plugins/Runtime/CustomMeshComponent/CustomMeshComponent.uplugin
LogPluginManager: Loaded Plugin ExampleDeviceProfileSelector, From D:/Program Files (x86)/Epic Games/4.13/Engine/Plugins/Runtime/ExampleDeviceProfileSelector/ExampleDeviceProfileSelector.uplugin
LogPluginManager: Loaded Plugin GearVR, From D:/Program Files (x86)/Epic Games/4.13/Engine/Plugins/Runtime/GearVR/GearVR.uplugin
LogPluginManager: Loaded Plugin GoogleVRController, From D:/Program Files (x86)/Epic Games/4.13/Engine/Plugins/Runtime/GoogleVR/GoogleVRController/GoogleVRController.uplugin
LogPluginManager: Loaded Plugin GoogleVRHMD, From D:/Program Files (x86)/Epic Games/4.13/Engine/Plugins/Runtime/GoogleVR/GoogleVRHMD/GoogleVRHMD.uplugin
LogPluginManager: Loaded Plugin IOSDeviceProfileSelector, From D:/Program Files (x86)/Epic Games/4.13/Engine/Plugins/Runtime/IOSDeviceProfileSelector/IOSDeviceProfileSelector.uplugin
LogPluginManager: Loaded Plugin LeapMotion, From D:/Program Files (x86)/Epic Games/4.13/Engine/Plugins/Runtime/LeapMotion/LeapMotion.uplugin
LogPluginManager: Loaded Plugin LinuxDeviceProfileSelector, From D:/Program Files (x86)/Epic Games/4.13/Engine/Plugins/Runtime/LinuxDeviceProfileSelector/LinuxDeviceProfileSelector.uplugin
LogPluginManager: Loaded Plugin LiveEditorListenServer, From D:/Program Files (x86)/Epic Games/4.13/Engine/Plugins/Runtime/LiveEditorListenServer/LiveEditorListenServer.uplugin
LogPluginManager: Loaded Plugin OculusAudio, From D:/Program Files (x86)/Epic Games/4.13/Engine/Plugins/Runtime/OculusAudio/OculusAudio.uplugin
LogPluginManager: Loaded Plugin OculusInput, From D:/Program Files (x86)/Epic Games/4.13/Engine/Plugins/Runtime/OculusInput/OculusInput.uplugin
LogPluginManager: Loaded Plugin OculusLibrary, From D:/Program Files (x86)/Epic Games/4.13/Engine/Plugins/Runtime/OculusLibrary/OculusLibrary.uplugin
LogPluginManager: Loaded Plugin OculusRift, From D:/Program Files (x86)/Epic Games/4.13/Engine/Plugins/Runtime/OculusRift/OculusRift.uplugin
LogPluginManager: Loaded Plugin Oodle, From D:/Program Files (x86)/Epic Games/4.13/Engine/Plugins/Runtime/PacketHandlers/CompressionComponents/Oodle/Oodle.uplugin
LogPluginManager: Loaded Plugin ProceduralMeshComponent, From D:/Program Files (x86)/Epic Games/4.13/Engine/Plugins/Runtime/ProceduralMeshComponent/ProceduralMeshComponent.uplugin
LogPluginManager: Loaded Plugin SoundMod, From D:/Program Files (x86)/Epic Games/4.13/Engine/Plugins/Runtime/SoundMod/SoundMod.uplugin
LogPluginManager: Loaded Plugin SoundVisualizations, From D:/Program Files (x86)/Epic Games/4.13/Engine/Plugins/Runtime/SoundVisualizations/SoundVisualizations.uplugin
LogPluginManager: Loaded Plugin SteamController, From D:/Program Files (x86)/Epic Games/4.13/Engine/Plugins/Runtime/Steam/SteamController/SteamController.uplugin
LogPluginManager: Loaded Plugin SteamVR, From D:/Program Files (x86)/Epic Games/4.13/Engine/Plugins/Runtime/Steam/SteamVR/SteamVR.uplugin
LogPluginManager: Loaded Plugin WebBrowserWidget, From D:/Program Files (x86)/Epic Games/4.13/Engine/Plugins/Runtime/WebBrowserWidget/WebBrowserWidget.uplugin
LogPluginManager: Loaded Plugin WindowsDeviceProfileSelector, From D:/Program Files (x86)/Epic Games/4.13/Engine/Plugins/Runtime/WindowsDeviceProfileSelector/WindowsDeviceProfileSelector.uplugin
LogPluginManager: Loaded Plugin WindowsMoviePlayer, From D:/Program Files (x86)/Epic Games/4.13/Engine/Plugins/Runtime/WindowsMoviePlayer/WindowsMoviePlayer.uplugin
LogPluginManager: Loaded Plugin ScriptPlugin, From D:/Program Files (x86)/Epic Games/4.13/Engine/Plugins/ScriptPlugin/ScriptPlugin.uplugin
LogPluginManager: Loaded Plugin SlateRemote, From D:/Program Files (x86)/Epic Games/4.13/Engine/Plugins/Slate/SlateRemote/SlateRemote.uplugin
LogInit: Using libcurl 7.47.1
LogInit:  - built for x86_64-pc-win32
LogInit:  - supports SSL with WinSSL
LogInit:  - other features:
LogInit:      CURL_VERSION_SSL
LogInit:      CURL_VERSION_IPV6
LogInit:      CURL_VERSION_ASYNCHDNS
LogInit:      CURL_VERSION_LARGEFILE
LogInit:      CURL_VERSION_IDN
LogInit:  CurlRequestOptions (configurable via config and command line):
LogInit:  - bVerifyPeer = false  - Libcurl will NOT verify peer certificate
LogInit:  - bUseHttpProxy = false  - Libcurl will NOT use HTTP proxy
LogInit:  - bDontReuseConnections = false  - Libcurl will reuse connections
LogInit:  - CertBundlePath = nullptr  - Libcurl will use whatever was configured at build time.
OCULUS: Info: [CAPI] LibOVR module is located at C:\Program Files\Oculus\Support\oculus-runtime\LibOVRRT64_1.dll
OCULUS: Debug: Connected to the server running version (prod = 1).1.10.2(build = 321138) feature version = 0. Client runs version (prod = 1).1.10.2(build = 321138) feature version = 0
OCULUS: Debug: [HMDState] Using default profile default
OCULUS: Info: IAD changed to 65.3mm
OCULUS: Debug: [SharedMemory] Creating factory
LogInit: Build: ++UE4+Release-4.13-CL-3142249
LogInit: Engine Version: 4.13.1-3142249+++UE4+Release-4.13
LogInit: Compatible Engine Version: 4.13.0-3106830+++UE4+Release-4.13
LogInit: Net CL: 3142249
LogDevObjectVersion: Number of dev versions registered: 13
LogDevObjectVersion:   Dev-Blueprints (B0D832E4-1F89-4F0D-ACCF-7EB736FD4AA2): 5
LogDevObjectVersion:   Dev-Build (E1C64328-A22C-4D53-A36C-8E866417BD8C): 0
LogDevObjectVersion:   Dev-Core (375EC13C-06E4-48FB-B500-84F0262A717E): 1
LogDevObjectVersion:   Dev-Editor (E4B068ED-F494-42E9-A231-DA0B2E46BB41): 6
LogDevObjectVersion:   Dev-Framework (CFFC743F-43B0-4480-9391-14DF171D2073): 12
LogDevObjectVersion:   Dev-Mobile (B02B49B5-BB20-44E9-A304-32B752E40360): 0
LogDevObjectVersion:   Dev-Networking (A4E4105C-59A1-49B5-A7C5-40C4547EDFEE): 0
LogDevObjectVersion:   Dev-Online (39C831C9-5AE6-47DC-9A44-9C173E1C8E7C): 0
LogDevObjectVersion:   Dev-Physics (78F01B33-EBEA-4F98-B9B4-84EACCB95AA2): 0
LogDevObjectVersion:   Dev-Platform (6631380F-2D4D-43E0-8009-CF276956A95A): 0
LogDevObjectVersion:   Dev-Rendering (12F88B9F-8875-4AFC-A67C-D90C383ABD29): 4
LogDevObjectVersion:   Dev-Sequencer (7B5AE74C-D270-4C10-A958-57980B212A5A): 0
LogDevObjectVersion:   Dev-VR (D7296918-1DD6-4BDD-9DE2-64A83CC13884): 0
LogInit: Compiled (64-bit): Sep 28 2016 02:12:12
LogInit: Compiled with Visual C++: 19.00.23026.00
LogInit: Build Configuration: Development
LogInit: Branch Name: ++UE4+Release-4.13
LogInit: Command line: -EpicPortal 
LogInit: Base directory: D:/Program Files (x86)/Epic Games/4.13/Engine/Binaries/Win64/
LogInit: Installed Engine Build: 1
LogInit: Presizing for max 8388607 objects, including 0 objects not considered by GC, pre-allocating 0 bytes for permanent pool.
LogInit: Object subsystem initialized
[2016.12.19-23.19.31:358][  0]LogInit: Selected Device Profile: [Windows]
[2016.12.19-23.19.31:359][  0]LogInit: Applying CVar settings loaded from the selected device profile: [Windows]
[2016.12.19-23.19.31:380][  0]LogInit: Computer: DESKTOP-M92PTO3
[2016.12.19-23.19.31:380][  0]LogInit: User: StefanoAdmin
[2016.12.19-23.19.31:380][  0]LogInit: CPU Page size=65536, Cores=4
[2016.12.19-23.19.31:380][  0]LogInit: High frequency timer resolution =3.328120 MHz
[2016.12.19-23.19.31:380][  0]LogMemory: Memory total: Physical=15.9GB (16GB approx)
[2016.12.19-23.19.31:380][  0]LogMemory: Platform Memory Stats for Windows
[2016.12.19-23.19.31:380][  0]LogMemory: Process Physical Memory: 266.83 MB used, 266.83 MB peak
[2016.12.19-23.19.31:380][  0]LogMemory: Process Virtual Memory: 267.09 MB used, 267.09 MB peak
[2016.12.19-23.19.31:380][  0]LogMemory: Physical Memory: 7359.01 MB used, 16313.61 MB total
[2016.12.19-23.19.31:380][  0]LogMemory: Virtual Memory: 672.30 MB used, 134217728.00 MB total
[2016.12.19-23.19.31:597][  0]LogTextLocalizationManager: No specific translations for ('en-AU') exist, so ('en') translations will be used.
[2016.12.19-23.19.32:023][  0]LogD3D11RHI: D3D11 adapters:
[2016.12.19-23.19.32:474][  0]LogD3D11RHI:    0. 'NVIDIA GeForce GTX 980' (Feature Level 11_0)
[2016.12.19-23.19.32:474][  0]LogD3D11RHI:       4060/0/8156 MB DedicatedVideo/DedicatedSystem/SharedSystem, Outputs:1, VendorId:0x10de
[2016.12.19-23.19.32:475][  0]LogD3D11RHI:    1. 'Microsoft Basic Render Driver' (Feature Level 11_0)
[2016.12.19-23.19.32:475][  0]LogD3D11RHI:       0/0/8156 MB DedicatedVideo/DedicatedSystem/SharedSystem, Outputs:0, VendorId:0x1414
[2016.12.19-23.19.32:475][  0]LogD3D11RHI: Chosen D3D11 Adapter: 0
[2016.12.19-23.19.32:480][  0]LogD3D11RHI: Creating new Direct3DDevice
[2016.12.19-23.19.32:480][  0]LogD3D11RHI:     GPU DeviceId: 0x13c0 (for the marketing name, search the web for "GPU Device Id")
[2016.12.19-23.19.32:480][  0]LogWindows: EnumDisplayDevices:
[2016.12.19-23.19.32:480][  0]LogWindows:    0. 'NVIDIA GeForce GTX 980' (P:1 D:1)
[2016.12.19-23.19.32:480][  0]LogWindows:    1. 'NVIDIA GeForce GTX 980' (P:0 D:0)
[2016.12.19-23.19.32:480][  0]LogWindows:    2. 'NVIDIA GeForce GTX 980' (P:0 D:0)
[2016.12.19-23.19.32:480][  0]LogWindows:    3. 'NVIDIA GeForce GTX 980' (P:0 D:0)
[2016.12.19-23.19.32:481][  0]LogWindows: DebugString: FoundDriverCount:4 
[2016.12.19-23.19.32:481][  0]LogD3D11RHI:     Adapter Name: NVIDIA GeForce GTX 980
[2016.12.19-23.19.32:481][  0]LogD3D11RHI:   Driver Version: 376.09 (internal:21.21.13.7609, unified:376.09)
[2016.12.19-23.19.32:481][  0]LogD3D11RHI:      Driver Date: 11-24-2016
[2016.12.19-23.19.32:481][  0]LogRHI: Texture pool is 1361 MB (70% of 1945 MB)
[2016.12.19-23.19.32:903][  0]LogD3D11RHI: Async texture creation enabled
[2016.12.19-23.19.32:945][  0]LogD3D11RHI: GPU Timing Frequency: 1000.000000 (Debug: 2 2)
[2016.12.19-23.19.32:945][  0]LogShaderCompilers: Guid format shader working directory is -33 characters bigger than the processId version (../../../../../../Admin/Documents/GitHub Repositories/EclypseUE4/ProjectEclypse/Intermediate/Shaders/WorkingDirectory/1104/).
[2016.12.19-23.19.32:945][  0]LogShaderCompilers: Cleaned the shader compiler working directory 'C:/Users/Admin/AppData/Local/Temp/UnrealShaderWorkingDir/00C82C0040D2B50666DAFE9A56BA269F/'.
[2016.12.19-23.19.32:946][  0]LogShaderCompilers:Display: Using Local Shader Compiler.
[2016.12.19-23.19.33:698][  0]LogTemp:Display: Loaded TP AllDesktopTargetPlatform
[2016.12.19-23.19.33:703][  0]LogTemp:Display: Loaded TP WindowsClientTargetPlatform
[2016.12.19-23.19.33:709][  0]LogTemp:Display: Loaded TP WindowsNoEditorTargetPlatform
[2016.12.19-23.19.33:714][  0]LogTemp:Display: Loaded TP WindowsServerTargetPlatform
[2016.12.19-23.19.33:719][  0]LogTemp:Display: Loaded TP WindowsTargetPlatform
[2016.12.19-23.19.33:724][  0]LogTemp:Display: Loaded TP AndroidTargetPlatform
[2016.12.19-23.19.33:730][  0]LogTemp:Display: Loaded TP Android_ASTCTargetPlatform
[2016.12.19-23.19.33:735][  0]LogTemp:Display: Loaded TP Android_ATCTargetPlatform
[2016.12.19-23.19.33:739][  0]LogTemp:Display: Loaded TP Android_DXTTargetPlatform
[2016.12.19-23.19.33:744][  0]LogTemp:Display: Loaded TP Android_ETC1TargetPlatform
[2016.12.19-23.19.33:749][  0]LogTemp:Display: Loaded TP Android_ETC2TargetPlatform
[2016.12.19-23.19.33:759][  0]LogTemp:Display: Loaded TP Android_MultiTargetPlatform
[2016.12.19-23.19.33:759][  0]LogTemp:Display: Loaded TP Android_PVRTCTargetPlatform
[2016.12.19-23.19.33:759][  0]LogTemp:Display: Loaded TP HTML5TargetPlatform
[2016.12.19-23.19.33:776][  0]LogTemp:Display: Loaded TP IOSTargetPlatform
[2016.12.19-23.19.33:780][  0]LogTemp:Display: Loaded TP TVOSTargetPlatform
[2016.12.19-23.19.33:785][  0]LogTemp:Display: Loaded TP LinuxClientTargetPlatform
[2016.12.19-23.19.33:790][  0]LogTemp:Display: Loaded TP LinuxNoEditorTargetPlatform
[2016.12.19-23.19.33:795][  0]LogTemp:Display: Loaded TP LinuxServerTargetPlatform
[2016.12.19-23.19.33:800][  0]LogTemp:Display: Loaded TP LinuxTargetPlatform
[2016.12.19-23.19.33:800][  0]LogTargetPlatformManager:Display: Building Assets For Windows
[2016.12.19-23.19.33:837][  0]LogDerivedDataCache:Display: Max Cache Size: 512 MB
[2016.12.19-23.19.33:883][  0]LogDerivedDataCache: Loaded boot cache 0.05s 62MB C:/Users/Admin/AppData/Local/UnrealEngine/4.13/DerivedDataCache/Boot.ddc.
[2016.12.19-23.19.33:883][  0]LogDerivedDataCache:Display: Loaded Boot cache: C:/Users/Admin/AppData/Local/UnrealEngine/4.13/DerivedDataCache/Boot.ddc
[2016.12.19-23.19.33:883][  0]LogDerivedDataCache: FDerivedDataBackendGraph:  Pak pak cache file ../../../../../../Admin/Documents/GitHub Repositories/EclypseUE4/ProjectEclypse/DerivedDataCache/DDC.ddp not found, will not use a pak cache.
[2016.12.19-23.19.33:883][  0]LogDerivedDataCache: Unable to find inner node Pak for hierarchical cache Hierarchy.
[2016.12.19-23.19.33:883][  0]LogDerivedDataCache: FDerivedDataBackendGraph:  CompressedPak pak cache file ../../../../../../Admin/Documents/GitHub Repositories/EclypseUE4/ProjectEclypse/DerivedDataCache/Compressed.ddp not found, will not use a pak cache.
[2016.12.19-23.19.33:883][  0]LogDerivedDataCache: Unable to find inner node CompressedPak for hierarchical cache Hierarchy.
[2016.12.19-23.19.33:897][  0]LogDerivedDataCache:Display: Pak cache opened for reading ../../../Engine/DerivedDataCache/Compressed.ddp.
[2016.12.19-23.19.33:908][  0]LogDerivedDataCache: Using Local data cache path C:/Users/Admin/AppData/Local/UnrealEngine/Common/DerivedDataCache: Writable
[2016.12.19-23.19.34:066][  0]LogInit: Selected Device Profile: [Windows]
[2016.12.19-23.19.34:068][  0]LogContentStreaming: Texture pool size is 0.00 MB
[2016.12.19-23.19.34:135][  0]LogMeshUtilities: No automatic mesh reduction module available
[2016.12.19-23.19.34:135][  0]LogMeshUtilities: No automatic mesh merging module available
[2016.12.19-23.19.34:135][  0]LogMeshUtilities: No distributed automatic mesh merging module available
[2016.12.19-23.19.34:200][  0]LogMaterial: Uniform references updated for custom material expression Custom.
[2016.12.19-23.19.34:492][  0]LogNetVersion: GetLocalNetworkVersion: CL: 3106830, ProjectName: projecteclypse, ProjectVersion: , EngineNetworkVersion: 1, GameNetworkVersion: 0, NetworkChecksum: 2418632494
[2016.12.19-23.19.34:523][  0]LogAssetRegistry: FAssetRegistry took 0.0210 seconds to start up
[2016.12.19-23.19.34:681][  0]LogPackageLocalizationCache: Processed 3 localized package path(s) for 2 prioritized culture(s) in 0.156438 seconds
[2016.12.19-23.19.34:685][  0]LogUObjectArray: 29778 objects as part of root set at end of initial load.
[2016.12.19-23.19.34:685][  0]LogUObjectAllocator: 6125448 out of 0 bytes used by permanent object pool.
[2016.12.19-23.19.34:685][  0]LogUObjectArray: CloseDisregardForGC: 0/0 objects in disregard for GC pool
[2016.12.19-23.19.34:688][  0]LogInit: WinSock: version 1.1 (2.2), MaxSocks=32767, MaxUdp=65467
[2016.12.19-23.19.34:813][  0]LogSlate: SlateFontCache - WITH_FREETYPE: 1, WITH_HARFBUZZ: 1
[2016.12.19-23.19.34:813][  0]LogSlate: SlateFontCache - WITH_FREETYPE: 1, WITH_HARFBUZZ: 1
[2016.12.19-23.19.35:263][  0]LogSubstanceCoreModule: Substance CPU Engine Loaded, Max Texture Size 2048
[2016.12.19-23.19.35:268][  0]LogTcpMessaging: Initializing TcpMessaging bridge
[2016.12.19-23.19.35:282][  0]LogUdpMessaging: Initializing bridge on interface 0.0.0.0:0 to multicast group 230.0.0.1:6666.
[2016.12.19-23.19.35:581][  0]SourceControl: Info Source control is disabled
[2016.12.19-23.19.35:608][  0]SourceControl: Info Source control is disabled
[2016.12.19-23.19.35:611][  0]SourceControl: Info Source control is disabled
[2016.12.19-23.19.35:615][  0]SourceControl: Info Source control is disabled
[2016.12.19-23.19.35:851][  0]LogEngine: Initializing Engine...
[2016.12.19-23.19.35:851][  0]LogHMD: Oculus plugin initialized. Version: 4.13.1-3142249+++UE4+Release-4.13, LibOVR: 1.10.2, SDK: 1.6.0, built Sep 28 2016, 02:14:12
[2016.12.19-23.19.35:944][  0]OCULUS: Debug: [HMDState] Using default profile default
[2016.12.19-23.19.35:944][  0]OCULUS: Info: IAD changed to 65.3mm
[2016.12.19-23.19.35:949][  0]LogAIModule: Creating AISystem for world Untitled
[2016.12.19-23.19.35:961][  0]LogInit: XAudio2 using 'Speakers (Realtek High Definition Audio)' : 8 channels at 48 kHz using 32 bits per sample (channel mask 0x63f)
[2016.12.19-23.19.35:992][  0]LogInit: FAudioDevice initialized.
[2016.12.19-23.19.36:016][  0]LogDerivedDataCache: Saved boot cache 0.02s 62MB C:/Users/Admin/AppData/Local/UnrealEngine/4.13/DerivedDataCache/Boot.ddc.
[2016.12.19-23.19.36:023][  0]LogInit: Texture streaming: Enabled
[2016.12.19-23.19.36:090][  0]LogInit: Transaction tracking system initialized
[2016.12.19-23.19.36:099][  0]BlueprintLog: New page: Editor Load
[2016.12.19-23.19.36:131][  0]LocalizationService: Info Localization service is disabled
[2016.12.19-23.19.36:175][  0]LogConsoleResponse:Display: 
[2016.12.19-23.19.36:588][  0]LogCook:Display: Max memory allowance for cook 16384mb min free memory 0mb
[2016.12.19-23.19.36:588][  0]LogCook:Display: Mobile HDR setting 1
[2016.12.19-23.19.36:668][  0]SourceControl: Info Source control is disabled
[2016.12.19-23.19.36:669][  0]Cmd: MAP LOAD FILE="../../../../../../Admin/Documents/GitHub Repositories/EclypseUE4/ProjectEclypse/Content/Maps/EclypseVillage.umap" TEMPLATE=0 SHOWPROGRESS=1 FEATURELEVEL=3
[2016.12.19-23.19.36:829][  0]LogFileCache: Scanning file cache for directory 'D:/Admin/Documents/GitHub Repositories/EclypseUE4/ProjectEclypse/Content/' took 0.38s
[2016.12.19-23.19.36:829][  0]LightingResults: New page: Lighting Build
[2016.12.19-23.19.36:830][  0]MapCheck: New page: Map Check
[2016.12.19-23.19.36:830][  0]LightingResults: New page: Lighting Build
[2016.12.19-23.19.54:234][  0]LogAIModule: Creating AISystem for world EclypseVillage
[2016.12.19-23.19.54:610][  0]LogEditorServer: Finished looking for orphan Actors (0.000 secs)
[2016.12.19-23.19.54:647][  0]Cmd: MAP CHECKDEP NOCLEARLOG
[2016.12.19-23.19.54:690][  0]MapCheck: Info Map check complete: 0 Error(s), 0 Warning(s), took 43.067ms to complete.
[2016.12.19-23.19.54:690][  0]LogFileHelpers: Loading map 'EclypseVillage' took 18.021
[2016.12.19-23.19.55:544][  0]LogCollectionManager: Loaded 0 collections in 0.000660 seconds
[2016.12.19-23.19.55:829][  0]LogFileCache: Scanning file cache for directory 'D:/Admin/Documents/GitHub Repositories/EclypseUE4/ProjectEclypse/Saved/Collections/' took 0.11s
[2016.12.19-23.19.55:829][  0]LogFileCache: Scanning file cache for directory 'D:/Admin/Documents/GitHub Repositories/EclypseUE4/ProjectEclypse/Content/Developers/StefanoAdmin/Collections/' took 0.01s
[2016.12.19-23.19.55:829][  0]LogFileCache: Scanning file cache for directory 'D:/Admin/Documents/GitHub Repositories/EclypseUE4/ProjectEclypse/Content/Collections/' took 0.01s
[2016.12.19-23.19.55:829][  0]LogCollectionManager: Rebuilt the GUID cache for 0 collections in 0.000002 seconds
[2016.12.19-23.19.55:841][  0]LogContentBrowser: Native class hierarchy populated in 0.0092 seconds. Added 2156 classes and 421 folders.
[2016.12.19-23.19.56:007][  0]LogStats: UGameplayTagsManager::ConstructGameplayTagTree: Construct from data asset -  0.000 s
[2016.12.19-23.19.56:008][  0]LogStats: UGameplayTagsManager::ConstructGameplayTagTree: GameplayTagTreeChangedEvent.Broadcast -  0.001 s
[2016.12.19-23.19.56:009][  0]LogContentBrowser: Native class hierarchy updated for 'GameplayTags' in 0.0004 seconds. Added 12 classes and 0 folders.
[2016.12.19-23.19.56:046][  0]LogContentBrowser: Native class hierarchy updated for 'WidgetCarousel' in 0.0004 seconds. Added 0 classes and 0 folders.
[2016.12.19-23.19.57:245][  0]LogContentBrowser: Native class hierarchy updated for 'AddContentDialog' in 0.0003 seconds. Added 0 classes and 0 folders.
[2016.12.19-23.19.57:301][  0]LogContentBrowser: Native class hierarchy updated for 'SceneOutliner' in 0.0004 seconds. Added 1 classes and 2 folders.
[2016.12.19-23.19.58:160][  0]LogCrashTracker: Crashtracker disabled due to settings.
[2016.12.19-23.19.58:389][  0]LogUObjectGlobals:Warning: Failed to find object 'Class None.'
[2016.12.19-23.19.58:518][  0]LogContentBrowser: Native class hierarchy updated for 'HierarchicalLODOutliner' in 0.0004 seconds. Added 1 classes and 2 folders.
[2016.12.19-23.19.58:518][  0]LogLoad: (Engine Initialization) Total time: 28.45 seconds
[2016.12.19-23.19.58:518][  0]LogLoad: (Engine Initialization) Total Blueprint compile time: 1.70 seconds
[2016.12.19-23.19.58:518][  0]LogExternalProfiler: Found external profiler: VSPerf
[2016.12.19-23.19.58:518][  0]LogExternalProfiler: Using external profiler: VSPerf
[2016.12.19-23.19.58:527][  0]LogWindowsTextInputMethodSystem:Display: IME system now deactivated.
[2016.12.19-23.19.58:527][  0]LogOcInput: OculusInput pre-init called
[2016.12.19-23.19.58:538][  0]LogOcInput: OculusInput is initialized. Init status 0. Runtime version: 1.10.2
[2016.12.19-23.19.58:782][  0]LogContentStreaming: Texture pool size now 1000 MB
[2016.12.19-23.19.59:582][  0]LogRenderer: Reallocating scene render targets to support 1124x620 (Frame:2).
[2016.12.19-23.20.00:250][  2]LogAssetRegistry: Asset discovery search completed in 25.7483 seconds
[2016.12.19-23.20.00:250][  2]LogCollectionManager: Rebuilt the object cache for 0 collections in 0.000000 seconds (found 0 objects)
[2016.12.19-23.20.00:250][  2]LogCollectionManager: Fixed up redirectors for 0 collections in 0.000018 seconds (updated 0 objects)
[2016.12.19-23.20.01:871][ 56]LogEditorViewport: Clicking on Actor (LMB): Emitter (P_Mist_Lit_Still)
[2016.12.19-23.20.04:515][124]LogBlueprintUserMessages: Early PlayInEditor Detection: Level '/Game/Maps/EclypseVillage.EclypseVillage:PersistentLevel' has LevelScriptBlueprint '/Game/Maps/EclypseVillage.EclypseVillage:PersistentLevel.EclypseVillage' with GeneratedClass '/Game/Maps/EclypseVillage.EclypseVillage_C' with ClassGeneratedBy '/Game/Maps/EclypseVillage.EclypseVillage:PersistentLevel.EclypseVillage'
[2016.12.19-23.20.04:556][124]LogPlayLevel: PlayLevel: No blueprints needed recompiling
[2016.12.19-23.20.04:620][124]OCULUS: Debug: [HMDState] Using default profile default
[2016.12.19-23.20.04:620][124]OCULUS: Info: IAD changed to 65.3mm
[2016.12.19-23.20.04:620][124]LogHMD: New ovr session is created
[2016.12.19-23.20.04:644][124]LogHMD: HMD Oculus Rift CV1, res = 2160 x 1200
[2016.12.19-23.20.04:819][124]PIE: New page: PIE session: EclypseVillage (20 Dec 2016 8:20:04 pm)
[2016.12.19-23.20.04:819][124]LogPlayLevel: Creating play world package: /Game/Maps/UEDPIE_0_EclypseVillage
[2016.12.19-23.20.04:857][124]LogPlayLevel: PIE: StaticDuplicateObject took: (0.037953s)
[2016.12.19-23.20.04:858][124]LogAIModule: Creating AISystem for world EclypseVillage
[2016.12.19-23.20.04:865][124]LogPlayLevel: PIE: World Init took: (0.007507s)
[2016.12.19-23.20.04:880][124]LogPlayLevel: PIE: Created PIE world by copying editor world from /Game/Maps/EclypseVillage.EclypseVillage to /Game/Maps/UEDPIE_0_EclypseVillage.EclypseVillage (0.060610s)
[2016.12.19-23.20.04:984][124]OCULUS: Error: Prediction interval too high: 660.156778 s, clamping at 0.100000 s
[2016.12.19-23.20.04:984][124]OCULUS: Error: Prediction interval too high: 574.009676 s, clamping at 0.100000 s
[2016.12.19-23.20.04:984][124]LogInit: XAudio2 using 'Speakers (Realtek High Definition Audio)' : 8 channels at 48 kHz using 32 bits per sample (channel mask 0x63f)
[2016.12.19-23.20.05:031][124]LogInit: FAudioDevice initialized.
[2016.12.19-23.20.05:189][124]LogWorld: Game class is 'GameManager_C'
[2016.12.19-23.20.05:281][124]LogWorld: Bringing World /Game/Maps/UEDPIE_0_EclypseVillage.EclypseVillage up for play (max tick rate 0) at 2016.12.20-10.20.05
[2016.12.19-23.20.05:321][124]LogWorld: Bringing up level for play took: 0.050531
[2016.12.19-23.20.05:415][124]LogContentBrowser: Native class hierarchy updated for 'MovieSceneCapture' in 0.0004 seconds. Added 11 classes and 0 folders.
[2016.12.19-23.20.05:415][124]LogGameMode:Display: Match State Changed from EnteringMap to WaitingToStart
[2016.12.19-23.20.05:416][124]LogGameState: Match State Changed from EnteringMap to WaitingToStart
[2016.12.19-23.20.05:416][124]LogGameMode:Display: Match State Changed from WaitingToStart to InProgress
[2016.12.19-23.20.05:531][124]LogGameState: Match State Changed from WaitingToStart to InProgress
[2016.12.19-23.20.05:531][124]PIE: Info Play in editor start time for /Game/Maps/UEDPIE_0_EclypseVillage 1.416
[2016.12.19-23.20.05:532][124]LogBlueprintUserMessages: Late PlayInEditor Detection: Level '/Game/Maps/EclypseVillage.EclypseVillage:PersistentLevel' has LevelScriptBlueprint '/Game/Maps/EclypseVillage.EclypseVillage:PersistentLevel.EclypseVillage' with GeneratedClass '/Game/Maps/EclypseVillage.EclypseVillage_C' with ClassGeneratedBy '/Game/Maps/EclypseVillage.EclypseVillage:PersistentLevel.EclypseVillage'
[2016.12.19-23.20.09:505][231]LogBlueprintUserMessages: Early EndPlayMap Detection: Level '/Game/Maps/EclypseVillage.EclypseVillage:PersistentLevel' has LevelScriptBlueprint '/Game/Maps/EclypseVillage.EclypseVillage:PersistentLevel.EclypseVillage' with GeneratedClass '/Game/Maps/EclypseVillage.EclypseVillage_C' with ClassGeneratedBy '/Game/Maps/EclypseVillage.EclypseVillage:PersistentLevel.EclypseVillage'
[2016.12.19-23.20.09:527][231]LogHMD: Destroying ovr session
[2016.12.19-23.20.09:678][231]LogBlueprintUserMessages: Late EndPlayMap Detection: Level '/Game/Maps/EclypseVillage.EclypseVillage:PersistentLevel' has LevelScriptBlueprint '/Game/Maps/EclypseVillage.EclypseVillage:PersistentLevel.EclypseVillage' with GeneratedClass '/Game/Maps/EclypseVillage.EclypseVillage_C' with ClassGeneratedBy '/Game/Maps/EclypseVillage.EclypseVillage:PersistentLevel.EclypseVillage'
[2016.12.19-23.20.10:284][251]LogEditorViewport: Clicking on Actor (LMB): Emitter (P_Mist_Lit_Still)
[2016.12.19-23.20.10:943][275]Cmd: DELETE
[2016.12.19-23.20.10:943][275]Cmd: ACTOR DELETE
[2016.12.19-23.20.11:206][275]LogEditorActor: Deleted Actor: Emitter
[2016.12.19-23.20.11:230][275]LogEditorActor: Deleted 1 Actors (0.070 secs)
[2016.12.19-23.20.18:093][955]LogBlueprintUserMessages: Early PlayInEditor Detection: Level '/Game/Maps/EclypseVillage.EclypseVillage:PersistentLevel' has LevelScriptBlueprint '/Game/Maps/EclypseVillage.EclypseVillage:PersistentLevel.EclypseVillage' with GeneratedClass '/Game/Maps/EclypseVillage.EclypseVillage_C' with ClassGeneratedBy '/Game/Maps/EclypseVillage.EclypseVillage:PersistentLevel.EclypseVillage'
[2016.12.19-23.20.18:093][955]LogPlayLevel: PlayLevel: No blueprints needed recompiling
[2016.12.19-23.20.18:093][955]OCULUS: Debug: [HMDState] Using default profile default
[2016.12.19-23.20.18:093][955]OCULUS: Info: IAD changed to 65.3mm
[2016.12.19-23.20.18:093][955]LogHMD: New ovr session is created
[2016.12.19-23.20.18:107][955]LogHMD: HMD Oculus Rift CV1, res = 2160 x 1200
[2016.12.19-23.20.18:107][955]PIE: New page: PIE session: EclypseVillage (20 Dec 2016 8:20:18 pm)
[2016.12.19-23.20.18:107][955]LogPlayLevel: Creating play world package: /Game/Maps/UEDPIE_0_EclypseVillage
[2016.12.19-23.20.18:128][955]LogPlayLevel: PIE: StaticDuplicateObject took: (0.021289s)
[2016.12.19-23.20.18:129][955]LogAIModule: Creating AISystem for world EclypseVillage
[2016.12.19-23.20.18:129][955]LogPlayLevel: PIE: World Init took: (0.000542s)
[2016.12.19-23.20.18:129][955]LogPlayLevel: PIE: Created PIE world by copying editor world from /Game/Maps/EclypseVillage.EclypseVillage to /Game/Maps/UEDPIE_0_EclypseVillage.EclypseVillage (0.022052s)
[2016.12.19-23.20.18:146][955]LogInit: XAudio2 using 'Speakers (Realtek High Definition Audio)' : 8 channels at 48 kHz using 32 bits per sample (channel mask 0x63f)
[2016.12.19-23.20.18:176][955]LogInit: FAudioDevice initialized.
[2016.12.19-23.20.18:206][955]LogWorld: Game class is 'GameManager_C'
[2016.12.19-23.20.18:217][955]LogWorld: Bringing World /Game/Maps/UEDPIE_0_EclypseVillage.EclypseVillage up for play (max tick rate 0) at 2016.12.20-10.20.18
[2016.12.19-23.20.18:218][955]LogWorld: Bringing up level for play took: 0.011649
[2016.12.19-23.20.18:219][955]LogGameMode:Display: Match State Changed from EnteringMap to WaitingToStart
[2016.12.19-23.20.18:219][955]LogGameState: Match State Changed from EnteringMap to WaitingToStart
[2016.12.19-23.20.18:219][955]LogGameMode:Display: Match State Changed from WaitingToStart to InProgress
[2016.12.19-23.20.18:224