Log file open, 12/07/16 17:10:53
LogInit:Display: Running engine for game: ProjectEclypse
LogPlatformFile: Not using cached read wrapper
LogInit:Display: RandInit(-1948290073) SRandInit(-1948290073).
LogTaskGraph: Started task graph with 5 named threads and 8 total threads with 1 sets of task threads.
LogStats: Stats thread started at 0.062247
LogPluginManager: Loaded Plugin Paper2D, From D:/Program Files (x86)/Epic Games/4.13/Engine/Plugins/2D/Paper2D/Paper2D.uplugin
LogPluginManager: Loaded Plugin LightPropagationVolume, From D:/Program Files (x86)/Epic Games/4.13/Engine/Plugins/Blendables/LightPropagationVolume/LightPropagationVolume.uplugin
LogPluginManager: Loaded Plugin BlankPlugin, From D:/Program Files (x86)/Epic Games/4.13/Engine/Plugins/Developer/BlankPlugin/BlankPlugin.uplugin
LogPluginManager: Loaded Plugin CodeLiteSourceCodeAccess, From D:/Program Files (x86)/Epic Games/4.13/Engine/Plugins/Developer/CodeLiteSourceCodeAccess/CodeLiteSourceCodeAccess.uplugin
LogPluginManager: Loaded Plugin GitSourceControl, From D:/Program Files (x86)/Epic Games/4.13/Engine/Plugins/Developer/GitSourceControl/GitSourceControl.uplugin
LogPluginManager: Loaded Plugin KDevelopSourceCodeAccess, From D:/Program Files (x86)/Epic Games/4.13/Engine/Plugins/Developer/KDevelopSourceCodeAccess/KDevelopSourceCodeAccess.uplugin
LogPluginManager: Loaded Plugin NullSourceCodeAccess, From D:/Program Files (x86)/Epic Games/4.13/Engine/Plugins/Developer/NullSourceCodeAccess/NullSourceCodeAccess.uplugin
LogPluginManager: Loaded Plugin OneSkyLocalizationService, From D:/Program Files (x86)/Epic Games/4.13/Engine/Plugins/Developer/OneSkyLocalizationService/OneSkyLocalizationService.uplugin
LogPluginManager: Loaded Plugin PerforceSourceControl, From D:/Program Files (x86)/Epic Games/4.13/Engine/Plugins/Developer/PerforceSourceControl/PerforceSourceControl.uplugin
LogPluginManager: Loaded Plugin SubversionSourceControl, From D:/Program Files (x86)/Epic Games/4.13/Engine/Plugins/Developer/SubversionSourceControl/SubversionSourceControl.uplugin
LogPluginManager: Loaded Plugin UObjectPlugin, From D:/Program Files (x86)/Epic Games/4.13/Engine/Plugins/Developer/UObjectPlugin/UObjectPlugin.uplugin
LogPluginManager: Loaded Plugin VisualStudioSourceCodeAccess, From D:/Program Files (x86)/Epic Games/4.13/Engine/Plugins/Developer/VisualStudioSourceCodeAccess/VisualStudioSourceCodeAccess.uplugin
LogPluginManager: Loaded Plugin XCodeSourceCodeAccess, From D:/Program Files (x86)/Epic Games/4.13/Engine/Plugins/Developer/XCodeSourceCodeAccess/XCodeSourceCodeAccess.uplugin
LogPluginManager: Loaded Plugin EpicSurvey, From D:/Program Files (x86)/Epic Games/4.13/Engine/Plugins/Editor/EpicSurvey/EpicSurvey.uplugin
LogPluginManager: Loaded Plugin MacGraphicsSwitching, From D:/Program Files (x86)/Epic Games/4.13/Engine/Plugins/Editor/MacGraphicsSwitching/MacGraphicsSwitching.uplugin
LogPluginManager: Loaded Plugin MobileLauncherProfileWizard, From D:/Program Files (x86)/Epic Games/4.13/Engine/Plugins/Editor/MobileLauncherProfileWizard/MobileLauncherProfileWizard.uplugin
LogPluginManager: Loaded Plugin PluginBrowser, From D:/Program Files (x86)/Epic Games/4.13/Engine/Plugins/Editor/PluginBrowser/PluginBrowser.uplugin
LogPluginManager: Loaded Plugin SpeedTreeImporter, From D:/Program Files (x86)/Epic Games/4.13/Engine/Plugins/Editor/SpeedTreeImporter/SpeedTreeImporter.uplugin
LogPluginManager: Loaded Plugin SuperSearchEditor, From D:/Program Files (x86)/Epic Games/4.13/Engine/Plugins/Editor/SuperSearchEditor/SuperSearchEditor.uplugin
LogPluginManager: Loaded Plugin AlembicImporter, From D:/Program Files (x86)/Epic Games/4.13/Engine/Plugins/Experimental/AlembicImporter/AlembicImporter.uplugin
LogPluginManager: Loaded Plugin BlueprintStats, From D:/Program Files (x86)/Epic Games/4.13/Engine/Plugins/Experimental/BlueprintStats/BlueprintStats.uplugin
LogPluginManager: Loaded Plugin CharacterAI, From D:/Program Files (x86)/Epic Games/4.13/Engine/Plugins/Experimental/CharacterAI/CharacterAI.uplugin
LogPluginManager: Loaded Plugin CodeEditor, From D:/Program Files (x86)/Epic Games/4.13/Engine/Plugins/Experimental/CodeEditor/CodeEditor.uplugin
LogPluginManager: Loaded Plugin CodeView, From D:/Program Files (x86)/Epic Games/4.13/Engine/Plugins/Experimental/CodeView/CodeView.uplugin
LogPluginManager: Loaded Plugin HTML5Networking, From D:/Program Files (x86)/Epic Games/4.13/Engine/Plugins/Experimental/HTML5Networking/HTML5Networking.uplugin
LogPluginManager: Loaded Plugin LiveEditor, From D:/Program Files (x86)/Epic Games/4.13/Engine/Plugins/Experimental/LiveEditor/LiveEditor.uplugin
LogPluginManager: Loaded Plugin OSVR, From D:/Program Files (x86)/Epic Games/4.13/Engine/Plugins/Experimental/OSVR/OSVR.uplugin
LogPluginManager: Loaded Plugin Phya, From D:/Program Files (x86)/Epic Games/4.13/Engine/Plugins/Experimental/Phya/Phya.uplugin
LogPluginManager: Loaded Plugin SignificanceManager, From D:/Program Files (x86)/Epic Games/4.13/Engine/Plugins/Experimental/SignificanceManager/SignificanceManager.uplugin
LogPluginManager: Loaded Plugin SimpleHMD, From D:/Program Files (x86)/Epic Games/4.13/Engine/Plugins/Experimental/SimpleHMD/SimpleHMD.uplugin
LogPluginManager: Loaded Plugin StereoPanorama, From D:/Program Files (x86)/Epic Games/4.13/Engine/Plugins/Experimental/StereoPanorama/StereoPanorama.uplugin
LogPluginManager: Loaded Plugin StructBox, From D:/Program Files (x86)/Epic Games/4.13/Engine/Plugins/Experimental/StructBox/StructBox.uplugin
LogPluginManager: Loaded Plugin Substance, From D:/Program Files (x86)/Epic Games/4.13/Engine/Plugins/Marketplace/Substance/Substance.uplugin
LogPluginManager: Loaded Plugin AndroidMedia, From D:/Program Files (x86)/Epic Games/4.13/Engine/Plugins/Media/AndroidMedia/AndroidMedia.uplugin
LogPluginManager: Loaded Plugin AvfMedia, From D:/Program Files (x86)/Epic Games/4.13/Engine/Plugins/Media/AvfMedia/AvfMedia.uplugin
LogPluginManager: Loaded Plugin MediaPlayerEditor, From D:/Program Files (x86)/Epic Games/4.13/Engine/Plugins/Media/MediaPlayerEditor/MediaPlayerEditor.uplugin
LogPluginManager: Loaded Plugin WmfMedia, From D:/Program Files (x86)/Epic Games/4.13/Engine/Plugins/Media/WmfMedia/WmfMedia.uplugin
LogPluginManager: Loaded Plugin MessagingDebugger, From D:/Program Files (x86)/Epic Games/4.13/Engine/Plugins/Messaging/MessagingDebugger/MessagingDebugger.uplugin
LogPluginManager: Loaded Plugin TcpMessaging, From D:/Program Files (x86)/Epic Games/4.13/Engine/Plugins/Messaging/TcpMessaging/TcpMessaging.uplugin
LogPluginManager: Loaded Plugin UdpMessaging, From D:/Program Files (x86)/Epic Games/4.13/Engine/Plugins/Messaging/UdpMessaging/UdpMessaging.uplugin
LogPluginManager: Loaded Plugin LevelSequenceEditor, From D:/Program Files (x86)/Epic Games/4.13/Engine/Plugins/MovieScene/LevelSequenceEditor/LevelSequenceEditor.uplugin
LogPluginManager: Loaded Plugin MatineeToLevelSequence, From D:/Program Files (x86)/Epic Games/4.13/Engine/Plugins/MovieScene/MatineeToLevelSequence/MatineeToLevelSequence.uplugin
LogPluginManager: Loaded Plugin NetcodeUnitTest, From D:/Program Files (x86)/Epic Games/4.13/Engine/Plugins/NetcodeUnitTest/NetcodeUnitTest/NetcodeUnitTest.uplugin
LogPluginManager: Loaded Plugin NUTUnrealEngine4, From D:/Program Files (x86)/Epic Games/4.13/Engine/Plugins/NetcodeUnitTest/NUTUnrealEngine4/NUTUnrealEngine4.uplugin
LogPluginManager: Loaded Plugin OnlineSubsystemGooglePlay, From D:/Program Files (x86)/Epic Games/4.13/Engine/Plugins/Online/Android/OnlineSubsystemGooglePlay/OnlineSubsystemGooglePlay.uplugin
LogPluginManager: Loaded Plugin OnlineSubsystemIOS, From D:/Program Files (x86)/Epic Games/4.13/Engine/Plugins/Online/IOS/OnlineSubsystemIOS/OnlineSubsystemIOS.uplugin
LogPluginManager: Loaded Plugin OnlineFramework, From D:/Program Files (x86)/Epic Games/4.13/Engine/Plugins/Online/OnlineFramework/OnlineFramework.uplugin
LogPluginManager: Loaded Plugin OnlineSubsystem, From D:/Program Files (x86)/Epic Games/4.13/Engine/Plugins/Online/OnlineSubsystem/OnlineSubsystem.uplugin
LogPluginManager: Loaded Plugin OnlineSubsystemAmazon, From D:/Program Files (x86)/Epic Games/4.13/Engine/Plugins/Online/OnlineSubsystemAmazon/OnlineSubsystemAmazon.uplugin
LogPluginManager: Loaded Plugin OnlineSubsystemFacebook, From D:/Program Files (x86)/Epic Games/4.13/Engine/Plugins/Online/OnlineSubsystemFacebook/OnlineSubsystemFacebook.uplugin
LogPluginManager: Loaded Plugin OnlineSubsystemNull, From D:/Program Files (x86)/Epic Games/4.13/Engine/Plugins/Online/OnlineSubsystemNull/OnlineSubsystemNull.uplugin
LogPluginManager: Loaded Plugin OnlineSubsystemOculus, From D:/Program Files (x86)/Epic Games/4.13/Engine/Plugins/Online/OnlineSubsystemOculus/OnlineSubsystemOculus.uplugin
LogPluginManager: Loaded Plugin OnlineSubsystemSteam, From D:/Program Files (x86)/Epic Games/4.13/Engine/Plugins/Online/OnlineSubsystemSteam/OnlineSubsystemSteam.uplugin
LogPluginManager: Loaded Plugin OnlineSubsystemUtils, From D:/Program Files (x86)/Epic Games/4.13/Engine/Plugins/Online/OnlineSubsystemUtils/OnlineSubsystemUtils.uplugin
LogPluginManager: Loaded Plugin IOSTapJoy, From D:/Program Files (x86)/Epic Games/4.13/Engine/Plugins/Runtime/Advertising/IOSTapJoy/IOSTapJoy.uplugin
LogPluginManager: Loaded Plugin AnalyticsBlueprintLibrary, From D:/Program Files (x86)/Epic Games/4.13/Engine/Plugins/Runtime/Analytics/AnalyticsBlueprintLibrary/AnalyticsBlueprintLibrary.uplugin
LogPluginManager: Loaded Plugin AnalyticsMulticast, From D:/Program Files (x86)/Epic Games/4.13/Engine/Plugins/Runtime/Analytics/AnalyticsMulticast/AnalyticsMulticast.uplugin
LogPluginManager: Loaded Plugin Apsalar, From D:/Program Files (x86)/Epic Games/4.13/Engine/Plugins/Runtime/Analytics/Apsalar/Apsalar.uplugin
LogPluginManager: Loaded Plugin FileLogging, From D:/Program Files (x86)/Epic Games/4.13/Engine/Plugins/Runtime/Analytics/FileLogging/FileLogging.uplugin
LogPluginManager: Loaded Plugin Flurry, From D:/Program Files (x86)/Epic Games/4.13/Engine/Plugins/Runtime/Analytics/Flurry/Flurry.uplugin
LogPluginManager: Loaded Plugin AndroidDeviceProfileSelector, From D:/Program Files (x86)/Epic Games/4.13/Engine/Plugins/Runtime/AndroidDeviceProfileSelector/AndroidDeviceProfileSelector.uplugin
LogPluginManager: Loaded Plugin AndroidMoviePlayer, From D:/Program Files (x86)/Epic Games/4.13/Engine/Plugins/Runtime/AndroidMoviePlayer/AndroidMoviePlayer.uplugin
LogPluginManager: Loaded Plugin AppleMoviePlayer, From D:/Program Files (x86)/Epic Games/4.13/Engine/Plugins/Runtime/AppleMoviePlayer/AppleMoviePlayer.uplugin
LogPluginManager: Loaded Plugin ArchVisCharacter, From D:/Program Files (x86)/Epic Games/4.13/Engine/Plugins/Runtime/ArchVisCharacter/ArchVisCharacter.uplugin
LogPluginManager: Loaded Plugin CableComponent, From D:/Program Files (x86)/Epic Games/4.13/Engine/Plugins/Runtime/CableComponent/CableComponent.uplugin
LogPluginManager: Loaded Plugin CustomMeshComponent, From D:/Program Files (x86)/Epic Games/4.13/Engine/Plugins/Runtime/CustomMeshComponent/CustomMeshComponent.uplugin
LogPluginManager: Loaded Plugin ExampleDeviceProfileSelector, From D:/Program Files (x86)/Epic Games/4.13/Engine/Plugins/Runtime/ExampleDeviceProfileSelector/ExampleDeviceProfileSelector.uplugin
LogPluginManager: Loaded Plugin GearVR, From D:/Program Files (x86)/Epic Games/4.13/Engine/Plugins/Runtime/GearVR/GearVR.uplugin
LogPluginManager: Loaded Plugin GoogleVRController, From D:/Program Files (x86)/Epic Games/4.13/Engine/Plugins/Runtime/GoogleVR/GoogleVRController/GoogleVRController.uplugin
LogPluginManager: Loaded Plugin GoogleVRHMD, From D:/Program Files (x86)/Epic Games/4.13/Engine/Plugins/Runtime/GoogleVR/GoogleVRHMD/GoogleVRHMD.uplugin
LogPluginManager: Loaded Plugin IOSDeviceProfileSelector, From D:/Program Files (x86)/Epic Games/4.13/Engine/Plugins/Runtime/IOSDeviceProfileSelector/IOSDeviceProfileSelector.uplugin
LogPluginManager: Loaded Plugin LeapMotion, From D:/Program Files (x86)/Epic Games/4.13/Engine/Plugins/Runtime/LeapMotion/LeapMotion.uplugin
LogPluginManager: Loaded Plugin LinuxDeviceProfileSelector, From D:/Program Files (x86)/Epic Games/4.13/Engine/Plugins/Runtime/LinuxDeviceProfileSelector/LinuxDeviceProfileSelector.uplugin
LogPluginManager: Loaded Plugin LiveEditorListenServer, From D:/Program Files (x86)/Epic Games/4.13/Engine/Plugins/Runtime/LiveEditorListenServer/LiveEditorListenServer.uplugin
LogPluginManager: Loaded Plugin OculusAudio, From D:/Program Files (x86)/Epic Games/4.13/Engine/Plugins/Runtime/OculusAudio/OculusAudio.uplugin
LogPluginManager: Loaded Plugin OculusInput, From D:/Program Files (x86)/Epic Games/4.13/Engine/Plugins/Runtime/OculusInput/OculusInput.uplugin
LogPluginManager: Loaded Plugin OculusLibrary, From D:/Program Files (x86)/Epic Games/4.13/Engine/Plugins/Runtime/OculusLibrary/OculusLibrary.uplugin
LogPluginManager: Loaded Plugin OculusRift, From D:/Program Files (x86)/Epic Games/4.13/Engine/Plugins/Runtime/OculusRift/OculusRift.uplugin
LogPluginManager: Loaded Plugin Oodle, From D:/Program Files (x86)/Epic Games/4.13/Engine/Plugins/Runtime/PacketHandlers/CompressionComponents/Oodle/Oodle.uplugin
LogPluginManager: Loaded Plugin ProceduralMeshComponent, From D:/Program Files (x86)/Epic Games/4.13/Engine/Plugins/Runtime/ProceduralMeshComponent/ProceduralMeshComponent.uplugin
LogPluginManager: Loaded Plugin SoundMod, From D:/Program Files (x86)/Epic Games/4.13/Engine/Plugins/Runtime/SoundMod/SoundMod.uplugin
LogPluginManager: Loaded Plugin SoundVisualizations, From D:/Program Files (x86)/Epic Games/4.13/Engine/Plugins/Runtime/SoundVisualizations/SoundVisualizations.uplugin
LogPluginManager: Loaded Plugin SteamController, From D:/Program Files (x86)/Epic Games/4.13/Engine/Plugins/Runtime/Steam/SteamController/SteamController.uplugin
LogPluginManager: Loaded Plugin SteamVR, From D:/Program Files (x86)/Epic Games/4.13/Engine/Plugins/Runtime/Steam/SteamVR/SteamVR.uplugin
LogPluginManager: Loaded Plugin WebBrowserWidget, From D:/Program Files (x86)/Epic Games/4.13/Engine/Plugins/Runtime/WebBrowserWidget/WebBrowserWidget.uplugin
LogPluginManager: Loaded Plugin WindowsDeviceProfileSelector, From D:/Program Files (x86)/Epic Games/4.13/Engine/Plugins/Runtime/WindowsDeviceProfileSelector/WindowsDeviceProfileSelector.uplugin
LogPluginManager: Loaded Plugin WindowsMoviePlayer, From D:/Program Files (x86)/Epic Games/4.13/Engine/Plugins/Runtime/WindowsMoviePlayer/WindowsMoviePlayer.uplugin
LogPluginManager: Loaded Plugin ScriptPlugin, From D:/Program Files (x86)/Epic Games/4.13/Engine/Plugins/ScriptPlugin/ScriptPlugin.uplugin
LogPluginManager: Loaded Plugin SlateRemote, From D:/Program Files (x86)/Epic Games/4.13/Engine/Plugins/Slate/SlateRemote/SlateRemote.uplugin
LogInit: Using libcurl 7.47.1
LogInit:  - built for x86_64-pc-win32
LogInit:  - supports SSL with WinSSL
LogInit:  - other features:
LogInit:      CURL_VERSION_SSL
LogInit:      CURL_VERSION_IPV6
LogInit:      CURL_VERSION_ASYNCHDNS
LogInit:      CURL_VERSION_LARGEFILE
LogInit:      CURL_VERSION_IDN
LogInit:  CurlRequestOptions (configurable via config and command line):
LogInit:  - bVerifyPeer = false  - Libcurl will NOT verify peer certificate
LogInit:  - bUseHttpProxy = false  - Libcurl will NOT use HTTP proxy
LogInit:  - bDontReuseConnections = false  - Libcurl will reuse connections
LogInit:  - CertBundlePath = nullptr  - Libcurl will use whatever was configured at build time.
OCULUS: Info: [CAPI] LibOVR module is located at C:\Program Files\Oculus\Support\oculus-runtime\LibOVRRT64_1.dll
OCULUS: Debug: Connected to the server running version (prod = 1).1.10.1(build = 315393) feature version = 0. Client runs version (prod = 1).1.10.1(build = 315393) feature version = 0
OCULUS: Debug: [HMDState] Using default profile default
OCULUS: Info: IAD changed to 64.6mm
OCULUS: Debug: [SharedMemory] Creating factory
LogInit: Build: ++UE4+Release-4.13-CL-3142249
LogInit: Engine Version: 4.13.1-3142249+++UE4+Release-4.13
LogInit: Compatible Engine Version: 4.13.0-3106830+++UE4+Release-4.13
LogInit: Net CL: 3142249
LogDevObjectVersion: Number of dev versions registered: 13
LogDevObjectVersion:   Dev-Blueprints (B0D832E4-1F89-4F0D-ACCF-7EB736FD4AA2): 5
LogDevObjectVersion:   Dev-Build (E1C64328-A22C-4D53-A36C-8E866417BD8C): 0
LogDevObjectVersion:   Dev-Core (375EC13C-06E4-48FB-B500-84F0262A717E): 1
LogDevObjectVersion:   Dev-Editor (E4B068ED-F494-42E9-A231-DA0B2E46BB41): 6
LogDevObjectVersion:   Dev-Framework (CFFC743F-43B0-4480-9391-14DF171D2073): 12
LogDevObjectVersion:   Dev-Mobile (B02B49B5-BB20-44E9-A304-32B752E40360): 0
LogDevObjectVersion:   Dev-Networking (A4E4105C-59A1-49B5-A7C5-40C4547EDFEE): 0
LogDevObjectVersion:   Dev-Online (39C831C9-5AE6-47DC-9A44-9C173E1C8E7C): 0
LogDevObjectVersion:   Dev-Physics (78F01B33-EBEA-4F98-B9B4-84EACCB95AA2): 0
LogDevObjectVersion:   Dev-Platform (6631380F-2D4D-43E0-8009-CF276956A95A): 0
LogDevObjectVersion:   Dev-Rendering (12F88B9F-8875-4AFC-A67C-D90C383ABD29): 4
LogDevObjectVersion:   Dev-Sequencer (7B5AE74C-D270-4C10-A958-57980B212A5A): 0
LogDevObjectVersion:   Dev-VR (D7296918-1DD6-4BDD-9DE2-64A83CC13884): 0
LogInit: Compiled (64-bit): Sep 28 2016 02:12:12
LogInit: Compiled with Visual C++: 19.00.23026.00
LogInit: Build Configuration: Development
LogInit: Branch Name: ++UE4+Release-4.13
LogInit: Command line: -EpicPortal 
LogInit: Base directory: D:/Program Files (x86)/Epic Games/4.13/Engine/Binaries/Win64/
LogInit: Installed Engine Build: 1
LogInit: Presizing for max 8388607 objects, including 0 objects not considered by GC, pre-allocating 0 bytes for permanent pool.
LogInit: Object subsystem initialized
[2016.12.07-06.10.54:044][  0]LogInit: Selected Device Profile: [Windows]
[2016.12.07-06.10.54:044][  0]LogInit: Applying CVar settings loaded from the selected device profile: [Windows]
[2016.12.07-06.10.54:052][  0]LogInit: Computer: DESKTOP-M92PTO3
[2016.12.07-06.10.54:052][  0]LogInit: User: StefanoAdmin
[2016.12.07-06.10.54:052][  0]LogInit: CPU Page size=65536, Cores=4
[2016.12.07-06.10.54:052][  0]LogInit: High frequency timer resolution =3.328125 MHz
[2016.12.07-06.10.54:052][  0]LogMemory: Memory total: Physical=15.9GB (16GB approx)
[2016.12.07-06.10.54:052][  0]LogMemory: Platform Memory Stats for Windows
[2016.12.07-06.10.54:052][  0]LogMemory: Process Physical Memory: 266.45 MB used, 266.45 MB peak
[2016.12.07-06.10.54:052][  0]LogMemory: Process Virtual Memory: 267.09 MB used, 267.09 MB peak
[2016.12.07-06.10.54:052][  0]LogMemory: Physical Memory: 8074.49 MB used, 16313.61 MB total
[2016.12.07-06.10.54:052][  0]LogMemory: Virtual Memory: 674.75 MB used, 134217728.00 MB total
[2016.12.07-06.10.54:354][  0]LogTextLocalizationManager: No specific translations for ('en-AU') exist, so ('en') translations will be used.
[2016.12.07-06.10.54:806][  0]LogD3D11RHI: D3D11 adapters:
[2016.12.07-06.10.55:289][  0]LogD3D11RHI:    0. 'NVIDIA GeForce GTX 980' (Feature Level 11_0)
[2016.12.07-06.10.55:289][  0]LogD3D11RHI:       4060/0/8156 MB DedicatedVideo/DedicatedSystem/SharedSystem, Outputs:1, VendorId:0x10de
[2016.12.07-06.10.55:290][  0]LogD3D11RHI:    1. 'Microsoft Basic Render Driver' (Feature Level 11_0)
[2016.12.07-06.10.55:290][  0]LogD3D11RHI:       0/0/8156 MB DedicatedVideo/DedicatedSystem/SharedSystem, Outputs:0, VendorId:0x1414
[2016.12.07-06.10.55:290][  0]LogD3D11RHI: Chosen D3D11 Adapter: 0
[2016.12.07-06.10.55:295][  0]LogD3D11RHI: Creating new Direct3DDevice
[2016.12.07-06.10.55:295][  0]LogD3D11RHI:     GPU DeviceId: 0x13c0 (for the marketing name, search the web for "GPU Device Id")
[2016.12.07-06.10.55:295][  0]LogWindows: EnumDisplayDevices:
[2016.12.07-06.10.55:295][  0]LogWindows:    0. 'NVIDIA GeForce GTX 980' (P:1 D:1)
[2016.12.07-06.10.55:295][  0]LogWindows:    1. 'NVIDIA GeForce GTX 980' (P:0 D:0)
[2016.12.07-06.10.55:295][  0]LogWindows:    2. 'NVIDIA GeForce GTX 980' (P:0 D:0)
[2016.12.07-06.10.55:295][  0]LogWindows:    3. 'NVIDIA GeForce GTX 980' (P:0 D:0)
[2016.12.07-06.10.55:295][  0]LogWindows: DebugString: FoundDriverCount:4 
[2016.12.07-06.10.55:295][  0]LogD3D11RHI:     Adapter Name: NVIDIA GeForce GTX 980
[2016.12.07-06.10.55:295][  0]LogD3D11RHI:   Driver Version: 376.09 (internal:21.21.13.7609, unified:376.09)
[2016.12.07-06.10.55:295][  0]LogD3D11RHI:      Driver Date: 11-24-2016
[2016.12.07-06.10.55:295][  0]LogRHI: Texture pool is 1361 MB (70% of 1945 MB)
[2016.12.07-06.10.55:742][  0]LogD3D11RHI: Async texture creation enabled
[2016.12.07-06.10.55:778][  0]LogD3D11RHI: GPU Timing Frequency: 1000.000000 (Debug: 2 1)
[2016.12.07-06.10.55:779][  0]LogShaderCompilers: Guid format shader working directory is -33 characters bigger than the processId version (../../../../../../Admin/Documents/GitHub Repositories/EclypseUE4/ProjectEclypse/Intermediate/Shaders/WorkingDirectory/5496/).
[2016.12.07-06.10.55:779][  0]LogShaderCompilers: Cleaned the shader compiler working directory 'C:/Users/Admin/AppData/Local/Temp/UnrealShaderWorkingDir/124A83F44A0177B999376896A905A7DD/'.
[2016.12.07-06.10.55:779][  0]LogShaderCompilers:Display: Using Local Shader Compiler.
[2016.12.07-06.10.56:564][  0]LogTemp:Display: Loaded TP AllDesktopTargetPlatform
[2016.12.07-06.10.56:572][  0]LogTemp:Display: Loaded TP WindowsClientTargetPlatform
[2016.12.07-06.10.56:577][  0]LogTemp:Display: Loaded TP WindowsNoEditorTargetPlatform
[2016.12.07-06.10.56:583][  0]LogTemp:Display: Loaded TP WindowsServerTargetPlatform
[2016.12.07-06.10.56:588][  0]LogTemp:Display: Loaded TP WindowsTargetPlatform
[2016.12.07-06.10.56:594][  0]LogTemp:Display: Loaded TP AndroidTargetPlatform
[2016.12.07-06.10.56:598][  0]LogTemp:Display: Loaded TP Android_ASTCTargetPlatform
[2016.12.07-06.10.56:603][  0]LogTemp:Display: Loaded TP Android_ATCTargetPlatform
[2016.12.07-06.10.56:609][  0]LogTemp:Display: Loaded TP Android_DXTTargetPlatform
[2016.12.07-06.10.56:614][  0]LogTemp:Display: Loaded TP Android_ETC1TargetPlatform
[2016.12.07-06.10.56:618][  0]LogTemp:Display: Loaded TP Android_ETC2TargetPlatform
[2016.12.07-06.10.56:629][  0]LogTemp:Display: Loaded TP Android_MultiTargetPlatform
[2016.12.07-06.10.56:629][  0]LogTemp:Display: Loaded TP Android_PVRTCTargetPlatform
[2016.12.07-06.10.56:629][  0]LogTemp:Display: Loaded TP HTML5TargetPlatform
[2016.12.07-06.10.56:646][  0]LogTemp:Display: Loaded TP IOSTargetPlatform
[2016.12.07-06.10.56:651][  0]LogTemp:Display: Loaded TP TVOSTargetPlatform
[2016.12.07-06.10.56:656][  0]LogTemp:Display: Loaded TP LinuxClientTargetPlatform
[2016.12.07-06.10.56:661][  0]LogTemp:Display: Loaded TP LinuxNoEditorTargetPlatform
[2016.12.07-06.10.56:666][  0]LogTemp:Display: Loaded TP LinuxServerTargetPlatform
[2016.12.07-06.10.56:671][  0]LogTemp:Display: Loaded TP LinuxTargetPlatform
[2016.12.07-06.10.56:671][  0]LogTargetPlatformManager:Display: Building Assets For Windows
[2016.12.07-06.10.56:719][  0]LogDerivedDataCache:Display: Max Cache Size: 512 MB
[2016.12.07-06.10.56:772][  0]LogDerivedDataCache: Loaded boot cache 0.05s 62MB C:/Users/Admin/AppData/Local/UnrealEngine/4.13/DerivedDataCache/Boot.ddc.
[2016.12.07-06.10.56:772][  0]LogDerivedDataCache:Display: Loaded Boot cache: C:/Users/Admin/AppData/Local/UnrealEngine/4.13/DerivedDataCache/Boot.ddc
[2016.12.07-06.10.56:773][  0]LogDerivedDataCache: FDerivedDataBackendGraph:  Pak pak cache file ../../../../../../Admin/Documents/GitHub Repositories/EclypseUE4/ProjectEclypse/DerivedDataCache/DDC.ddp not found, will not use a pak cache.
[2016.12.07-06.10.56:773][  0]LogDerivedDataCache: Unable to find inner node Pak for hierarchical cache Hierarchy.
[2016.12.07-06.10.56:773][  0]LogDerivedDataCache: FDerivedDataBackendGraph:  CompressedPak pak cache file ../../../../../../Admin/Documents/GitHub Repositories/EclypseUE4/ProjectEclypse/DerivedDataCache/Compressed.ddp not found, will not use a pak cache.
[2016.12.07-06.10.56:773][  0]LogDerivedDataCache: Unable to find inner node CompressedPak for hierarchical cache Hierarchy.
[2016.12.07-06.10.56:786][  0]LogDerivedDataCache:Display: Pak cache opened for reading ../../../Engine/DerivedDataCache/Compressed.ddp.
[2016.12.07-06.10.56:797][  0]LogDerivedDataCache: Using Local data cache path C:/Users/Admin/AppData/Local/UnrealEngine/Common/DerivedDataCache: Writable
[2016.12.07-06.10.56:946][  0]LogInit: Selected Device Profile: [Windows]
[2016.12.07-06.10.56:948][  0]LogContentStreaming: Texture pool size is 0.00 MB
[2016.12.07-06.10.57:013][  0]LogMeshUtilities: No automatic mesh reduction module available
[2016.12.07-06.10.57:013][  0]LogMeshUtilities: No automatic mesh merging module available
[2016.12.07-06.10.57:013][  0]LogMeshUtilities: No distributed automatic mesh merging module available
[2016.12.07-06.10.57:056][  0]LogMaterial: Uniform references updated for custom material expression Custom.
[2016.12.07-06.10.57:272][  0]LogNetVersion: GetLocalNetworkVersion: CL: 3106830, ProjectName: projecteclypse, ProjectVersion: , EngineNetworkVersion: 1, GameNetworkVersion: 0, NetworkChecksum: 2418632494
[2016.12.07-06.10.57:304][  0]LogAssetRegistry: FAssetRegistry took 0.0209 seconds to start up
[2016.12.07-06.10.57:324][  0]LogPackageLocalizationCache: Processed 3 localized package path(s) for 2 prioritized culture(s) in 0.018975 seconds
[2016.12.07-06.10.57:329][  0]LogUObjectArray: 29778 objects as part of root set at end of initial load.
[2016.12.07-06.10.57:329][  0]LogUObjectAllocator: 6125448 out of 0 bytes used by permanent object pool.
[2016.12.07-06.10.57:329][  0]LogUObjectArray: CloseDisregardForGC: 0/0 objects in disregard for GC pool
[2016.12.07-06.10.57:332][  0]LogInit: WinSock: version 1.1 (2.2), MaxSocks=32767, MaxUdp=65467
[2016.12.07-06.10.57:465][  0]LogSlate: SlateFontCache - WITH_FREETYPE: 1, WITH_HARFBUZZ: 1
[2016.12.07-06.10.57:465][  0]LogSlate: SlateFontCache - WITH_FREETYPE: 1, WITH_HARFBUZZ: 1
[2016.12.07-06.10.57:922][  0]LogSubstanceCoreModule: Substance CPU Engine Loaded, Max Texture Size 2048
[2016.12.07-06.10.57:927][  0]LogTcpMessaging: Initializing TcpMessaging bridge
[2016.12.07-06.10.57:942][  0]LogUdpMessaging: Initializing bridge on interface 0.0.0.0:0 to multicast group 230.0.0.1:6666.
[2016.12.07-06.10.58:105][  0]SourceControl: Info Source control is disabled
[2016.12.07-06.10.58:133][  0]SourceControl: Info Source control is disabled
[2016.12.07-06.10.58:137][  0]SourceControl: Info Source control is disabled
[2016.12.07-06.10.58:141][  0]SourceControl: Info Source control is disabled
[2016.12.07-06.10.58:177][  0]LogLinker:Warning: Can't find file '/Game/FirstPersonBP/FirstPersonOverview'
[2016.12.07-06.10.58:177][  0]LogLinker:Warning: Can't find file '/Game/FirstPersonBP/FirstPersonOverview'
[2016.12.07-06.10.58:177][  0]LogUObjectGlobals:Warning: Failed to find object 'Class /Game/FirstPersonBP/FirstPersonOverview.FirstPersonOverview_C'
[2016.12.07-06.10.58:301][  0]LogEngine: Initializing Engine...
[2016.12.07-06.10.58:301][  0]LogHMD: Oculus plugin initialized. Version: 4.13.1-3142249+++UE4+Release-4.13, LibOVR: 1.10.1, SDK: 1.6.0, built Sep 28 2016, 02:14:12
[2016.12.07-06.10.58:400][  0]OCULUS: Debug: [HMDState] Using default profile default
[2016.12.07-06.10.58:400][  0]OCULUS: Info: IAD changed to 64.6mm
[2016.12.07-06.10.58:405][  0]LogAIModule: Creating AISystem for world Untitled
[2016.12.07-06.10.58:417][  0]LogInit: XAudio2 using 'Speakers (Realtek High Definition Audio)' : 8 channels at 48 kHz using 32 bits per sample (channel mask 0x63f)
[2016.12.07-06.10.58:447][  0]LogInit: FAudioDevice initialized.
[2016.12.07-06.10.58:472][  0]LogDerivedDataCache: Saved boot cache 0.02s 62MB C:/Users/Admin/AppData/Local/UnrealEngine/4.13/DerivedDataCache/Boot.ddc.
[2016.12.07-06.10.58:478][  0]LogInit: Texture streaming: Enabled
[2016.12.07-06.10.58:492][  0]LogInit: Transaction tracking system initialized
[2016.12.07-06.10.58:502][  0]BlueprintLog: New page: Editor Load
[2016.12.07-06.10.58:536][  0]LocalizationService: Info Localization service is disabled
[2016.12.07-06.10.58:580][  0]LogConsoleResponse:Display: 
[2016.12.07-06.10.58:660][  0]LogCook:Display: Max memory allowance for cook 16384mb min free memory 0mb
[2016.12.07-06.10.58:660][  0]LogCook:Display: Mobile HDR setting 1
[2016.12.07-06.10.58:733][  0]LogFileCache: Scanning file cache for directory 'D:/Admin/Documents/GitHub Repositories/EclypseUE4/ProjectEclypse/Content/' took 0.01s
[2016.12.07-06.10.58:733][  0]SourceControl: Info Source control is disabled
[2016.12.07-06.10.58:733][  0]Cmd: MAP LOAD FILE="../../../../../../Admin/Documents/GitHub Repositories/EclypseUE4/ProjectEclypse/Content/Maps/EclypseVillage.umap" TEMPLATE=0 SHOWPROGRESS=1 FEATURELEVEL=3
[2016.12.07-06.10.58:733][  0]LightingResults: New page: Lighting Build
[2016.12.07-06.10.58:734][  0]MapCheck: New page: Map Check
[2016.12.07-06.10.58:734][  0]LightingResults: New page: Lighting Build
[2016.12.07-06.10.59:629][  0]LogAIModule: Creating AISystem for world EclypseVillage
[2016.12.07-06.10.59:637][  0]LogEditorServer: Finished looking for orphan Actors (0.000 secs)
[2016.12.07-06.10.59:638][  0]Cmd: MAP CHECKDEP NOCLEARLOG
[2016.12.07-06.10.59:671][  0]MapCheck: Info Map check complete: 0 Error(s), 0 Warning(s), took 33.353ms to complete.
[2016.12.07-06.10.59:671][  0]LogFileHelpers: Loading map 'EclypseVillage' took 0.938
[2016.12.07-06.10.59:757][  0]LogCollectionManager: Loaded 0 collections in 0.000686 seconds
[2016.12.07-06.10.59:793][  0]LogFileCache: Scanning file cache for directory 'D:/Admin/Documents/GitHub Repositories/EclypseUE4/ProjectEclypse/Saved/Collections/' took 0.01s
[2016.12.07-06.10.59:793][  0]LogFileCache: Scanning file cache for directory 'D:/Admin/Documents/GitHub Repositories/EclypseUE4/ProjectEclypse/Content/Developers/StefanoAdmin/Collections/' took 0.01s
[2016.12.07-06.10.59:793][  0]LogFileCache: Scanning file cache for directory 'D:/Admin/Documents/GitHub Repositories/EclypseUE4/ProjectEclypse/Content/Collections/' took 0.01s
[2016.12.07-06.10.59:793][  0]LogCollectionManager: Rebuilt the GUID cache for 0 collections in 0.000002 seconds
[2016.12.07-06.10.59:800][  0]LogContentBrowser: Native class hierarchy populated in 0.0067 seconds. Added 2156 classes and 421 folders.
[2016.12.07-06.10.59:802][  0]LogStats: UGameplayTagsManager::ConstructGameplayTagTree: Construct from data asset -  0.000 s
[2016.12.07-06.10.59:802][  0]LogStats: UGameplayTagsManager::ConstructGameplayTagTree: GameplayTagTreeChangedEvent.Broadcast -  0.000 s
[2016.12.07-06.10.59:802][  0]LogContentBrowser: Native class hierarchy updated for 'GameplayTags' in 0.0004 seconds. Added 12 classes and 0 folders.
[2016.12.07-06.10.59:804][  0]LogContentBrowser: Native class hierarchy updated for 'WidgetCarousel' in 0.0003 seconds. Added 0 classes and 0 folders.
[2016.12.07-06.10.59:829][  0]LogContentBrowser: Native class hierarchy updated for 'AddContentDialog' in 0.0003 seconds. Added 0 classes and 0 folders.
[2016.12.07-06.10.59:832][  0]LogContentBrowser: Native class hierarchy updated for 'SceneOutliner' in 0.0003 seconds. Added 1 classes and 2 folders.
[2016.12.07-06.10.59:872][  0]LogCrashTracker: Crashtracker disabled due to settings.
[2016.12.07-06.10.59:876][  0]LogUObjectGlobals:Warning: Failed to find object 'Class None.'
[2016.12.07-06.10.59:901][  0]LogContentBrowser: Native class hierarchy updated for 'HierarchicalLODOutliner' in 0.0004 seconds. Added 1 classes and 2 folders.
[2016.12.07-06.10.59:901][  0]LogLoad: (Engine Initialization) Total time: 6.57 seconds
[2016.12.07-06.10.59:901][  0]LogLoad: (Engine Initialization) Total Blueprint compile time: 0.26 seconds
[2016.12.07-06.10.59:901][  0]LogExternalProfiler: Found external profiler: VSPerf
[2016.12.07-06.10.59:901][  0]LogExternalProfiler: Using external profiler: VSPerf
[2016.12.07-06.11.00:240][  0]LogOcInput: OculusInput pre-init called
[2016.12.07-06.11.00:249][  0]LogOcInput: OculusInput is initialized. Init status 0. Runtime version: 1.10.1
[2016.12.07-06.11.00:267][  0]LogContentStreaming: Texture pool size now 1000 MB
[2016.12.07-06.11.00:368][  0]LogRenderer: Reallocating scene render targets to support 1124x620 (Frame:2).
[2016.12.07-06.11.00:913][  2]LogAssetRegistry: Asset discovery search completed in 3.6302 seconds
[2016.12.07-06.11.00:913][  2]LogCollectionManager: Rebuilt the object cache for 0 collections in 0.000001 seconds (found 0 objects)
[2016.12.07-06.11.00:913][  2]LogCollectionManager: Fixed up redirectors for 0 collections in 0.000019 seconds (updated 0 objects)
[2016.12.07-06.12.17:673][485]LogContentBrowser: Native class hierarchy updated for 'BlueprintGraph' in 0.0006 seconds. Added 112 classes and 0 folders.
[2016.12.07-06.13.09:025][576]BlueprintLog: New page: Compile GameManager
[2016.12.07-06.13.09:565][592]Cmd: OBJ SAVEPACKAGE PACKAGE="/Game/BP/GameManager" FILE="../../../../../../Admin/Documents/GitHub Repositories/EclypseUE4/ProjectEclypse/Content/BP/GameManager.uasset" SILENT=true
[2016.12.07-06.13.09:602][592]LogSavePackage: Save=28.18ms
[2016.12.07-06.13.09:602][592]LogSavePackage: Moving '../../../../../../Admin/Documents/GitHub Repositories/EclypseUE4/ProjectEclypse/Saved/GameManager9A3B47634FC580A002D37DB350E626FD.tmp' to '../../../../../../Admin/Documents/GitHub Repositories/EclypseUE4/ProjectEclypse/Content/BP/GameManager.uasset'
[2016.12.07-06.13.09:604][592]LogSavePackage:Display: Finished SavePackage ../../../../../../Admin/Documents/GitHub Repositories/EclypseUE4/ProjectEclypse/Content/BP/GameManager.uasset
[2016.12.07-06.13.15:624][ 56]LogBlueprintUserMessages: Early PlayInEditor Detection: Level '/Game/Maps/EclypseVillage.EclypseVillage:PersistentLevel' has LevelScriptBlueprint '/Game/Maps/EclypseVillage.EclypseVillage:PersistentLevel.EclypseVillage' with GeneratedClass '/Game/Maps/EclypseVillage.EclypseVillage_C' with ClassGeneratedBy '/Game/Maps/EclypseVillage.EclypseVillage:PersistentLevel.EclypseVillage'
[2016.12.07-06.13.15:625][ 56]LogPlayLevel: PlayLevel: No blueprints needed recompiling
[2016.12.07-06.13.15:625][ 56]OCULUS: Debug: [HMDState] Using default profile default
[2016.12.07-06.13.15:625][ 56]OCULUS: Info: IAD changed to 64.6mm
[2016.12.07-06.13.15:625][ 56]LogHMD: New ovr session is created
[2016.12.07-06.13.15:625][ 56]LogHMD: HMD Oculus Rift CV1, res = 2160 x 1200
[2016.12.07-06.13.15:626][ 56]PIE: New page: PIE session: EclypseVillage (8 Dec 2016 3:13:15 am)
[2016.12.07-06.13.15:626][ 56]LogPlayLevel: Creating play world package: /Game/Maps/UEDPIE_0_EclypseVillage
[2016.12.07-06.13.15:633][ 56]LogPlayLevel: PIE: StaticDuplicateObject took: (0.007042s)
[2016.12.07-06.13.15:634][ 56]LogAIModule: Creating AISystem for world EclypseVillage
[2016.12.07-06.13.15:634][ 56]LogPlayLevel: PIE: World Init took: (0.000705s)
[2016.12.07-06.13.15:634][ 56]LogPlayLevel: PIE: Created PIE world by copying editor world from /Game/Maps/EclypseVillage.EclypseVillage to /Game/Maps/UEDPIE_0_EclypseVillage.EclypseVillage (0.007923s)
[2016.12.07-06.13.15:654][ 56]LogInit: XAudio2 using 'Speakers (Realtek High Definition Audio)' : 8 channels at 48 kHz using 32 bits per sample (channel mask 0x63f)
[2016.12.07-06.13.15:685][ 56]LogInit: FAudioDevice initialized.
[2016.12.07-06.13.15:731][ 56]LogWorld: Game class is 'GameManager_C'
[2016.12.07-06.13.15:733][ 56]LogWorld: Bringing World /Game/Maps/UEDPIE_0_EclypseVillage.EclypseVillage up for play (max tick rate 0) at 2016.12.07-17.13.15
[2016.12.07-06.13.15:734][ 56]LogWorld: Bringing up level for play took: 0.001913
[2016.12.07-06.13.15:737][ 56]LogContentBrowser: Native class hierarchy updated for 'MovieSceneCapture' in 0.0004 seconds. Added 11 classes and 0 folders.
[2016.12.07-06.13.15:737][ 56]LogGameMode:Display: Match State Changed from EnteringMap to WaitingToStart
[2016.12.07-06.13.15:737][ 56]LogGameState: Match State Changed from EnteringMap to WaitingToStart
[2016.12.07-06.13.15:737][ 56]LogGameMode:Display: Match State Changed from WaitingToStart to InProgress
[2016.12.07-06.13.15:739][ 56]LogGameState: Match State Changed from WaitingToStart to InProgress
[2016.12.07-06.13.15:740][ 56]PIE: Info Play in editor start time for /Game/Maps/UEDPIE_0_EclypseVillage 0.645
[2016.12.07-06.13.15:741][ 56]LogBlueprintUserMessages: Late PlayInEditor Detection: Level '/Game/Maps/EclypseVillage.EclypseVillage:PersistentLevel' has LevelScriptBlueprint '/Game/Maps/EclypseVillage.EclypseVillage:PersistentLevel.EclypseVillage' with GeneratedClass '/Game/Maps/EclypseVillage.EclypseVillage_C' with ClassGeneratedBy '/Game/Maps/EclypseVillage.EclypseVillage:PersistentLevel.EclypseVillage'
[2016.12.07-06.13.15:756][ 56]LogRenderer: Reallocating scene render targets to support 1292x756 (Frame:7).
[2016.12.07-06.13.21:335][250]LogBlueprintUserMessages: Early EndPlayMap Detection: Level '/Game/Maps/EclypseVillage.EclypseVillage:PersistentLevel' has LevelScriptBlueprint '/Game/Maps/EclypseVillage.EclypseVillage:PersistentLevel.EclypseVillage' with GeneratedClass '/Game/Maps/EclypseVillage.EclypseVillage_C' with ClassGeneratedBy '/Game/Maps/EclypseVillage.EclypseVillage:PersistentLevel.EclypseVillage'
[2016.12.07-06.13.21:369][250]LogHMD: Destroying ovr session
[2016.12.07-06.13.21:409][250]LogBlueprintUserMessages: Late EndPlayMap Detection: Level '/Game/Maps/EclypseVillage.EclypseVillage:PersistentLevel' has LevelScriptBlueprint '/Game/Maps/EclypseVillage.EclypseVillage:PersistentLevel.EclypseVillage' with GeneratedClass '/Game/Maps/EclypseVillage.EclypseVillage_C' with ClassGeneratedBy '/Game/Maps/EclypseVillage.EclypseVillage:PersistentLevel.EclypseVillage'
[2016.12.07-06.14.09:748][ 50]BlueprintLog: New page: Compile SoothsayerWidget
[2016.12.07-06.14.10:281][ 65]LogSavePackage: Save=19.14ms
[2016.12.07-06.14.10:281][ 65]LogSavePackage: Moving '../../../../../../Admin/Documents/GitHub Repositories/EclypseUE4/ProjectEclypse/Saved/SoothsayerWidget48E2E2EC425A20100923CCAEC6DA6A0A.tmp' to '../../../../../../Admin/Documents/GitHub Repositories/EclypseUE4/ProjectEclypse/Content/BP/Widgets/SoothsayerWidget.uasset'
[2016.12.07-06.14.10:282][ 65]LogSavePackage:Display: Finished SavePackage ../../../../../../Admin/Documents/GitHub Repositories/EclypseUE4/ProjectEclypse/Content/BP/Widgets/SoothsayerWidget.uasset
[2016.12.07-06.14.24:488][843]BlueprintLog: New page: Compile SoothsayerWidget
[2016.12.07-06.14.25:022][859]LogSavePackage: Save=18.90ms
[2016.12.07-06.14.25:022][859]LogSavePackage: Moving '../../../../../../Admin/Documents/GitHub Repositories/EclypseUE4/ProjectEclypse/Saved/SoothsayerWidgetC01F575043C98D76C6658DB82B387211.tmp' to '../../../../../../Admin/Documents/GitHub Repositories/EclypseUE4/ProjectEclypse/Content/BP/Widgets/SoothsayerWidget.uasset'
[2016.12.07-06.14.25:023][859]LogSavePackage:Display: Finished SavePackage ../../../../../../Admin/Documents/GitHub Repositories/EclypseUE4/ProjectEclypse/Content/BP/Widgets/SoothsayerWidget.uasset
[2016.12.07-06.14.25:800][889]LogBlueprintUserMessages: Early PlayInEditor Detection: Level '/Game/Maps/EclypseVillage.EclypseVillage:PersistentLevel' has LevelScriptBlueprint '/Game/Maps/EclypseVillage.EclypseVillage:PersistentLevel.EclypseVillage' with GeneratedClass '/Game/Maps/EclypseVillage.EclypseVillage_C' with ClassGeneratedBy '/Game/Maps/EclypseVillage.EclypseVillage:PersistentLevel.EclypseVillage'
[2016.12.07-06.14.25:800][889]LogPlayLevel: PlayLevel: No blueprints needed recompiling
[2016.12.07-06.14.25:801][889]OCULUS: Debug: [HMDState] Using default profile default
[2016.12.07-06.14.25:801][889]OCULUS: Info: IAD changed to 64.6mm
[2016.12.07-06.14.25:801][889]LogHMD: New ovr session is created
[2016.12.07-06.14.25:811][889]LogHMD: HMD Oculus Rift CV1, res = 2160 x 1200
[2016.12.07-06.14.25:811][889]PIE: New page: PIE session: EclypseVillage (8 Dec 2016 3:14:25 am)
[2016.12.07-06.14.25:811][889]LogPlayLevel: Creating play world package: /Game/Maps/UEDPIE_0_EclypseVillage
[2016.12.07-06.14.25:819][889]LogPlayLevel: PIE: StaticDuplicateObject took: (0.008288s)
[2016.12.07-06.14.25:820][889]LogAIModule: Creating AISystem for world EclypseVillage
[2016.12.07-06.14.25:820][889]LogPlayLevel: PIE: World Init took: (0.000897s)
[2016.12.07-06.14.25:821][889]LogPlayLevel: PIE: Created PIE world by copying editor world from /Game/Maps/EclypseVillage.EclypseVillage to /Game/Maps/UEDPIE_0_EclypseVillage.EclypseVillage (0.009450s)
[2016.12.07-06.14.25:841][889]LogInit: XAudio2 using 'Speakers (Realtek High Definition Audio)' : 8 channels at 48 kHz using 32 bits per sample (channel mask 0x63f)
[2016.12.07-06.14.25:870][889]LogInit: FAudioDevice initialized.
[2016.12.07-06.14.25:905][889]LogWorld: Game class is 'GameManager_C'
[2016.12.07-06.14.25:907][889]LogWorld: Bringing World /Game/Maps/UEDPIE_0_EclypseVillage.EclypseVillage up for play (max tick rate 0) at 2016.12.07-17.14.25
[2016.12.07-06.14.25:907][889]LogWorld: Bringing up level for play took: 0.001929
[2016.12.07-06.14.25:908][889]LogGameMode:Display: Match State Changed from EnteringMap to WaitingToStart
[2016.12.07-06.14.25:908][889]LogGameState: Match State Changed from EnteringMap to WaitingToStart
[2016.12.07-06.14.25:908][889]LogGameMode:Display: Match State Changed from WaitingToStart to InProgress
[2016.12.07-06.14.25:910][889]LogGameState: Match State Changed from WaitingToStart to InProgress
[2016.12.07-06.14.25:912][889]PIE: Info Play in editor start time for /Game/Maps/UEDPIE_0_EclypseVillage 0.816
[2016.12.07-06.14.25:912][889]LogBlueprintUserMessages: Late PlayInEditor Detection: Level '/Game/Maps/EclypseVillage.EclypseVillage:PersistentLevel' has LevelScriptBlueprint '/Game/Maps/EclypseVillage.EclypseVillage:PersistentLevel.EclypseVillage' with GeneratedClass '/Game/Maps/EclypseVillage.EclypseVillage_C' with ClassGeneratedBy '/Game/Maps/EclypseVillage.EclypseVillage:PersistentLevel.EclypseVillage'
[2016.12.07-06.14.37:381][301]LogBlueprintUserMessages: Early EndPlayMap Detection: Level '/Game/Maps/EclypseVillage.EclypseVillage:PersistentLevel' has LevelScriptBlueprint '/Game/Maps/EclypseVillage.EclypseVillage:PersistentLevel.EclypseVillage' with GeneratedClass '/Game/Maps/EclypseVillage.EclypseVillage_C' with ClassGeneratedBy '/Game/Maps/EclypseVillage.EclypseVillage:PersistentLevel.EclypseVillage'
[2016.12.07-06.14.37:381][301]LogHMD: Destroying ovr session
[2016.12.07-06.14.37:412][301]LogBlueprintUserMessages: Late EndPlayMap Detection: Level '/Game/Maps/EclypseVillage.EclypseVillage:PersistentLevel' has LevelScriptBlueprint '/Game/Maps/EclypseVillage.EclypseVillage:PersistentLevel.EclypseVillage' with GeneratedClass '/Game/Maps/EclypseVillage.EclypseVillage_C' with ClassGeneratedBy '/Game/Maps/EclypseVillage.EclypseVillage:PersistentLevel.EclypseVillage'
[2016.12.07-06.14.38:604][383]LogSavePackage: Save=18.60ms
[2016.12.07-06.14.38:604][383]LogSavePackage: Moving '../../../../../../Admin/Documents/GitHub Repositories/EclypseUE4/ProjectEclypse/Saved/SoothsayerWidget63D35F6E4F8C2CE8F4AF43BE3673C2E0.tmp' to '../../../../../../Admin/Documents/GitHub Repositories/EclypseUE4/ProjectEclypse/Content/BP/Widgets/SoothsayerWidget.uasset'
[2016.12.07-06.14.38:605][383]LogSavePackage:Display: Finished SavePackage ../../../../../../Admin/Documents/GitHub Repositories/EclypseUE4/ProjectEclypse/Content/BP/Widgets/SoothsayerWidget.uasset
[2016.12.07-06.15.57:562][731]LogSavePackage: Save=19.32ms
[2016.12.07-06.15.57:562][731]LogSavePackage: Moving '../../../../../../Admin/Documents/GitHub Repositories/EclypseUE4/ProjectEclypse/Saved/SoothsayerWidget5759E52D4E236A347318029782FD3903.tmp' to '../../../../../../Admin/Documents/GitHub Repositories/EclypseUE4/ProjectEclypse/Content/BP/Widgets/SoothsayerWidget.uasset'
[2016.12.07-06.15.57:563][731]LogSavePackage:Display: Finished SavePackage ../../../../../../Admin/Documents/GitHub Repositories/EclypseUE4/ProjectEclypse/Content/BP/Widgets/SoothsayerWidget.uasset
[2016.12.07-06.16.02:642][185]LogSavePackage: Save=162.64ms
[2016.12.07-06.16.02:642][185]LogSavePackage: Moving '../../../../../../Admin/Documents/GitHub Repositories/EclypseUE4/ProjectEclypse/Saved/EclypseVillageC78413AC42CFC9C2D2C773A74D477811.tmp' to '../../../../../../Admin/Documents/GitHub Repositories/EclypseUE4/ProjectEclypse/Content/Maps/EclypseVillage.umap'
[2016.12.07-06.16.02:671][185]LogSavePackage:Display: Finished SavePackage ../../../../../../Admin/Documents/GitHub Repositories/EclypseUE4/ProjectEclypse/Content/Maps/EclypseVillage.umap
[2016.12.07-06.16.04:773][372]LogBlueprintUserMessages: Early PlayInEditor Detection: Level '/Game/Maps/EclypseVillage.EclypseVillage:PersistentLevel' has LevelScriptBlueprint '/Game/Maps/EclypseVillage.EclypseVillage:PersistentLevel.EclypseVillage' with GeneratedClass '/Game/Maps/EclypseVillage.EclypseVillage_C' with ClassGeneratedBy '/Game/Maps/EclypseVillage.EclypseVillage:PersistentLevel.EclypseVillage'
[2016.12.07-06.16.04:773][372]LogPlayLevel: PlayLevel: No blueprints needed recompiling
[2016.12.07-06.16.04:774][372]OCULUS: Debug: [HMDState] Using default profile default
[2016.12.07-06.16.04:774][372]OCULUS: Info: IAD changed to 64.6mm
[2016.12.07-06.16.04:774][372]LogHMD: New ovr session is created
[2016.12.07-06.16.04:783][372]LogHMD: HMD Oculus Rift CV1, res = 2160 x 1200
[2016.12.07-06.16.04:783][372]PIE: New page: PIE session: EclypseVillage (8 Dec 2016 3:16:04 am)
[2016.12.07-06.16.04:783][372]LogPlayLevel: Creating play world package: /Game/Maps/UEDPIE_0_EclypseVillage
[2016.12.07-06.16.04:790][372]LogPlayLevel: PIE: StaticDuplicateObject took: (0.007002s)
[2016.12.07-06.16.04:791][372]LogAIModule: Creating AISystem for world EclypseVillage
[2016.12.07-06.16.04:791][372]LogPlayLevel: PIE: World Init took: (0.000606s)
[2016.12.07-06.16.04:791][372]LogPlayLevel: PIE: Created PIE world by copying editor world from /Game/Maps/EclypseVillage.EclypseVillage to /Game/Maps/UEDPIE_0_EclypseVillage.EclypseVillage (0.007778s)
[2016.12.07-06.16.04:811][372]LogInit: XAudio2 using 'Speakers (Realtek High Definition Audio)' : 8 channels at 48 kHz using 32 bits per sample (channel mask 0x63f)
[2016.12.07-06.16.04:840][372]LogInit: FAudioDevice initialized.
[2016.12.07-06.16.04:871][372]LogWorld: Game class is 'GameManager_C'
[2016.12.07-06.16.04:873][372]LogWorld: Bringing World /Game/Maps/UEDPIE_0_EclypseVillage.EclypseVillage up for play (max tick rate 0) at 2016.12.07-17.16.04
[2016.12.07-06.16.04:873][372]LogWorld: Bringing up level for play took: 0.001692
[2016.12.07-06.16.04:873][372]LogGameMode:Display: Match State Changed from EnteringMap to WaitingToStart
[2016.12.07-06.16.04:873][372]LogGameState: Match State Changed from EnteringMap to WaitingToStart
[2016.12.07-06.16.04:873][372]LogGameMode:Display: Match State Changed from WaitingToStart to InProgress
[2016.12.07-06.16.04:875][372]LogGameState: Match State Changed from WaitingToStart to InProgress
[2016.12.07-06.16.04:875][372]PIE: Info Play in editor start time for /Game/Maps/UEDPIE_0_EclypseVillage -0.221
[2016.12.07-06.16.04:875][372]LogBlueprintUserMessages: Late PlayInEditor Detection: Level '/Game/Maps/EclypseVillage.EclypseVillage:PersistentLevel' has LevelScriptBlueprint '/Game/Maps/EclypseVillage.EclypseVillage:PersistentLevel.EclypseVillage' with GeneratedClass '/Game/Maps/EclypseVillage.EclypseVillage_C' with ClassGeneratedBy '/Game/Maps/EclypseVillage.EclypseVillage:PersistentLevel.EclypseVillage'
[2016.12.07-06.16.06:662][520]LogBlueprintUserMessages: Early EndPlayMap Detection: Level '/Game/Maps/EclypseVillage.EclypseVillage:PersistentLevel' has LevelScriptBlueprint '/Game/Maps/EclypseVillage.EclypseVillage:PersistentLevel.EclypseVillage' with GeneratedClass '/Game/Maps/EclypseVillage.EclypseVillage_C' with ClassGeneratedBy '/Game/Maps/EclypseVillage.EclypseVillage:PersistentLevel.EclypseVillage'
[2016.12.07-06.16.06:682][520]LogHMD: Destroying ovr session
[2016.12.07-06.16.06:731][520]LogBlueprintUserMessages: Late EndPlayMap Detection: Level '/Game/Maps/EclypseVillage.EclypseVillage:PersistentLevel' has LevelScriptBlueprint '/Game/Maps/EclypseVillage.EclypseVillage:PersistentLevel.EclypseVillage' with GeneratedClass '/Game/Maps/EclypseVillage.EclypseVillage_C' with ClassGeneratedBy '/Game/Maps/EclypseVillage.EclypseVillage:PersistentLevel.EclypseVillage'
[2016.12.07-06.16.07:478][588]LogEditorViewport: Clicking on Actor (LMB): Soothsayer_C (Soothsayer)
[2016.12.07-06.16.08:702][672]LogEditorViewport: Clicking on Actor (CTRL LMB): Council_C (Council)
[2016.12.07-06.16.09:337][740]LogEditorViewport: Clicking on Actor (CTRL LMB): Tavern_C (Tavern)
[2016.12.07-06.16.09:790][791]LogEditorViewport: Clicking on Actor (CTRL LMB): Farmstead_C (Farmstead)
[2016.12.07-06.16.10:211][838]LogEditorViewport: Clicking on Actor (CTRL LMB): Workshop_C (Workshop)
[2016.12.07-06.16.25:000][116]LogSavePackage: Save=18.84ms
[2016.12.07-06.16.25:000][116]LogSavePackage: Moving '../../../../../../Admin/Documents/GitHub Repositories/EclypseUE4/ProjectEclypse/Saved/SoothsayerWidget9B6E45B4454BB1A0C3793BB9B06C3CB1.tmp' to '../../../../../../Admin/Documents/GitHub Repositories/EclypseUE4/ProjectEclypse/Content/BP/Widgets/SoothsayerWidget.uasset'
[2016.12.07-06.16.25:001][116]LogSavePackage:Display: Finished SavePackage ../../../../../../Admin/Documents/GitHub Repositories/EclypseUE4/ProjectEclypse/Content/BP/Widgets/SoothsayerWidget.uasset
[2016.12.07-06.16.25:826][159]LogBlueprintUserMessages: Early PlayInEditor Detection: Level '/Game/Maps/EclypseVillage.EclypseVillage:PersistentLevel' has LevelScriptBlueprint '/Game/Maps/EclypseVillage.EclypseVillage:PersistentLevel.EclypseVillage' with GeneratedClass '/Game/Maps/EclypseVillage.EclypseVillage_C' with ClassGeneratedBy '/Game/Maps/EclypseVillage.EclypseVillage:PersistentLevel.EclypseVillage'
[2016.12.07-06.16.25:826][159]LogPlayLevel: PlayLevel: No blueprints needed recompiling
[2016.12.07-06.16.25:827][159]OCULUS: Debug: [HMDState] Using default profile default
[2016.12.07-06.16.25:827][159]OCULUS: Info: IAD changed to 64.6mm
[2016.12.07-06.16.25:827][159]LogHMD: New ovr session is created
[2016.12.07-06.16.25:836][159]LogHMD: HMD Oculus Rift CV1, res = 2160 x 1200
[2016.12.07-06.16.25:837][159]PIE: New page: PIE session: EclypseVillage (8 Dec 2016 3:16:25 am)
[2016.12.07-06.16.25:837][159]LogPlayLevel: Creating play world package: /Game/Maps/UEDPIE_0_EclypseVillage
[2016.12.07-06.16.25:844][159]LogPlayLevel: PIE: StaticDuplicateObject took: (0.007624s)
[2016.12.07-06.16.25:845][159]LogAIModule: Creating AISystem for world EclypseVillage
[2016.12.07-06.16.25:845][159]LogPlayLevel: PIE: World Init took: (0.000809s)
[2016.12.07-06.16.25:845][159]LogPlayLevel: PIE: Created PIE world by copying editor world from /Game/Maps/EclypseVillage.EclypseVillage to /Game/Maps/UEDPIE_0_EclypseVillage.EclypseVillage (0.008655s)
[2016.12.07-06.16.25:886][159]LogInit: XAudio2 using 'Speakers (Realtek High Definition Audio)' : 8 channels at 48 kHz using 32 bits per sample (channel mask 0x63f)
[2016.12.07-06.16.25:917][159]LogInit: FAudioDevice initialized.
[2016.12.07-06.16.25:949][159]LogWorld: Game class is 'GameManager_C'
[2016.12.07-06.16.25:951][159]LogWorld: Bringing World /Game/Maps/UEDPIE_0_EclypseVillage.EclypseVillage up for play (max tick rate 0) at 2016.12.07-17.16.25
[2016.12.07-06.16.25:951][159]LogWorld: Bringing up level for play took: 0.001817
[2016.12.07-06.16.25:952][159]LogGameMode:Display: Match State Changed from EnteringMap to WaitingToStart
[2016.12.07-06.16.25:952][159]LogGameState: Match State Changed from EnteringMap to WaitingToStart
[2016.12.07-06.16.25:952][159]LogGameMode:Display: Match State Changed from WaitingToStart to InProgress
[2016.12.07-06.16.25:953][159]LogGameState: Match State Changed from WaitingToStart to InProgress
[2016.12.07-06.16.25:956][159]PIE: Info Play in editor start time for /Game/Maps/UEDPIE_0_EclypseVillage 0.86
[2016.12.07-06.16.25:956][159]LogBlueprintUserMessages: Late PlayInEditor Detection: Level '/Game/Maps/EclypseVillage.EclypseVillage:PersistentLevel' has LevelScriptBlueprint '/Game/Maps/EclypseVillage.EclypseVillage:PersistentLevel.EclypseVillage' with GeneratedClass '/Game/Maps/EclypseVillage.EclypseVillage_C' with ClassGeneratedBy '/Game/Maps/EclypseVillage.EclypseVillage:PersistentLevel.EclypseVillage'
[2016.12.07-06.22.00:243][313]LogBlueprintUserMessages: Early EndPlayMap Detection: Level '/Game/Maps/EclypseVillage.EclypseVillage:PersistentLevel' has LevelScriptBlueprint '/Game/Maps/EclypseVillage.EclypseVillage:PersistentLevel.EclypseVillage' with GeneratedClass '/Game/Maps/EclypseVillage.EclypseVillage_C' with ClassGeneratedBy '/Game/Maps/EclypseVillage.EclypseVillage:PersistentLevel.EclypseVillage'
[2016.12.07-06.22.00:277][313]LogHMD: Destroying ovr session
[2016.12.07-06.22.00:344][313]LogBlueprintUserMessages: Late EndPlayMap Detection: Level '/Game/Maps/EclypseVillage.EclypseVillage:PersistentLevel' has LevelScriptBlueprint '/Game/Maps/EclypseVillage.EclypseVillage:PersistentLevel.EclypseVillage' with GeneratedClass '/Game/Maps/EclypseVillage.EclypseVillage_C' with ClassGeneratedBy '/Game/Maps/EclypseVillage.EclypseVillage:PersistentLevel.EclypseVillage'
[2016.12.07-06.25.28:136][341]AssetReimport: New page: Detailed File System Changes from 4:25:28 pm
[2016.12.07-06.25.28:151][341]AssetReimport: Info 'D:/Admin/Documents/GitHub Repositories/EclypseUE4/ProjectEclypse/Content/Store_SuperGenius - WeatherFX_Thumb.png' has been created.
[2016.12.07-06.25.32:739][767]AssetReimport: New page: Outstanding source content changes 3:25:32 am
[2016.12.07-06.25.32:781][768]LogFactory: FactoryCreateFile: Texture with ReimportTextureFactory (0 0 D:/Admin/Documents/GitHub Repositories/EclypseUE4/ProjectEclypse/Content/Store_SuperGenius - WeatherFX_Thumb.png)
[2016.12.07-06.25.33:137][769]LogSavePackage: Save=12.45ms
[2016.12.07-06.25.33:137][769]LogSavePackage: Moving '../../../../../../Admin/Documents/GitHub Repositories/EclypseUE4/ProjectEclypse/Saved/Store_SuperGenius_-_WeatherFX_ThumbF4F98D9F43A82630EC5A7FA904FEEB1C.tmp' to '../../../../../../Admin/Documents/GitHub Repositories/EclypseUE4/ProjectEclypse/Content/Store_SuperGenius_-_WeatherFX_Thumb.uasset'
[2016.12.07-06.25.33:138][769]LogSavePackage:Display: Finished SavePackage ../../../../../../Admin/Documents/GitHub Repositories/EclypseUE4/ProjectEclypse/Content/Store_SuperGenius_-_WeatherFX_Thumb.uasset
[2016.12.07-06.25.36:823][944]AssetReimport: Info Importing new asset /Game/Store_SuperGenius_-_WeatherFX_Thumb.
[2016.12.07-06.25.45:267][345]LogSavePackage: Save=136.37ms
[2016.12.07-06.25.45:267][345]LogSavePackage: Moving '../../../../../../Admin/Documents/GitHub Repositories/EclypseUE4/ProjectEclypse/Saved/EclypseVillageEF744C824B8AC8E59BEEE79D05F083B2.tmp' to '../../../../../../Admin/Documents/GitHub Repositories/EclypseUE4/ProjectEclypse/Content/Maps/EclypseVillage.umap'
[2016.12.07-06.25.45:269][345]LogSavePackage:Display: Finished SavePackage ../../../../../../Admin/Documents/GitHub Repositories/EclypseUE4/ProjectEclypse/Content/Maps/EclypseVillage.umap
[2016.12.07-06.25.45:289][345]LogFileHelpers: Saving map 'EclypseVillage' took 0.219
[2016.12.07-06.25.45:608][346]Cmd: QUIT_EDITOR
[2016.12.07-06.25.46:444][346]LogWindowsTextInputMethodSystem:Display: IME system now deactivated.
[2016.12.07-06.25.46:465][346]LogExit: Preparing to exit.
[2016.12.07-06.25.47:201][346]LogDirectoryWatcher: A directory notification for 'D:/Admin/Documents/GitHub Repositories/EclypseUE4/ProjectEclypse/Content/' was aborted.
[2016.12.07-06.25.47:253][346]LogExit: Editor shut down
[2016.12.07-06.25.47:253][346]LogExit: Transaction tracking system shut down
[2016.12.07-06.25.47:372][346]LogObj: Freed 0b from 0 cluster array pools.
[2016.12.07-06.25.47:372][346]LogExit: Object subsystem successfully closed.
[2016.12.07-06.25.47:387][346]LogD3D11RHI: Shutdown
[2016.12.07-06.25.47:387][346]LogD3D11RHI: CleanupD3DDevice
[2016.12.07-06.25.47:444][346]LogD3D11RHI: ~FD3D11DynamicRHI
[2016.12.07-06.25.47:451][346]LogModuleManager: Shutting down and abandoning module MovieSceneCapture (239)
[2016.12.07-06.25.47:451][346]LogModuleManager: Shutting down and abandoning module SequencerWidgets (238)
[2016.12.07-06.25.47:451][346]LogModuleManager: Shutting down and abandoning module BlueprintGraph (237)
[2016.12.07-06.25.47:451][346]LogModuleManager: Shutting down and abandoning module BlueprintProfiler (236)
[2016.12.07-06.25.47:451][346]LogModuleManager: Shutting down and abandoning module HierarchicalLODOutliner (235)
[2016.12.07-06.25.47:451][346]LogModuleManager: Shutting down and abandoning module CrashTracker (234)
[2016.12.07-06.25.47:451][346]LogModuleManager: Shutting down and abandoning module SceneOutliner (233)
[2016.12.07-06.25.47:451][346]LogModuleManager: Shutting down and abandoning module WidgetCarousel (232)
[2016.12.07-06.25.47:451][346]LogModuleManager: Shutting down and abandoning module AddContentDialog (231)
[2016.12.07-06.25.47:451][346]LogDirectoryWatcher: A directory notification for 'D:/Program Files (x86)/Epic Games/4.13/FeaturePacks/' was aborted.
[2016.12.07-06.25.47:452][346]LogModuleManager: Shutting down and abandoning module GameplayTags (230)
[2016.12.07-06.25.47:452][346]LogModuleManager: Shutting down and abandoning module EditorWidgets (229)
[2016.12.07-06.25.47:452][346]LogModuleManager: Shutting down and abandoning module CollectionManager (228)
[2016.12.07-06.25.47:452][346]LogDirectoryWatcher: A directory notification for 'D:/Admin/Documents/GitHub Repositories/EclypseUE4/ProjectEclypse/Content/Collections/' was aborted.
[2016.12.07-06.25.47:452][346]LogDirectoryWatcher: A directory notification for 'D:/Admin/Documents/GitHub Repositories/EclypseUE4/ProjectEclypse/Content/Developers/StefanoAdmin/Collections/' was aborted.
[2016.12.07-06.25.47:452][346]LogDirectoryWatcher: A directory notification for 'D:/Admin/Documents/GitHub Repositories/EclypseUE4/ProjectEclypse/Saved/Collections/' was aborted.
[2016.12.07-06.25.47:452][346]LogModuleManager: Shutting down and abandoning module StatsViewer (227)
[2016.12.07-06.25.47:452][346]LogModuleManager: Shutting down and abandoning module FoliageEdit (226)
[2016.12.07-06.25.47:452][346]LogModuleManager: Shutting down and abandoning module LandscapeEditor (225)
[2016.12.07-06.25.47:452][346]LogModuleManager: Shutting down and abandoning module SceneDepthPickerMode (224)
[2016.12.07-06.25.47:452][346]LogModuleManager: Shutting down and abandoning module ActorPickerMode (223)
[2016.12.07-06.25.47:452][346]LogModuleManager: Shutting down and abandoning module GeometryMode (222)
[2016.12.07-06.25.47:452][346]LogModuleManager: Shutting down and abandoning module TextureAlignMode (221)
[2016.12.07-06.25.47:452][346]LogModuleManager: Shutting down and abandoning module BspMode (220)
[2016.12.07-06.25.47:452][346]LogModuleManager: Shutting down and abandoning module HardwareSurvey (219)
[2016.12.07-06.25.47:452][346]LogModuleManager: Shutting down and abandoning module SequenceRecorderSections (218)
[2016.12.07-06.25.47:452][346]LogModuleManager: Shutting down and abandoning module SequenceRecorder (217)
[2016.12.07-06.25.47:452][346]LogModuleManager: Shutting down and abandoning module AutomationWorker (216)
[2016.12.07-06.25.47:452][346]LogModuleManager: Shutting down and abandoning module MatineeToLevelSequence (215)
[2016.12.07-06.25.47:452][346]LogModuleManager: Shutting down and abandoning module PlacementMode (214)
[2016.12.07-06.25.47:452][346]LogModuleManager: Shutting down and abandoning module LevelSequenceEditor (213)
[2016.12.07-06.25.47:452][346]LogModuleManager: Shutting down and abandoning module WmfMediaFactory (212)
[2016.12.07-06.25.47:452][346]LogModuleManager: Shutting down and abandoning module WmfMediaEditor (211)
[2016.12.07-06.25.47:452][346]LogModuleManager: Shutting down and abandoning module AvfMediaFactory (210)
[2016.12.07-06.25.47:452][346]LogModuleManager: Shutting down and abandoning module AvfMediaEditor (209)
[2016.12.07-06.25.47:452][346]LogModuleManager: Shutting down and abandoning module Media (208)
[2016.12.07-06.25.47:452][346]LogModuleManager: Shutting down and abandoning module AndroidMediaFactory (207)
[2016.12.07-06.25.47:452][346]LogModuleManager: Shutting down and abandoning module AndroidMediaEditor (206)
[2016.12.07-06.25.47:452][346]LogModuleManager: Shutting down and abandoning module CharacterAI (205)
[2016.12.07-06.25.47:452][346]LogModuleManager: Shutting down and abandoning module SmartSnapping (204)
[2016.12.07-06.25.47:452][346]LogModuleManager: Shutting down and abandoning module SessionServices (203)
[2016.12.07-06.25.47:452][346]LogModuleManager: Shutting down and abandoning module ViewportSnapping (202)
[2016.12.07-06.25.47:452][346]LogModuleManager: Shutting down and abandoning module ViewportInteraction (201)
[2016.12.07-06.25.47:452][346]LogModuleManager: Shutting down and abandoning module LogVisualizer (200)
[2016.12.07-06.25.47:452][346]LogModuleManager: Shutting down and abandoning module GameProjectGeneration (199)
[2016.12.07-06.25.47:453][346]LogModuleManager: Shutting down and abandoning module IntroTutorials (198)
[2016.12.07-06.25.47:453][346]LogModuleManager: Shutting down and abandoning module EditorLiveStreaming (197)
[2016.12.07-06.25.47:453][346]LogModuleManager: Shutting down and abandoning module IOSPlatformEditor (196)
[2016.12.07-06.25.47:453][346]LogModuleManager: Shutting down and abandoning module HTML5PlatformEditor (195)
[2016.12.07-06.25.47:453][346]LogModuleManager: Shutting down and abandoning module AndroidDeviceDetection (194)
[2016.12.07-06.25.47:700][346]LogModuleManager: Shutting down and abandoning module AndroidPlatformEditor (193)
[2016.12.07-06.25.47:700][346]LogModuleManager: Shutting down and abandoning module IOSRuntimeSettings (192)
[2016.12.07-06.25.47:700][346]LogModuleManager: Shutting down and abandoning module AndroidRuntimeSettings (191)
[2016.12.07-06.25.47:700][346]LogModuleManager: Shutting down and abandoning module NiagaraEditor (190)
[2016.12.07-06.25.47:700][346]LogModuleManager: Shutting down and abandoning module MergeActors (189)
[2016.12.07-06.25.47:700][346]LogModuleManager: Shutting down and abandoning module SizeMap (188)
[2016.12.07-06.25.47:700][346]LogModuleManager: Shutting down and abandoning module TreeMap (187)
[2016.12.07-06.25.47:700][346]LogModuleManager: Shutting down and abandoning module ReferenceViewer (186)
[2016.12.07-06.25.47:700][346]LogModuleManager: Shutting down and abandoning module LocalizationService (185)
[2016.12.07-06.25.47:701][346]LogModuleManager: Shutting down and abandoning module LocalizationDashboard (184)
[2016.12.07-06.25.47:701][346]LogModuleManager: Shutting down and abandoning module HardwareTargeting (183)
[2016.12.07-06.25.47:701][346]LogModuleManager: Shutting down and abandoning module DeviceProfileEditor (182)
[2016.12.07-06.25.47:701][346]LogModuleManager: Shutting down and abandoning module UndoHistory (181)
[2016.12.07-06.25.47:701][346]LogModuleManager: Shutting down and abandoning module UserFeedback (180)
[2016.12.07-06.25.47:701][346]LogModuleManager: Shutting down and abandoning module XmlParser (179)
[2016.12.07-06.25.47:701][346]LogModuleManager: Shutting down and abandoning module Blutility (178)
[2016.12.07-06.25.47:701][346]LogModuleManager: Shutting down and abandoning module ProjectTargetPlatformEditor (177)
[2016.12.07-06.25.47:701][346]LogModuleManager: Shutting down and abandoning module ProjectSettingsViewer (176)
[2016.12.07-06.25.47:701][346]LogModuleManager: Shutting down and abandoning module InputBindingEditor (175)
[2016.12.07-06.25.47:701][346]LogModuleManager: Shutting down and abandoning module EditorSettingsViewer (174)
[2016.12.07-06.25.47:701][346]LogModuleManager: Shutting down and abandoning module SettingsEditor (173)
[2016.12.07-06.25.47:701][346]LogModuleManager: Shutting down and abandoning module ProjectLauncher (172)
[2016.12.07-06.25.47:701][346]LogModuleManager: Shutting down and abandoning module SessionFrontend (171)
[2016.12.07-06.25.47:701][346]LogModuleManager: Shutting down and abandoning module ProfilerClient (170)
[2016.12.07-06.25.47:701][346]LogModuleManager: Shutting down and abandoning module TargetDeviceServices (169)
[2016.12.07-06.25.47:701][346]LogModuleManager: Shutting down and abandoning module DeviceManager (168)
[2016.12.07-06.25.47:753][346]LogModuleManager: Shutting down and abandoning module AutomationController (167)
[2016.12.07-06.25.47:753][346]LogModuleManager: Shutting down and abandoning module AutomationWindow (166)
[2016.12.07-06.25.47:753][346]LogModuleManager: Shutting down and abandoning module Layers (165)
[2016.12.07-06.25.47:753][346]LogModuleManager: Shutting down and abandoning module ComponentVisualizers (164)
[2016.12.07-06.25.47:753][346]LogModuleManager: Shutting down and abandoning module DetailCustomizations (163)
[2016.12.07-06.25.47:753][346]LogModuleManager: Shutting down and abandoning module PackagesDialog (162)
[2016.12.07-06.25.47:753][346]LogModuleManager: Shutting down and abandoning module AnimGraph (161)
[2016.12.07-06.25.47:753][346]LogModuleManager: Shutting down and abandoning module Persona (160)
[2016.12.07-06.25.47:753][346]LogModuleManager: Shutting down and abandoning module Kismet (159)
[2016.12.07-06.25.47:757][346]LogModuleManager: Shutting down and abandoning module GraphEditor (158)
[2016.12.07-06.25.47:757][346]LogModuleManager: Shutting down and abandoning module ClassViewer (157)
[2016.12.07-06.25.47:757][346]LogModuleManager: Shutting down and abandoning module Toolbox (156)
[2016.12.07-06.25.47:757][346]LogModuleManager: Shutting down and abandoning module ModuleUI (155)
[2016.12.07-06.25.47:757][346]LogModuleManager: Shutting down and abandoning module MovieSceneTools (154)
[2016.12.07-06.25.47:757][346]LogModuleManager: Shutting down and abandoning module OutputLog (153)
[2016.12.07-06.25.47:757][346]LogModuleManager: Shutting down and abandoning module GammaUI (152)
[2016.12.07-06.25.47:757][346]LogModuleManager: Shutting down and abandoning module Documentation (151)
[2016.12.07-06.25.47:757][346]LogModuleManager: Shutting down and abandoning module Niagara (150)
[2016.12.07-06.25.47:757][346]LogModuleManager: Shutting down and abandoning module StreamingPauseRendering (149)
[2016.12.07-06.25.47:757][346]LogModuleManager: Shutting down and abandoning module AnalyticsET (148)
[2016.12.07-06.25.47:757][346]LogModuleManager: Shutting down and abandoning module PortalServices (147)
[2016.12.07-06.25.47:757][346]LogModuleManager: Shutting down and abandoning module PortalRpc (146)
[2016.12.07-06.25.47:757][346]LogModuleManager: Shutting down and abandoning module MessagingRpc (145)
[2016.12.07-06.25.47:757][346]LogModuleManager: Shutting down and abandoning module GameplayDebugger (144)
[2016.12.07-06.25.47:757][346]LogModuleManager: Shutting down and abandoning module AITestSuite (143)
[2016.12.07-06.25.47:757][346]LogModuleManager: Shutting down and abandoning module AIModule (142)
[2016.12.07-06.25.47:757][346]LogModuleManager: Shutting down and abandoning module ProfilerService (141)
[2016.12.07-06.25.47:852][346]LogModuleManager: Shutting down and abandoning module TaskGraph (140)
[2016.12.07-06.25.47:852][346]LogModuleManager: Shutting down and abandoning module SubstanceEditor (139)
[2016.12.07-06.25.47:852][346]LogModuleManager: Shutting down and abandoning module SlateRemote (138)
[2016.12.07-06.25.47:852][346]LogModuleManager: Shutting down and abandoning module SteamVRController (137)
[2016.12.07-06.25.47:852][346]LogModuleManager: Shutting down and abandoning module SteamVR (136)
[2016.12.07-06.25.47:852][346]LogModuleManager: Shutting down and abandoning module ProceduralMeshComponentEditor (135)
[2016.12.07-06.25.47:852][346]LogModuleManager: Shutting down and abandoning module ProceduralMeshComponent (134)
[2016.12.07-06.25.47:852][346]LogModuleManager: Shutting down and abandoning module OculusLibrary (133)
[2016.12.07-06.25.47:852][346]LogModuleManager: Shutting down and abandoning module OculusInput (132)
[2016.12.07-06.25.47:852][346]LogModuleManager: Shutting down and abandoning module CustomMeshComponent (131)
[2016.12.07-06.25.47:852][346]LogModuleManager: Shutting down and abandoning module CableComponent (130)
[2016.12.07-06.25.47:852][346]LogModuleManager: Shutting down and abandoning module ArchVisCharacter (129)
[2016.12.07-06.25.47:852][346]LogModuleManager: Shutting down and abandoning module MediaPlayerEditor (127)
[2016.12.07-06.25.47:852][346]LogModuleManager: Shutting down and abandoning module HTML5Networking (126)
[2016.12.07-06.25.47:852][346]LogModuleManager: Shutting down and abandoning module GeometryCacheEd (125)
[2016.12.07-06.25.47:852][346]LogModuleManager: Shutting down and abandoning module GeometryCache (124)
[2016.12.07-06.25.47:852][346]LogModuleManager: Shutting down and abandoning module AlembicLibrary (123)
[2016.12.07-06.25.47:852][346]LogModuleManager: Shutting down and abandoning module AlembicImporter (122)
[2016.12.07-06.25.47:852][346]LogModuleManager: Shutting down and abandoning module SuperSearch (121)
[2016.12.07-06.25.47:852][346]LogModuleManager: Shutting down and abandoning module SuperSearchEditor (120)
[2016.12.07-06.25.47:852][346]LogModuleManager: Shutting down and abandoning module SpeedTreeImporter (119)
[2016.12.07-06.25.47:852][346]LogModuleManager: Shutting down and abandoning module PluginBrowser (118)
[2016.12.07-06.25.47:852][346]LogModuleManager: Shutting down and abandoning module MobileLauncherProfileWizard (117)
[2016.12.07-06.25.47:852][346]LogModuleManager: Shutting down and abandoning module EpicSurvey (116)
[2016.12.07-06.25.47:852][346]LogModuleManager: Shutting down and abandoning module DesktopPlatform (115)
[2016.12.07-06.25.47:852][346]LogModuleManager: Shutting down and abandoning module VisualStudioSourceCodeAccess (114)
[2016.12.07-06.25.47:852][346]LogModuleManager: Shutting down and abandoning module UObjectPlugin (113)
[2016.12.07-06.25.47:852][346]LogModuleManager: Shutting down and abandoning module SubversionSourceControl (112)
[2016.12.07-06.25.47:852][346]LogModuleManager: Shutting down and abandoning module PerforceSourceControl (111)
[2016.12.07-06.25.47:852][346]LogModuleManager: Shutting down and abandoning module SourceControl (110)
[2016.12.07-06.25.47:852][346]LogModuleManager: Shutting down and abandoning module GitSourceControl (109)
[2016.12.07-06.25.47:852][346]LogModuleManager: Shutting down and abandoning module LightPropagationVolumeEditor (108)
[2016.12.07-06.25.47:852][346]LogModuleManager: Shutting down and abandoning module PaperTiledImporter (107)
[2016.12.07-06.25.47:852][346]LogModuleManager: Shutting down and abandoning module PaperSpriteSheetImporter (106)
[2016.12.07-06.25.47:852][346]LogModuleManager: Shutting down and abandoning module MeshPaint (105)
[2016.12.07-06.25.47:852][346]LogModuleManager: Shutting down and abandoning module FbxAutomationBuilderModule (104)
[2016.12.07-06.25.47:852][346]LogModuleManager: Shutting down and abandoning module PixelInspectorModule (103)
[2016.12.07-06.25.47:852][346]LogModuleManager: Shutting down and abandoning module HotReload (102)
[2016.12.07-06.25.47:852][346]LogModuleManager: Shutting down and abandoning module MainFrame (101)
[2016.12.07-06.25.47:852][346]LogModuleManager: Shutting down and abandoning module LevelEditor (100)
[2016.12.07-06.25.47:853][346]LogModuleManager: Shutting down and abandoning module ContentBrowser (99)
[2016.12.07-06.25.47:853][346]LogModuleManager: Shutting down and abandoning module Paper2DEditor (98)
[2016.12.07-06.25.47:853][346]LogModuleManager: Shutting down and abandoning module UdpMessaging (97)
[2016.12.07-06.25.47:954][346]LogModuleManager: Shutting down and abandoning module TcpMessaging (96)
[2016.12.07-06.25.48:070][346]LogModuleManager: Shutting down and abandoning module SubstanceCore (95)
[2016.12.07-06.25.48:070][346]LogModuleManager: Shutting down and abandoning module LightPropagationVolumeRuntime (94)
[2016.12.07-06.25.48:070][346]LogModuleManager: Shutting down and abandoning module Paper2D (93)
[2016.12.07-06.25.48:070][346]LogModuleManager: Shutting down and abandoning module WindowsMoviePlayer (92)
[2016.12.07-06.25.48:071][346]LogModuleManager: Shutting down and abandoning module WmfMedia (91)
[2016.12.07-06.25.48:071][346]LogModuleManager: Shutting down and abandoning module MediaAssets (90)
[2016.12.07-06.25.48:071][346]LogModuleManager: Shutting down and abandoning module GameLiveStreaming (89)
[2016.12.07-06.25.48:071][346]LogModuleManager: Shutting down and abandoning module GameplayTagsEditor (88)
[2016.12.07-06.25.48:071][346]LogModuleManager: Shutting down and abandoning module VREditor (87)
[2016.12.07-06.25.48:071][346]LogModuleManager: Shutting down and abandoning module GameplayTasksEditor (86)
[2016.12.07-06.25.48:071][346]LogModuleManager: Shutting down and abandoning module PropertyEditor (85)
[2016.12.07-06.25.48:071][346]LogModuleManager: Shutting down and abandoning module BehaviorTreeEditor (84)
[2016.12.07-06.25.48:071][346]LogModuleManager: Shutting down and abandoning module FunctionalTesting (83)
[2016.12.07-06.25.48:071][346]LogModuleManager: Shutting down and abandoning module CollisionAnalyzer (82)
[2016.12.07-06.25.48:071][346]LogModuleManager: Shutting down and abandoning module Sequencer (81)
[2016.12.07-06.25.48:071][346]LogModuleManager: Shutting down and abandoning module WorkspaceMenuStructure (80)
[2016.12.07-06.25.48:071][346]LogModuleManager: Shutting down and abandoning module MessageLog (79)
[2016.12.07-06.25.48:071][346]LogModuleManager: Shutting down and abandoning module AssetTools (78)
[2016.12.07-06.25.48:071][346]LogModuleManager: Shutting down and abandoning module UMGEditor (77)
[2016.12.07-06.25.48:071][346]LogModuleManager: Shutting down and abandoning module UMG (76)
[2016.12.07-06.25.48:071][346]LogModuleManager: Shutting down and abandoning module SlateReflector (75)
[2016.12.07-06.25.48:071][346]LogModuleManager: Shutting down and abandoning module Slate (74)
[2016.12.07-06.25.48:071][346]LogModuleManager: Shutting down and abandoning module EditorStyle (73)
[2016.12.07-06.25.48:072][346]LogModuleManager: Shutting down and abandoning module SourceCodeAccess (72)
[2016.12.07-06.25.48:072][346]LogModuleManager: Shutting down and abandoning module HeadMountedDisplay (71)
[2016.12.07-06.25.48:072][346]LogModuleManager: Shutting down and abandoning module XAudio2 (70)
[2016.12.07-06.25.48:072][346]LogModuleManager: Shutting down and abandoning module Networking (68)
[2016.12.07-06.25.48:072][346]LogModuleManager: Shutting down and abandoning module Core (67)
[2016.12.07-06.25.48:072][346]LogModuleManager: Shutting down and abandoning module DirectoryWatcher (66)
[2016.12.07-06.25.48:073][346]LogDirectoryWatcher: A directory notification for '../../../Engine/Content/' was aborted.
[2016.12.07-06.25.48:073][346]LogDirectoryWatcher: A directory notification for '../../../../../../Admin/Documents/GitHub Repositories/EclypseUE4/ProjectEclypse/Content/' was aborted.
[2016.12.07-06.25.48:073][346]LogDirectoryWatcher: A directory notification for '../../../Engine/Plugins/2D/Paper2D/Content/' was aborted.
[2016.12.07-06.25.48:073][346]LogModuleManager: Shutting down and abandoning module AssetRegistry (65)
[2016.12.07-06.25.48:151][346]LogModuleManager: Shutting down and abandoning module KismetCompiler (64)
[2016.12.07-06.25.48:151][346]LogModuleManager: Shutting down and abandoning module PhysXFormats (63)
[2016.12.07-06.25.48:151][346]LogModuleManager: Shutting down and abandoning module MeshUtilities (62)
[2016.12.07-06.25.48:151][346]LogModuleManager: Shutting down and abandoning module DerivedDataCache (61)
[2016.12.07-06.25.48:239][346]LogDerivedDataCache: Shutdown
[2016.12.07-06.25.48:239][346]LogModuleManager: Shutting down and abandoning module VulkanShaderFormat (60)
[2016.12.07-06.25.48:239][346]LogModuleManager: Shutting down and abandoning module ShaderFormatOpenGL (59)
[2016.12.07-06.25.48:239][346]LogModuleManager: Shutting down and abandoning module ShaderFormatD3D (58)
[2016.12.07-06.25.48:239][346]LogModuleManager: Shutting down and abandoning module MetalShaderFormat (57)
[2016.12.07-06.25.48:239][346]LogModuleManager: Shutting down and abandoning module TextureFormatUncompressed (56)
[2016.12.07-06.25.48:239][346]LogModuleManager: Shutting down and abandoning module TextureFormatPVR (55)
[2016.12.07-06.25.48:239][346]LogModuleManager: Shutting down and abandoning module TextureFormatDXT (54)
[2016.12.07-06.25.48:239][346]LogModuleManager: Shutting down and abandoning module TextureFormatIntelISPCTexComp (53)
[2016.12.07-06.25.48:240][346]LogModuleManager: Shutting down and abandoning module ImageWrapper (52)
[2016.12.07-06.25.48:240][346]LogModuleManager: Shutting down and abandoning module TextureFormatASTC (51)
[2016.12.07-06.25.48:240][346]LogModuleManager: Shutting down and abandoning module TextureFormatAndroid (50)
[2016.12.07-06.25.48:240][346]LogModuleManager: Shutting down and abandoning module AudioFormatOpus (49)
[2016.12.07-06.25.48:240][346]LogModuleManager: Shutting down and abandoning module AudioFormatOgg (48)
[2016.12.07-06.25.48:240][346]LogModuleManager: Shutting down and abandoning module AudioFormatADPCM (47)
[2016.12.07-06.25.48:240][346]LogModuleManager: Shutting down and abandoning module LinuxTargetPlatform (46)
[2016.12.07-06.25.48:240][346]LogModuleManager: Shutting down and abandoning module LinuxServerTargetPlatform (45)
[2016.12.07-06.25.48:240][346]LogModuleManager: Shutting down and abandoning module LinuxNoEditorTargetPlatform (44)
[2016.12.07-06.25.48:240][346]LogModuleManager: Shutting down and abandoning module LinuxClientTargetPlatform (43)
[2016.12.07-06.25.48:240][346]LogModuleManager: Shutting down and abandoning module TVOSTargetPlatform (42)
[2016.12.07-06.25.48:240][346]LogModuleManager: Shutting down and abandoning module Messaging (41)
[2016.12.07-06.25.48:240][346]LogModuleManager: Shutting down and abandoning module IOSTargetPlatform (40)
[2016.12.07-06.25.48:240][346]LogModuleManager: Shutting down and abandoning module HTML5TargetPlatform (39)
[2016.12.07-06.25.48:240][346]LogModuleManager: Shutting down and abandoning module Android_PVRTCTargetPlatform (38)
[2016.12.07-06.25.48:240][346]LogModuleManager: Shutting down and abandoning module Android_MultiTargetPlatform (37)
[2016.12.07-06.25.48:240][346]LogModuleManager: Shutting down and abandoning module Android_ETC2TargetPlatform (36)
[2016.12.07-06.25.48:240][346]LogModuleManager: Shutting down and abandoning module Android_ETC1TargetPlatform (35)
[2016.12.07-06.25.48:240][346]LogModuleManager: Shutting down and abandoning module Android_DXTTargetPlatform (34)
[2016.12.07-06.25.48:240][346]LogModuleManager: Shutting down and abandoning module Android_ATCTargetPlatform (33)
[2016.12.07-06.25.48:240][346]LogModuleManager: Shutting down and abandoning module Android_ASTCTargetPlatform (32)
[2016.12.07-06.25.48:240][346]LogModuleManager: Shutting down and abandoning module AndroidTargetPlatform (31)
[2016.12.07-06.25.48:240][346]LogModuleManager: Shutting down and abandoning module WindowsTargetPlatform (30)
[2016.12.07-06.25.48:240][346]LogModuleManager: Shutting down and abandoning module WindowsServerTargetPlatform (29)
[2016.12.07-06.25.48:240][346]LogModuleManager: Shutting down and abandoning module WindowsNoEditorTargetPlatform (28)
[2016.12.07-06.25.48:240][346]LogModuleManager: Shutting down and abandoning module WindowsClientTargetPlatform (27)
[2016.12.07-06.25.48:240][346]LogModuleManager: Shutting down and abandoning module AllDesktopTargetPlatform (26)
[2016.12.07-06.25.48:240][346]LogModuleManager: Shutting down and abandoning module TargetPlatform (25)
[2016.12.07-06.25.48:240][346]LogModuleManager: Shutting down and abandoning module InputCore (24)
[2016.12.07-06.25.48:240][346]LogModuleManager: Shutting down and abandoning module Settings (23)
[2016.12.07-06.25.48:240][346]LogModuleManager: Shutting down and abandoning module OculusRift (22)
[2016.12.07-06.25.48:240][346]LogHMD: Oculus shutdown.
[2016.12.07-06.25.48:240][346]LogModuleManager: Shutting down and abandoning module GearVR (21)
[2016.12.07-06.25.48:240][346]LogModuleManager: Shutting down and abandoning module ExampleDeviceProfileSelector (20)
[2016.12.07-06.25.48:240][346]LogModuleManager: Shutting down and abandoning module OnlineBlueprintSupport (19)
[2016.12.07-06.25.48:240][346]LogModuleManager: Shutting down and abandoning module OnlineSubsystem (17)
[2016.12.07-06.25.48:240][346]LogOnline:Display: Unloading online subsystem: NULL
[2016.12.07-06.25.48:240][346]LogModuleManager: Shutting down and abandoning module HTTP (16)
[2016.12.07-06.25.48:240][346]LogHttp:Display: Http module shutting down, but needs to wait on 1 outstanding Http requests:
[2016.12.07-06.25.48:241][346]LogHttp:Display: 	verb=[POST] url=[https://datarouter.ol.epicgames.com/datarouter/api/v1/public/data?SessionID=%7BD641F6C5-4DFC-B6C6-1605-E2BEEAB80E9E%7D&AppID=UEEditor.Rocket.Release&AppVersion=4.13.1-3142249%2B%2B%2BUE4%2BRelease-4.13&UserID=7be9bcc841aef0cc7d8bf18c2213b0ba%7C54a8b21b775447c98759891ef23b3c0e%7C44f0c9ea-1eaa-4502-b083-e847946dc175&AppEnvironment=datacollector-binary&UploadType=eteventstream] status=Processing
[2016.12.07-06.25.48:242][346]LogModuleManager: Shutting down and abandoning module XMPP (15)
[2016.12.07-06.25.48:242][346]LogModuleManager: Shutting down and abandoning module TextureCompressor (14)
[2016.12.07-06.25.48:242][346]LogModuleManager: Shutting down and abandoning module ShaderCore (13)
[2016.12.07-06.25.48:242][346]LogModuleManager: Shutting down and abandoning module Landscape (12)
[2016.12.07-06.25.48:242][346]LogModuleManager: Shutting down and abandoning module SlateRHIRenderer (11)
[2016.12.07-06.25.48:243][346]LogModuleManager: Shutting down and abandoning module OpenGLDrv (10)
[2016.12.07-06.25.48:244][346]LogModuleManager: Shutting down and abandoning module D3D11RHI (9)
[2016.12.07-06.25.48:244][346]LogModuleManager: Shutting down and abandoning module AnimGraphRuntime (8)
[2016.12.07-06.25.48:244][346]LogModuleManager: Shutting down and abandoning module Renderer (7)
[2016.12.07-06.25.48:244][346]LogModuleManager: Shutting down and abandoning module Engine (6)
[2016.12.07-06.25.48:244][346]LogModuleManager: Shutting down and abandoning module CoreUObject (5)
[2016.12.07-06.25.48:244][346]LogModuleManager: Shutting down and abandoning module NetworkFile (4)
[2016.12.07-06.25.48:244][346]LogModuleManager: Shutting down and abandoning module StreamingFile (3)
[2016.12.07-06.25.48:244][346]LogModuleManager: Shutting down and abandoning module SandboxFile (2)
[2016.12.07-06.25.48:244][346]LogModuleManager: Shutting down and abandoning module PakFile (1)
[2016.12.07-06.25.48:245][346]LogExit: Exiting.
[2016.12.07-06.25.48:246][346]Log file closed, 12/07/16 17:25:48
