Log file open, 11/30/16 08:28:10
LogInit:Display: Running engine for game: ProjectEclypse
LogPlatformFile: Not using cached read wrapper
LogInit:Display: RandInit(-191572068) SRandInit(-191572068).
LogTaskGraph: Started task graph with 5 named threads and 8 total threads with 1 sets of task threads.
LogStats: Stats thread started at 0.062157
LogPluginManager: Loaded Plugin Paper2D, From D:/Program Files (x86)/Epic Games/4.13/Engine/Plugins/2D/Paper2D/Paper2D.uplugin
LogPluginManager: Loaded Plugin LightPropagationVolume, From D:/Program Files (x86)/Epic Games/4.13/Engine/Plugins/Blendables/LightPropagationVolume/LightPropagationVolume.uplugin
LogPluginManager: Loaded Plugin BlankPlugin, From D:/Program Files (x86)/Epic Games/4.13/Engine/Plugins/Developer/BlankPlugin/BlankPlugin.uplugin
LogPluginManager: Loaded Plugin CodeLiteSourceCodeAccess, From D:/Program Files (x86)/Epic Games/4.13/Engine/Plugins/Developer/CodeLiteSourceCodeAccess/CodeLiteSourceCodeAccess.uplugin
LogPluginManager: Loaded Plugin GitSourceControl, From D:/Program Files (x86)/Epic Games/4.13/Engine/Plugins/Developer/GitSourceControl/GitSourceControl.uplugin
LogPluginManager: Loaded Plugin KDevelopSourceCodeAccess, From D:/Program Files (x86)/Epic Games/4.13/Engine/Plugins/Developer/KDevelopSourceCodeAccess/KDevelopSourceCodeAccess.uplugin
LogPluginManager: Loaded Plugin NullSourceCodeAccess, From D:/Program Files (x86)/Epic Games/4.13/Engine/Plugins/Developer/NullSourceCodeAccess/NullSourceCodeAccess.uplugin
LogPluginManager: Loaded Plugin OneSkyLocalizationService, From D:/Program Files (x86)/Epic Games/4.13/Engine/Plugins/Developer/OneSkyLocalizationService/OneSkyLocalizationService.uplugin
LogPluginManager: Loaded Plugin PerforceSourceControl, From D:/Program Files (x86)/Epic Games/4.13/Engine/Plugins/Developer/PerforceSourceControl/PerforceSourceControl.uplugin
LogPluginManager: Loaded Plugin SubversionSourceControl, From D:/Program Files (x86)/Epic Games/4.13/Engine/Plugins/Developer/SubversionSourceControl/SubversionSourceControl.uplugin
LogPluginManager: Loaded Plugin UObjectPlugin, From D:/Program Files (x86)/Epic Games/4.13/Engine/Plugins/Developer/UObjectPlugin/UObjectPlugin.uplugin
LogPluginManager: Loaded Plugin VisualStudioSourceCodeAccess, From D:/Program Files (x86)/Epic Games/4.13/Engine/Plugins/Developer/VisualStudioSourceCodeAccess/VisualStudioSourceCodeAccess.uplugin
LogPluginManager: Loaded Plugin XCodeSourceCodeAccess, From D:/Program Files (x86)/Epic Games/4.13/Engine/Plugins/Developer/XCodeSourceCodeAccess/XCodeSourceCodeAccess.uplugin
LogPluginManager: Loaded Plugin EpicSurvey, From D:/Program Files (x86)/Epic Games/4.13/Engine/Plugins/Editor/EpicSurvey/EpicSurvey.uplugin
LogPluginManager: Loaded Plugin MacGraphicsSwitching, From D:/Program Files (x86)/Epic Games/4.13/Engine/Plugins/Editor/MacGraphicsSwitching/MacGraphicsSwitching.uplugin
LogPluginManager: Loaded Plugin MobileLauncherProfileWizard, From D:/Program Files (x86)/Epic Games/4.13/Engine/Plugins/Editor/MobileLauncherProfileWizard/MobileLauncherProfileWizard.uplugin
LogPluginManager: Loaded Plugin PluginBrowser, From D:/Program Files (x86)/Epic Games/4.13/Engine/Plugins/Editor/PluginBrowser/PluginBrowser.uplugin
LogPluginManager: Loaded Plugin SpeedTreeImporter, From D:/Program Files (x86)/Epic Games/4.13/Engine/Plugins/Editor/SpeedTreeImporter/SpeedTreeImporter.uplugin
LogPluginManager: Loaded Plugin SuperSearchEditor, From D:/Program Files (x86)/Epic Games/4.13/Engine/Plugins/Editor/SuperSearchEditor/SuperSearchEditor.uplugin
LogPluginManager: Loaded Plugin AlembicImporter, From D:/Program Files (x86)/Epic Games/4.13/Engine/Plugins/Experimental/AlembicImporter/AlembicImporter.uplugin
LogPluginManager: Loaded Plugin BlueprintStats, From D:/Program Files (x86)/Epic Games/4.13/Engine/Plugins/Experimental/BlueprintStats/BlueprintStats.uplugin
LogPluginManager: Loaded Plugin CharacterAI, From D:/Program Files (x86)/Epic Games/4.13/Engine/Plugins/Experimental/CharacterAI/CharacterAI.uplugin
LogPluginManager: Loaded Plugin CodeEditor, From D:/Program Files (x86)/Epic Games/4.13/Engine/Plugins/Experimental/CodeEditor/CodeEditor.uplugin
LogPluginManager: Loaded Plugin CodeView, From D:/Program Files (x86)/Epic Games/4.13/Engine/Plugins/Experimental/CodeView/CodeView.uplugin
LogPluginManager: Loaded Plugin HTML5Networking, From D:/Program Files (x86)/Epic Games/4.13/Engine/Plugins/Experimental/HTML5Networking/HTML5Networking.uplugin
LogPluginManager: Loaded Plugin LiveEditor, From D:/Program Files (x86)/Epic Games/4.13/Engine/Plugins/Experimental/LiveEditor/LiveEditor.uplugin
LogPluginManager: Loaded Plugin OSVR, From D:/Program Files (x86)/Epic Games/4.13/Engine/Plugins/Experimental/OSVR/OSVR.uplugin
LogPluginManager: Loaded Plugin Phya, From D:/Program Files (x86)/Epic Games/4.13/Engine/Plugins/Experimental/Phya/Phya.uplugin
LogPluginManager: Loaded Plugin SignificanceManager, From D:/Program Files (x86)/Epic Games/4.13/Engine/Plugins/Experimental/SignificanceManager/SignificanceManager.uplugin
LogPluginManager: Loaded Plugin SimpleHMD, From D:/Program Files (x86)/Epic Games/4.13/Engine/Plugins/Experimental/SimpleHMD/SimpleHMD.uplugin
LogPluginManager: Loaded Plugin StereoPanorama, From D:/Program Files (x86)/Epic Games/4.13/Engine/Plugins/Experimental/StereoPanorama/StereoPanorama.uplugin
LogPluginManager: Loaded Plugin StructBox, From D:/Program Files (x86)/Epic Games/4.13/Engine/Plugins/Experimental/StructBox/StructBox.uplugin
LogPluginManager: Loaded Plugin Substance, From D:/Program Files (x86)/Epic Games/4.13/Engine/Plugins/Marketplace/Substance/Substance.uplugin
LogPluginManager: Loaded Plugin AndroidMedia, From D:/Program Files (x86)/Epic Games/4.13/Engine/Plugins/Media/AndroidMedia/AndroidMedia.uplugin
LogPluginManager: Loaded Plugin AvfMedia, From D:/Program Files (x86)/Epic Games/4.13/Engine/Plugins/Media/AvfMedia/AvfMedia.uplugin
LogPluginManager: Loaded Plugin MediaPlayerEditor, From D:/Program Files (x86)/Epic Games/4.13/Engine/Plugins/Media/MediaPlayerEditor/MediaPlayerEditor.uplugin
LogPluginManager: Loaded Plugin WmfMedia, From D:/Program Files (x86)/Epic Games/4.13/Engine/Plugins/Media/WmfMedia/WmfMedia.uplugin
LogPluginManager: Loaded Plugin MessagingDebugger, From D:/Program Files (x86)/Epic Games/4.13/Engine/Plugins/Messaging/MessagingDebugger/MessagingDebugger.uplugin
LogPluginManager: Loaded Plugin TcpMessaging, From D:/Program Files (x86)/Epic Games/4.13/Engine/Plugins/Messaging/TcpMessaging/TcpMessaging.uplugin
LogPluginManager: Loaded Plugin UdpMessaging, From D:/Program Files (x86)/Epic Games/4.13/Engine/Plugins/Messaging/UdpMessaging/UdpMessaging.uplugin
LogPluginManager: Loaded Plugin LevelSequenceEditor, From D:/Program Files (x86)/Epic Games/4.13/Engine/Plugins/MovieScene/LevelSequenceEditor/LevelSequenceEditor.uplugin
LogPluginManager: Loaded Plugin MatineeToLevelSequence, From D:/Program Files (x86)/Epic Games/4.13/Engine/Plugins/MovieScene/MatineeToLevelSequence/MatineeToLevelSequence.uplugin
LogPluginManager: Loaded Plugin NetcodeUnitTest, From D:/Program Files (x86)/Epic Games/4.13/Engine/Plugins/NetcodeUnitTest/NetcodeUnitTest/NetcodeUnitTest.uplugin
LogPluginManager: Loaded Plugin NUTUnrealEngine4, From D:/Program Files (x86)/Epic Games/4.13/Engine/Plugins/NetcodeUnitTest/NUTUnrealEngine4/NUTUnrealEngine4.uplugin
LogPluginManager: Loaded Plugin OnlineSubsystemGooglePlay, From D:/Program Files (x86)/Epic Games/4.13/Engine/Plugins/Online/Android/OnlineSubsystemGooglePlay/OnlineSubsystemGooglePlay.uplugin
LogPluginManager: Loaded Plugin OnlineSubsystemIOS, From D:/Program Files (x86)/Epic Games/4.13/Engine/Plugins/Online/IOS/OnlineSubsystemIOS/OnlineSubsystemIOS.uplugin
LogPluginManager: Loaded Plugin OnlineFramework, From D:/Program Files (x86)/Epic Games/4.13/Engine/Plugins/Online/OnlineFramework/OnlineFramework.uplugin
LogPluginManager: Loaded Plugin OnlineSubsystem, From D:/Program Files (x86)/Epic Games/4.13/Engine/Plugins/Online/OnlineSubsystem/OnlineSubsystem.uplugin
LogPluginManager: Loaded Plugin OnlineSubsystemAmazon, From D:/Program Files (x86)/Epic Games/4.13/Engine/Plugins/Online/OnlineSubsystemAmazon/OnlineSubsystemAmazon.uplugin
LogPluginManager: Loaded Plugin OnlineSubsystemFacebook, From D:/Program Files (x86)/Epic Games/4.13/Engine/Plugins/Online/OnlineSubsystemFacebook/OnlineSubsystemFacebook.uplugin
LogPluginManager: Loaded Plugin OnlineSubsystemNull, From D:/Program Files (x86)/Epic Games/4.13/Engine/Plugins/Online/OnlineSubsystemNull/OnlineSubsystemNull.uplugin
LogPluginManager: Loaded Plugin OnlineSubsystemOculus, From D:/Program Files (x86)/Epic Games/4.13/Engine/Plugins/Online/OnlineSubsystemOculus/OnlineSubsystemOculus.uplugin
LogPluginManager: Loaded Plugin OnlineSubsystemSteam, From D:/Program Files (x86)/Epic Games/4.13/Engine/Plugins/Online/OnlineSubsystemSteam/OnlineSubsystemSteam.uplugin
LogPluginManager: Loaded Plugin OnlineSubsystemUtils, From D:/Program Files (x86)/Epic Games/4.13/Engine/Plugins/Online/OnlineSubsystemUtils/OnlineSubsystemUtils.uplugin
LogPluginManager: Loaded Plugin IOSTapJoy, From D:/Program Files (x86)/Epic Games/4.13/Engine/Plugins/Runtime/Advertising/IOSTapJoy/IOSTapJoy.uplugin
LogPluginManager: Loaded Plugin AnalyticsBlueprintLibrary, From D:/Program Files (x86)/Epic Games/4.13/Engine/Plugins/Runtime/Analytics/AnalyticsBlueprintLibrary/AnalyticsBlueprintLibrary.uplugin
LogPluginManager: Loaded Plugin AnalyticsMulticast, From D:/Program Files (x86)/Epic Games/4.13/Engine/Plugins/Runtime/Analytics/AnalyticsMulticast/AnalyticsMulticast.uplugin
LogPluginManager: Loaded Plugin Apsalar, From D:/Program Files (x86)/Epic Games/4.13/Engine/Plugins/Runtime/Analytics/Apsalar/Apsalar.uplugin
LogPluginManager: Loaded Plugin FileLogging, From D:/Program Files (x86)/Epic Games/4.13/Engine/Plugins/Runtime/Analytics/FileLogging/FileLogging.uplugin
LogPluginManager: Loaded Plugin Flurry, From D:/Program Files (x86)/Epic Games/4.13/Engine/Plugins/Runtime/Analytics/Flurry/Flurry.uplugin
LogPluginManager: Loaded Plugin AndroidDeviceProfileSelector, From D:/Program Files (x86)/Epic Games/4.13/Engine/Plugins/Runtime/AndroidDeviceProfileSelector/AndroidDeviceProfileSelector.uplugin
LogPluginManager: Loaded Plugin AndroidMoviePlayer, From D:/Program Files (x86)/Epic Games/4.13/Engine/Plugins/Runtime/AndroidMoviePlayer/AndroidMoviePlayer.uplugin
LogPluginManager: Loaded Plugin AppleMoviePlayer, From D:/Program Files (x86)/Epic Games/4.13/Engine/Plugins/Runtime/AppleMoviePlayer/AppleMoviePlayer.uplugin
LogPluginManager: Loaded Plugin ArchVisCharacter, From D:/Program Files (x86)/Epic Games/4.13/Engine/Plugins/Runtime/ArchVisCharacter/ArchVisCharacter.uplugin
LogPluginManager: Loaded Plugin CableComponent, From D:/Program Files (x86)/Epic Games/4.13/Engine/Plugins/Runtime/CableComponent/CableComponent.uplugin
LogPluginManager: Loaded Plugin CustomMeshComponent, From D:/Program Files (x86)/Epic Games/4.13/Engine/Plugins/Runtime/CustomMeshComponent/CustomMeshComponent.uplugin
LogPluginManager: Loaded Plugin ExampleDeviceProfileSelector, From D:/Program Files (x86)/Epic Games/4.13/Engine/Plugins/Runtime/ExampleDeviceProfileSelector/ExampleDeviceProfileSelector.uplugin
LogPluginManager: Loaded Plugin GearVR, From D:/Program Files (x86)/Epic Games/4.13/Engine/Plugins/Runtime/GearVR/GearVR.uplugin
LogPluginManager: Loaded Plugin GoogleVRController, From D:/Program Files (x86)/Epic Games/4.13/Engine/Plugins/Runtime/GoogleVR/GoogleVRController/GoogleVRController.uplugin
LogPluginManager: Loaded Plugin GoogleVRHMD, From D:/Program Files (x86)/Epic Games/4.13/Engine/Plugins/Runtime/GoogleVR/GoogleVRHMD/GoogleVRHMD.uplugin
LogPluginManager: Loaded Plugin IOSDeviceProfileSelector, From D:/Program Files (x86)/Epic Games/4.13/Engine/Plugins/Runtime/IOSDeviceProfileSelector/IOSDeviceProfileSelector.uplugin
LogPluginManager: Loaded Plugin LeapMotion, From D:/Program Files (x86)/Epic Games/4.13/Engine/Plugins/Runtime/LeapMotion/LeapMotion.uplugin
LogPluginManager: Loaded Plugin LinuxDeviceProfileSelector, From D:/Program Files (x86)/Epic Games/4.13/Engine/Plugins/Runtime/LinuxDeviceProfileSelector/LinuxDeviceProfileSelector.uplugin
LogPluginManager: Loaded Plugin LiveEditorListenServer, From D:/Program Files (x86)/Epic Games/4.13/Engine/Plugins/Runtime/LiveEditorListenServer/LiveEditorListenServer.uplugin
LogPluginManager: Loaded Plugin OculusAudio, From D:/Program Files (x86)/Epic Games/4.13/Engine/Plugins/Runtime/OculusAudio/OculusAudio.uplugin
LogPluginManager: Loaded Plugin OculusInput, From D:/Program Files (x86)/Epic Games/4.13/Engine/Plugins/Runtime/OculusInput/OculusInput.uplugin
LogPluginManager: Loaded Plugin OculusLibrary, From D:/Program Files (x86)/Epic Games/4.13/Engine/Plugins/Runtime/OculusLibrary/OculusLibrary.uplugin
LogPluginManager: Loaded Plugin OculusRift, From D:/Program Files (x86)/Epic Games/4.13/Engine/Plugins/Runtime/OculusRift/OculusRift.uplugin
LogPluginManager: Loaded Plugin Oodle, From D:/Program Files (x86)/Epic Games/4.13/Engine/Plugins/Runtime/PacketHandlers/CompressionComponents/Oodle/Oodle.uplugin
LogPluginManager: Loaded Plugin ProceduralMeshComponent, From D:/Program Files (x86)/Epic Games/4.13/Engine/Plugins/Runtime/ProceduralMeshComponent/ProceduralMeshComponent.uplugin
LogPluginManager: Loaded Plugin SoundMod, From D:/Program Files (x86)/Epic Games/4.13/Engine/Plugins/Runtime/SoundMod/SoundMod.uplugin
LogPluginManager: Loaded Plugin SoundVisualizations, From D:/Program Files (x86)/Epic Games/4.13/Engine/Plugins/Runtime/SoundVisualizations/SoundVisualizations.uplugin
LogPluginManager: Loaded Plugin SteamController, From D:/Program Files (x86)/Epic Games/4.13/Engine/Plugins/Runtime/Steam/SteamController/SteamController.uplugin
LogPluginManager: Loaded Plugin SteamVR, From D:/Program Files (x86)/Epic Games/4.13/Engine/Plugins/Runtime/Steam/SteamVR/SteamVR.uplugin
LogPluginManager: Loaded Plugin WebBrowserWidget, From D:/Program Files (x86)/Epic Games/4.13/Engine/Plugins/Runtime/WebBrowserWidget/WebBrowserWidget.uplugin
LogPluginManager: Loaded Plugin WindowsDeviceProfileSelector, From D:/Program Files (x86)/Epic Games/4.13/Engine/Plugins/Runtime/WindowsDeviceProfileSelector/WindowsDeviceProfileSelector.uplugin
LogPluginManager: Loaded Plugin WindowsMoviePlayer, From D:/Program Files (x86)/Epic Games/4.13/Engine/Plugins/Runtime/WindowsMoviePlayer/WindowsMoviePlayer.uplugin
LogPluginManager: Loaded Plugin ScriptPlugin, From D:/Program Files (x86)/Epic Games/4.13/Engine/Plugins/ScriptPlugin/ScriptPlugin.uplugin
LogPluginManager: Loaded Plugin SlateRemote, From D:/Program Files (x86)/Epic Games/4.13/Engine/Plugins/Slate/SlateRemote/SlateRemote.uplugin
LogInit: Using libcurl 7.47.1
LogInit:  - built for x86_64-pc-win32
LogInit:  - supports SSL with WinSSL
LogInit:  - other features:
LogInit:      CURL_VERSION_SSL
LogInit:      CURL_VERSION_IPV6
LogInit:      CURL_VERSION_ASYNCHDNS
LogInit:      CURL_VERSION_LARGEFILE
LogInit:      CURL_VERSION_IDN
LogInit:  CurlRequestOptions (configurable via config and command line):
LogInit:  - bVerifyPeer = false  - Libcurl will NOT verify peer certificate
LogInit:  - bUseHttpProxy = false  - Libcurl will NOT use HTTP proxy
LogInit:  - bDontReuseConnections = false  - Libcurl will reuse connections
LogInit:  - CertBundlePath = nullptr  - Libcurl will use whatever was configured at build time.
OCULUS: Info: [CAPI] LibOVR module is located at C:\Program Files\Oculus\Support\oculus-runtime\LibOVRRT64_1.dll
OCULUS: Debug: Connected to the server running version (prod = 1).1.10.0(build = 310947) feature version = 0. Client runs version (prod = 1).1.10.0(build = 310947) feature version = 0
OCULUS: Debug: [HMDState] Using default profile default
OCULUS: Info: IAD changed to 64.7mm
OCULUS: Debug: [SharedMemory] Creating factory
LogInit: Build: ++UE4+Release-4.13-CL-3142249
LogInit: Engine Version: 4.13.1-3142249+++UE4+Release-4.13
LogInit: Compatible Engine Version: 4.13.0-3106830+++UE4+Release-4.13
LogInit: Net CL: 3142249
LogDevObjectVersion: Number of dev versions registered: 13
LogDevObjectVersion:   Dev-Blueprints (B0D832E4-1F89-4F0D-ACCF-7EB736FD4AA2): 5
LogDevObjectVersion:   Dev-Build (E1C64328-A22C-4D53-A36C-8E866417BD8C): 0
LogDevObjectVersion:   Dev-Core (375EC13C-06E4-48FB-B500-84F0262A717E): 1
LogDevObjectVersion:   Dev-Editor (E4B068ED-F494-42E9-A231-DA0B2E46BB41): 6
LogDevObjectVersion:   Dev-Framework (CFFC743F-43B0-4480-9391-14DF171D2073): 12
LogDevObjectVersion:   Dev-Mobile (B02B49B5-BB20-44E9-A304-32B752E40360): 0
LogDevObjectVersion:   Dev-Networking (A4E4105C-59A1-49B5-A7C5-40C4547EDFEE): 0
LogDevObjectVersion:   Dev-Online (39C831C9-5AE6-47DC-9A44-9C173E1C8E7C): 0
LogDevObjectVersion:   Dev-Physics (78F01B33-EBEA-4F98-B9B4-84EACCB95AA2): 0
LogDevObjectVersion:   Dev-Platform (6631380F-2D4D-43E0-8009-CF276956A95A): 0
LogDevObjectVersion:   Dev-Rendering (12F88B9F-8875-4AFC-A67C-D90C383ABD29): 4
LogDevObjectVersion:   Dev-Sequencer (7B5AE74C-D270-4C10-A958-57980B212A5A): 0
LogDevObjectVersion:   Dev-VR (D7296918-1DD6-4BDD-9DE2-64A83CC13884): 0
LogInit: Compiled (64-bit): Sep 28 2016 02:12:12
LogInit: Compiled with Visual C++: 19.00.23026.00
LogInit: Build Configuration: Development
LogInit: Branch Name: ++UE4+Release-4.13
LogInit: Command line: -EpicPortal 
LogInit: Base directory: D:/Program Files (x86)/Epic Games/4.13/Engine/Binaries/Win64/
LogInit: Installed Engine Build: 1
LogInit: Presizing for max 8388607 objects, including 0 objects not considered by GC, pre-allocating 0 bytes for permanent pool.
LogInit: Object subsystem initialized
[2016.11.29-21.28.11:185][  0]LogInit: Selected Device Profile: [Windows]
[2016.11.29-21.28.11:185][  0]LogInit: Applying CVar settings loaded from the selected device profile: [Windows]
[2016.11.29-21.28.11:193][  0]LogInit: Computer: DESKTOP-M92PTO3
[2016.11.29-21.28.11:193][  0]LogInit: User: StefanoAdmin
[2016.11.29-21.28.11:193][  0]LogInit: CPU Page size=65536, Cores=4
[2016.11.29-21.28.11:193][  0]LogInit: High frequency timer resolution =3.328121 MHz
[2016.11.29-21.28.11:193][  0]LogMemory: Memory total: Physical=15.9GB (16GB approx)
[2016.11.29-21.28.11:193][  0]LogMemory: Platform Memory Stats for Windows
[2016.11.29-21.28.11:193][  0]LogMemory: Process Physical Memory: 265.76 MB used, 265.76 MB peak
[2016.11.29-21.28.11:193][  0]LogMemory: Process Virtual Memory: 266.74 MB used, 266.74 MB peak
[2016.11.29-21.28.11:193][  0]LogMemory: Physical Memory: 6047.70 MB used, 16313.61 MB total
[2016.11.29-21.28.11:193][  0]LogMemory: Virtual Memory: 674.52 MB used, 134217728.00 MB total
[2016.11.29-21.28.11:391][  0]LogTextLocalizationManager: No specific translations for ('en-AU') exist, so ('en') translations will be used.
[2016.11.29-21.28.11:826][  0]LogD3D11RHI: D3D11 adapters:
[2016.11.29-21.28.11:851][  0]LogD3D11RHI:    0. 'NVIDIA GeForce GTX 980' (Feature Level 11_0)
[2016.11.29-21.28.11:851][  0]LogD3D11RHI:       4060/0/8156 MB DedicatedVideo/DedicatedSystem/SharedSystem, Outputs:1, VendorId:0x10de
[2016.11.29-21.28.11:852][  0]LogD3D11RHI:    1. 'Microsoft Basic Render Driver' (Feature Level 11_0)
[2016.11.29-21.28.11:852][  0]LogD3D11RHI:       0/0/8156 MB DedicatedVideo/DedicatedSystem/SharedSystem, Outputs:0, VendorId:0x1414
[2016.11.29-21.28.11:852][  0]LogD3D11RHI: Chosen D3D11 Adapter: 0
[2016.11.29-21.28.11:856][  0]LogD3D11RHI: Creating new Direct3DDevice
[2016.11.29-21.28.11:856][  0]LogD3D11RHI:     GPU DeviceId: 0x13c0 (for the marketing name, search the web for "GPU Device Id")
[2016.11.29-21.28.11:856][  0]LogWindows: EnumDisplayDevices:
[2016.11.29-21.28.11:856][  0]LogWindows:    0. 'NVIDIA GeForce GTX 980' (P:1 D:1)
[2016.11.29-21.28.11:856][  0]LogWindows:    1. 'NVIDIA GeForce GTX 980' (P:0 D:0)
[2016.11.29-21.28.11:856][  0]LogWindows:    2. 'NVIDIA GeForce GTX 980' (P:0 D:0)
[2016.11.29-21.28.11:857][  0]LogWindows:    3. 'NVIDIA GeForce GTX 980' (P:0 D:0)
[2016.11.29-21.28.11:857][  0]LogWindows: DebugString: FoundDriverCount:4 
[2016.11.29-21.28.11:857][  0]LogD3D11RHI:     Adapter Name: NVIDIA GeForce GTX 980
[2016.11.29-21.28.11:857][  0]LogD3D11RHI:   Driver Version: 369.09 (internal:21.21.13.6909, unified:369.09)
[2016.11.29-21.28.11:857][  0]LogD3D11RHI:      Driver Date: 8-1-2016
[2016.11.29-21.28.11:857][  0]LogRHI: Texture pool is 1361 MB (70% of 1945 MB)
[2016.11.29-21.28.11:870][  0]LogD3D11RHI: Async texture creation enabled
[2016.11.29-21.28.11:879][  0]LogD3D11RHI: GPU Timing Frequency: 1000.000000 (Debug: 2 1)
[2016.11.29-21.28.11:880][  0]LogShaderCompilers: Guid format shader working directory is -33 characters bigger than the processId version (../../../../../../Admin/Documents/GitHub Repositories/EclypseUE4/ProjectEclypse/Intermediate/Shaders/WorkingDirectory/7244/).
[2016.11.29-21.28.11:880][  0]LogShaderCompilers: Cleaned the shader compiler working directory 'C:/Users/Admin/AppData/Local/Temp/UnrealShaderWorkingDir/49D04C0E48EB72BBDD9B1C8718EC85E4/'.
[2016.11.29-21.28.11:880][  0]LogShaderCompilers:Display: Using Local Shader Compiler.
[2016.11.29-21.28.12:621][  0]LogTemp:Display: Loaded TP AllDesktopTargetPlatform
[2016.11.29-21.28.12:626][  0]LogTemp:Display: Loaded TP WindowsClientTargetPlatform
[2016.11.29-21.28.12:632][  0]LogTemp:Display: Loaded TP WindowsNoEditorTargetPlatform
[2016.11.29-21.28.12:639][  0]LogTemp:Display: Loaded TP WindowsServerTargetPlatform
[2016.11.29-21.28.12:644][  0]LogTemp:Display: Loaded TP WindowsTargetPlatform
[2016.11.29-21.28.12:650][  0]LogTemp:Display: Loaded TP AndroidTargetPlatform
[2016.11.29-21.28.12:658][  0]LogTemp:Display: Loaded TP Android_ASTCTargetPlatform
[2016.11.29-21.28.12:663][  0]LogTemp:Display: Loaded TP Android_ATCTargetPlatform
[2016.11.29-21.28.12:668][  0]LogTemp:Display: Loaded TP Android_DXTTargetPlatform
[2016.11.29-21.28.12:674][  0]LogTemp:Display: Loaded TP Android_ETC1TargetPlatform
[2016.11.29-21.28.12:679][  0]LogTemp:Display: Loaded TP Android_ETC2TargetPlatform
[2016.11.29-21.28.12:689][  0]LogTemp:Display: Loaded TP Android_MultiTargetPlatform
[2016.11.29-21.28.12:689][  0]LogTemp:Display: Loaded TP Android_PVRTCTargetPlatform
[2016.11.29-21.28.12:690][  0]LogTemp:Display: Loaded TP HTML5TargetPlatform
[2016.11.29-21.28.12:707][  0]LogTemp:Display: Loaded TP IOSTargetPlatform
[2016.11.29-21.28.12:712][  0]LogTemp:Display: Loaded TP TVOSTargetPlatform
[2016.11.29-21.28.12:717][  0]LogTemp:Display: Loaded TP LinuxClientTargetPlatform
[2016.11.29-21.28.12:722][  0]LogTemp:Display: Loaded TP LinuxNoEditorTargetPlatform
[2016.11.29-21.28.12:727][  0]LogTemp:Display: Loaded TP LinuxServerTargetPlatform
[2016.11.29-21.28.12:733][  0]LogTemp:Display: Loaded TP LinuxTargetPlatform
[2016.11.29-21.28.12:733][  0]LogTargetPlatformManager:Display: Building Assets For Windows
[2016.11.29-21.28.12:772][  0]LogDerivedDataCache:Display: Max Cache Size: 512 MB
[2016.11.29-21.28.12:818][  0]LogDerivedDataCache: Loaded boot cache 0.05s 62MB C:/Users/Admin/AppData/Local/UnrealEngine/4.13/DerivedDataCache/Boot.ddc.
[2016.11.29-21.28.12:819][  0]LogDerivedDataCache:Display: Loaded Boot cache: C:/Users/Admin/AppData/Local/UnrealEngine/4.13/DerivedDataCache/Boot.ddc
[2016.11.29-21.28.12:819][  0]LogDerivedDataCache: FDerivedDataBackendGraph:  Pak pak cache file ../../../../../../Admin/Documents/GitHub Repositories/EclypseUE4/ProjectEclypse/DerivedDataCache/DDC.ddp not found, will not use a pak cache.
[2016.11.29-21.28.12:819][  0]LogDerivedDataCache: Unable to find inner node Pak for hierarchical cache Hierarchy.
[2016.11.29-21.28.12:819][  0]LogDerivedDataCache: FDerivedDataBackendGraph:  CompressedPak pak cache file ../../../../../../Admin/Documents/GitHub Repositories/EclypseUE4/ProjectEclypse/DerivedDataCache/Compressed.ddp not found, will not use a pak cache.
[2016.11.29-21.28.12:819][  0]LogDerivedDataCache: Unable to find inner node CompressedPak for hierarchical cache Hierarchy.
[2016.11.29-21.28.12:832][  0]LogDerivedDataCache:Display: Pak cache opened for reading ../../../Engine/DerivedDataCache/Compressed.ddp.
[2016.11.29-21.28.12:843][  0]LogDerivedDataCache: Using Local data cache path C:/Users/Admin/AppData/Local/UnrealEngine/Common/DerivedDataCache: Writable
[2016.11.29-21.28.12:985][  0]LogInit: Selected Device Profile: [Windows]
[2016.11.29-21.28.12:987][  0]LogContentStreaming: Texture pool size is 0.00 MB
[2016.11.29-21.28.13:052][  0]LogMeshUtilities: No automatic mesh reduction module available
[2016.11.29-21.28.13:052][  0]LogMeshUtilities: No automatic mesh merging module available
[2016.11.29-21.28.13:052][  0]LogMeshUtilities: No distributed automatic mesh merging module available
[2016.11.29-21.28.13:096][  0]LogMaterial: Uniform references updated for custom material expression Custom.
[2016.11.29-21.28.13:300][  0]LogNetVersion: GetLocalNetworkVersion: CL: 3106830, ProjectName: projecteclypse, ProjectVersion: , EngineNetworkVersion: 1, GameNetworkVersion: 0, NetworkChecksum: 2418632494
[2016.11.29-21.28.13:332][  0]LogAssetRegistry: FAssetRegistry took 0.0213 seconds to start up
[2016.11.29-21.28.13:352][  0]LogPackageLocalizationCache: Processed 3 localized package path(s) for 2 prioritized culture(s) in 0.018535 seconds
[2016.11.29-21.28.13:357][  0]LogUObjectArray: 29778 objects as part of root set at end of initial load.
[2016.11.29-21.28.13:357][  0]LogUObjectAllocator: 6125448 out of 0 bytes used by permanent object pool.
[2016.11.29-21.28.13:357][  0]LogUObjectArray: CloseDisregardForGC: 0/0 objects in disregard for GC pool
[2016.11.29-21.28.13:359][  0]LogInit: WinSock: version 1.1 (2.2), MaxSocks=32767, MaxUdp=65467
[2016.11.29-21.28.13:492][  0]LogSlate: SlateFontCache - WITH_FREETYPE: 1, WITH_HARFBUZZ: 1
[2016.11.29-21.28.13:492][  0]LogSlate: SlateFontCache - WITH_FREETYPE: 1, WITH_HARFBUZZ: 1
[2016.11.29-21.28.13:946][  0]LogSubstanceCoreModule: Substance CPU Engine Loaded, Max Texture Size 2048
[2016.11.29-21.28.13:951][  0]LogTcpMessaging: Initializing TcpMessaging bridge
[2016.11.29-21.28.13:966][  0]LogUdpMessaging: Initializing bridge on interface 0.0.0.0:0 to multicast group 230.0.0.1:6666.
[2016.11.29-21.28.14:126][  0]SourceControl: Info Source control is disabled
[2016.11.29-21.28.14:152][  0]SourceControl: Info Source control is disabled
[2016.11.29-21.28.14:155][  0]SourceControl: Info Source control is disabled
[2016.11.29-21.28.14:159][  0]SourceControl: Info Source control is disabled
[2016.11.29-21.28.14:194][  0]LogLinker:Warning: Can't find file '/Game/FirstPersonBP/FirstPersonOverview'
[2016.11.29-21.28.14:195][  0]LogLinker:Warning: Can't find file '/Game/FirstPersonBP/FirstPersonOverview'
[2016.11.29-21.28.14:195][  0]LogUObjectGlobals:Warning: Failed to find object 'Class /Game/FirstPersonBP/FirstPersonOverview.FirstPersonOverview_C'
[2016.11.29-21.28.14:312][  0]LogEngine: Initializing Engine...
[2016.11.29-21.28.14:312][  0]LogHMD: Oculus plugin initialized. Version: 4.13.1-3142249+++UE4+Release-4.13, LibOVR: 1.10.0, SDK: 1.6.0, built Sep 28 2016, 02:14:12
[2016.11.29-21.28.14:409][  0]OCULUS: Debug: [HMDState] Using default profile default
[2016.11.29-21.28.14:409][  0]OCULUS: Info: IAD changed to 64.7mm
[2016.11.29-21.28.14:414][  0]LogAIModule: Creating AISystem for world Untitled
[2016.11.29-21.28.14:425][  0]LogInit: XAudio2 using 'Speakers (Realtek High Definition Audio)' : 8 channels at 48 kHz using 32 bits per sample (channel mask 0x63f)
[2016.11.29-21.28.14:454][  0]LogInit: FAudioDevice initialized.
[2016.11.29-21.28.14:477][  0]LogDerivedDataCache: Saved boot cache 0.02s 62MB C:/Users/Admin/AppData/Local/UnrealEngine/4.13/DerivedDataCache/Boot.ddc.
[2016.11.29-21.28.14:484][  0]LogInit: Texture streaming: Enabled
[2016.11.29-21.28.14:497][  0]LogInit: Transaction tracking system initialized
[2016.11.29-21.28.14:506][  0]BlueprintLog: New page: Editor Load
[2016.11.29-21.28.14:539][  0]LocalizationService: Info Localization service is disabled
[2016.11.29-21.28.14:584][  0]LogConsoleResponse:Display: 
[2016.11.29-21.28.14:659][  0]LogCook:Display: Max memory allowance for cook 16384mb min free memory 0mb
[2016.11.29-21.28.14:659][  0]LogCook:Display: Mobile HDR setting 1
[2016.11.29-21.28.14:731][  0]LogFileCache: Scanning file cache for directory 'D:/Admin/Documents/GitHub Repositories/EclypseUE4/ProjectEclypse/Content/' took 0.01s
[2016.11.29-21.28.14:731][  0]SourceControl: Info Source control is disabled
[2016.11.29-21.28.14:732][  0]Cmd: MAP LOAD FILE="../../../../../../Admin/Documents/GitHub Repositories/EclypseUE4/ProjectEclypse/Content/StarterContent/Maps/Minimal_Default.umap" TEMPLATE=0 SHOWPROGRESS=1 FEATURELEVEL=3
[2016.11.29-21.28.14:732][  0]LightingResults: New page: Lighting Build
[2016.11.29-21.28.14:733][  0]MapCheck: New page: Map Check
[2016.11.29-21.28.14:733][  0]LightingResults: New page: Lighting Build
[2016.11.29-21.28.14:975][  0]LogAIModule: Creating AISystem for world Minimal_Default
[2016.11.29-21.28.14:980][  0]LogEditorServer: Finished looking for orphan Actors (0.000 secs)
[2016.11.29-21.28.14:980][  0]Cmd: MAP CHECKDEP NOCLEARLOG
[2016.11.29-21.28.15:005][  0]MapCheck: Info Map check complete: 0 Error(s), 0 Warning(s), took 24.281ms to complete.
[2016.11.29-21.28.15:005][  0]LogFileHelpers: Loading map 'Minimal_Default' took 0.273
[2016.11.29-21.28.15:096][  0]LogCollectionManager: Loaded 0 collections in 0.000634 seconds
[2016.11.29-21.28.15:132][  0]LogFileCache: Scanning file cache for directory 'D:/Admin/Documents/GitHub Repositories/EclypseUE4/ProjectEclypse/Saved/Collections/' took 0.01s
[2016.11.29-21.28.15:132][  0]LogFileCache: Scanning file cache for directory 'D:/Admin/Documents/GitHub Repositories/EclypseUE4/ProjectEclypse/Content/Developers/StefanoAdmin/Collections/' took 0.01s
[2016.11.29-21.28.15:132][  0]LogFileCache: Scanning file cache for directory 'D:/Admin/Documents/GitHub Repositories/EclypseUE4/ProjectEclypse/Content/Collections/' took 0.01s
[2016.11.29-21.28.15:132][  0]LogCollectionManager: Rebuilt the GUID cache for 0 collections in 0.000002 seconds
[2016.11.29-21.28.15:139][  0]LogContentBrowser: Native class hierarchy populated in 0.0066 seconds. Added 2156 classes and 421 folders.
[2016.11.29-21.28.15:141][  0]LogStats: UGameplayTagsManager::ConstructGameplayTagTree: Construct from data asset -  0.000 s
[2016.11.29-21.28.15:141][  0]LogStats: UGameplayTagsManager::ConstructGameplayTagTree: GameplayTagTreeChangedEvent.Broadcast -  0.000 s
[2016.11.29-21.28.15:141][  0]LogContentBrowser: Native class hierarchy updated for 'GameplayTags' in 0.0004 seconds. Added 12 classes and 0 folders.
[2016.11.29-21.28.15:143][  0]LogContentBrowser: Native class hierarchy updated for 'WidgetCarousel' in 0.0003 seconds. Added 0 classes and 0 folders.
[2016.11.29-21.28.15:168][  0]LogContentBrowser: Native class hierarchy updated for 'AddContentDialog' in 0.0003 seconds. Added 0 classes and 0 folders.
[2016.11.29-21.28.15:171][  0]LogContentBrowser: Native class hierarchy updated for 'SceneOutliner' in 0.0003 seconds. Added 1 classes and 2 folders.
[2016.11.29-21.28.15:207][  0]LogCrashTracker: Crashtracker disabled due to settings.
[2016.11.29-21.28.15:219][  0]LogUObjectGlobals:Warning: Failed to find object 'Class None.'
[2016.11.29-21.28.15:243][  0]LogContentBrowser: Native class hierarchy updated for 'HierarchicalLODOutliner' in 0.0003 seconds. Added 1 classes and 2 folders.
[2016.11.29-21.28.15:243][  0]LogLoad: (Engine Initialization) Total time: 4.75 seconds
[2016.11.29-21.28.15:243][  0]LogLoad: (Engine Initialization) Total Blueprint compile time: 0.03 seconds
[2016.11.29-21.28.15:243][  0]LogExternalProfiler: Found external profiler: VSPerf
[2016.11.29-21.28.15:243][  0]LogExternalProfiler: Using external profiler: VSPerf
[2016.11.29-21.28.15:252][  0]LogWindowsTextInputMethodSystem:Display: IME system now deactivated.
[2016.11.29-21.28.15:252][  0]LogOcInput: OculusInput pre-init called
[2016.11.29-21.28.15:261][  0]LogOcInput: OculusInput is initialized. Init status 0. Runtime version: 1.10.0
[2016.11.29-21.28.15:280][  0]LogContentStreaming: Texture pool size now 1000 MB
[2016.11.29-21.28.15:398][  0]LogRenderer: Reallocating scene render targets to support 1124x644 (Frame:2).
[2016.11.29-21.28.15:481][  2]LogAssetRegistry: Asset discovery search completed in 2.1707 seconds
[2016.11.29-21.28.15:481][  2]LogCollectionManager: Rebuilt the object cache for 0 collections in 0.000000 seconds (found 0 objects)
[2016.11.29-21.28.15:481][  2]LogCollectionManager: Fixed up redirectors for 0 collections in 0.000017 seconds (updated 0 objects)
[2016.11.29-21.28.46:135][861]LogSavePackage: Save=82.21ms
[2016.11.29-21.28.46:135][861]LogSavePackage: Moving '../../../../../../Admin/Documents/GitHub Repositories/EclypseUE4/ProjectEclypse/Saved/Minimal_DefaultAB34972E43FFD29EB0176FAA14968D3D.tmp' to '../../../../../../Admin/Documents/GitHub Repositories/EclypseUE4/ProjectEclypse/Content/StarterContent/Maps/Minimal_Default.umap'
[2016.11.29-21.28.46:136][861]LogSavePackage:Display: Finished SavePackage ../../../../../../Admin/Documents/GitHub Repositories/EclypseUE4/ProjectEclypse/Content/StarterContent/Maps/Minimal_Default.umap
[2016.11.29-21.29.04:947][314]LogMaterial: Missing cached shader map for material MAT_Plane_Decal_Masked, compiling. 
[2016.11.29-21.29.04:947][314]LogMaterial:Warning: Failed to compile Material /Game/OldVillage/Materials/Master/MAT_Plane_Decal_Masked.MAT_Plane_Decal_Masked for platform PCD3D_SM5, Default Material will be used in game.
[2016.11.29-21.29.04:947][314]LogMaterial:Warning: 	(Node TextureSampleParameter2D) Param2D> Requires Texture2D
[2016.11.29-21.29.04:947][314]LogMaterial:Warning: 	(Node TextureSample) TextureSample> Missing input texture
[2016.11.29-21.29.04:949][314]LogMaterial: Missing cached shader map for material MAT_Wood, compiling. 
[2016.11.29-21.29.04:949][314]LogMaterial:Warning: Failed to compile Material /Game/OldVillage/Materials/Master/MAT_Wood.MAT_Wood for platform PCD3D_SM5, Default Material will be used in game.
[2016.11.29-21.29.04:949][314]LogMaterial:Warning: 	(Node TextureSampleParameter2D) Param2D> Requires Texture2D
[2016.11.29-21.29.04:949][314]LogMaterial:Warning: 	(Node TextureSampleParameter2D) put a cloud or similar here, it's using the red channel > Requires Texture2D
[2016.11.29-21.29.04:952][314]LogMaterial: Missing cached shader map for material MAT_Basic_Stretch, compiling. 
[2016.11.29-21.29.04:952][314]LogMaterial:Warning: Failed to compile Material /Game/OldVillage/Materials/Master/MAT_Basic_Stretch.MAT_Basic_Stretch for platform PCD3D_SM5, Default Material will be used in game.
[2016.11.29-21.29.04:952][314]LogMaterial:Warning: 	(Node TextureSampleParameter2D) Param2D> Requires Texture2D
[2016.11.29-21.29.04:954][314]LogMaterial: Missing cached shader map for material MAT_Branch, compiling. 
[2016.11.29-21.29.04:955][314]LogMaterial:Warning: Failed to compile Material /Game/OldVillage/Materials/Master/MAT_Branch.MAT_Branch for platform PCD3D_SM5, Default Material will be used in game.
[2016.11.29-21.29.04:955][314]LogMaterial:Warning: 	(Node TextureSampleParameter2D) Param2D> Requires Texture2D
[2016.11.29-21.29.04:955][314]LogMaterial:Warning: 	(Node TextureSample) TextureSample> Missing input texture
[2016.11.29-21.29.04:957][314]LogMaterial: Missing cached shader map for material MAT_Roof_Parallax, compiling. 
[2016.11.29-21.29.04:957][314]LogMaterial:Warning: Failed to compile Material /Game/OldVillage/Materials/Master/MAT_Roof_Parallax.MAT_Roof_Parallax for platform PCD3D_SM5, Default Material will be used in game.
[2016.11.29-21.29.04:957][314]LogMaterial:Warning: 	(Node TextureSampleParameter2D) Param2D> Requires Texture2D
[2016.11.29-21.29.04:957][314]LogMaterial:Warning: 	(Node TextureSample) TextureSample> Missing input texture
[2016.11.29-21.29.04:957][314]LogMaterial:Warning: 	(Node TextureObjectParameter) Param Tex Object> Requires valid texture
[2016.11.29-21.29.04:959][314]LogMaterial: Missing cached shader map for material MAT_Basic_Soot, compiling. 
[2016.11.29-21.29.04:959][314]LogMaterial:Warning: Failed to compile Material /Game/OldVillage/Materials/Master/MAT_Basic_Soot.MAT_Basic_Soot for platform PCD3D_SM5, Default Material will be used in game.
[2016.11.29-21.29.04:959][314]LogMaterial:Warning: 	(Node TextureSampleParameter2D) Param2D> Requires Texture2D
[2016.11.29-21.29.04:959][314]LogMaterial:Warning: 	(Node TextureSampleParameter2D) put a cloud or similar here, it's using the red channel > Requires Texture2D
[2016.11.29-21.29.04:967][314]LogMaterial: Missing cached shader map for material MAT_Basic, compiling. 
[2016.11.29-21.29.04:967][314]LogMaterial:Warning: Failed to compile Material /Game/OldVillage/Materials/Master/MAT_Basic.MAT_Basic for platform PCD3D_SM5, Default Material will be used in game.
[2016.11.29-21.29.04:967][314]LogMaterial:Warning: 	(Node TextureSampleParameter2D) Param2D> Requires Texture2D
[2016.11.29-21.29.04:969][314]LogMaterial: Missing cached shader map for material MAT_Still_Water, compiling. 
[2016.11.29-21.29.04:969][314]LogMaterial:Warning: Failed to compile Material /Game/OldVillage/Materials/Master/MAT_Still_Water.MAT_Still_Water for platform PCD3D_SM5, Default Material will be used in game.
[2016.11.29-21.29.04:969][314]LogMaterial:Warning: 	(Node TextureSampleParameter2D) Param2D> Requires Texture2D
[2016.11.29-21.29.05:028][314]LogMaterial: Missing cached shader map for material MAT_Blend_2_Parallax, compiling. 
[2016.11.29-21.29.05:029][314]LogMaterial:Warning: Failed to compile Material /Game/OldVillage/Materials/Master/MAT_Blend_2_Parallax.MAT_Blend_2_Parallax for platform PCD3D_SM5, Default Material will be used in game.
[2016.11.29-21.29.05:029][314]LogMaterial:Warning: 	(Node TextureSampleParameter2D) Param2D> Requires Texture2D
[2016.11.29-21.29.05:029][314]LogMaterial:Warning: 	(Node TextureSampleParameter2D) put a cloud or similar here, it's using the red channel > Requires Texture2D
[2016.11.29-21.29.05:029][314]LogMaterial:Warning: 	(Node TextureObjectParameter) Param Tex Object> Requires valid texture
[2016.11.29-21.29.05:058][314]LogAIModule: Creating AISystem for world EclypseVillage
[2016.11.29-21.29.05:078][314]Cmd: MAP LOAD FILE="../../../../../../Admin/Documents/GitHub Repositories/EclypseUE4/ProjectEclypse/Content/Maps/EclypseVillage.umap" TEMPLATE=0 SHOWPROGRESS=1 FEATURELEVEL=3
[2016.11.29-21.29.05:078][314]LightingResults: New page: Lighting Build
[2016.11.29-21.29.05:078][314]LoadErrors: New page: Loading map: EclypseVillage.umap
[2016.11.29-21.29.05:079][314]MapCheck: New page: Map Check
[2016.11.29-21.29.05:079][314]LightingResults: New page: Lighting Build
[2016.11.29-21.29.05:123][314]LogEditorServer: Finished looking for orphan Actors (0.000 secs)
[2016.11.29-21.29.05:140][314]Cmd: MAP CHECKDEP NOCLEARLOG
[2016.11.29-21.29.05:171][314]MapCheck: Info Map check complete: 0 Error(s), 0 Warning(s), took 30.917ms to complete.
[2016.11.29-21.29.05:172][314]LogFileHelpers: Loading map 'EclypseVillage' took 0.094
[2016.11.29-21.31.39:802][561]LogBlueprintUserMessages: Early PlayInEditor Detection: Level '/Game/Maps/EclypseVillage.EclypseVillage:PersistentLevel' has LevelScriptBlueprint '/Game/Maps/EclypseVillage.EclypseVillage:PersistentLevel.EclypseVillage' with GeneratedClass '/Game/Maps/EclypseVillage.EclypseVillage_C' with ClassGeneratedBy '/Game/Maps/EclypseVillage.EclypseVillage:PersistentLevel.EclypseVillage'
[2016.11.29-21.31.39:802][561]LogPlayLevel: PlayLevel: No blueprints needed recompiling
[2016.11.29-21.31.39:802][561]OCULUS: Debug: [HMDState] Using default profile default
[2016.11.29-21.31.39:803][561]OCULUS: Info: IAD changed to 64.7mm
[2016.11.29-21.31.39:803][561]LogHMD: New ovr session is created
[2016.11.29-21.31.39:814][561]LogHMD: HMD Oculus Rift CV1, res = 2160 x 1200
[2016.11.29-21.31.39:815][561]PIE: New page: PIE session: EclypseVillage (30 Nov 2016 6:31:39 pm)
[2016.11.29-21.31.39:815][561]LogPlayLevel: Creating play world package: /Game/Maps/UEDPIE_0_EclypseVillage
[2016.11.29-21.31.39:818][561]LogPlayLevel: PIE: StaticDuplicateObject took: (0.003221s)
[2016.11.29-21.31.39:819][561]LogAIModule: Creating AISystem for world EclypseVillage
[2016.11.29-21.31.39:819][561]LogPlayLevel: PIE: World Init took: (0.000710s)
[2016.11.29-21.31.39:819][561]LogPlayLevel: PIE: Created PIE world by copying editor world from /Game/Maps/EclypseVillage.EclypseVillage to /Game/Maps/UEDPIE_0_EclypseVillage.EclypseVillage (0.004131s)
[2016.11.29-21.31.39:836][561]LogInit: XAudio2 using 'Speakers (Realtek High Definition Audio)' : 8 channels at 48 kHz using 32 bits per sample (channel mask 0x63f)
[2016.11.29-21.31.39:864][561]LogInit: FAudioDevice initialized.
[2016.11.29-21.31.39:906][561]LogWorld: Game class is 'GameMode'
[2016.11.29-21.31.39:908][561]LogWorld: Bringing World /Game/Maps/UEDPIE_0_EclypseVillage.EclypseVillage up for play (max tick rate 0) at 2016.11.30-08.31.39
[2016.11.29-21.31.39:908][561]LogWorld: Bringing up level for play took: 0.001748
[2016.11.29-21.31.39:910][561]LogContentBrowser: Native class hierarchy updated for 'MovieSceneCapture' in 0.0004 seconds. Added 11 classes and 0 folders.
[2016.11.29-21.31.39:910][561]LogGameMode:Display: Match State Changed from EnteringMap to WaitingToStart
[2016.11.29-21.31.39:910][561]LogGameState: Match State Changed from EnteringMap to WaitingToStart
[2016.11.29-21.31.39:910][561]LogGameMode:Display: Match State Changed from WaitingToStart to InProgress
[2016.11.29-21.31.39:911][561]LogGameState: Match State Changed from WaitingToStart to InProgress
[2016.11.29-21.31.39:911][561]PIE: Info Play in editor start time for /Game/Maps/UEDPIE_0_EclypseVillage 0.8
[2016.11.29-21.31.39:912][561]LogBlueprintUserMessages: Late PlayInEditor Detection: Level '/Game/Maps/EclypseVillage.EclypseVillage:PersistentLevel' has LevelScriptBlueprint '/Game/Maps/EclypseVillage.EclypseVillage:PersistentLevel.EclypseVillage' with GeneratedClass '/Game/Maps/EclypseVillage.EclypseVillage_C' with ClassGeneratedBy '/Game/Maps/EclypseVillage.EclypseVillage:PersistentLevel.EclypseVillage'
[2016.11.29-21.31.42:884][806]LogBlueprintUserMessages: Early EndPlayMap Detection: Level '/Game/Maps/EclypseVillage.EclypseVillage:PersistentLevel' has LevelScriptBlueprint '/Game/Maps/EclypseVillage.EclypseVillage:PersistentLevel.EclypseVillage' with GeneratedClass '/Game/Maps/EclypseVillage.EclypseVillage_C' with ClassGeneratedBy '/Game/Maps/EclypseVillage.EclypseVillage:PersistentLevel.EclypseVillage'
[2016.11.29-21.31.42:904][806]LogHMD: Destroying ovr session
[2016.11.29-21.31.42:935][806]LogBlueprintUserMessages: Late EndPlayMap Detection: Level '/Game/Maps/EclypseVillage.EclypseVillage:PersistentLevel' has LevelScriptBlueprint '/Game/Maps/EclypseVillage.EclypseVillage:PersistentLevel.EclypseVillage' with GeneratedClass '/Game/Maps/EclypseVillage.EclypseVillage_C' with ClassGeneratedBy '/Game/Maps/EclypseVillage.EclypseVillage:PersistentLevel.EclypseVillage'
[2016.11.29-21.31.48:535][263]LogContentBrowser: Native class hierarchy updated for 'BlueprintGraph' in 0.0006 seconds. Added 112 classes and 0 folders.
[2016.11.29-21.34.55:278][650]LogEditorTransaction: Undo Remove Widget
[2016.11.29-21.34.59:637][940]LogUObjectHash:Warning: Ambiguous search, could be CanvasPanel /Engine/Transient.World_1:TownWidget_C_4.WidgetTree.CanvasPanel_0 or CanvasPanel /Game/BP/TownWidget.TownWidget:WidgetTree.CanvasPanel_0
[2016.11.29-21.34.59:637][940]LogUObjectHash:Warning: Ambiguous search, could be CanvasPanel /Engine/Transient.World_1:TownWidget_C_4.WidgetTree.CanvasPanel_0 or CanvasPanel /Engine/Transient.World_1:TownWidget_C_3.WidgetTree.CanvasPanel_0
[2016.11.29-21.34.59:637][940]LogUObjectHash:Warning: Ambiguous search, could be CanvasPanel /Engine/Transient.World_1:TownWidget_C_4.WidgetTree.CanvasPanel_0 or CanvasPanel /Engine/Transient.World_1:TownWidget_C_2.WidgetTree.CanvasPanel_0
[2016.11.29-21.34.59:637][940]LogUObjectHash:Warning: Ambiguous search, could be CanvasPanel /Engine/Transient.World_1:TownWidget_C_4.WidgetTree.CanvasPanel_0 or CanvasPanel /Engine/Transient.World_1:TownWidget_C_1.WidgetTree.CanvasPanel_0
[2016.11.29-21.34.59:637][940]LogUObjectHash:Warning: Ambiguous search, could be CanvasPanel /Engine/Transient.World_1:TownWidget_C_4.WidgetTree.CanvasPanel_0 or CanvasPanel /Game/BP/TownWidget.TownWidget_C:WidgetTree.CanvasPanel_0
[2016.11.29-21.34.59:637][940]LogUObjectHash:Warning: Ambiguous search, could be CanvasPanel /Engine/Transient.World_1:TownWidget_C_4.WidgetTree.CanvasPanel_0 or CanvasPanel /Engine/Transient.World_1:TownWidget_C_5.WidgetTree.CanvasPanel_0
[2016.11.29-21.34.59:637][940]LogUObjectHash:Warning: Ambiguous search, could be CanvasPanel /Engine/Transient.World_1:TownWidget_C_4.WidgetTree.CanvasPanel_0 or CanvasPanel /Engine/Transient.World_1:TownWidget_C_6.WidgetTree.CanvasPanel_0
[2016.11.29-21.34.59:637][940]LogProperty:Warning: Illegal TEXT reference to a private object in external package (CanvasPanelSlot /Engine/Transient.World_1:TownWidget_C_4.WidgetTree.CanvasPanel_0.CanvasPanelSlot_1) from referencer (TextBlock /Engine/UMG/Editor/Transient.TextBlock_22).  Import failed...
[2016.11.29-21.34.59:637][940]LogProperty:Warning: ObjectProperty /Script/UMG.Widget:Slot: unresolved reference to 'CanvasPanelSlot'CanvasPanel_0.CanvasPanelSlot_1''
[2016.11.29-21.36.05:033][608]BlueprintLog: New page: Compile TownWidget
[2016.11.29-21.36.14:056][643]LogUObjectHash:Warning: Ambiguous search, could be CanvasPanel /Game/BP/TownWidget.TownWidget:WidgetTree.CanvasPanel_0 or CanvasPanel /Engine/Transient.World_1:TownWidget_C_3.WidgetTree.CanvasPanel_0
[2016.11.29-21.36.14:056][643]LogUObjectHash:Warning: Ambiguous search, could be CanvasPanel /Game/BP/TownWidget.TownWidget:WidgetTree.CanvasPanel_0 or CanvasPanel /Engine/Transient.World_1:TownWidget_C_7.WidgetTree.CanvasPanel_0
[2016.11.29-21.36.14:056][643]LogUObjectHash:Warning: Ambiguous search, could be CanvasPanel /Game/BP/TownWidget.TownWidget:WidgetTree.CanvasPanel_0 or CanvasPanel /Engine/Transient.World_1:TownWidget_C_8.WidgetTree.CanvasPanel_0
[2016.11.29-21.36.14:056][643]LogUObjectHash:Warning: Ambiguous search, could be CanvasPanel /Game/BP/TownWidget.TownWidget:WidgetTree.CanvasPanel_0 or CanvasPanel /Engine/Transient.World_1:TownWidget_C_0.WidgetTree.CanvasPanel_0
[2016.11.29-21.36.14:056][643]LogUObjectHash:Warning: Ambiguous search, could be CanvasPanel /Game/BP/TownWidget.TownWidget:WidgetTree.CanvasPanel_0 or CanvasPanel /Engine/Transient.REINST_TownWidget_C_11:WidgetTree.CanvasPanel_0
[2016.11.29-21.36.14:056][643]LogUObjectHash:Warning: Ambiguous search, could be CanvasPanel /Game/BP/TownWidget.TownWidget:WidgetTree.CanvasPanel_0 or CanvasPanel /Game/BP/TownWidget.TownWidget_C:WidgetTree.CanvasPanel_0
[2016.11.29-21.36.14:056][643]LogProperty:Warning: Illegal TEXT reference to a private object in external package (CanvasPanelSlot /Game/BP/TownWidget.TownWidget:WidgetTree.CanvasPanel_0.CanvasPanelSlot_1) from referencer (TextBlock /Engine/UMG/Editor/Transient.TextBlock_22).  Import failed...
[2016.11.29-21.36.14:056][643]LogProperty:Warning: ObjectProperty /Script/UMG.Widget:Slot: unresolved reference to 'CanvasPanelSlot'CanvasPanel_0.CanvasPanelSlot_1''
[2016.11.29-21.37.54:766][103]LogUObjectHash:Warning: Ambiguous search, could be CanvasPanel /Engine/Transient.World_1:TownWidget_C_6.WidgetTree.CanvasPanel_0 or CanvasPanel /Game/BP/TownWidget.TownWidget:WidgetTree.CanvasPanel_0
[2016.11.29-21.37.54:766][103]LogUObjectHash:Warning: Ambiguous search, could be CanvasPanel /Engine/Transient.World_1:TownWidget_C_6.WidgetTree.CanvasPanel_0 or CanvasPanel /Engine/Transient.World_1:TownWidget_C_3.WidgetTree.CanvasPanel_0
[2016.11.29-21.37.54:766][103]LogUObjectHash:Warning: Ambiguous search, could be CanvasPanel /Engine/Transient.World_1:TownWidget_C_6.WidgetTree.CanvasPanel_0 or CanvasPanel /Engine/Transient.World_1:TownWidget_C_5.WidgetTree.CanvasPanel_0
[2016.11.29-21.37.54:766][103]LogUObjectHash:Warning: Ambiguous search, could be CanvasPanel /Engine/Transient.World_1:TownWidget_C_6.WidgetTree.CanvasPanel_0 or CanvasPanel /Engine/Transient.World_1:TownWidget_C_4.WidgetTree.CanvasPanel_0
[2016.11.29-21.37.54:766][103]LogUObjectHash:Warning: Ambiguous search, could be CanvasPanel /Engine/Transient.World_1:TownWidget_C_6.WidgetTree.CanvasPanel_0 or CanvasPanel /Engine/Transient.World_1:TownWidget_C_7.WidgetTree.CanvasPanel_0
[2016.11.29-21.37.54:766][103]LogUObjectHash:Warning: Ambiguous search, could be CanvasPanel /Engine/Transient.World_1:TownWidget_C_6.WidgetTree.CanvasPanel_0 or CanvasPanel /Engine/Transient.World_1:TownWidget_C_8.WidgetTree.CanvasPanel_0
[2016.11.29-21.37.54:766][103]LogUObjectHash:Warning: Ambiguous search, could be CanvasPanel /Engine/Transient.World_1:TownWidget_C_6.WidgetTree.CanvasPanel_0 or CanvasPanel /Engine/Transient.World_1:TownWidget_C_2.WidgetTree.CanvasPanel_0
[2016.11.29-21.37.54:766][103]LogUObjectHash:Warning: Ambiguous search, could be CanvasPanel /Engine/Transient.World_1:TownWidget_C_6.WidgetTree.CanvasPanel_0 or CanvasPanel /Engine/Transient.World_1:TownWidget_C_1.WidgetTree.CanvasPanel_0
[2016.11.29-21.37.54:766][103]LogUObjectHash:Warning: Ambiguous search, could be CanvasPanel /Engine/Transient.World_1:TownWidget_C_6.WidgetTree.CanvasPanel_0 or CanvasPanel /Engine/Transient.World_1:TownWidget_C_0.WidgetTree.CanvasPanel_0
[2016.11.29-21.37.54:766][103]LogUObjectHash:Warning: Ambiguous search, could be CanvasPanel /Engine/Transient.World_1:TownWidget_C_6.WidgetTree.CanvasPanel_0 or CanvasPanel /Engine/Transient.REINST_TownWidget_C_11:WidgetTree.CanvasPanel_0
[2016.11.29-21.37.54:766][103]LogUObjectHash:Warning: Ambiguous search, could be CanvasPanel /Engine/Transient.World_1:TownWidget_C_6.WidgetTree.CanvasPanel_0 or CanvasPanel /Game/BP/TownWidget.TownWidget_C:WidgetTree.CanvasPanel_0
[2016.11.29-21.37.54:766][103]LogProperty:Warning: Illegal TEXT reference to a private object in external package (CanvasPanelSlot /Engine/Transient.World_1:TownWidget_C_6.WidgetTree.CanvasPanel_0.CanvasPanelSlot_2) from referencer (TextBlock /Engine/UMG/Editor/Transient.Villagersnumber).  Import failed...
[2016.11.29-21.37.54:766][103]LogProperty:Warning: ObjectProperty /Script/UMG.Widget:Slot: unresolved reference to 'CanvasPanelSlot'CanvasPanel_0.CanvasPanelSlot_2''
[2016.11.29-21.38.45:800][658]LogEditorTransaction: Undo Move Widget
[2016.11.29-21.39.36:443][676]LogFileHelpers: Editor autosave (incl. sublevels) for '/Game/Maps/EclypseVillage' took 0.014
[2016.11.29-21.39.36:444][676]OBJ SavePackage: Generating thumbnails for [0] asset(s) in package [/Game/BP/TownWidget] ([1] browsable assets)...
[2016.11.29-21.39.36:444][676]OBJ SavePackage: Finished generating thumbnails for package [/Game/BP/TownWidget]
[2016.11.29-21.39.36:457][676]LogSavePackage: Save=7.47ms
[2016.11.29-21.39.36:457][676]LogSavePackage: Moving '../../../../../../Admin/Documents/GitHub Repositories/EclypseUE4/ProjectEclypse/Saved/TownWidget_Auto18A21559C4767E84FE313DDB5C0B8AB0C.tmp' to '../../../../../../Admin/Documents/GitHub Repositories/EclypseUE4/ProjectEclypse/Saved/Autosaves/Game/BP/TownWidget_Auto1.uasset'
[2016.11.29-21.39.36:457][676]LogSavePackage:Display: Finished SavePackage ../../../../../../Admin/Documents/GitHub Repositories/EclypseUE4/ProjectEclypse/Saved/Autosaves/Game/BP/TownWidget_Auto1.uasset
[2016.11.29-21.39.36:457][676]LogFileHelpers: Auto-saving content packages took 0.014
[2016.11.29-21.39.38:362][872]BlueprintLog: New page: Compile TownWidget
[2016.11.29-21.39.38:917][893]Cmd: OBJ SAVEPACKAGE PACKAGE="/Game/BP/TownWidget" FILE="../../../../../../Admin/Documents/GitHub Repositories/EclypseUE4/ProjectEclypse/Content/BP/TownWidget.uasset" SILENT=true
[2016.11.29-21.39.38:927][893]LogSavePackage: Save=7.43ms
[2016.11.29-21.39.38:927][893]LogSavePackage: Moving '../../../../../../Admin/Documents/GitHub Repositories/EclypseUE4/ProjectEclypse/Saved/TownWidgetB73C9ABB4F97FE6C5DEB42B0766E7C82.tmp' to '../../../../../../Admin/Documents/GitHub Repositories/EclypseUE4/ProjectEclypse/Content/BP/TownWidget.uasset'
[2016.11.29-21.39.38:928][893]LogSavePackage:Display: Finished SavePackage ../../../../../../Admin/Documents/GitHub Repositories/EclypseUE4/ProjectEclypse/Content/BP/TownWidget.uasset
[2016.11.29-21.39.43:305][375]LogBlueprintUserMessages: Early PlayInEditor Detection: Level '/Game/Maps/EclypseVillage.EclypseVillage:PersistentLevel' has LevelScriptBlueprint '/Game/Maps/EclypseVillage.EclypseVillage:PersistentLevel.EclypseVillage' with GeneratedClass '/Game/Maps/EclypseVillage.EclypseVillage_C' with ClassGeneratedBy '/Game/Maps/EclypseVillage.EclypseVillage:PersistentLevel.EclypseVillage'
[2016.11.29-21.39.43:305][375]LogPlayLevel: PlayLevel: No blueprints needed recompiling
[2016.11.29-21.39.43:306][375]OCULUS: Debug: [HMDState] Using default profile default
[2016.11.29-21.39.43:306][375]OCULUS: Info: IAD changed to 64.7mm
[2016.11.29-21.39.43:306][375]LogHMD: New ovr session is created
[2016.11.29-21.39.43:315][375]LogHMD: HMD Oculus Rift CV1, res = 2160 x 1200
[2016.11.29-21.39.43:315][375]PIE: New page: PIE session: EclypseVillage (30 Nov 2016 6:39:43 pm)
[2016.11.29-21.39.43:315][375]LogPlayLevel: Creating play world package: /Game/Maps/UEDPIE_0_EclypseVillage
[2016.11.29-21.39.43:319][375]LogPlayLevel: PIE: StaticDuplicateObject took: (0.002773s)
[2016.11.29-21.39.43:319][375]LogAIModule: Creating AISystem for world EclypseVillage
[2016.11.29-21.39.43:320][375]LogPlayLevel: PIE: World Init took: (0.000763s)
[2016.11.29-21.39.43:320][375]LogPlayLevel: PIE: Created PIE world by copying editor world from /Game/Maps/EclypseVillage.EclypseVillage to /Game/Maps/UEDPIE_0_EclypseVillage.EclypseVillage (0.003717s)
[2016.11.29-21.39.43:337][375]LogInit: XAudio2 using 'Speakers (Realtek High Definition Audio)' : 8 channels at 48 kHz using 32 bits per sample (channel mask 0x63f)
[2016.11.29-21.39.43:366][375]LogInit: FAudioDevice initialized.
[2016.11.29-21.39.43:397][375]LogWorld: Game class is 'GameMode'
[2016.11.29-21.39.43:399][375]LogWorld: Bringing World /Game/Maps/UEDPIE_0_EclypseVillage.EclypseVillage up for play (max tick rate 0) at 2016.11.30-08.39.43
[2016.11.29-21.39.43:399][375]LogWorld: Bringing up level for play took: 0.001862
[2016.11.29-21.39.43:400][375]LogGameMode:Display: Match State Changed from EnteringMap to WaitingToStart
[2016.11.29-21.39.43:400][375]LogGameState: Match State Changed from EnteringMap to WaitingToStart
[2016.11.29-21.39.43:400][375]LogGameMode:Display: Match State Changed from WaitingToStart to InProgress
[2016.11.29-21.39.43:401][375]LogGameState: Match State Changed from WaitingToStart to InProgress
[2016.11.29-21.39.43:402][375]PIE: Info Play in editor start time for /Game/Maps/UEDPIE_0_EclypseVillage 0.29
[2016.11.29-21.39.43:402][375]LogBlueprintUserMessages: Late PlayInEditor Detection: Level '/Game/Maps/EclypseVillage.EclypseVillage:PersistentLevel' has LevelScriptBlueprint '/Game/Maps/EclypseVillage.EclypseVillage:PersistentLevel.EclypseVillage' with GeneratedClass '/Game/Maps/EclypseVillage.EclypseVillage_C' with ClassGeneratedBy '/Game/Maps/EclypseVillage.EclypseVillage:PersistentLevel.EclypseVillage'
[2016.11.29-21.39.43:416][375]LogRenderer: Reallocating scene render targets to support 1292x756 (Frame:5571).
[2016.11.29-21.39.48:110][564]LogBlueprintUserMessages: Early EndPlayMap Detection: Level '/Game/Maps/EclypseVillage.EclypseVillage:PersistentLevel' has LevelScriptBlueprint '/Game/Maps/EclypseVillage.EclypseVillage:PersistentLevel.EclypseVillage' with GeneratedClass '/Game/Maps/EclypseVillage.EclypseVillage_C' with ClassGeneratedBy '/Game/Maps/EclypseVillage.EclypseVillage:PersistentLevel.EclypseVillage'
[2016.11.29-21.39.48:138][564]LogHMD: Destroying ovr session
[2016.11.29-21.39.48:174][564]LogBlueprintUserMessages: Late EndPlayMap Detection: Level '/Game/Maps/EclypseVillage.EclypseVillage:PersistentLevel' has LevelScriptBlueprint '/Game/Maps/EclypseVillage.EclypseVillage:PersistentLevel.EclypseVillage' with GeneratedClass '/Game/Maps/EclypseVillage.EclypseVillage_C' with ClassGeneratedBy '/Game/Maps/EclypseVillage.EclypseVillage:PersistentLevel.EclypseVillage'
[2016.11.29-21.40.11:217][571]BlueprintLog: New page: Compile TownWidget
[2016.11.29-21.40.11:738][589]Cmd: OBJ SAVEPACKAGE PACKAGE="/Game/BP/TownWidget" FILE="../../../../../../Admin/Documents/GitHub Repositories/EclypseUE4/ProjectEclypse/Content/BP/TownWidget.uasset" SILENT=true
[2016.11.29-21.40.11:748][589]LogSavePackage: Save=7.53ms
[2016.11.29-21.40.11:748][589]LogSavePackage: Moving '../../../../../../Admin/Documents/GitHub Repositories/EclypseUE4/ProjectEclypse/Saved/TownWidgetA90E8D114E0888F13EFB29B935942F29.tmp' to '../../../../../../Admin/Documents/GitHub Repositories/EclypseUE4/ProjectEclypse/Content/BP/TownWidget.uasset'
[2016.11.29-21.40.11:749][589]LogSavePackage:Display: Finished SavePackage ../../../../../../Admin/Documents/GitHub Repositories/EclypseUE4/ProjectEclypse/Content/BP/TownWidget.uasset
[2016.11.29-21.46.56:046][860]BlueprintLog: New page: Compile TownWidget
[2016.11.29-21.46.57:130][906]LogBlueprintUserMessages: Early PlayInEditor Detection: Level '/Game/Maps/EclypseVillage.EclypseVillage:PersistentLevel' has LevelScriptBlueprint '/Game/Maps/EclypseVillage.EclypseVillage:PersistentLevel.EclypseVillage' with GeneratedClass '/Game/Maps/EclypseVillage.EclypseVillage_C' with ClassGeneratedBy '/Game/Maps/EclypseVillage.EclypseVillage:PersistentLevel.EclypseVillage'
[2016.11.29-21.46.57:130][906]LogPlayLevel: PlayLevel: No blueprints needed recompiling
[2016.11.29-21.46.57:131][906]OCULUS: Debug: [HMDState] Using default profile default
[2016.11.29-21.46.57:131][906]OCULUS: Info: IAD changed to 64.7mm
[2016.11.29-21.46.57:131][906]LogHMD: New ovr session is created
[2016.11.29-21.46.57:131][906]LogHMD: HMD Oculus Rift CV1, res = 2160 x 1200
[2016.11.29-21.46.57:131][906]PIE: New page: PIE session: EclypseVillage (30 Nov 2016 6:46:57 pm)
[2016.11.29-21.46.57:131][906]LogPlayLevel: Creating play world package: /Game/Maps/UEDPIE_0_EclypseVillage
[2016.11.29-21.46.57:134][906]LogPlayLevel: PIE: StaticDuplicateObject took: (0.002784s)
[2016.11.29-21.46.57:135][906]LogAIModule: Creating AISystem for world EclypseVillage
[2016.11.29-21.46.57:135][906]LogPlayLevel: PIE: World Init took: (0.000729s)
[2016.11.29-21.46.57:135][906]LogPlayLevel: PIE: Created PIE world by copying editor world from /Game/Maps/EclypseVillage.EclypseVillage to /Game/Maps/UEDPIE_0_EclypseVillage.EclypseVillage (0.003667s)
[2016.11.29-21.46.57:154][906]LogInit: XAudio2 using 'Speakers (Realtek High Definition Audio)' : 8 channels at 48 kHz using 32 bits per sample (channel mask 0x63f)
[2016.11.29-21.46.57:183][906]LogInit: FAudioDevice initialized.
[2016.11.29-21.46.57:217][906]LogWorld: Game class is 'GameMode'
[2016.11.29-21.46.57:220][906]LogWorld: Bringing World /Game/Maps/UEDPIE_0_EclypseVillage.EclypseVillage up for play (max tick rate 0) at 2016.11.30-08.46.57
[2016.11.29-21.46.57:220][906]LogWorld: Bringing up level for play took: 0.001998
[2016.11.29-21.46.57:220][906]LogGameMode:Display: Match State Changed from EnteringMap to WaitingToStart
[2016.11.29-21.46.57:220][906]LogGameState: Match State Changed from EnteringMap to WaitingToStart
[2016.11.29-21.46.57:220][906]LogGameMode:Display: Match State Changed from WaitingToStart to InProgress
[2016.11.29-21.46.57:221][906]LogGameState: Match State Changed from WaitingToStart to InProgress
[2016.11.29-21.46.57:223][906]PIE: Info Play in editor start time for /Game/Maps/UEDPIE_0_EclypseVillage 0.111
[2016.11.29-21.46.57:223][906]LogBlueprintUserMessages: Late PlayInEditor Detection: Level '/Game/Maps/EclypseVillage.EclypseVillage:PersistentLevel' has LevelScriptBlueprint '/Game/Maps/EclypseVillage.EclypseVillage:PersistentLevel.EclypseVillage' with GeneratedClass '/Game/Maps/EclypseVillage.EclypseVillage_C' with ClassGeneratedBy '/Game/Maps/EclypseVillage.EclypseVillage:PersistentLevel.EclypseVillage'
[2016.11.29-21.47.01:333][ 61]LogBlueprintUserMessages: Early EndPlayMap Detection: Level '/Game/Maps/EclypseVillage.EclypseVillage:PersistentLevel' has LevelScriptBlueprint '/Game/Maps/EclypseVillage.EclypseVillage:PersistentLevel.EclypseVillage' with GeneratedClass '/Game/Maps/EclypseVillage.EclypseVillage_C' with ClassGeneratedBy '/Game/Maps/EclypseVillage.EclypseVillage:PersistentLevel.EclypseVillage'
[2016.11.29-21.47.01:362][ 61]LogHMD: Destroying ovr session
[2016.11.29-21.47.01:398][ 61]LogBlueprintUserMessages: Late EndPlayMap Detection: Level '/Game/Maps/EclypseVillage.EclypseVillage:PersistentLevel' has LevelScriptBlueprint '/Game/Maps/EclypseVillage.EclypseVillage:PersistentLevel.EclypseVillage' with GeneratedClass '/Game/Maps/EclypseVillage.EclypseVillage_C' with ClassGeneratedBy '/Game/Maps/EclypseVillage.EclypseVillage:PersistentLevel.EclypseVillage'
[2016.11.29-21.49.22:886][571]LogEditorViewport: Clicking on Actor (LMB): StaticMeshActor (Cube3)
[2016.11.29-21.49.49:799][930]LogFileHelpers: Editor autosave (incl. sublevels) for '/Game/Maps/EclypseVillage' took 0.012
[2016.11.29-21.49.49:814][930]OBJ SavePackage: Generating thumbnails for [0] asset(s) in package [/Game/BP/TownWidget] ([1] browsable assets)...
[2016.11.29-21.49.49:814][930]OBJ SavePackage: Finished generating thumbnails for package [/Game/BP/TownWidget]
[2016.11.29-21.49.49:830][930]LogSavePackage: Save=9.34ms
[2016.11.29-21.49.49:830][930]LogSavePackage: Moving '../../../../../../Admin/Documents/GitHub Repositories/EclypseUE4/ProjectEclypse/Saved/TownWidget_Auto2E54C8A0644754A0406BFBCA62B3FA024.tmp' to '../../../../../../Admin/Documents/GitHub Repositories/EclypseUE4/ProjectEclypse/Saved/Autosaves/Game/BP/TownWidget_Auto2.uasset'
[2016.11.29-21.49.49:831][930]LogSavePackage:Display: Finished SavePackage ../../../../../../Admin/Documents/GitHub Repositories/EclypseUE4/ProjectEclypse/Saved/Autosaves/Game/BP/TownWidget_Auto2.uasset
[2016.11.29-21.49.49:831][930]LogFileHelpers: Auto-saving content packages took 0.018
[2016.11.29-21.52.58:711][833]LogEditorViewport: Clicking on Actor (LMB): StaticMeshActor (Cube3)
[2016.11.29-21.53.43:032][133]LogActorComponent: UnregisterComponent: (/Engine/Transient.EditorFloorComp) Not registered. Aborting.
[2016.11.29-21.53.50:899][795]LogEditorViewport: Clicking on Actor (LMB): Workshop_C (Workshop)
[2016.11.29-21.53.53:120][ 59]Cmd: DUPLICATE
[2016.11.29-21.53.53:120][ 59]Cmd: ACTOR DUPLICATE
[2016.11.29-21.53.57:903][348]LogEditorActor: Deleted Actor: Workshop_C
[2016.11.29-21.53.57:925][348]LogEditorActor: Deleted 1 Actors (0.023 secs)
[2016.11.29-21.54.00:615][569]LogEditorViewport: Clicking on Actor (LMB): Farmstead_C (Farmstead)
[2016.11.29-21.54.04:162][835]LogActorFactory: Actor Factory created Cube
[2016.11.29-21.54.05:559][996]LogActorFactory: Actor Factory created Cube
[2016.11.29-21.54.05:718][ 13]LogEditorViewport: Clicking on Actor (LMB): StaticMeshActor (Cube)
[2016.11.29-21.54.06:353][ 89]LogEditorViewport: Clicking on Actor (LMB): Farmstead_C (Farmstead)
[2016.11.29-21.54.07:249][194]LogEditorViewport: Clicking on Actor (LMB): StaticMeshActor (Cube)
[2016.11.29-21.54.17:104][115]LogEditorViewport: Clicking on Actor (LMB): Farmstead_C (Farmstead)
[2016.11.29-21.54.19:048][346]LogEditorViewport: Clicking on Actor (LMB): StaticMeshActor (Cube)
[2016.11.29-21.54.25:251][689]LogEditorViewport: Clicking on Actor (LMB): Farmstead_C (Farmstead)
[2016.11.29-21.54.27:828][887]LogEditorViewport: Clicking on Actor (LMB): StaticMeshActor (Cube)
[2016.11.29-21.54.45:970][864]LogEditorViewport: Clicking on Actor (LMB): StaticMeshActor (Cube)
[2016.11.29-21.56.35:881][361]LogSavePackage: Save=85.07ms
[2016.11.29-21.56.35:881][361]LogSavePackage: Moving '../../../../../../Admin/Documents/GitHub Repositories/EclypseUE4/ProjectEclypse/Saved/EclypseVillageC29887244C0D5ACC791370A850E73F0B.tmp' to '../../../../../../Admin/Documents/GitHub Repositories/EclypseUE4/ProjectEclypse/Content/Maps/EclypseVillage.umap'
[2016.11.29-21.56.35:883][361]LogSavePackage:Display: Finished SavePackage ../../../../../../Admin/Documents/GitHub Repositories/EclypseUE4/ProjectEclypse/Content/Maps/EclypseVillage.umap
[2016.11.29-21.56.35:900][361]LogFileHelpers: Saving map 'EclypseVillage' took 0.155
[2016.11.29-21.56.35:904][361]Cmd: OBJ SAVEPACKAGE PACKAGE="/Game/BP/TownWidget" FILE="../../../../../../Admin/Documents/GitHub Repositories/EclypseUE4/ProjectEclypse/Content/BP/TownWidget.uasset" SILENT=true
[2016.11.29-21.56.35:918][361]LogSavePackage: Save=8.73ms
[2016.11.29-21.56.35:918][361]LogSavePackage: Moving '../../../../../../Admin/Documents/GitHub Repositories/EclypseUE4/ProjectEclypse/Saved/TownWidgetCE36A8B4460FCB782346C6A909D99EEE.tmp' to '../../../../../../Admin/Documents/GitHub Repositories/EclypseUE4/ProjectEclypse/Content/BP/TownWidget.uasset'
[2016.11.29-21.56.35:920][361]LogSavePackage:Display: Finished SavePackage ../../../../../../Admin/Documents/GitHub Repositories/EclypseUE4/ProjectEclypse/Content/BP/TownWidget.uasset
[2016.11.29-21.56.35:935][361]Cmd: OBJ SAVEPACKAGE PACKAGE="/Game/BP/BuildingsBP/Soothsayer" FILE="../../../../../../Admin/Documents/GitHub Repositories/EclypseUE4/ProjectEclypse/Content/BP/BuildingsBP/Soothsayer.uasset" SILENT=true
[2016.11.29-21.56.35:951][361]LogSavePackage: Save=15.51ms
[2016.11.29-21.56.35:951][361]LogSavePackage: Moving '../../../../../../Admin/Documents/GitHub Repositories/EclypseUE4/ProjectEclypse/Saved/Soothsayer7492BF294247B7C34CCBEB84523031CA.tmp' to '../../../../../../Admin/Documents/GitHub Repositories/EclypseUE4/ProjectEclypse/Content/BP/BuildingsBP/Soothsayer.uasset'
[2016.11.29-21.56.35:953][361]LogSavePackage:Display: Finished SavePackage ../../../../../../Admin/Documents/GitHub Repositories/EclypseUE4/ProjectEclypse/Content/BP/BuildingsBP/Soothsayer.uasset
[2016.11.29-21.56.35:966][361]Cmd: OBJ SAVEPACKAGE PACKAGE="/Game/BP/BuildingsBP/Council" FILE="../../../../../../Admin/Documents/GitHub Repositories/EclypseUE4/ProjectEclypse/Content/BP/BuildingsBP/Council.uasset" SILENT=true
[2016.11.29-21.56.35:982][361]LogSavePackage: Save=15.40ms
[2016.11.29-21.56.35:982][361]LogSavePackage: Moving '../../../../../../Admin/Documents/GitHub Repositories/EclypseUE4/ProjectEclypse/Saved/Council6D0B14A240CDEA552E79538F86C41F51.tmp' to '../../../../../../Admin/Documents/GitHub Repositories/EclypseUE4/ProjectEclypse/Content/BP/BuildingsBP/Council.uasset'
[2016.11.29-21.56.35:983][361]LogSavePackage:Display: Finished SavePackage ../../../../../../Admin/Documents/GitHub Repositories/EclypseUE4/ProjectEclypse/Content/BP/BuildingsBP/Council.uasset
[2016.11.29-21.56.35:996][361]Cmd: OBJ SAVEPACKAGE PACKAGE="/Game/BP/BuildingsBP/Workshop" FILE="../../../../../../Admin/Documents/GitHub Repositories/EclypseUE4/ProjectEclypse/Content/BP/BuildingsBP/Workshop.uasset" SILENT=true
[2016.11.29-21.56.36:014][361]LogSavePackage: Save=16.82ms
[2016.11.29-21.56.36:014][361]LogSavePackage: Moving '../../../../../../Admin/Documents/GitHub Repositories/EclypseUE4/ProjectEclypse/Saved/Workshop35C58B6741AB46BB74A47C8B8B169D79.tmp' to '../../../../../../Admin/Documents/GitHub Repositories/EclypseUE4/ProjectEclypse/Content/BP/BuildingsBP/Workshop.uasset'
[2016.11.29-21.56.36:015][361]LogSavePackage:Display: Finished SavePackage ../../../../../../Admin/Documents/GitHub Repositories/EclypseUE4/ProjectEclypse/Content/BP/BuildingsBP/Workshop.uasset
[2016.11.29-21.56.36:028][361]Cmd: OBJ SAVEPACKAGE PACKAGE="/Game/BP/BuildingsBP/Farmstead" FILE="../../../../../../Admin/Documents/GitHub Repositories/EclypseUE4/ProjectEclypse/Content/BP/BuildingsBP/Farmstead.uasset" SILENT=true
[2016.11.29-21.56.36:047][361]LogSavePackage: Save=18.63ms
[2016.11.29-21.56.36:047][361]LogSavePackage: Moving '../../../../../../Admin/Documents/GitHub Repositories/EclypseUE4/ProjectEclypse/Saved/Farmstead094910A84D291219E1FDA5A9A10D603D.tmp' to '../../../../../../Admin/Documents/GitHub Repositories/EclypseUE4/ProjectEclypse/Content/BP/BuildingsBP/Farmstead.uasset'
[2016.11.29-21.56.36:048][361]LogSavePackage:Display: Finished SavePackage ../../../../../../Admin/Documents/GitHub Repositories/EclypseUE4/ProjectEclypse/Content/BP/BuildingsBP/Farmstead.uasset
[2016.11.29-21.56.36:061][361]Cmd: OBJ SAVEPACKAGE PACKAGE="/Game/BP/BuildingsBP/Tavern" FILE="../../../../../../Admin/Documents/GitHub Repositories/EclypseUE4/ProjectEclypse/Content/BP/BuildingsBP/Tavern.uasset" SILENT=true
[2016.11.29-21.56.36:077][361]LogSavePackage: Save=15.51ms
[2016.11.29-21.56.36:077][361]LogSavePackage: Moving '../../../../../../Admin/Documents/GitHub Repositories/EclypseUE4/ProjectEclypse/Saved/Tavern2D95C1AA4B9576CF00EADFAF9D7DAAEB.tmp' to '../../../../../../Admin/Documents/GitHub Repositories/EclypseUE4/ProjectEclypse/Content/BP/BuildingsBP/Tavern.uasset'
[2016.11.29-21.56.36:079][361]LogSavePackage:Display: Finished SavePackage ../../../../../../Admin/Documents/GitHub Repositories/EclypseUE4/ProjectEclypse/Content/BP/BuildingsBP/Tavern.uasset
[2016.11.29-22.31.17:105][425]Cmd: QUIT_EDITOR
[2016.11.29-22.31.17:233][425]LogWindowsTextInputMethodSystem:Display: IME system now deactivated.
[2016.11.29-22.31.17:252][425]LogExit: Preparing to exit.
[2016.11.29-22.31.17:699][425]LogDirectoryWatcher: A directory notification for 'D:/Admin/Documents/GitHub Repositories/EclypseUE4/ProjectEclypse/Content/' was aborted.
[2016.11.29-22.31.17:726][425]LogExit: Editor shut down
[2016.11.29-22.31.17:727][425]LogExit: Transaction tracking system shut down
[2016.11.29-22.31.17:837][425]LogObj: Freed 0b from 0 cluster array pools.
[2016.11.29-22.31.17:837][425]LogExit: Object subsystem successfully closed.
[2016.11.29-22.31.17:852][425]LogD3D11RHI: Shutdown
[2016.11.29-22.31.17:852][425]LogD3D11RHI: CleanupD3DDevice
[2016.11.29-22.31.17:902][425]LogD3D11RHI: ~FD3D11DynamicRHI
[2016.11.29-22.31.17:907][425]LogModuleManager: Shutting down and abandoning module HierarchicalLODUtilities (241)
[2016.11.29-22.31.17:907][425]LogModuleManager: Shutting down and abandoning module SequencerWidgets (240)
[2016.11.29-22.31.17:907][425]LogModuleManager: Shutting down and abandoning module BlueprintGraph (239)
[2016.11.29-22.31.17:907][425]LogModuleManager: Shutting down and abandoning module BlueprintProfiler (238)
[2016.11.29-22.31.17:907][425]LogModuleManager: Shutting down and abandoning module MovieSceneCapture (237)
[2016.11.29-22.31.17:907][425]LogModuleManager: Shutting down and abandoning module HierarchicalLODOutliner (236)
[2016.11.29-22.31.17:907][425]LogModuleManager: Shutting down and abandoning module ExternalImagePicker (235)
[2016.11.29-22.31.17:907][425]LogModuleManager: Shutting down and abandoning module CrashTracker (234)
[2016.11.29-22.31.17:907][425]LogModuleManager: Shutting down and abandoning module SceneOutliner (233)
[2016.11.29-22.31.17:907][425]LogModuleManager: Shutting down and abandoning module WidgetCarousel (232)
[2016.11.29-22.31.17:907][425]LogModuleManager: Shutting down and abandoning module AddContentDialog (231)
[2016.11.29-22.31.17:907][425]LogDirectoryWatcher: A directory notification for 'D:/Program Files (x86)/Epic Games/4.13/FeaturePacks/' was aborted.
[2016.11.29-22.31.17:908][425]LogModuleManager: Shutting down and abandoning module GameplayTags (230)
[2016.11.29-22.31.17:908][425]LogModuleManager: Shutting down and abandoning module EditorWidgets (229)
[2016.11.29-22.31.17:908][425]LogModuleManager: Shutting down and abandoning module CollectionManager (228)
[2016.11.29-22.31.17:908][425]LogDirectoryWatcher: A directory notification for 'D:/Admin/Documents/GitHub Repositories/EclypseUE4/ProjectEclypse/Content/Collections/' was aborted.
[2016.11.29-22.31.17:908][425]LogDirectoryWatcher: A directory notification for 'D:/Admin/Documents/GitHub Repositories/EclypseUE4/ProjectEclypse/Content/Developers/StefanoAdmin/Collections/' was aborted.
[2016.11.29-22.31.17:908][425]LogDirectoryWatcher: A directory notification for 'D:/Admin/Documents/GitHub Repositories/EclypseUE4/ProjectEclypse/Saved/Collections/' was aborted.
[2016.11.29-22.31.17:908][425]LogModuleManager: Shutting down and abandoning module StatsViewer (227)
[2016.11.29-22.31.17:908][425]LogModuleManager: Shutting down and abandoning module FoliageEdit (226)
[2016.11.29-22.31.17:908][425]LogModuleManager: Shutting down and abandoning module LandscapeEditor (225)
[2016.11.29-22.31.17:908][425]LogModuleManager: Shutting down and abandoning module SceneDepthPickerMode (224)
[2016.11.29-22.31.17:908][425]LogModuleManager: Shutting down and abandoning module ActorPickerMode (223)
[2016.11.29-22.31.17:908][425]LogModuleManager: Shutting down and abandoning module GeometryMode (222)
[2016.11.29-22.31.17:908][425]LogModuleManager: Shutting down and abandoning module TextureAlignMode (221)
[2016.11.29-22.31.17:908][425]LogModuleManager: Shutting down and abandoning module BspMode (220)
[2016.11.29-22.31.17:908][425]LogModuleManager: Shutting down and abandoning module HardwareSurvey (219)
[2016.11.29-22.31.17:908][425]LogModuleManager: Shutting down and abandoning module SequenceRecorderSections (218)
[2016.11.29-22.31.17:908][425]LogModuleManager: Shutting down and abandoning module SequenceRecorder (217)
[2016.11.29-22.31.17:909][425]LogModuleManager: Shutting down and abandoning module AutomationWorker (216)
[2016.11.29-22.31.17:909][425]LogModuleManager: Shutting down and abandoning module MatineeToLevelSequence (215)
[2016.11.29-22.31.17:909][425]LogModuleManager: Shutting down and abandoning module PlacementMode (214)
[2016.11.29-22.31.17:909][425]LogModuleManager: Shutting down and abandoning module LevelSequenceEditor (213)
[2016.11.29-22.31.17:909][425]LogModuleManager: Shutting down and abandoning module WmfMediaFactory (212)
[2016.11.29-22.31.17:909][425]LogModuleManager: Shutting down and abandoning module WmfMediaEditor (211)
[2016.11.29-22.31.17:909][425]LogModuleManager: Shutting down and abandoning module AvfMediaFactory (210)
[2016.11.29-22.31.17:909][425]LogModuleManager: Shutting down and abandoning module AvfMediaEditor (209)
[2016.11.29-22.31.17:909][425]LogModuleManager: Shutting down and abandoning module Media (208)
[2016.11.29-22.31.17:909][425]LogModuleManager: Shutting down and abandoning module AndroidMediaFactory (207)
[2016.11.29-22.31.17:909][425]LogModuleManager: Shutting down and abandoning module AndroidMediaEditor (206)
[2016.11.29-22.31.17:909][425]LogModuleManager: Shutting down and abandoning module CharacterAI (205)
[2016.11.29-22.31.17:909][425]LogModuleManager: Shutting down and abandoning module SmartSnapping (204)
[2016.11.29-22.31.17:909][425]LogModuleManager: Shutting down and abandoning module SessionServices (203)
[2016.11.29-22.31.17:909][425]LogModuleManager: Shutting down and abandoning module ViewportSnapping (202)
[2016.11.29-22.31.17:909][425]LogModuleManager: Shutting down and abandoning module ViewportInteraction (201)
[2016.11.29-22.31.17:909][425]LogModuleManager: Shutting down and abandoning module LogVisualizer (200)
[2016.11.29-22.31.17:909][425]LogModuleManager: Shutting down and abandoning module GameProjectGeneration (199)
[2016.11.29-22.31.17:909][425]LogModuleManager: Shutting down and abandoning module IntroTutorials (198)
[2016.11.29-22.31.17:909][425]LogModuleManager: Shutting down and abandoning module EditorLiveStreaming (197)
[2016.11.29-22.31.17:909][425]LogModuleManager: Shutting down and abandoning module IOSPlatformEditor (196)
[2016.11.29-22.31.17:909][425]LogModuleManager: Shutting down and abandoning module HTML5PlatformEditor (195)
[2016.11.29-22.31.17:909][425]LogModuleManager: Shutting down and abandoning module AndroidDeviceDetection (194)
[2016.11.29-22.31.18:177][425]LogModuleManager: Shutting down and abandoning module AndroidPlatformEditor (193)
[2016.11.29-22.31.18:177][425]LogModuleManager: Shutting down and abandoning module IOSRuntimeSettings (192)
[2016.11.29-22.31.18:177][425]LogModuleManager: Shutting down and abandoning module AndroidRuntimeSettings (191)
[2016.11.29-22.31.18:177][425]LogModuleManager: Shutting down and abandoning module NiagaraEditor (190)
[2016.11.29-22.31.18:177][425]LogModuleManager: Shutting down and abandoning module MergeActors (189)
[2016.11.29-22.31.18:177][425]LogModuleManager: Shutting down and abandoning module SizeMap (188)
[2016.11.29-22.31.18:177][425]LogModuleManager: Shutting down and abandoning module TreeMap (187)
[2016.11.29-22.31.18:177][425]LogModuleManager: Shutting down and abandoning module ReferenceViewer (186)
[2016.11.29-22.31.18:177][425]LogModuleManager: Shutting down and abandoning module LocalizationService (185)
[2016.11.29-22.31.18:177][425]LogModuleManager: Shutting down and abandoning module LocalizationDashboard (184)
[2016.11.29-22.31.18:178][425]LogModuleManager: Shutting down and abandoning module HardwareTargeting (183)
[2016.11.29-22.31.18:178][425]LogModuleManager: Shutting down and abandoning module DeviceProfileEditor (182)
[2016.11.29-22.31.18:178][425]LogModuleManager: Shutting down and abandoning module UndoHistory (181)
[2016.11.29-22.31.18:178][425]LogModuleManager: Shutting down and abandoning module UserFeedback (180)
[2016.11.29-22.31.18:178][425]LogModuleManager: Shutting down and abandoning module XmlParser (179)
[2016.11.29-22.31.18:178][425]LogModuleManager: Shutting down and abandoning module Blutility (178)
[2016.11.29-22.31.18:178][425]LogModuleManager: Shutting down and abandoning module ProjectTargetPlatformEditor (177)
[2016.11.29-22.31.18:178][425]LogModuleManager: Shutting down and abandoning module ProjectSettingsViewer (176)
[2016.11.29-22.31.18:178][425]LogModuleManager: Shutting down and abandoning module InputBindingEditor (175)
[2016.11.29-22.31.18:178][425]LogModuleManager: Shutting down and abandoning module EditorSettingsViewer (174)
[2016.11.29-22.31.18:178][425]LogModuleManager: Shutting down and abandoning module SettingsEditor (173)
[2016.11.29-22.31.18:178][425]LogModuleManager: Shutting down and abandoning module ProjectLauncher (172)
[2016.11.29-22.31.18:178][425]LogModuleManager: Shutting down and abandoning module SessionFrontend (171)
[2016.11.29-22.31.18:178][425]LogModuleManager: Shutting down and abandoning module ProfilerClient (170)
[2016.11.29-22.31.18:178][425]LogModuleManager: Shutting down and abandoning module TargetDeviceServices (169)
[2016.11.29-22.31.18:178][425]LogModuleManager: Shutting down and abandoning module DeviceManager (168)
[2016.11.29-22.31.18:228][425]LogModuleManager: Shutting down and abandoning module AutomationController (167)
[2016.11.29-22.31.18:228][425]LogModuleManager: Shutting down and abandoning module AutomationWindow (166)
[2016.11.29-22.31.18:228][425]LogModuleManager: Shutting down and abandoning module Layers (165)
[2016.11.29-22.31.18:228][425]LogModuleManager: Shutting down and abandoning module ComponentVisualizers (164)
[2016.11.29-22.31.18:228][425]LogModuleManager: Shutting down and abandoning module DetailCustomizations (163)
[2016.11.29-22.31.18:228][425]LogModuleManager: Shutting down and abandoning module PackagesDialog (162)
[2016.11.29-22.31.18:228][425]LogModuleManager: Shutting down and abandoning module AnimGraph (161)
[2016.11.29-22.31.18:228][425]LogModuleManager: Shutting down and abandoning module Persona (160)
[2016.11.29-22.31.18:228][425]LogModuleManager: Shutting down and abandoning module Kismet (159)
[2016.11.29-22.31.18:232][425]LogModuleManager: Shutting down and abandoning module GraphEditor (158)
[2016.11.29-22.31.18:232][425]LogModuleManager: Shutting down and abandoning module ClassViewer (157)
[2016.11.29-22.31.18:232][425]LogModuleManager: Shutting down and abandoning module Toolbox (156)
[2016.11.29-22.31.18:232][425]LogModuleManager: Shutting down and abandoning module ModuleUI (155)
[2016.11.29-22.31.18:232][425]LogModuleManager: Shutting down and abandoning module MovieSceneTools (154)
[2016.11.29-22.31.18:232][425]LogModuleManager: Shutting down and abandoning module OutputLog (153)
[2016.11.29-22.31.18:232][425]LogModuleManager: Shutting down and abandoning module GammaUI (152)
[2016.11.29-22.31.18:232][425]LogModuleManager: Shutting down and abandoning module Documentation (151)
[2016.11.29-22.31.18:232][425]LogModuleManager: Shutting down and abandoning module Niagara (150)
[2016.11.29-22.31.18:232][425]LogModuleManager: Shutting down and abandoning module StreamingPauseRendering (149)
[2016.11.29-22.31.18:232][425]LogModuleManager: Shutting down and abandoning module AnalyticsET (148)
[2016.11.29-22.31.18:232][425]LogModuleManager: Shutting down and abandoning module PortalServices (147)
[2016.11.29-22.31.18:232][425]LogModuleManager: Shutting down and abandoning module PortalRpc (146)
[2016.11.29-22.31.18:232][425]LogModuleManager: Shutting down and abandoning module MessagingRpc (145)
[2016.11.29-22.31.18:232][425]LogModuleManager: Shutting down and abandoning module GameplayDebugger (144)
[2016.11.29-22.31.18:232][425]LogModuleManager: Shutting down and abandoning module AITestSuite (143)
[2016.11.29-22.31.18:232][425]LogModuleManager: Shutting down and abandoning module AIModule (142)
[2016.11.29-22.31.18:232][425]LogModuleManager: Shutting down and abandoning module ProfilerService (141)
[2016.11.29-22.31.18:309][425]LogModuleManager: Shutting down and abandoning module TaskGraph (140)
[2016.11.29-22.31.18:309][425]LogModuleManager: Shutting down and abandoning module SubstanceEditor (139)
[2016.11.29-22.31.18:309][425]LogModuleManager: Shutting down and abandoning module SlateRemote (138)
[2016.11.29-22.31.18:309][425]LogModuleManager: Shutting down and abandoning module SteamVRController (137)
[2016.11.29-22.31.18:309][425]LogModuleManager: Shutting down and abandoning module SteamVR (136)
[2016.11.29-22.31.18:309][425]LogModuleManager: Shutting down and abandoning module ProceduralMeshComponentEditor (135)
[2016.11.29-22.31.18:309][425]LogModuleManager: Shutting down and abandoning module ProceduralMeshComponent (134)
[2016.11.29-22.31.18:309][425]LogModuleManager: Shutting down and abandoning module OculusLibrary (133)
[2016.11.29-22.31.18:309][425]LogModuleManager: Shutting down and abandoning module OculusInput (132)
[2016.11.29-22.31.18:309][425]LogModuleManager: Shutting down and abandoning module CustomMeshComponent (131)
[2016.11.29-22.31.18:310][425]LogModuleManager: Shutting down and abandoning module CableComponent (130)
[2016.11.29-22.31.18:310][425]LogModuleManager: Shutting down and abandoning module ArchVisCharacter (129)
[2016.11.29-22.31.18:310][425]LogModuleManager: Shutting down and abandoning module MediaPlayerEditor (127)
[2016.11.29-22.31.18:310][425]LogModuleManager: Shutting down and abandoning module HTML5Networking (126)
[2016.11.29-22.31.18:310][425]LogModuleManager: Shutting down and abandoning module GeometryCacheEd (125)
[2016.11.29-22.31.18:310][425]LogModuleManager: Shutting down and abandoning module GeometryCache (124)
[2016.11.29-22.31.18:310][425]LogModuleManager: Shutting down and abandoning module AlembicLibrary (123)
[2016.11.29-22.31.18:310][425]LogModuleManager: Shutting down and abandoning module AlembicImporter (122)
[2016.11.29-22.31.18:310][425]LogModuleManager: Shutting down and abandoning module SuperSearch (121)
[2016.11.29-22.31.18:310][425]LogModuleManager: Shutting down and abandoning module SuperSearchEditor (120)
[2016.11.29-22.31.18:310][425]LogModuleManager: Shutting down and abandoning module SpeedTreeImporter (119)
[2016.11.29-22.31.18:310][425]LogModuleManager: Shutting down and abandoning module PluginBrowser (118)
[2016.11.29-22.31.18:310][425]LogModuleManager: Shutting down and abandoning module MobileLauncherProfileWizard (117)
[2016.11.29-22.31.18:310][425]LogModuleManager: Shutting down and abandoning module EpicSurvey (116)
[2016.11.29-22.31.18:310][425]LogModuleManager: Shutting down and abandoning module DesktopPlatform (115)
[2016.11.29-22.31.18:310][425]LogModuleManager: Shutting down and abandoning module VisualStudioSourceCodeAccess (114)
[2016.11.29-22.31.18:310][425]LogModuleManager: Shutting down and abandoning module UObjectPlugin (113)
[2016.11.29-22.31.18:310][425]LogModuleManager: Shutting down and abandoning module SubversionSourceControl (112)
[2016.11.29-22.31.18:310][425]LogModuleManager: Shutting down and abandoning module PerforceSourceControl (111)
[2016.11.29-22.31.18:310][425]LogModuleManager: Shutting down and abandoning module SourceControl (110)
[2016.11.29-22.31.18:310][425]LogModuleManager: Shutting down and abandoning module GitSourceControl (109)
[2016.11.29-22.31.18:310][425]LogModuleManager: Shutting down and abandoning module LightPropagationVolumeEditor (108)
[2016.11.29-22.31.18:310][425]LogModuleManager: Shutting down and abandoning module PaperTiledImporter (107)
[2016.11.29-22.31.18:310][425]LogModuleManager: Shutting down and abandoning module PaperSpriteSheetImporter (106)
[2016.11.29-22.31.18:310][425]LogModuleManager: Shutting down and abandoning module MeshPaint (105)
[2016.11.29-22.31.18:310][425]LogModuleManager: Shutting down and abandoning module FbxAutomationBuilderModule (104)
[2016.11.29-22.31.18:310][425]LogModuleManager: Shutting down and abandoning module PixelInspectorModule (103)
[2016.11.29-22.31.18:310][425]LogModuleManager: Shutting down and abandoning module HotReload (102)
[2016.11.29-22.31.18:310][425]LogModuleManager: Shutting down and abandoning module MainFrame (101)
[2016.11.29-22.31.18:310][425]LogModuleManager: Shutting down and abandoning module LevelEditor (100)
[2016.11.29-22.31.18:311][425]LogModuleManager: Shutting down and abandoning module ContentBrowser (99)
[2016.11.29-22.31.18:311][425]LogModuleManager: Shutting down and abandoning module Paper2DEditor (98)
[2016.11.29-22.31.18:311][425]LogModuleManager: Shutting down and abandoning module UdpMessaging (97)
[2016.11.29-22.31.18:411][425]LogModuleManager: Shutting down and abandoning module TcpMessaging (96)
[2016.11.29-22.31.18:570][425]LogModuleManager: Shutting down and abandoning module SubstanceCore (95)
[2016.11.29-22.31.18:570][425]LogModuleManager: Shutting down and abandoning module LightPropagationVolumeRuntime (94)
[2016.11.29-22.31.18:570][425]LogModuleManager: Shutting down and abandoning module Paper2D (93)
[2016.11.29-22.31.18:570][425]LogModuleManager: Shutting down and abandoning module WindowsMoviePlayer (92)
[2016.11.29-22.31.18:571][425]LogModuleManager: Shutting down and abandoning module WmfMedia (91)
[2016.11.29-22.31.18:571][425]LogModuleManager: Shutting down and abandoning module MediaAssets (90)
[2016.11.29-22.31.18:571][425]LogModuleManager: Shutting down and abandoning module GameLiveStreaming (89)
[2016.11.29-22.31.18:571][425]LogModuleManager: Shutting down and abandoning module GameplayTagsEditor (88)
[2016.11.29-22.31.18:571][425]LogModuleManager: Shutting down and abandoning module VREditor (87)
[2016.11.29-22.31.18:571][425]LogModuleManager: Shutting down and abandoning module GameplayTasksEditor (86)
[2016.11.29-22.31.18:571][425]LogModuleManager: Shutting down and abandoning module PropertyEditor (85)
[2016.11.29-22.31.18:571][425]LogModuleManager: Shutting down and abandoning module BehaviorTreeEditor (84)
[2016.11.29-22.31.18:571][425]LogModuleManager: Shutting down and abandoning module FunctionalTesting (83)
[2016.11.29-22.31.18:571][425]LogModuleManager: Shutting down and abandoning module CollisionAnalyzer (82)
[2016.11.29-22.31.18:571][425]LogModuleManager: Shutting down and abandoning module Sequencer (81)
[2016.11.29-22.31.18:571][425]LogModuleManager: Shutting down and abandoning module WorkspaceMenuStructure (80)
[2016.11.29-22.31.18:571][425]LogModuleManager: Shutting down and abandoning module MessageLog (79)
[2016.11.29-22.31.18:571][425]LogModuleManager: Shutting down and abandoning module AssetTools (78)
[2016.11.29-22.31.18:571][425]LogModuleManager: Shutting down and abandoning module UMGEditor (77)
[2016.11.29-22.31.18:571][425]LogModuleManager: Shutting down and abandoning module UMG (76)
[2016.11.29-22.31.18:571][425]LogModuleManager: Shutting down and abandoning module SlateReflector (75)
[2016.11.29-22.31.18:571][425]LogModuleManager: Shutting down and abandoning module Slate (74)
[2016.11.29-22.31.18:571][425]LogModuleManager: Shutting down and abandoning module EditorStyle (73)
[2016.11.29-22.31.18:572][425]LogModuleManager: Shutting down and abandoning module SourceCodeAccess (72)
[2016.11.29-22.31.18:572][425]LogModuleManager: Shutting down and abandoning module HeadMountedDisplay (71)
[2016.11.29-22.31.18:572][425]LogModuleManager: Shutting down and abandoning module XAudio2 (70)
[2016.11.29-22.31.18:572][425]LogModuleManager: Shutting down and abandoning module Networking (68)
[2016.11.29-22.31.18:572][425]LogModuleManager: Shutting down and abandoning module Core (67)
[2016.11.29-22.31.18:572][425]LogModuleManager: Shutting down and abandoning module DirectoryWatcher (66)
[2016.11.29-22.31.18:572][425]LogDirectoryWatcher: A directory notification for '../../../Engine/Content/' was aborted.
[2016.11.29-22.31.18:572][425]LogDirectoryWatcher: A directory notification for '../../../../../../Admin/Documents/GitHub Repositories/EclypseUE4/ProjectEclypse/Content/' was aborted.
[2016.11.29-22.31.18:573][425]LogDirectoryWatcher: A directory notification for '../../../Engine/Plugins/2D/Paper2D/Content/' was aborted.
[2016.11.29-22.31.18:573][425]LogModuleManager: Shutting down and abandoning module AssetRegistry (65)
[2016.11.29-22.31.18:685][425]LogModuleManager: Shutting down and abandoning module KismetCompiler (64)
[2016.11.29-22.31.18:685][425]LogModuleManager: Shutting down and abandoning module PhysXFormats (63)
[2016.11.29-22.31.18:685][425]LogModuleManager: Shutting down and abandoning module MeshUtilities (62)
[2016.11.29-22.31.18:685][425]LogModuleManager: Shutting down and abandoning module DerivedDataCache (61)
[2016.11.29-22.31.18:753][425]LogDerivedDataCache: Shutdown
[2016.11.29-22.31.18:753][425]LogModuleManager: Shutting down and abandoning module VulkanShaderFormat (60)
[2016.11.29-22.31.18:753][425]LogModuleManager: Shutting down and abandoning module ShaderFormatOpenGL (59)
[2016.11.29-22.31.18:753][425]LogModuleManager: Shutting down and abandoning module ShaderFormatD3D (58)
[2016.11.29-22.31.18:753][425]LogModuleManager: Shutting down and abandoning module MetalShaderFormat (57)
[2016.11.29-22.31.18:753][425]LogModuleManager: Shutting down and abandoning module TextureFormatUncompressed (56)
[2016.11.29-22.31.18:753][425]LogModuleManager: Shutting down and abandoning module TextureFormatPVR (55)
[2016.11.29-22.31.18:753][425]LogModuleManager: Shutting down and abandoning module TextureFormatDXT (54)
[2016.11.29-22.31.18:753][425]LogModuleManager: Shutting down and abandoning module TextureFormatIntelISPCTexComp (53)
[2016.11.29-22.31.18:753][425]LogModuleManager: Shutting down and abandoning module ImageWrapper (52)
[2016.11.29-22.31.18:753][425]LogModuleManager: Shutting down and abandoning module TextureFormatASTC (51)
[2016.11.29-22.31.18:753][425]LogModuleManager: Shutting down and abandoning module TextureFormatAndroid (50)
[2016.11.29-22.31.18:753][425]LogModuleManager: Shutting down and abandoning module AudioFormatOpus (49)
[2016.11.29-22.31.18:753][425]LogModuleManager: Shutting down and abandoning module AudioFormatOgg (48)
[2016.11.29-22.31.18:753][425]LogModuleManager: Shutting down and abandoning module AudioFormatADPCM (47)
[2016.11.29-22.31.18:753][425]LogModuleManager: Shutting down and abandoning module LinuxTargetPlatform (46)
[2016.11.29-22.31.18:753][425]LogModuleManager: Shutting down and abandoning module LinuxServerTargetPlatform (45)
[2016.11.29-22.31.18:753][425]LogModuleManager: Shutting down and abandoning module LinuxNoEditorTargetPlatform (44)
[2016.11.29-22.31.18:753][425]LogModuleManager: Shutting down and abandoning module LinuxClientTargetPlatform (43)
[2016.11.29-22.31.18:753][425]LogModuleManager: Shutting down and abandoning module TVOSTargetPlatform (42)
[2016.11.29-22.31.18:753][425]LogModuleManager: Shutting down and abandoning module Messaging (41)
[2016.11.29-22.31.18:753][425]LogModuleManager: Shutting down and abandoning module IOSTargetPlatform (40)
[2016.11.29-22.31.18:753][425]LogModuleManager: Shutting down and abandoning module HTML5TargetPlatform (39)
[2016.11.29-22.31.18:753][425]LogModuleManager: Shutting down and abandoning module Android_PVRTCTargetPlatform (38)
[2016.11.29-22.31.18:753][425]LogModuleManager: Shutting down and abandoning module Android_MultiTargetPlatform (37)
[2016.11.29-22.31.18:753][425]LogModuleManager: Shutting down and abandoning module Android_ETC2TargetPlatform (36)
[2016.11.29-22.31.18:753][425]LogModuleManager: Shutting down and abandoning module Android_ETC1TargetPlatform (35)
[2016.11.29-22.31.18:753][425]LogModuleManager: Shutting down and abandoning module Android_DXTTargetPlatform (34)
[2016.11.29-22.31.18:753][425]LogModuleManager: Shutting down and abandoning module Android_ATCTargetPlatform (33)
[2016.11.29-22.31.18:753][425]LogModuleManager: Shutting down and abandoning module Android_ASTCTargetPlatform (32)
[2016.11.29-22.31.18:753][425]LogModuleManager: Shutting down and abandoning module AndroidTargetPlatform (31)
[2016.11.29-22.31.18:753][425]LogModuleManager: Shutting down and abandoning module WindowsTargetPlatform (30)
[2016.11.29-22.31.18:753][425]LogModuleManager: Shutting down and abandoning module WindowsServerTargetPlatform (29)
[2016.11.29-22.31.18:753][425]LogModuleManager: Shutting down and abandoning module WindowsNoEditorTargetPlatform (28)
[2016.11.29-22.31.18:753][425]LogModuleManager: Shutting down and abandoning module WindowsClientTargetPlatform (27)
[2016.11.29-22.31.18:753][425]LogModuleManager: Shutting down and abandoning module AllDesktopTargetPlatform (26)
[2016.11.29-22.31.18:753][425]LogModuleManager: Shutting down and abandoning module TargetPlatform (25)
[2016.11.29-22.31.18:753][425]LogModuleManager: Shutting down and abandoning module InputCore (24)
[2016.11.29-22.31.18:753][425]LogModuleManager: Shutting down and abandoning module Settings (23)
[2016.11.29-22.31.18:753][425]LogModuleManager: Shutting down and abandoning module OculusRift (22)
[2016.11.29-22.31.18:754][425]LogHMD: Oculus shutdown.
[2016.11.29-22.31.18:754][425]LogModuleManager: Shutting down and abandoning module GearVR (21)
[2016.11.29-22.31.18:754][425]LogModuleManager: Shutting down and abandoning module ExampleDeviceProfileSelector (20)
[2016.11.29-22.31.18:754][425]LogModuleManager: Shutting down and abandoning module OnlineBlueprintSupport (19)
[2016.11.29-22.31.18:754][425]LogModuleManager: Shutting down and abandoning module OnlineSubsystem (17)
[2016.11.29-22.31.18:754][425]LogOnline:Display: Unloading online subsystem: NULL
[2016.11.29-22.31.18:754][425]LogModuleManager: Shutting down and abandoning module HTTP (16)
[2016.11.29-22.31.18:754][425]LogHttp:Display: Http module shutting down, but needs to wait on 1 outstanding Http requests:
[2016.11.29-22.31.18:754][425]LogHttp:Display: 	verb=[POST] url=[https://datarouter.ol.epicgames.com/datarouter/api/v1/public/data?SessionID=%7B60093413-4751-1058-33FC-A2A982F06329%7D&AppID=UEEditor.Rocket.Release&AppVersion=4.13.1-3142249%2B%2B%2BUE4%2BRelease-4.13&UserID=7be9bcc841aef0cc7d8bf18c2213b0ba%7C54a8b21b775447c98759891ef23b3c0e%7C44f0c9ea-1eaa-4502-b083-e847946dc175&AppEnvironment=datacollector-binary&UploadType=eteventstream] status=Processing
[2016.11.29-22.31.18:764][425]LogModuleManager: Shutting down and abandoning module XMPP (15)
[2016.11.29-22.31.18:764][425]LogModuleManager: Shutting down and abandoning module TextureCompressor (14)
[2016.11.29-22.31.18:764][425]LogModuleManager: Shutting down and abandoning module ShaderCore (13)
[2016.11.29-22.31.18:764][425]LogModuleManager: Shutting down and abandoning module Landscape (12)
[2016.11.29-22.31.18:764][425]LogModuleManager: Shutting down and abandoning module SlateRHIRenderer (11)
[2016.11.29-22.31.18:765][425]LogModuleManager: Shutting down and abandoning module OpenGLDrv (10)
[2016.11.29-22.31.18:765][425]LogModuleManager: Shutting down and abandoning module D3D11RHI (9)
[2016.11.29-22.31.18:765][425]LogModuleManager: Shutting down and abandoning module AnimGraphRuntime (8)
[2016.11.29-22.31.18:765][425]LogModuleManager: Shutting down and abandoning module Renderer (7)
[2016.11.29-22.31.18:765][425]LogModuleManager: Shutting down and abandoning module Engine (6)
[2016.11.29-22.31.18:765][425]LogModuleManager: Shutting down and abandoning module CoreUObject (5)
[2016.11.29-22.31.18:765][425]LogModuleManager: Shutting down and abandoning module NetworkFile (4)
[2016.11.29-22.31.18:765][425]LogModuleManager: Shutting down and abandoning module StreamingFile (3)
[2016.11.29-22.31.18:765][425]LogModuleManager: Shutting down and abandoning module SandboxFile (2)
[2016.11.29-22.31.18:765][425]LogModuleManager: Shutting down and abandoning module PakFile (1)
[2016.11.29-22.31.18:766][425]LogExit: Exiting.
[2016.11.29-22.31.18:767][425]Log file closed, 11/30/16 09:31:18
