Log file open, 12/07/16 20:25:52
LogInit:Display: Running engine for game: ProjectEclypse
LogPlatformFile: Not using cached read wrapper
LogInit:Display: RandInit(-1666876301) SRandInit(-1666876301).
LogTaskGraph: Started task graph with 5 named threads and 8 total threads with 1 sets of task threads.
LogStats: Stats thread started at 0.063371
LogPluginManager: Loaded Plugin Paper2D, From D:/Program Files (x86)/Epic Games/4.13/Engine/Plugins/2D/Paper2D/Paper2D.uplugin
LogPluginManager: Loaded Plugin LightPropagationVolume, From D:/Program Files (x86)/Epic Games/4.13/Engine/Plugins/Blendables/LightPropagationVolume/LightPropagationVolume.uplugin
LogPluginManager: Loaded Plugin BlankPlugin, From D:/Program Files (x86)/Epic Games/4.13/Engine/Plugins/Developer/BlankPlugin/BlankPlugin.uplugin
LogPluginManager: Loaded Plugin CodeLiteSourceCodeAccess, From D:/Program Files (x86)/Epic Games/4.13/Engine/Plugins/Developer/CodeLiteSourceCodeAccess/CodeLiteSourceCodeAccess.uplugin
LogPluginManager: Loaded Plugin GitSourceControl, From D:/Program Files (x86)/Epic Games/4.13/Engine/Plugins/Developer/GitSourceControl/GitSourceControl.uplugin
LogPluginManager: Loaded Plugin KDevelopSourceCodeAccess, From D:/Program Files (x86)/Epic Games/4.13/Engine/Plugins/Developer/KDevelopSourceCodeAccess/KDevelopSourceCodeAccess.uplugin
LogPluginManager: Loaded Plugin NullSourceCodeAccess, From D:/Program Files (x86)/Epic Games/4.13/Engine/Plugins/Developer/NullSourceCodeAccess/NullSourceCodeAccess.uplugin
LogPluginManager: Loaded Plugin OneSkyLocalizationService, From D:/Program Files (x86)/Epic Games/4.13/Engine/Plugins/Developer/OneSkyLocalizationService/OneSkyLocalizationService.uplugin
LogPluginManager: Loaded Plugin PerforceSourceControl, From D:/Program Files (x86)/Epic Games/4.13/Engine/Plugins/Developer/PerforceSourceControl/PerforceSourceControl.uplugin
LogPluginManager: Loaded Plugin SubversionSourceControl, From D:/Program Files (x86)/Epic Games/4.13/Engine/Plugins/Developer/SubversionSourceControl/SubversionSourceControl.uplugin
LogPluginManager: Loaded Plugin UObjectPlugin, From D:/Program Files (x86)/Epic Games/4.13/Engine/Plugins/Developer/UObjectPlugin/UObjectPlugin.uplugin
LogPluginManager: Loaded Plugin VisualStudioSourceCodeAccess, From D:/Program Files (x86)/Epic Games/4.13/Engine/Plugins/Developer/VisualStudioSourceCodeAccess/VisualStudioSourceCodeAccess.uplugin
LogPluginManager: Loaded Plugin XCodeSourceCodeAccess, From D:/Program Files (x86)/Epic Games/4.13/Engine/Plugins/Developer/XCodeSourceCodeAccess/XCodeSourceCodeAccess.uplugin
LogPluginManager: Loaded Plugin EpicSurvey, From D:/Program Files (x86)/Epic Games/4.13/Engine/Plugins/Editor/EpicSurvey/EpicSurvey.uplugin
LogPluginManager: Loaded Plugin MacGraphicsSwitching, From D:/Program Files (x86)/Epic Games/4.13/Engine/Plugins/Editor/MacGraphicsSwitching/MacGraphicsSwitching.uplugin
LogPluginManager: Loaded Plugin MobileLauncherProfileWizard, From D:/Program Files (x86)/Epic Games/4.13/Engine/Plugins/Editor/MobileLauncherProfileWizard/MobileLauncherProfileWizard.uplugin
LogPluginManager: Loaded Plugin PluginBrowser, From D:/Program Files (x86)/Epic Games/4.13/Engine/Plugins/Editor/PluginBrowser/PluginBrowser.uplugin
LogPluginManager: Loaded Plugin SpeedTreeImporter, From D:/Program Files (x86)/Epic Games/4.13/Engine/Plugins/Editor/SpeedTreeImporter/SpeedTreeImporter.uplugin
LogPluginManager: Loaded Plugin SuperSearchEditor, From D:/Program Files (x86)/Epic Games/4.13/Engine/Plugins/Editor/SuperSearchEditor/SuperSearchEditor.uplugin
LogPluginManager: Loaded Plugin AlembicImporter, From D:/Program Files (x86)/Epic Games/4.13/Engine/Plugins/Experimental/AlembicImporter/AlembicImporter.uplugin
LogPluginManager: Loaded Plugin BlueprintStats, From D:/Program Files (x86)/Epic Games/4.13/Engine/Plugins/Experimental/BlueprintStats/BlueprintStats.uplugin
LogPluginManager: Loaded Plugin CharacterAI, From D:/Program Files (x86)/Epic Games/4.13/Engine/Plugins/Experimental/CharacterAI/CharacterAI.uplugin
LogPluginManager: Loaded Plugin CodeEditor, From D:/Program Files (x86)/Epic Games/4.13/Engine/Plugins/Experimental/CodeEditor/CodeEditor.uplugin
LogPluginManager: Loaded Plugin CodeView, From D:/Program Files (x86)/Epic Games/4.13/Engine/Plugins/Experimental/CodeView/CodeView.uplugin
LogPluginManager: Loaded Plugin HTML5Networking, From D:/Program Files (x86)/Epic Games/4.13/Engine/Plugins/Experimental/HTML5Networking/HTML5Networking.uplugin
LogPluginManager: Loaded Plugin LiveEditor, From D:/Program Files (x86)/Epic Games/4.13/Engine/Plugins/Experimental/LiveEditor/LiveEditor.uplugin
LogPluginManager: Loaded Plugin OSVR, From D:/Program Files (x86)/Epic Games/4.13/Engine/Plugins/Experimental/OSVR/OSVR.uplugin
LogPluginManager: Loaded Plugin Phya, From D:/Program Files (x86)/Epic Games/4.13/Engine/Plugins/Experimental/Phya/Phya.uplugin
LogPluginManager: Loaded Plugin SignificanceManager, From D:/Program Files (x86)/Epic Games/4.13/Engine/Plugins/Experimental/SignificanceManager/SignificanceManager.uplugin
LogPluginManager: Loaded Plugin SimpleHMD, From D:/Program Files (x86)/Epic Games/4.13/Engine/Plugins/Experimental/SimpleHMD/SimpleHMD.uplugin
LogPluginManager: Loaded Plugin StereoPanorama, From D:/Program Files (x86)/Epic Games/4.13/Engine/Plugins/Experimental/StereoPanorama/StereoPanorama.uplugin
LogPluginManager: Loaded Plugin StructBox, From D:/Program Files (x86)/Epic Games/4.13/Engine/Plugins/Experimental/StructBox/StructBox.uplugin
LogPluginManager: Loaded Plugin Substance, From D:/Program Files (x86)/Epic Games/4.13/Engine/Plugins/Marketplace/Substance/Substance.uplugin
LogPluginManager: Loaded Plugin AndroidMedia, From D:/Program Files (x86)/Epic Games/4.13/Engine/Plugins/Media/AndroidMedia/AndroidMedia.uplugin
LogPluginManager: Loaded Plugin AvfMedia, From D:/Program Files (x86)/Epic Games/4.13/Engine/Plugins/Media/AvfMedia/AvfMedia.uplugin
LogPluginManager: Loaded Plugin MediaPlayerEditor, From D:/Program Files (x86)/Epic Games/4.13/Engine/Plugins/Media/MediaPlayerEditor/MediaPlayerEditor.uplugin
LogPluginManager: Loaded Plugin WmfMedia, From D:/Program Files (x86)/Epic Games/4.13/Engine/Plugins/Media/WmfMedia/WmfMedia.uplugin
LogPluginManager: Loaded Plugin MessagingDebugger, From D:/Program Files (x86)/Epic Games/4.13/Engine/Plugins/Messaging/MessagingDebugger/MessagingDebugger.uplugin
LogPluginManager: Loaded Plugin TcpMessaging, From D:/Program Files (x86)/Epic Games/4.13/Engine/Plugins/Messaging/TcpMessaging/TcpMessaging.uplugin
LogPluginManager: Loaded Plugin UdpMessaging, From D:/Program Files (x86)/Epic Games/4.13/Engine/Plugins/Messaging/UdpMessaging/UdpMessaging.uplugin
LogPluginManager: Loaded Plugin LevelSequenceEditor, From D:/Program Files (x86)/Epic Games/4.13/Engine/Plugins/MovieScene/LevelSequenceEditor/LevelSequenceEditor.uplugin
LogPluginManager: Loaded Plugin MatineeToLevelSequence, From D:/Program Files (x86)/Epic Games/4.13/Engine/Plugins/MovieScene/MatineeToLevelSequence/MatineeToLevelSequence.uplugin
LogPluginManager: Loaded Plugin NetcodeUnitTest, From D:/Program Files (x86)/Epic Games/4.13/Engine/Plugins/NetcodeUnitTest/NetcodeUnitTest/NetcodeUnitTest.uplugin
LogPluginManager: Loaded Plugin NUTUnrealEngine4, From D:/Program Files (x86)/Epic Games/4.13/Engine/Plugins/NetcodeUnitTest/NUTUnrealEngine4/NUTUnrealEngine4.uplugin
LogPluginManager: Loaded Plugin OnlineSubsystemGooglePlay, From D:/Program Files (x86)/Epic Games/4.13/Engine/Plugins/Online/Android/OnlineSubsystemGooglePlay/OnlineSubsystemGooglePlay.uplugin
LogPluginManager: Loaded Plugin OnlineSubsystemIOS, From D:/Program Files (x86)/Epic Games/4.13/Engine/Plugins/Online/IOS/OnlineSubsystemIOS/OnlineSubsystemIOS.uplugin
LogPluginManager: Loaded Plugin OnlineFramework, From D:/Program Files (x86)/Epic Games/4.13/Engine/Plugins/Online/OnlineFramework/OnlineFramework.uplugin
LogPluginManager: Loaded Plugin OnlineSubsystem, From D:/Program Files (x86)/Epic Games/4.13/Engine/Plugins/Online/OnlineSubsystem/OnlineSubsystem.uplugin
LogPluginManager: Loaded Plugin OnlineSubsystemAmazon, From D:/Program Files (x86)/Epic Games/4.13/Engine/Plugins/Online/OnlineSubsystemAmazon/OnlineSubsystemAmazon.uplugin
LogPluginManager: Loaded Plugin OnlineSubsystemFacebook, From D:/Program Files (x86)/Epic Games/4.13/Engine/Plugins/Online/OnlineSubsystemFacebook/OnlineSubsystemFacebook.uplugin
LogPluginManager: Loaded Plugin OnlineSubsystemNull, From D:/Program Files (x86)/Epic Games/4.13/Engine/Plugins/Online/OnlineSubsystemNull/OnlineSubsystemNull.uplugin
LogPluginManager: Loaded Plugin OnlineSubsystemOculus, From D:/Program Files (x86)/Epic Games/4.13/Engine/Plugins/Online/OnlineSubsystemOculus/OnlineSubsystemOculus.uplugin
LogPluginManager: Loaded Plugin OnlineSubsystemSteam, From D:/Program Files (x86)/Epic Games/4.13/Engine/Plugins/Online/OnlineSubsystemSteam/OnlineSubsystemSteam.uplugin
LogPluginManager: Loaded Plugin OnlineSubsystemUtils, From D:/Program Files (x86)/Epic Games/4.13/Engine/Plugins/Online/OnlineSubsystemUtils/OnlineSubsystemUtils.uplugin
LogPluginManager: Loaded Plugin IOSTapJoy, From D:/Program Files (x86)/Epic Games/4.13/Engine/Plugins/Runtime/Advertising/IOSTapJoy/IOSTapJoy.uplugin
LogPluginManager: Loaded Plugin AnalyticsBlueprintLibrary, From D:/Program Files (x86)/Epic Games/4.13/Engine/Plugins/Runtime/Analytics/AnalyticsBlueprintLibrary/AnalyticsBlueprintLibrary.uplugin
LogPluginManager: Loaded Plugin AnalyticsMulticast, From D:/Program Files (x86)/Epic Games/4.13/Engine/Plugins/Runtime/Analytics/AnalyticsMulticast/AnalyticsMulticast.uplugin
LogPluginManager: Loaded Plugin Apsalar, From D:/Program Files (x86)/Epic Games/4.13/Engine/Plugins/Runtime/Analytics/Apsalar/Apsalar.uplugin
LogPluginManager: Loaded Plugin FileLogging, From D:/Program Files (x86)/Epic Games/4.13/Engine/Plugins/Runtime/Analytics/FileLogging/FileLogging.uplugin
LogPluginManager: Loaded Plugin Flurry, From D:/Program Files (x86)/Epic Games/4.13/Engine/Plugins/Runtime/Analytics/Flurry/Flurry.uplugin
LogPluginManager: Loaded Plugin AndroidDeviceProfileSelector, From D:/Program Files (x86)/Epic Games/4.13/Engine/Plugins/Runtime/AndroidDeviceProfileSelector/AndroidDeviceProfileSelector.uplugin
LogPluginManager: Loaded Plugin AndroidMoviePlayer, From D:/Program Files (x86)/Epic Games/4.13/Engine/Plugins/Runtime/AndroidMoviePlayer/AndroidMoviePlayer.uplugin
LogPluginManager: Loaded Plugin AppleMoviePlayer, From D:/Program Files (x86)/Epic Games/4.13/Engine/Plugins/Runtime/AppleMoviePlayer/AppleMoviePlayer.uplugin
LogPluginManager: Loaded Plugin ArchVisCharacter, From D:/Program Files (x86)/Epic Games/4.13/Engine/Plugins/Runtime/ArchVisCharacter/ArchVisCharacter.uplugin
LogPluginManager: Loaded Plugin CableComponent, From D:/Program Files (x86)/Epic Games/4.13/Engine/Plugins/Runtime/CableComponent/CableComponent.uplugin
LogPluginManager: Loaded Plugin CustomMeshComponent, From D:/Program Files (x86)/Epic Games/4.13/Engine/Plugins/Runtime/CustomMeshComponent/CustomMeshComponent.uplugin
LogPluginManager: Loaded Plugin ExampleDeviceProfileSelector, From D:/Program Files (x86)/Epic Games/4.13/Engine/Plugins/Runtime/ExampleDeviceProfileSelector/ExampleDeviceProfileSelector.uplugin
LogPluginManager: Loaded Plugin GearVR, From D:/Program Files (x86)/Epic Games/4.13/Engine/Plugins/Runtime/GearVR/GearVR.uplugin
LogPluginManager: Loaded Plugin GoogleVRController, From D:/Program Files (x86)/Epic Games/4.13/Engine/Plugins/Runtime/GoogleVR/GoogleVRController/GoogleVRController.uplugin
LogPluginManager: Loaded Plugin GoogleVRHMD, From D:/Program Files (x86)/Epic Games/4.13/Engine/Plugins/Runtime/GoogleVR/GoogleVRHMD/GoogleVRHMD.uplugin
LogPluginManager: Loaded Plugin IOSDeviceProfileSelector, From D:/Program Files (x86)/Epic Games/4.13/Engine/Plugins/Runtime/IOSDeviceProfileSelector/IOSDeviceProfileSelector.uplugin
LogPluginManager: Loaded Plugin LeapMotion, From D:/Program Files (x86)/Epic Games/4.13/Engine/Plugins/Runtime/LeapMotion/LeapMotion.uplugin
LogPluginManager: Loaded Plugin LinuxDeviceProfileSelector, From D:/Program Files (x86)/Epic Games/4.13/Engine/Plugins/Runtime/LinuxDeviceProfileSelector/LinuxDeviceProfileSelector.uplugin
LogPluginManager: Loaded Plugin LiveEditorListenServer, From D:/Program Files (x86)/Epic Games/4.13/Engine/Plugins/Runtime/LiveEditorListenServer/LiveEditorListenServer.uplugin
LogPluginManager: Loaded Plugin OculusAudio, From D:/Program Files (x86)/Epic Games/4.13/Engine/Plugins/Runtime/OculusAudio/OculusAudio.uplugin
LogPluginManager: Loaded Plugin OculusInput, From D:/Program Files (x86)/Epic Games/4.13/Engine/Plugins/Runtime/OculusInput/OculusInput.uplugin
LogPluginManager: Loaded Plugin OculusLibrary, From D:/Program Files (x86)/Epic Games/4.13/Engine/Plugins/Runtime/OculusLibrary/OculusLibrary.uplugin
LogPluginManager: Loaded Plugin OculusRift, From D:/Program Files (x86)/Epic Games/4.13/Engine/Plugins/Runtime/OculusRift/OculusRift.uplugin
LogPluginManager: Loaded Plugin Oodle, From D:/Program Files (x86)/Epic Games/4.13/Engine/Plugins/Runtime/PacketHandlers/CompressionComponents/Oodle/Oodle.uplugin
LogPluginManager: Loaded Plugin ProceduralMeshComponent, From D:/Program Files (x86)/Epic Games/4.13/Engine/Plugins/Runtime/ProceduralMeshComponent/ProceduralMeshComponent.uplugin
LogPluginManager: Loaded Plugin SoundMod, From D:/Program Files (x86)/Epic Games/4.13/Engine/Plugins/Runtime/SoundMod/SoundMod.uplugin
LogPluginManager: Loaded Plugin SoundVisualizations, From D:/Program Files (x86)/Epic Games/4.13/Engine/Plugins/Runtime/SoundVisualizations/SoundVisualizations.uplugin
LogPluginManager: Loaded Plugin SteamController, From D:/Program Files (x86)/Epic Games/4.13/Engine/Plugins/Runtime/Steam/SteamController/SteamController.uplugin
LogPluginManager: Loaded Plugin SteamVR, From D:/Program Files (x86)/Epic Games/4.13/Engine/Plugins/Runtime/Steam/SteamVR/SteamVR.uplugin
LogPluginManager: Loaded Plugin WebBrowserWidget, From D:/Program Files (x86)/Epic Games/4.13/Engine/Plugins/Runtime/WebBrowserWidget/WebBrowserWidget.uplugin
LogPluginManager: Loaded Plugin WindowsDeviceProfileSelector, From D:/Program Files (x86)/Epic Games/4.13/Engine/Plugins/Runtime/WindowsDeviceProfileSelector/WindowsDeviceProfileSelector.uplugin
LogPluginManager: Loaded Plugin WindowsMoviePlayer, From D:/Program Files (x86)/Epic Games/4.13/Engine/Plugins/Runtime/WindowsMoviePlayer/WindowsMoviePlayer.uplugin
LogPluginManager: Loaded Plugin ScriptPlugin, From D:/Program Files (x86)/Epic Games/4.13/Engine/Plugins/ScriptPlugin/ScriptPlugin.uplugin
LogPluginManager: Loaded Plugin SlateRemote, From D:/Program Files (x86)/Epic Games/4.13/Engine/Plugins/Slate/SlateRemote/SlateRemote.uplugin
LogInit: Using libcurl 7.47.1
LogInit:  - built for x86_64-pc-win32
LogInit:  - supports SSL with WinSSL
LogInit:  - other features:
LogInit:      CURL_VERSION_SSL
LogInit:      CURL_VERSION_IPV6
LogInit:      CURL_VERSION_ASYNCHDNS
LogInit:      CURL_VERSION_LARGEFILE
LogInit:      CURL_VERSION_IDN
LogInit:  CurlRequestOptions (configurable via config and command line):
LogInit:  - bVerifyPeer = false  - Libcurl will NOT verify peer certificate
LogInit:  - bUseHttpProxy = false  - Libcurl will NOT use HTTP proxy
LogInit:  - bDontReuseConnections = false  - Libcurl will reuse connections
LogInit:  - CertBundlePath = nullptr  - Libcurl will use whatever was configured at build time.
OCULUS: Info: [CAPI] LibOVR module is located at C:\Program Files\Oculus\Support\oculus-runtime\LibOVRRT64_1.dll
OCULUS: Debug: Connected to the server running version (prod = 1).1.10.1(build = 315393) feature version = 0. Client runs version (prod = 1).1.10.1(build = 315393) feature version = 0
OCULUS: Debug: [HMDState] Using default profile default
OCULUS: Info: IAD changed to 64.6mm
OCULUS: Debug: [SharedMemory] Creating factory
LogInit: Build: ++UE4+Release-4.13-CL-3142249
LogInit: Engine Version: 4.13.1-3142249+++UE4+Release-4.13
LogInit: Compatible Engine Version: 4.13.0-3106830+++UE4+Release-4.13
LogInit: Net CL: 3142249
LogDevObjectVersion: Number of dev versions registered: 13
LogDevObjectVersion:   Dev-Blueprints (B0D832E4-1F89-4F0D-ACCF-7EB736FD4AA2): 5
LogDevObjectVersion:   Dev-Build (E1C64328-A22C-4D53-A36C-8E866417BD8C): 0
LogDevObjectVersion:   Dev-Core (375EC13C-06E4-48FB-B500-84F0262A717E): 1
LogDevObjectVersion:   Dev-Editor (E4B068ED-F494-42E9-A231-DA0B2E46BB41): 6
LogDevObjectVersion:   Dev-Framework (CFFC743F-43B0-4480-9391-14DF171D2073): 12
LogDevObjectVersion:   Dev-Mobile (B02B49B5-BB20-44E9-A304-32B752E40360): 0
LogDevObjectVersion:   Dev-Networking (A4E4105C-59A1-49B5-A7C5-40C4547EDFEE): 0
LogDevObjectVersion:   Dev-Online (39C831C9-5AE6-47DC-9A44-9C173E1C8E7C): 0
LogDevObjectVersion:   Dev-Physics (78F01B33-EBEA-4F98-B9B4-84EACCB95AA2): 0
LogDevObjectVersion:   Dev-Platform (6631380F-2D4D-43E0-8009-CF276956A95A): 0
LogDevObjectVersion:   Dev-Rendering (12F88B9F-8875-4AFC-A67C-D90C383ABD29): 4
LogDevObjectVersion:   Dev-Sequencer (7B5AE74C-D270-4C10-A958-57980B212A5A): 0
LogDevObjectVersion:   Dev-VR (D7296918-1DD6-4BDD-9DE2-64A83CC13884): 0
LogInit: Compiled (64-bit): Sep 28 2016 02:12:12
LogInit: Compiled with Visual C++: 19.00.23026.00
LogInit: Build Configuration: Development
LogInit: Branch Name: ++UE4+Release-4.13
LogInit: Command line: -EpicPortal 
LogInit: Base directory: D:/Program Files (x86)/Epic Games/4.13/Engine/Binaries/Win64/
LogInit: Installed Engine Build: 1
LogInit: Presizing for max 8388607 objects, including 0 objects not considered by GC, pre-allocating 0 bytes for permanent pool.
LogInit: Object subsystem initialized
[2016.12.07-09.25.53:153][  0]LogInit: Selected Device Profile: [Windows]
[2016.12.07-09.25.53:153][  0]LogInit: Applying CVar settings loaded from the selected device profile: [Windows]
[2016.12.07-09.25.53:162][  0]LogInit: Computer: DESKTOP-M92PTO3
[2016.12.07-09.25.53:162][  0]LogInit: User: StefanoAdmin
[2016.12.07-09.25.53:162][  0]LogInit: CPU Page size=65536, Cores=4
[2016.12.07-09.25.53:162][  0]LogInit: High frequency timer resolution =3.328125 MHz
[2016.12.07-09.25.53:162][  0]LogMemory: Memory total: Physical=15.9GB (16GB approx)
[2016.12.07-09.25.53:162][  0]LogMemory: Platform Memory Stats for Windows
[2016.12.07-09.25.53:162][  0]LogMemory: Process Physical Memory: 266.23 MB used, 266.23 MB peak
[2016.12.07-09.25.53:162][  0]LogMemory: Process Virtual Memory: 266.96 MB used, 266.96 MB peak
[2016.12.07-09.25.53:162][  0]LogMemory: Physical Memory: 7578.26 MB used, 16313.61 MB total
[2016.12.07-09.25.53:162][  0]LogMemory: Virtual Memory: 674.76 MB used, 134217728.00 MB total
[2016.12.07-09.25.53:411][  0]LogTextLocalizationManager: No specific translations for ('en-AU') exist, so ('en') translations will be used.
[2016.12.07-09.25.53:856][  0]LogD3D11RHI: D3D11 adapters:
[2016.12.07-09.25.54:307][  0]LogD3D11RHI:    0. 'NVIDIA GeForce GTX 980' (Feature Level 11_0)
[2016.12.07-09.25.54:307][  0]LogD3D11RHI:       4060/0/8156 MB DedicatedVideo/DedicatedSystem/SharedSystem, Outputs:1, VendorId:0x10de
[2016.12.07-09.25.54:308][  0]LogD3D11RHI:    1. 'Microsoft Basic Render Driver' (Feature Level 11_0)
[2016.12.07-09.25.54:308][  0]LogD3D11RHI:       0/0/8156 MB DedicatedVideo/DedicatedSystem/SharedSystem, Outputs:0, VendorId:0x1414
[2016.12.07-09.25.54:308][  0]LogD3D11RHI: Chosen D3D11 Adapter: 0
[2016.12.07-09.25.54:312][  0]LogD3D11RHI: Creating new Direct3DDevice
[2016.12.07-09.25.54:312][  0]LogD3D11RHI:     GPU DeviceId: 0x13c0 (for the marketing name, search the web for "GPU Device Id")
[2016.12.07-09.25.54:312][  0]LogWindows: EnumDisplayDevices:
[2016.12.07-09.25.54:312][  0]LogWindows:    0. 'NVIDIA GeForce GTX 980' (P:1 D:1)
[2016.12.07-09.25.54:313][  0]LogWindows:    1. 'NVIDIA GeForce GTX 980' (P:0 D:0)
[2016.12.07-09.25.54:313][  0]LogWindows:    2. 'NVIDIA GeForce GTX 980' (P:0 D:0)
[2016.12.07-09.25.54:313][  0]LogWindows:    3. 'NVIDIA GeForce GTX 980' (P:0 D:0)
[2016.12.07-09.25.54:313][  0]LogWindows: DebugString: FoundDriverCount:4 
[2016.12.07-09.25.54:313][  0]LogD3D11RHI:     Adapter Name: NVIDIA GeForce GTX 980
[2016.12.07-09.25.54:313][  0]LogD3D11RHI:   Driver Version: 376.09 (internal:21.21.13.7609, unified:376.09)
[2016.12.07-09.25.54:313][  0]LogD3D11RHI:      Driver Date: 11-24-2016
[2016.12.07-09.25.54:313][  0]LogRHI: Texture pool is 1361 MB (70% of 1945 MB)
[2016.12.07-09.25.54:737][  0]LogD3D11RHI: Async texture creation enabled
[2016.12.07-09.25.54:763][  0]LogD3D11RHI: GPU Timing Frequency: 1000.000000 (Debug: 2 1)
[2016.12.07-09.25.54:763][  0]LogShaderCompilers: Guid format shader working directory is -34 characters bigger than the processId version (../../../../../../Admin/Documents/GitHub Repositories/EclypseUE4/ProjectEclypse/Intermediate/Shaders/WorkingDirectory/11252/).
[2016.12.07-09.25.54:763][  0]LogShaderCompilers: Cleaned the shader compiler working directory 'C:/Users/Admin/AppData/Local/Temp/UnrealShaderWorkingDir/8BE3C910477A63BA104C69BEFA55D3E7/'.
[2016.12.07-09.25.54:763][  0]LogShaderCompilers:Display: Using Local Shader Compiler.
[2016.12.07-09.25.55:570][  0]LogTemp:Display: Loaded TP AllDesktopTargetPlatform
[2016.12.07-09.25.55:576][  0]LogTemp:Display: Loaded TP WindowsClientTargetPlatform
[2016.12.07-09.25.55:581][  0]LogTemp:Display: Loaded TP WindowsNoEditorTargetPlatform
[2016.12.07-09.25.55:589][  0]LogTemp:Display: Loaded TP WindowsServerTargetPlatform
[2016.12.07-09.25.55:594][  0]LogTemp:Display: Loaded TP WindowsTargetPlatform
[2016.12.07-09.25.55:599][  0]LogTemp:Display: Loaded TP AndroidTargetPlatform
[2016.12.07-09.25.55:604][  0]LogTemp:Display: Loaded TP Android_ASTCTargetPlatform
[2016.12.07-09.25.55:609][  0]LogTemp:Display: Loaded TP Android_ATCTargetPlatform
[2016.12.07-09.25.55:614][  0]LogTemp:Display: Loaded TP Android_DXTTargetPlatform
[2016.12.07-09.25.55:619][  0]LogTemp:Display: Loaded TP Android_ETC1TargetPlatform
[2016.12.07-09.25.55:624][  0]LogTemp:Display: Loaded TP Android_ETC2TargetPlatform
[2016.12.07-09.25.55:634][  0]LogTemp:Display: Loaded TP Android_MultiTargetPlatform
[2016.12.07-09.25.55:634][  0]LogTemp:Display: Loaded TP Android_PVRTCTargetPlatform
[2016.12.07-09.25.55:634][  0]LogTemp:Display: Loaded TP HTML5TargetPlatform
[2016.12.07-09.25.55:651][  0]LogTemp:Display: Loaded TP IOSTargetPlatform
[2016.12.07-09.25.55:656][  0]LogTemp:Display: Loaded TP TVOSTargetPlatform
[2016.12.07-09.25.55:661][  0]LogTemp:Display: Loaded TP LinuxClientTargetPlatform
[2016.12.07-09.25.55:666][  0]LogTemp:Display: Loaded TP LinuxNoEditorTargetPlatform
[2016.12.07-09.25.55:671][  0]LogTemp:Display: Loaded TP LinuxServerTargetPlatform
[2016.12.07-09.25.55:676][  0]LogTemp:Display: Loaded TP LinuxTargetPlatform
[2016.12.07-09.25.55:676][  0]LogTargetPlatformManager:Display: Building Assets For Windows
[2016.12.07-09.25.55:714][  0]LogDerivedDataCache:Display: Max Cache Size: 512 MB
[2016.12.07-09.25.55:767][  0]LogDerivedDataCache: Loaded boot cache 0.05s 62MB C:/Users/Admin/AppData/Local/UnrealEngine/4.13/DerivedDataCache/Boot.ddc.
[2016.12.07-09.25.55:767][  0]LogDerivedDataCache:Display: Loaded Boot cache: C:/Users/Admin/AppData/Local/UnrealEngine/4.13/DerivedDataCache/Boot.ddc
[2016.12.07-09.25.55:767][  0]LogDerivedDataCache: FDerivedDataBackendGraph:  Pak pak cache file ../../../../../../Admin/Documents/GitHub Repositories/EclypseUE4/ProjectEclypse/DerivedDataCache/DDC.ddp not found, will not use a pak cache.
[2016.12.07-09.25.55:767][  0]LogDerivedDataCache: Unable to find inner node Pak for hierarchical cache Hierarchy.
[2016.12.07-09.25.55:767][  0]LogDerivedDataCache: FDerivedDataBackendGraph:  CompressedPak pak cache file ../../../../../../Admin/Documents/GitHub Repositories/EclypseUE4/ProjectEclypse/DerivedDataCache/Compressed.ddp not found, will not use a pak cache.
[2016.12.07-09.25.55:767][  0]LogDerivedDataCache: Unable to find inner node CompressedPak for hierarchical cache Hierarchy.
[2016.12.07-09.25.55:781][  0]LogDerivedDataCache:Display: Pak cache opened for reading ../../../Engine/DerivedDataCache/Compressed.ddp.
[2016.12.07-09.25.55:792][  0]LogDerivedDataCache: Using Local data cache path C:/Users/Admin/AppData/Local/UnrealEngine/Common/DerivedDataCache: Writable
[2016.12.07-09.25.55:937][  0]LogInit: Selected Device Profile: [Windows]
[2016.12.07-09.25.55:939][  0]LogContentStreaming: Texture pool size is 0.00 MB
[2016.12.07-09.25.56:008][  0]LogMeshUtilities: No automatic mesh reduction module available
[2016.12.07-09.25.56:008][  0]LogMeshUtilities: No automatic mesh merging module available
[2016.12.07-09.25.56:008][  0]LogMeshUtilities: No distributed automatic mesh merging module available
[2016.12.07-09.25.56:054][  0]LogMaterial: Uniform references updated for custom material expression Custom.
[2016.12.07-09.25.56:271][  0]LogNetVersion: GetLocalNetworkVersion: CL: 3106830, ProjectName: projecteclypse, ProjectVersion: , EngineNetworkVersion: 1, GameNetworkVersion: 0, NetworkChecksum: 2418632494
[2016.12.07-09.25.56:304][  0]LogAssetRegistry: FAssetRegistry took 0.0212 seconds to start up
[2016.12.07-09.25.56:324][  0]LogPackageLocalizationCache: Processed 3 localized package path(s) for 2 prioritized culture(s) in 0.019048 seconds
[2016.12.07-09.25.56:329][  0]LogUObjectArray: 29778 objects as part of root set at end of initial load.
[2016.12.07-09.25.56:329][  0]LogUObjectAllocator: 6125456 out of 0 bytes used by permanent object pool.
[2016.12.07-09.25.56:329][  0]LogUObjectArray: CloseDisregardForGC: 0/0 objects in disregard for GC pool
[2016.12.07-09.25.56:331][  0]LogInit: WinSock: version 1.1 (2.2), MaxSocks=32767, MaxUdp=65467
[2016.12.07-09.25.56:464][  0]LogSlate: SlateFontCache - WITH_FREETYPE: 1, WITH_HARFBUZZ: 1
[2016.12.07-09.25.56:464][  0]LogSlate: SlateFontCache - WITH_FREETYPE: 1, WITH_HARFBUZZ: 1
[2016.12.07-09.25.56:930][  0]LogSubstanceCoreModule: Substance CPU Engine Loaded, Max Texture Size 2048
[2016.12.07-09.25.56:934][  0]LogTcpMessaging: Initializing TcpMessaging bridge
[2016.12.07-09.25.56:950][  0]LogUdpMessaging: Initializing bridge on interface 0.0.0.0:0 to multicast group 230.0.0.1:6666.
[2016.12.07-09.25.57:112][  0]SourceControl: Info Source control is disabled
[2016.12.07-09.25.57:143][  0]SourceControl: Info Source control is disabled
[2016.12.07-09.25.57:147][  0]SourceControl: Info Source control is disabled
[2016.12.07-09.25.57:150][  0]SourceControl: Info Source control is disabled
[2016.12.07-09.25.57:306][  0]LogEngine: Initializing Engine...
[2016.12.07-09.25.57:306][  0]LogHMD: Oculus plugin initialized. Version: 4.13.1-3142249+++UE4+Release-4.13, LibOVR: 1.10.1, SDK: 1.6.0, built Sep 28 2016, 02:14:12
[2016.12.07-09.25.57:403][  0]OCULUS: Debug: [HMDState] Using default profile default
[2016.12.07-09.25.57:403][  0]OCULUS: Info: IAD changed to 64.6mm
[2016.12.07-09.25.57:408][  0]LogAIModule: Creating AISystem for world Untitled
[2016.12.07-09.25.57:420][  0]LogInit: XAudio2 using 'Speakers (Realtek High Definition Audio)' : 8 channels at 48 kHz using 32 bits per sample (channel mask 0x63f)
[2016.12.07-09.25.57:450][  0]LogInit: FAudioDevice initialized.
[2016.12.07-09.25.57:474][  0]LogDerivedDataCache: Saved boot cache 0.02s 62MB C:/Users/Admin/AppData/Local/UnrealEngine/4.13/DerivedDataCache/Boot.ddc.
[2016.12.07-09.25.57:480][  0]LogInit: Texture streaming: Enabled
[2016.12.07-09.25.57:494][  0]LogInit: Transaction tracking system initialized
[2016.12.07-09.25.57:503][  0]BlueprintLog: New page: Editor Load
[2016.12.07-09.25.57:537][  0]LocalizationService: Info Localization service is disabled
[2016.12.07-09.25.57:580][  0]LogConsoleResponse:Display: 
[2016.12.07-09.25.57:660][  0]LogCook:Display: Max memory allowance for cook 16384mb min free memory 0mb
[2016.12.07-09.25.57:660][  0]LogCook:Display: Mobile HDR setting 1
[2016.12.07-09.25.57:734][  0]LogFileCache: Scanning file cache for directory 'D:/Admin/Documents/GitHub Repositories/EclypseUE4/ProjectEclypse/Content/' took 0.01s
[2016.12.07-09.25.57:734][  0]SourceControl: Info Source control is disabled
[2016.12.07-09.25.57:734][  0]Cmd: MAP LOAD FILE="../../../../../../Admin/Documents/GitHub Repositories/EclypseUE4/ProjectEclypse/Content/Maps/EclypseVillage.umap" TEMPLATE=0 SHOWPROGRESS=1 FEATURELEVEL=3
[2016.12.07-09.25.57:734][  0]LightingResults: New page: Lighting Build
[2016.12.07-09.25.57:735][  0]MapCheck: New page: Map Check
[2016.12.07-09.25.57:735][  0]LightingResults: New page: Lighting Build
[2016.12.07-09.25.58:607][  0]LogAIModule: Creating AISystem for world EclypseVillage
[2016.12.07-09.25.58:618][  0]LogEditorServer: Finished looking for orphan Actors (0.000 secs)
[2016.12.07-09.25.58:618][  0]Cmd: MAP CHECKDEP NOCLEARLOG
[2016.12.07-09.25.58:657][  0]MapCheck: Info Map check complete: 0 Error(s), 0 Warning(s), took 39.411ms to complete.
[2016.12.07-09.25.58:657][  0]LogFileHelpers: Loading map 'EclypseVillage' took 0.924
[2016.12.07-09.25.58:743][  0]LogCollectionManager: Loaded 0 collections in 0.000647 seconds
[2016.12.07-09.25.58:779][  0]LogFileCache: Scanning file cache for directory 'D:/Admin/Documents/GitHub Repositories/EclypseUE4/ProjectEclypse/Saved/Collections/' took 0.01s
[2016.12.07-09.25.58:779][  0]LogFileCache: Scanning file cache for directory 'D:/Admin/Documents/GitHub Repositories/EclypseUE4/ProjectEclypse/Content/Developers/StefanoAdmin/Collections/' took 0.01s
[2016.12.07-09.25.58:779][  0]LogFileCache: Scanning file cache for directory 'D:/Admin/Documents/GitHub Repositories/EclypseUE4/ProjectEclypse/Content/Collections/' took 0.01s
[2016.12.07-09.25.58:779][  0]LogCollectionManager: Rebuilt the GUID cache for 0 collections in 0.000002 seconds
[2016.12.07-09.25.58:786][  0]LogContentBrowser: Native class hierarchy populated in 0.0067 seconds. Added 2156 classes and 421 folders.
[2016.12.07-09.25.58:788][  0]LogStats: UGameplayTagsManager::ConstructGameplayTagTree: Construct from data asset -  0.000 s
[2016.12.07-09.25.58:788][  0]LogStats: UGameplayTagsManager::ConstructGameplayTagTree: GameplayTagTreeChangedEvent.Broadcast -  0.000 s
[2016.12.07-09.25.58:788][  0]LogContentBrowser: Native class hierarchy updated for 'GameplayTags' in 0.0004 seconds. Added 12 classes and 0 folders.
[2016.12.07-09.25.58:790][  0]LogContentBrowser: Native class hierarchy updated for 'WidgetCarousel' in 0.0003 seconds. Added 0 classes and 0 folders.
[2016.12.07-09.25.58:816][  0]LogContentBrowser: Native class hierarchy updated for 'AddContentDialog' in 0.0003 seconds. Added 0 classes and 0 folders.
[2016.12.07-09.25.58:819][  0]LogContentBrowser: Native class hierarchy updated for 'SceneOutliner' in 0.0004 seconds. Added 1 classes and 2 folders.
[2016.12.07-09.25.58:859][  0]LogCrashTracker: Crashtracker disabled due to settings.
[2016.12.07-09.25.58:863][  0]LogUObjectGlobals:Warning: Failed to find object 'Class None.'
[2016.12.07-09.25.58:888][  0]LogContentBrowser: Native class hierarchy updated for 'HierarchicalLODOutliner' in 0.0004 seconds. Added 1 classes and 2 folders.
[2016.12.07-09.25.58:888][  0]LogLoad: (Engine Initialization) Total time: 6.45 seconds
[2016.12.07-09.25.58:888][  0]LogLoad: (Engine Initialization) Total Blueprint compile time: 0.24 seconds
[2016.12.07-09.25.58:888][  0]LogExternalProfiler: Found external profiler: VSPerf
[2016.12.07-09.25.58:888][  0]LogExternalProfiler: Using external profiler: VSPerf
[2016.12.07-09.25.58:897][  0]LogWindowsTextInputMethodSystem:Display: IME system now deactivated.
[2016.12.07-09.25.58:897][  0]LogOcInput: OculusInput pre-init called
[2016.12.07-09.25.58:907][  0]LogOcInput: OculusInput is initialized. Init status 0. Runtime version: 1.10.1
[2016.12.07-09.25.58:924][  0]LogContentStreaming: Texture pool size now 1000 MB
[2016.12.07-09.25.59:029][  0]LogRenderer: Reallocating scene render targets to support 1124x620 (Frame:2).
[2016.12.07-09.25.59:185][  2]LogAssetRegistry: Asset discovery search completed in 2.9027 seconds
[2016.12.07-09.25.59:185][  2]LogCollectionManager: Rebuilt the object cache for 0 collections in 0.000001 seconds (found 0 objects)
[2016.12.07-09.25.59:185][  2]LogCollectionManager: Fixed up redirectors for 0 collections in 0.000017 seconds (updated 0 objects)
[2016.12.07-09.26.00:820][131]LogBlueprintUserMessages: Early PlayInEditor Detection: Level '/Game/Maps/EclypseVillage.EclypseVillage:PersistentLevel' has LevelScriptBlueprint '/Game/Maps/EclypseVillage.EclypseVillage:PersistentLevel.EclypseVillage' with GeneratedClass '/Game/Maps/EclypseVillage.EclypseVillage_C' with ClassGeneratedBy '/Game/Maps/EclypseVillage.EclypseVillage:PersistentLevel.EclypseVillage'
[2016.12.07-09.26.00:820][131]LogPlayLevel: PlayLevel: No blueprints needed recompiling
[2016.12.07-09.26.00:821][131]OCULUS: Debug: [HMDState] Using default profile default
[2016.12.07-09.26.00:821][131]OCULUS: Info: IAD changed to 64.6mm
[2016.12.07-09.26.00:821][131]LogHMD: New ovr session is created
[2016.12.07-09.26.00:851][131]LogHMD: HMD Oculus Rift CV1, res = 2160 x 1200
[2016.12.07-09.26.00:852][131]PIE: New page: PIE session: EclypseVillage (8 Dec 2016 6:26:00 am)
[2016.12.07-09.26.00:852][131]LogPlayLevel: Creating play world package: /Game/Maps/UEDPIE_0_EclypseVillage
[2016.12.07-09.26.00:860][131]LogPlayLevel: PIE: StaticDuplicateObject took: (0.007597s)
[2016.12.07-09.26.00:860][131]LogAIModule: Creating AISystem for world EclypseVillage
[2016.12.07-09.26.00:860][131]LogPlayLevel: PIE: World Init took: (0.000551s)
[2016.12.07-09.26.00:861][131]LogPlayLevel: PIE: Created PIE world by copying editor world from /Game/Maps/EclypseVillage.EclypseVillage to /Game/Maps/UEDPIE_0_EclypseVillage.EclypseVillage (0.008326s)
[2016.12.07-09.26.00:894][131]LogInit: XAudio2 using 'Speakers (Realtek High Definition Audio)' : 8 channels at 48 kHz using 32 bits per sample (channel mask 0x63f)
[2016.12.07-09.26.00:930][131]LogInit: FAudioDevice initialized.
[2016.12.07-09.26.00:973][131]LogWorld: Game class is 'GameManager_C'
[2016.12.07-09.26.00:975][131]LogWorld: Bringing World /Game/Maps/UEDPIE_0_EclypseVillage.EclypseVillage up for play (max tick rate 0) at 2016.12.07-20.26.00
[2016.12.07-09.26.00:976][131]LogWorld: Bringing up level for play took: 0.001924
[2016.12.07-09.26.00:977][131]LogContentBrowser: Native class hierarchy updated for 'MovieSceneCapture' in 0.0004 seconds. Added 11 classes and 0 folders.
[2016.12.07-09.26.00:977][131]LogGameMode:Display: Match State Changed from EnteringMap to WaitingToStart
[2016.12.07-09.26.00:977][131]LogGameState: Match State Changed from EnteringMap to WaitingToStart
[2016.12.07-09.26.00:977][131]LogGameMode:Display: Match State Changed from WaitingToStart to InProgress
[2016.12.07-09.26.00:979][131]LogGameState: Match State Changed from WaitingToStart to InProgress
[2016.12.07-09.26.00:980][131]PIE: Info Play in editor start time for /Game/Maps/UEDPIE_0_EclypseVillage -0.116
[2016.12.07-09.26.00:980][131]LogBlueprintUserMessages: Late PlayInEditor Detection: Level '/Game/Maps/EclypseVillage.EclypseVillage:PersistentLevel' has LevelScriptBlueprint '/Game/Maps/EclypseVillage.EclypseVillage:PersistentLevel.EclypseVillage' with GeneratedClass '/Game/Maps/EclypseVillage.EclypseVillage_C' with ClassGeneratedBy '/Game/Maps/EclypseVillage.EclypseVillage:PersistentLevel.EclypseVillage'
[2016.12.07-09.26.57:387][867]LogBlueprintUserMessages: Early EndPlayMap Detection: Level '/Game/Maps/EclypseVillage.EclypseVillage:PersistentLevel' has LevelScriptBlueprint '/Game/Maps/EclypseVillage.EclypseVillage:PersistentLevel.EclypseVillage' with GeneratedClass '/Game/Maps/EclypseVillage.EclypseVillage_C' with ClassGeneratedBy '/Game/Maps/EclypseVillage.EclypseVillage:PersistentLevel.EclypseVillage'
[2016.12.07-09.26.57:412][867]LogHMD: Destroying ovr session
[2016.12.07-09.26.57:444][867]LogBlueprintUserMessages: Late EndPlayMap Detection: Level '/Game/Maps/EclypseVillage.EclypseVillage:PersistentLevel' has LevelScriptBlueprint '/Game/Maps/EclypseVillage.EclypseVillage:PersistentLevel.EclypseVillage' with GeneratedClass '/Game/Maps/EclypseVillage.EclypseVillage_C' with ClassGeneratedBy '/Game/Maps/EclypseVillage.EclypseVillage:PersistentLevel.EclypseVillage'
[2016.12.07-09.27.28:798][545]LogEditorViewport: Clicking on Actor (LMB): Farmstead_C (Farmstead)
[2016.12.07-09.37.26:123][703]LogContentBrowser: Native class hierarchy updated for 'BlueprintGraph' in 0.0007 seconds. Added 112 classes and 0 folders.
[2016.12.07-09.37.29:845][789]LogRenderer: Reallocating scene render targets to support 1128x712 (Frame:5859).
[2016.12.07-09.40.27:253][204]LogFileHelpers: Editor autosave (incl. sublevels) for '/Game/Maps/EclypseVillage' took 0.033
[2016.12.07-09.40.27:254][204]OBJ SavePackage: Generating thumbnails for [0] asset(s) in package [/Game/BP/Expedition] ([1] browsable assets)...
[2016.12.07-09.40.27:254][204]OBJ SavePackage: Finished generating thumbnails for package [/Game/BP/Expedition]
[2016.12.07-09.40.27:264][204]LogSavePackage: Save=9.83ms
[2016.12.07-09.40.27:264][204]LogSavePackage: Moving '../../../../../../Admin/Documents/GitHub Repositories/EclypseUE4/ProjectEclypse/Saved/Expedition_Auto15E2A8D4941F41A6A79C89094634EC8BB.tmp' to '../../../../../../Admin/Documents/GitHub Repositories/EclypseUE4/ProjectEclypse/Saved/Autosaves/Game/BP/Expedition_Auto1.uasset'
[2016.12.07-09.40.27:265][204]LogSavePackage:Display: Finished SavePackage ../../../../../../Admin/Documents/GitHub Repositories/EclypseUE4/ProjectEclypse/Saved/Autosaves/Game/BP/Expedition_Auto1.uasset
[2016.12.07-09.40.27:265][204]LogFileHelpers: Auto-saving content packages took 0.012
[2016.12.07-09.49.29:694][614]BlueprintLog: New page: Compile Expedition
[2016.12.07-09.51.27:039][921]BlueprintLog: New page: Compile Expedition
[2016.12.07-09.52.17:012][923]LogFileHelpers: Editor autosave (incl. sublevels) for '/Game/Maps/EclypseVillage' took 0.030
[2016.12.07-09.52.17:013][923]OBJ SavePackage: Generating thumbnails for [0] asset(s) in package [/Game/BP/Expedition] ([1] browsable assets)...
[2016.12.07-09.52.17:013][923]OBJ SavePackage: Finished generating thumbnails for package [/Game/BP/Expedition]
[2016.12.07-09.52.17:025][923]LogSavePackage: Save=11.27ms
[2016.12.07-09.52.17:025][923]LogSavePackage: Moving '../../../../../../Admin/Documents/GitHub Repositories/EclypseUE4/ProjectEclypse/Saved/Expedition_Auto206804E20403CB1EF1C0FD3A6EC782991.tmp' to '../../../../../../Admin/Documents/GitHub Repositories/EclypseUE4/ProjectEclypse/Saved/Autosaves/Game/BP/Expedition_Auto2.uasset'
[2016.12.07-09.52.17:026][923]LogSavePackage:Display: Finished SavePackage ../../../../../../Admin/Documents/GitHub Repositories/EclypseUE4/ProjectEclypse/Saved/Autosaves/Game/BP/Expedition_Auto2.uasset
[2016.12.07-09.52.17:026][923]LogFileHelpers: Auto-saving content packages took 0.013
[2016.12.07-09.53.39:105][485]LogEditorTransaction: Undo Remove Variable
[2016.12.07-09.53.39:370][485]LogEditorTransaction: Undo Move Nodes
[2016.12.07-09.54.03:205][557]BlueprintLog: New page: Compile Expedition
[2016.12.07-09.54.05:198][629]Cmd: OBJ SAVEPACKAGE PACKAGE="/Game/BP/Expedition" FILE="../../../../../../Admin/Documents/GitHub Repositories/EclypseUE4/ProjectEclypse/Content/BP/Expedition.uasset" SILENT=true
[2016.12.07-09.54.05:210][629]LogSavePackage: Save=10.40ms
[2016.12.07-09.54.05:210][629]LogSavePackage: Moving '../../../../../../Admin/Documents/GitHub Repositories/EclypseUE4/ProjectEclypse/Saved/Expedition7112142E4258F2A6967EB0968F77195B.tmp' to '../../../../../../Admin/Documents/GitHub Repositories/EclypseUE4/ProjectEclypse/Content/BP/Expedition.uasset'
[2016.12.07-09.54.05:211][629]LogSavePackage:Display: Finished SavePackage ../../../../../../Admin/Documents/GitHub Repositories/EclypseUE4/ProjectEclypse/Content/BP/Expedition.uasset
[2016.12.07-09.54.24:133][677]LogClass:Warning: Type mismatch in Backpacks of SKEL_Expedition_C - Previous (FloatProperty) Current(IntProperty) for package:  FObjectReader
[2016.12.07-09.54.53:074][373]BlueprintLog: New page: Compile Expedition
[2016.12.07-09.54.53:079][373]LogClass:Warning: Type mismatch in Backpacks of Expedition_C - Previous (FloatProperty) Current(IntProperty) for package:  FObjectReader
[2016.12.07-09.55.04:986][ 38]BlueprintLog: New page: Compile Expedition
[2016.12.07-09.55.05:612][ 59]Cmd: OBJ SAVEPACKAGE PACKAGE="/Game/BP/Expedition" FILE="../../../../../../Admin/Documents/GitHub Repositories/EclypseUE4/ProjectEclypse/Content/BP/Expedition.uasset" SILENT=true
[2016.12.07-09.55.05:634][ 59]LogSavePackage: Save=11.61ms
[2016.12.07-09.55.05:634][ 59]LogSavePackage: Moving '../../../../../../Admin/Documents/GitHub Repositories/EclypseUE4/ProjectEclypse/Saved/Expedition6066339A4E2D0639AA448B9AB9A77D47.tmp' to '../../../../../../Admin/Documents/GitHub Repositories/EclypseUE4/ProjectEclypse/Content/BP/Expedition.uasset'
[2016.12.07-09.55.05:635][ 59]LogSavePackage:Display: Finished SavePackage ../../../../../../Admin/Documents/GitHub Repositories/EclypseUE4/ProjectEclypse/Content/BP/Expedition.uasset
[2016.12.07-09.55.15:141][689]BlueprintLog: New page: Compile Expedition
[2016.12.07-09.55.15:607][701]Cmd: OBJ SAVEPACKAGE PACKAGE="/Game/BP/Expedition" FILE="../../../../../../Admin/Documents/GitHub Repositories/EclypseUE4/ProjectEclypse/Content/BP/Expedition.uasset" SILENT=true
[2016.12.07-09.55.15:623][701]LogSavePackage: Save=12.63ms
[2016.12.07-09.55.15:623][701]LogSavePackage: Moving '../../../../../../Admin/Documents/GitHub Repositories/EclypseUE4/ProjectEclypse/Saved/Expedition469A0AC7447357DFD9F537980BD878D1.tmp' to '../../../../../../Admin/Documents/GitHub Repositories/EclypseUE4/ProjectEclypse/Content/BP/Expedition.uasset'
[2016.12.07-09.55.15:624][701]LogSavePackage:Display: Finished SavePackage ../../../../../../Admin/Documents/GitHub Repositories/EclypseUE4/ProjectEclypse/Content/BP/Expedition.uasset
[2016.12.07-09.55.16:350][732]LogBlueprintUserMessages: Early PlayInEditor Detection: Level '/Game/Maps/EclypseVillage.EclypseVillage:PersistentLevel' has LevelScriptBlueprint '/Game/Maps/EclypseVillage.EclypseVillage:PersistentLevel.EclypseVillage' with GeneratedClass '/Game/Maps/EclypseVillage.EclypseVillage_C' with ClassGeneratedBy '/Game/Maps/EclypseVillage.EclypseVillage:PersistentLevel.EclypseVillage'
[2016.12.07-09.55.16:350][732]LogPlayLevel: PlayLevel: No blueprints needed recompiling
[2016.12.07-09.55.16:351][732]OCULUS: Debug: [HMDState] Using default profile default
[2016.12.07-09.55.16:351][732]OCULUS: Info: IAD changed to 64.6mm
[2016.12.07-09.55.16:351][732]LogHMD: New ovr session is created
[2016.12.07-09.55.16:364][732]LogHMD: HMD Oculus Rift CV1, res = 2160 x 1200
[2016.12.07-09.55.16:364][732]PIE: New page: PIE session: EclypseVillage (8 Dec 2016 6:55:16 am)
[2016.12.07-09.55.16:364][732]LogPlayLevel: Creating play world package: /Game/Maps/UEDPIE_0_EclypseVillage
[2016.12.07-09.55.16:373][732]LogPlayLevel: PIE: StaticDuplicateObject took: (0.009473s)
[2016.12.07-09.55.16:374][732]LogAIModule: Creating AISystem for world EclypseVillage
[2016.12.07-09.55.16:374][732]LogPlayLevel: PIE: World Init took: (0.000833s)
[2016.12.07-09.55.16:374][732]LogPlayLevel: PIE: Created PIE world by copying editor world from /Game/Maps/EclypseVillage.EclypseVillage to /Game/Maps/UEDPIE_0_EclypseVillage.EclypseVillage (0.010513s)
[2016.12.07-09.55.16:395][732]LogInit: XAudio2 using 'Speakers (Realtek High Definition Audio)' : 8 channels at 48 kHz using 32 bits per sample (channel mask 0x63f)
[2016.12.07-09.55.16:425][732]LogInit: FAudioDevice initialized.
[2016.12.07-09.55.16:460][732]LogWorld: Game class is 'GameManager_C'
[2016.12.07-09.55.16:463][732]LogWorld: Bringing World /Game/Maps/UEDPIE_0_EclypseVillage.EclypseVillage up for play (max tick rate 0) at 2016.12.07-20.55.16
[2016.12.07-09.55.16:463][732]LogWorld: Bringing up level for play took: 0.001874
[2016.12.07-09.55.16:464][732]LogGameMode:Display: Match State Changed from EnteringMap to WaitingToStart
[2016.12.07-09.55.16:464][732]LogGameState: Match State Changed from EnteringMap to WaitingToStart
[2016.12.07-09.55.16:464][732]LogGameMode:Display: Match State Changed from WaitingToStart to InProgress
[2016.12.07-09.55.16:466][732]LogGameState: Match State Changed from WaitingToStart to InProgress
[2016.12.07-09.55.16:467][732]PIE: Info Play in editor start time for /Game/Maps/UEDPIE_0_EclypseVillage -0.629
[2016.12.07-09.55.16:467][732]LogBlueprintUserMessages: Late PlayInEditor Detection: Level '/Game/Maps/EclypseVillage.EclypseVillage:PersistentLevel' has LevelScriptBlueprint '/Game/Maps/EclypseVillage.EclypseVillage:PersistentLevel.EclypseVillage' with GeneratedClass '/Game/Maps/EclypseVillage.EclypseVillage_C' with ClassGeneratedBy '/Game/Maps/EclypseVillage.EclypseVillage:PersistentLevel.EclypseVillage'
[2016.12.07-09.55.16:480][732]LogRenderer: Reallocating scene render targets to support 1292x756 (Frame:5988).
[2016.12.07-09.55.20:347][864]LogBlueprintUserMessages: Early EndPlayMap Detection: Level '/Game/Maps/EclypseVillage.EclypseVillage:PersistentLevel' has LevelScriptBlueprint '/Game/Maps/EclypseVillage.EclypseVillage:PersistentLevel.EclypseVillage' with GeneratedClass '/Game/Maps/EclypseVillage.EclypseVillage_C' with ClassGeneratedBy '/Game/Maps/EclypseVillage.EclypseVillage:PersistentLevel.EclypseVillage'
[2016.12.07-09.55.20:347][864]LogHMD: Destroying ovr session
[2016.12.07-09.55.20:386][864]LogBlueprintUserMessages: Late EndPlayMap Detection: Level '/Game/Maps/EclypseVillage.EclypseVillage:PersistentLevel' has LevelScriptBlueprint '/Game/Maps/EclypseVillage.EclypseVillage:PersistentLevel.EclypseVillage' with GeneratedClass '/Game/Maps/EclypseVillage.EclypseVillage_C' with ClassGeneratedBy '/Game/Maps/EclypseVillage.EclypseVillage:PersistentLevel.EclypseVillage'
[2016.12.07-09.55.24:372][158]LogBlueprintUserMessages: Early PlayInEditor Detection: Level '/Game/Maps/EclypseVillage.EclypseVillage:PersistentLevel' has LevelScriptBlueprint '/Game/Maps/EclypseVillage.EclypseVillage:PersistentLevel.EclypseVillage' with GeneratedClass '/Game/Maps/EclypseVillage.EclypseVillage_C' with ClassGeneratedBy '/Game/Maps/EclypseVillage.EclypseVillage:PersistentLevel.EclypseVillage'
[2016.12.07-09.55.24:372][158]LogPlayLevel: PlayLevel: No blueprints needed recompiling
[2016.12.07-09.55.24:373][158]OCULUS: Debug: [HMDState] Using default profile default
[2016.12.07-09.55.24:373][158]OCULUS: Info: IAD changed to 64.6mm
[2016.12.07-09.55.24:373][158]LogHMD: New ovr session is created
[2016.12.07-09.55.24:384][158]LogHMD: HMD Oculus Rift CV1, res = 2160 x 1200
[2016.12.07-09.55.24:384][158]PIE: New page: PIE session: EclypseVillage (8 Dec 2016 6:55:24 am)
[2016.12.07-09.55.24:384][158]LogPlayLevel: Creating play world package: /Game/Maps/UEDPIE_0_EclypseVillage
[2016.12.07-09.55.24:391][158]LogPlayLevel: PIE: StaticDuplicateObject took: (0.007021s)
[2016.12.07-09.55.24:392][158]LogAIModule: Creating AISystem for world EclypseVillage
[2016.12.07-09.55.24:392][158]LogPlayLevel: PIE: World Init took: (0.000596s)
[2016.12.07-09.55.24:392][158]LogPlayLevel: PIE: Created PIE world by copying editor world from /Game/Maps/EclypseVillage.EclypseVillage to /Game/Maps/UEDPIE_0_EclypseVillage.EclypseVillage (0.007791s)
[2016.12.07-09.55.24:412][158]LogInit: XAudio2 using 'Speakers (Realtek High Definition Audio)' : 8 channels at 48 kHz using 32 bits per sample (channel mask 0x63f)
[2016.12.07-09.55.24:440][158]LogInit: FAudioDevice initialized.
[2016.12.07-09.55.24:471][158]LogWorld: Game class is 'GameManager_C'
[2016.12.07-09.55.24:473][158]LogWorld: Bringing World /Game/Maps/UEDPIE_0_EclypseVillage.EclypseVillage up for play (max tick rate 0) at 2016.12.07-20.55.24
[2016.12.07-09.55.24:474][158]LogWorld: Bringing up level for play took: 0.001801
[2016.12.07-09.55.24:474][158]LogGameMode:Display: Match State Changed from EnteringMap to WaitingToStart
[2016.12.07-09.55.24:474][158]LogGameState: Match State Changed from EnteringMap to WaitingToStart
[2016.12.07-09.55.24:474][158]LogGameMode:Display: Match State Changed from WaitingToStart to InProgress
[2016.12.07-09.55.24:476][158]LogGameState: Match State Changed from WaitingToStart to InProgress
[2016.12.07-09.55.24:476][158]PIE: Info Play in editor start time for /Game/Maps/UEDPIE_0_EclypseVillage -0.62
[2016.12.07-09.55.24:476][158]LogBlueprintUserMessages: Late PlayInEditor Detection: Level '/Game/Maps/EclypseVillage.EclypseVillage:PersistentLevel' has LevelScriptBlueprint '/Game/Maps/EclypseVillage.EclypseVillage:PersistentLevel.EclypseVillage' with GeneratedClass '/Game/Maps/EclypseVillage.EclypseVillage_C' with ClassGeneratedBy '/Game/Maps/EclypseVillage.EclypseVillage:PersistentLevel.EclypseVillage'
[2016.12.07-09.55.24:493][158]LogBlueprintUserMessages: [Expedition_12] 0.0
[2016.12.07-09.55.24:513][159]LogBlueprintUserMessages: [Expedition_12] 0.0
[2016.12.07-09.55.24:542][160]LogBlueprintUserMessages: [Expedition_12] 0.0
[2016.12.07-09.55.24:557][161]LogBlueprintUserMessages: [Expedition_12] 0.0
[2016.12.07-09.55.24:575][162]LogBlueprintUserMessages: [Expedition_12] 0.0
[2016.12.07-09.55.24:602][163]LogBlueprintUserMessages: [Expedition_12] 0.0
[2016.12.07-09.55.24:628][164]LogBlueprintUserMessages: [Expedition_12] 0.0
[2016.12.07-09.55.24:656][165]LogBlueprintUserMessages: [Expedition_12] 0.0
[2016.12.07-09.55.24:683][166]LogBlueprintUserMessages: [Expedition_12] 0.0
[2016.12.07-09.55.24:710][167]LogBlueprintUserMessages: [Expedition_12] 0.0
[2016.12.07-09.55.24:737][168]LogBlueprintUserMessages: [Expedition_12] 0.0
[2016.12.07-09.55.24:764][169]LogBlueprintUserMessages: [Expedition_12] 0.0
[2016.12.07-09.55.24:792][170]LogBlueprintUserMessages: [Expedition_12] 0.0
[2016.12.07-09.55.24:819][171]LogBlueprintUserMessages: [Expedition_12] 0.0
[2016.12.07-09.55.24:845][172]LogBlueprintUserMessages: [Expedition_12] 0.0
[2016.12.07-09.55.24:871][173]LogBlueprintUserMessages: [Expedition_12] 0.0
[2016.12.07-09.55.24:898][174]LogBlueprintUserMessages: [Expedition_12] 0.0
[2016.12.07-09.55.24:925][175]LogBlueprintUserMessages: [Expedition_12] 0.0
[2016.12.07-09.55.24:952][176]LogBlueprintUserMessages: [Expedition_12] 0.0
[2016.12.07-09.55.24:978][177]LogBlueprintUserMessages: [Expedition_12] 0.0
[2016.12.07-09.55.25:006][178]LogBlueprintUserMessages: [Expedition_12] 0.0
[2016.12.07-09.55.25:033][179]LogBlueprintUserMessages: [Expedition_12] 0.0
[2016.12.07-09.55.25:060][180]LogBlueprintUserMessages: [Expedition_12] 0.0
[2016.12.07-09.55.25:087][181]LogBlueprintUserMessages: [Expedition_12] 0.0
[2016.12.07-09.55.25:115][182]LogBlueprintUserMessages: [Expedition_12] 0.0
[2016.12.07-09.55.25:143][183]LogBlueprintUserMessages: [Expedition_12] 0.0
[2016.12.07-09.55.25:169][184]LogBlueprintUserMessages: [Expedition_12] 0.0
[2016.12.07-09.55.25:196][185]LogBlueprintUserMessages: [Expedition_12] 0.0
[2016.12.07-09.55.25:223][186]LogBlueprintUserMessages: [Expedition_12] 0.0
[2016.12.07-09.55.25:249][187]LogBlueprintUserMessages: [Expedition_12] 0.0
[2016.12.07-09.55.25:276][188]LogBlueprintUserMessages: [Expedition_12] 0.0
[2016.12.07-09.55.25:304][189]LogBlueprintUserMessages: [Expedition_12] 0.0
[2016.12.07-09.55.25:334][190]LogBlueprintUserMessages: [Expedition_12] 0.0
[2016.12.07-09.55.25:362][191]LogBlueprintUserMessages: [Expedition_12] 0.0
[2016.12.07-09.55.25:389][192]LogBlueprintUserMessages: [Expedition_12] 0.0
[2016.12.07-09.55.25:417][193]LogBlueprintUserMessages: [Expedition_12] 0.0
[2016.12.07-09.55.25:443][194]LogBlueprintUserMessages: [Expedition_12] 0.0
[2016.12.07-09.55.25:470][195]LogBlueprintUserMessages: [Expedition_12] 0.0
[2016.12.07-09.55.25:496][196]LogBlueprintUserMessages: [Expedition_12] 0.0
[2016.12.07-09.55.25:523][197]LogBlueprintUserMessages: [Expedition_12] 0.0
[2016.12.07-09.55.25:551][198]LogBlueprintUserMessages: [Expedition_12] 0.0
[2016.12.07-09.55.25:577][199]LogBlueprintUserMessages: [Expedition_12] 0.0
[2016.12.07-09.55.25:605][200]LogBlueprintUserMessages: [Expedition_12] 0.0
[2016.12.07-09.55.25:633][201]LogBlueprintUserMessages: [Expedition_12] 0.0
[2016.12.07-09.55.25:660][202]LogBlueprintUserMessages: [Expedition_12] 0.0
[2016.12.07-09.55.25:688][203]LogBlueprintUserMessages: [Expedition_12] 0.0
[2016.12.07-09.55.25:717][204]LogBlueprintUserMessages: [Expedition_12] 0.0
[2016.12.07-09.55.25:731][205]LogBlueprintUserMessages: [Expedition_12] 0.0
[2016.12.07-09.55.25:747][206]LogBlueprintUserMessages: [Expedition_12] 0.0
[2016.12.07-09.55.25:774][207]LogBlueprintUserMessages: [Expedition_12] 0.0
[2016.12.07-09.55.25:802][208]LogBlueprintUserMessages: [Expedition_12] 0.0
[2016.12.07-09.55.25:829][209]LogBlueprintUserMessages: [Expedition_12] 0.0
[2016.12.07-09.55.25:855][210]LogBlueprintUserMessages: [Expedition_12] 0.0
[2016.12.07-09.55.25:881][211]LogBlueprintUserMessages: [Expedition_12] 0.0
[2016.12.07-09.55.25:910][212]LogBlueprintUserMessages: [Expedition_12] 0.0
[2016.12.07-09.55.25:937][213]LogBlueprintUserMessages: [Expedition_12] 0.0
[2016.12.07-09.55.26:019][216]LogBlueprintUserMessages: [Expedition_12] 0.0
[2016.12.07-09.55.26:020][216]LogBlueprintUserMessages: Early EndPlayMap Detection: Level '/Game/Maps/EclypseVillage.EclypseVillage:PersistentLevel' has LevelScriptBlueprint '/Game/Maps/EclypseVillage.EclypseVillage:PersistentLevel.EclypseVillage' with GeneratedClass '/Game/Maps/EclypseVillage.EclypseVillage_C' with ClassGeneratedBy '/Game/Maps/EclypseVillage.EclypseVillage:PersistentLevel.EclypseVillage'
[2016.12.07-09.55.26:042][216]LogHMD: Destroying ovr session
[2016.12.07-09.55.26:080][216]LogBlueprintUserMessages: Late EndPlayMap Detection: Level '/Game/Maps/EclypseVillage.EclypseVillage:PersistentLevel' has LevelScriptBlueprint '/Game/Maps/EclypseVillage.EclypseVillage:PersistentLevel.EclypseVillage' with GeneratedClass '/Game/Maps/EclypseVillage.EclypseVillage_C' with ClassGeneratedBy '/Game/Maps/EclypseVillage.EclypseVillage:PersistentLevel.EclypseVillage'
[2016.12.07-09.56.13:342][180]BlueprintLog: New page: Compile Expedition
[2016.12.07-09.56.14:027][212]Cmd: OBJ SAVEPACKAGE PACKAGE="/Game/BP/Expedition" FILE="../../../../../../Admin/Documents/GitHub Repositories/EclypseUE4/ProjectEclypse/Content/BP/Expedition.uasset" SILENT=true
[2016.12.07-09.56.14:071][212]LogSavePackage: Save=26.20ms
[2016.12.07-09.56.14:071][212]LogSavePackage: Moving '../../../../../../Admin/Documents/GitHub Repositories/EclypseUE4/ProjectEclypse/Saved/Expedition0F7A64EB4AB9DCA6ECF382A5B4F83BA9.tmp' to '../../../../../../Admin/Documents/GitHub Repositories/EclypseUE4/ProjectEclypse/Content/BP/Expedition.uasset'
[2016.12.07-09.56.14:072][212]LogSavePackage:Display: Finished SavePackage ../../../../../../Admin/Documents/GitHub Repositories/EclypseUE4/ProjectEclypse/Content/BP/Expedition.uasset
[2016.12.07-09.56.26:443][ 81]LogBlueprintUserMessages: Early PlayInEditor Detection: Level '/Game/Maps/EclypseVillage.EclypseVillage:PersistentLevel' has LevelScriptBlueprint '/Game/Maps/EclypseVillage.EclypseVillage:PersistentLevel.EclypseVillage' with GeneratedClass '/Game/Maps/EclypseVillage.EclypseVillage_C' with ClassGeneratedBy '/Game/Maps/EclypseVillage.EclypseVillage:PersistentLevel.EclypseVillage'
[2016.12.07-09.56.26:443][ 81]LogPlayLevel: PlayLevel: No blueprints needed recompiling
[2016.12.07-09.56.26:443][ 81]OCULUS: Debug: [HMDState] Using default profile default
[2016.12.07-09.56.26:443][ 81]OCULUS: Info: IAD changed to 64.6mm
[2016.12.07-09.56.26:443][ 81]LogHMD: New ovr session is created
[2016.12.07-09.56.26:458][ 81]LogHMD: HMD Oculus Rift CV1, res = 2160 x 1200
[2016.12.07-09.56.26:458][ 81]PIE: New page: PIE session: EclypseVillage (8 Dec 2016 6:56:26 am)
[2016.12.07-09.56.26:458][ 81]LogPlayLevel: Creating play world package: /Game/Maps/UEDPIE_0_EclypseVillage
[2016.12.07-09.56.26:465][ 81]LogPlayLevel: PIE: StaticDuplicateObject took: (0.007261s)
[2016.12.07-09.56.26:466][ 81]LogAIModule: Creating AISystem for world EclypseVillage
[2016.12.07-09.56.26:466][ 81]LogPlayLevel: PIE: World Init took: (0.000747s)
[2016.12.07-09.56.26:466][ 81]LogPlayLevel: PIE: Created PIE world by copying editor world from /Game/Maps/EclypseVillage.EclypseVillage to /Game/Maps/UEDPIE_0_EclypseVillage.EclypseVillage (0.008224s)
[2016.12.07-09.56.26:486][ 81]LogInit: XAudio2 using 'Speakers (Realtek High Definition Audio)' : 8 channels at 48 kHz using 32 bits per sample (channel mask 0x63f)
[2016.12.07-09.56.26:515][ 81]LogInit: FAudioDevice initialized.
[2016.12.07-09.56.26:550][ 81]LogWorld: Game class is 'GameManager_C'
[2016.12.07-09.56.26:552][ 81]LogWorld: Bringing World /Game/Maps/UEDPIE_0_EclypseVillage.EclypseVillage up for play (max tick rate 0) at 2016.12.07-20.56.26
[2016.12.07-09.56.26:553][ 81]LogWorld: Bringing up level for play took: 0.001897
[2016.12.07-09.56.26:553][ 81]LogGameMode:Display: Match State Changed from EnteringMap to WaitingToStart
[2016.12.07-09.56.26:553][ 81]LogGameState: Match State Changed from EnteringMap to WaitingToStart
[2016.12.07-09.56.26:553][ 81]LogGameMode:Display: Match State Changed from WaitingToStart to InProgress
[2016.12.07-09.56.26:555][ 81]LogGameState: Match State Changed from WaitingToStart to InProgress
[2016.12.07-09.56.26:557][ 81]PIE: Info Play in editor start time for /Game/Maps/UEDPIE_0_EclypseVillage -0.539
[2016.12.07-09.56.26:557][ 81]LogBlueprintUserMessages: Late PlayInEditor Detection: Level '/Game/Maps/EclypseVillage.EclypseVillage:PersistentLevel' has LevelScriptBlueprint '/Game/Maps/EclypseVillage.EclypseVillage:PersistentLevel.EclypseVillage' with GeneratedClass '/Game/Maps/EclypseVillage.EclypseVillage_C' with ClassGeneratedBy '/Game/Maps/EclypseVillage.EclypseVillage:PersistentLevel.EclypseVillage'
[2016.12.07-09.56.26:557][ 81]LogBlueprintUserMessages: [Expedition_12] 50.0
[2016.12.07-09.56.26:606][ 82]LogBlueprintUserMessages: [Expedition_12] 50.0
[2016.12.07-09.56.26:649][ 83]LogBlueprintUserMessages: [Expedition_12] 50.0
[2016.12.07-09.56.26:677][ 84]LogBlueprintUserMessages: [Expedition_12] 50.0
[2016.12.07-09.56.26:704][ 85]LogBlueprintUserMessages: [Expedition_12] 50.0
[2016.12.07-09.56.26:731][ 86]LogBlueprintUserMessages: [Expedition_12] 50.0
[2016.12.07-09.56.26:758][ 87]LogBlueprintUserMessages: [Expedition_12] 50.0
[2016.12.07-09.56.26:786][ 88]LogBlueprintUserMessages: [Expedition_12] 50.0
[2016.12.07-09.56.26:814][ 89]LogBlueprintUserMessages: [Expedition_12] 50.0
[2016.12.07-09.56.26:840][ 90]LogBlueprintUserMessages: [Expedition_12] 50.0
[2016.12.07-09.56.26:867][ 91]LogBlueprintUserMessages: [Expedition_12] 50.0
[2016.12.07-09.56.26:895][ 92]LogBlueprintUserMessages: [Expedition_12] 50.0
[2016.12.07-09.56.26:923][ 93]LogBlueprintUserMessages: [Expedition_12] 50.0
[2016.12.07-09.56.26:952][ 94]LogBlueprintUserMessages: [Expedition_12] 50.0
[2016.12.07-09.56.26:978][ 95]LogBlueprintUserMessages: [Expedition_12] 50.0
[2016.12.07-09.56.27:007][ 96]LogBlueprintUserMessages: [Expedition_12] 50.0
[2016.12.07-09.56.27:034][ 97]LogBlueprintUserMessages: [Expedition_12] 50.0
[2016.12.07-09.56.27:061][ 98]LogBlueprintUserMessages: [Expedition_12] 50.0
[2016.12.07-09.56.27:088][ 99]LogBlueprintUserMessages: [Expedition_12] 50.0
[2016.12.07-09.56.27:115][100]LogBlueprintUserMessages: [Expedition_12] 50.0
[2016.12.07-09.56.27:141][101]LogBlueprintUserMessages: [Expedition_12] 50.0
[2016.12.07-09.56.27:169][102]LogBlueprintUserMessages: [Expedition_12] 50.0
[2016.12.07-09.56.27:197][103]LogBlueprintUserMessages: [Expedition_12] 50.0
[2016.12.07-09.56.27:224][104]LogBlueprintUserMessages: [Expedition_12] 50.0
[2016.12.07-09.56.27:251][105]LogBlueprintUserMessages: [Expedition_12] 50.0
[2016.12.07-09.56.27:278][106]LogBlueprintUserMessages: [Expedition_12] 50.0
[2016.12.07-09.56.27:305][107]LogBlueprintUserMessages: [Expedition_12] 50.0
[2016.12.07-09.56.27:332][108]LogBlueprintUserMessages: [Expedition_12] 50.0
[2016.12.07-09.56.27:358][109]LogBlueprintUserMessages: [Expedition_12] 50.0
[2016.12.07-09.56.27:385][110]LogBlueprintUserMessages: [Expedition_12] 50.0
[2016.12.07-09.56.27:412][111]LogBlueprintUserMessages: [Expedition_12] 50.0
[2016.12.07-09.56.27:441][112]LogBlueprintUserMessages: [Expedition_12] 50.0
[2016.12.07-09.56.27:468][113]LogBlueprintUserMessages: [Expedition_12] 50.0
[2016.12.07-09.56.27:494][114]LogBlueprintUserMessages: [Expedition_12] 50.0
[2016.12.07-09.56.27:522][115]LogBlueprintUserMessages: [Expedition_12] 50.0
[2016.12.07-09.56.27:549][116]LogBlueprintUserMessages: [Expedition_12] 50.0
[2016.12.07-09.56.27:577][117]LogBlueprintUserMessages: [Expedition_12] 50.0
[2016.12.07-09.56.27:603][118]LogBlueprintUserMessages: [Expedition_12] 50.0
[2016.12.07-09.56.27:630][119]LogBlueprintUserMessages: [Expedition_12] 50.0
[2016.12.07-09.56.27:657][120]LogBlueprintUserMessages: [Expedition_12] 50.0
[2016.12.07-09.56.27:684][121]LogBlueprintUserMessages: [Expedition_12] 50.0
[2016.12.07-09.56.27:713][122]LogBlueprintUserMessages: [Expedition_12] 50.0
[2016.12.07-09.56.27:744][123]LogBlueprintUserMessages: [Expedition_12] 50.0
[2016.12.07-09.56.27:789][124]LogBlueprintUserMessages: [Expedition_12] 50.0
[2016.12.07-09.56.27:814][125]LogBlueprintUserMessages: [Expedition_12] 50.0
[2016.12.07-09.56.27:853][126]LogBlueprintUserMessages: [Expedition_12] 50.0
[2016.12.07-09.56.27:893][127]LogBlueprintUserMessages: [Expedition_12] 50.0
[2016.12.07-09.56.27:934][128]LogBlueprintUserMessages: [Expedition_12] 50.0
[2016.12.07-09.56.27:974][129]LogBlueprintUserMessages: [Expedition_12] 50.0
[2016.12.07-09.56.28:014][130]LogBlueprintUserMessages: [Expedition_12] 50.0
[2016.12.07-09.56.28:054][131]LogBlueprintUserMessages: [Expedition_12] 50.0
[2016.12.07-09.56.28:093][132]LogBlueprintUserMessages: [Expedition_12] 50.0
[2016.12.07-09.56.28:134][133]LogBlueprintUserMessages: [Expedition_12] 50.0
[2016.12.07-09.56.28:173][134]LogBlueprintUserMessages: [Expedition_12] 50.0
[2016.12.07-09.56.28:213][135]LogBlueprintUserMessages: [Expedition_12] 50.0
[2016.12.07-09.56.28:252][136]LogBlueprintUserMessages: [Expedition_12] 50.0
[2016.12.07-09.56.28:291][137]LogBlueprintUserMessages: [Expedition_12] 50.0
[2016.12.07-09.56.28:418][140]LogBlueprintUserMessages: [Expedition_12] 50.0
[2016.12.07-09.56.28:418][140]LogBlueprintUserMessages: Early EndPlayMap Detection: Level '/Game/Maps/EclypseVillage.EclypseVillage:PersistentLevel' has LevelScriptBlueprint '/Game/Maps/EclypseVillage.EclypseVillage:PersistentLevel.EclypseVillage' with GeneratedClass '/Game/Maps/EclypseVillage.EclypseVillage_C' with ClassGeneratedBy '/Game/Maps/EclypseVillage.EclypseVillage:PersistentLevel.EclypseVillage'
[2016.12.07-09.56.28:452][140]LogHMD: Destroying ovr session
[2016.12.07-09.56.28:502][140]LogBlueprintUserMessages: Late EndPlayMap Detection: Level '/Game/Maps/EclypseVillage.EclypseVillage:PersistentLevel' has LevelScriptBlueprint '/Game/Maps/EclypseVillage.EclypseVillage:PersistentLevel.EclypseVillage' with GeneratedClass '/Game/Maps/EclypseVillage.EclypseVillage_C' with ClassGeneratedBy '/Game/Maps/EclypseVillage.EclypseVillage:PersistentLevel.EclypseVillage'
[2016.12.07-09.56.43:890][371]BlueprintLog: New page: Compile Expedition
[2016.12.07-09.56.44:633][431]Cmd: OBJ SAVEPACKAGE PACKAGE="/Game/BP/Expedition" FILE="../../../../../../Admin/Documents/GitHub Repositories/EclypseUE4/ProjectEclypse/Content/BP/Expedition.uasset" SILENT=true
[2016.12.07-09.56.44:649][431]LogSavePackage: Save=12.38ms
[2016.12.07-09.56.44:649][431]LogSavePackage: Moving '../../../../../../Admin/Documents/GitHub Repositories/EclypseUE4/ProjectEclypse/Saved/ExpeditionE26FB4C748929DE03E7E64924EA531A3.tmp' to '../../../../../../Admin/Documents/GitHub Repositories/EclypseUE4/ProjectEclypse/Content/BP/Expedition.uasset'
[2016.12.07-09.56.44:651][431]LogSavePackage:Display: Finished SavePackage ../../../../../../Admin/Documents/GitHub Repositories/EclypseUE4/ProjectEclypse/Content/BP/Expedition.uasset
[2016.12.07-09.56.44:865][454]Cmd: OBJ SAVEPACKAGE PACKAGE="/Game/BP/Expedition" FILE="../../../../../../Admin/Documents/GitHub Repositories/EclypseUE4/ProjectEclypse/Content/BP/Expedition.uasset" SILENT=true
[2016.12.07-09.56.44:881][454]LogSavePackage: Save=12.04ms
[2016.12.07-09.56.44:881][454]LogSavePackage: Moving '../../../../../../Admin/Documents/GitHub Repositories/EclypseUE4/ProjectEclypse/Saved/ExpeditionB65F5449421ABA453816FD8B7BF02820.tmp' to '../../../../../../Admin/Documents/GitHub Repositories/EclypseUE4/ProjectEclypse/Content/BP/Expedition.uasset'
[2016.12.07-09.56.44:883][454]LogSavePackage:Display: Finished SavePackage ../../../../../../Admin/Documents/GitHub Repositories/EclypseUE4/ProjectEclypse/Content/BP/Expedition.uasset
[2016.12.07-09.57.16:725][855]BlueprintLog: New page: Compile Expedition
[2016.12.07-09.57.17:224][873]Cmd: OBJ SAVEPACKAGE PACKAGE="/Game/BP/Expedition" FILE="../../../../../../Admin/Documents/GitHub Repositories/EclypseUE4/ProjectEclypse/Content/BP/Expedition.uasset" SILENT=true
[2016.12.07-09.57.17:241][873]LogSavePackage: Save=12.63ms
[2016.12.07-09.57.17:241][873]LogSavePackage: Moving '../../../../../../Admin/Documents/GitHub Repositories/EclypseUE4/ProjectEclypse/Saved/Expedition71ABFE0244A51E9715FF9BB72DBD2807.tmp' to '../../../../../../Admin/Documents/GitHub Repositories/EclypseUE4/ProjectEclypse/Content/BP/Expedition.uasset'
[2016.12.07-09.57.17:242][873]LogSavePackage:Display: Finished SavePackage ../../../../../../Admin/Documents/GitHub Repositories/EclypseUE4/ProjectEclypse/Content/BP/Expedition.uasset
[2016.12.07-09.57.17:708][902]Cmd: OBJ SAVEPACKAGE PACKAGE="/Game/BP/Expedition" FILE="../../../../../../Admin/Documents/GitHub Repositories/EclypseUE4/ProjectEclypse/Content/BP/Expedition.uasset" SILENT=true
[2016.12.07-09.57.17:723][902]LogSavePackage: Save=11.83ms
[2016.12.07-09.57.17:723][902]LogSavePackage: Moving '../../../../../../Admin/Documents/GitHub Repositories/EclypseUE4/ProjectEclypse/Saved/Expedition48CB1D9C4524EC21D61F82B0C7AC573C.tmp' to '../../../../../../Admin/Documents/GitHub Repositories/EclypseUE4/ProjectEclypse/Content/BP/Expedition.uasset'
[2016.12.07-09.57.17:724][902]LogSavePackage:Display: Finished SavePackage ../../../../../../Admin/Documents/GitHub Repositories/EclypseUE4/ProjectEclypse/Content/BP/Expedition.uasset
[2016.12.07-09.57.18:356][927]LogBlueprintUserMessages: Early PlayInEditor Detection: Level '/Game/Maps/EclypseVillage.EclypseVillage:PersistentLevel' has LevelScriptBlueprint '/Game/Maps/EclypseVillage.EclypseVillage:PersistentLevel.EclypseVillage' with GeneratedClass '/Game/Maps/EclypseVillage.EclypseVillage_C' with ClassGeneratedBy '/Game/Maps/EclypseVillage.EclypseVillage:PersistentLevel.EclypseVillage'
[2016.12.07-09.57.18:356][927]LogPlayLevel: PlayLevel: No blueprints needed recompiling
[2016.12.07-09.57.18:356][927]OCULUS: Debug: [HMDState] Using default profile default
[2016.12.07-09.57.18:356][927]OCULUS: Info: IAD changed to 64.6mm
[2016.12.07-09.57.18:356][927]LogHMD: New ovr session is created
[2016.12.07-09.57.18:370][927]LogHMD: HMD Oculus Rift CV1, res = 2160 x 1200
[2016.12.07-09.57.18:370][927]PIE: New page: PIE session: EclypseVillage (8 Dec 2016 6:57:18 am)
[2016.12.07-09.57.18:370][927]LogPlayLevel: Creating play world package: /Game/Maps/UEDPIE_0_EclypseVillage
[2016.12.07-09.57.18:380][927]LogPlayLevel: PIE: StaticDuplicateObject took: (0.009239s)
[2016.12.07-09.57.18:380][927]LogAIModule: Creating AISystem for world EclypseVillage
[2016.12.07-09.57.18:380][927]LogPlayLevel: PIE: World Init took: (0.000555s)
[2016.12.07-09.57.18:380][927]LogPlayLevel: PIE: Created PIE world by copying editor world from /Game/Maps/EclypseVillage.EclypseVillage to /Game/Maps/UEDPIE_0_EclypseVillage.EclypseVillage (0.009952s)
[2016.12.07-09.57.18:400][927]LogInit: XAudio2 using 'Speakers (Realtek High Definition Audio)' : 8 channels at 48 kHz using 32 bits per sample (channel mask 0x63f)
[2016.12.07-09.57.18:429][927]LogInit: FAudioDevice initialized.
[2016.12.07-09.57.18:463][927]LogWorld: Game class is 'GameManager_C'
[2016.12.07-09.57.18:466][927]LogWorld: Bringing World /Game/Maps/UEDPIE_0_EclypseVillage.EclypseVillage up for play (max tick rate 0) at 2016.12.07-20.57.18
[2016.12.07-09.57.18:466][927]LogWorld: Bringing up level for play took: 0.002140
[2016.12.07-09.57.18:466][927]LogGameMode:Display: Match State Changed from EnteringMap to WaitingToStart
[2016.12.07-09.57.18:466][927]LogGameState: Match State Changed from EnteringMap to WaitingToStart
[2016.12.07-09.57.18:466][927]LogGameMode:Display: Match State Changed from WaitingToStart to InProgress
[2016.12.07-09.57.18:468][927]LogGameState: Match State Changed from WaitingToStart to InProgress
[2016.12.07-09.57.18:470][927]PIE: Info Play in editor start time for /Game/Maps/UEDPIE_0_EclypseVillage -0.626
[2016.12.07-09.57.18:470][927]LogBlueprintUserMessages: Late PlayInEditor Detection: Level '/Game/Maps/EclypseVillage.EclypseVillage:PersistentLevel' has LevelScriptBlueprint '/Game/Maps/EclypseVillage.EclypseVillage:PersistentLevel.EclypseVillage' with GeneratedClass '/Game/Maps/EclypseVillage.EclypseVillage_C' with ClassGeneratedBy '/Game/Maps/EclypseVillage.EclypseVillage:PersistentLevel.EclypseVillage'
[2016.12.07-09.57.18:470][927]LogBlueprintUserMessages: [Expedition_12] Max Load Group50.0
[2016.12.07-09.57.18:507][928]LogBlueprintUserMessages: [Expedition_12] Max Load Group50.0
[2016.12.07-09.57.18:549][929]LogBlueprintUserMessages: [Expedition_12] Max Load Group50.0
[2016.12.07-09.57.18:577][930]LogBlueprintUserMessages: [Expedition_12] Max Load Group50.0
[2016.12.07-09.57.18:605][931]LogBlueprintUserMessages: [Expedition_12] Max Load Group50.0
[2016.12.07-09.57.18:632][932]LogBlueprintUserMessages: [Expedition_12] Max Load Group50.0
[2016.12.07-09.57.18:658][933]LogBlueprintUserMessages: [Expedition_12] Max Load Group50.0
[2016.12.07-09.57.18:686][934]LogBlueprintUserMessages: [Expedition_12] Max Load Group50.0
[2016.12.07-09.57.18:713][935]LogBlueprintUserMessages: [Expedition_12] Max Load Group50.0
[2016.12.07-09.57.18:740][936]LogBlueprintUserMessages: [Expedition_12] Max Load Group50.0
[2016.12.07-09.57.18:767][937]LogBlueprintUserMessages: [Expedition_12] Max Load Group50.0
[2016.12.07-09.57.18:794][938]LogBlueprintUserMessages: [Expedition_12] Max Load Group50.0
[2016.12.07-09.57.18:822][939]LogBlueprintUserMessages: [Expedition_12] Max Load Group50.0
[2016.12.07-09.57.18:849][940]LogBlueprintUserMessages: [Expedition_12] Max Load Group50.0
[2016.12.07-09.57.18:876][941]LogBlueprintUserMessages: [Expedition_12] Max Load Group50.0
[2016.12.07-09.57.18:903][942]LogBlueprintUserMessages: [Expedition_12] Max Load Group50.0
[2016.12.07-09.57.18:929][943]LogBlueprintUserMessages: [Expedition_12] Max Load Group50.0
[2016.12.07-09.57.18:957][944]LogBlueprintUserMessages: [Expedition_12] Max Load Group50.0
[2016.12.07-09.57.18:984][945]LogBlueprintUserMessages: [Expedition_12] Max Load Group50.0
[2016.12.07-09.57.19:012][946]LogBlueprintUserMessages: [Expedition_12] Max Load Group50.0
[2016.12.07-09.57.19:042][947]LogBlueprintUserMessages: [Expedition_12] Max Load Group50.0
[2016.12.07-09.57.19:070][948]LogBlueprintUserMessages: [Expedition_12] Max Load Group50.0
[2016.12.07-09.57.19:097][949]LogBlueprintUserMessages: [Expedition_12] Max Load Group50.0
[2016.12.07-09.57.19:123][950]LogBlueprintUserMessages: [Expedition_12] Max Load Group50.0
[2016.12.07-09.57.19:151][951]LogBlueprintUserMessages: [Expedition_12] Max Load Group50.0
[2016.12.07-09.57.19:178][952]LogBlueprintUserMessages: [Expedition_12] Max Load Group50.0
[2016.12.07-09.57.19:203][953]LogBlueprintUserMessages: [Expedition_12] Max Load Group50.0
[2016.12.07-09.57.19:231][954]LogBlueprintUserMessages: [Expedition_12] Max Load Group50.0
[2016.12.07-09.57.19:257][955]LogBlueprintUserMessages: [Expedition_12] Max Load Group50.0
[2016.12.07-09.57.19:283][956]LogBlueprintUserMessages: [Expedition_12] Max Load Group50.0
[2016.12.07-09.57.19:311][957]LogBlueprintUserMessages: [Expedition_12] Max Load Group50.0
[2016.12.07-09.57.19:337][958]LogBlueprintUserMessages: [Expedition_12] Max Load Group50.0
[2016.12.07-09.57.19:364][959]LogBlueprintUserMessages: [Expedition_12] Max Load Group50.0
[2016.12.07-09.57.19:391][960]LogBlueprintUserMessages: [Expedition_12] Max Load Group50.0
[2016.12.07-09.57.19:417][961]LogBlueprintUserMessages: [Expedition_12] Max Load Group50.0
[2016.12.07-09.57.19:446][962]LogBlueprintUserMessages: [Expedition_12] Max Load Group50.0
[2016.12.07-09.57.19:473][963]LogBlueprintUserMessages: [Expedition_12] Max Load Group50.0
[2016.12.07-09.57.19:500][964]LogBlueprintUserMessages: [Expedition_12] Max Load Group50.0
[2016.12.07-09.57.19:527][965]LogBlueprintUserMessages: [Expedition_12] Max Load Group50.0
[2016.12.07-09.57.19:555][966]LogBlueprintUserMessages: [Expedition_12] Max Load Group50.0
[2016.12.07-09.57.19:582][967]LogBlueprintUserMessages: [Expedition_12] Max Load Group50.0
[2016.12.07-09.57.19:609][968]LogBlueprintUserMessages: [Expedition_12] Max Load Group50.0
[2016.12.07-09.57.19:636][969]LogBlueprintUserMessages: [Expedition_12] Max Load Group50.0
[2016.12.07-09.57.19:667][970]LogBlueprintUserMessages: [Expedition_12] Max Load Group50.0
[2016.12.07-09.57.19:690][971]LogBlueprintUserMessages: [Expedition_12] Max Load Group50.0
[2016.12.07-09.57.19:737][972]LogBlueprintUserMessages: [Expedition_12] Max Load Group50.0
[2016.12.07-09.57.19:771][973]LogBlueprintUserMessages: [Expedition_12] Max Load Group50.0
[2016.12.07-09.57.19:810][974]LogBlueprintUserMessages: [Expedition_12] Max Load Group50.0
[2016.12.07-09.57.19:850][975]LogBlueprintUserMessages: [Expedition_12] Max Load Group50.0
[2016.12.07-09.57.19:891][976]LogBlueprintUserMessages: [Expedition_12] Max Load Group50.0
[2016.12.07-09.57.19:930][977]LogBlueprintUserMessages: [Expedition_12] Max Load Group50.0
[2016.12.07-09.57.19:969][978]LogBlueprintUserMessages: [Expedition_12] Max Load Group50.0
[2016.12.07-09.57.20:009][979]LogBlueprintUserMessages: [Expedition_12] Max Load Group50.0
[2016.12.07-09.57.20:047][980]LogBlueprintUserMessages: [Expedition_12] Max Load Group50.0
[2016.12.07-09.57.20:087][981]LogBlueprintUserMessages: [Expedition_12] Max Load Group50.0
[2016.12.07-09.57.20:127][982]LogBlueprintUserMessages: [Expedition_12] Max Load Group50.0
[2016.12.07-09.57.20:209][984]LogBlueprintUserMessages: [Expedition_12] Max Load Group50.0
[2016.12.07-09.57.20:210][984]LogBlueprintUserMessages: Early EndPlayMap Detection: Level '/Game/Maps/EclypseVillage.EclypseVillage:PersistentLevel' has LevelScriptBlueprint '/Game/Maps/EclypseVillage.EclypseVillage:PersistentLevel.EclypseVillage' with GeneratedClass '/Game/Maps/EclypseVillage.EclypseVillage_C' with ClassGeneratedBy '/Game/Maps/EclypseVillage.EclypseVillage:PersistentLevel.EclypseVillage'
[2016.12.07-09.57.20:245][984]LogHMD: Destroying ovr session
[2016.12.07-09.57.20:294][984]LogBlueprintUserMessages: Late EndPlayMap Detection: Level '/Game/Maps/EclypseVillage.EclypseVillage:PersistentLevel' has LevelScriptBlueprint '/Game/Maps/EclypseVillage.EclypseVillage:PersistentLevel.EclypseVillage' with GeneratedClass '/Game/Maps/EclypseVillage.EclypseVillage_C' with ClassGeneratedBy '/Game/Maps/EclypseVillage.EclypseVillage:PersistentLevel.EclypseVillage'
[2016.12.07-09.57.34:283][158]BlueprintLog: New page: Compile Expedition
[2016.12.07-09.57.34:952][181]Cmd: OBJ SAVEPACKAGE PACKAGE="/Game/BP/Expedition" FILE="../../../../../../Admin/Documents/GitHub Repositories/EclypseUE4/ProjectEclypse/Content/BP/Expedition.uasset" SILENT=true
[2016.12.07-09.57.34:967][181]LogSavePackage: Save=12.18ms
[2016.12.07-09.57.34:967][181]LogSavePackage: Moving '../../../../../../Admin/Documents/GitHub Repositories/EclypseUE4/ProjectEclypse/Saved/ExpeditionA480133245A398E8562A2497741B4E98.tmp' to '../../../../../../Admin/Documents/GitHub Repositories/EclypseUE4/ProjectEclypse/Content/BP/Expedition.uasset'
[2016.12.07-09.57.34:968][181]LogSavePackage:Display: Finished SavePackage ../../../../../../Admin/Documents/GitHub Repositories/EclypseUE4/ProjectEclypse/Content/BP/Expedition.uasset
[2016.12.07-09.57.41:643][846]Cmd: OBJ SAVEPACKAGE PACKAGE="/Game/BP/Expedition" FILE="../../../../../../Admin/Documents/GitHub Repositories/EclypseUE4/ProjectEclypse/Content/BP/Expedition.uasset" SILENT=true
[2016.12.07-09.57.41:658][846]LogSavePackage: Save=11.89ms
[2016.12.07-09.57.41:658][846]LogSavePackage: Moving '../../../../../../Admin/Documents/GitHub Repositories/EclypseUE4/ProjectEclypse/Saved/Expedition4DBF9DEA4922582E9435F398419A8915.tmp' to '../../../../../../Admin/Documents/GitHub Repositories/EclypseUE4/ProjectEclypse/Content/BP/Expedition.uasset'
[2016.12.07-09.57.41:677][846]LogSavePackage:Display: Finished SavePackage ../../../../../../Admin/Documents/GitHub Repositories/EclypseUE4/ProjectEclypse/Content/BP/Expedition.uasset
[2016.12.07-10.01.00:799][827]LogMetaData: Removing '/Game/BP/CompassRose.CompassRose' ref from Metadata '/Game/BP/NewUserDefinedEnum.PackageMetaData'
[2016.12.07-10.01.00:824][827]Cmd: OBJ SAVEPACKAGE PACKAGE="/Game/BP/CompassRose" FILE="../../../../../../Admin/Documents/GitHub Repositories/EclypseUE4/ProjectEclypse/Content/BP/CompassRose.uasset" SILENT=true
[2016.12.07-10.01.00:828][827]LogSavePackage: Save=3.04ms
[2016.12.07-10.01.00:828][827]LogSavePackage: Moving '../../../../../../Admin/Documents/GitHub Repositories/EclypseUE4/ProjectEclypse/Saved/CompassRose641F69824A9FC45F5E1F24A7910A6BA1.tmp' to '../../../../../../Admin/Documents/GitHub Repositories/EclypseUE4/ProjectEclypse/Content/BP/CompassRose.uasset'
[2016.12.07-10.01.00:829][827]LogSavePackage:Display: Finished SavePackage ../../../../../../Admin/Documents/GitHub Repositories/EclypseUE4/ProjectEclypse/Content/BP/CompassRose.uasset
[2016.12.07-10.01.05:672][280]LogEnum:Warning: In asset 'None', there is an enum property of type 'CompassRose' with an invalid value of 'CompassRose::NewEnumerator0'
[2016.12.07-10.01.05:794][280]LogEnum:Warning: In asset 'None', there is an enum property of type 'CompassRose' with an invalid value of 'NewUserDefinedEnum_MAX'
[2016.12.07-10.01.05:794][280]LogEnum:Warning: In asset 'None', there is an enum property of type 'CompassRose' with an invalid value of 'NewUserDefinedEnum_MAX'
[2016.12.07-10.01.05:922][296]LogEnum:Warning: In asset 'None', there is an enum property of type 'CompassRose' with an invalid value of 'CompassRose::NewEnumerator1'
[2016.12.07-10.01.05:926][296]LogEnum:Warning: In asset 'None', there is an enum property of type 'CompassRose' with an invalid value of '(INVALID)'
[2016.12.07-10.01.05:926][296]LogEnum:Warning: In asset 'None', there is an enum property of type 'CompassRose' with an invalid value of '(INVALID)'
[2016.12.07-10.01.06:080][315]LogEnum:Warning: In asset 'None', there is an enum property of type 'CompassRose' with an invalid value of 'CompassRose::NewEnumerator2'
[2016.12.07-10.01.06:084][315]LogEnum:Warning: In asset 'None', there is an enum property of type 'CompassRose' with an invalid value of '(INVALID)'
[2016.12.07-10.01.06:084][315]LogEnum:Warning: In asset 'None', there is an enum property of type 'CompassRose' with an invalid value of '(INVALID)'
[2016.12.07-10.01.06:247][335]LogEnum:Warning: In asset 'None', there is an enum property of type 'CompassRose' with an invalid value of 'CompassRose::NewEnumerator3'
[2016.12.07-10.01.06:251][335]LogEnum:Warning: In asset 'None', there is an enum property of type 'CompassRose' with an invalid value of '(INVALID)'
[2016.12.07-10.01.06:251][335]LogEnum:Warning: In asset 'None', there is an enum property of type 'CompassRose' with an invalid value of '(INVALID)'
[2016.12.07-10.01.06:406][354]LogEnum:Warning: In asset 'None', there is an enum property of type 'CompassRose' with an invalid value of 'CompassRose::NewEnumerator4'
[2016.12.07-10.01.06:409][354]LogEnum:Warning: In asset 'None', there is an enum property of type 'CompassRose' with an invalid value of '(INVALID)'
[2016.12.07-10.01.06:409][354]LogEnum:Warning: In asset 'None', there is an enum property of type 'CompassRose' with an invalid value of '(INVALID)'
[2016.12.07-10.01.10:183][807]LogEnum:Warning: In asset 'None', there is an enum property of type 'CompassRose' with an invalid value of '(INVALID)'
[2016.12.07-10.01.10:183][807]LogEnum:Warning: In asset 'None', there is an enum property of type 'CompassRose' with an invalid value of '(INVALID)'
[2016.12.07-10.01.14:427][295]LogEnum:Warning: In asset 'None', there is an enum property of type 'CompassRose' with an invalid value of '(INVALID)'
[2016.12.07-10.01.14:428][295]LogEnum:Warning: In asset 'None', there is an enum property of type 'CompassRose' with an invalid value of '(INVALID)'
[2016.12.07-10.01.21:624][137]LogEnum:Warning: In asset 'None', there is an enum property of type 'CompassRose' with an invalid value of '(INVALID)'
[2016.12.07-10.01.21:625][137]LogEnum:Warning: In asset 'None', there is an enum property of type 'CompassRose' with an invalid value of '(INVALID)'
[2016.12.07-10.01.27:033][786]LogEnum:Warning: In asset 'None', there is an enum property of type 'CompassRose' with an invalid value of '(INVALID)'
[2016.12.07-10.01.27:033][786]LogEnum:Warning: In asset 'None', there is an enum property of type 'CompassRose' with an invalid value of '(INVALID)'
[2016.12.07-10.01.56:838][293]LogEnum:Warning: In asset 'None', there is an enum property of type 'CompassRose' with an invalid value of '(INVALID)'
[2016.12.07-10.01.56:838][293]LogEnum:Warning: In asset 'None', there is an enum property of type 'CompassRose' with an invalid value of '(INVALID)'
[2016.12.07-10.01.58:937][532]LogEnum:Warning: In asset 'None', there is an enum property of type 'CompassRose' with an invalid value of 'CompassRose::NewEnumerator5'
[2016.12.07-10.01.58:942][532]LogEnum:Warning: In asset 'None', there is an enum property of type 'CompassRose' with an invalid value of '(INVALID)'
[2016.12.07-10.01.58:942][532]LogEnum:Warning: In asset 'None', there is an enum property of type 'CompassRose' with an invalid value of '(INVALID)'
[2016.12.07-10.02.02:121][885]LogEnum:Warning: In asset 'None', there is an enum property of type 'CompassRose' with an invalid value of '(INVALID)'
[2016.12.07-10.02.02:121][885]LogEnum:Warning: In asset 'None', there is an enum property of type 'CompassRose' with an invalid value of '(INVALID)'
[2016.12.07-10.02.04:565][176]LogEnum:Warning: In asset 'None', there is an enum property of type 'CompassRose' with an invalid value of 'CompassRose::NewEnumerator6'
[2016.12.07-10.02.04:569][176]LogEnum:Warning: In asset 'None', there is an enum property of type 'CompassRose' with an invalid value of '(INVALID)'
[2016.12.07-10.02.04:569][176]LogEnum:Warning: In asset 'None', there is an enum property of type 'CompassRose' with an invalid value of '(INVALID)'
[2016.12.07-10.02.07:076][477]LogEnum:Warning: In asset 'None', there is an enum property of type 'CompassRose' with an invalid value of '(INVALID)'
[2016.12.07-10.02.07:076][477]LogEnum:Warning: In asset 'None', there is an enum property of type 'CompassRose' with an invalid value of '(INVALID)'
[2016.12.07-10.02.08:561][651]LogEnum:Warning: In asset 'None', there is an enum property of type 'CompassRose' with an invalid value of 'CompassRose::NewEnumerator7'
[2016.12.07-10.02.08:565][651]LogEnum:Warning: In asset 'None', there is an enum property of type 'CompassRose' with an invalid value of '(INVALID)'
[2016.12.07-10.02.08:565][651]LogEnum:Warning: In asset 'None', there is an enum property of type 'CompassRose' with an invalid value of '(INVALID)'
[2016.12.07-10.02.14:938][410]LogEnum:Warning: In asset 'None', there is an enum property of type 'CompassRose' with an invalid value of '(INVALID)'
[2016.12.07-10.02.14:938][410]LogEnum:Warning: In asset 'None', there is an enum property of type 'CompassRose' with an invalid value of '(INVALID)'
[2016.12.07-10.02.30:424][138]LogEnum:Warning: In asset 'None', there is an enum property of type 'CompassRose' with an invalid value of '(INVALID)'
[2016.12.07-10.02.30:424][138]LogEnum:Warning: In asset 'None', there is an enum property of type 'CompassRose' with an invalid value of '(INVALID)'
[2016.12.07-10.02.33:165][467]LogEnum:Warning: In asset 'None', there is an enum property of type 'CompassRose' with an invalid value of '(INVALID)'
[2016.12.07-10.02.33:165][467]LogEnum:Warning: In asset 'None', there is an enum property of type 'CompassRose' with an invalid value of '(INVALID)'
[2016.12.07-10.02.35:357][730]LogEnum:Warning: In asset 'None', there is an enum property of type 'CompassRose' with an invalid value of '(INVALID)'
[2016.12.07-10.02.35:357][730]LogEnum:Warning: In asset 'None', there is an enum property of type 'CompassRose' with an invalid value of '(INVALID)'
[2016.12.07-10.02.56:497][958]LogEnum:Warning: In asset 'None', there is an enum property of type 'CompassRose' with an invalid value of '(INVALID)'
[2016.12.07-10.02.56:497][958]LogEnum:Warning: In asset 'None', there is an enum property of type 'CompassRose' with an invalid value of '(INVALID)'
[2016.12.07-10.02.58:587][181]LogEnum:Warning: In asset 'None', there is an enum property of type 'CompassRose' with an invalid value of '(INVALID)'
[2016.12.07-10.02.58:587][181]LogEnum:Warning: In asset 'None', there is an enum property of type 'CompassRose' with an invalid value of '(INVALID)'
[2016.12.07-10.02.58:776][190]LogEnum:Warning: In asset 'None', there is an enum property of type 'CompassRose' with an invalid value of '(INVALID)'
[2016.12.07-10.02.58:776][190]LogEnum:Warning: In asset 'None', there is an enum property of type 'CompassRose' with an invalid value of '(INVALID)'
[2016.12.07-10.02.58:924][205]LogEnum:Warning: In asset 'None', there is an enum property of type 'CompassRose' with an invalid value of '(INVALID)'
[2016.12.07-10.02.58:924][205]LogEnum:Warning: In asset 'None', there is an enum property of type 'CompassRose' with an invalid value of '(INVALID)'
[2016.12.07-10.03.00:615][390]LogEnum:Warning: In asset 'None', there is an enum property of type 'CompassRose' with an invalid value of 'CompassRose::NewEnumerator8'
[2016.12.07-10.03.00:619][390]LogEnum:Warning: In asset 'None', there is an enum property of type 'CompassRose' with an invalid value of '(INVALID)'
[2016.12.07-10.03.00:619][390]LogEnum:Warning: In asset 'None', there is an enum property of type 'CompassRose' with an invalid value of '(INVALID)'
[2016.12.07-10.03.01:132][452]LogEnum:Warning: In asset 'None', there is an enum property of type 'CompassRose' with an invalid value of 'CompassRose::NewEnumerator9'
[2016.12.07-10.03.01:136][452]LogEnum:Warning: In asset 'None', there is an enum property of type 'CompassRose' with an invalid value of '(INVALID)'
[2016.12.07-10.03.01:136][452]LogEnum:Warning: In asset 'None', there is an enum property of type 'CompassRose' with an invalid value of '(INVALID)'
[2016.12.07-10.03.01:299][472]LogEnum:Warning: In asset 'None', there is an enum property of type 'CompassRose' with an invalid value of 'CompassRose::NewEnumerator10'
[2016.12.07-10.03.01:303][472]LogEnum:Warning: In asset 'None', there is an enum property of type 'CompassRose' with an invalid value of '(INVALID)'
[2016.12.07-10.03.01:303][472]LogEnum:Warning: In asset 'None', there is an enum property of type 'CompassRose' with an invalid value of '(INVALID)'
[2016.12.07-10.03.01:466][492]LogEnum:Warning: In asset 'None', there is an enum property of type 'CompassRose' with an invalid value of 'CompassRose::NewEnumerator11'
[2016.12.07-10.03.01:469][492]LogEnum:Warning: In asset 'None', there is an enum property of type 'CompassRose' with an invalid value of '(INVALID)'
[2016.12.07-10.03.01:469][492]LogEnum:Warning: In asset 'None', there is an enum property of type 'CompassRose' with an invalid value of '(INVALID)'
[2016.12.07-10.03.12:015][738]LogEnum:Warning: In asset 'None', there is an enum property of type 'CompassRose' with an invalid value of '(INVALID)'
[2016.12.07-10.03.12:015][738]LogEnum:Warning: In asset 'None', there is an enum property of type 'CompassRose' with an invalid value of '(INVALID)'
[2016.12.07-10.03.14:140][993]LogEnum:Warning: In asset 'None', there is an enum property of type 'CompassRose' with an invalid value of '(INVALID)'
[2016.12.07-10.03.14:140][993]LogEnum:Warning: In asset 'None', there is an enum property of type 'CompassRose' with an invalid value of '(INVALID)'
[2016.12.07-10.03.16:879][305]LogEnum:Warning: In asset 'None', there is an enum property of type 'CompassRose' with an invalid value of '(INVALID)'
[2016.12.07-10.03.16:879][305]LogEnum:Warning: In asset 'None', there is an enum property of type 'CompassRose' with an invalid value of '(INVALID)'
[2016.12.07-10.03.19:595][631]LogEnum:Warning: In asset 'None', there is an enum property of type 'CompassRose' with an invalid value of '(INVALID)'
[2016.12.07-10.03.19:596][631]LogEnum:Warning: In asset 'None', there is an enum property of type 'CompassRose' with an invalid value of '(INVALID)'
[2016.12.07-10.03.23:787][113]LogEnum:Warning: In asset 'None', there is an enum property of type 'CompassRose' with an invalid value of '(INVALID)'
[2016.12.07-10.03.23:787][113]LogEnum:Warning: In asset 'None', there is an enum property of type 'CompassRose' with an invalid value of '(INVALID)'
[2016.12.07-10.03.25:168][248]Cmd: OBJ SAVEPACKAGE PACKAGE="/Game/BP/CompassRose" FILE="../../../../../../Admin/Documents/GitHub Repositories/EclypseUE4/ProjectEclypse/Content/BP/CompassRose.uasset" SILENT=true
[2016.12.07-10.03.25:177][248]LogSavePackage: Save=3.71ms
[2016.12.07-10.03.25:177][248]LogSavePackage: Moving '../../../../../../Admin/Documents/GitHub Repositories/EclypseUE4/ProjectEclypse/Saved/CompassRose944690224EF2B0B69B92488B1CACE4DD.tmp' to '../../../../../../Admin/Documents/GitHub Repositories/EclypseUE4/ProjectEclypse/Content/BP/CompassRose.uasset'
[2016.12.07-10.03.25:179][248]LogSavePackage:Display: Finished SavePackage ../../../../../../Admin/Documents/GitHub Repositories/EclypseUE4/ProjectEclypse/Content/BP/CompassRose.uasset
[2016.12.07-10.03.27:343][369]BlueprintLog: New page: Compile Expedition
[2016.12.07-10.04.05:194][110]BlueprintLog: New page: Compile Expedition
[2016.12.07-10.04.18:083][ 88]BlueprintLog: New page: Compile Expedition
[2016.12.07-10.04.18:494][102]Cmd: OBJ SAVEPACKAGE PACKAGE="/Game/BP/Expedition" FILE="../../../../../../Admin/Documents/GitHub Repositories/EclypseUE4/ProjectEclypse/Content/BP/Expedition.uasset" SILENT=true
[2016.12.07-10.04.18:514][102]LogSavePackage: Save=12.39ms
[2016.12.07-10.04.18:514][102]LogSavePackage: Moving '../../../../../../Admin/Documents/GitHub Repositories/EclypseUE4/ProjectEclypse/Saved/ExpeditionC08E8E66454C0B7748DAE2B321650E85.tmp' to '../../../../../../Admin/Documents/GitHub Repositories/EclypseUE4/ProjectEclypse/Content/BP/Expedition.uasset'
[2016.12.07-10.04.18:519][102]LogSavePackage:Display: Finished SavePackage ../../../../../../Admin/Documents/GitHub Repositories/EclypseUE4/ProjectEclypse/Content/BP/Expedition.uasset
[2016.12.07-10.05.42:553][939]LogSavePackage: Save=301.16ms
[2016.12.07-10.05.42:553][939]LogSavePackage: Moving '../../../../../../Admin/Documents/GitHub Repositories/EclypseUE4/ProjectEclypse/Saved/EclypseVillage_Auto35118B24A4CD2B62DF138B5980E2A35EA.tmp' to '../../../../../../Admin/Documents/GitHub Repositories/EclypseUE4/ProjectEclypse/Saved/Autosaves/Game/Maps/EclypseVillage_Auto3.umap'
[2016.12.07-10.05.42:554][939]LogSavePackage:Display: Finished SavePackage ../../../../../../Admin/Documents/GitHub Repositories/EclypseUE4/ProjectEclypse/Saved/Autosaves/Game/Maps/EclypseVillage_Auto3.umap
[2016.12.07-10.05.42:557][939]LogFileHelpers: Editor autosave (incl. sublevels) for '/Game/Maps/EclypseVillage' took 0.344
[2016.12.07-10.05.42:557][939]LogFileHelpers: Edit