Log file open, 12/11/16 09:39:00
LogInit:Display: Running engine for game: ProjectEclypse
LogPlatformFile: Not using cached read wrapper
LogInit:Display: RandInit(1080009882) SRandInit(1080009882).
LogTaskGraph: Started task graph with 5 named threads and 8 total threads with 1 sets of task threads.
LogStats: Stats thread started at 0.060915
LogPluginManager: Loaded Plugin Paper2D, From D:/Program Files (x86)/Epic Games/4.13/Engine/Plugins/2D/Paper2D/Paper2D.uplugin
LogPluginManager: Loaded Plugin LightPropagationVolume, From D:/Program Files (x86)/Epic Games/4.13/Engine/Plugins/Blendables/LightPropagationVolume/LightPropagationVolume.uplugin
LogPluginManager: Loaded Plugin BlankPlugin, From D:/Program Files (x86)/Epic Games/4.13/Engine/Plugins/Developer/BlankPlugin/BlankPlugin.uplugin
LogPluginManager: Loaded Plugin CodeLiteSourceCodeAccess, From D:/Program Files (x86)/Epic Games/4.13/Engine/Plugins/Developer/CodeLiteSourceCodeAccess/CodeLiteSourceCodeAccess.uplugin
LogPluginManager: Loaded Plugin GitSourceControl, From D:/Program Files (x86)/Epic Games/4.13/Engine/Plugins/Developer/GitSourceControl/GitSourceControl.uplugin
LogPluginManager: Loaded Plugin KDevelopSourceCodeAccess, From D:/Program Files (x86)/Epic Games/4.13/Engine/Plugins/Developer/KDevelopSourceCodeAccess/KDevelopSourceCodeAccess.uplugin
LogPluginManager: Loaded Plugin NullSourceCodeAccess, From D:/Program Files (x86)/Epic Games/4.13/Engine/Plugins/Developer/NullSourceCodeAccess/NullSourceCodeAccess.uplugin
LogPluginManager: Loaded Plugin OneSkyLocalizationService, From D:/Program Files (x86)/Epic Games/4.13/Engine/Plugins/Developer/OneSkyLocalizationService/OneSkyLocalizationService.uplugin
LogPluginManager: Loaded Plugin PerforceSourceControl, From D:/Program Files (x86)/Epic Games/4.13/Engine/Plugins/Developer/PerforceSourceControl/PerforceSourceControl.uplugin
LogPluginManager: Loaded Plugin SubversionSourceControl, From D:/Program Files (x86)/Epic Games/4.13/Engine/Plugins/Developer/SubversionSourceControl/SubversionSourceControl.uplugin
LogPluginManager: Loaded Plugin UObjectPlugin, From D:/Program Files (x86)/Epic Games/4.13/Engine/Plugins/Developer/UObjectPlugin/UObjectPlugin.uplugin
LogPluginManager: Loaded Plugin VisualStudioSourceCodeAccess, From D:/Program Files (x86)/Epic Games/4.13/Engine/Plugins/Developer/VisualStudioSourceCodeAccess/VisualStudioSourceCodeAccess.uplugin
LogPluginManager: Loaded Plugin XCodeSourceCodeAccess, From D:/Program Files (x86)/Epic Games/4.13/Engine/Plugins/Developer/XCodeSourceCodeAccess/XCodeSourceCodeAccess.uplugin
LogPluginManager: Loaded Plugin EpicSurvey, From D:/Program Files (x86)/Epic Games/4.13/Engine/Plugins/Editor/EpicSurvey/EpicSurvey.uplugin
LogPluginManager: Loaded Plugin MacGraphicsSwitching, From D:/Program Files (x86)/Epic Games/4.13/Engine/Plugins/Editor/MacGraphicsSwitching/MacGraphicsSwitching.uplugin
LogPluginManager: Loaded Plugin MobileLauncherProfileWizard, From D:/Program Files (x86)/Epic Games/4.13/Engine/Plugins/Editor/MobileLauncherProfileWizard/MobileLauncherProfileWizard.uplugin
LogPluginManager: Loaded Plugin PluginBrowser, From D:/Program Files (x86)/Epic Games/4.13/Engine/Plugins/Editor/PluginBrowser/PluginBrowser.uplugin
LogPluginManager: Loaded Plugin SpeedTreeImporter, From D:/Program Files (x86)/Epic Games/4.13/Engine/Plugins/Editor/SpeedTreeImporter/SpeedTreeImporter.uplugin
LogPluginManager: Loaded Plugin SuperSearchEditor, From D:/Program Files (x86)/Epic Games/4.13/Engine/Plugins/Editor/SuperSearchEditor/SuperSearchEditor.uplugin
LogPluginManager: Loaded Plugin AlembicImporter, From D:/Program Files (x86)/Epic Games/4.13/Engine/Plugins/Experimental/AlembicImporter/AlembicImporter.uplugin
LogPluginManager: Loaded Plugin BlueprintStats, From D:/Program Files (x86)/Epic Games/4.13/Engine/Plugins/Experimental/BlueprintStats/BlueprintStats.uplugin
LogPluginManager: Loaded Plugin CharacterAI, From D:/Program Files (x86)/Epic Games/4.13/Engine/Plugins/Experimental/CharacterAI/CharacterAI.uplugin
LogPluginManager: Loaded Plugin CodeEditor, From D:/Program Files (x86)/Epic Games/4.13/Engine/Plugins/Experimental/CodeEditor/CodeEditor.uplugin
LogPluginManager: Loaded Plugin CodeView, From D:/Program Files (x86)/Epic Games/4.13/Engine/Plugins/Experimental/CodeView/CodeView.uplugin
LogPluginManager: Loaded Plugin HTML5Networking, From D:/Program Files (x86)/Epic Games/4.13/Engine/Plugins/Experimental/HTML5Networking/HTML5Networking.uplugin
LogPluginManager: Loaded Plugin LiveEditor, From D:/Program Files (x86)/Epic Games/4.13/Engine/Plugins/Experimental/LiveEditor/LiveEditor.uplugin
LogPluginManager: Loaded Plugin OSVR, From D:/Program Files (x86)/Epic Games/4.13/Engine/Plugins/Experimental/OSVR/OSVR.uplugin
LogPluginManager: Loaded Plugin Phya, From D:/Program Files (x86)/Epic Games/4.13/Engine/Plugins/Experimental/Phya/Phya.uplugin
LogPluginManager: Loaded Plugin SignificanceManager, From D:/Program Files (x86)/Epic Games/4.13/Engine/Plugins/Experimental/SignificanceManager/SignificanceManager.uplugin
LogPluginManager: Loaded Plugin SimpleHMD, From D:/Program Files (x86)/Epic Games/4.13/Engine/Plugins/Experimental/SimpleHMD/SimpleHMD.uplugin
LogPluginManager: Loaded Plugin StereoPanorama, From D:/Program Files (x86)/Epic Games/4.13/Engine/Plugins/Experimental/StereoPanorama/StereoPanorama.uplugin
LogPluginManager: Loaded Plugin StructBox, From D:/Program Files (x86)/Epic Games/4.13/Engine/Plugins/Experimental/StructBox/StructBox.uplugin
LogPluginManager: Loaded Plugin Substance, From D:/Program Files (x86)/Epic Games/4.13/Engine/Plugins/Marketplace/Substance/Substance.uplugin
LogPluginManager: Loaded Plugin AndroidMedia, From D:/Program Files (x86)/Epic Games/4.13/Engine/Plugins/Media/AndroidMedia/AndroidMedia.uplugin
LogPluginManager: Loaded Plugin AvfMedia, From D:/Program Files (x86)/Epic Games/4.13/Engine/Plugins/Media/AvfMedia/AvfMedia.uplugin
LogPluginManager: Loaded Plugin MediaPlayerEditor, From D:/Program Files (x86)/Epic Games/4.13/Engine/Plugins/Media/MediaPlayerEditor/MediaPlayerEditor.uplugin
LogPluginManager: Loaded Plugin WmfMedia, From D:/Program Files (x86)/Epic Games/4.13/Engine/Plugins/Media/WmfMedia/WmfMedia.uplugin
LogPluginManager: Loaded Plugin MessagingDebugger, From D:/Program Files (x86)/Epic Games/4.13/Engine/Plugins/Messaging/MessagingDebugger/MessagingDebugger.uplugin
LogPluginManager: Loaded Plugin TcpMessaging, From D:/Program Files (x86)/Epic Games/4.13/Engine/Plugins/Messaging/TcpMessaging/TcpMessaging.uplugin
LogPluginManager: Loaded Plugin UdpMessaging, From D:/Program Files (x86)/Epic Games/4.13/Engine/Plugins/Messaging/UdpMessaging/UdpMessaging.uplugin
LogPluginManager: Loaded Plugin LevelSequenceEditor, From D:/Program Files (x86)/Epic Games/4.13/Engine/Plugins/MovieScene/LevelSequenceEditor/LevelSequenceEditor.uplugin
LogPluginManager: Loaded Plugin MatineeToLevelSequence, From D:/Program Files (x86)/Epic Games/4.13/Engine/Plugins/MovieScene/MatineeToLevelSequence/MatineeToLevelSequence.uplugin
LogPluginManager: Loaded Plugin NetcodeUnitTest, From D:/Program Files (x86)/Epic Games/4.13/Engine/Plugins/NetcodeUnitTest/NetcodeUnitTest/NetcodeUnitTest.uplugin
LogPluginManager: Loaded Plugin NUTUnrealEngine4, From D:/Program Files (x86)/Epic Games/4.13/Engine/Plugins/NetcodeUnitTest/NUTUnrealEngine4/NUTUnrealEngine4.uplugin
LogPluginManager: Loaded Plugin OnlineSubsystemGooglePlay, From D:/Program Files (x86)/Epic Games/4.13/Engine/Plugins/Online/Android/OnlineSubsystemGooglePlay/OnlineSubsystemGooglePlay.uplugin
LogPluginManager: Loaded Plugin OnlineSubsystemIOS, From D:/Program Files (x86)/Epic Games/4.13/Engine/Plugins/Online/IOS/OnlineSubsystemIOS/OnlineSubsystemIOS.uplugin
LogPluginManager: Loaded Plugin OnlineFramework, From D:/Program Files (x86)/Epic Games/4.13/Engine/Plugins/Online/OnlineFramework/OnlineFramework.uplugin
LogPluginManager: Loaded Plugin OnlineSubsystem, From D:/Program Files (x86)/Epic Games/4.13/Engine/Plugins/Online/OnlineSubsystem/OnlineSubsystem.uplugin
LogPluginManager: Loaded Plugin OnlineSubsystemAmazon, From D:/Program Files (x86)/Epic Games/4.13/Engine/Plugins/Online/OnlineSubsystemAmazon/OnlineSubsystemAmazon.uplugin
LogPluginManager: Loaded Plugin OnlineSubsystemFacebook, From D:/Program Files (x86)/Epic Games/4.13/Engine/Plugins/Online/OnlineSubsystemFacebook/OnlineSubsystemFacebook.uplugin
LogPluginManager: Loaded Plugin OnlineSubsystemNull, From D:/Program Files (x86)/Epic Games/4.13/Engine/Plugins/Online/OnlineSubsystemNull/OnlineSubsystemNull.uplugin
LogPluginManager: Loaded Plugin OnlineSubsystemOculus, From D:/Program Files (x86)/Epic Games/4.13/Engine/Plugins/Online/OnlineSubsystemOculus/OnlineSubsystemOculus.uplugin
LogPluginManager: Loaded Plugin OnlineSubsystemSteam, From D:/Program Files (x86)/Epic Games/4.13/Engine/Plugins/Online/OnlineSubsystemSteam/OnlineSubsystemSteam.uplugin
LogPluginManager: Loaded Plugin OnlineSubsystemUtils, From D:/Program Files (x86)/Epic Games/4.13/Engine/Plugins/Online/OnlineSubsystemUtils/OnlineSubsystemUtils.uplugin
LogPluginManager: Loaded Plugin IOSTapJoy, From D:/Program Files (x86)/Epic Games/4.13/Engine/Plugins/Runtime/Advertising/IOSTapJoy/IOSTapJoy.uplugin
LogPluginManager: Loaded Plugin AnalyticsBlueprintLibrary, From D:/Program Files (x86)/Epic Games/4.13/Engine/Plugins/Runtime/Analytics/AnalyticsBlueprintLibrary/AnalyticsBlueprintLibrary.uplugin
LogPluginManager: Loaded Plugin AnalyticsMulticast, From D:/Program Files (x86)/Epic Games/4.13/Engine/Plugins/Runtime/Analytics/AnalyticsMulticast/AnalyticsMulticast.uplugin
LogPluginManager: Loaded Plugin Apsalar, From D:/Program Files (x86)/Epic Games/4.13/Engine/Plugins/Runtime/Analytics/Apsalar/Apsalar.uplugin
LogPluginManager: Loaded Plugin FileLogging, From D:/Program Files (x86)/Epic Games/4.13/Engine/Plugins/Runtime/Analytics/FileLogging/FileLogging.uplugin
LogPluginManager: Loaded Plugin Flurry, From D:/Program Files (x86)/Epic Games/4.13/Engine/Plugins/Runtime/Analytics/Flurry/Flurry.uplugin
LogPluginManager: Loaded Plugin AndroidDeviceProfileSelector, From D:/Program Files (x86)/Epic Games/4.13/Engine/Plugins/Runtime/AndroidDeviceProfileSelector/AndroidDeviceProfileSelector.uplugin
LogPluginManager: Loaded Plugin AndroidMoviePlayer, From D:/Program Files (x86)/Epic Games/4.13/Engine/Plugins/Runtime/AndroidMoviePlayer/AndroidMoviePlayer.uplugin
LogPluginManager: Loaded Plugin AppleMoviePlayer, From D:/Program Files (x86)/Epic Games/4.13/Engine/Plugins/Runtime/AppleMoviePlayer/AppleMoviePlayer.uplugin
LogPluginManager: Loaded Plugin ArchVisCharacter, From D:/Program Files (x86)/Epic Games/4.13/Engine/Plugins/Runtime/ArchVisCharacter/ArchVisCharacter.uplugin
LogPluginManager: Loaded Plugin CableComponent, From D:/Program Files (x86)/Epic Games/4.13/Engine/Plugins/Runtime/CableComponent/CableComponent.uplugin
LogPluginManager: Loaded Plugin CustomMeshComponent, From D:/Program Files (x86)/Epic Games/4.13/Engine/Plugins/Runtime/CustomMeshComponent/CustomMeshComponent.uplugin
LogPluginManager: Loaded Plugin ExampleDeviceProfileSelector, From D:/Program Files (x86)/Epic Games/4.13/Engine/Plugins/Runtime/ExampleDeviceProfileSelector/ExampleDeviceProfileSelector.uplugin
LogPluginManager: Loaded Plugin GearVR, From D:/Program Files (x86)/Epic Games/4.13/Engine/Plugins/Runtime/GearVR/GearVR.uplugin
LogPluginManager: Loaded Plugin GoogleVRController, From D:/Program Files (x86)/Epic Games/4.13/Engine/Plugins/Runtime/GoogleVR/GoogleVRController/GoogleVRController.uplugin
LogPluginManager: Loaded Plugin GoogleVRHMD, From D:/Program Files (x86)/Epic Games/4.13/Engine/Plugins/Runtime/GoogleVR/GoogleVRHMD/GoogleVRHMD.uplugin
LogPluginManager: Loaded Plugin IOSDeviceProfileSelector, From D:/Program Files (x86)/Epic Games/4.13/Engine/Plugins/Runtime/IOSDeviceProfileSelector/IOSDeviceProfileSelector.uplugin
LogPluginManager: Loaded Plugin LeapMotion, From D:/Program Files (x86)/Epic Games/4.13/Engine/Plugins/Runtime/LeapMotion/LeapMotion.uplugin
LogPluginManager: Loaded Plugin LinuxDeviceProfileSelector, From D:/Program Files (x86)/Epic Games/4.13/Engine/Plugins/Runtime/LinuxDeviceProfileSelector/LinuxDeviceProfileSelector.uplugin
LogPluginManager: Loaded Plugin LiveEditorListenServer, From D:/Program Files (x86)/Epic Games/4.13/Engine/Plugins/Runtime/LiveEditorListenServer/LiveEditorListenServer.uplugin
LogPluginManager: Loaded Plugin OculusAudio, From D:/Program Files (x86)/Epic Games/4.13/Engine/Plugins/Runtime/OculusAudio/OculusAudio.uplugin
LogPluginManager: Loaded Plugin OculusInput, From D:/Program Files (x86)/Epic Games/4.13/Engine/Plugins/Runtime/OculusInput/OculusInput.uplugin
LogPluginManager: Loaded Plugin OculusLibrary, From D:/Program Files (x86)/Epic Games/4.13/Engine/Plugins/Runtime/OculusLibrary/OculusLibrary.uplugin
LogPluginManager: Loaded Plugin OculusRift, From D:/Program Files (x86)/Epic Games/4.13/Engine/Plugins/Runtime/OculusRift/OculusRift.uplugin
LogPluginManager: Loaded Plugin Oodle, From D:/Program Files (x86)/Epic Games/4.13/Engine/Plugins/Runtime/PacketHandlers/CompressionComponents/Oodle/Oodle.uplugin
LogPluginManager: Loaded Plugin ProceduralMeshComponent, From D:/Program Files (x86)/Epic Games/4.13/Engine/Plugins/Runtime/ProceduralMeshComponent/ProceduralMeshComponent.uplugin
LogPluginManager: Loaded Plugin SoundMod, From D:/Program Files (x86)/Epic Games/4.13/Engine/Plugins/Runtime/SoundMod/SoundMod.uplugin
LogPluginManager: Loaded Plugin SoundVisualizations, From D:/Program Files (x86)/Epic Games/4.13/Engine/Plugins/Runtime/SoundVisualizations/SoundVisualizations.uplugin
LogPluginManager: Loaded Plugin SteamController, From D:/Program Files (x86)/Epic Games/4.13/Engine/Plugins/Runtime/Steam/SteamController/SteamController.uplugin
LogPluginManager: Loaded Plugin SteamVR, From D:/Program Files (x86)/Epic Games/4.13/Engine/Plugins/Runtime/Steam/SteamVR/SteamVR.uplugin
LogPluginManager: Loaded Plugin WebBrowserWidget, From D:/Program Files (x86)/Epic Games/4.13/Engine/Plugins/Runtime/WebBrowserWidget/WebBrowserWidget.uplugin
LogPluginManager: Loaded Plugin WindowsDeviceProfileSelector, From D:/Program Files (x86)/Epic Games/4.13/Engine/Plugins/Runtime/WindowsDeviceProfileSelector/WindowsDeviceProfileSelector.uplugin
LogPluginManager: Loaded Plugin WindowsMoviePlayer, From D:/Program Files (x86)/Epic Games/4.13/Engine/Plugins/Runtime/WindowsMoviePlayer/WindowsMoviePlayer.uplugin
LogPluginManager: Loaded Plugin ScriptPlugin, From D:/Program Files (x86)/Epic Games/4.13/Engine/Plugins/ScriptPlugin/ScriptPlugin.uplugin
LogPluginManager: Loaded Plugin SlateRemote, From D:/Program Files (x86)/Epic Games/4.13/Engine/Plugins/Slate/SlateRemote/SlateRemote.uplugin
LogInit: Using libcurl 7.47.1
LogInit:  - built for x86_64-pc-win32
LogInit:  - supports SSL with WinSSL
LogInit:  - other features:
LogInit:      CURL_VERSION_SSL
LogInit:      CURL_VERSION_IPV6
LogInit:      CURL_VERSION_ASYNCHDNS
LogInit:      CURL_VERSION_LARGEFILE
LogInit:      CURL_VERSION_IDN
LogInit:  CurlRequestOptions (configurable via config and command line):
LogInit:  - bVerifyPeer = false  - Libcurl will NOT verify peer certificate
LogInit:  - bUseHttpProxy = false  - Libcurl will NOT use HTTP proxy
LogInit:  - bDontReuseConnections = false  - Libcurl will reuse connections
LogInit:  - CertBundlePath = nullptr  - Libcurl will use whatever was configured at build time.
OCULUS: Info: [CAPI] LibOVR module is located at C:\Program Files\Oculus\Support\oculus-runtime\LibOVRRT64_1.dll
OCULUS: Debug: Connected to the server running version (prod = 1).1.10.1(build = 315393) feature version = 0. Client runs version (prod = 1).1.10.1(build = 315393) feature version = 0
OCULUS: Debug: [HMDState] Using default profile default
OCULUS: Info: IAD changed to 65.3mm
OCULUS: Debug: [SharedMemory] Creating factory
LogInit: Build: ++UE4+Release-4.13-CL-3142249
LogInit: Engine Version: 4.13.1-3142249+++UE4+Release-4.13
LogInit: Compatible Engine Version: 4.13.0-3106830+++UE4+Release-4.13
LogInit: Net CL: 3142249
LogDevObjectVersion: Number of dev versions registered: 13
LogDevObjectVersion:   Dev-Blueprints (B0D832E4-1F89-4F0D-ACCF-7EB736FD4AA2): 5
LogDevObjectVersion:   Dev-Build (E1C64328-A22C-4D53-A36C-8E866417BD8C): 0
LogDevObjectVersion:   Dev-Core (375EC13C-06E4-48FB-B500-84F0262A717E): 1
LogDevObjectVersion:   Dev-Editor (E4B068ED-F494-42E9-A231-DA0B2E46BB41): 6
LogDevObjectVersion:   Dev-Framework (CFFC743F-43B0-4480-9391-14DF171D2073): 12
LogDevObjectVersion:   Dev-Mobile (B02B49B5-BB20-44E9-A304-32B752E40360): 0
LogDevObjectVersion:   Dev-Networking (A4E4105C-59A1-49B5-A7C5-40C4547EDFEE): 0
LogDevObjectVersion:   Dev-Online (39C831C9-5AE6-47DC-9A44-9C173E1C8E7C): 0
LogDevObjectVersion:   Dev-Physics (78F01B33-EBEA-4F98-B9B4-84EACCB95AA2): 0
LogDevObjectVersion:   Dev-Platform (6631380F-2D4D-43E0-8009-CF276956A95A): 0
LogDevObjectVersion:   Dev-Rendering (12F88B9F-8875-4AFC-A67C-D90C383ABD29): 4
LogDevObjectVersion:   Dev-Sequencer (7B5AE74C-D270-4C10-A958-57980B212A5A): 0
LogDevObjectVersion:   Dev-VR (D7296918-1DD6-4BDD-9DE2-64A83CC13884): 0
LogInit: Compiled (64-bit): Sep 28 2016 02:12:12
LogInit: Compiled with Visual C++: 19.00.23026.00
LogInit: Build Configuration: Development
LogInit: Branch Name: ++UE4+Release-4.13
LogInit: Command line: -EpicPortal 
LogInit: Base directory: D:/Program Files (x86)/Epic Games/4.13/Engine/Binaries/Win64/
LogInit: Installed Engine Build: 1
LogInit: Presizing for max 8388607 objects, including 0 objects not considered by GC, pre-allocating 0 bytes for permanent pool.
LogInit: Object subsystem initialized
[2016.12.10-22.39.00:831][  0]LogInit: Selected Device Profile: [Windows]
[2016.12.10-22.39.00:831][  0]LogInit: Applying CVar settings loaded from the selected device profile: [Windows]
[2016.12.10-22.39.00:841][  0]LogInit: Computer: DESKTOP-M92PTO3
[2016.12.10-22.39.00:841][  0]LogInit: User: StefanoAdmin
[2016.12.10-22.39.00:841][  0]LogInit: CPU Page size=65536, Cores=4
[2016.12.10-22.39.00:841][  0]LogInit: High frequency timer resolution =3.328120 MHz
[2016.12.10-22.39.00:841][  0]LogMemory: Memory total: Physical=15.9GB (16GB approx)
[2016.12.10-22.39.00:841][  0]LogMemory: Platform Memory Stats for Windows
[2016.12.10-22.39.00:841][  0]LogMemory: Process Physical Memory: 266.34 MB used, 266.34 MB peak
[2016.12.10-22.39.00:841][  0]LogMemory: Process Virtual Memory: 267.02 MB used, 267.02 MB peak
[2016.12.10-22.39.00:841][  0]LogMemory: Physical Memory: 8149.24 MB used, 16313.61 MB total
[2016.12.10-22.39.00:841][  0]LogMemory: Virtual Memory: 672.32 MB used, 134217728.00 MB total
[2016.12.10-22.39.01:027][  0]LogTextLocalizationManager: No specific translations for ('en-AU') exist, so ('en') translations will be used.
[2016.12.10-22.39.01:462][  0]LogD3D11RHI: D3D11 adapters:
[2016.12.10-22.39.01:899][  0]LogD3D11RHI:    0. 'NVIDIA GeForce GTX 980' (Feature Level 11_0)
[2016.12.10-22.39.01:899][  0]LogD3D11RHI:       4060/0/8156 MB DedicatedVideo/DedicatedSystem/SharedSystem, Outputs:1, VendorId:0x10de
[2016.12.10-22.39.01:900][  0]LogD3D11RHI:    1. 'Microsoft Basic Render Driver' (Feature Level 11_0)
[2016.12.10-22.39.01:900][  0]LogD3D11RHI:       0/0/8156 MB DedicatedVideo/DedicatedSystem/SharedSystem, Outputs:0, VendorId:0x1414
[2016.12.10-22.39.01:900][  0]LogD3D11RHI: Chosen D3D11 Adapter: 0
[2016.12.10-22.39.01:903][  0]LogD3D11RHI: Creating new Direct3DDevice
[2016.12.10-22.39.01:903][  0]LogD3D11RHI:     GPU DeviceId: 0x13c0 (for the marketing name, search the web for "GPU Device Id")
[2016.12.10-22.39.01:903][  0]LogWindows: EnumDisplayDevices:
[2016.12.10-22.39.01:903][  0]LogWindows:    0. 'NVIDIA GeForce GTX 980' (P:1 D:1)
[2016.12.10-22.39.01:903][  0]LogWindows:    1. 'NVIDIA GeForce GTX 980' (P:0 D:0)
[2016.12.10-22.39.01:903][  0]LogWindows:    2. 'NVIDIA GeForce GTX 980' (P:0 D:0)
[2016.12.10-22.39.01:903][  0]LogWindows:    3. 'NVIDIA GeForce GTX 980' (P:0 D:0)
[2016.12.10-22.39.01:903][  0]LogWindows: DebugString: FoundDriverCount:4 
[2016.12.10-22.39.01:903][  0]LogD3D11RHI:     Adapter Name: NVIDIA GeForce GTX 980
[2016.12.10-22.39.01:903][  0]LogD3D11RHI:   Driver Version: 376.09 (internal:21.21.13.7609, unified:376.09)
[2016.12.10-22.39.01:903][  0]LogD3D11RHI:      Driver Date: 11-24-2016
[2016.12.10-22.39.01:903][  0]LogRHI: Texture pool is 1361 MB (70% of 1945 MB)
[2016.12.10-22.39.02:313][  0]LogD3D11RHI: Async texture creation enabled
[2016.12.10-22.39.02:345][  0]LogD3D11RHI: GPU Timing Frequency: 1000.000000 (Debug: 2 1)
[2016.12.10-22.39.02:346][  0]LogShaderCompilers: Guid format shader working directory is -34 characters bigger than the processId version (../../../../../../Admin/Documents/GitHub Repositories/EclypseUE4/ProjectEclypse/Intermediate/Shaders/WorkingDirectory/10616/).
[2016.12.10-22.39.02:346][  0]LogShaderCompilers: Cleaned the shader compiler working directory 'C:/Users/Admin/AppData/Local/Temp/UnrealShaderWorkingDir/08FEECA6438F21E13AD6B28B5A84EF44/'.
[2016.12.10-22.39.02:346][  0]LogShaderCompilers:Display: Using Local Shader Compiler.
[2016.12.10-22.39.03:124][  0]LogTemp:Display: Loaded TP AllDesktopTargetPlatform
[2016.12.10-22.39.03:130][  0]LogTemp:Display: Loaded TP WindowsClientTargetPlatform
[2016.12.10-22.39.03:136][  0]LogTemp:Display: Loaded TP WindowsNoEditorTargetPlatform
[2016.12.10-22.39.03:142][  0]LogTemp:Display: Loaded TP WindowsServerTargetPlatform
[2016.12.10-22.39.03:147][  0]LogTemp:Display: Loaded TP WindowsTargetPlatform
[2016.12.10-22.39.03:152][  0]LogTemp:Display: Loaded TP AndroidTargetPlatform
[2016.12.10-22.39.03:157][  0]LogTemp:Display: Loaded TP Android_ASTCTargetPlatform
[2016.12.10-22.39.03:162][  0]LogTemp:Display: Loaded TP Android_ATCTargetPlatform
[2016.12.10-22.39.03:167][  0]LogTemp:Display: Loaded TP Android_DXTTargetPlatform
[2016.12.10-22.39.03:172][  0]LogTemp:Display: Loaded TP Android_ETC1TargetPlatform
[2016.12.10-22.39.03:176][  0]LogTemp:Display: Loaded TP Android_ETC2TargetPlatform
[2016.12.10-22.39.03:186][  0]LogTemp:Display: Loaded TP Android_MultiTargetPlatform
[2016.12.10-22.39.03:186][  0]LogTemp:Display: Loaded TP Android_PVRTCTargetPlatform
[2016.12.10-22.39.03:187][  0]LogTemp:Display: Loaded TP HTML5TargetPlatform
[2016.12.10-22.39.03:204][  0]LogTemp:Display: Loaded TP IOSTargetPlatform
[2016.12.10-22.39.03:209][  0]LogTemp:Display: Loaded TP TVOSTargetPlatform
[2016.12.10-22.39.03:214][  0]LogTemp:Display: Loaded TP LinuxClientTargetPlatform
[2016.12.10-22.39.03:219][  0]LogTemp:Display: Loaded TP LinuxNoEditorTargetPlatform
[2016.12.10-22.39.03:223][  0]LogTemp:Display: Loaded TP LinuxServerTargetPlatform
[2016.12.10-22.39.03:229][  0]LogTemp:Display: Loaded TP LinuxTargetPlatform
[2016.12.10-22.39.03:229][  0]LogTargetPlatformManager:Display: Building Assets For Windows
[2016.12.10-22.39.03:266][  0]LogDerivedDataCache:Display: Max Cache Size: 512 MB
[2016.12.10-22.39.03:315][  0]LogDerivedDataCache: Loaded boot cache 0.05s 62MB C:/Users/Admin/AppData/Local/UnrealEngine/4.13/DerivedDataCache/Boot.ddc.
[2016.12.10-22.39.03:315][  0]LogDerivedDataCache:Display: Loaded Boot cache: C:/Users/Admin/AppData/Local/UnrealEngine/4.13/DerivedDataCache/Boot.ddc
[2016.12.10-22.39.03:315][  0]LogDerivedDataCache: FDerivedDataBackendGraph:  Pak pak cache file ../../../../../../Admin/Documents/GitHub Repositories/EclypseUE4/ProjectEclypse/DerivedDataCache/DDC.ddp not found, will not use a pak cache.
[2016.12.10-22.39.03:315][  0]LogDerivedDataCache: Unable to find inner node Pak for hierarchical cache Hierarchy.
[2016.12.10-22.39.03:315][  0]LogDerivedDataCache: FDerivedDataBackendGraph:  CompressedPak pak cache file ../../../../../../Admin/Documents/GitHub Repositories/EclypseUE4/ProjectEclypse/DerivedDataCache/Compressed.ddp not found, will not use a pak cache.
[2016.12.10-22.39.03:315][  0]LogDerivedDataCache: Unable to find inner node CompressedPak for hierarchical cache Hierarchy.
[2016.12.10-22.39.03:329][  0]LogDerivedDataCache:Display: Pak cache opened for reading ../../../Engine/DerivedDataCache/Compressed.ddp.
[2016.12.10-22.39.03:341][  0]LogDerivedDataCache: Using Local data cache path C:/Users/Admin/AppData/Local/UnrealEngine/Common/DerivedDataCache: Writable
[2016.12.10-22.39.03:486][  0]LogInit: Selected Device Profile: [Windows]
[2016.12.10-22.39.03:488][  0]LogContentStreaming: Texture pool size is 0.00 MB
[2016.12.10-22.39.03:552][  0]LogMeshUtilities: No automatic mesh reduction module available
[2016.12.10-22.39.03:552][  0]LogMeshUtilities: No automatic mesh merging module available
[2016.12.10-22.39.03:552][  0]LogMeshUtilities: No distributed automatic mesh merging module available
[2016.12.10-22.39.03:649][  0]LogMaterial: Uniform references updated for custom material expression Custom.
[2016.12.10-22.39.03:855][  0]LogNetVersion: GetLocalNetworkVersion: CL: 3106830, ProjectName: projecteclypse, ProjectVersion: , EngineNetworkVersion: 1, GameNetworkVersion: 0, NetworkChecksum: 2418632494
[2016.12.10-22.39.03:888][  0]LogAssetRegistry: FAssetRegistry took 0.0212 seconds to start up
[2016.12.10-22.39.04:031][  0]LogPackageLocalizationCache: Processed 3 localized package path(s) for 2 prioritized culture(s) in 0.142475 seconds
[2016.12.10-22.39.04:035][  0]LogUObjectArray: 29778 objects as part of root set at end of initial load.
[2016.12.10-22.39.04:035][  0]LogUObjectAllocator: 6125456 out of 0 bytes used by permanent object pool.
[2016.12.10-22.39.04:035][  0]LogUObjectArray: CloseDisregardForGC: 0/0 objects in disregard for GC pool
[2016.12.10-22.39.04:038][  0]LogInit: WinSock: version 1.1 (2.2), MaxSocks=32767, MaxUdp=65467
[2016.12.10-22.39.04:162][  0]LogSlate: SlateFontCache - WITH_FREETYPE: 1, WITH_HARFBUZZ: 1
[2016.12.10-22.39.04:162][  0]LogSlate: SlateFontCache - WITH_FREETYPE: 1, WITH_HARFBUZZ: 1
[2016.12.10-22.39.04:620][  0]LogSubstanceCoreModule: Substance CPU Engine Loaded, Max Texture Size 2048
[2016.12.10-22.39.04:624][  0]LogTcpMessaging: Initializing TcpMessaging bridge
[2016.12.10-22.39.04:639][  0]LogUdpMessaging: Initializing bridge on interface 0.0.0.0:0 to multicast group 230.0.0.1:6666.
[2016.12.10-22.39.04:852][  0]SourceControl: Info Source control is disabled
[2016.12.10-22.39.04:879][  0]SourceControl: Info Source control is disabled
[2016.12.10-22.39.04:883][  0]SourceControl: Info Source control is disabled
[2016.12.10-22.39.04:887][  0]SourceControl: Info Source control is disabled
[2016.12.10-22.39.05:064][  0]LogEngine: Initializing Engine...
[2016.12.10-22.39.05:064][  0]LogHMD: Oculus plugin initialized. Version: 4.13.1-3142249+++UE4+Release-4.13, LibOVR: 1.10.1, SDK: 1.6.0, built Sep 28 2016, 02:14:12
[2016.12.10-22.39.05:164][  0]OCULUS: Debug: [HMDState] Using default profile default
[2016.12.10-22.39.05:164][  0]OCULUS: Info: IAD changed to 65.3mm
[2016.12.10-22.39.05:169][  0]LogAIModule: Creating AISystem for world Untitled
[2016.12.10-22.39.05:181][  0]LogInit: XAudio2 using 'Speakers (Realtek High Definition Audio)' : 8 channels at 48 kHz using 32 bits per sample (channel mask 0x63f)
[2016.12.10-22.39.05:212][  0]LogInit: FAudioDevice initialized.
[2016.12.10-22.39.05:238][  0]LogDerivedDataCache: Saved boot cache 0.03s 62MB C:/Users/Admin/AppData/Local/UnrealEngine/4.13/DerivedDataCache/Boot.ddc.
[2016.12.10-22.39.05:246][  0]LogInit: Texture streaming: Enabled
[2016.12.10-22.39.05:259][  0]LogInit: Transaction tracking system initialized
[2016.12.10-22.39.05:268][  0]BlueprintLog: New page: Editor Load
[2016.12.10-22.39.05:301][  0]LocalizationService: Info Localization service is disabled
[2016.12.10-22.39.05:350][  0]LogConsoleResponse:Display: 
[2016.12.10-22.39.05:477][  0]LogCook:Display: Max memory allowance for cook 16384mb min free memory 0mb
[2016.12.10-22.39.05:477][  0]LogCook:Display: Mobile HDR setting 1
[2016.12.10-22.39.05:548][  0]LogFileCache: Scanning file cache for directory 'D:/Admin/Documents/GitHub Repositories/EclypseUE4/ProjectEclypse/Content/' took 0.02s
[2016.12.10-22.39.05:548][  0]SourceControl: Info Source control is disabled
[2016.12.10-22.39.05:548][  0]Cmd: MAP LOAD FILE="../../../../../../Admin/Documents/GitHub Repositories/EclypseUE4/ProjectEclypse/Content/Maps/EclypseVillage.umap" TEMPLATE=0 SHOWPROGRESS=1 FEATURELEVEL=3
[2016.12.10-22.39.05:640][  0]LightingResults: New page: Lighting Build
[2016.12.10-22.39.05:641][  0]MapCheck: New page: Map Check
[2016.12.10-22.39.05:641][  0]LightingResults: New page: Lighting Build
[2016.12.10-22.39.11:035][  0]LogAIModule: Creating AISystem for world EclypseVillage
[2016.12.10-22.39.11:061][  0]LogEditorServer: Finished looking for orphan Actors (0.000 secs)
[2016.12.10-22.39.11:061][  0]Cmd: MAP CHECKDEP NOCLEARLOG
[2016.12.10-22.39.11:094][  0]MapCheck: Info Map check complete: 0 Error(s), 0 Warning(s), took 33.005ms to complete.
[2016.12.10-22.39.11:094][  0]LogFileHelpers: Loading map 'EclypseVillage' took 5.546
[2016.12.10-22.39.11:267][  0]LogCollectionManager: Loaded 0 collections in 0.000646 seconds
[2016.12.10-22.39.11:303][  0]LogFileCache: Scanning file cache for directory 'D:/Admin/Documents/GitHub Repositories/EclypseUE4/ProjectEclypse/Saved/Collections/' took 0.01s
[2016.12.10-22.39.11:304][  0]LogFileCache: Scanning file cache for directory 'D:/Admin/Documents/GitHub Repositories/EclypseUE4/ProjectEclypse/Content/Developers/StefanoAdmin/Collections/' took 0.01s
[2016.12.10-22.39.11:304][  0]LogFileCache: Scanning file cache for directory 'D:/Admin/Documents/GitHub Repositories/EclypseUE4/ProjectEclypse/Content/Collections/' took 0.01s
[2016.12.10-22.39.11:304][  0]LogCollectionManager: Rebuilt the GUID cache for 0 collections in 0.000002 seconds
[2016.12.10-22.39.11:310][  0]LogContentBrowser: Native class hierarchy populated in 0.0068 seconds. Added 2156 classes and 421 folders.
[2016.12.10-22.39.11:313][  0]LogStats: UGameplayTagsManager::ConstructGameplayTagTree: Construct from data asset -  0.000 s
[2016.12.10-22.39.11:313][  0]LogStats: UGameplayTagsManager::ConstructGameplayTagTree: GameplayTagTreeChangedEvent.Broadcast -  0.000 s
[2016.12.10-22.39.11:313][  0]LogContentBrowser: Native class hierarchy updated for 'GameplayTags' in 0.0004 seconds. Added 12 classes and 0 folders.
[2016.12.10-22.39.11:315][  0]LogContentBrowser: Native class hierarchy updated for 'WidgetCarousel' in 0.0003 seconds. Added 0 classes and 0 folders.
[2016.12.10-22.39.12:334][  0]LogContentBrowser: Native class hierarchy updated for 'AddContentDialog' in 0.0003 seconds. Added 0 classes and 0 folders.
[2016.12.10-22.39.12:337][  0]LogContentBrowser: Native class hierarchy updated for 'SceneOutliner' in 0.0003 seconds. Added 1 classes and 2 folders.
[2016.12.10-22.39.12:406][  0]LogCrashTracker: Crashtracker disabled due to settings.
[2016.12.10-22.39.12:410][  0]LogUObjectGlobals:Warning: Failed to find object 'Class None.'
[2016.12.10-22.39.12:446][  0]LogContentBrowser: Native class hierarchy updated for 'HierarchicalLODOutliner' in 0.0004 seconds. Added 1 classes and 2 folders.
[2016.12.10-22.39.12:447][  0]LogLoad: (Engine Initialization) Total time: 12.61 seconds
[2016.12.10-22.39.12:447][  0]LogLoad: (Engine Initialization) Total Blueprint compile time: 0.29 seconds
[2016.12.10-22.39.12:447][  0]LogExternalProfiler: Found external profiler: VSPerf
[2016.12.10-22.39.12:447][  0]LogExternalProfiler: Using external profiler: VSPerf
[2016.12.10-22.39.12:786][  0]LogOcInput: OculusInput pre-init called
[2016.12.10-22.39.12:795][  0]LogOcInput: OculusInput is initialized. Init status 0. Runtime version: 1.10.1
[2016.12.10-22.39.12:813][  0]LogContentStreaming: Texture pool size now 1000 MB
[2016.12.10-22.39.13:053][  0]LogRenderer: Reallocating scene render targets to support 1124x620 (Frame:2).
[2016.12.10-22.39.13:463][  2]LogAssetRegistry: Asset discovery search completed in 9.5967 seconds
[2016.12.10-22.39.13:463][  2]LogCollectionManager: Rebuilt the object cache for 0 collections in 0.000001 seconds (found 0 objects)
[2016.12.10-22.39.13:463][  2]LogCollectionManager: Fixed up redirectors for 0 collections in 0.000020 seconds (updated 0 objects)
[2016.12.10-22.45.24:220][847]LogContentBrowser: Native class hierarchy updated for 'BlueprintGraph' in 0.0007 seconds. Added 112 classes and 0 folders.
[2016.12.10-22.47.33:023][610]Cmd: OBJ SAVEPACKAGE PACKAGE="/Game/BP/GameManager" FILE="../../../../../../Admin/Documents/GitHub Repositories/EclypseUE4/ProjectEclypse/Content/BP/GameManager.uasset" SILENT=true
[2016.12.10-22.47.33:594][610]LogSavePackage: Save=15.88ms
[2016.12.10-22.47.33:594][610]LogSavePackage: Moving '../../../../../../Admin/Documents/GitHub Repositories/EclypseUE4/ProjectEclypse/Saved/GameManagerD74E7B3B423D38AC1E8A6881FF787798.tmp' to '../../../../../../Admin/Documents/GitHub Repositories/EclypseUE4/ProjectEclypse/Content/BP/GameManager.uasset'
[2016.12.10-22.47.33:597][610]LogSavePackage:Display: Finished SavePackage ../../../../../../Admin/Documents/GitHub Repositories/EclypseUE4/ProjectEclypse/Content/BP/GameManager.uasset
[2016.12.10-22.47.37:357][ 14]LogEditorViewport: Clicking on Actor (LMB): Council_C (Council)
[2016.12.10-22.50.16:677][837]Cmd: OBJ SAVEPACKAGE PACKAGE="/Game/BP/Expedition" FILE="../../../../../../Admin/Documents/GitHub Repositories/EclypseUE4/ProjectEclypse/Content/BP/Expedition.uasset" SILENT=true
[2016.12.10-22.50.16:798][837]LogSavePackage: Save=89.27ms
[2016.12.10-22.50.16:798][837]LogSavePackage: Moving '../../../../../../Admin/Documents/GitHub Repositories/EclypseUE4/ProjectEclypse/Saved/Expedition8FB02ED1478D53DBC3FAA69CF1D8A53B.tmp' to '../../../../../../Admin/Documents/GitHub Repositories/EclypseUE4/ProjectEclypse/Content/BP/Expedition.uasset'
[2016.12.10-22.50.16:800][837]LogSavePackage:Display: Finished SavePackage ../../../../../../Admin/Documents/GitHub Repositories/EclypseUE4/ProjectEclypse/Content/BP/Expedition.uasset
[2016.12.10-22.50.31:527][221]LogBlueprintUserMessages: Early PlayInEditor Detection: Level '/Game/Maps/EclypseVillage.EclypseVillage:PersistentLevel' has LevelScriptBlueprint '/Game/Maps/EclypseVillage.EclypseVillage:PersistentLevel.EclypseVillage' with GeneratedClass '/Game/Maps/EclypseVillage.EclypseVillage_C' with ClassGeneratedBy '/Game/Maps/EclypseVillage.EclypseVillage:PersistentLevel.EclypseVillage'
[2016.12.10-22.50.31:541][221]LogPlayLevel: PlayLevel: No blueprints needed recompiling
[2016.12.10-22.50.31:572][221]OCULUS: Debug: [HMDState] Using default profile default
[2016.12.10-22.50.31:572][221]OCULUS: Info: IAD changed to 65.3mm
[2016.12.10-22.50.31:572][221]LogHMD: New ovr session is created
[2016.12.10-22.50.31:578][221]LogHMD: HMD Oculus Rift CV1, res = 2160 x 1200
[2016.12.10-22.50.31:644][221]PIE: New page: PIE session: EclypseVillage (11 Dec 2016 7:50:31 pm)
[2016.12.10-22.50.31:644][221]LogPlayLevel: Creating play world package: /Game/Maps/UEDPIE_0_EclypseVillage
[2016.12.10-22.50.31:652][221]LogPlayLevel: PIE: StaticDuplicateObject took: (0.007856s)
[2016.12.10-22.50.31:652][221]LogAIModule: Creating AISystem for world EclypseVillage
[2016.12.10-22.50.31:653][221]LogPlayLevel: PIE: World Init took: (0.000570s)
[2016.12.10-22.50.31:653][221]LogPlayLevel: PIE: Created PIE world by copying editor world from /Game/Maps/EclypseVillage.EclypseVillage to /Game/Maps/UEDPIE_0_EclypseVillage.EclypseVillage (0.008619s)
[2016.12.10-22.50.31:696][221]LogInit: XAudio2 using 'Speakers (Realtek High Definition Audio)' : 8 channels at 48 kHz using 32 bits per sample (channel mask 0x63f)
[2016.12.10-22.50.31:742][221]LogInit: FAudioDevice initialized.
[2016.12.10-22.50.31:787][221]LogWorld: Game class is 'GameManager_C'
[2016.12.10-22.50.31:793][221]LogWorld: Bringing World /Game/Maps/UEDPIE_0_EclypseVillage.EclypseVillage up for play (max tick rate 0) at 2016.12.11-09.50.31
[2016.12.10-22.50.31:793][221]LogWorld: Bringing up level for play took: 0.001970
[2016.12.10-22.50.31:810][221]LogContentBrowser: Native class hierarchy updated for 'MovieSceneCapture' in 0.0004 seconds. Added 11 classes and 0 folders.
[2016.12.10-22.50.31:810][221]LogGameMode:Display: Match State Changed from EnteringMap to WaitingToStart
[2016.12.10-22.50.31:810][221]LogGameState: Match State Changed from EnteringMap to WaitingToStart
[2016.12.10-22.50.31:810][221]LogGameMode:Display: Match State Changed from WaitingToStart to InProgress
[2016.12.10-22.50.31:813][221]LogGameState: Match State Changed from WaitingToStart to InProgress
[2016.12.10-22.50.31:815][221]PIE: Info Play in editor start time for /Game/Maps/UEDPIE_0_EclypseVillage -0.31
[2016.12.10-22.50.31:815][221]LogBlueprintUserMessages: Late PlayInEditor Detection: Level '/Game/Maps/EclypseVillage.EclypseVillage:PersistentLevel' has LevelScriptBlueprint '/Game/Maps/EclypseVillage.EclypseVillage:PersistentLevel.EclypseVillage' with GeneratedClass '/Game/Maps/EclypseVillage.EclypseVillage_C' with ClassGeneratedBy '/Game/Maps/EclypseVillage.EclypseVillage:PersistentLevel.EclypseVillage'
[2016.12.10-22.50.31:815][221]LogBlueprintUserMessages: [Expedition_12] Max Load Party = 20.0
[2016.12.10-22.50.31:832][221]LogRenderer: Reallocating scene render targets to support 1292x756 (Frame:42).
[2016.12.10-22.50.31:877][222]LogBlueprintUserMessages: [Expedition_12] Max Load Party = 20.0
[2016.12.10-22.50.31:902][223]LogBlueprintUserMessages: [Expedition_12] Max Load Party = 20.0
[2016.12.10-22.50.31:931][224]LogBlueprintUserMessages: [Expedition_12] Max Load Party = 20.0
[2016.12.10-22.50.31:956][225]LogBlueprintUserMessages: [Expedition_12] Max Load Party = 20.0
[2016.12.10-22.50.31:982][226]LogBlueprintUserMessages: [Expedition_12] Max Load Party = 20.0
[2016.12.10-22.50.32:008][227]LogBlueprintUserMessages: [Expedition_12] Max Load Party = 20.0
[2016.12.10-22.50.32:033][228]LogBlueprintUserMessages: [Expedition_12] Max Load Party = 20.0
[2016.12.10-22.50.32:058][229]LogBlueprintUserMessages: [Expedition_12] Max Load Party = 20.0
[2016.12.10-22.50.32:085][230]LogBlueprintUserMessages: [Expedition_12] Max Load Party = 20.0
[2016.12.10-22.50.32:111][231]LogBlueprintUserMessages: [Expedition_12] Max Load Party = 20.0
[2016.12.10-22.50.32:136][232]LogBlueprintUserMessages: [Expedition_12] Max Load Party = 20.0
[2016.12.10-22.50.32:161][233]LogBlueprintUserMessages: [Expedition_12] Max Load Party = 20.0
[2016.12.10-22.50.32:189][234]LogBlueprintUserMessages: [Expedition_12] Max Load Party = 20.0
[2016.12.10-22.50.32:216][235]LogBlueprintUserMessages: [Expedition_12] Max Load Party = 20.0
[2016.12.10-22.50.32:241][236]LogBlueprintUserMessages: [Expedition_12] Max Load Party = 20.0
[2016.12.10-22.50.32:267][237]LogBlueprintUserMessages: [Expedition_12] Max Load Party = 20.0
[2016.12.10-22.50.32:294][238]LogBlueprintUserMessages: [Expedition_12] Max Load Party = 20.0
[2016.12.10-22.50.32:322][239]LogBlueprintUserMessages: [Expedition_12] Max Load Party = 20.0
[2016.12.10-22.50.32:348][240]LogBlueprintUserMessages: [Expedition_12] Max Load Party = 20.0
[2016.12.10-22.50.32:373][241]LogBlueprintUserMessages: [Expedition_12] Max Load Party = 20.0
[2016.12.10-22.50.32:398][242]LogBlueprintUserMessages: [Expedition_12] Max Load Party = 20.0
[2016.12.10-22.50.32:424][243]LogBlueprintUserMessages: [Expedition_12] Max Load Party = 20.0
[2016.12.10-22.50.32:449][244]LogBlueprintUserMessages: [Expedition_12] Max Load Party = 20.0
[2016.12.10-22.50.32:481][245]LogBlueprintUserMessages: [Expedition_12] Max Load Party = 20.0
[2016.12.10-22.50.32:500][246]LogBlueprintUserMessages: [Expedition_12] Max Load Party = 0.0
[2016.12.10-22.50.32:527][247]LogBlueprintUserMessages: [Expedition_12] Max Load Party = 0.0
[2016.12.10-22.50.32:557][248]LogBlueprintUserMessages: [Expedition_12] Max Load Party = 0.0
[2016.12.10-22.50.32:582][249]LogBlueprintUserMessages: [Expedition_12] Max Load Party = 0.0
[2016.12.10-22.50.32:607][250]LogBlueprintUserMessages: [Expedition_12] Max Load Party = 0.0
[2016.12.10-22.50.32:634][251]LogBlueprintUserMessages: [Expedition_12] Max Load Party = 0.0
[2016.12.10-22.50.32:659][252]LogBlueprintUserMessages: [Expedition_12] Max Load Party = 0.0
[2016.12.10-22.50.32:684][253]LogBlueprintUserMessages: [Expedition_12] Max Load Party = 0.0
[2016.12.10-22.50.32:709][254]LogBlueprintUserMessages: [Expedition_12] Max Load Party = 0.0
[2016.12.10-22.50.32:735][255]LogBlueprintUserMessages: [Expedition_12] Max Load Party = 0.0
[2016.12.10-22.50.32:760][256]LogBlueprintUserMessages: [Expedition_12] Max Load Party = 0.0
[2016.12.10-22.50.32:786][257]LogBlueprintUserMessages: [Expedition_12] Max Load Party = 0.0
[2016.12.10-22.50.32:811][258]LogBlueprintUserMessages: [Expedition_12] Max Load Party = 0.0
[2016.12.10-22.50.32:837][259]LogBlueprintUserMessages: [Expedition_12] Max Load Party = 0.0
[2016.12.10-22.50.32:862][260]LogBlueprintUserMessages: [Expedition_12] Max Load Party = 0.0
[2016.12.10-22.50.32:887][261]LogBlueprintUserMessages: [Expedition_12] Max Load Party = 0.0
[2016.12.10-22.50.32:914][262]LogBlueprintUserMessages: [Expedition_12] Max Load Party = 0.0
[2016.12.10-22.50.32:939][263]LogBlueprintUserMessages: [Expedition_12] Max Load Party = 0.0
[2016.12.10-22.50.32:964][264]LogBlueprintUserMessages: [Expedition_12] Max Load Party = 0.0
[2016.12.10-22.50.32:989][265]LogBlueprintUserMessages: [Expedition_12] Max Load Party = 0.0
[2016.12.10-22.50.33:016][266]LogBlueprintUserMessages: [Expedition_12] Max Load Party = 0.0
[2016.12.10-22.50.33:041][267]LogBlueprintUserMessages: [Expedition_12] Max Load Party = 0.0
[2016.12.10-22.50.33:066][268]LogBlueprintUserMessages: [Expedition_12] Max Load Party = 0.0
[2016.12.10-22.50.33:092][269]LogBlueprintUserMessages: [Expedition_12] Max Load Party = 0.0
[2016.12.10-22.50.33:118][270]LogBlueprintUserMessages: [Expedition_12] Max Load Party = 0.0
[2016.12.10-22.50.33:144][271]LogBlueprintUserMessages: [Expedition_12] Max Load Party = 0.0
[2016.12.10-22.50.33:169][272]LogBlueprintUserMessages: [Expedition_12] Max Load Party = 0.0
[2016.12.10-22.50.33:196][273]LogBlueprintUserMessages: [Expedition_12] Max Load Party = 0.0
[2016.12.10-22.50.33:221][274]LogBlueprintUserMessages: [Expedition_12] Max Load Party = 0.0
[2016.12.10-22.50.33:246][275]LogBlueprintUserMessages: [Expedition_12] Max Load Party = 0.0
[2016.12.10-22.50.33:271][276]LogBlueprintUserMessages: [Expedition_12] Max Load Party = 0.0
[2016.12.10-22.50.33:296][277]LogBlueprintUserMessages: [Expedition_12] Max Load Party = 0.0
[2016.12.10-22.50.33:321][278]LogBlueprintUserMessages: [Expedition_12] Max Load Party = 0.0
[2016.12.10-22.50.33:347][279]LogBlueprintUserMessages: [Expedition_12] Max Load Party = 0.0
[2016.12.10-22.50.33:372][280]LogBlueprintUserMessages: [Expedition_12] Max Load Party = 0.0
[2016.12.10-22.50.33:397][281]LogBlueprintUserMessages: [Expedition_12] Max Load Party = 0.0
[2016.12.10-22.50.33:423][282]LogBlueprintUserMessages: [Expedition_12] Max Load Party = 0.0
[2016.12.10-22.50.33:448][283]LogBlueprintUserMessages: [Expedition_12] Max Load Party = 0.0
[2016.12.10-22.50.33:474][284]LogBlueprintUserMessages: [Expedition_12] Max Load Party = 0.0
[2016.12.10-22.50.33:499][285]LogBlueprintUserMessages: [Expedition_12] Max Load Party = 0.0
[2016.12.10-22.50.33:524][286]LogBlueprintUserMessages: [Expedition_12] Max Load Party = 0.0
[2016.12.10-22.50.33:549][287]LogBlueprintUserMessages: [Expedition_12] Max Load Party = 0.0
[2016.12.10-22.50.33:575][288]LogBlueprintUserMessages: [Expedition_12] Max Load Party = 0.0
[2016.12.10-22.50.33:601][289]LogBlueprintUserMessages: [Expedition_12] Max Load Party = 0.0
[2016.12.10-22.50.33:627][290]LogBlueprintUserMessages: [Expedition_12] Max Load Party = 0.0
[2016.12.10-22.50.33:651][291]LogBlueprintUserMessages: [Expedition_12] Max Load Party = 0.0
[2016.12.10-22.50.33:676][292]LogBlueprintUserMessages: [Expedition_12] Max Load Party = 0.0
[2016.12.10-22.50.33:702][293]LogBlueprintUserMessages: [Expedition_12] Max Load Party = 0.0
[2016.12.10-22.50.33:727][294]LogBlueprintUserMessages: [Expedition_12] Max Load Party = 0.0
[2016.12.10-22.50.33:752][295]LogBlueprintUserMessages: [Expedition_12] Max Load Party = 0.0
[2016.12.10-22.50.33:777][296]LogBlueprintUserMessages: [Expedition_12] Max Load Party = 0.0
[2016.12.10-22.50.33:802][297]LogBlueprintUserMessages: [Expedition_12] EXPEDITION BEGINS!
[2016.12.10-22.50.33:803][297]LogBlueprintUserMessages: [Expedition_12] Max Load Party = 0.0
[2016.12.10-22.50.33:827][298]LogBlueprintUserMessages: [Expedition_12] Max Load Party = 0.0
[2016.12.10-22.50.33:854][299]LogBlueprintUserMessages: [Expedition_12] Max Load Party = 0.0
[2016.12.10-22.50.33:881][300]LogBlueprintUserMessages: [Expedition_12] Max Load Party = 0.0
[2016.12.10-22.50.33:905][301]LogBlueprintUserMessages: [Expedition_12] Max Load Party = 0.0
[2016.12.10-22.50.33:930][302]LogBlueprintUserMessages: [Expedition_12] Max Load Party = 0.0
[2016.12.10-22.50.33:956][303]LogBlueprintUserMessages: [Expedition_12] Max Load Party = 0.0
[2016.12.10-22.50.33:981][304]LogBlueprintUserMessages: [Expedition_12] Max Load Party = 0.0
[2016.12.10-22.50.34:006][305]LogBlueprintUserMessages: [Expedition_12] Max Load Party = 0.0
[2016.12.10-22.50.34:031][306]LogBlueprintUserMessages: [Expedition_12] Max Load Party = 0.0
[2016.12.10-22.50.34:056][307]LogBlueprintUserMessages: [Expedition_12] Max Load Party = 0.0
[2016.12.10-22.50.34:080][308]LogBlueprintUserMessages: [Expedition_12] Max Load Party = 0.0
[2016.12.10-22.50.34:105][309]LogBlueprintUserMessages: [Expedition_12] Max Load Party = 0.0
[2016.12.10-22.50.34:131][310]LogBlueprintUserMessages: [Expedition_12] Max Load Party = 0.0
[2016.12.10-22.50.34:156][311]LogBlueprintUserMessages: [Expedition_12] Max Load Party = 0.0
[2016.12.10-22.50.34:181][312]LogBlueprintUserMessages: [Expedition_12] Max Load Party = 0.0
[2016.12.10-22.50.34:206][313]LogBlueprintUserMessages: [Expedition_12] Max Load Party = 0.0
[2016.12.10-22.50.34:231][314]LogBlueprintUserMessages: [Expedition_12] Max Load Party = 0.0
[2016.12.10-22.50.34:257][315]LogBlueprintUserMessages: [Expedition_12] Max Load Party = 0.0
[2016.12.10-22.50.34:282][316]LogBlueprintUserMessages: [Expedition_12] Max Load Party = 0.0
[2016.12.10-22.50.34:307][317]LogBlueprintUserMessages: [Expedition_12] Max Load Party = 0.0
[2016.12.10-22.50.34:333][318]LogBlueprintUserMessages: [Expedition_12] Max Load Party = 0.0
[2016.12.10-22.50.34:358][319]LogBlueprintUserMessages: [Expedition_12] Max Load Party = 0.0
[2016.12.10-22.50.34:383][320]LogBlueprintUserMessages: [Expedition_12] Max Load Party = 0.0
[2016.12.10-22.50.34:408][321]LogBlueprintUserMessages: [Expedition_12] Max Load Party = 0.0
[2016.12.10-22.50.34:434][322]LogBlueprintUserMessages: [Expedition_12] Max Load Party = 0.0
[2016.12.10-22.50.34:460][323]LogBlueprintUserMessages: [Expedition_12] Max Load Party = 0.0
[2016.12.10-22.50.34:486][324]LogBlueprintUserMessages: [Expedition_12] Max Load Party = 0.0
[2016.12.10-22.50.34:512][325]LogBlueprintUserMessages: [Expedition_12] Max Load Party = 0.0
[2016.12.10-22.50.34:538][326]LogBlueprintUserMessages: [Expedition_12] Max Load Party = 0.0
[2016.12.10-22.50.34:566][327]LogBlueprintUserMessages: [Expedition_12] Max Load Party = 0.0
[2016.12.10-22.50.34:591][328]LogBlueprintUserMessages: [Expedition_12] Max Load Party = 0.0
[2016.12.10-22.50.34:618][329]LogBlueprintUserMessages: [Expedition_12] Max Load Party = 0.0
[2016.12.10-22.50.34:643][330]LogBlueprintUserMessages: [Expedition_12] Max Load Party = 0.0
[2016.12.10-22.50.34:669][331]LogBlueprintUserMessages: [Expedition_12] Max Load Party = 0.0
[2016.12.10-22.50.34:696][332]LogBlueprintUserMessages: [Expedition_12] Max Load Party = 0.0
[2016.12.10-22.50.34:723][333]LogBlueprintUserMessages: [Expedition_12] Max Load Party = 0.0
[2016.12.10-22.50.34:748][334]LogBlueprintUserMessages: [Expedition_12] Max Load Party = 0.0
[2016.12.10-22.50.34:775][335]LogBlueprintUserMessages: [Expedition_12] Max Load Party = 0.0
[2016.12.10-22.50.34:801][336]LogBlueprintUserMessages: [Expedition_12] Max Load Party = 0.0
[2016.12.10-22.50.34:827][337]LogBlueprintUserMessages: [Expedition_12] Max Load Party = 0.0
[2016.12.10-22.50.34:853][338]LogBlueprintUserMessages: [Expedition_12] Max Load Party = 0.0
[2016.12.10-22.50.34:879][339]LogBlueprintUserMessages: [Expedition_12] Max Load Party = 0.0
[2016.12.10-22.50.34:906][340]LogBlueprintUserMessages: [Expedition_12] Max Load Party = 0.0
[2016.12.10-22.50.34:931][341]LogBlueprintUserMessages: [Expedition_12] Max Load Party = 0.0
[2016.12.10-22.50.34:956][342]LogBlueprintUserMessages: [Expedition_12] Max Load Party = 0.0
[2016.12.10-22.50.34:981][343]LogBlueprintUserMessages: [Expedition_12] Max Load Party = 0.0
[2016.12.10-22.50.35:006][344]LogBlueprintUserMessages: [Expedition_12] Max Load Party = 0.0
[2016.12.10-22.50.35:031][345]LogBlueprintUserMessages: [Expedition_12] Max Load Party = 0.0
[2016.12.10-22.50.35:056][346]LogBlueprintUserMessages: [Expedition_12] Max Load Party = 0.0
[2016.12.10-22.50.35:081][347]LogBlueprintUserMessages: [Expedition_12] Max Load Party = 0.0
[2016.12.10-22.50.35:106][348]LogBlueprintUserMessages: [Expedition_12] Max Load Party = 0.0
[2016.12.10-22.50.35:131][349]LogBlueprintUserMessages: [Expedition_12] Max Load Party = 0.0
[2016.12.10-22.50.35:156][350]LogBlueprintUserMessages: [Expedition_12] Max Load Party = 0.0
[2016.12.10-22.50.35:181][351]LogBlueprintUserMessages: [Expedition_12] Max Load Party = 0.0
[2016.12.10-22.50.35:206][352]LogBlueprintUserMessages: [Expedition_12] Max Load Party = 0.0
[2016.12.10-22.50.35:231][353]LogBlueprintUserMessages: [Expedition_12] Max Load Party = 0.0
[2016.12.10-22.50.35:256][354]LogBlueprintUserMessages: [Expedition_12] Max Load Party = 0.0
[2016.12.10-22.50.35:281][355]LogBlueprintUserMessages: [Expedition_12] Max Load Party = 0.0
[2016.12.10-22.50.35:306][356]LogBlueprintUserMessages: [Expedition_12] Max Load Party = 0.0
[2016.12.10-22.50.35:331][357]LogBlueprintUserMessages: [Expedition_12] Max Load Party = 0.0
[2016.12.10-22.50.35:357][358]LogBlueprintUserMessages: [Expedition_12] Max Load Party = 0.0
[2016.12.10-22.50.35:382][359]LogBlueprintUserMessages: [Expedition_12] Max Load Party = 0.0
[2016.12.10-22.50.35:407][360]LogBlueprintUserMessages: [Expedition_12] Max Load Party = 0.0
[2016.12.10-22.50.35:432][361]LogBlueprintUserMessages: [Expedition_12] Max Load Party = 0.0
[2016.12.10-22.50.35:458][362]LogBlueprintUserMessages: [Expedition_12] Max Load Party = 0.0
[2016.12.10-22.50.35:483][363]LogBlueprintUserMessages: [Expedition_12] Max Load Party = 0.0
[2016.12.10-22.50.35:509][364]LogBlueprintUserMessages: [Expedition_12] Max Load Party = 0.0
[2016.12.10-22.50.35:535][365]LogBlueprintUserMessages: [Expedition_12] Max Load Party = 0.0
[2016.12.10-22.50.35:560][366]LogBlueprintUserMessages: [Expedition_12] Max Load Party = 0.0
[2016.12.10-22.50.35:586][367]LogBlueprintUserMessages: [Expedition_12] Max Load Party = 0.0
[2016.12.10-22.50.35:611][368]LogBlueprintUserMessages: [Expedition_12] Max Load Party = 0.0
[2016.12.10-22.50.35:637][369]LogBlueprintUserMessages: [Expedition_12] Max Load Party = 0.0
[2016.12.10-22.50.35:663][370]LogBlueprintUserMessages: [Expedition_12] Max Load Party = 0.0
[2016.12.10-22.50.35:689][371]LogBlueprintUserMessages: [Expedition_12] Max Load Party = 0.0
[2016.12.10-22.50.35:714][372]LogBlueprintUserMessages: [Expedition_12] Max Load Party = 0.0
[2016.12.10-22.50.35:739][373]LogBlueprintUserMessages: [Expedition_12] Max Load Party = 0.0
[2016.12.10-22.50.35:765][374]LogBlueprintUserMessages: [Expedition_12] Max Load Party = 0.0
[2016.12.10-22.50.35:790][375]LogBlueprintUserMessages: [Expedition_12] Max Load Party = 0.0
[2016.12.10-22.50.35:816][376]LogBlueprintUserMessages: [Expedition_12] Max Load Party = 0.0
[2016.12.10-22.50.35:842][377]LogBlueprintUserMessages: [Expedition_12] Max Load Party = 0.0
[2016.12.10-22.50.35:869][378]LogBlueprintUserMessages: [Expedition_12] Max Load Party = 0.0
[2016.12.10-22.50.35:894][379]LogBlueprintUserMessages: [Expedition_12] Max Load Party = 0.0
[2016.12.10-22.50.35:921][380]LogBlueprintUserMessages: [Expedition_12] Max Load Party = 0.0
[2016.12.10-22.50.35:946][381]LogBlueprintUserMessages: [Expedition_12] Max Load Party = 0.0
[2016.12.10-22.50.35:972][382]LogBlueprintUserMessages: [Expedition_12] Max Load Party = 0.0
[2016.12.10-22.50.35:997][383]LogBlueprintUserMessages: [Expedition_12] Max Load Party = 0.0
[2016.12.10-22.50.36:024][384]LogBlueprintUserMessages: [Expedition_12] Max Load Party = 0.0
[2016.12.10-22.50.36:049][385]LogBlueprintUserMessages: [Expedition_12] Max Load Party = 0.0
[2016.12.10-22.50.36:075][386]LogBlueprintUserMessages: [Expedition_12] Max Load Party = 0.0
[2016.12.10-22.50.36:101][387]LogBlueprintUserMessages: [Expedition_12] Max Load Party = 0.0
[2016.12.10-22.50.36:127][388]LogBlueprintUserMessages: [Expedition_12] Max Load Party = 0.0
[2016.12.10-22.50.36:152][389]LogBlueprintUserMessages: [Expedition_12] Max Load Party = 0.0
[2016.12.10-22.50.36:178][390]LogBlueprintUserMessages: [Expedition_12] Max Load Party = 0.0
[2016.12.10-22.50.36:204][391]LogBlueprintUserMessages: [Expedition_12] Max Load Party = 0.0
[2016.12.10-22.50.36:230][392]LogBlueprintUserMessages: [Expedition_12] Max Load Party = 0.0
[2016.12.10-22.50.36:257][393]LogBlueprintUserMessages: [Expedition_12] Max Load Party = 0.0
[2016.12.10-22.50.36:283][394]LogBlueprintUserMessages: [Expedition_12] Max Load Party = 0.0
[2016.12.10-22.50.36:308][395]LogBlueprintUserMessages: [Expedition_12] Max Load Party = 0.0
[2016.12.10-22.50.36:334][396]LogBlueprintUserMessages: [Expedition_12] Max Load Party = 0.0
[2016.12.10-22.50.36:359][397]LogBlueprintUserMessages: [Expedition_12] Max Load Party = 0.0
[2016.12.10-22.50.36:384][398]LogBlueprintUserMessages: [Expedition_12] Max Load Party = 0.0
[2016.12.10-22.50.36:411][399]LogBlueprintUserMessages: [Expedition_12] Max Load Party = 0.0
[2016.12.10-22.50.36:441][400]LogBlueprintUserMessages: [Expedition_12] Max Load Party = 0.0
[2016.12.10-22.50.36:461][401]LogBlueprintUserMessages: [Expedition_12] Max Load Party = 0.0
[2016.12.10-22.50.36:487][402]LogBlueprintUserMessages: [Expedition_12] Max Load Party = 0.0
[2016.12.10-22.50.36:513][403]LogBlueprintUserMessages: [Expedition_12] Max Load Party = 0.0
[2016.12.10-22.50.36:538][404]LogBlueprintUserMessages: [Expedition_12] Max Load Party = 0.0
[2016.12.10-22.50.36:563][405]LogBlueprintUserMessages: [Expedition_12] Max Load Party = 0.0
[2016.12.10-22.50.36:588][406]LogBlueprintUserMessages: [Expedition_12] Max Load Party = 0.0
[2016.12.10-22.50.36:614][407]LogBlueprintUserMessages: [Expedition_12] Max Load Party = 0.0
[2016.12.10-22.50.36:639][408]LogBlueprintUserMessages: [Expedition_12] Max Load Party = 0.0
[2016.12.10-22.50.36:664][409]LogBlueprintUserMessages: [Expedition_12] Max Load Party = 0.0
[2016.12.10-22.50.36:689][410]LogBlueprintUserMessages: [Expedition_12] Max Load Party = 0.0
[2016.12.10-22.50.36:714][411]LogBlueprintUserMessages: [Expedition_12] Max Load Party = 0.0
[2016.12.10-22.50.36:739][412]LogBlueprintUserMessages: [Expedition_12] Max Load Party = 0.0
[2016.12.10-22.50.36:766][413]LogBlueprintUserMessages: [Expedition_12] Max Load Party = 0.0
[2016.12.10-22.50.36:791][414]LogBlueprintUserMessages: [Expedition_12] Max Load Party = 0.0
[2016.12.10-22.50.36:817][415]LogBlueprintUserMessages: [Expedition_12] Max Load Party = 0.0
[2016.12.10-22.50.36:843][416]LogBlueprintUserMessages: [Expedition_12] Max Load Party = 0.0
[2016.12.10-22.50.36:869][417]LogBlueprintUserMessages: [Expedition_12] Max Load Party = 0.0
[2016.12.10-22.50.36:894][418]LogBlueprintUserMessages: [Expedition_12] Max Load Party = 0.0
[2016.12.10-22.50.36:920][419]LogBlueprintUserMessages: [Expedition_12] Max Load Party = 0.0
[2016.12.10-22.50.36:945][420]LogBlueprintUserMessages: [Expedition_12] Max Load Party = 0.0
[2016.12.10-22.50.36:971][421]LogBlueprintUserMessages: [Expedition_12] Max Load Party = 0.0
[2016.12.10-22.50.36:996][422]LogBlueprintUserMessages: [Expedition_12] Max Load Party = 0.0
[2016.12.10-22.50.37:022][423]LogBlueprintUserMessages: [Expedition_12] Max Load Party = 0.0
[2016.12.10-22.50.37:047][424]LogBlueprintUserMessages: [Expedition_12] Max Load Party = 0.0
[2016.12.10-22.50.37:073][425]LogBlueprintUserMessages: [Expedition_12] Max Load Party = 0.0
[2016.12.10-22.50.37:098][426]LogBlueprintUserMessages: [Expedition_12] Max Load Party = 0.0
[2016.12.10-22.50.37:123][427]LogBlueprintUserMessages: [Expedition_12] Max Load Party = 0.0
[2016.12.10-22.50.37:148][428]LogBlueprintUserMessages: [Expedition_12] Max Load Party = 0.0
[2016.12.10-22.50.37:174][429]LogBlueprintUserMessages: [Expedition_12] Max Load Party = 0.0
[2016.12.10-22.50.37:200][430]LogBlueprintUserMessages: [Expedition_12] Max Load Party = 0.0
[2016.12.10-22.50.37:226][431]LogBlueprintUserMessages: [Expedition_12] Max Load Party = 0.0
[2016.12.10-22.50.37:251][432]LogBlueprintUserMessages: [Expedition_12] Max Load Party = 0.0
[2016.12.10-22.50.37:276][433]LogBlueprintUserMessages: [Expedition_12] Max Load Party = 0.0
[2016.12.10-22.50.37:301][434]LogBlueprintUserMessages: [Expedition_12] Max Load Party = 0.0
[2016.12.10-22.50.37:326][435]LogBlueprintUserMessages: [Expedition_12] Max Load Party = 0.0
[2016.12.10-22.50.37:352][436]LogBlueprintUserMessages: [Expedition_12] Max Load Party = 0.0
[2016.12.10-22.50.37:378][437]LogBlueprintUserMessages: [Expedition_12] Max Load Party = 0.0
[2016.12.10-22.50.37:403][438]LogBlueprintUserMessages: [Expedition_12] Max Load Party = 0.0
[2016.12.10-22.50.37:429][439]LogBlueprintUserMessages: [Expedition_12] Max Load Party = 0.0
[2016.12.10-22.50.37:454][440]LogBlueprintUserMessages: [Expedition_12] Max Load Party = 0.0
[2016.12.10-22.50.37:481][441]LogBlueprintUserMessages: [Expedition_12] Max Load Party = 0.0
[2016.12.10-22.50.37:506][442]LogBlueprintUserMessages: [Expedition_12] Max Load Party = 0.0
[2016.12.10-22.50.37:532][443]LogBlueprintUserMessages: [Expedition_12] Max Load Party = 0.0
[2016.12.10-22.50.37:557][444]LogBlueprintUserMessages: [Expedition_12] Max Load Party = 0.0
[2016.12.10-22.50.37:583][445]LogBlueprintUserMessages: [Expedition_12] Max Load Party = 0.0
[2016.12.10-22.50.37:608][446]LogBlueprintUserMessages: [Expedition_12] Max Load Party = 0.0
[2016.12.10-22.50.37:633][447]LogBlueprintUserMessages: [Expedition_12] Max Load Party = 0.0
[2016.12.10-22.50.37:658][448]LogBlueprintUserMessages: [Expedition_12] Max Load Party = 0.0
[2016.12.10-22.50.37:684][449]LogBlueprintUserMessages: [Expedition_12] Max Load Party = 0.0
[2016.12.10-22.50.37:710][450]LogBlueprintUserMessages: [Expedition_12] Max Load Party = 0.0
[2016.12.10-22.50.37:735][451]LogBlueprintUserMessages: [Expedition_12] Max Load Party = 0.0
[2016.12.10-22.50.37:761][452]LogBlueprintUserMessages: [Expedition_12] Max Load Party = 0.0
[2016.12.10-22.50.37:786][453]LogBlueprintUserMessages: [Expedition_12] Max Load Party = 0.0
[2016.12.10-22.50.37:811][454]LogBlueprintUserMessages: [Expedition_12] Max Load Party = 0.0
[2016.12.10-22.50.37:837][455]LogBlueprintUserMessages: [Expedition_12] Max Load Party = 0.0
[2016.12.10-22.50.37:862][456]LogBlueprintUserMessages: [Expedition_12] Max Load Party = 0.0
[2016.12.10-22.50.37:894][457]LogBlueprintUserMessages: [Expedition_12] Max Load Party = 0.0
[2016.12.10-22.50.37:915][458]LogBlueprintUserMessages: [Expedition_12] Max Load Party = 0.0
[2016.12.10-22.50.37:940][459]LogBlueprintUserMessages: [Expedition_12] Max Load Party = 0.0
[2016.12.10-22.50.37:966][460]LogBlueprintUserMessages: [Expedition_12] Max Load Party = 0.0
[2016.12.10-22.50.37:991][461]LogBlueprintUserMessages: [Expedition_12] Max Load Party = 0.0
[2016.12.10-22.50.38:016][462]LogBlueprintUserMessages: [Expedition_12] Max Load Party = 0.0
[2016.12.10-22.50.38:041][463]LogBlueprintUserMessages: [Expedition_12] Max Load Party = 0.0
[2016.12.10-22.50.38:067][464]LogBlueprintUserMessages: [Expedition_12] Max Load Party = 0.0
[2016.12.10-22.50.38:093][465]LogBlueprintUserMessages: [Expedition_12] Max Load Party = 0.0
[2016.12.10-22.50.38:118][466]LogBlueprintUserMessages: [Expedition_12] Max Load Party = 0.0
[2016.12.10-22.50.38:144][467]LogBlueprintUserMessages: [Expedition_12] Max Load Party = 0.0
[2016.12.10-22.50.38:170][468]LogBlueprintUserMessages: [Expedition_12] Max Load Party = 0.0
[2016.12.10-22.50.38:195][469]LogBlueprintUserMessages: [Expedition_12] Max Load Party = 0.0
[2016.12.10-22.50.38:220][470]LogBlueprintUserMessages: [Expedition_12] Max Load Party = 0.0
[2016.12.10-22.50.38:246][471]LogBlueprintUserMessages: [Expedition_12] Max Load Party = 0.0
[2016.12.10-22.50.38:272][472]LogBlueprintUserMessages: [Expedition_12] Max Load Party = 0.0
[2016.12.10-22.50.38:297][473]LogBlueprintUserMessages: [Expedition_12] Max Load Party = 0.0
[2016.12.10-22.50.38:322][474]LogBlueprintUserMessages: [Expedition_12] Max Load Party = 0.0
[2016.12.10-22.50.38:347][475]LogBlueprintUserMessages: [Expedition_12] Max Load Party = 0.0
[2016.12.10-22.50.38:373][476]LogBlueprintUserMessages: [Expedition_12] Max Load Party = 0.0
[2016.12.10-22.50.38:398][477]LogBlueprintUserMessages: [Expedition_12] Max Load Party = 0.0
[2016.12.10-22.50.38:424][478]LogBlueprintUserMessages: [Expedition_12] Max Load Party = 0.0
[2016.12.10-22.50.38:449][479]LogBlueprintUserMessages: [Expedition_12] Max Load Party = 0.0
[2016.12.10-22.50.38:475][480]LogBlueprintUserMessages: [Expedition_12] Max Load Party = 0.0
[2016.12.10-22.50.38:501][481]LogBlueprintUserMessages: [Expedition_12] Max Load Party = 0.0
[2016.12.10-22.50.38:527][482]LogBlueprintUserMessages: [Expedition_12] Max Load Party = 0.0
[2016.12.10-22.50.38:553][483]LogBlueprintUserMessages: [Expedition_12] Max Load Party = 0.0
[2016.12.10-22.50.38:578][484]LogBlueprintUserMessages: [Expedition_12] Max Load Party = 0.0
[2016.12.10-22.50.38:602][485]LogBlueprintUserMessages: [Expedition_12] Max Load Party = 0.0
[2016.12.10-22.50.38:627][486]LogBlueprintUserMessages: [Expedition_12] Max Load Party = 0.0
[2016.12.10-22.50.38:657][487]LogBlueprintUserMessages: [Expedition_12] Max Load Party = 0.0
[2016.12.10-22.50.38:683][488]LogBlueprintUserMessages: [Expedition_12] Max Load Party = 0.0
[2016.12.10-22.50.38:707][489]LogBlueprintUserMessages: [Expedition_12] Max Load Party = 0.0
[2016.12.10-22.50.38:732][490]LogBlueprintUserMessages: [Expedition_12] Max Load Party = 0.0
[2016.12.10-22.50.38:757][491]LogBlueprintUserMessages: [Expedition_12] Max Load Party = 0.0
[2016.12.10-22.50.38:783][492]LogBlueprintUserMessages: [Expedition_12] Max Load Party = 0.0
[2016.12.10-22.50.38:808][493]LogBlueprintUserMessages: [Expedition_12] Max Load Party = 0.0
[2016.12.10-22.50.38:835][494]LogBlueprintUserMessages: [Expedition_12] Max Load Party = 0.0
[2016.12.10-22.50.38:860][495]LogBlueprintUserMessages: [Expedition_12] Max Load Party = 0.0
[2016.12.10-22.50.38:886][496]LogBlueprintUserMessages: [Expedition_12] Max Load Party = 0.0
[2016.12.10-22.50.38:911][497]LogBlueprintUserMessages: [Expedition_12] Max Load Party = 0.0
[2016.12.10-22.50.38:936][498]LogBlueprintUserMessages: [Expedition_12] Max Load Party = 0.0
[2016.12.10-22.50.38:962][499]LogBlueprintUserMessages: [Expedition_12] Max Load Party = 0.0
[2016.12.10-22.50.38:987][500]LogBlueprintUserMessages: [Expedition_12] Max Load Party = 0.0
[2016.12.10-22.50.39:013][501]LogBlueprintUserMessages: [Expedition_12] Max Load Party = 0.0
[2016.12.10-22.50.39:039][502]LogBlueprintUserMessages: [Expedition_12] Max Load Party = 0.0
[2016.12.10-22.50.39:064][503]LogBlueprintUserMessages: [Expedition_12] Max Load Party = 0.0
[2016.12.10-22.50.39:090][504]LogBlueprintUserMessages: [Expedition_12] Max Load Party = 0.0
[2016.12.10-22.50.39:115][505]LogBlueprintUserMessages: [Expedition_12] Max Load Party = 0.0
[2016.12.10-22.50.39:140][506]LogBlueprintUserMessages: [Expedition_12] Max Load Party = 0.0
[2016.12.10-22.50.39:166][507]LogBlueprintUserMessages: [Expedition_12] Max Load Party = 0.0
[2016.12.10-22.50.39:191][508]LogBlueprintUserMessages: [Expedition_12] Max Load Party = 0.0
[2016.12.10-22.50.39:217][509]LogBlueprintUserMessages: [Expedition_12] Max Load Party = 0.0
[2016.12.10-22.50.39:243][510]LogBlueprintUserMessages: [Expedition_12] Max Load Party = 0.0
[2016.12.10-22.50.39:269][511]LogBlueprintUserMessages: [Expedition_12] Max Load Party = 0.0
[2016.12.10-22.50.39:294][512]LogBlueprintUserMessages: [Expedition_12] Max Load Party = 0.0
[2016.12.10-22.50.39:320][513]LogBlueprintUserMessages: [Expedition_12] Max Load Party = 0.0
[2016.12.10-22.50.39:347][514]LogBlueprintUserMessages: [Expedition_12] Max Load Party = 0.0
[2016.12.10-22.50.39:371][515]LogBlueprintUserMessages: [Expedition_12] Max Load Party = 0.0
[2016.12.10-22.50.39:397][516]LogBlueprintUserMessages: [Expedition_12] Max Load Party = 0.0
[2016.12.10-22.50.39:422][517]LogBlueprintUserMessages: [Expedition_12] Max Load Party = 0.0
[2016.12.10-22.50.39:447][518]LogBlueprintUserMessages: [Expedition_12] Max Load Party = 0.0
[2016.12.10-22.50.39:477][519]LogBlueprintUserMessages: [Expedition_12] Max Load Party = 0.0
[2016.12.10-22.50.39:498][520]LogBlueprintUserMessages: [Expedition_12] Max Load Party = 0.0
[2016.12.10-22.50.39:523][521]LogBlueprintUserMessages: [Expedition_12] Max Load Party = 0.0
[2016.12.10-22.50.39:548][522]LogBlueprintUserMessages: [Expedition_12] Max Load Party = 0.0
[2016.12.10-22.50.39:573][523]LogBlueprintUserMessages: [Expedition_12] Max Load Party = 0.0
[2016.12.10-22.50.39:598][524]LogBlueprintUserMessages: [Expedition_12] Max Load Party = 0.0
[2016.12.10-22.50.39:624][525]LogBlueprintUserMessages: [Expedition_12] Max Load Party = 0.0
[2016.12.10-22.50.39:649][526]LogBlueprintUserMessages: [Expedition_12] Max Load Party = 0.0
[2016.12.10-22.50.39:675][527]LogBlueprintUserMessages: [Expedition_12] Max Load Party = 0.0
[2016.12.10-22.50.39:700][528]LogBlueprintUserMessages: [Expedition_12] Max Load Party = 0.0
[2016.12.10-22.50.39:726][529]LogBlueprintUserMessages: [Expedition_12] Max Load Party = 0.0
[2016.12.10-22.50.39:751][530]LogBlueprintUserMessages: [Expedition_12] Max Load Party = 0.0
[2016.12.10-22.50.39:777][531]LogBlueprintUserMessages: [Expedition_12] Max Load Party = 0.0
[2016.12.10-22.50.39:802][532]LogBlueprintUserMessages: [Expedition_12] Max Load Party = 0.0
[2016.12.10-22.50.39:827][533]LogBlueprintUserMessages: [Expedition_12] Max Load Party = 0.0
[2016.12.10-22.50.39:853][534]LogBlueprintUserMessages: [Expedition_12] Max Load Party = 0.0
[2016.12.10-22.50.39:881][535]LogBlueprintUserMessages: [Expedition_12] Max Load Party = 0.0
[2016.12.10-22.50.39:908][536]LogBlueprintUserMessages: [Expedition_12] Max Load Party = 0.0
[2016.12.10-22.50.39:933][537]LogBlueprintUserMessages: [Expedition_12] Max Load Party = 0.0
[2016.12.10-22.50.39:959][538]LogBlueprintUserMessages: [Expedition_12] Max Load Party = 0.0
[2016.12.10-22.50.39:984][539]LogBlueprintUserMessages: [Expedition_12] Max Load Party = 0.0
[2016.12.10-22.50.40:009][540]LogBlueprintUserMessages: [Expedition_12] Max Load Party = 0.0
[2016.12.10-22.50.40:034][541]LogBlueprintUserMessages: [Expedition_12] Max Load Party = 0.0
[2016.12.10-22.50.40:060][542]LogBlueprintUserMessages: [Expedition_12] Max Load Party = 0.0
[2016.12.10-22.50.40:085][543]LogBlueprintUserMessages: [Expedition_12] Max Load Party = 0.0
[2016.12.10-22.50.40:111][544]LogBlueprintUserMessages: [Expedition_12] Max Load Party = 0.0
[2016.12.10-22.50.40:136][545]LogBlueprintUserMessages: [Expedition_12] Max Load Party = 0.0
[2016.12.10-22.50.40:162][546]LogBlueprintUserMessages: [Expedition_12] Max Load Party = 0.0
[2016.12.10-22.50.40:188][547]LogBlueprintUserMessages: [Expedition_12] Max Load Party = 0.0
[2016.12.10-22.50.40:213][548]LogBlueprintUserMessages: [Expedition_12] Max Load Party = 0.0
[2016.12.10-22.50.40:238][549]LogBlueprintUserMessages: [Expedition_12] Max Load Party = 0.0
[2016.12.10-22.50.40:263][550]LogBlueprintUserMessages: [Expedition_12] Max Load Party = 0.0
[2016.12.10-22.50.40:289][551]LogBlueprintUserMessages: [Expedition_12] Max Load Party = 0.0
[2016.12.10-22.50.40:314][552]LogBlueprintUserMessages: [Expedition_12] Max Load Party = 0.0
[2016.12.10-22.50.40:340][553]LogBlueprintUserMessages: [Expedition_12] Max Load Party = 0.0
[2016.12.10-22.50.40:367][554]LogBlueprintUserMessages: [Expedition_12] Max Load Party = 0.0
[2016.12.10-22.50.40:391][555]LogBlueprintUserMessages: [Expedition_12] Max Load Party = 0.0
[2016.12.10-22.50.40:429][556]LogBlueprintUserMessages: [Expedition_12] Max Load Party = 0.0
[2016.12.10-22.50.40:466][557]LogBlueprintUserMessages: [Expedition_12] Max Load Party = 0.0
[2016.12.10-22.50.40:491][558]LogBlueprintUserMessages: [Expedition_12] Max Load Party = 0.0
[2016.12.10-22.50.40:517][559]LogBlueprintUserMessages: [Expedition_12] Max Load Party = 0.0
[2016.12.10-22.50.40:543][560]LogBlueprintUserMessages: [Expedition_12] Max Load Party = 0.0
[2016.12.10-22.50.40:568][561]LogBlueprintUserMessages: [Expedition_12] Max Load Party = 0.0
[2016.12.10-22.50.40:592][562]LogBlueprintUserMessages: [Expedition_12] Max Load Party = 0.0
[2016.12.10-22.50.40:618][563]LogBlueprintUserMessages: [Expedition_12] Max Load Party = 0.0
[2016.12.10-22.50.40:643][564]LogBlueprintUserMessages: [Expedition_12] Max Load Party = 0.0
[2016.12.10-22.50.40:669][565]LogBlueprintUserMessages: [Expedition_12] Max Load Party = 0.0
[2016.12.10-22.50.40:693][566]LogBlueprintUserMessages: [Expedition_12] Max Load Party = 0.0
[2016.12.10-22.50.40:719][567]LogBlueprintUserMessages: [Expedition_12] Max Load Party = 0.0
[2016.12.10-22.50.40:744][568]LogBlueprintUserMessages: [Expedition_12] Max Load Party = 0.0
[2016.12.10-22.50.40:769][569]LogBlueprintUserMessages: [Expedition_12] Max Load Party = 0.0
[2016.12.10-22.50.40:794][570]LogBlueprintUserMessages: [Expedition_12] Max Load Party = 0.0
[2016.12.10-22.50.40:819][571]LogBlueprintUserMessages: [Expedition_12] Max Load Party = 0.0
[2016.12.10-22.50.40:872][572]LogBlueprintUserMessages: Early EndPlayMap Detection: Level '/Game/Maps/EclypseVillage.EclypseVillage:PersistentLevel' has LevelScriptBlueprint '/Game/Maps/EclypseVillage.EclypseVillage:PersistentLevel.EclypseVillage' with GeneratedClass '/Game/Maps/EclypseVillage.EclypseVillage_C' with ClassGeneratedBy '/Game/Maps/EclypseVillage.EclypseVillage:PersistentLevel.EclypseVillage'
[2016.12.10-22.50.40:872][572]LogHMD: Destroying ovr session
[2016.12.10-22.50.40:934][572]LogBlueprintUserMessages: Late EndPlayMap Detection: Level '/Game/Maps/EclypseVillage.EclypseVillage:PersistentLevel' has LevelScriptBlueprint '/Game/Maps/EclypseVillage.EclypseVillage:PersistentLevel.EclypseVillage' with GeneratedClass '/Game/Maps/EclypseVillage.EclypseVillage_C' with ClassGeneratedBy '/Game/Maps/EclypseVillage.EclypseVillage:PersistentLevel.EclypseVillage'
[2016.12.11-12.07.14:127][579]LogActorComponent: UnregisterComponent: (/Engine/Transient.EditorFloorComp) Not registered. Aborting.
[2016.12.11-12.07.14:444][580]Cmd: QUIT_EDITOR
[2016.12.11-12.07.15:368][580]LogWindowsTextInputMethodSystem:Display: IME system now deactivated.
[2016.12.11-12.07.15:388][580]LogExit: Preparing to exit.
[2016.12.11-12.07.16:586][580]LogDirectoryWatcher: A directory notification for 'D:/Admin/Documents/GitHub Repositories/EclypseUE4/ProjectEclypse/Content/' was aborted.
[2016.12.11-12.07.16:614][580]LogExit: Editor shut down
[2016.12.11-12.07.16:614][580]LogExit: Transaction tracking system shut down
[2016.12.11-12.07.16:729][580]LogObj: Freed 0b from 0 cluster array pools.
[2016.12.11-12.07.16:729][580]LogExit: Object subsystem successfully closed.
[2016.12.11-12.07.16:749][580]LogD3D11RHI: Shutdown
[2016.12.11-12.07.16:749][580]LogD3D11RHI: CleanupD3DDevice
[2016.12.11-12.07.16:793][580]LogD3D11RHI: ~FD3D11DynamicRHI
[2016.12.11-12.07.16:798][580]LogModuleManager: Shutting down and abandoning module MovieSceneCapture (239)
[2016.12.11-12.07.16:798][580]LogModuleManager: Shutting down and abandoning module SequencerWidgets (238)
[2016.12.11-12.07.16:798][580]LogModuleManager: Shutting down and abandoning module BlueprintGraph (237)
[2016.12.11-12.07.16:798][580]LogModuleManager: Shutting down and abandoning module BlueprintProfiler (236)
[2016.12.11-12.07.16:798][580]LogModuleManager: Shutting down and abandoning module HierarchicalLODOutliner (235)
[2016.12.11-12.07.16:798][580]LogModuleManager: Shutting down and abandoning module CrashTracker (234)
[2016.12.11-12.07.16:798][580]LogModuleManager: Shutting down and abandoning module SceneOutliner (233)
[2016.12.11-12.07.16:798][580]LogModuleManager: Shutting down and abandoning module WidgetCarousel (232)
[2016.12.11-12.07.16:798][580]LogModuleManager: Shutting down and abandoning module AddContentDialog (231)
[2016.12.11-12.07.16:798][580]LogDirectoryWatcher: A directory notification for 'D:/Program Files (x86)/Epic Games/4.13/FeaturePacks/' was aborted.
[2016.12.11-12.07.16:799][580]LogModuleManager: Shutting down and abandoning module GameplayTags (230)
[2016.12.11-12.07.16:799][580]LogModuleManager: Shutting down and abandoning module EditorWidgets (229)
[2016.12.11-12.07.16:799][580]LogModuleManager: Shutting down and abandoning module CollectionManager (228)
[2016.12.11-12.07.16:799][580]LogDirectoryWatcher: A directory notification for 'D:/Admin/Documents/GitHub Repositories/EclypseUE4/ProjectEclypse/Content/Collections/' was aborted.
[2016.12.11-12.07.16:799][580]LogDirectoryWatcher: A directory notification for 'D:/Admin/Documents/GitHub Repositories/EclypseUE4/ProjectEclypse/Content/Developers/StefanoAdmin/Collections/' was aborted.
[2016.12.11-12.07.16:799][580]LogDirectoryWatcher: A directory notification for 'D:/Admin/Documents/GitHub Repositories/EclypseUE4/ProjectEclypse/Saved/Collections/' was aborted.
[2016.12.11-12.07.16:799][580]LogModuleManager: Shutting down and abandoning module StatsViewer (227)
[2016.12.11-12.07.16:799][580]LogModuleManager: Shutting down and abandoning module FoliageEdit (226)
[2016.12.11-12.07.16:799][580]LogModuleManager: Shutting down and abandoning module LandscapeEditor (225)
[2016.12.11-12.07.16:800][580]LogModuleManager: Shutting down and abandoning module SceneDepthPickerMode (224)
[2016.12.11-12.07.16:800][580]LogModuleManager: Shutting down and abandoning module ActorPickerMode (223)
[2016.12.11-12.07.16:800][580]LogModuleManager: Shutting down and abandoning module GeometryMode (222)
[2016.12.11-12.07.16:800][580]LogModuleManager: Shutting down and abandoning module TextureAlignMode (221)
[2016.12.11-12.07.16:800][580]LogModuleManager: Shutting down and abandoning module BspMode (220)
[2016.12.11-12.07.16:800][580]LogModuleManager: Shutting down and abandoning module HardwareSurvey (219)
[2016.12.11-12.07.16:800][580]LogModuleManager: Shutting down and abandoning module SequenceRecorderSections (218)
[2016.12.11-12.07.16:800][580]LogModuleManager: Shutting down and abandoning module SequenceRecorder (217)
[2016.12.11-12.07.16:800][580]LogModuleManager: Shutting down and abandoning module AutomationWorker (216)
[2016.12.11-12.07.16:800][580]LogModuleManager: Shutting down and abandoning module MatineeToLevelSequence (215)
[2016.12.11-12.07.16:800][580]LogModuleManager: Shutting down and abandoning module PlacementMode (214)
[2016.12.11-12.07.16:800][580]LogModuleManager: Shutting down and abandoning module LevelSequenceEditor (213)
[2016.12.11-12.07.16:800][580]LogModuleManager: Shutting down and abandoning module WmfMediaFactory (212)
[2016.12.11-12.07.16:800][580]LogModuleManager: Shutting down and abandoning module WmfMediaEditor (211)
[2016.12.11-12.07.16:800][580]LogModuleManager: Shutting down and abandoning module AvfMediaFactory (210)
[2016.12.11-12.07.16:800][580]LogModuleManager: Shutting down and abandoning module AvfMediaEditor (209)
[2016.12.11-12.07.16:800][580]LogModuleManager: Shutting down and abandoning module Media (208)
[2016.12.11-12.07.16:800][580]LogModuleManager: Shutting down and abandoning module AndroidMediaFactory (207)
[2016.12.11-12.07.16:800][580]LogModuleManager: Shutting down and abandoning module AndroidMediaEditor (206)
[2016.12.11-12.07.16:800][580]LogModuleManager: Shutting down and abandoning module CharacterAI (205)
[2016.12.11-12.07.16:800][580]LogModuleManager: Shutting down and abandoning module SmartSnapping (204)
[2016.12.11-12.07.16:800][580]LogModuleManager: Shutting down and abandoning module SessionServices (203)
[2016.12.11-12.07.16:800][580]LogModuleManager: Shutting down and abandoning module ViewportSnapping (202)
[2016.12.11-12.07.16:800][580]LogModuleManager: Shutting down and abandoning module ViewportInteraction (201)
[2016.12.11-12.07.16:800][580]LogModuleManager: Shutting down and abandoning module LogVisualizer (200)
[2016.12.11-12.07.16:800][580]LogModuleManager: Shutting down and abandoning module GameProjectGeneration (199)
[2016.12.11-12.07.16:800][580]LogModuleManager: Shutting down and abandoning module IntroTutorials (198)
[2016.12.11-12.07.16:800][580]LogModuleManager: Shutting down and abandoning module EditorLiveStreaming (197)
[2016.12.11-12.07.16:800][580]LogModuleManager: Shutting down and abandoning module IOSPlatformEditor (196)
[2016.12.11-12.07.16:800][580]LogModuleManager: Shutting down and abandoning module HTML5PlatformEditor (195)
[2016.12.11-12.07.16:800][580]LogModuleManager: Shutting down and abandoning module AndroidDeviceDetection (194)
[2016.12.11-12.07.17:161][580]LogModuleManager: Shutting down and abandoning module AndroidPlatformEditor (193)
[2016.12.11-12.07.17:161][580]LogModuleManager: Shutting down and abandoning module IOSRuntimeSettings (192)
[2016.12.11-12.07.17:161][580]LogModuleManager: Shutting down and abandoning module AndroidRuntimeSettings (191)
[2016.12.11-12.07.17:161][580]LogModuleManager: Shutting down and abandoning module NiagaraEditor (190)
[2016.12.11-12.07.17:161][580]LogModuleManager: Shutting down and abandoning module MergeActors (189)
[2016.12.11-12.07.17:161][580]LogModuleManager: Shutting down and abandoning module SizeMap (188)
[2016.12.11-12.07.17:161][580]LogModuleManager: Shutting down and abandoning module TreeMap (187)
[2016.12.11-12.07.17:161][580]LogModuleManager: Shutting down and abandoning module ReferenceViewer (186)
[2016.12.11-12.07.17:161][580]LogModuleManager: Shutting down and abandoning module LocalizationService (185)
[2016.12.11-12.07.17:161][580]LogModuleManager: Shutting down and abandoning module LocalizationDashboard (184)
[2016.12.11-12.07.17:161][580]LogModuleManager: Shutting down and abandoning module HardwareTargeting (183)
[2016.12.11-12.07.17:161][580]LogModuleManager: Shutting down and abandoning module DeviceProfileEditor (182)
[2016.12.11-12.07.17:161][580]LogModuleManager: Shutting down and abandoning module UndoHistory (181)
[2016.12.11-12.07.17:161][580]LogModuleManager: Shutting down and abandoning module UserFeedback (180)
[2016.12.11-12.07.17:161][580]LogModuleManager: Shutting down and abandoning module XmlParser (179)
[2016.12.11-12.07.17:161][580]LogModuleManager: Shutting down and abandoning module Blutility (178)
[2016.12.11-12.07.17:161][580]LogModuleManager: Shutting down and abandoning module ProjectTargetPlatformEditor (177)
[2016.12.11-12.07.17:161][580]LogModuleManager: Shutting down and abandoning module ProjectSettingsViewer (176)
[2016.12.11-12.07.17:161][580]LogModuleManager: Shutting down and abandoning module InputBindingEditor (175)
[2016.12.11-12.07.17:161][580]LogModuleManager: Shutting down and abandoning module EditorSettingsViewer (174)
[2016.12.11-12.07.17:161][580]LogModuleManager: Shutting down and abandoning module SettingsEditor (173)
[2016.12.11-12.07.17:161][580]LogModuleManager: Shutting down and abandoning module ProjectLauncher (172)
[2016.12.11-12.07.17:161][580]LogModuleManager: Shutting down and abandoning module SessionFrontend (171)
[2016.12.11-12.07.17:161][580]LogModuleManager: Shutting down and abandoning module ProfilerClient (170)
[2016.12.11-12.07.17:161][580]LogModuleManager: Shutting down and abandoning module TargetDeviceServices (169)
[2016.12.11-12.07.17:161][580]LogModuleManager: Shutting down and abandoning module DeviceManager (168)
[2016.12.11-12.07.17:212][580]LogModuleManager: Shutting down and abandoning module AutomationController (167)
[2016.12.11-12.07.17:212][580]LogModuleManager: Shutting down and abandoning module AutomationWindow (166)
[2016.12.11-12.07.17:212][580]LogModuleManager: Shutting down and abandoning module Layers (165)
[2016.12.11-12.07.17:212][580]LogModuleManager: Shutting down and abandoning module ComponentVisualizers (164)
[2016.12.11-12.07.17:212][580]LogModuleManager: Shutting down and abandoning module DetailCustomizations (163)
[2016.12.11-12.07.17:212][580]LogModuleManager: Shutting down and abandoning module PackagesDialog (162)
[2016.12.11-12.07.17:212][580]LogModuleManager: Shutting down and abandoning module AnimGraph (161)
[2016.12.11-12.07.17:212][580]LogModuleManager: Shutting down and abandoning module Persona (160)
[2016.12.11-12.07.17:212][580]LogModuleManager: Shutting down and abandoning module Kismet (159)
[2016.12.11-12.07.17:216][580]LogModuleManager: Shutting down and abandoning module GraphEditor (158)
[2016.12.11-12.07.17:216][580]LogModuleManager: Shutting down and abandoning module ClassViewer (157)
[2016.12.11-12.07.17:216][580]LogModuleManager: Shutting down and abandoning module Toolbox (156)
[2016.12.11-12.07.17:216][580]LogModuleManager: Shutting down and abandoning module ModuleUI (155)
[2016.12.11-12.07.17:216][580]LogModuleManager: Shutting down and abandoning module MovieSceneTools (154)
[2016.12.11-12.07.17:216][580]LogModuleManager: Shutting down and abandoning module OutputLog (153)
[2016.12.11-12.07.17:216][580]LogModuleManager: Shutting down and abandoning module GammaUI (152)
[2016.12.11-12.07.17:216][580]LogModuleManager: Shutting down and abandoning module Documentation (151)
[2016.12.11-12.07.17:216][580]LogModuleManager: Shutting down and abandoning module Niagara (150)
[2016.12.11-12.07.17:216][580]LogModuleManager: Shutting down and abandoning module StreamingPauseRendering (149)
[2016.12.11-12.07.17:216][580]LogModuleManager: Shutting down and abandoning module AnalyticsET (148)
[2016.12.11-12.07.17:216][580]LogModuleManager: Shutting down and abandoning module PortalServices (147)
[2016.12.11-12.07.17:216][580]LogModuleManager: Shutting down and abandoning module PortalRpc (146)
[2016.12.11-12.07.17:216][580]LogModuleManager: Shutting down and abandoning module MessagingRpc (145)
[2016.12.11-12.07.17:216][580]LogModuleManager: Shutting down and abandoning module GameplayDebugger (144)
[2016.12.11-12.07.17:216][580]LogModuleManager: Shutting down and abandoning module AITestSuite (143)
[2016.12.11-12.07.17:216][580]LogModuleManager: Shutting down and abandoning module AIModule (142)
[2016.12.11-12.07.17:216][580]LogModuleManager: Shutting down and abandoning module ProfilerService (141)
[2016.12.11-12.07.17:401][580]LogModuleManager: Shutting down and abandoning module TaskGraph (140)
[2016.12.11-12.07.17:401][580]LogModuleManager: Shutting down and abandoning module SubstanceEditor (139)
[2016.12.11-12.07.17:401][580]LogModuleManager: Shutting down and abandoning module SlateRemote (138)
[2016.12.11-12.07.17:401][580]LogModuleManager: Shutting down and abandoning module SteamVRController (137)
[2016.12.11-12.07.17:401][580]LogModuleManager: Shutting down and abandoning module SteamVR (136)
[2016.12.11-12.07.17:401][580]LogModuleManager: Shutting down and abandoning module ProceduralMeshComponentEditor (135)
[2016.12.11-12.07.17:401][580]LogModuleManager: Shutting down and abandoning module ProceduralMeshComponent (134)
[2016.12.11-12.07.17:401][580]LogModuleManager: Shutting down and abandoning module OculusLibrary (133)
[2016.12.11-12.07.17:401][580]LogModuleManager: Shutting down and abandoning module OculusInput (132)
[2016.12.11-12.07.17:401][580]LogModuleManager: Shutting down and abandoning module CustomMeshComponent (131)
[2016.12.11-12.07.17:401][580]LogModuleManager: Shutting down and abandoning module CableComponent (130)
[2016.12.11-12.07.17:401][580]LogModuleManager: Shutting down and abandoning module ArchVisCharacter (129)
[2016.12.11-12.07.17:401][580]LogModuleManager: Shutting down and abandoning module MediaPlayerEditor (127)
[2016.12.11-12.07.17:401][580]LogModuleManager: Shutting down and abandoning module HTML5Networking (126)
[2016.12.11-12.07.17:401][580]LogModuleManager: Shutting down and abandoning module GeometryCacheEd (125)
[2016.12.11-12.07.17:401][580]LogModuleManager: Shutting down and abandoning module GeometryCache (124)
[2016.12.11-12.07.17:401][580]LogModuleManager: Shutting down and abandoning module AlembicLibrary (123)
[2016.12.11-12.07.17:401][580]LogModuleManager: Shutting down and abandoning module AlembicImporter (122)
[2016.12.11-12.07.17:401][580]LogModuleManager: Shutting down and abandoning module SuperSearch (121)
[2016.12.11-12.07.17:401][580]LogModuleManager: Shutting down and abandoning module SuperSearchEditor (120)
[2016.12.11-12.07.17:401][580]LogModuleManager: Shutting down and abandoning module SpeedTreeImporter (119)
[2016.12.11-12.07.17:401][580]LogModuleManager: Shutting down and abandoning module PluginBrowser (118)
[2016.12.11-12.07.17:401][580]LogModuleManager: Shutting down and abandoning module MobileLauncherProfileWizard (117)
[2016.12.11-12.07.17:401][580]LogModuleManager: Shutting down and abandoning module EpicSurvey (116)
[2016.12.11-12.07.17:401][580]LogModuleManager: Shutting down and abandoning module DesktopPlatform (115)
[2016.12.11-12.07.17:401][580]LogModuleManager: Shutting down and abandoning module VisualStudioSourceCodeAccess (114)
[2016.12.11-12.07.17:401][580]LogModuleManager: Shutting down and abandoning module UObjectPlugin (113)
[2016.12.11-12.07.17:401][580]LogModuleManager: Shutting down and abandoning module SubversionSourceControl (112)
[2016.12.11-12.07.17:401][580]LogModuleManager: Shutting down and abandoning module PerforceSourceControl (111)
[2016.12.11-12.07.17:401][580]LogModuleManager: Shutting down and abandoning module SourceControl (110)
[2016.12.11-12.07.17:401][580]LogModuleManager: Shutting down and abandoning module GitSourceControl (109)
[2016.12.11-12.07.17:401][580]LogModuleManager: Shutting down and abandoning module LightPropagationVolumeEditor (108)
[2016.12.11-12.07.17:401][580]LogModuleManager: Shutting down and abandoning module PaperTiledImporter (107)
[2016.12.11-12.07.17:401][580]LogModuleManager: Shutting down and abandoning module PaperSpriteSheetImporter (106)
[2016.12.11-12.07.17:401][580]LogModuleManager: Shutting down and abandoning module MeshPaint (105)
[2016.12.11-12.07.17:401][580]LogModuleManager: Shutting down and abandoning module FbxAutomationBuilderModule (104)
[2016.12.11-12.07.17:401][580]LogModuleManager: Shutting down and abandoning module PixelInspectorModule (103)
[2016.12.11-12.07.17:401][580]LogModuleManager: Shutting down and abandoning module HotReload (102)
[2016.12.11-12.07.17:402][580]LogModuleManager: Shutting down and abandoning module MainFrame (101)
[2016.12.11-12.07.17:402][580]LogModuleManager: Shutting down and abandoning module LevelEditor (100)
[2016.12.11-12.07.17:402][580]LogModuleManager: Shutting down and abandoning module ContentBrowser (99)
[2016.12.11-12.07.17:403][580]LogModuleManager: Shutting down and abandoning module Paper2DEditor (98)
[2016.12.11-12.07.17:403][580]LogModuleManager: Shutting down and abandoning module UdpMessaging (97)
[2016.12.11-12.07.17:503][580]LogModuleManager: Shutting down and abandoning module TcpMessaging (96)
[2016.12.11-12.07.17:603][580]LogModuleManager: Shutting down and abandoning module SubstanceCore (95)
[2016.12.11-12.07.17:603][580]LogModuleManager: Shutting down and abandoning module LightPropagationVolumeRuntime (94)
[2016.12.11-12.07.17:603][580]LogModuleManager: Shutting down and abandoning module Paper2D (93)
[2016.12.11-12.07.17:603][580]LogModuleManager: Shutting down and abandoning module WindowsMoviePlayer (92)
[2016.12.11-12.07.17:603][580]LogModuleManager: Shutting down and abandoning module WmfMedia (91)
[2016.12.11-12.07.17:603][580]LogModuleManager: Shutting down and abandoning module MediaAssets (90)
[2016.12.11-12.07.17:603][580]LogModuleManager: Shutting down and abandoning module GameLiveStreaming (89)
[2016.12.11-12.07.17:603][580]LogModuleManager: Shutting down and abandoning module GameplayTagsEditor (88)
[2016.12.11-12.07.17:603][580]LogModuleManager: Shutting down and abandoning module VREditor (87)
[2016.12.11-12.07.17:603][580]LogModuleManager: Shutting down and abandoning module GameplayTasksEditor (86)
[2016.12.11-12.07.17:603][580]LogModuleManager: Shutting down and abandoning module PropertyEditor (85)
[2016.12.11-12.07.17:603][580]LogModuleManager: Shutting down and abandoning module BehaviorTreeEditor (84)
[2016.12.11-12.07.17:603][580]LogModuleManager: Shutting down and abandoning module FunctionalTesting (83)
[2016.12.11-12.07.17:603][580]LogModuleManager: Shutting down and abandoning module CollisionAnalyzer (82)
[2016.12.11-12.07.17:603][580]LogModuleManager: Shutting down and abandoning module Sequencer (81)
[2016.12.11-12.07.17:603][580]LogModuleManager: Shutting down and abandoning module WorkspaceMenuStructure (80)
[2016.12.11-12.07.17:603][580]LogModuleManager: Shutting down and abandoning module MessageLog (79)
[2016.12.11-12.07.17:603][580]LogModuleManager: Shutting down and abandoning module AssetTools (78)
[2016.12.11-12.07.17:604][580]LogModuleManager: Shutting down and abandoning module UMGEditor (77)
[2016.12.11-12.07.17:604][580]LogModuleManager: Shutting down and abandoning module UMG (76)
[2016.12.11-12.07.17:604][580]LogModuleManager: Shutting down and abandoning module SlateReflector (75)
[2016.12.11-12.07.17:604][580]LogModuleManager: Shutting down and abandoning module Slate (74)
[2016.12.11-12.07.17:604][580]LogModuleManager: Shutting down and abandoning module EditorStyle (73)
[2016.12.11-12.07.17:605][580]LogModuleManager: Shutting down and abandoning module SourceCodeAccess (72)
[2016.12.11-12.07.17:605][580]LogModuleManager: Shutting down and abandoning module HeadMountedDisplay (71)
[2016.12.11-12.07.17:605][580]LogModuleManager: Shutting down and abandoning module XAudio2 (70)
[2016.12.11-12.07.17:605][580]LogModuleManager: Shutting down and abandoning module Networking (68)
[2016.12.11-12.07.17:605][580]LogModuleManager: Shutting down and abandoning module Core (67)
[2016.12.11-12.07.17:605][580]LogModuleManager: Shutting down and abandoning module DirectoryWatcher (66)
[2016.12.11-12.07.17:605][580]LogDirectoryWatcher: A directory notification for '../../../Engine/Content/' was aborted.
[2016.12.11-12.07.17:605][580]LogDirectoryWatcher: A directory notification for '../../../../../../Admin/Documents/GitHub Repositories/EclypseUE4/ProjectEclypse/Content/' was aborted.
[2016.12.11-12.07.17:605][580]LogDirectoryWatcher: A directory notification for '../../../Engine/Plugins/2D/Paper2D/Content/' was aborted.
[2016.12.11-12.07.17:606][580]LogModuleManager: Shutting down and abandoning module AssetRegistry (65)
[2016.12.11-12.07.17:750][580]LogModuleManager: Shutting down and abandoning module KismetCompiler (64)
[2016.12.11-12.07.17:750][580]LogModuleManager: Shutting down and abandoning module PhysXFormats (63)
[2016.12.11-12.07.17:750][580]LogModuleManager: Shutting down and abandoning module MeshUtilities (62)
[2016.12.11-12.07.17:750][580]LogModuleManager: Shutting down and abandoning module DerivedDataCache (61)
[2016.12.11-12.07.17:807][580]LogDerivedDataCache: Shutdown
[2016.12.11-12.07.17:807][580]LogModuleManager: Shutting down and abandoning module VulkanShaderFormat (60)
[2016.12.11-12.07.17:807][580]LogModuleManager: Shutting down and abandoning module ShaderFormatOpenGL (59)
[2016.12.11-12.07.17:807][580]LogModuleManager: Shutting down and abandoning module ShaderFormatD3D (58)
[2016.12.11-12.07.17:807][580]LogModuleManager: Shutting down and abandoning module MetalShaderFormat (57)
[2016.12.11-12.07.17:807][580]LogModuleManager: Shutting down and abandoning module TextureFormatUncompressed (56)
[2016.12.11-12.07.17:807][580]LogModuleManager: Shutting down and abandoning module TextureFormatPVR (55)
[2016.12.11-12.07.17:807][580]LogModuleManager: Shutting down and abandoning module TextureFormatDXT (54)
[2016.12.11-12.07.17:807][580]LogModuleManager: Shutting down and abandoning module TextureFormatIntelISPCTexComp (53)
[2016.12.11-12.07.17:807][580]LogModuleManager: Shutting down and abandoning module ImageWrapper (52)
[2016.12.11-12.07.17:807][580]LogModuleManager: Shutting down and abandoning module TextureFormatASTC (51)
[2016.12.11-12.07.17:807][580]LogModuleManager: Shutting down and abandoning module TextureFormatAndroid (50)
[2016.12.11-12.07.17:807][580]LogModuleManager: Shutting down and abandoning module AudioFormatOpus (49)
[2016.12.11-12.07.17:807][580]LogModuleManager: Shutting down and abandoning module AudioFormatOgg (48)
[2016.12.11-12.07.17:807][580]LogModuleManager: Shutting down and abandoning module AudioFormatADPCM (47)
[2016.12.11-12.07.17:807][580]LogModuleManager: Shutting down and abandoning module LinuxTargetPlatform (46)
[2016.12.11-12.07.17:807][580]LogModuleManager: Shutting down and abandoning module LinuxServerTargetPlatform (45)
[2016.12.11-12.07.17:807][580]LogModuleManager: Shutting down and abandoning module LinuxNoEditorTargetPlatform (44)
[2016.12.11-12.07.17:807][580]LogModuleManager: Shutting down and abandoning module LinuxClientTargetPlatform (43)
[2016.12.11-12.07.17:807][580]LogModuleManager: Shutting down and abandoning module TVOSTargetPlatform (42)
[2016.12.11-12.07.17:807][580]LogModuleManager: Shutting down and abandoning module Messaging (41)
[2016.12.11-12.07.17:807][580]LogModuleManager: Shutting down and abandoning module IOSTargetPlatform (40)
[2016.12.11-12.07.17:807][580]LogModuleManager: Shutting down and abandoning module HTML5TargetPlatform (39)
[2016.12.11-12.07.17:807][580]LogModuleManager: Shutting down and abandoning module Android_PVRTCTargetPlatform (38)
[2016.12.11-12.07.17:807][580]LogModuleManager: Shutting down and abandoning module Android_MultiTargetPlatform (37)
[2016.12.11-12.07.17:807][580]LogModuleManager: Shutting down and abandoning module Android_ETC2TargetPlatform (36)
[2016.12.11-12.07.17:807][580]LogModuleManager: Shutting down and abandoning module Android_ETC1TargetPlatform (35)
[2016.12.11-12.07.17:807][580]LogModuleManager: Shutting down and abandoning module Android_DXTTargetPlatform (34)
[2016.12.11-12.07.17:807][580]LogModuleManager: Shutting down and abandoning module Android_ATCTargetPlatform (33)
[2016.12.11-12.07.17:807][580]LogModuleManager: Shutting down and abandoning module Android_ASTCTargetPlatform (32)
[2016.12.11-12.07.17:807][580]LogModuleManager: Shutting down and abandoning module AndroidTargetPlatform (31)
[2016.12.11-12.07.17:807][580]LogModuleManager: Shutting down and abandoning module WindowsTargetPlatform (30)
[2016.12.11-12.07.17:807][580]LogModuleManager: Shutting down and abandoning module WindowsServerTargetPlatform (29)
[2016.12.11-12.07.17:807][580]LogModuleManager: Shutting down and abandoning module WindowsNoEditorTargetPlatform (28)
[2016.12.11-12.07.17:807][580]LogModuleManager: Shutting down and abandoning module WindowsClientTargetPlatform (27)
[2016.12.11-12.07.17:807][580]LogModuleManager: Shutting down and abandoning module AllDesktopTargetPlatform (26)
[2016.12.11-12.07.17:807][580]LogModuleManager: Shutting down and abandoning module TargetPlatform (25)
[2016.12.11-12.07.17:807][580]LogModuleManager: Shutting down and abandoning module InputCore (24)
[2016.12.11-12.07.17:807][580]LogModuleManager: Shutting down and abandoning module Settings (23)
[2016.12.11-12.07.17:807][580]LogModuleManager: Shutting down and abandoning module OculusRift (22)
[2016.12.11-12.07.17:808][580]LogHMD: Oculus shutdown.
[2016.12.11-12.07.17:808][580]LogModuleManager: Shutting down and abandoning module GearVR (21)
[2016.12.11-12.07.17:808][580]LogModuleManager: Shutting down and abandoning module ExampleDeviceProfileSelector (20)
[2016.12.11-12.07.17:808][580]LogModuleManager: Shutting down and abandoning module OnlineBlueprintSupport (19)
[2016.12.11-12.07.17:808][580]LogModuleManager: Shutting down and abandoning module OnlineSubsystem (17)
[2016.12.11-12.07.17:808][580]LogOnline:Display: Unloading online subsystem: NULL
[2016.12.11-12.07.17:808][580]LogModuleManager: Shutting down and abandoning module HTTP (16)
[2016.12.11-12.07.17:808][580]LogHttp:Display: Http module shutting down, but needs to wait on 1 outstanding Http requests:
[2016.12.11-12.07.17:808][580]LogHttp:Display: 	verb=[POST] url=[https://datarouter.ol.epicgames.com/datarouter/api/v1/public/data?SessionID=%7BAE8FD007-423B-BBEB-9E00-C1BF554E260F%7D&AppID=UEEditor.Rocket.Release&AppVersion=4.13.1-3142249%2B%2B%2BUE4%2BRelease-4.13&UserID=7be9bcc841aef0cc7d8bf18c2213b0ba%7C54a8b21b775447c98759891ef23b3c0e%7C44f0c9ea-1eaa-4502-b083-e847946dc175&AppEnvironment=datacollector-binary&UploadType=eteventstream] status=Processing
[2016.12.11-12.07.17:837][580]LogModuleManager: Shutting down and abandoning module XMPP (15)
[2016.12.11-12.07.17:837][580]LogModuleManager: Shutting down and abandoning module TextureCompressor (14)
[2016.12.11-12.07.17:837][580]LogModuleManager: Shutting down and abandoning module ShaderCore (13)
[2016.12.11-12.07.17:837][580]LogModuleManager: Shutting down and abandoning module Landscape (12)
[2016.12.11-12.07.17:837][580]LogModuleManager: Shutting down and abandoning module SlateRHIRenderer (11)
[2016.12.11-12.07.17:839][580]LogModuleManager: Shutting down and abandoning module OpenGLDrv (10)
[2016.12.11-12.07.17:839][580]LogModuleManager: Shutting down and abandoning module D3D11RHI (9)
[2016.12.11-12.07.17:839][580]LogModuleManager: Shutting down and abandoning module AnimGraphRuntime (8)
[2016.12.11-12.07.17:839][580]LogModuleManager: Shutting down and abandoning module Renderer (7)
[2016.12.11-12.07.17:839][580]LogModuleManager: Shutting down and abandoning module Engine (6)
[2016.12.11-12.07.17:839][580]LogModuleManager: Shutting down and abandoning module CoreUObject (5)
[2016.12.11-12.07.17:839][580]LogModuleManager: Shutting down and abandoning module NetworkFile (4)
[2016.12.11-12.07.17:839][580]LogModuleManager: Shutting down and abandoning module StreamingFile (3)
[2016.12.11-12.07.17:839][580]LogModuleManager: Shutting down and abandoning module SandboxFile (2)
[2016.12.11-12.07.17:839][580]LogModuleManager: Shutting down and abandoning module PakFile (1)
[2016.12.11-12.07.17:840][580]LogExit: Exiting.
[2016.12.11-12.07.17:841][580]Log file closed, 12/11/16 23:07:17
