Log file open, 12/19/16 18:38:09
LogInit:Display: Running engine for game: ProjectEclypse
LogPlatformFile: Not using cached read wrapper
LogInit:Display: RandInit(-337493649) SRandInit(-337493649).
LogTaskGraph: Started task graph with 5 named threads and 8 total threads with 1 sets of task threads.
LogStats: Stats thread started at 0.061365
LogPluginManager: Loaded Plugin Paper2D, From D:/Program Files (x86)/Epic Games/4.13/Engine/Plugins/2D/Paper2D/Paper2D.uplugin
LogPluginManager: Loaded Plugin LightPropagationVolume, From D:/Program Files (x86)/Epic Games/4.13/Engine/Plugins/Blendables/LightPropagationVolume/LightPropagationVolume.uplugin
LogPluginManager: Loaded Plugin BlankPlugin, From D:/Program Files (x86)/Epic Games/4.13/Engine/Plugins/Developer/BlankPlugin/BlankPlugin.uplugin
LogPluginManager: Loaded Plugin CodeLiteSourceCodeAccess, From D:/Program Files (x86)/Epic Games/4.13/Engine/Plugins/Developer/CodeLiteSourceCodeAccess/CodeLiteSourceCodeAccess.uplugin
LogPluginManager: Loaded Plugin GitSourceControl, From D:/Program Files (x86)/Epic Games/4.13/Engine/Plugins/Developer/GitSourceControl/GitSourceControl.uplugin
LogPluginManager: Loaded Plugin KDevelopSourceCodeAccess, From D:/Program Files (x86)/Epic Games/4.13/Engine/Plugins/Developer/KDevelopSourceCodeAccess/KDevelopSourceCodeAccess.uplugin
LogPluginManager: Loaded Plugin NullSourceCodeAccess, From D:/Program Files (x86)/Epic Games/4.13/Engine/Plugins/Developer/NullSourceCodeAccess/NullSourceCodeAccess.uplugin
LogPluginManager: Loaded Plugin OneSkyLocalizationService, From D:/Program Files (x86)/Epic Games/4.13/Engine/Plugins/Developer/OneSkyLocalizationService/OneSkyLocalizationService.uplugin
LogPluginManager: Loaded Plugin PerforceSourceControl, From D:/Program Files (x86)/Epic Games/4.13/Engine/Plugins/Developer/PerforceSourceControl/PerforceSourceControl.uplugin
LogPluginManager: Loaded Plugin SubversionSourceControl, From D:/Program Files (x86)/Epic Games/4.13/Engine/Plugins/Developer/SubversionSourceControl/SubversionSourceControl.uplugin
LogPluginManager: Loaded Plugin UObjectPlugin, From D:/Program Files (x86)/Epic Games/4.13/Engine/Plugins/Developer/UObjectPlugin/UObjectPlugin.uplugin
LogPluginManager: Loaded Plugin VisualStudioSourceCodeAccess, From D:/Program Files (x86)/Epic Games/4.13/Engine/Plugins/Developer/VisualStudioSourceCodeAccess/VisualStudioSourceCodeAccess.uplugin
LogPluginManager: Loaded Plugin XCodeSourceCodeAccess, From D:/Program Files (x86)/Epic Games/4.13/Engine/Plugins/Developer/XCodeSourceCodeAccess/XCodeSourceCodeAccess.uplugin
LogPluginManager: Loaded Plugin EpicSurvey, From D:/Program Files (x86)/Epic Games/4.13/Engine/Plugins/Editor/EpicSurvey/EpicSurvey.uplugin
LogPluginManager: Loaded Plugin MacGraphicsSwitching, From D:/Program Files (x86)/Epic Games/4.13/Engine/Plugins/Editor/MacGraphicsSwitching/MacGraphicsSwitching.uplugin
LogPluginManager: Loaded Plugin MobileLauncherProfileWizard, From D:/Program Files (x86)/Epic Games/4.13/Engine/Plugins/Editor/MobileLauncherProfileWizard/MobileLauncherProfileWizard.uplugin
LogPluginManager: Loaded Plugin PluginBrowser, From D:/Program Files (x86)/Epic Games/4.13/Engine/Plugins/Editor/PluginBrowser/PluginBrowser.uplugin
LogPluginManager: Loaded Plugin SpeedTreeImporter, From D:/Program Files (x86)/Epic Games/4.13/Engine/Plugins/Editor/SpeedTreeImporter/SpeedTreeImporter.uplugin
LogPluginManager: Loaded Plugin SuperSearchEditor, From D:/Program Files (x86)/Epic Games/4.13/Engine/Plugins/Editor/SuperSearchEditor/SuperSearchEditor.uplugin
LogPluginManager: Loaded Plugin AlembicImporter, From D:/Program Files (x86)/Epic Games/4.13/Engine/Plugins/Experimental/AlembicImporter/AlembicImporter.uplugin
LogPluginManager: Loaded Plugin BlueprintStats, From D:/Program Files (x86)/Epic Games/4.13/Engine/Plugins/Experimental/BlueprintStats/BlueprintStats.uplugin
LogPluginManager: Loaded Plugin CharacterAI, From D:/Program Files (x86)/Epic Games/4.13/Engine/Plugins/Experimental/CharacterAI/CharacterAI.uplugin
LogPluginManager: Loaded Plugin CodeEditor, From D:/Program Files (x86)/Epic Games/4.13/Engine/Plugins/Experimental/CodeEditor/CodeEditor.uplugin
LogPluginManager: Loaded Plugin CodeView, From D:/Program Files (x86)/Epic Games/4.13/Engine/Plugins/Experimental/CodeView/CodeView.uplugin
LogPluginManager: Loaded Plugin HTML5Networking, From D:/Program Files (x86)/Epic Games/4.13/Engine/Plugins/Experimental/HTML5Networking/HTML5Networking.uplugin
LogPluginManager: Loaded Plugin LiveEditor, From D:/Program Files (x86)/Epic Games/4.13/Engine/Plugins/Experimental/LiveEditor/LiveEditor.uplugin
LogPluginManager: Loaded Plugin OSVR, From D:/Program Files (x86)/Epic Games/4.13/Engine/Plugins/Experimental/OSVR/OSVR.uplugin
LogPluginManager: Loaded Plugin Phya, From D:/Program Files (x86)/Epic Games/4.13/Engine/Plugins/Experimental/Phya/Phya.uplugin
LogPluginManager: Loaded Plugin SignificanceManager, From D:/Program Files (x86)/Epic Games/4.13/Engine/Plugins/Experimental/SignificanceManager/SignificanceManager.uplugin
LogPluginManager: Loaded Plugin SimpleHMD, From D:/Program Files (x86)/Epic Games/4.13/Engine/Plugins/Experimental/SimpleHMD/SimpleHMD.uplugin
LogPluginManager: Loaded Plugin StereoPanorama, From D:/Program Files (x86)/Epic Games/4.13/Engine/Plugins/Experimental/StereoPanorama/StereoPanorama.uplugin
LogPluginManager: Loaded Plugin StructBox, From D:/Program Files (x86)/Epic Games/4.13/Engine/Plugins/Experimental/StructBox/StructBox.uplugin
LogPluginManager: Loaded Plugin Substance, From D:/Program Files (x86)/Epic Games/4.13/Engine/Plugins/Marketplace/Substance/Substance.uplugin
LogPluginManager: Loaded Plugin AndroidMedia, From D:/Program Files (x86)/Epic Games/4.13/Engine/Plugins/Media/AndroidMedia/AndroidMedia.uplugin
LogPluginManager: Loaded Plugin AvfMedia, From D:/Program Files (x86)/Epic Games/4.13/Engine/Plugins/Media/AvfMedia/AvfMedia.uplugin
LogPluginManager: Loaded Plugin MediaPlayerEditor, From D:/Program Files (x86)/Epic Games/4.13/Engine/Plugins/Media/MediaPlayerEditor/MediaPlayerEditor.uplugin
LogPluginManager: Loaded Plugin WmfMedia, From D:/Program Files (x86)/Epic Games/4.13/Engine/Plugins/Media/WmfMedia/WmfMedia.uplugin
LogPluginManager: Loaded Plugin MessagingDebugger, From D:/Program Files (x86)/Epic Games/4.13/Engine/Plugins/Messaging/MessagingDebugger/MessagingDebugger.uplugin
LogPluginManager: Loaded Plugin TcpMessaging, From D:/Program Files (x86)/Epic Games/4.13/Engine/Plugins/Messaging/TcpMessaging/TcpMessaging.uplugin
LogPluginManager: Loaded Plugin UdpMessaging, From D:/Program Files (x86)/Epic Games/4.13/Engine/Plugins/Messaging/UdpMessaging/UdpMessaging.uplugin
LogPluginManager: Loaded Plugin LevelSequenceEditor, From D:/Program Files (x86)/Epic Games/4.13/Engine/Plugins/MovieScene/LevelSequenceEditor/LevelSequenceEditor.uplugin
LogPluginManager: Loaded Plugin MatineeToLevelSequence, From D:/Program Files (x86)/Epic Games/4.13/Engine/Plugins/MovieScene/MatineeToLevelSequence/MatineeToLevelSequence.uplugin
LogPluginManager: Loaded Plugin NetcodeUnitTest, From D:/Program Files (x86)/Epic Games/4.13/Engine/Plugins/NetcodeUnitTest/NetcodeUnitTest/NetcodeUnitTest.uplugin
LogPluginManager: Loaded Plugin NUTUnrealEngine4, From D:/Program Files (x86)/Epic Games/4.13/Engine/Plugins/NetcodeUnitTest/NUTUnrealEngine4/NUTUnrealEngine4.uplugin
LogPluginManager: Loaded Plugin OnlineSubsystemGooglePlay, From D:/Program Files (x86)/Epic Games/4.13/Engine/Plugins/Online/Android/OnlineSubsystemGooglePlay/OnlineSubsystemGooglePlay.uplugin
LogPluginManager: Loaded Plugin OnlineSubsystemIOS, From D:/Program Files (x86)/Epic Games/4.13/Engine/Plugins/Online/IOS/OnlineSubsystemIOS/OnlineSubsystemIOS.uplugin
LogPluginManager: Loaded Plugin OnlineFramework, From D:/Program Files (x86)/Epic Games/4.13/Engine/Plugins/Online/OnlineFramework/OnlineFramework.uplugin
LogPluginManager: Loaded Plugin OnlineSubsystem, From D:/Program Files (x86)/Epic Games/4.13/Engine/Plugins/Online/OnlineSubsystem/OnlineSubsystem.uplugin
LogPluginManager: Loaded Plugin OnlineSubsystemAmazon, From D:/Program Files (x86)/Epic Games/4.13/Engine/Plugins/Online/OnlineSubsystemAmazon/OnlineSubsystemAmazon.uplugin
LogPluginManager: Loaded Plugin OnlineSubsystemFacebook, From D:/Program Files (x86)/Epic Games/4.13/Engine/Plugins/Online/OnlineSubsystemFacebook/OnlineSubsystemFacebook.uplugin
LogPluginManager: Loaded Plugin OnlineSubsystemNull, From D:/Program Files (x86)/Epic Games/4.13/Engine/Plugins/Online/OnlineSubsystemNull/OnlineSubsystemNull.uplugin
LogPluginManager: Loaded Plugin OnlineSubsystemOculus, From D:/Program Files (x86)/Epic Games/4.13/Engine/Plugins/Online/OnlineSubsystemOculus/OnlineSubsystemOculus.uplugin
LogPluginManager: Loaded Plugin OnlineSubsystemSteam, From D:/Program Files (x86)/Epic Games/4.13/Engine/Plugins/Online/OnlineSubsystemSteam/OnlineSubsystemSteam.uplugin
LogPluginManager: Loaded Plugin OnlineSubsystemUtils, From D:/Program Files (x86)/Epic Games/4.13/Engine/Plugins/Online/OnlineSubsystemUtils/OnlineSubsystemUtils.uplugin
LogPluginManager: Loaded Plugin IOSTapJoy, From D:/Program Files (x86)/Epic Games/4.13/Engine/Plugins/Runtime/Advertising/IOSTapJoy/IOSTapJoy.uplugin
LogPluginManager: Loaded Plugin AnalyticsBlueprintLibrary, From D:/Program Files (x86)/Epic Games/4.13/Engine/Plugins/Runtime/Analytics/AnalyticsBlueprintLibrary/AnalyticsBlueprintLibrary.uplugin
LogPluginManager: Loaded Plugin AnalyticsMulticast, From D:/Program Files (x86)/Epic Games/4.13/Engine/Plugins/Runtime/Analytics/AnalyticsMulticast/AnalyticsMulticast.uplugin
LogPluginManager: Loaded Plugin Apsalar, From D:/Program Files (x86)/Epic Games/4.13/Engine/Plugins/Runtime/Analytics/Apsalar/Apsalar.uplugin
LogPluginManager: Loaded Plugin FileLogging, From D:/Program Files (x86)/Epic Games/4.13/Engine/Plugins/Runtime/Analytics/FileLogging/FileLogging.uplugin
LogPluginManager: Loaded Plugin Flurry, From D:/Program Files (x86)/Epic Games/4.13/Engine/Plugins/Runtime/Analytics/Flurry/Flurry.uplugin
LogPluginManager: Loaded Plugin AndroidDeviceProfileSelector, From D:/Program Files (x86)/Epic Games/4.13/Engine/Plugins/Runtime/AndroidDeviceProfileSelector/AndroidDeviceProfileSelector.uplugin
LogPluginManager: Loaded Plugin AndroidMoviePlayer, From D:/Program Files (x86)/Epic Games/4.13/Engine/Plugins/Runtime/AndroidMoviePlayer/AndroidMoviePlayer.uplugin
LogPluginManager: Loaded Plugin AppleMoviePlayer, From D:/Program Files (x86)/Epic Games/4.13/Engine/Plugins/Runtime/AppleMoviePlayer/AppleMoviePlayer.uplugin
LogPluginManager: Loaded Plugin ArchVisCharacter, From D:/Program Files (x86)/Epic Games/4.13/Engine/Plugins/Runtime/ArchVisCharacter/ArchVisCharacter.uplugin
LogPluginManager: Loaded Plugin CableComponent, From D:/Program Files (x86)/Epic Games/4.13/Engine/Plugins/Runtime/CableComponent/CableComponent.uplugin
LogPluginManager: Loaded Plugin CustomMeshComponent, From D:/Program Files (x86)/Epic Games/4.13/Engine/Plugins/Runtime/CustomMeshComponent/CustomMeshComponent.uplugin
LogPluginManager: Loaded Plugin ExampleDeviceProfileSelector, From D:/Program Files (x86)/Epic Games/4.13/Engine/Plugins/Runtime/ExampleDeviceProfileSelector/ExampleDeviceProfileSelector.uplugin
LogPluginManager: Loaded Plugin GearVR, From D:/Program Files (x86)/Epic Games/4.13/Engine/Plugins/Runtime/GearVR/GearVR.uplugin
LogPluginManager: Loaded Plugin GoogleVRController, From D:/Program Files (x86)/Epic Games/4.13/Engine/Plugins/Runtime/GoogleVR/GoogleVRController/GoogleVRController.uplugin
LogPluginManager: Loaded Plugin GoogleVRHMD, From D:/Program Files (x86)/Epic Games/4.13/Engine/Plugins/Runtime/GoogleVR/GoogleVRHMD/GoogleVRHMD.uplugin
LogPluginManager: Loaded Plugin IOSDeviceProfileSelector, From D:/Program Files (x86)/Epic Games/4.13/Engine/Plugins/Runtime/IOSDeviceProfileSelector/IOSDeviceProfileSelector.uplugin
LogPluginManager: Loaded Plugin LeapMotion, From D:/Program Files (x86)/Epic Games/4.13/Engine/Plugins/Runtime/LeapMotion/LeapMotion.uplugin
LogPluginManager: Loaded Plugin LinuxDeviceProfileSelector, From D:/Program Files (x86)/Epic Games/4.13/Engine/Plugins/Runtime/LinuxDeviceProfileSelector/LinuxDeviceProfileSelector.uplugin
LogPluginManager: Loaded Plugin LiveEditorListenServer, From D:/Program Files (x86)/Epic Games/4.13/Engine/Plugins/Runtime/LiveEditorListenServer/LiveEditorListenServer.uplugin
LogPluginManager: Loaded Plugin OculusAudio, From D:/Program Files (x86)/Epic Games/4.13/Engine/Plugins/Runtime/OculusAudio/OculusAudio.uplugin
LogPluginManager: Loaded Plugin OculusInput, From D:/Program Files (x86)/Epic Games/4.13/Engine/Plugins/Runtime/OculusInput/OculusInput.uplugin
LogPluginManager: Loaded Plugin OculusLibrary, From D:/Program Files (x86)/Epic Games/4.13/Engine/Plugins/Runtime/OculusLibrary/OculusLibrary.uplugin
LogPluginManager: Loaded Plugin OculusRift, From D:/Program Files (x86)/Epic Games/4.13/Engine/Plugins/Runtime/OculusRift/OculusRift.uplugin
LogPluginManager: Loaded Plugin Oodle, From D:/Program Files (x86)/Epic Games/4.13/Engine/Plugins/Runtime/PacketHandlers/CompressionComponents/Oodle/Oodle.uplugin
LogPluginManager: Loaded Plugin ProceduralMeshComponent, From D:/Program Files (x86)/Epic Games/4.13/Engine/Plugins/Runtime/ProceduralMeshComponent/ProceduralMeshComponent.uplugin
LogPluginManager: Loaded Plugin SoundMod, From D:/Program Files (x86)/Epic Games/4.13/Engine/Plugins/Runtime/SoundMod/SoundMod.uplugin
LogPluginManager: Loaded Plugin SoundVisualizations, From D:/Program Files (x86)/Epic Games/4.13/Engine/Plugins/Runtime/SoundVisualizations/SoundVisualizations.uplugin
LogPluginManager: Loaded Plugin SteamController, From D:/Program Files (x86)/Epic Games/4.13/Engine/Plugins/Runtime/Steam/SteamController/SteamController.uplugin
LogPluginManager: Loaded Plugin SteamVR, From D:/Program Files (x86)/Epic Games/4.13/Engine/Plugins/Runtime/Steam/SteamVR/SteamVR.uplugin
LogPluginManager: Loaded Plugin WebBrowserWidget, From D:/Program Files (x86)/Epic Games/4.13/Engine/Plugins/Runtime/WebBrowserWidget/WebBrowserWidget.uplugin
LogPluginManager: Loaded Plugin WindowsDeviceProfileSelector, From D:/Program Files (x86)/Epic Games/4.13/Engine/Plugins/Runtime/WindowsDeviceProfileSelector/WindowsDeviceProfileSelector.uplugin
LogPluginManager: Loaded Plugin WindowsMoviePlayer, From D:/Program Files (x86)/Epic Games/4.13/Engine/Plugins/Runtime/WindowsMoviePlayer/WindowsMoviePlayer.uplugin
LogPluginManager: Loaded Plugin ScriptPlugin, From D:/Program Files (x86)/Epic Games/4.13/Engine/Plugins/ScriptPlugin/ScriptPlugin.uplugin
LogPluginManager: Loaded Plugin SlateRemote, From D:/Program Files (x86)/Epic Games/4.13/Engine/Plugins/Slate/SlateRemote/SlateRemote.uplugin
LogInit: Using libcurl 7.47.1
LogInit:  - built for x86_64-pc-win32
LogInit:  - supports SSL with WinSSL
LogInit:  - other features:
LogInit:      CURL_VERSION_SSL
LogInit:      CURL_VERSION_IPV6
LogInit:      CURL_VERSION_ASYNCHDNS
LogInit:      CURL_VERSION_LARGEFILE
LogInit:      CURL_VERSION_IDN
LogInit:  CurlRequestOptions (configurable via config and command line):
LogInit:  - bVerifyPeer = false  - Libcurl will NOT verify peer certificate
LogInit:  - bUseHttpProxy = false  - Libcurl will NOT use HTTP proxy
LogInit:  - bDontReuseConnections = false  - Libcurl will reuse connections
LogInit:  - CertBundlePath = nullptr  - Libcurl will use whatever was configured at build time.
OCULUS: Info: [CAPI] LibOVR module is located at C:\Program Files\Oculus\Support\oculus-runtime\LibOVRRT64_1.dll
OCULUS: Debug: Connected to the server running version (prod = 1).1.10.2(build = 321138) feature version = 0. Client runs version (prod = 1).1.10.2(build = 321138) feature version = 0
OCULUS: Debug: [HMDState] Using default profile default
OCULUS: Info: IAD changed to 65.3mm
OCULUS: Debug: [SharedMemory] Creating factory
LogInit: Build: ++UE4+Release-4.13-CL-3142249
LogInit: Engine Version: 4.13.1-3142249+++UE4+Release-4.13
LogInit: Compatible Engine Version: 4.13.0-3106830+++UE4+Release-4.13
LogInit: Net CL: 3142249
LogDevObjectVersion: Number of dev versions registered: 13
LogDevObjectVersion:   Dev-Blueprints (B0D832E4-1F89-4F0D-ACCF-7EB736FD4AA2): 5
LogDevObjectVersion:   Dev-Build (E1C64328-A22C-4D53-A36C-8E866417BD8C): 0
LogDevObjectVersion:   Dev-Core (375EC13C-06E4-48FB-B500-84F0262A717E): 1
LogDevObjectVersion:   Dev-Editor (E4B068ED-F494-42E9-A231-DA0B2E46BB41): 6
LogDevObjectVersion:   Dev-Framework (CFFC743F-43B0-4480-9391-14DF171D2073): 12
LogDevObjectVersion:   Dev-Mobile (B02B49B5-BB20-44E9-A304-32B752E40360): 0
LogDevObjectVersion:   Dev-Networking (A4E4105C-59A1-49B5-A7C5-40C4547EDFEE): 0
LogDevObjectVersion:   Dev-Online (39C831C9-5AE6-47DC-9A44-9C173E1C8E7C): 0
LogDevObjectVersion:   Dev-Physics (78F01B33-EBEA-4F98-B9B4-84EACCB95AA2): 0
LogDevObjectVersion:   Dev-Platform (6631380F-2D4D-43E0-8009-CF276956A95A): 0
LogDevObjectVersion:   Dev-Rendering (12F88B9F-8875-4AFC-A67C-D90C383ABD29): 4
LogDevObjectVersion:   Dev-Sequencer (7B5AE74C-D270-4C10-A958-57980B212A5A): 0
LogDevObjectVersion:   Dev-VR (D7296918-1DD6-4BDD-9DE2-64A83CC13884): 0
LogInit: Compiled (64-bit): Sep 28 2016 02:12:12
LogInit: Compiled with Visual C++: 19.00.23026.00
LogInit: Build Configuration: Development
LogInit: Branch Name: ++UE4+Release-4.13
LogInit: Command line:  
LogInit: Base directory: D:/Program Files (x86)/Epic Games/4.13/Engine/Binaries/Win64/
LogInit: Installed Engine Build: 1
LogInit: Presizing for max 8388607 objects, including 0 objects not considered by GC, pre-allocating 0 bytes for permanent pool.
LogInit: Object subsystem initialized
[2016.12.19-07.38.09:909][  0]LogInit: Selected Device Profile: [Windows]
[2016.12.19-07.38.09:909][  0]LogInit: Applying CVar settings loaded from the selected device profile: [Windows]
[2016.12.19-07.38.09:917][  0]LogInit: Computer: DESKTOP-M92PTO3
[2016.12.19-07.38.09:917][  0]LogInit: User: StefanoAdmin
[2016.12.19-07.38.09:917][  0]LogInit: CPU Page size=65536, Cores=4
[2016.12.19-07.38.09:917][  0]LogInit: High frequency timer resolution =3.328120 MHz
[2016.12.19-07.38.09:917][  0]LogMemory: Memory total: Physical=15.9GB (16GB approx)
[2016.12.19-07.38.09:917][  0]LogMemory: Platform Memory Stats for Windows
[2016.12.19-07.38.09:917][  0]LogMemory: Process Physical Memory: 266.57 MB used, 266.57 MB peak
[2016.12.19-07.38.09:917][  0]LogMemory: Process Virtual Memory: 267.15 MB used, 267.15 MB peak
[2016.12.19-07.38.09:917][  0]LogMemory: Physical Memory: 5561.26 MB used, 16313.61 MB total
[2016.12.19-07.38.09:917][  0]LogMemory: Virtual Memory: 672.34 MB used, 134217728.00 MB total
[2016.12.19-07.38.10:127][  0]LogTextLocalizationManager: No specific translations for ('en-AU') exist, so ('en') translations will be used.
[2016.12.19-07.38.10:551][  0]LogD3D11RHI: D3D11 adapters:
[2016.12.19-07.38.10:983][  0]LogD3D11RHI:    0. 'NVIDIA GeForce GTX 980' (Feature Level 11_0)
[2016.12.19-07.38.10:984][  0]LogD3D11RHI:       4060/0/8156 MB DedicatedVideo/DedicatedSystem/SharedSystem, Outputs:1, VendorId:0x10de
[2016.12.19-07.38.10:985][  0]LogD3D11RHI:    1. 'Microsoft Basic Render Driver' (Feature Level 11_0)
[2016.12.19-07.38.10:985][  0]LogD3D11RHI:       0/0/8156 MB DedicatedVideo/DedicatedSystem/SharedSystem, Outputs:0, VendorId:0x1414
[2016.12.19-07.38.10:985][  0]LogD3D11RHI: Chosen D3D11 Adapter: 0
[2016.12.19-07.38.10:988][  0]LogD3D11RHI: Creating new Direct3DDevice
[2016.12.19-07.38.10:988][  0]LogD3D11RHI:     GPU DeviceId: 0x13c0 (for the marketing name, search the web for "GPU Device Id")
[2016.12.19-07.38.10:988][  0]LogWindows: EnumDisplayDevices:
[2016.12.19-07.38.10:988][  0]LogWindows:    0. 'NVIDIA GeForce GTX 980' (P:1 D:1)
[2016.12.19-07.38.10:989][  0]LogWindows:    1. 'NVIDIA GeForce GTX 980' (P:0 D:0)
[2016.12.19-07.38.10:989][  0]LogWindows:    2. 'NVIDIA GeForce GTX 980' (P:0 D:0)
[2016.12.19-07.38.10:989][  0]LogWindows:    3. 'NVIDIA GeForce GTX 980' (P:0 D:0)
[2016.12.19-07.38.10:989][  0]LogWindows: DebugString: FoundDriverCount:4 
[2016.12.19-07.38.10:989][  0]LogD3D11RHI:     Adapter Name: NVIDIA GeForce GTX 980
[2016.12.19-07.38.10:989][  0]LogD3D11RHI:   Driver Version: 376.09 (internal:21.21.13.7609, unified:376.09)
[2016.12.19-07.38.10:989][  0]LogD3D11RHI:      Driver Date: 11-24-2016
[2016.12.19-07.38.10:989][  0]LogRHI: Texture pool is 1361 MB (70% of 1945 MB)
[2016.12.19-07.38.11:400][  0]LogD3D11RHI: Async texture creation enabled
[2016.12.19-07.38.11:431][  0]LogD3D11RHI: GPU Timing Frequency: 1000.000000 (Debug: 2 1)
[2016.12.19-07.38.11:431][  0]LogShaderCompilers: Guid format shader working directory is -34 characters bigger than the processId version (../../../../../../Admin/Documents/GitHub Repositories/EclypseUE4/ProjectEclypse/Intermediate/Shaders/WorkingDirectory/17272/).
[2016.12.19-07.38.11:432][  0]LogShaderCompilers: Cleaned the shader compiler working directory 'C:/Users/Admin/AppData/Local/Temp/UnrealShaderWorkingDir/82656EAA4157D48767FF5F82242E0527/'.
[2016.12.19-07.38.11:432][  0]LogShaderCompilers:Display: Using Local Shader Compiler.
[2016.12.19-07.38.12:235][  0]LogTemp:Display: Loaded TP AllDesktopTargetPlatform
[2016.12.19-07.38.12:240][  0]LogTemp:Display: Loaded TP WindowsClientTargetPlatform
[2016.12.19-07.38.12:246][  0]LogTemp:Display: Loaded TP WindowsNoEditorTargetPlatform
[2016.12.19-07.38.12:251][  0]LogTemp:Display: Loaded TP WindowsServerTargetPlatform
[2016.12.19-07.38.12:256][  0]LogTemp:Display: Loaded TP WindowsTargetPlatform
[2016.12.19-07.38.12:262][  0]LogTemp:Display: Loaded TP AndroidTargetPlatform
[2016.12.19-07.38.12:268][  0]LogTemp:Display: Loaded TP Android_ASTCTargetPlatform
[2016.12.19-07.38.12:273][  0]LogTemp:Display: Loaded TP Android_ATCTargetPlatform
[2016.12.19-07.38.12:278][  0]LogTemp:Display: Loaded TP Android_DXTTargetPlatform
[2016.12.19-07.38.12:283][  0]LogTemp:Display: Loaded TP Android_ETC1TargetPlatform
[2016.12.19-07.38.12:288][  0]LogTemp:Display: Loaded TP Android_ETC2TargetPlatform
[2016.12.19-07.38.12:298][  0]LogTemp:Display: Loaded TP Android_MultiTargetPlatform
[2016.12.19-07.38.12:298][  0]LogTemp:Display: Loaded TP Android_PVRTCTargetPlatform
[2016.12.19-07.38.12:299][  0]LogTemp:Display: Loaded TP HTML5TargetPlatform
[2016.12.19-07.38.12:315][  0]LogTemp:Display: Loaded TP IOSTargetPlatform
[2016.12.19-07.38.12:320][  0]LogTemp:Display: Loaded TP TVOSTargetPlatform
[2016.12.19-07.38.12:325][  0]LogTemp:Display: Loaded TP LinuxClientTargetPlatform
[2016.12.19-07.38.12:330][  0]LogTemp:Display: Loaded TP LinuxNoEditorTargetPlatform
[2016.12.19-07.38.12:335][  0]LogTemp:Display: Loaded TP LinuxServerTargetPlatform
[2016.12.19-07.38.12:340][  0]LogTemp:Display: Loaded TP LinuxTargetPlatform
[2016.12.19-07.38.12:340][  0]LogTargetPlatformManager:Display: Building Assets For Windows
[2016.12.19-07.38.12:377][  0]LogDerivedDataCache:Display: Max Cache Size: 512 MB
[2016.12.19-07.38.12:426][  0]LogDerivedDataCache: Loaded boot cache 0.05s 62MB C:/Users/Admin/AppData/Local/UnrealEngine/4.13/DerivedDataCache/Boot.ddc.
[2016.12.19-07.38.12:426][  0]LogDerivedDataCache:Display: Loaded Boot cache: C:/Users/Admin/AppData/Local/UnrealEngine/4.13/DerivedDataCache/Boot.ddc
[2016.12.19-07.38.12:426][  0]LogDerivedDataCache: FDerivedDataBackendGraph:  Pak pak cache file ../../../../../../Admin/Documents/GitHub Repositories/EclypseUE4/ProjectEclypse/DerivedDataCache/DDC.ddp not found, will not use a pak cache.
[2016.12.19-07.38.12:426][  0]LogDerivedDataCache: Unable to find inner node Pak for hierarchical cache Hierarchy.
[2016.12.19-07.38.12:426][  0]LogDerivedDataCache: FDerivedDataBackendGraph:  CompressedPak pak cache file ../../../../../../Admin/Documents/GitHub Repositories/EclypseUE4/ProjectEclypse/DerivedDataCache/Compressed.ddp not found, will not use a pak cache.
[2016.12.19-07.38.12:426][  0]LogDerivedDataCache: Unable to find inner node CompressedPak for hierarchical cache Hierarchy.
[2016.12.19-07.38.12:440][  0]LogDerivedDataCache:Display: Pak cache opened for reading ../../../Engine/DerivedDataCache/Compressed.ddp.
[2016.12.19-07.38.12:451][  0]LogDerivedDataCache: Using Local data cache path C:/Users/Admin/AppData/Local/UnrealEngine/Common/DerivedDataCache: Writable
[2016.12.19-07.38.12:591][  0]LogInit: Selected Device Profile: [Windows]
[2016.12.19-07.38.12:593][  0]LogContentStreaming: Texture pool size is 0.00 MB
[2016.12.19-07.38.12:659][  0]LogMeshUtilities: No automatic mesh reduction module available
[2016.12.19-07.38.12:659][  0]LogMeshUtilities: No automatic mesh merging module available
[2016.12.19-07.38.12:659][  0]LogMeshUtilities: No distributed automatic mesh merging module available
[2016.12.19-07.38.12:702][  0]LogMaterial: Uniform references updated for custom material expression Custom.
[2016.12.19-07.38.12:900][  0]LogNetVersion: GetLocalNetworkVersion: CL: 3106830, ProjectName: projecteclypse, ProjectVersion: , EngineNetworkVersion: 1, GameNetworkVersion: 0, NetworkChecksum: 2418632494
[2016.12.19-07.38.12:931][  0]LogAssetRegistry: FAssetRegistry took 0.0214 seconds to start up
[2016.12.19-07.38.12:952][  0]LogPackageLocalizationCache: Processed 3 localized package path(s) for 2 prioritized culture(s) in 0.019563 seconds
[2016.12.19-07.38.12:956][  0]LogUObjectArray: 29778 objects as part of root set at end of initial load.
[2016.12.19-07.38.12:956][  0]LogUObjectAllocator: 6125456 out of 0 bytes used by permanent object pool.
[2016.12.19-07.38.12:956][  0]LogUObjectArray: CloseDisregardForGC: 0/0 objects in disregard for GC pool
[2016.12.19-07.38.12:958][  0]LogInit: WinSock: version 1.1 (2.2), MaxSocks=32767, MaxUdp=65467
[2016.12.19-07.38.13:086][  0]LogSlate: SlateFontCache - WITH_FREETYPE: 1, WITH_HARFBUZZ: 1
[2016.12.19-07.38.13:086][  0]LogSlate: SlateFontCache - WITH_FREETYPE: 1, WITH_HARFBUZZ: 1
[2016.12.19-07.38.13:540][  0]LogSubstanceCoreModule: Substance CPU Engine Loaded, Max Texture Size 2048
[2016.12.19-07.38.13:544][  0]LogTcpMessaging: Initializing TcpMessaging bridge
[2016.12.19-07.38.13:560][  0]LogUdpMessaging: Initializing bridge on interface 0.0.0.0:0 to multicast group 230.0.0.1:6666.
[2016.12.19-07.38.13:721][  0]SourceControl: Info Source control is disabled
[2016.12.19-07.38.13:749][  0]SourceControl: Info Source control is disabled
[2016.12.19-07.38.13:754][  0]SourceControl: Info Source control is disabled
[2016.12.19-07.38.13:757][  0]SourceControl: Info Source control is disabled
[2016.12.19-07.38.13:910][  0]LogEngine: Initializing Engine...
[2016.12.19-07.38.13:910][  0]LogHMD: Oculus plugin initialized. Version: 4.13.1-3142249+++UE4+Release-4.13, LibOVR: 1.10.2, SDK: 1.6.0, built Sep 28 2016, 02:14:12
[2016.12.19-07.38.14:008][  0]OCULUS: Debug: [HMDState] Using default profile default
[2016.12.19-07.38.14:008][  0]OCULUS: Info: IAD changed to 65.3mm
[2016.12.19-07.38.14:013][  0]LogAIModule: Creating AISystem for world Untitled
[2016.12.19-07.38.14:027][  0]LogInit: XAudio2 using 'Speakers (Realtek High Definition Audio)' : 8 channels at 48 kHz using 32 bits per sample (channel mask 0x63f)
[2016.12.19-07.38.14:062][  0]LogInit: FAudioDevice initialized.
[2016.12.19-07.38.14:086][  0]LogDerivedDataCache: Saved boot cache 0.02s 62MB C:/Users/Admin/AppData/Local/UnrealEngine/4.13/DerivedDataCache/Boot.ddc.
[2016.12.19-07.38.14:093][  0]LogInit: Texture streaming: Enabled
[2016.12.19-07.38.14:109][  0]LogInit: Transaction tracking system initialized
[2016.12.19-07.38.14:119][  0]BlueprintLog: New page: Editor Load
[2016.12.19-07.38.14:154][  0]LocalizationService: Info Localization service is disabled
[2016.12.19-07.38.14:203][  0]LogConsoleResponse:Display: 
[2016.12.19-07.38.14:279][  0]LogCook:Display: Max memory allowance for cook 16384mb min free memory 0mb
[2016.12.19-07.38.14:279][  0]LogCook:Display: Mobile HDR setting 1
[2016.12.19-07.38.14:351][  0]LogFileCache: Scanning file cache for directory 'D:/Admin/Documents/GitHub Repositories/EclypseUE4/ProjectEclypse/Content/' took 0.01s
[2016.12.19-07.38.14:351][  0]SourceControl: Info Source control is disabled
[2016.12.19-07.38.14:351][  0]Cmd: MAP LOAD FILE="../../../../../../Admin/Documents/GitHub Repositories/EclypseUE4/ProjectEclypse/Content/Maps/EclypseVillage.umap" TEMPLATE=0 SHOWPROGRESS=1 FEATURELEVEL=3
[2016.12.19-07.38.14:352][  0]LightingResults: New page: Lighting Build
[2016.12.19-07.38.14:353][  0]MapCheck: New page: Map Check
[2016.12.19-07.38.14:353][  0]LightingResults: New page: Lighting Build
[2016.12.19-07.38.15:836][  0]LogAIModule: Creating AISystem for world EclypseVillage
[2016.12.19-07.38.15:905][  0]LogEditorServer: Finished looking for orphan Actors (0.000 secs)
[2016.12.19-07.38.15:905][  0]Cmd: MAP CHECKDEP NOCLEARLOG
[2016.12.19-07.38.15:946][  0]MapCheck: Info Map check complete: 0 Error(s), 0 Warning(s), took 40.732ms to complete.
[2016.12.19-07.38.15:946][  0]LogFileHelpers: Loading map 'EclypseVillage' took 1.595
[2016.12.19-07.38.16:033][  0]LogCollectionManager: Loaded 0 collections in 0.000648 seconds
[2016.12.19-07.38.16:070][  0]LogFileCache: Scanning file cache for directory 'D:/Admin/Documents/GitHub Repositories/EclypseUE4/ProjectEclypse/Saved/Collections/' took 0.01s
[2016.12.19-07.38.16:070][  0]LogFileCache: Scanning file cache for directory 'D:/Admin/Documents/GitHub Repositories/EclypseUE4/ProjectEclypse/Content/Developers/StefanoAdmin/Collections/' took 0.01s
[2016.12.19-07.38.16:070][  0]LogFileCache: Scanning file cache for directory 'D:/Admin/Documents/GitHub Repositories/EclypseUE4/ProjectEclypse/Content/Collections/' took 0.01s
[2016.12.19-07.38.16:070][  0]LogCollectionManager: Rebuilt the GUID cache for 0 collections in 0.000002 seconds
[2016.12.19-07.38.16:077][  0]LogContentBrowser: Native class hierarchy populated in 0.0071 seconds. Added 2156 classes and 421 folders.
[2016.12.19-07.38.16:079][  0]LogStats: UGameplayTagsManager::ConstructGameplayTagTree: Construct from data asset -  0.000 s
[2016.12.19-07.38.16:079][  0]LogStats: UGameplayTagsManager::ConstructGameplayTagTree: GameplayTagTreeChangedEvent.Broadcast -  0.000 s
[2016.12.19-07.38.16:079][  0]LogContentBrowser: Native class hierarchy updated for 'GameplayTags' in 0.0004 seconds. Added 12 classes and 0 folders.
[2016.12.19-07.38.16:081][  0]LogContentBrowser: Native class hierarchy updated for 'WidgetCarousel' in 0.0003 seconds. Added 0 classes and 0 folders.
[2016.12.19-07.38.16:106][  0]LogContentBrowser: Native class hierarchy updated for 'AddContentDialog' in 0.0003 seconds. Added 0 classes and 0 folders.
[2016.12.19-07.38.16:110][  0]LogContentBrowser: Native class hierarchy updated for 'SceneOutliner' in 0.0004 seconds. Added 1 classes and 2 folders.
[2016.12.19-07.38.16:163][  0]LogCrashTracker: Crashtracker disabled due to settings.
[2016.12.19-07.38.16:167][  0]LogUObjectGlobals:Warning: Failed to find object 'Class None.'
[2016.12.19-07.38.16:193][  0]LogContentBrowser: Native class hierarchy updated for 'HierarchicalLODOutliner' in 0.0006 seconds. Added 1 classes and 2 folders.
[2016.12.19-07.38.16:193][  0]LogLoad: (Engine Initialization) Total time: 6.99 seconds
[2016.12.19-07.38.16:193][  0]LogLoad: (Engine Initialization) Total Blueprint compile time: 0.44 seconds
[2016.12.19-07.38.16:193][  0]LogExternalProfiler: Found external profiler: VSPerf
[2016.12.19-07.38.16:193][  0]LogExternalProfiler: Using external profiler: VSPerf
[2016.12.19-07.38.16:203][  0]LogWindowsTextInputMethodSystem:Display: IME system now deactivated.
[2016.12.19-07.38.16:203][  0]LogOcInput: OculusInput pre-init called
[2016.12.19-07.38.16:213][  0]LogOcInput: OculusInput is initialized. Init status 0. Runtime version: 1.10.2
[2016.12.19-07.38.16:230][  0]LogContentStreaming: Texture pool size now 1000 MB
[2016.12.19-07.38.16:334][  0]LogRenderer: Reallocating scene render targets to support 1124x620 (Frame:2).
[2016.12.19-07.38.16:404][  1]LogAssetRegistry: Asset discovery search completed in 3.4940 seconds
[2016.12.19-07.38.16:404][  1]LogCollectionManager: Rebuilt the object cache for 0 collections in 0.000001 seconds (found 0 objects)
[2016.12.19-07.38.16:404][  1]LogCollectionManager: Fixed up redirectors for 0 collections in 0.000022 seconds (updated 0 objects)
[2016.12.19-07.40.17:214][943]LogContentBrowser: Native class hierarchy updated for 'BlueprintGraph' in 0.0007 seconds. Added 112 classes and 0 folders.
[2016.12.19-07.41.16:811][379]LogFileHelpers: Editor autosave (incl. sublevels) for '/Game/Maps/EclypseVillage' took 0.045
[2016.12.19-07.41.16:812][379]OBJ SavePackage: Generating thumbnails for [0] asset(s) in package [/Game/BP/CameraActor_BP] ([1] browsable assets)...
[2016.12.19-07.41.16:812][379]OBJ SavePackage: Finished generating thumbnails for package [/Game/BP/CameraActor_BP]
[2016.12.19-07.41.17:037][379]LogSavePackage: Save=218.73ms
[2016.12.19-07.41.17:037][379]LogSavePackage: Moving '../../../../../../Admin/Documents/GitHub Repositories/EclypseUE4/ProjectEclypse/Saved/CameraActor_BP_Auto165C84B8C4CD1CD994C3AFD8ACAD4609F.tmp' to '../../../../../../Admin/Documents/GitHub Repositories/EclypseUE4/ProjectEclypse/Saved/Autosaves/Game/BP/CameraActor_BP_Auto1.uasset'
[2016.12.19-07.41.17:039][379]LogSavePackage:Display: Finished SavePackage ../../../../../../Admin/Documents/GitHub Repositories/EclypseUE4/ProjectEclypse/Saved/Autosaves/Game/BP/CameraActor_BP_Auto1.uasset
[2016.12.19-07.41.17:039][379]LogFileHelpers: Auto-saving content packages took 0.227
[2016.12.19-07.43.11:943][123]BlueprintLog: New page: Compile CameraActor_BP
[2016.12.19-07.43.12:319][125]Cmd: OBJ SAVEPACKAGE PACKAGE="/Game/BP/CameraActor_BP" FILE="../../../../../../Admin/Documents/GitHub Repositories/EclypseUE4/ProjectEclypse/Content/BP/CameraActor_BP.uasset" SILENT=true
[2016.12.19-07.43.12:340][125]LogSavePackage: Save=16.55ms
[2016.12.19-07.43.12:340][125]LogSavePackage: Moving '../../../../../../Admin/Documents/GitHub Repositories/EclypseUE4/ProjectEclypse/Saved/CameraActor_BPDCBED4F542E995993F4865AF158BB77B.tmp' to '../../../../../../Admin/Documents/GitHub Repositories/EclypseUE4/ProjectEclypse/Content/BP/CameraActor_BP.uasset'
[2016.12.19-07.43.12:341][125]LogSavePackage:Display: Finished SavePackage ../../../../../../Admin/Documents/GitHub Repositories/EclypseUE4/ProjectEclypse/Content/BP/CameraActor_BP.uasset
[2016.12.19-07.43.13:419][180]Cmd: OBJ SAVEPACKAGE PACKAGE="/Game/BP/CameraActor_BP" FILE="../../../../../../Admin/Documents/GitHub Repositories/EclypseUE4/ProjectEclypse/Content/BP/CameraActor_BP.uasset" SILENT=true
[2016.12.19-07.43.13:439][180]LogSavePackage: Save=16.37ms
[2016.12.19-07.43.13:439][180]LogSavePackage: Moving '../../../../../../Admin/Documents/GitHub Repositories/EclypseUE4/ProjectEclypse/Saved/CameraActor_BP1B5E0FFD4BDB89E3B42212B6A266D247.tmp' to '../../../../../../Admin/Documents/GitHub Repositories/EclypseUE4/ProjectEclypse/Content/BP/CameraActor_BP.uasset'
[2016.12.19-07.43.13:439][180]LogSavePackage:Display: Finished SavePackage ../../../../../../Admin/Documents/GitHub Repositories/EclypseUE4/ProjectEclypse/Content/BP/CameraActor_BP.uasset
[2016.12.19-07.43.33:630][382]BlueprintLog: New page: Compile CameraActor_BP
[2016.12.19-07.43.34:137][397]Cmd: OBJ SAVEPACKAGE PACKAGE="/Game/BP/CameraActor_BP" FILE="../../../../../../Admin/Documents/GitHub Repositories/EclypseUE4/ProjectEclypse/Content/BP/CameraActor_BP.uasset" SILENT=true
[2016.12.19-07.43.34:157][397]LogSavePackage: Save=16.95ms
[2016.12.19-07.43.34:157][397]LogSavePackage: Moving '../../../../../../Admin/Documents/GitHub Repositories/EclypseUE4/ProjectEclypse/Saved/CameraActor_BP77D84D1C4A7EFA9B9FF9D2BFD79DA9D2.tmp' to '../../../../../../Admin/Documents/GitHub Repositories/EclypseUE4/ProjectEclypse/Content/BP/CameraActor_BP.uasset'
[2016.12.19-07.43.34:159][397]LogSavePackage:Display: Finished SavePackage ../../../../../../Admin/Documents/GitHub Repositories/EclypseUE4/ProjectEclypse/Content/BP/CameraActor_BP.uasset
[2016.12.19-07.43.37:686][637]LogSavePackage: Save=528.61ms
[2016.12.19-07.43.37:686][637]LogSavePackage: Moving '../../../../../../Admin/Documents/GitHub Repositories/EclypseUE4/ProjectEclypse/Saved/EclypseVillageB6A4D54343CAF3D7AF7308B1EDA0E29E.tmp' to '../../../../../../Admin/Documents/GitHub Repositories/EclypseUE4/ProjectEclypse/Content/Maps/EclypseVillage.umap'
[2016.12.19-07.43.37:689][637]LogSavePackage:Display: Finished SavePackage ../../../../../../Admin/Documents/GitHub Repositories/EclypseUE4/ProjectEclypse/Content/Maps/EclypseVillage.umap
[2016.12.19-07.44.27:764][572]LogEditorTransaction: Undo Remove Variable
[2016.12.19-07.45.20:743][380]BlueprintLog: New page: Compile CameraActor_BP
[2016.12.19-07.45.21:275][392]Cmd: OBJ SAVEPACKAGE PACKAGE="/Game/BP/CameraActor_BP" FILE="../../../../../../Admin/Documents/GitHub Repositories/EclypseUE4/ProjectEclypse/Content/BP/CameraActor_BP.uasset" SILENT=true
[2016.12.19-07.45.21:293][392]LogSavePackage: Save=15.31ms
[2016.12.19-07.45.21:293][392]LogSavePackage: Moving '../../../../../../Admin/Documents/GitHub Repositories/EclypseUE4/ProjectEclypse/Saved/CameraActor_BP2B4988024614314009709695C4137C35.tmp' to '../../../../../../Admin/Documents/GitHub Repositories/EclypseUE4/ProjectEclypse/Content/BP/CameraActor_BP.uasset'
[2016.12.19-07.45.21:295][392]LogSavePackage:Display: Finished SavePackage ../../../../../../Admin/Documents/GitHub Repositories/EclypseUE4/ProjectEclypse/Content/BP/CameraActor_BP.uasset
[2016.12.19-07.46.38:191][709]LogSavePackage: Save=601.84ms
[2016.12.19-07.46.38:191][709]LogSavePackage: Moving '../../../../../../Admin/Documents/GitHub Repositories/EclypseUE4/ProjectEclypse/Saved/EclypseVillage_Auto25630FB894EE65F9180A80F8E66C550E5.tmp' to '../../../../../../Admin/Documents/GitHub Repositories/EclypseUE4/ProjectEclypse/Saved/Autosaves/Game/Maps/EclypseVillage_Auto2.umap'
[2016.12.19-07.46.38:194][709]LogSavePackage:Display: Finished SavePackage ../../../../../../Admin/Documents/GitHub Repositories/EclypseUE4/ProjectEclypse/Saved/Autosaves/Game/Maps/EclypseVillage_Auto2.umap
[2016.12.19-07.46.38:220][709]LogFileHelpers: Editor autosave (incl. sublevels) for '/Game/Maps/EclypseVillage' took 0.664
[2016.12.19-07.46.38:220][709]LogFileHelpers: Editor autosave (incl. sublevels) for all levels took 0.664
[2016.12.19-07.48.39:848][ 21]BlueprintLog: New page: Compile CameraActor_BP
[2016.12.19-07.48.40:356][ 40]Cmd: OBJ SAVEPACKAGE PACKAGE="/Game/BP/CameraActor_BP" FILE="../../../../../../Admin/Documents/GitHub Repositories/EclypseUE4/ProjectEclypse/Content/BP/CameraActor_BP.uasset" SILENT=true
[2016.12.19-07.48.40:379][ 40]LogSavePackage: Save=16.53ms
[2016.12.19-07.48.40:379][ 40]LogSavePackage: Moving '../../../../../../Admin/Documents/GitHub Repositories/EclypseUE4/ProjectEclypse/Saved/CameraActor_BP155A9A854DA2C483FAA358AF66B8F951.tmp' to '../../../../../../Admin/Documents/GitHub Repositories/EclypseUE4/ProjectEclypse/Content/BP/CameraActor_BP.uasset'
[2016.12.19-07.48.40:381][ 40]LogSavePackage:Display: Finished SavePackage ../../../../../../Admin/Documents/GitHub Repositories/EclypseUE4/ProjectEclypse/Content/BP/CameraActor_BP.uasset
[2016.12.19-07.49.27:105][970]BlueprintLog: New page: Compile CameraActor_BP
[2016.12.19-07.49.27:580][984]Cmd: OBJ SAVEPACKAGE PACKAGE="/Game/BP/CameraActor_BP" FILE="../../../../../../Admin/Documents/GitHub Repositories/EclypseUE4/ProjectEclypse/Content/BP/CameraActor_BP.uasset" SILENT=true
[2016.12.19-07.49.27:599][984]LogSavePackage: Save=15.81ms
[2016.12.19-07.49.27:599][984]LogSavePackage: Moving '../../../../../../Admin/Documents/GitHub Repositories/EclypseUE4/ProjectEclypse/Saved/CameraActor_BPEF9883C841CE67266B72CAAA7337E9B2.tmp' to '../../../../../../Admin/Documents/GitHub Repositories/EclypseUE4/ProjectEclypse/Content/BP/CameraActor_BP.uasset'
[2016.12.19-07.49.27:600][984]LogSavePackage:Display: Finished SavePackage ../../../../../../Admin/Documents/GitHub Repositories/EclypseUE4/ProjectEclypse/Content/BP/CameraActor_BP.uasset
[2016.12.19-07.49.28:105][ 19]LogBlueprintUserMessages: Early PlayInEditor Detection: Level '/Game/Maps/EclypseVillage.EclypseVillage:PersistentLevel' has LevelScriptBlueprint '/Game/Maps/EclypseVillage.EclypseVillage:PersistentLevel.EclypseVillage' with GeneratedClass '/Game/Maps/EclypseVillage.EclypseVillage_C' with ClassGeneratedBy '/Game/Maps/EclypseVillage.EclypseVillage:PersistentLevel.EclypseVillage'
[2016.12.19-07.49.28:105][ 19]LogPlayLevel: PlayLevel: No blueprints needed recompiling
[2016.12.19-07.49.28:107][ 19]OCULUS: Debug: [HMDState] Using default profile default
[2016.12.19-07.49.28:107][ 19]OCULUS: Info: IAD changed to 65.3mm
[2016.12.19-07.49.28:107][ 19]LogHMD: New ovr session is created
[2016.12.19-07.49.28:115][ 19]LogHMD: HMD Oculus Rift CV1, res = 2160 x 1200
[2016.12.19-07.49.28:115][ 19]PIE: New page: PIE session: EclypseVillage (20 Dec 2016 4:49:28 am)
[2016.12.19-07.49.28:115][ 19]LogPlayLevel: Creating play world package: /Game/Maps/UEDPIE_0_EclypseVillage
[2016.12.19-07.49.28:138][ 19]LogPlayLevel: PIE: StaticDuplicateObject took: (0.023392s)
[2016.12.19-07.49.28:139][ 19]LogAIModule: Creating AISystem for world EclypseVillage
[2016.12.19-07.49.28:139][ 19]LogPlayLevel: PIE: World Init took: (0.000609s)
[2016.12.19-07.49.28:139][ 19]LogPlayLevel: PIE: Created PIE world by copying editor world from /Game/Maps/EclypseVillage.EclypseVillage to /Game/Maps/UEDPIE_0_EclypseVillage.EclypseVillage (0.024225s)
[2016.12.19-07.49.28:159][ 19]OCULUS: Error: Prediction interval too high: 63708.037600 s, clamping at 0.100000 s
[2016.12.19-07.49.28:159][ 19]OCULUS: Error: Prediction interval too high: 3232.896586 s, clamping at 0.100000 s
[2016.12.19-07.49.28:159][ 19]LogInit: XAudio2 using 'Speakers (Realtek High Definition Audio)' : 8 channels at 48 kHz using 32 bits per sample (channel mask 0x63f)
[2016.12.19-07.49.28:188][ 19]LogInit: FAudioDevice initialized.
[2016.12.19-07.49.28:235][ 19]LogWorld: Game class is 'GameManager_C'
[2016.12.19-07.49.28:247][ 19]LogWorld: Bringing World /Game/Maps/UEDPIE_0_EclypseVillage.EclypseVillage up for play (max tick rate 0) at 2016.12.19-18.49.28
[2016.12.19-07.49.28:248][ 19]LogWorld: Bringing up level for play took: 0.011891
[2016.12.19-07.49.28:251][ 19]LogContentBrowser: Native class hierarchy updated for 'MovieSceneCapture' in 0.0004 seconds. Added 11 classes and 0 folders.
[2016.12.19-07.49.28:251][ 19]LogGameMode:Display: Match State Changed from EnteringMap to WaitingToStart
[2016.12.19-07.49.28:251][ 19]LogGameState: Match State Changed from EnteringMap to WaitingToStart
[2016.12.19-07.49.28:251][ 19]LogGameMode:Display: Match State Changed from WaitingToStart to InProgress
[2016.12.19-07.49.28:256][ 19]LogGameState: Match State Changed from WaitingToStart to InProgress
[2016.12.19-07.49.28:258][ 19]PIE: Info Play in editor start time for /Game/Maps/UEDPIE_0_EclypseVillage 0.143
[2016.12.19-07.49.28:258][ 19]LogBlueprintUserMessages: Late PlayInEditor Detection: Level '/Game/Maps/EclypseVillage.EclypseVillage:PersistentLevel' has LevelScriptBlueprint '/Game/Maps/EclypseVillage.EclypseVillage:PersistentLevel.EclypseVillage' with GeneratedClass '/Game/Maps/EclypseVillage.EclypseVillage_C' with ClassGeneratedBy '/Game/Maps/EclypseVillage.EclypseVillage:PersistentLevel.EclypseVillage'
[2016.12.19-07.49.28:284][ 19]LogRenderer: Reallocating scene render targets to support 1292x756 (Frame:9).
[2016.12.19-07.49.30:494][ 86]LogBlueprintUserMessages: Early EndPlayMap Detection: Level '/Game/Maps/EclypseVillage.EclypseVillage:PersistentLevel' has LevelScriptBlueprint '/Game/Maps/EclypseVillage.EclypseVillage:PersistentLevel.EclypseVillage' with GeneratedClass '/Game/Maps/EclypseVillage.EclypseVillage_C' with ClassGeneratedBy '/Game/Maps/EclypseVillage.EclypseVillage:PersistentLevel.EclypseVillage'
[2016.12.19-07.49.30:528][ 86]LogHMD: Destroying ovr session
[2016.12.19-07.49.30:574][ 86]LogBlueprintUserMessages: Late EndPlayMap Detection: Level '/Game/Maps/EclypseVillage.EclypseVillage:PersistentLevel' has LevelScriptBlueprint '/Game/Maps/EclypseVillage.EclypseVillage:PersistentLevel.EclypseVillage' with GeneratedClass '/Game/Maps/EclypseVillage.EclypseVillage_C' with ClassGeneratedBy '/Game/Maps/EclypseVillage.EclypseVillage:PersistentLevel.EclypseVillage'
[2016.12.19-07.49.48:679][603]BlueprintLog: New page: Compile CameraActor_BP
[2016.12.19-07.49.49:108][615]Cmd: OBJ SAVEPACKAGE PACKAGE="/Game/BP/CameraActor_BP" FILE="../../../../../../Admin/Documents/GitHub Repositories/EclypseUE4/ProjectEclypse/Content/BP/CameraActor_BP.uasset" SILENT=true
[2016.12.19-07.49.49:128][615]LogSavePackage: Save=16.91ms
[2016.12.19-07.49.49:128][615]LogSavePackage: Moving '../../../../../../Admin/Documents/GitHub Repositories/EclypseUE4/ProjectEclypse/Saved/CameraActor_BP42EC37764191F33CC0EBDEABB3EA8DFC.tmp' to '../../../../../../Admin/Documents/GitHub Repositories/EclypseUE4/ProjectEclypse/Content/BP/CameraActor_BP.uasset'
[2016.12.19-07.49.49:130][615]LogSavePackage:Display: Finished SavePackage ../../../../../../Admin/Documents/GitHub Repositories/EclypseUE4/ProjectEclypse/Content/BP/CameraActor_BP.uasset
[2016.12.19-07.49.49:844][646]LogBlueprintUserMessages: Early PlayInEditor Detection: Level '/Game/Maps/EclypseVillage.EclypseVillage:PersistentLevel' has LevelScriptBlueprint '/Game/Maps/EclypseVillage.EclypseVillage:PersistentLevel.EclypseVillage' with GeneratedClass '/Game/Maps/EclypseVillage.EclypseVillage_C' with ClassGeneratedBy '/Game/Maps/EclypseVillage.EclypseVillage:PersistentLevel.EclypseVillage'
[2016.12.19-07.49.49:844][646]LogPlayLevel: PlayLevel: No blueprints needed recompiling
[2016.12.19-07.49.49:844][646]OCULUS: Debug: [HMDState] Using default profile default
[2016.12.19-07.49.49:844][646]OCULUS: Info: IAD changed to 65.3mm
[2016.12.19-07.49.49:844][646]LogHMD: New ovr session is created
[2016.12.19-07.49.49:857][646]LogHMD: HMD Oculus Rift CV1, res = 2160 x 1200
[2016.12.19-07.49.49:857][646]PIE: New page: PIE session: EclypseVillage (20 Dec 2016 4:49:49 am)
[2016.12.19-07.49.49:857][646]LogPlayLevel: Creating play world package: /Game/Maps/UEDPIE_0_EclypseVillage
[2016.12.19-07.49.49:879][646]LogPlayLevel: PIE: StaticDuplicateObject took: (0.021613s)
[2016.12.19-07.49.49:879][646]LogAIModule: Creating AISystem for world EclypseVillage
[2016.12.19-07.49.49:879][646]LogPlayLevel: PIE: World Init took: (0.000506s)
[2016.12.19-07.49.49:879][646]LogPlayLevel: PIE: Created PIE world by copying editor world from /Game/Maps/EclypseVillage.EclypseVillage to /Game/Maps/UEDPIE_0_EclypseVillage.EclypseVillage (0.022307s)
[2016.12.19-07.49.49:898][646]LogInit: XAudio2 using 'Speakers (Realtek High Definition Audio)' : 8 channels at 48 kHz using 32 bits per sample (channel mask 0x63f)
[2016.12.19-07.49.49:928][646]LogInit: FAudioDevice initialized.
[2016.12.19-07.49.49:960][646]LogWorld: Game class is 'GameManager_C'
[2016.12.19-07.49.49:972][646]LogWorld: Bringing World /Game/Maps/UEDPIE_0_EclypseVillage.EclypseVillage up for play (max tick rate 0) at 2016.12.19-18.49.49
[2016.12.19-07.49.49:973][646]LogWorld: Bringing up level for play took: 0.011916
[2016.12.19-07.49.49:973][646]LogGameMode:Display: Match State Changed from EnteringMap to WaitingToStart
[2016.12.19-07.49.49:973][646]LogGameState: Match State Changed from EnteringMap to WaitingToStart
[2016.12.19-07.49.49:973][646]LogGameMode:Display: Match State Changed from WaitingToStart to InProgress
[2016.12.19-07.49.49:978][646]LogGameState: Match State Changed from WaitingToStart to InProgress
[2016.12.19-07.49.49:980][646]PIE: Info Play in editor start time for /Game/Maps/UEDPIE_0_EclypseVillage -0.135
[2016.12.19-07.49.49:980][646]LogBlueprintUserMessages: Late PlayInEditor Detection: Level '/Game/Maps/EclypseVillage.EclypseVillage:PersistentLevel' has LevelScriptBlueprint '/Game/Maps/EclypseVillage.EclypseVillage:PersistentLevel.EclypseVillage' with GeneratedClass '/Game/Maps/EclypseVillage.EclypseVillage_C' with ClassGeneratedBy '/Game/Maps/EclypseVillage.EclypseVillage:PersistentLevel.EclypseVillage'
[2016.12.19-07.50.12:520][490]LogBlueprintUserMessages: Early EndPlayMap Detection: Level '/Game/Maps/EclypseVillage.EclypseVillage:PersistentLevel' has LevelScriptBlueprint '/Game/Maps/EclypseVillage.EclypseVillage:PersistentLevel.EclypseVillage' with GeneratedClass '/Game/Maps/EclypseVillage.EclypseVillage_C' with ClassGeneratedBy '/Game/Maps/EclypseVillage.EclypseVillage:PersistentLevel.EclypseVillage'
[2016.12.19-07.50.12:520][490]LogHMD: Destroying ovr session
[2016.12.19-07.50.12:558][490]LogBlueprintUserMessages: Late EndPlayMap Detection: Level '/Game/Maps/EclypseVillage.EclypseVillage:PersistentLevel' has LevelScriptBlueprint '/Game/Maps/EclypseVillage.EclypseVillage:PersistentLevel.EclypseVillage' with GeneratedClass '/Game/Maps/EclypseVillage.EclypseVillage_C' with ClassGeneratedBy '/Game/Maps/EclypseVillage.EclypseVillage:PersistentLevel.EclypseVillage'
[2016.12.19-07.50.19:199][903]LogBlueprintUserMessages: Early PlayInEditor Detection: Level '/Game/Maps/EclypseVillage.EclypseVillage:PersistentLevel' has LevelScriptBlueprint '/Game/Maps/EclypseVillage.EclypseVillage:PersistentLevel.EclypseVillage' with GeneratedClass '/Game/Maps/EclypseVillage.EclypseVillage_C' with ClassGeneratedBy '/Game/Maps/EclypseVillage.EclypseVillage:PersistentLevel.EclypseVillage'
[2016.12.19-07.50.19:199][903]BlueprintLog: New page: Pre-Play auto-recompile
[2016.12.19-07.50.19:199][903]LogPlayLevel: [PlayLevel] Compiling CameraActor_BP before play...
[2016.12.19-07.50.19:290][903]LogPlayLevel: PlayLevel: Blueprint regeneration took 91 ms (1 blueprints)
[2016.12.19-07.50.19:290][903]OCULUS: Debug: [HMDState] Using default profile default
[2016.12.19-07.50.19:290][903]OCULUS: Info: IAD changed to 65.3mm
[2016.12.19-07.50.19:290][903]LogHMD: New ovr session is created
[2016.12.19-07.50.19:290][903]LogHMD: HMD Oculus Rift CV1, res = 2160 x 1200
[2016.12.19-07.50.19:290][903]PIE: New page: PIE session: EclypseVillage (20 Dec 2016 4:50:19 am)
[2016.12.19-07.50.19:291][903]LogPlayLevel: Creating play world package: /Game/Maps/UEDPIE_0_EclypseVillage
[2016.12.19-07.50.19:312][903]LogPlayLevel: PIE: StaticDuplicateObject took: (0.021673s)
[2016.12.19-07.50.19:313][903]LogAIModule: Creating AISystem for world EclypseVillage
[2016.12.19-07.50.19:313][903]LogPlayLevel: PIE: World Init took: (0.000541s)
[2016.12.19-07.50.19:313][903]LogPlayLevel: PIE: Created PIE world by copying editor world from /Game/Maps/EclypseVillage.EclypseVillage to /Game/Maps/UEDPIE_0_EclypseVillage.EclypseVillage (0.022470s)
[2016.12.19-07.50.19:334][903]LogInit: XAudio2 using 'Speakers (Realtek High Definition Audio)' : 8 channels at 48 kHz using 32 bits per sample (channel mask 0x63f)
[2016.12.19-07.50.19:369][903]LogInit: FAudioDevice initialized.
[2016.12.19-07.50.19:403][903]LogWorld: Game class is 'GameManager_C'
[2016.12.19-07.50.19:415][903]LogWorld: Bringing World /Game/Maps/UEDPIE_0_EclypseVillage.EclypseVillage up for play (max tick rate 0) at 2016.12.19-18.50.19
[2016.12.19-07.50.19:416][903]LogWorld: Bringing up level for play took: 0.011829
[2016.12.19-07.50.19:416][903]LogGameMode:Display: Match State Changed from EnteringMap to WaitingToStart
[2016.12.19-07.50.19:416][903]LogGameState: Match State Changed from EnteringMap to WaitingToStart
[2016.12.19-07.50.19:416][903]LogGameMode:Display: Match State Changed from WaitingToStart to InProgress
[2016.12.19-07.50.19:421][903]LogGameState: Match State Changed from WaitingToStart to InProgress
[2016.12.19-07.50.19:422][903]PIE: Info Play in editor start time for /Game/Maps/UEDPIE_0_EclypseVillage -0.693
[2016.12.19-07.50.19:422][903]LogBlueprintUserMessages: Late PlayInEditor Detection: Level '/Game/Maps/EclypseVillage.EclypseVillage:PersistentLevel' has LevelScriptBlueprint '/Game/Maps/EclypseVillage.EclypseVillage:PersistentLevel.EclypseVillage' with GeneratedClass '/Game/Maps/EclypseVillage.EclypseVillage_C' with ClassGeneratedBy '/Game/Maps/EclypseVillage.EclypseVillage:PersistentLevel.EclypseVillage'
[2016.12.19-07.50.23:529][ 48]LogBlueprintUserMessages: Early EndPlayMap Detection: Level '/Game/Maps/EclypseVillage.EclypseVillage:PersistentLevel' has LevelScriptBlueprint '/Game/Maps/EclypseVillage.EclypseVillage:PersistentLevel.EclypseVillage' with GeneratedClass '/Game/Maps/EclypseVillage.EclypseVillage_C' with ClassGeneratedBy '/Game/Maps/EclypseVillage.EclypseVillage:PersistentLevel.EclypseVillage'
[2016.12.19-07.50.23:529][ 48]LogHMD: Destroying ovr session
[2016.12.19-07.50.23:566][ 48]LogBlueprintUserMessages: Late EndPlayMap Detection: Level '/Game/Maps/EclypseVillage.EclypseVillage:PersistentLevel' has LevelScriptBlueprint '/Game/Maps/EclypseVillage.EclypseVillage:PersistentLevel.EclypseVillage' with GeneratedClass '/Game/Maps/EclypseVillage.EclypseVillage_C' with ClassGeneratedBy '/Game/Maps/EclypseVillage.EclypseVillage:PersistentLevel.EclypseVillage'
[2016.12.19-07.50.28:888][396]LogBlueprintUserMessages: Early PlayInEditor Detection: Level '/Game/Maps/EclypseVillage.EclypseVillage:PersistentLevel' has LevelScriptBlueprint '/Game/Maps/EclypseVillage.EclypseVillage:PersistentLevel.EclypseVillage' with GeneratedClass '/Game/Maps/EclypseVillage.EclypseVillage_C' with ClassGeneratedBy '/Game/Maps/EclypseVillage.EclypseVillage:PersistentLevel.EclypseVillage'
[2016.12.19-07.50.28:888][396]BlueprintLog: New page: Pre-Play auto-recompile
[2016.12.19-07.50.28:888][396]LogPlayLevel: [PlayLevel] Compiling CameraActor_BP before play...
[2016.12.19-07.50.28:977][396]LogPlayLevel: PlayLevel: Blueprint regeneration took 88 ms (1 blueprints)
[2016.12.19-07.50.28:978][396]OCULUS: Debug: [HMDState] Using default profile default
[2016.12.19-07.50.28:978][396]OCULUS: Info: IAD changed to 65.3mm
[2016.12.19-07.50.28:978][396]LogHMD: New ovr session is created
[2016.12.19-07.50.28:978][396]LogHMD: HMD Oculus Rift CV1, res = 2160 x 1200
[2016.12.19-07.50.28:978][396]PIE: New page: PIE session: EclypseVillage (20 Dec 2016 4:50:28 am)
[2016.12.19-07.50.28:978][396]LogPlayLevel: Creating play world package: /Game/Maps/UEDPIE_0_EclypseVillage
[2016.12.19-07.50.29:000][396]LogPlayLevel: PIE: StaticDuplicateObject took: (0.021512s)
[2016.12.19-07.50.29:000][396]LogAIModule: Creating AISystem for world EclypseVillage
[2016.12.19-07.50.29:000][396]LogPlayLevel: PIE: World Init took: (0.000546s)
[2016.12.19-07.50.29:000][396]LogPlayLevel: PIE: Created PIE world by copying editor world from /Game/Maps/EclypseVillage.EclypseVillage to /Game/Maps/UEDPIE_0_EclypseVillage.EclypseVillage (0.022263s)
[2016.12.19-07.50.29:020][396]LogInit: XAudio2 using 'Speakers (Realtek High Definition Audio)' : 8 channels at 48 kHz using 32 bits per sample (channel mask 0x63f)
[2016.12.19-07.50.29:048][396]LogInit: FAudioDevice initialized.
[2016.12.19-07.50.29:079][396]LogWorld: Game class is 'GameManager_C'
[2016.12.19-07.50.29:091][396]LogWorld: Bringing World /Game/Maps/UEDPIE_0_EclypseVillage.EclypseVillage up for play (max tick rate 0) at 2016.12.19-18.50.29
[2016.12.19-07.50.29:092][396]LogWorld: Bringing up level for play took: 0.012543
[2016.12.19-07.50.29:093][396]LogGameMode:Display: Match State Changed from EnteringMap to WaitingToStart
[2016.12.19-07.50.29:093][396]LogGameState: Match State Changed from EnteringMap to WaitingToStart
[2016.12.19-07.50.29:093][396]LogGameMode:Display: Match State Changed from WaitingToStart to InProgress
[2016.12.19-07.50.29:097][396]LogGameState: Match State Changed from WaitingToStart to InProgress
[2016.12.19-07.50.29:098][396]PIE: Info Play in editor start time for /Game/Maps/UEDPIE_0_EclypseVillage 0.983
[2016.12.19-07.50.29:098][396]LogBlueprintUserMessages: Late PlayInEditor Detection: Level '/Game/Maps/EclypseVillage.EclypseVillage:PersistentLevel' has LevelScriptBlueprint '/Game/Maps/EclypseVillage.EclypseVillage:PersistentLevel.EclypseVillage' with GeneratedClass '/Game/Maps/EclypseVillage.EclypseVillage_C' with ClassGeneratedBy '/Game/Maps/EclypseVillage.EclypseVillage:PersistentLevel.EclypseVillage'
[2016.12.19-07.50.46:962][ 80]LogBlueprintUserMessages: Early EndPlayMap Detection: Level '/Game/Maps/EclypseVillage.EclypseVillage:PersistentLevel' has LevelScriptBlueprint '/Game/Maps/EclypseVillage.EclypseVillage:PersistentLevel.EclypseVillage' with GeneratedClass '/Game/Maps/EclypseVillage.EclypseVillage_C' with ClassGeneratedBy '/Game/Maps/EclypseVillage.EclypseVillage:PersistentLevel.EclypseVillage'
[2016.12.19-07.50.46:963][ 80]LogHMD: Destroying ovr session
[2016.12.19-07.50.46:998][ 80]LogBlueprintUserMessages: Late EndPlayMap Detection: Level '/Game/Maps/EclypseVillage.EclypseVillage:PersistentLevel' has LevelScriptBlueprint '/Game/Maps/EclypseVillage.EclypseVillage:PersistentLevel.EclypseVillage' with GeneratedClass '/Game/Maps/EclypseVillage.EclypseVillage_C' with ClassGeneratedBy '/Game/Maps/EclypseVillage.EclypseVillage:PersistentLevel.EclypseVillage'
[2016.12.19-07.51.17:474][882]BlueprintLog: New page: Compile CameraActor_BP
[2016.12.19-07.51.17:944][896]Cmd: OBJ SAVEPACKAGE PACKAGE="/Game/BP/CameraActor_BP" FILE="../../../../../../Admin/Documents/GitHub Repositories/EclypseUE4/ProjectEclypse/Content/BP/CameraActor_BP.uasset" SILENT=true
[2016.12.19-07.51.17:963][896]LogSavePackage: Save=15.87ms
[2016.12.19-07.51.17:963][896]LogSavePackage: Moving '../../../../../../Admin/Documents/GitHub Repositories/EclypseUE4/ProjectEclypse/Saved/CameraActor_BP3535394047B1AA00D5670B8C1E029F41.tmp' to '../../../../../../Admin/Documents/GitHub Repositories/EclypseUE4/ProjectEclypse/Content/BP/CameraActor_BP.uasset'
[2016.12.19-07.51.17:964][896]LogSavePackage:Display: Finished SavePackage ../../../../../../Admin/Documents/GitHub Repositories/EclypseUE4/ProjectEclypse/Content/BP/CameraActor_BP.uasset
[2016.12.19-07.51.53:818][975]BlueprintLog: New page: Compile Mouse_PlayerConroller
[2016.12.19-07.51.53:833][975]LogBlueprint:Warning: [CameraActor_BP] 'Zooming In' variable not found. Base class was probably changed.
[2016.12.19-07.51.53:837][975]LogBlueprint:Warning: [CameraActor_BP] 'Zooming Out' variable not found. Base class was probably changed.
[2016.12.19-07.51.53:853][975]LogBlueprint:Warning: [Compiler CameraActor_BP] Warning Could not find a variable named "Zooming Out" in 'Mouse_PlayerConroller_C'.
Make sure 'Mouse_PlayerConroller_C' has been compiled for  K2Node_VariableGet_41
[2016.12.19-07.51.53:853][975]LogBlueprint:Warning: [Compiler CameraActor_BP] Warning Could not find a variable named "Zooming In" in 'Mouse_PlayerConroller_C'.
Make sure 'Mouse_PlayerConroller_C' has been compiled for  K2Node_VariableGet_40
[2016.12.19-07.51.54:347][988]Cmd: OBJ SAVEPACKAGE PACKAGE="/Game/BP/Mouse_PlayerConroller" FILE="../../../../../../Admin/Documents/GitHub Repositories/EclypseUE4/ProjectEclypse/Content/BP/Mouse_PlayerConroller.uasset" SILENT=true
[2016.12.19-07.51.54:375][988]LogSavePackage: Save=20.35ms
[2016.12.19-07.51.54:375][988]LogSavePackage: Moving '../../../../../../Admin/Documents/GitHub Repositories/EclypseUE4/ProjectEclypse/Saved/Mouse_PlayerConrollerDF5233854904E47D8BA8FF8B747E6E68.tmp' to '../../../../../../Admin/Documents/GitHub Repositories/EclypseUE4/ProjectEclypse/Content/BP/Mouse_PlayerConroller.uasset'
[2016.12.19-07.51.54:377][988]LogSavePackage: