Log file open, 12/17/16 08:36:17
LogInit:Display: Running engine for game: ProjectEclypse
LogPlatformFile: Not using cached read wrapper
LogInit:Display: RandInit(162386707) SRandInit(162386707).
LogTaskGraph: Started task graph with 5 named threads and 8 total threads with 1 sets of task threads.
LogStats: Stats thread started at 0.061154
LogPluginManager: Loaded Plugin Paper2D, From D:/Program Files (x86)/Epic Games/4.13/Engine/Plugins/2D/Paper2D/Paper2D.uplugin
LogPluginManager: Loaded Plugin LightPropagationVolume, From D:/Program Files (x86)/Epic Games/4.13/Engine/Plugins/Blendables/LightPropagationVolume/LightPropagationVolume.uplugin
LogPluginManager: Loaded Plugin BlankPlugin, From D:/Program Files (x86)/Epic Games/4.13/Engine/Plugins/Developer/BlankPlugin/BlankPlugin.uplugin
LogPluginManager: Loaded Plugin CodeLiteSourceCodeAccess, From D:/Program Files (x86)/Epic Games/4.13/Engine/Plugins/Developer/CodeLiteSourceCodeAccess/CodeLiteSourceCodeAccess.uplugin
LogPluginManager: Loaded Plugin GitSourceControl, From D:/Program Files (x86)/Epic Games/4.13/Engine/Plugins/Developer/GitSourceControl/GitSourceControl.uplugin
LogPluginManager: Loaded Plugin KDevelopSourceCodeAccess, From D:/Program Files (x86)/Epic Games/4.13/Engine/Plugins/Developer/KDevelopSourceCodeAccess/KDevelopSourceCodeAccess.uplugin
LogPluginManager: Loaded Plugin NullSourceCodeAccess, From D:/Program Files (x86)/Epic Games/4.13/Engine/Plugins/Developer/NullSourceCodeAccess/NullSourceCodeAccess.uplugin
LogPluginManager: Loaded Plugin OneSkyLocalizationService, From D:/Program Files (x86)/Epic Games/4.13/Engine/Plugins/Developer/OneSkyLocalizationService/OneSkyLocalizationService.uplugin
LogPluginManager: Loaded Plugin PerforceSourceControl, From D:/Program Files (x86)/Epic Games/4.13/Engine/Plugins/Developer/PerforceSourceControl/PerforceSourceControl.uplugin
LogPluginManager: Loaded Plugin SubversionSourceControl, From D:/Program Files (x86)/Epic Games/4.13/Engine/Plugins/Developer/SubversionSourceControl/SubversionSourceControl.uplugin
LogPluginManager: Loaded Plugin UObjectPlugin, From D:/Program Files (x86)/Epic Games/4.13/Engine/Plugins/Developer/UObjectPlugin/UObjectPlugin.uplugin
LogPluginManager: Loaded Plugin VisualStudioSourceCodeAccess, From D:/Program Files (x86)/Epic Games/4.13/Engine/Plugins/Developer/VisualStudioSourceCodeAccess/VisualStudioSourceCodeAccess.uplugin
LogPluginManager: Loaded Plugin XCodeSourceCodeAccess, From D:/Program Files (x86)/Epic Games/4.13/Engine/Plugins/Developer/XCodeSourceCodeAccess/XCodeSourceCodeAccess.uplugin
LogPluginManager: Loaded Plugin EpicSurvey, From D:/Program Files (x86)/Epic Games/4.13/Engine/Plugins/Editor/EpicSurvey/EpicSurvey.uplugin
LogPluginManager: Loaded Plugin MacGraphicsSwitching, From D:/Program Files (x86)/Epic Games/4.13/Engine/Plugins/Editor/MacGraphicsSwitching/MacGraphicsSwitching.uplugin
LogPluginManager: Loaded Plugin MobileLauncherProfileWizard, From D:/Program Files (x86)/Epic Games/4.13/Engine/Plugins/Editor/MobileLauncherProfileWizard/MobileLauncherProfileWizard.uplugin
LogPluginManager: Loaded Plugin PluginBrowser, From D:/Program Files (x86)/Epic Games/4.13/Engine/Plugins/Editor/PluginBrowser/PluginBrowser.uplugin
LogPluginManager: Loaded Plugin SpeedTreeImporter, From D:/Program Files (x86)/Epic Games/4.13/Engine/Plugins/Editor/SpeedTreeImporter/SpeedTreeImporter.uplugin
LogPluginManager: Loaded Plugin SuperSearchEditor, From D:/Program Files (x86)/Epic Games/4.13/Engine/Plugins/Editor/SuperSearchEditor/SuperSearchEditor.uplugin
LogPluginManager: Loaded Plugin AlembicImporter, From D:/Program Files (x86)/Epic Games/4.13/Engine/Plugins/Experimental/AlembicImporter/AlembicImporter.uplugin
LogPluginManager: Loaded Plugin BlueprintStats, From D:/Program Files (x86)/Epic Games/4.13/Engine/Plugins/Experimental/BlueprintStats/BlueprintStats.uplugin
LogPluginManager: Loaded Plugin CharacterAI, From D:/Program Files (x86)/Epic Games/4.13/Engine/Plugins/Experimental/CharacterAI/CharacterAI.uplugin
LogPluginManager: Loaded Plugin CodeEditor, From D:/Program Files (x86)/Epic Games/4.13/Engine/Plugins/Experimental/CodeEditor/CodeEditor.uplugin
LogPluginManager: Loaded Plugin CodeView, From D:/Program Files (x86)/Epic Games/4.13/Engine/Plugins/Experimental/CodeView/CodeView.uplugin
LogPluginManager: Loaded Plugin HTML5Networking, From D:/Program Files (x86)/Epic Games/4.13/Engine/Plugins/Experimental/HTML5Networking/HTML5Networking.uplugin
LogPluginManager: Loaded Plugin LiveEditor, From D:/Program Files (x86)/Epic Games/4.13/Engine/Plugins/Experimental/LiveEditor/LiveEditor.uplugin
LogPluginManager: Loaded Plugin OSVR, From D:/Program Files (x86)/Epic Games/4.13/Engine/Plugins/Experimental/OSVR/OSVR.uplugin
LogPluginManager: Loaded Plugin Phya, From D:/Program Files (x86)/Epic Games/4.13/Engine/Plugins/Experimental/Phya/Phya.uplugin
LogPluginManager: Loaded Plugin SignificanceManager, From D:/Program Files (x86)/Epic Games/4.13/Engine/Plugins/Experimental/SignificanceManager/SignificanceManager.uplugin
LogPluginManager: Loaded Plugin SimpleHMD, From D:/Program Files (x86)/Epic Games/4.13/Engine/Plugins/Experimental/SimpleHMD/SimpleHMD.uplugin
LogPluginManager: Loaded Plugin StereoPanorama, From D:/Program Files (x86)/Epic Games/4.13/Engine/Plugins/Experimental/StereoPanorama/StereoPanorama.uplugin
LogPluginManager: Loaded Plugin StructBox, From D:/Program Files (x86)/Epic Games/4.13/Engine/Plugins/Experimental/StructBox/StructBox.uplugin
LogPluginManager: Loaded Plugin Substance, From D:/Program Files (x86)/Epic Games/4.13/Engine/Plugins/Marketplace/Substance/Substance.uplugin
LogPluginManager: Loaded Plugin AndroidMedia, From D:/Program Files (x86)/Epic Games/4.13/Engine/Plugins/Media/AndroidMedia/AndroidMedia.uplugin
LogPluginManager: Loaded Plugin AvfMedia, From D:/Program Files (x86)/Epic Games/4.13/Engine/Plugins/Media/AvfMedia/AvfMedia.uplugin
LogPluginManager: Loaded Plugin MediaPlayerEditor, From D:/Program Files (x86)/Epic Games/4.13/Engine/Plugins/Media/MediaPlayerEditor/MediaPlayerEditor.uplugin
LogPluginManager: Loaded Plugin WmfMedia, From D:/Program Files (x86)/Epic Games/4.13/Engine/Plugins/Media/WmfMedia/WmfMedia.uplugin
LogPluginManager: Loaded Plugin MessagingDebugger, From D:/Program Files (x86)/Epic Games/4.13/Engine/Plugins/Messaging/MessagingDebugger/MessagingDebugger.uplugin
LogPluginManager: Loaded Plugin TcpMessaging, From D:/Program Files (x86)/Epic Games/4.13/Engine/Plugins/Messaging/TcpMessaging/TcpMessaging.uplugin
LogPluginManager: Loaded Plugin UdpMessaging, From D:/Program Files (x86)/Epic Games/4.13/Engine/Plugins/Messaging/UdpMessaging/UdpMessaging.uplugin
LogPluginManager: Loaded Plugin LevelSequenceEditor, From D:/Program Files (x86)/Epic Games/4.13/Engine/Plugins/MovieScene/LevelSequenceEditor/LevelSequenceEditor.uplugin
LogPluginManager: Loaded Plugin MatineeToLevelSequence, From D:/Program Files (x86)/Epic Games/4.13/Engine/Plugins/MovieScene/MatineeToLevelSequence/MatineeToLevelSequence.uplugin
LogPluginManager: Loaded Plugin NetcodeUnitTest, From D:/Program Files (x86)/Epic Games/4.13/Engine/Plugins/NetcodeUnitTest/NetcodeUnitTest/NetcodeUnitTest.uplugin
LogPluginManager: Loaded Plugin NUTUnrealEngine4, From D:/Program Files (x86)/Epic Games/4.13/Engine/Plugins/NetcodeUnitTest/NUTUnrealEngine4/NUTUnrealEngine4.uplugin
LogPluginManager: Loaded Plugin OnlineSubsystemGooglePlay, From D:/Program Files (x86)/Epic Games/4.13/Engine/Plugins/Online/Android/OnlineSubsystemGooglePlay/OnlineSubsystemGooglePlay.uplugin
LogPluginManager: Loaded Plugin OnlineSubsystemIOS, From D:/Program Files (x86)/Epic Games/4.13/Engine/Plugins/Online/IOS/OnlineSubsystemIOS/OnlineSubsystemIOS.uplugin
LogPluginManager: Loaded Plugin OnlineFramework, From D:/Program Files (x86)/Epic Games/4.13/Engine/Plugins/Online/OnlineFramework/OnlineFramework.uplugin
LogPluginManager: Loaded Plugin OnlineSubsystem, From D:/Program Files (x86)/Epic Games/4.13/Engine/Plugins/Online/OnlineSubsystem/OnlineSubsystem.uplugin
LogPluginManager: Loaded Plugin OnlineSubsystemAmazon, From D:/Program Files (x86)/Epic Games/4.13/Engine/Plugins/Online/OnlineSubsystemAmazon/OnlineSubsystemAmazon.uplugin
LogPluginManager: Loaded Plugin OnlineSubsystemFacebook, From D:/Program Files (x86)/Epic Games/4.13/Engine/Plugins/Online/OnlineSubsystemFacebook/OnlineSubsystemFacebook.uplugin
LogPluginManager: Loaded Plugin OnlineSubsystemNull, From D:/Program Files (x86)/Epic Games/4.13/Engine/Plugins/Online/OnlineSubsystemNull/OnlineSubsystemNull.uplugin
LogPluginManager: Loaded Plugin OnlineSubsystemOculus, From D:/Program Files (x86)/Epic Games/4.13/Engine/Plugins/Online/OnlineSubsystemOculus/OnlineSubsystemOculus.uplugin
LogPluginManager: Loaded Plugin OnlineSubsystemSteam, From D:/Program Files (x86)/Epic Games/4.13/Engine/Plugins/Online/OnlineSubsystemSteam/OnlineSubsystemSteam.uplugin
LogPluginManager: Loaded Plugin OnlineSubsystemUtils, From D:/Program Files (x86)/Epic Games/4.13/Engine/Plugins/Online/OnlineSubsystemUtils/OnlineSubsystemUtils.uplugin
LogPluginManager: Loaded Plugin IOSTapJoy, From D:/Program Files (x86)/Epic Games/4.13/Engine/Plugins/Runtime/Advertising/IOSTapJoy/IOSTapJoy.uplugin
LogPluginManager: Loaded Plugin AnalyticsBlueprintLibrary, From D:/Program Files (x86)/Epic Games/4.13/Engine/Plugins/Runtime/Analytics/AnalyticsBlueprintLibrary/AnalyticsBlueprintLibrary.uplugin
LogPluginManager: Loaded Plugin AnalyticsMulticast, From D:/Program Files (x86)/Epic Games/4.13/Engine/Plugins/Runtime/Analytics/AnalyticsMulticast/AnalyticsMulticast.uplugin
LogPluginManager: Loaded Plugin Apsalar, From D:/Program Files (x86)/Epic Games/4.13/Engine/Plugins/Runtime/Analytics/Apsalar/Apsalar.uplugin
LogPluginManager: Loaded Plugin FileLogging, From D:/Program Files (x86)/Epic Games/4.13/Engine/Plugins/Runtime/Analytics/FileLogging/FileLogging.uplugin
LogPluginManager: Loaded Plugin Flurry, From D:/Program Files (x86)/Epic Games/4.13/Engine/Plugins/Runtime/Analytics/Flurry/Flurry.uplugin
LogPluginManager: Loaded Plugin AndroidDeviceProfileSelector, From D:/Program Files (x86)/Epic Games/4.13/Engine/Plugins/Runtime/AndroidDeviceProfileSelector/AndroidDeviceProfileSelector.uplugin
LogPluginManager: Loaded Plugin AndroidMoviePlayer, From D:/Program Files (x86)/Epic Games/4.13/Engine/Plugins/Runtime/AndroidMoviePlayer/AndroidMoviePlayer.uplugin
LogPluginManager: Loaded Plugin AppleMoviePlayer, From D:/Program Files (x86)/Epic Games/4.13/Engine/Plugins/Runtime/AppleMoviePlayer/AppleMoviePlayer.uplugin
LogPluginManager: Loaded Plugin ArchVisCharacter, From D:/Program Files (x86)/Epic Games/4.13/Engine/Plugins/Runtime/ArchVisCharacter/ArchVisCharacter.uplugin
LogPluginManager: Loaded Plugin CableComponent, From D:/Program Files (x86)/Epic Games/4.13/Engine/Plugins/Runtime/CableComponent/CableComponent.uplugin
LogPluginManager: Loaded Plugin CustomMeshComponent, From D:/Program Files (x86)/Epic Games/4.13/Engine/Plugins/Runtime/CustomMeshComponent/CustomMeshComponent.uplugin
LogPluginManager: Loaded Plugin ExampleDeviceProfileSelector, From D:/Program Files (x86)/Epic Games/4.13/Engine/Plugins/Runtime/ExampleDeviceProfileSelector/ExampleDeviceProfileSelector.uplugin
LogPluginManager: Loaded Plugin GearVR, From D:/Program Files (x86)/Epic Games/4.13/Engine/Plugins/Runtime/GearVR/GearVR.uplugin
LogPluginManager: Loaded Plugin GoogleVRController, From D:/Program Files (x86)/Epic Games/4.13/Engine/Plugins/Runtime/GoogleVR/GoogleVRController/GoogleVRController.uplugin
LogPluginManager: Loaded Plugin GoogleVRHMD, From D:/Program Files (x86)/Epic Games/4.13/Engine/Plugins/Runtime/GoogleVR/GoogleVRHMD/GoogleVRHMD.uplugin
LogPluginManager: Loaded Plugin IOSDeviceProfileSelector, From D:/Program Files (x86)/Epic Games/4.13/Engine/Plugins/Runtime/IOSDeviceProfileSelector/IOSDeviceProfileSelector.uplugin
LogPluginManager: Loaded Plugin LeapMotion, From D:/Program Files (x86)/Epic Games/4.13/Engine/Plugins/Runtime/LeapMotion/LeapMotion.uplugin
LogPluginManager: Loaded Plugin LinuxDeviceProfileSelector, From D:/Program Files (x86)/Epic Games/4.13/Engine/Plugins/Runtime/LinuxDeviceProfileSelector/LinuxDeviceProfileSelector.uplugin
LogPluginManager: Loaded Plugin LiveEditorListenServer, From D:/Program Files (x86)/Epic Games/4.13/Engine/Plugins/Runtime/LiveEditorListenServer/LiveEditorListenServer.uplugin
LogPluginManager: Loaded Plugin OculusAudio, From D:/Program Files (x86)/Epic Games/4.13/Engine/Plugins/Runtime/OculusAudio/OculusAudio.uplugin
LogPluginManager: Loaded Plugin OculusInput, From D:/Program Files (x86)/Epic Games/4.13/Engine/Plugins/Runtime/OculusInput/OculusInput.uplugin
LogPluginManager: Loaded Plugin OculusLibrary, From D:/Program Files (x86)/Epic Games/4.13/Engine/Plugins/Runtime/OculusLibrary/OculusLibrary.uplugin
LogPluginManager: Loaded Plugin OculusRift, From D:/Program Files (x86)/Epic Games/4.13/Engine/Plugins/Runtime/OculusRift/OculusRift.uplugin
LogPluginManager: Loaded Plugin Oodle, From D:/Program Files (x86)/Epic Games/4.13/Engine/Plugins/Runtime/PacketHandlers/CompressionComponents/Oodle/Oodle.uplugin
LogPluginManager: Loaded Plugin ProceduralMeshComponent, From D:/Program Files (x86)/Epic Games/4.13/Engine/Plugins/Runtime/ProceduralMeshComponent/ProceduralMeshComponent.uplugin
LogPluginManager: Loaded Plugin SoundMod, From D:/Program Files (x86)/Epic Games/4.13/Engine/Plugins/Runtime/SoundMod/SoundMod.uplugin
LogPluginManager: Loaded Plugin SoundVisualizations, From D:/Program Files (x86)/Epic Games/4.13/Engine/Plugins/Runtime/SoundVisualizations/SoundVisualizations.uplugin
LogPluginManager: Loaded Plugin SteamController, From D:/Program Files (x86)/Epic Games/4.13/Engine/Plugins/Runtime/Steam/SteamController/SteamController.uplugin
LogPluginManager: Loaded Plugin SteamVR, From D:/Program Files (x86)/Epic Games/4.13/Engine/Plugins/Runtime/Steam/SteamVR/SteamVR.uplugin
LogPluginManager: Loaded Plugin WebBrowserWidget, From D:/Program Files (x86)/Epic Games/4.13/Engine/Plugins/Runtime/WebBrowserWidget/WebBrowserWidget.uplugin
LogPluginManager: Loaded Plugin WindowsDeviceProfileSelector, From D:/Program Files (x86)/Epic Games/4.13/Engine/Plugins/Runtime/WindowsDeviceProfileSelector/WindowsDeviceProfileSelector.uplugin
LogPluginManager: Loaded Plugin WindowsMoviePlayer, From D:/Program Files (x86)/Epic Games/4.13/Engine/Plugins/Runtime/WindowsMoviePlayer/WindowsMoviePlayer.uplugin
LogPluginManager: Loaded Plugin ScriptPlugin, From D:/Program Files (x86)/Epic Games/4.13/Engine/Plugins/ScriptPlugin/ScriptPlugin.uplugin
LogPluginManager: Loaded Plugin SlateRemote, From D:/Program Files (x86)/Epic Games/4.13/Engine/Plugins/Slate/SlateRemote/SlateRemote.uplugin
LogInit: Using libcurl 7.47.1
LogInit:  - built for x86_64-pc-win32
LogInit:  - supports SSL with WinSSL
LogInit:  - other features:
LogInit:      CURL_VERSION_SSL
LogInit:      CURL_VERSION_IPV6
LogInit:      CURL_VERSION_ASYNCHDNS
LogInit:      CURL_VERSION_LARGEFILE
LogInit:      CURL_VERSION_IDN
LogInit:  CurlRequestOptions (configurable via config and command line):
LogInit:  - bVerifyPeer = false  - Libcurl will NOT verify peer certificate
LogInit:  - bUseHttpProxy = false  - Libcurl will NOT use HTTP proxy
LogInit:  - bDontReuseConnections = false  - Libcurl will reuse connections
LogInit:  - CertBundlePath = nullptr  - Libcurl will use whatever was configured at build time.
OCULUS: Info: [CAPI] LibOVR module is located at C:\Program Files\Oculus\Support\oculus-runtime\LibOVRRT64_1.dll
OCULUS: Debug: Connected to the server running version (prod = 1).1.10.1(build = 315393) feature version = 0. Client runs version (prod = 1).1.10.1(build = 315393) feature version = 0
OCULUS: Debug: [HMDState] Using default profile default
OCULUS: Info: IAD changed to 65.3mm
OCULUS: Debug: [SharedMemory] Creating factory
LogInit: Build: ++UE4+Release-4.13-CL-3142249
LogInit: Engine Version: 4.13.1-3142249+++UE4+Release-4.13
LogInit: Compatible Engine Version: 4.13.0-3106830+++UE4+Release-4.13
LogInit: Net CL: 3142249
LogDevObjectVersion: Number of dev versions registered: 13
LogDevObjectVersion:   Dev-Blueprints (B0D832E4-1F89-4F0D-ACCF-7EB736FD4AA2): 5
LogDevObjectVersion:   Dev-Build (E1C64328-A22C-4D53-A36C-8E866417BD8C): 0
LogDevObjectVersion:   Dev-Core (375EC13C-06E4-48FB-B500-84F0262A717E): 1
LogDevObjectVersion:   Dev-Editor (E4B068ED-F494-42E9-A231-DA0B2E46BB41): 6
LogDevObjectVersion:   Dev-Framework (CFFC743F-43B0-4480-9391-14DF171D2073): 12
LogDevObjectVersion:   Dev-Mobile (B02B49B5-BB20-44E9-A304-32B752E40360): 0
LogDevObjectVersion:   Dev-Networking (A4E4105C-59A1-49B5-A7C5-40C4547EDFEE): 0
LogDevObjectVersion:   Dev-Online (39C831C9-5AE6-47DC-9A44-9C173E1C8E7C): 0
LogDevObjectVersion:   Dev-Physics (78F01B33-EBEA-4F98-B9B4-84EACCB95AA2): 0
LogDevObjectVersion:   Dev-Platform (6631380F-2D4D-43E0-8009-CF276956A95A): 0
LogDevObjectVersion:   Dev-Rendering (12F88B9F-8875-4AFC-A67C-D90C383ABD29): 4
LogDevObjectVersion:   Dev-Sequencer (7B5AE74C-D270-4C10-A958-57980B212A5A): 0
LogDevObjectVersion:   Dev-VR (D7296918-1DD6-4BDD-9DE2-64A83CC13884): 0
LogInit: Compiled (64-bit): Sep 28 2016 02:12:12
LogInit: Compiled with Visual C++: 19.00.23026.00
LogInit: Build Configuration: Development
LogInit: Branch Name: ++UE4+Release-4.13
LogInit: Command line: -EpicPortal 
LogInit: Base directory: D:/Program Files (x86)/Epic Games/4.13/Engine/Binaries/Win64/
LogInit: Installed Engine Build: 1
LogInit: Presizing for max 8388607 objects, including 0 objects not considered by GC, pre-allocating 0 bytes for permanent pool.
LogInit: Object subsystem initialized
[2016.12.16-21.36.17:805][  0]LogInit: Selected Device Profile: [Windows]
[2016.12.16-21.36.17:805][  0]LogInit: Applying CVar settings loaded from the selected device profile: [Windows]
[2016.12.16-21.36.17:826][  0]LogInit: Computer: DESKTOP-M92PTO3
[2016.12.16-21.36.17:826][  0]LogInit: User: StefanoAdmin
[2016.12.16-21.36.17:826][  0]LogInit: CPU Page size=65536, Cores=4
[2016.12.16-21.36.17:826][  0]LogInit: High frequency timer resolution =3.328120 MHz
[2016.12.16-21.36.17:827][  0]LogMemory: Memory total: Physical=15.9GB (16GB approx)
[2016.12.16-21.36.17:827][  0]LogMemory: Platform Memory Stats for Windows
[2016.12.16-21.36.17:827][  0]LogMemory: Process Physical Memory: 266.63 MB used, 266.63 MB peak
[2016.12.16-21.36.17:827][  0]LogMemory: Process Virtual Memory: 267.13 MB used, 267.13 MB peak
[2016.12.16-21.36.17:827][  0]LogMemory: Physical Memory: 7617.47 MB used, 16313.61 MB total
[2016.12.16-21.36.17:827][  0]LogMemory: Virtual Memory: 672.30 MB used, 134217728.00 MB total
[2016.12.16-21.36.18:023][  0]LogTextLocalizationManager: No specific translations for ('en-AU') exist, so ('en') translations will be used.
[2016.12.16-21.36.18:434][  0]LogD3D11RHI: D3D11 adapters:
[2016.12.16-21.36.18:884][  0]LogD3D11RHI:    0. 'NVIDIA GeForce GTX 980' (Feature Level 11_0)
[2016.12.16-21.36.18:884][  0]LogD3D11RHI:       4060/0/8156 MB DedicatedVideo/DedicatedSystem/SharedSystem, Outputs:1, VendorId:0x10de
[2016.12.16-21.36.18:885][  0]LogD3D11RHI:    1. 'Microsoft Basic Render Driver' (Feature Level 11_0)
[2016.12.16-21.36.18:885][  0]LogD3D11RHI:       0/0/8156 MB DedicatedVideo/DedicatedSystem/SharedSystem, Outputs:0, VendorId:0x1414
[2016.12.16-21.36.18:885][  0]LogD3D11RHI: Chosen D3D11 Adapter: 0
[2016.12.16-21.36.18:889][  0]LogD3D11RHI: Creating new Direct3DDevice
[2016.12.16-21.36.18:889][  0]LogD3D11RHI:     GPU DeviceId: 0x13c0 (for the marketing name, search the web for "GPU Device Id")
[2016.12.16-21.36.18:889][  0]LogWindows: EnumDisplayDevices:
[2016.12.16-21.36.18:889][  0]LogWindows:    0. 'NVIDIA GeForce GTX 980' (P:1 D:1)
[2016.12.16-21.36.18:889][  0]LogWindows:    1. 'NVIDIA GeForce GTX 980' (P:0 D:0)
[2016.12.16-21.36.18:889][  0]LogWindows:    2. 'NVIDIA GeForce GTX 980' (P:0 D:0)
[2016.12.16-21.36.18:890][  0]LogWindows:    3. 'NVIDIA GeForce GTX 980' (P:0 D:0)
[2016.12.16-21.36.18:890][  0]LogWindows: DebugString: FoundDriverCount:4 
[2016.12.16-21.36.18:890][  0]LogD3D11RHI:     Adapter Name: NVIDIA GeForce GTX 980
[2016.12.16-21.36.18:890][  0]LogD3D11RHI:   Driver Version: 376.09 (internal:21.21.13.7609, unified:376.09)
[2016.12.16-21.36.18:890][  0]LogD3D11RHI:      Driver Date: 11-24-2016
[2016.12.16-21.36.18:890][  0]LogRHI: Texture pool is 1361 MB (70% of 1945 MB)
[2016.12.16-21.36.19:290][  0]LogD3D11RHI: Async texture creation enabled
[2016.12.16-21.36.19:326][  0]LogD3D11RHI: GPU Timing Frequency: 1000.000000 (Debug: 2 2)
[2016.12.16-21.36.19:326][  0]LogShaderCompilers: Guid format shader working directory is -34 characters bigger than the processId version (../../../../../../Admin/Documents/GitHub Repositories/EclypseUE4/ProjectEclypse/Intermediate/Shaders/WorkingDirectory/10740/).
[2016.12.16-21.36.19:326][  0]LogShaderCompilers: Cleaned the shader compiler working directory 'C:/Users/Admin/AppData/Local/Temp/UnrealShaderWorkingDir/136FC4A542B0BA48B835AD9515D7443F/'.
[2016.12.16-21.36.19:326][  0]LogShaderCompilers:Display: Using Local Shader Compiler.
[2016.12.16-21.36.20:062][  0]LogTemp:Display: Loaded TP AllDesktopTargetPlatform
[2016.12.16-21.36.20:067][  0]LogTemp:Display: Loaded TP WindowsClientTargetPlatform
[2016.12.16-21.36.20:073][  0]LogTemp:Display: Loaded TP WindowsNoEditorTargetPlatform
[2016.12.16-21.36.20:078][  0]LogTemp:Display: Loaded TP WindowsServerTargetPlatform
[2016.12.16-21.36.20:083][  0]LogTemp:Display: Loaded TP WindowsTargetPlatform
[2016.12.16-21.36.20:088][  0]LogTemp:Display: Loaded TP AndroidTargetPlatform
[2016.12.16-21.36.20:093][  0]LogTemp:Display: Loaded TP Android_ASTCTargetPlatform
[2016.12.16-21.36.20:097][  0]LogTemp:Display: Loaded TP Android_ATCTargetPlatform
[2016.12.16-21.36.20:102][  0]LogTemp:Display: Loaded TP Android_DXTTargetPlatform
[2016.12.16-21.36.20:107][  0]LogTemp:Display: Loaded TP Android_ETC1TargetPlatform
[2016.12.16-21.36.20:112][  0]LogTemp:Display: Loaded TP Android_ETC2TargetPlatform
[2016.12.16-21.36.20:123][  0]LogTemp:Display: Loaded TP Android_MultiTargetPlatform
[2016.12.16-21.36.20:123][  0]LogTemp:Display: Loaded TP Android_PVRTCTargetPlatform
[2016.12.16-21.36.20:124][  0]LogTemp:Display: Loaded TP HTML5TargetPlatform
[2016.12.16-21.36.20:141][  0]LogTemp:Display: Loaded TP IOSTargetPlatform
[2016.12.16-21.36.20:146][  0]LogTemp:Display: Loaded TP TVOSTargetPlatform
[2016.12.16-21.36.20:150][  0]LogTemp:Display: Loaded TP LinuxClientTargetPlatform
[2016.12.16-21.36.20:155][  0]LogTemp:Display: Loaded TP LinuxNoEditorTargetPlatform
[2016.12.16-21.36.20:160][  0]LogTemp:Display: Loaded TP LinuxServerTargetPlatform
[2016.12.16-21.36.20:165][  0]LogTemp:Display: Loaded TP LinuxTargetPlatform
[2016.12.16-21.36.20:165][  0]LogTargetPlatformManager:Display: Building Assets For Windows
[2016.12.16-21.36.20:201][  0]LogDerivedDataCache:Display: Max Cache Size: 512 MB
[2016.12.16-21.36.20:248][  0]LogDerivedDataCache: Loaded boot cache 0.05s 62MB C:/Users/Admin/AppData/Local/UnrealEngine/4.13/DerivedDataCache/Boot.ddc.
[2016.12.16-21.36.20:248][  0]LogDerivedDataCache:Display: Loaded Boot cache: C:/Users/Admin/AppData/Local/UnrealEngine/4.13/DerivedDataCache/Boot.ddc
[2016.12.16-21.36.20:248][  0]LogDerivedDataCache: FDerivedDataBackendGraph:  Pak pak cache file ../../../../../../Admin/Documents/GitHub Repositories/EclypseUE4/ProjectEclypse/DerivedDataCache/DDC.ddp not found, will not use a pak cache.
[2016.12.16-21.36.20:248][  0]LogDerivedDataCache: Unable to find inner node Pak for hierarchical cache Hierarchy.
[2016.12.16-21.36.20:248][  0]LogDerivedDataCache: FDerivedDataBackendGraph:  CompressedPak pak cache file ../../../../../../Admin/Documents/GitHub Repositories/EclypseUE4/ProjectEclypse/DerivedDataCache/Compressed.ddp not found, will not use a pak cache.
[2016.12.16-21.36.20:248][  0]LogDerivedDataCache: Unable to find inner node CompressedPak for hierarchical cache Hierarchy.
[2016.12.16-21.36.20:262][  0]LogDerivedDataCache:Display: Pak cache opened for reading ../../../Engine/DerivedDataCache/Compressed.ddp.
[2016.12.16-21.36.20:273][  0]LogDerivedDataCache: Using Local data cache path C:/Users/Admin/AppData/Local/UnrealEngine/Common/DerivedDataCache: Writable
[2016.12.16-21.36.20:507][  0]LogInit: Selected Device Profile: [Windows]
[2016.12.16-21.36.20:508][  0]LogContentStreaming: Texture pool size is 0.00 MB
[2016.12.16-21.36.20:571][  0]LogMeshUtilities: No automatic mesh reduction module available
[2016.12.16-21.36.20:571][  0]LogMeshUtilities: No automatic mesh merging module available
[2016.12.16-21.36.20:571][  0]LogMeshUtilities: No distributed automatic mesh merging module available
[2016.12.16-21.36.20:613][  0]LogMaterial: Uniform references updated for custom material expression Custom.
[2016.12.16-21.36.20:833][  0]LogNetVersion: GetLocalNetworkVersion: CL: 3106830, ProjectName: projecteclypse, ProjectVersion: , EngineNetworkVersion: 1, GameNetworkVersion: 0, NetworkChecksum: 2418632494
[2016.12.16-21.36.20:865][  0]LogAssetRegistry: FAssetRegistry took 0.0214 seconds to start up
[2016.12.16-21.36.20:887][  0]LogPackageLocalizationCache: Processed 3 localized package path(s) for 2 prioritized culture(s) in 0.020962 seconds
[2016.12.16-21.36.20:892][  0]LogUObjectArray: 29778 objects as part of root set at end of initial load.
[2016.12.16-21.36.20:892][  0]LogUObjectAllocator: 6125456 out of 0 bytes used by permanent object pool.
[2016.12.16-21.36.20:892][  0]LogUObjectArray: CloseDisregardForGC: 0/0 objects in disregard for GC pool
[2016.12.16-21.36.20:896][  0]LogInit: WinSock: version 1.1 (2.2), MaxSocks=32767, MaxUdp=65467
[2016.12.16-21.36.21:022][  0]LogSlate: SlateFontCache - WITH_FREETYPE: 1, WITH_HARFBUZZ: 1
[2016.12.16-21.36.21:022][  0]LogSlate: SlateFontCache - WITH_FREETYPE: 1, WITH_HARFBUZZ: 1
[2016.12.16-21.36.21:474][  0]LogSubstanceCoreModule: Substance CPU Engine Loaded, Max Texture Size 2048
[2016.12.16-21.36.21:479][  0]LogTcpMessaging: Initializing TcpMessaging bridge
[2016.12.16-21.36.21:494][  0]LogUdpMessaging: Initializing bridge on interface 0.0.0.0:0 to multicast group 230.0.0.1:6666.
[2016.12.16-21.36.21:656][  0]SourceControl: Info Source control is disabled
[2016.12.16-21.36.21:682][  0]SourceControl: Info Source control is disabled
[2016.12.16-21.36.21:686][  0]SourceControl: Info Source control is disabled
[2016.12.16-21.36.21:689][  0]SourceControl: Info Source control is disabled
[2016.12.16-21.36.21:843][  0]LogEngine: Initializing Engine...
[2016.12.16-21.36.21:843][  0]LogHMD: Oculus plugin initialized. Version: 4.13.1-3142249+++UE4+Release-4.13, LibOVR: 1.10.1, SDK: 1.6.0, built Sep 28 2016, 02:14:12
[2016.12.16-21.36.21:939][  0]OCULUS: Debug: [HMDState] Using default profile default
[2016.12.16-21.36.21:939][  0]OCULUS: Info: IAD changed to 65.3mm
[2016.12.16-21.36.21:944][  0]LogAIModule: Creating AISystem for world Untitled
[2016.12.16-21.36.21:956][  0]LogInit: XAudio2 using 'Speakers (Realtek High Definition Audio)' : 8 channels at 48 kHz using 32 bits per sample (channel mask 0x63f)
[2016.12.16-21.36.21:986][  0]LogInit: FAudioDevice initialized.
[2016.12.16-21.36.22:010][  0]LogDerivedDataCache: Saved boot cache 0.02s 62MB C:/Users/Admin/AppData/Local/UnrealEngine/4.13/DerivedDataCache/Boot.ddc.
[2016.12.16-21.36.22:016][  0]LogInit: Texture streaming: Enabled
[2016.12.16-21.36.22:030][  0]LogInit: Transaction tracking system initialized
[2016.12.16-21.36.22:039][  0]BlueprintLog: New page: Editor Load
[2016.12.16-21.36.22:074][  0]LocalizationService: Info Localization service is disabled
[2016.12.16-21.36.22:117][  0]LogConsoleResponse:Display: 
[2016.12.16-21.36.22:238][  0]LogCook:Display: Max memory allowance for cook 16384mb min free memory 0mb
[2016.12.16-21.36.22:238][  0]LogCook:Display: Mobile HDR setting 1
[2016.12.16-21.36.22:310][  0]LogFileCache: Scanning file cache for directory 'D:/Admin/Documents/GitHub Repositories/EclypseUE4/ProjectEclypse/Content/' took 0.06s
[2016.12.16-21.36.22:310][  0]SourceControl: Info Source control is disabled
[2016.12.16-21.36.22:311][  0]Cmd: MAP LOAD FILE="../../../../../../Admin/Documents/GitHub Repositories/EclypseUE4/ProjectEclypse/Content/Maps/EclypseVillage.umap" TEMPLATE=0 SHOWPROGRESS=1 FEATURELEVEL=3
[2016.12.16-21.36.22:311][  0]LightingResults: New page: Lighting Build
[2016.12.16-21.36.22:312][  0]MapCheck: New page: Map Check
[2016.12.16-21.36.22:312][  0]LightingResults: New page: Lighting Build
[2016.12.16-21.36.24:185][  0]LogAIModule: Creating AISystem for world EclypseVillage
[2016.12.16-21.36.24:194][  0]LogEditorServer: Finished looking for orphan Actors (0.000 secs)
[2016.12.16-21.36.24:194][  0]Cmd: MAP CHECKDEP NOCLEARLOG
[2016.12.16-21.36.24:228][  0]MapCheck: Info Map check complete: 0 Error(s), 0 Warning(s), took 33.625ms to complete.
[2016.12.16-21.36.24:228][  0]LogFileHelpers: Loading map 'EclypseVillage' took 1.917
[2016.12.16-21.36.24:377][  0]LogCollectionManager: Loaded 0 collections in 0.000643 seconds
[2016.12.16-21.36.24:414][  0]LogFileCache: Scanning file cache for directory 'D:/Admin/Documents/GitHub Repositories/EclypseUE4/ProjectEclypse/Saved/Collections/' took 0.01s
[2016.12.16-21.36.24:414][  0]LogFileCache: Scanning file cache for directory 'D:/Admin/Documents/GitHub Repositories/EclypseUE4/ProjectEclypse/Content/Developers/StefanoAdmin/Collections/' took 0.01s
[2016.12.16-21.36.24:414][  0]LogFileCache: Scanning file cache for directory 'D:/Admin/Documents/GitHub Repositories/EclypseUE4/ProjectEclypse/Content/Collections/' took 0.01s
[2016.12.16-21.36.24:414][  0]LogCollectionManager: Rebuilt the GUID cache for 0 collections in 0.000002 seconds
[2016.12.16-21.36.24:421][  0]LogContentBrowser: Native class hierarchy populated in 0.0067 seconds. Added 2156 classes and 421 folders.
[2016.12.16-21.36.24:423][  0]LogStats: UGameplayTagsManager::ConstructGameplayTagTree: Construct from data asset -  0.000 s
[2016.12.16-21.36.24:423][  0]LogStats: UGameplayTagsManager::ConstructGameplayTagTree: GameplayTagTreeChangedEvent.Broadcast -  0.000 s
[2016.12.16-21.36.24:423][  0]LogContentBrowser: Native class hierarchy updated for 'GameplayTags' in 0.0003 seconds. Added 12 classes and 0 folders.
[2016.12.16-21.36.24:425][  0]LogContentBrowser: Native class hierarchy updated for 'WidgetCarousel' in 0.0003 seconds. Added 0 classes and 0 folders.
[2016.12.16-21.36.25:401][  0]LogContentBrowser: Native class hierarchy updated for 'AddContentDialog' in 0.0004 seconds. Added 0 classes and 0 folders.
[2016.12.16-21.36.25:404][  0]LogContentBrowser: Native class hierarchy updated for 'SceneOutliner' in 0.0003 seconds. Added 1 classes and 2 folders.
[2016.12.16-21.36.25:450][  0]LogCrashTracker: Crashtracker disabled due to settings.
[2016.12.16-21.36.25:454][  0]LogUObjectGlobals:Warning: Failed to find object 'Class None.'
[2016.12.16-21.36.25:479][  0]LogContentBrowser: Native class hierarchy updated for 'HierarchicalLODOutliner' in 0.0004 seconds. Added 1 classes and 2 folders.
[2016.12.16-21.36.25:479][  0]LogLoad: (Engine Initialization) Total time: 8.46 seconds
[2016.12.16-21.36.25:479][  0]LogLoad: (Engine Initialization) Total Blueprint compile time: 0.34 seconds
[2016.12.16-21.36.25:479][  0]LogExternalProfiler: Found external profiler: VSPerf
[2016.12.16-21.36.25:479][  0]LogExternalProfiler: Using external profiler: VSPerf
[2016.12.16-21.36.25:488][  0]LogWindowsTextInputMethodSystem:Display: IME system now deactivated.
[2016.12.16-21.36.25:488][  0]LogOcInput: OculusInput pre-init called
[2016.12.16-21.36.25:497][  0]LogOcInput: OculusInput is initialized. Init status 0. Runtime version: 1.10.1
[2016.12.16-21.36.25:514][  0]LogContentStreaming: Texture pool size now 1000 MB
[2016.12.16-21.36.25:648][  0]LogRenderer: Reallocating scene render targets to support 1124x620 (Frame:2).
[2016.12.16-21.36.25:797][  2]LogAssetRegistry: Asset discovery search completed in 4.9529 seconds
[2016.12.16-21.36.25:797][  2]LogCollectionManager: Rebuilt the object cache for 0 collections in 0.000001 seconds (found 0 objects)
[2016.12.16-21.36.25:797][  2]LogCollectionManager: Fixed up redirectors for 0 collections in 0.000018 seconds (updated 0 objects)
[2016.12.16-21.36.31:171][222]LogContentBrowser: Native class hierarchy updated for 'BlueprintGraph' in 0.0006 seconds. Added 112 classes and 0 folders.
[2016.12.16-21.36.58:618][499]LogEditorTransaction: Undo Move Nodes
[2016.12.16-21.38.03:144][733]Cmd: OBJ SAVEPACKAGE PACKAGE="/Game/BP/Widgets/CouncilWidget" FILE="../../../../../../Admin/Documents/GitHub Repositories/EclypseUE4/ProjectEclypse/Content/BP/Widgets/CouncilWidget.uasset" SILENT=true
[2016.12.16-21.38.03:298][733]LogSavePackage: Save=141.45ms
[2016.12.16-21.38.03:298][733]LogSavePackage: Moving '../../../../../../Admin/Documents/GitHub Repositories/EclypseUE4/ProjectEclypse/Saved/CouncilWidgetCD51B283419E8C4BE8E50285980DEE4F.tmp' to '../../../../../../Admin/Documents/GitHub Repositories/EclypseUE4/ProjectEclypse/Content/BP/Widgets/CouncilWidget.uasset'
[2016.12.16-21.38.03:302][733]LogSavePackage:Display: Finished SavePackage ../../../../../../Admin/Documents/GitHub Repositories/EclypseUE4/ProjectEclypse/Content/BP/Widgets/CouncilWidget.uasset
[2016.12.16-21.38.03:824][755]BlueprintLog: New page: Compile CouncilWidget
[2016.12.16-21.38.04:391][771]Cmd: OBJ SAVEPACKAGE PACKAGE="/Game/BP/Widgets/CouncilWidget" FILE="../../../../../../Admin/Documents/GitHub Repositories/EclypseUE4/ProjectEclypse/Content/BP/Widgets/CouncilWidget.uasset" SILENT=true
[2016.12.16-21.38.04:513][771]LogSavePackage: Save=113.61ms
[2016.12.16-21.38.04:513][771]LogSavePackage: Moving '../../../../../../Admin/Documents/GitHub Repositories/EclypseUE4/ProjectEclypse/Saved/CouncilWidget15A77B46437326A264C77E8E0EC72860.tmp' to '../../../../../../Admin/Documents/GitHub Repositories/EclypseUE4/ProjectEclypse/Content/BP/Widgets/CouncilWidget.uasset'
[2016.12.16-21.38.04:514][771]LogSavePackage:Display: Finished SavePackage ../../../../../../Admin/Documents/GitHub Repositories/EclypseUE4/ProjectEclypse/Content/BP/Widgets/CouncilWidget.uasset
[2016.12.16-21.38.24:287][101]BlueprintLog: New page: Compile CouncilWidget
[2016.12.16-21.38.24:817][117]Cmd: OBJ SAVEPACKAGE PACKAGE="/Game/BP/Widgets/CouncilWidget" FILE="../../../../../../Admin/Documents/GitHub Repositories/EclypseUE4/ProjectEclypse/Content/BP/Widgets/CouncilWidget.uasset" SILENT=true
[2016.12.16-21.38.24:929][117]LogSavePackage: Save=103.16ms
[2016.12.16-21.38.24:929][117]LogSavePackage: Moving '../../../../../../Admin/Documents/GitHub Repositories/EclypseUE4/ProjectEclypse/Saved/CouncilWidgetAA34A98243D4B40F9C59C19AEB9E5771.tmp' to '../../../../../../Admin/Documents/GitHub Repositories/EclypseUE4/ProjectEclypse/Content/BP/Widgets/CouncilWidget.uasset'
[2016.12.16-21.38.24:930][117]LogSavePackage:Display: Finished SavePackage ../../../../../../Admin/Documents/GitHub Repositories/EclypseUE4/ProjectEclypse/Content/BP/Widgets/CouncilWidget.uasset
[2016.12.16-21.39.04:740][723]Cmd: OBJ SAVEPACKAGE PACKAGE="/Game/BP/Widgets/CouncilWidget" FILE="../../../../../../Admin/Documents/GitHub Repositories/EclypseUE4/ProjectEclypse/Content/BP/Widgets/CouncilWidget.uasset" SILENT=true
[2016.12.16-21.39.04:853][723]LogSavePackage: Save=104.25ms
[2016.12.16-21.39.04:853][723]LogSavePackage: Moving '../../../../../../Admin/Documents/GitHub Repositories/EclypseUE4/ProjectEclypse/Saved/CouncilWidgetA4DD6B6E48FFAA26C891168FDC41AC68.tmp' to '../../../../../../Admin/Documents/GitHub Repositories/EclypseUE4/ProjectEclypse/Content/BP/Widgets/CouncilWidget.uasset'
[2016.12.16-21.39.04:855][723]LogSavePackage:Display: Finished SavePackage ../../../../../../Admin/Documents/GitHub Repositories/EclypseUE4/ProjectEclypse/Content/BP/Widgets/CouncilWidget.uasset
[2016.12.16-21.39.16:473][ 64]Cmd: OBJ SAVEPACKAGE PACKAGE="/Game/BP/Widgets/CouncilWidget" FILE="../../../../../../Admin/Documents/GitHub Repositories/EclypseUE4/ProjectEclypse/Content/BP/Widgets/CouncilWidget.uasset" SILENT=true
[2016.12.16-21.39.16:585][ 64]LogSavePackage: Save=103.34ms
[2016.12.16-21.39.16:585][ 64]LogSavePackage: Moving '../../../../../../Admin/Documents/GitHub Repositories/EclypseUE4/ProjectEclypse/Saved/CouncilWidget3CCCCB0D48DFD2105214A6B6C95C094A.tmp' to '../../../../../../Admin/Documents/GitHub Repositories/EclypseUE4/ProjectEclypse/Content/BP/Widgets/CouncilWidget.uasset'
[2016.12.16-21.39.16:586][ 64]LogSavePackage:Display: Finished SavePackage ../../../../../../Admin/Documents/GitHub Repositories/EclypseUE4/ProjectEclypse/Content/BP/Widgets/CouncilWidget.uasset
[2016.12.16-21.39.42:815][628]LogEditorTransaction: Undo Delete current selection
[2016.12.16-21.40.09:072][613]LogEditorTransaction: Undo Paste clipboard contents
[2016.12.16-21.40.10:453][663]LogUObjectHash:Warning: Ambiguous search, could be K2Node_DynamicCast /Game/BP/Widgets/CouncilWidget.CouncilWidget:EventGraph.K2Node_DynamicCast_408 or K2Node_DynamicCast /Game/BP/Widgets/CouncilWidget.CouncilWidget:EventGraph.K2Node_DynamicCast_408
[2016.12.16-21.40.10:453][663]LogUObjectHash:Warning: Ambiguous search, could be K2Node_CallFunction /Game/BP/Widgets/CouncilWidget.CouncilWidget:EventGraph.K2Node_CallFunction_1891 or K2Node_CallFunction /Game/BP/Widgets/CouncilWidget.CouncilWidget:EventGraph.K2Node_CallFunction_1891
[2016.12.16-21.40.10:453][663]LogUObjectHash:Warning: Ambiguous search, could be K2Node_CallFunction /Game/BP/Widgets/CouncilWidget.CouncilWidget:EventGraph.K2Node_CallFunction_1751 or K2Node_CallFunction /Game/BP/Widgets/CouncilWidget.CouncilWidget:EventGraph.K2Node_CallFunction_1751
[2016.12.16-21.40.10:453][663]LogUObjectHash:Warning: Ambiguous search, could be K2Node_VariableGet /Game/BP/Widgets/CouncilWidget.CouncilWidget:EventGraph.K2Node_VariableGet_797 or K2Node_VariableGet /Game/BP/Widgets/CouncilWidget.CouncilWidget:EventGraph.K2Node_VariableGet_797
[2016.12.16-21.40.10:453][663]LogUObjectHash:Warning: Ambiguous search, could be K2Node_CommutativeAssociativeBinaryOperator /Game/BP/Widgets/CouncilWidget.CouncilWidget:EventGraph.K2Node_CommutativeAssociativeBinaryOperator_176 or K2Node_CommutativeAssociativeBinaryOperator /Game/BP/Widgets/CouncilWidget.CouncilWidget:EventGraph.K2Node_CommutativeAssociativeBinaryOperator_176
[2016.12.16-21.40.10:453][663]LogUObjectHash:Warning: Ambiguous search, could be K2Node_IfThenElse /Game/BP/Widgets/CouncilWidget.CouncilWidget:EventGraph.K2Node_IfThenElse_281 or K2Node_IfThenElse /Game/BP/Widgets/CouncilWidget.CouncilWidget:EventGraph.K2Node_IfThenElse_281
[2016.12.16-21.40.10:453][663]LogUObjectHash:Warning: Ambiguous search, could be K2Node_CallFunction /Game/BP/Widgets/CouncilWidget.CouncilWidget:EventGraph.K2Node_CallFunction_1752 or K2Node_CallFunction /Game/BP/Widgets/CouncilWidget.CouncilWidget:EventGraph.K2Node_CallFunction_1752
[2016.12.16-21.40.10:453][663]LogUObjectHash:Warning: Ambiguous search, could be K2Node_VariableGet /Game/BP/Widgets/CouncilWidget.CouncilWidget:EventGraph.K2Node_VariableGet_740 or K2Node_VariableGet /Game/BP/Widgets/CouncilWidget.CouncilWidget:EventGraph.K2Node_VariableGet_740
[2016.12.16-21.40.10:453][663]LogUObjectHash:Warning: Ambiguous search, could be K2Node_VariableGet /Game/BP/Widgets/CouncilWidget.CouncilWidget:EventGraph.K2Node_VariableGet_741 or K2Node_VariableGet /Game/BP/Widgets/CouncilWidget.CouncilWidget:EventGraph.K2Node_VariableGet_741
[2016.12.16-21.40.10:453][663]LogUObjectHash:Warning: Ambiguous search, could be K2Node_VariableSet /Game/BP/Widgets/CouncilWidget.CouncilWidget:EventGraph.K2Node_VariableSet_316 or K2Node_VariableSet /Game/BP/Widgets/CouncilWidget.CouncilWidget:EventGraph.K2Node_VariableSet_316
[2016.12.16-21.40.10:453][663]LogUObjectHash:Warning: Ambiguous search, could be K2Node_VariableGet /Game/BP/Widgets/CouncilWidget.CouncilWidget:EventGraph.K2Node_VariableGet_156 or K2Node_VariableGet /Game/BP/Widgets/CouncilWidget.CouncilWidget:EventGraph.K2Node_VariableGet_156
[2016.12.16-21.40.10:454][663]LogUObjectHash:Warning: Ambiguous search, could be K2Node_CommutativeAssociativeBinaryOperator /Game/BP/Widgets/CouncilWidget.CouncilWidget:EventGraph.K2Node_CommutativeAssociativeBinaryOperator_52 or K2Node_CommutativeAssociativeBinaryOperator /Game/BP/Widgets/CouncilWidget.CouncilWidget:EventGraph.K2Node_CommutativeAssociativeBinaryOperator_52
[2016.12.16-21.40.10:454][663]LogUObjectHash:Warning: Ambiguous search, could be K2Node_CallFunction /Game/BP/Widgets/CouncilWidget.CouncilWidget:EventGraph.K2Node_CallFunction_469 or K2Node_CallFunction /Game/BP/Widgets/CouncilWidget.CouncilWidget:EventGraph.K2Node_CallFunction_469
[2016.12.16-21.41.08:304][310]BlueprintLog: New page: Compile CouncilWidget
[2016.12.16-21.41.08:870][326]Cmd: OBJ SAVEPACKAGE PACKAGE="/Game/BP/Widgets/CouncilWidget" FILE="../../../../../../Admin/Documents/GitHub Repositories/EclypseUE4/ProjectEclypse/Content/BP/Widgets/CouncilWidget.uasset" SILENT=true
[2016.12.16-21.41.08:987][326]LogSavePackage: Save=108.34ms
[2016.12.16-21.41.08:987][326]LogSavePackage: Moving '../../../../../../Admin/Documents/GitHub Repositories/EclypseUE4/ProjectEclypse/Saved/CouncilWidget90EFB97041F9F82907B38092195F8614.tmp' to '../../../../../../Admin/Documents/GitHub Repositories/EclypseUE4/ProjectEclypse/Content/BP/Widgets/CouncilWidget.uasset'
[2016.12.16-21.41.08:989][326]LogSavePackage:Display: Finished SavePackage ../../../../../../Admin/Documents/GitHub Repositories/EclypseUE4/ProjectEclypse/Content/BP/Widgets/CouncilWidget.uasset
[2016.12.16-21.43.57:193][909]BlueprintLog: New page: Compile CouncilWidget
[2016.12.16-21.43.57:874][930]Cmd: OBJ SAVEPACKAGE PACKAGE="/Game/BP/Widgets/CouncilWidget" FILE="../../../../../../Admin/Documents/GitHub Repositories/EclypseUE4/ProjectEclypse/Content/BP/Widgets/CouncilWidget.uasset" SILENT=true
[2016.12.16-21.43.57:999][930]LogSavePackage: Save=112.12ms
[2016.12.16-21.43.57:999][930]LogSavePackage: Moving '../../../../../../Admin/Documents/GitHub Repositories/EclypseUE4/ProjectEclypse/Saved/CouncilWidgetB59D5F934CBA4A22B355C2A792C99A54.tmp' to '../../../../../../Admin/Documents/GitHub Repositories/EclypseUE4/ProjectEclypse/Content/BP/Widgets/CouncilWidget.uasset'
[2016.12.16-21.43.58:001][930]LogSavePackage:Display: Finished SavePackage ../../../../../../Admin/Documents/GitHub Repositories/EclypseUE4/ProjectEclypse/Content/BP/Widgets/CouncilWidget.uasset
[2016.12.16-21.44.46:702][806]BlueprintLog: New page: Compile CouncilWidget
[2016.12.16-21.44.47:138][816]Cmd: OBJ SAVEPACKAGE PACKAGE="/Game/BP/Widgets/CouncilWidget" FILE="../../../../../../Admin/Documents/GitHub Repositories/EclypseUE4/ProjectEclypse/Content/BP/Widgets/CouncilWidget.uasset" SILENT=true
[2016.12.16-21.44.47:258][816]LogSavePackage: Save=111.59ms
[2016.12.16-21.44.47:258][816]LogSavePackage: Moving '../../../../../../Admin/Documents/GitHub Repositories/EclypseUE4/ProjectEclypse/Saved/CouncilWidgetF1B0936B46A39C312955F9BA4445DC41.tmp' to '../../../../../../Admin/Documents/GitHub Repositories/EclypseUE4/ProjectEclypse/Content/BP/Widgets/CouncilWidget.uasset'
[2016.12.16-21.44.47:260][816]LogSavePackage:Display: Finished SavePackage ../../../../../../Admin/Documents/GitHub Repositories/EclypseUE4/ProjectEclypse/Content/BP/Widgets/CouncilWidget.uasset
[2016.12.16-21.44.55:383][470]Cmd: OBJ SAVEPACKAGE PACKAGE="/Game/BP/Widgets/CouncilWidget" FILE="../../../../../../Admin/Documents/GitHub Repositories/EclypseUE4/ProjectEclypse/Content/BP/Widgets/CouncilWidget.uasset" SILENT=true
[2016.12.16-21.44.55:503][470]LogSavePackage: Save=111.10ms
[2016.12.16-21.44.55:503][470]LogSavePackage: Moving '../../../../../../Admin/Documents/GitHub Repositories/EclypseUE4/ProjectEclypse/Saved/CouncilWidgetD39F881A468621D0F462148491E2473E.tmp' to '../../../../../../Admin/Documents/GitHub Repositories/EclypseUE4/ProjectEclypse/Content/BP/Widgets/CouncilWidget.uasset'
[2016.12.16-21.44.55:504][470]LogSavePackage:Display: Finished SavePackage ../../../../../../Admin/Documents/GitHub Repositories/EclypseUE4/ProjectEclypse/Content/BP/Widgets/CouncilWidget.uasset
[2016.12.16-21.45.58:842][758]BlueprintLog: New page: Compile CouncilWidget
[2016.12.16-21.45.59:386][772]Cmd: OBJ SAVEPACKAGE PACKAGE="/Game/BP/Widgets/CouncilWidget" FILE="../../../../../../Admin/Documents/GitHub Repositories/EclypseUE4/ProjectEclypse/Content/BP/Widgets/CouncilWidget.uasset" SILENT=true
[2016.12.16-21.45.59:506][772]LogSavePackage: Save=111.49ms
[2016.12.16-21.45.59:506][772]LogSavePackage: Moving '../../../../../../Admin/Documents/GitHub Repositories/EclypseUE4/ProjectEclypse/Saved/CouncilWidget26B1C72841C94D505A25668CDE6F353F.tmp' to '../../../../../../Admin/Documents/GitHub Repositories/EclypseUE4/ProjectEclypse/Content/BP/Widgets/CouncilWidget.uasset'
[2016.12.16-21.45.59:507][772]LogSavePackage:Display: Finished SavePackage ../../../../../../Admin/Documents/GitHub Repositories/EclypseUE4/ProjectEclypse/Content/BP/Widgets/CouncilWidget.uasset
[2016.12.16-21.46.40:073][163]BlueprintLog: New page: Compile CouncilWidget
[2016.12.16-21.46.40:513][173]Cmd: OBJ SAVEPACKAGE PACKAGE="/Game/BP/Widgets/CouncilWidget" FILE="../../../../../../Admin/Documents/GitHub Repositories/EclypseUE4/ProjectEclypse/Content/BP/Widgets/CouncilWidget.uasset" SILENT=true
[2016.12.16-21.46.40:633][173]LogSavePackage: Save=111.92ms
[2016.12.16-21.46.40:633][173]LogSavePackage: Moving '../../../../../../Admin/Documents/GitHub Repositories/EclypseUE4/ProjectEclypse/Saved/CouncilWidgetB294694244363961C18473A5320DBB60.tmp' to '../../../../../../Admin/Documents/GitHub Repositories/EclypseUE4/ProjectEclypse/Content/BP/Widgets/CouncilWidget.uasset'
[2016.12.16-21.46.40:635][173]LogSavePackage:Display: Finished SavePackage ../../../../../../Admin/Documents/GitHub Repositories/EclypseUE4/ProjectEclypse/Content/BP/Widgets/CouncilWidget.uasset
[2016.12.16-21.46.41:328][211]LogBlueprintUserMessages: Early PlayInEditor Detection: Level '/Game/Maps/EclypseVillage.EclypseVillage:PersistentLevel' has LevelScriptBlueprint '/Game/Maps/EclypseVillage.EclypseVillage:PersistentLevel.EclypseVillage' with GeneratedClass '/Game/Maps/EclypseVillage.EclypseVillage_C' with ClassGeneratedBy '/Game/Maps/EclypseVillage.EclypseVillage:PersistentLevel.EclypseVillage'
[2016.12.16-21.46.41:328][211]LogPlayLevel: PlayLevel: No blueprints needed recompiling
[2016.12.16-21.46.41:328][211]OCULUS: Debug: [HMDState] Using default profile default
[2016.12.16-21.46.41:328][211]OCULUS: Info: IAD changed to 65.3mm
[2016.12.16-21.46.41:328][211]LogHMD: New ovr session is created
[2016.12.16-21.46.41:329][211]LogHMD: HMD Oculus Rift CV1, res = 2160 x 1200
[2016.12.16-21.46.41:351][211]PIE: New page: PIE session: EclypseVillage (17 Dec 2016 6:46:41 pm)
[2016.12.16-21.46.41:351][211]LogPlayLevel: Creating play world package: /Game/Maps/UEDPIE_0_EclypseVillage
[2016.12.16-21.46.41:359][211]LogPlayLevel: PIE: StaticDuplicateObject took: (0.007960s)
[2016.12.16-21.46.41:360][211]LogAIModule: Creating AISystem for world EclypseVillage
[2016.12.16-21.46.41:360][211]LogPlayLevel: PIE: World Init took: (0.000779s)
[2016.12.16-21.46.41:360][211]LogPlayLevel: PIE: Created PIE world by copying editor world from /Game/Maps/EclypseVillage.EclypseVillage to /Game/Maps/UEDPIE_0_EclypseVillage.EclypseVillage (0.008959s)
[2016.12.16-21.46.41:380][211]OCULUS: Error: Prediction interval too high: 130601.819203 s, clamping at 0.100000 s
[2016.12.16-21.46.41:380][211]OCULUS: Error: Prediction interval too high: 127433.714651 s, clamping at 0.100000 s
[2016.12.16-21.46.41:380][211]LogInit: XAudio2 using 'Speakers (Realtek High Definition Audio)' : 8 channels at 48 kHz using 32 bits per sample (channel mask 0x63f)
[2016.12.16-21.46.41:415][211]LogInit: FAudioDevice initialized.
[2016.12.16-21.46.41:470][211]LogWorld: Game class is 'GameManager_C'
[2016.12.16-21.46.41:473][211]LogWorld: Bringing World /Game/Maps/UEDPIE_0_EclypseVillage.EclypseVillage up for play (max tick rate 0) at 2016.12.17-08.46.41
[2016.12.16-21.46.41:473][211]LogWorld: Bringing up level for play took: 0.002073
[2016.12.16-21.46.41:476][211]LogContentBrowser: Native class hierarchy updated for 'MovieSceneCapture' in 0.0004 seconds. Added 11 classes and 0 folders.
[2016.12.16-21.46.41:476][211]LogGameMode:Display: Match State Changed from EnteringMap to WaitingToStart
[2016.12.16-21.46.41:476][211]LogGameState: Match State Changed from EnteringMap to WaitingToStart
[2016.12.16-21.46.41:476][211]LogGameMode:Display: Match State Changed from WaitingToStart to InProgress
[2016.12.16-21.46.41:482][211]LogGameState: Match State Changed from WaitingToStart to InProgress
[2016.12.16-21.46.41:489][211]PIE: Info Play in editor start time for /Game/Maps/UEDPIE_0_EclypseVillage -0.628
[2016.12.16-21.46.41:489][211]LogBlueprintUserMessages: Late PlayInEditor Detection: Level '/Game/Maps/EclypseVillage.EclypseVillage:PersistentLevel' has LevelScriptBlueprint '/Game/Maps/EclypseVillage.EclypseVillage:PersistentLevel.EclypseVillage' with GeneratedClass '/Game/Maps/EclypseVillage.EclypseVillage_C' with ClassGeneratedBy '/Game/Maps/EclypseVillage.EclypseVillage:PersistentLevel.EclypseVillage'
[2016.12.16-21.46.41:513][211]LogRenderer: Reallocating scene render targets to support 1292x756 (Frame:7).
[2016.12.16-21.46.53:322][660]LogBlueprintUserMessages: Early EndPlayMap Detection: Level '/Game/Maps/EclypseVillage.EclypseVillage:PersistentLevel' has LevelScriptBlueprint '/Game/Maps/EclypseVillage.EclypseVillage:PersistentLevel.EclypseVillage' with GeneratedClass '/Game/Maps/EclypseVillage.EclypseVillage_C' with ClassGeneratedBy '/Game/Maps/EclypseVillage.EclypseVillage:PersistentLevel.EclypseVillage'
[2016.12.16-21.46.53:322][660]LogHMD: Destroying ovr session
[2016.12.16-21.46.53:349][660]LogBlueprintUserMessages: Late EndPlayMap Detection: Level '/Game/Maps/EclypseVillage.EclypseVillage:PersistentLevel' has LevelScriptBlueprint '/Game/Maps/EclypseVillage.EclypseVillage:PersistentLevel.EclypseVillage' with GeneratedClass '/Game/Maps/EclypseVillage.EclypseVillage_C' with ClassGeneratedBy '/Game/Maps/EclypseVillage.EclypseVillage:PersistentLevel.EclypseVillage'
[2016.12.16-21.47.19:852][686]LogBlueprintUserMessages: Early PlayInEditor Detection: Level '/Game/Maps/EclypseVillage.EclypseVillage:PersistentLevel' has LevelScriptBlueprint '/Game/Maps/EclypseVillage.EclypseVillage:PersistentLevel.EclypseVillage' with GeneratedClass '/Game/Maps/EclypseVillage.EclypseVillage_C' with ClassGeneratedBy '/Game/Maps/EclypseVillage.EclypseVillage:PersistentLevel.EclypseVillage'
[2016.12.16-21.47.19:852][686]LogPlayLevel: PlayLevel: No blueprints needed recompiling
[2016.12.16-21.47.19:852][686]OCULUS: Debug: [HMDState] Using default profile default
[2016.12.16-21.47.19:852][686]OCULUS: Info: IAD changed to 65.3mm
[2016.12.16-21.47.19:852][686]LogHMD: New ovr session is created
[2016.12.16-21.47.19:853][686]LogHMD: HMD Oculus Rift CV1, res = 2160 x 1200
[2016.12.16-21.47.19:853][686]PIE: New page: PIE session: EclypseVillage (17 Dec 2016 6:47:19 pm)
[2016.12.16-21.47.19:853][686]LogPlayLevel: Creating play world package: /Game/Maps/UEDPIE_0_EclypseVillage
[2016.12.16-21.47.19:862][686]LogPlayLevel: PIE: StaticDuplicateObject took: (0.008939s)
[2016.12.16-21.47.19:862][686]LogAIModule: Creating AISystem for world EclypseVillage
[2016.12.16-21.47.19:862][686]LogPlayLevel: PIE: World Init took: (0.000619s)
[2016.12.16-21.47.19:862][686]LogPlayLevel: PIE: Created PIE world by copying editor world from /Game/Maps/EclypseVillage.EclypseVillage to /Game/Maps/UEDPIE_0_EclypseVillage.EclypseVillage (0.009724s)
[2016.12.16-21.47.19:881][686]LogInit: XAudio2 using 'Speakers (Realtek High Definition Audio)' : 8 channels at 48 kHz using 32 bits per sample (channel mask 0x63f)
[2016.12.16-21.47.19:910][686]LogInit: FAudioDevice initialized.
[2016.12.16-21.47.19:945][686]LogWorld: Game class is 'GameManager_C'
[2016.12.16-21.47.19:947][686]LogWorld: Bringing World /Game/Maps/UEDPIE_0_EclypseVillage.EclypseVillage up for play (max tick rate 0) at 2016.12.17-08.47.19
[2016.12.16-21.47.19:948][686]LogWorld: Bringing up level for play took: 0.002034
[2016.12.16-21.47.19:948][686]LogGameMode:Display: Match State Changed from EnteringMap to WaitingToStart
[2016.12.16-21.47.19:948][686]LogGameState: Match State Changed from EnteringMap to WaitingToStart
[2016.12.16-21.47.19:948][686]LogGameMode:Display: Match State Changed from WaitingToStart to InProgress
[2016.12.16-21.47.19:952][686]LogGameState: Match State Changed from WaitingToStart to InProgress
[2016.12.16-21.47.19:953][686]PIE: Info Play in editor start time for /Game/Maps/UEDPIE_0_EclypseVillage -0.164
[2016.12.16-21.47.19:953][686]LogBlueprintUserMessages: Late PlayInEditor Detection: Level '/Game/Maps/EclypseVillage.EclypseVillage:PersistentLevel' has LevelScriptBlueprint '/Game/Maps/EclypseVillage.EclypseVillage:PersistentLevel.EclypseVillage' with GeneratedClass '/Game/Maps/EclypseVillage.EclypseVillage_C' with ClassGeneratedBy '/Game/Maps/EclypseVillage.EclypseVillage:PersistentLevel.EclypseVillage'
[2016.12.16-21.47.41:260][512]LogBlueprintUserMessages: Early EndPlayMap Detection: Level '/Game/Maps/EclypseVillage.EclypseVillage:PersistentLevel' has LevelScriptBlueprint '/Game/Maps/EclypseVillage.EclypseVillage:PersistentLevel.EclypseVillage' with GeneratedClass '/Game/Maps/EclypseVillage.EclypseVillage_C' with ClassGeneratedBy '/Game/Maps/EclypseVillage.EclypseVillage:PersistentLevel.EclypseVillage'
[2016.12.16-21.47.41:260][512]LogHMD: Destroying ovr session
[2016.12.16-21.47.41:287][512]LogBlueprintUserMessages: Late EndPlayMap Detection: Level '/Game/Maps/EclypseVillage.EclypseVillage:PersistentLevel' has LevelScriptBlueprint '/Game/Maps/EclypseVillage.EclypseVillage:PersistentLevel.EclypseVillage' with GeneratedClass '/Game/Maps/EclypseVillage.EclypseVillage_C' with ClassGeneratedBy '/Game/Maps/EclypseVillage.EclypseVillage:PersistentLevel.EclypseVillage'
[2016.12.16-21.48.33:395][249]LogEditorTransaction: Undo Resize Widget
[2016.12.16-21.48.37:001][404]BlueprintLog: New page: Compile CouncilWidget
[2016.12.16-21.48.37:577][419]Cmd: OBJ SAVEPACKAGE PACKAGE="/Game/BP/Widgets/CouncilWidget" FILE="../../../../../../Admin/Documents/GitHub Repositories/EclypseUE4/ProjectEclypse/Content/BP/Widgets/CouncilWidget.uasset" SILENT=true
[2016.12.16-21.48.37:719][419]LogSavePackage: Save=116.07ms
[2016.12.16-21.48.37:719][419]LogSavePackage: Moving '../../../../../../Admin/Documents/GitHub Repositories/EclypseUE4/ProjectEclypse/Saved/CouncilWidgetB5E6EFC14457470C449822800EE554E8.tmp' to '../../../../../../Admin/Documents/GitHub Repositories/EclypseUE4/ProjectEclypse/Content/BP/Widgets/CouncilWidget.uasset'
[2016.12.16-21.48.37:720][419]LogSavePackage:Display: Finished SavePackage ../../../../../../Admin/Documents/GitHub Repositories/EclypseUE4/ProjectEclypse/Content/BP/Widgets/CouncilWidget.uasset
[2016.12.16-21.48.41:958][872]LogBlueprintUserMessages: Early PlayInEditor Detection: Level '/Game/Maps/EclypseVillage.EclypseVillage:PersistentLevel' has LevelScriptBlueprint '/Game/Maps/EclypseVillage.EclypseVillage:PersistentLevel.EclypseVillage' with GeneratedClass '/Game/Maps/EclypseVillage.EclypseVillage_C' with ClassGeneratedBy '/Game/Maps/EclypseVillage.EclypseVillage:PersistentLevel.EclypseVillage'
[2016.12.16-21.48.41:958][872]LogPlayLevel: PlayLevel: No blueprints needed recompiling
[2016.12.16-21.48.41:958][872]OCULUS: Debug: [HMDState] Using default profile default
[2016.12.16-21.48.41:958][872]OCULUS: Info: IAD changed to 65.3mm
[2016.12.16-21.48.41:958][872]LogHMD: New ovr session is created
[2016.12.16-21.48.41:970][872]LogHMD: HMD Oculus Rift CV1, res = 2160 x 1200
[2016.12.16-21.48.41:971][872]PIE: New page: PIE session: EclypseVillage (17 Dec 2016 6:48:41 pm)
[2016.12.16-21.48.41:971][872]LogPlayLevel: Creating play world package: /Game/Maps/UEDPIE_0_EclypseVillage
[2016.12.16-21.48.41:978][872]LogPlayLevel: PIE: StaticDuplicateObject took: (0.007014s)
[2016.12.16-21.48.41:978][872]LogAIModule: Creating AISystem for world EclypseVillage
[2016.12.16-21.48.41:979][872]LogPlayLevel: PIE: World Init took: (0.000782s)
[2016.12.16-21.48.41:979][872]LogPlayLevel: PIE: Created PIE world by copying editor world from /Game/Maps/EclypseVillage.EclypseVillage to /Game/Maps/UEDPIE_0_EclypseVillage.EclypseVillage (0.008015s)
[2016.12.16-21.48.42:000][872]LogInit: XAudio2 using 'Speakers (Realtek High Definition Audio)' : 8 channels at 48 kHz using 32 bits per sample (channel mask 0x63f)
[2016.12.16-21.48.42:030][872]LogInit: FAudioDevice initialized.
[2016.12.16-21.48.42:066][872]LogWorld: Game class is 'GameManager_C'
[2016.12.16-21.48.42:069][872]LogWorld: Bringing World /Game/Maps/UEDPIE_0_EclypseVillage.EclypseVillage up for play (max tick rate 0) at 2016.12.17-08.48.42
[2016.12.16-21.48.42:069][872]LogWorld: Bringing up level for play took: 0.002041
[2016.12.16-21.48.42:070][872]LogGameMode:Display: Match State Changed from EnteringMap to WaitingToStart
[2016.12.16-21.48.42:070][872]LogGameState: Match State Changed from EnteringMap to WaitingToStart
[2016.12.16-21.48.42:070][872]LogGameMode:Display: Match State Changed from WaitingToStart to InProgress
[2016.12.16-21.48.42:073][872]LogGameState: Match State Changed from WaitingToStart to InProgress
[2016.12.16-21.48.42:075][872]PIE: Info Play in editor start time for /Game/Maps/UEDPIE_0_EclypseVillage -0.042
[2016.12.16-21.48.42:076][872]LogBlueprintUserMessages: Late PlayInEditor Detection: Level '/Game/Maps/EclypseVillage.EclypseVillage:PersistentLevel' has LevelScriptBlueprint '/Game/Maps/EclypseVillage.EclypseVillage:PersistentLevel.EclypseVillage' with GeneratedClass '/Game/Maps/EclypseVillage.EclypseVillage_C' with ClassGeneratedBy '/Game/Maps/EclypseVillage.EclypseVillage:PersistentLevel.EclypseVillage'
[2016.12.16-21.48.48:581][118]LogBlueprintUserMessages: Early EndPlayMap Detection: Level '/Game/Maps/EclypseVillage.EclypseVillage:PersistentLevel' has LevelScriptBlueprint '/Game/Maps/EclypseVillage.EclypseVillage:PersistentLevel.EclypseVillage' with GeneratedClass '/Game/Maps/EclypseVillage.EclypseVillage_C' with ClassGeneratedBy '/Game/Maps/EclypseVillage.EclypseVillage:PersistentLevel.EclypseVillage'
[2016.12.16-21.48.48:581][118]LogHMD: Destroying ovr session
[2016.12.16-21.48.48:608][118]LogBlueprintUserMessages: Late EndPlayMap Detection: Level '/Game/Maps/EclypseVillage.EclypseVillage:PersistentLevel' has LevelScriptBlueprint '/Game/Maps/EclypseVillage.EclypseVillage:PersistentLevel.EclypseVillage' with GeneratedClass '/Game/Maps/EclypseVillage.EclypseVillage_C' with ClassGeneratedBy '/Game/Maps/EclypseVillage.EclypseVillage:PersistentLevel.EclypseVillage'
[2016.12.16-21.50.04:287][901]BlueprintLog: New page: Compile CouncilWidget
[2016.12.16-21.50.04:741][913]Cmd: OBJ SAVEPACKAGE PACKAGE="/Game/BP/Widgets/CouncilWidget" FILE="../../../../../../Admin/Documents/GitHub Repositories/EclypseUE4/ProjectEclypse/Content/BP/Widgets/CouncilWidget.uasset" SILENT=true
[2016.12.16-21.50.04:874][913]LogSavePackage: Save=121.42ms
[2016.12.16-21.50.04:874][913]LogSavePackage: Moving '../../../../../../Admin/Documents/GitHub Repositories/EclypseUE4/ProjectEclypse/Saved/CouncilWidget9EC5ABEA4EC927BAF120A19777792BEA.tmp' to '../../../../../../Admin/Documents/GitHub Repositories/EclypseUE4/ProjectEclypse/Content/BP/Widgets/CouncilWidget.uasset'
[2016.12.16-21.50.04:876][913]LogSavePackage:Display: Finished SavePackage ../../../../../../Admin/Documents/GitHub Repositories/EclypseUE4/ProjectEclypse/Content/BP/Widgets/CouncilWidget.uasset
[2016.12.16-21.52.12:089][679]BlueprintLog: New page: Compile CouncilWidget
[2016.12.16-21.52.12:588][691]Cmd: OBJ SAVEPACKAGE PACKAGE="/Game/BP/Widgets/CouncilWidget" FILE="../../../../../../Admin/Documents/GitHub Repositories/EclypseUE4/ProjectEclypse/Content/BP/Widgets/CouncilWidget.uasset" SILENT=true
[2016.12.16-21.52.12:718][691]LogSavePackage: Save=121.76ms
[2016.12.16-21.52.12:718][691]LogSavePackage: Moving '../../../../../../Admin/Documents/GitHub Repositories/EclypseUE4/ProjectEclypse/Saved/CouncilWidgetC1A08861493FC17E34A48D860F0CD9A8.tmp' to '../../../../../../Admin/Documents/GitHub Repositories/EclypseUE4/ProjectEclypse/Content/BP/Widgets/CouncilWidget.uasset'
[2016.12.16-21.52.12:720][691]LogSavePackage:Display: Finished SavePackage ../../../../../../Admin/Documents/GitHub Repositories/EclypseUE4/ProjectEclypse/Content/BP/Widgets/CouncilWidget.uasset
[2016.12.16-21.52.44:018][510]BlueprintLog: New page: Compile CouncilWidget
[2016.12.16-21.52.44:539][523]Cmd: OBJ SAVEPACKAGE PACKAGE="/Game/BP/Widgets/CouncilWidget" FILE="../../../../../../Admin/Documents/GitHub Repositories/EclypseUE4/ProjectEclypse/Content/BP/Widgets/CouncilWidget.uasset" SILENT=true
[2016.12.16-21.52.44:669][523]LogSavePackage: Save=121.63ms
[2016.12.16-21.52.44:669][523]LogSavePackage: Moving '../../../../../../Admin/Documents/GitHub Repositories/EclypseUE4/ProjectEclypse/Saved/CouncilWidget8D0E2C944E0EFB8EE52AEE967BF7BC5B.tmp' to '../../../../../../Admin/Documents/GitHub Repositories/EclypseUE4/ProjectEclypse/Content/BP/Widgets/CouncilWidget.uasset'
[2016.12.16-21.52.44:671][523]LogSavePackage:Display: Finished SavePackage ../../../../../../Admin/Documents/GitHub Repositories/EclypseUE4/ProjectEclypse/Content/BP/Widgets/CouncilWidget.uasset
[2016.12.16-21.52.52:291][302]Cmd: OBJ SAVEPACKAGE PACKAGE="/Game/BP/Widgets/CouncilWidget" FILE="../../../../../../Admin/Documents/GitHub Repositories/EclypseUE4/ProjectEclypse/Content/BP/Widgets/CouncilWidget.uasset" SILENT=true
[2016.12.16-21.52.52:422][302]LogSavePackage: Save=121.84ms
[2016.12.16-21.52.52:422][302]LogSavePackage: Moving '../../../../../../Admin/Documents/GitHub Repositories/EclypseUE4/ProjectEclypse/Saved/CouncilWidget868E050F48DC6D355E2EE0BD7CEDCB64.tmp' to '../../../../../../Admin/Documents/GitHub Repositories/EclypseUE4/ProjectEclypse/Content/BP/Widgets/CouncilWidget.uasset'
[2016.12.16-21.52.52:423][302]LogSavePackage:Display: Finished SavePackage ../../../../../../Admin/Documents/GitHub Repositories/EclypseUE4/ProjectEclypse/Content/BP/Widgets/CouncilWidget.uasset
[2016.12.16-21.52.55:816][531]Cmd: OBJ SAVEPACKAGE PACKAGE="/Game/BP/Widgets/CouncilWidget" FILE="../../../../../../Admin/Documents/GitHub Repositories/EclypseUE4/ProjectEclypse/Content/BP/Widgets/CouncilWidget.uasset" SILENT=true
[2016.12.16-21.52.55:946][531]LogSavePackage: Save=121.48ms
[2016.12.16-21.52.55:946][531]LogSavePackage: Moving '../../../../../../Admin/Documents/GitHub Repositories/EclypseUE4/ProjectEclypse/Saved/CouncilWidget7D6054D6464C797E7A9C6BA2DE7F630D.tmp' to '../../../../../../Admin/Documents/GitHub Repositories/EclypseUE4/ProjectEclypse/Content/BP/Widgets/CouncilWidget.uasset'
[2016.12.16-21.52.55:947][531]LogSavePackage:Display: Finished SavePackage ../../../../../../Admin/Documents/GitHub Repositories/EclypseUE4/ProjectEclypse/Content/BP/Widgets/CouncilWidget.uasset
[2016.12.16-21.53.01:428][923]Cmd: OBJ SAVEPACKAGE PACKAGE="/Game/BP/Widgets/CouncilWidget" FILE="../../../../../../Admin/Documents/GitHub Repositories/EclypseUE4/ProjectEclypse/Content/BP/Widgets/CouncilWidget.uasset" SILENT=true
[2016.12.16-21.53.01:558][923]LogSavePackage: Save=121.73ms
[2016.12.16-21.53.01:558][923]LogSavePackage: Moving '../../../../../../Admin/Documents/GitHub Repositories/EclypseUE4/ProjectEclypse/Saved/CouncilWidgetF475F122438230D0038EE4B39CE90323.tmp' to '../../../../../../Admin/Documents/GitHub Repositories/EclypseUE4/ProjectEclypse/Content/BP/Widgets/CouncilWidget.uasset'
[2016.12.16-21.53.01:559][923]LogSavePackage:Display: Finished SavePackage ../../../../../../Admin/Documents/GitHub Repositories/EclypseUE4/ProjectEclypse/Content/BP/Widgets/CouncilWidget.uasset
[2016.12.16-21.53.05:112][260]LogBlueprintUserMessages: Early PlayInEditor Detection: Level '/Game/Maps/EclypseVillage.EclypseVillage:PersistentLevel' has LevelScriptBlueprint '/Game/Maps/EclypseVillage.EclypseVillage:PersistentLevel.EclypseVillage' with GeneratedClass '/Game/Maps/EclypseVillage.EclypseVillage_C' with ClassGeneratedBy '/Game/Maps/EclypseVillage.EclypseVillage:PersistentLevel.EclypseVillage'
[2016.12.16-21.53.05:112][260]LogPlayLevel: PlayLevel: No blueprints needed recompiling
[2016.12.16-21.53.05:113][260]OCULUS: Debug: [HMDState] Using default profile default
[2016.12.16-21.53.05:113][260]OCULUS: Info: IAD changed to 65.3mm
[2016.12.16-21.53.05:113][260]LogHMD: New ovr session is created
[2016.12.16-21.53.05:113][260]LogHMD: HMD Oculus Rift CV1, res = 2160 x 1200
[2016.12.16-21.53.05:113][260]PIE: New page: PIE session: EclypseVillage (17 Dec 2016 6:53:05 pm)
[2016.12.16-21.53.05:113][260]LogPlayLevel: Creating play world package: /Game/Maps/UEDPIE_0_EclypseVillage
[2016.12.16-21.53.05:121][260]LogPlayLevel: PIE: StaticDuplicateObject took: (0.007796s)
[2016.12.16-21.53.05:122][260]LogAIModule: Creating AISystem for world EclypseVillage
[2016.12.16-21.53.05:122][260]LogPlayLevel: PIE: World Init took: (0.000734s)
[2016.12.16-21.53.05:122][260]LogPlayLevel: PIE: Created PIE world by copying editor world from /Game/Maps/EclypseVillage.EclypseVillage to /Game/Maps/UEDPIE_0_EclypseVillage.EclypseVillage (0.008737s)
[2016.12.16-21.53.05:145][260]LogInit: XAudio2 using 'Speakers (Realtek High Definition Audio)' : 8 channels at 48 kHz using 32 bits per sample (channel mask 0x63f)
[2016.12.16-21.53.05:175][260]LogInit: FAudioDevice initialized.
[2016.12.16-21.53.05:261][260]LogWorld: Game class is 'GameManager_C'
[2016.12.16-21.53.05:263][260]LogWorld: Bringing World /Game/Maps/UEDPIE_0_EclypseVillage.EclypseVillage up for play (max tick rate 0) at 2016.12.17-08.53.05
[2016.12.16-21.53.05:264][260]LogWorld: Bringing up level for play took: 0.001667
[2016.12.16-21.53.05:264][260]LogGameMode:Display: Match State Changed from EnteringMap to WaitingToStart
[2016.12.16-21.53.05:264][260]LogGameState: Match State Changed from EnteringMap to WaitingToStart
[2016.12.16-21.53.05:264][260]LogGameMode:Display: Match State Changed from WaitingToStart to InProgress
[2016.12.16-21.53.05:268][260]LogGameState: Match State Changed from WaitingToStart to InProgress
[2016.12.16-21.53.05:268][260]PIE: Info Play in editor start time for /Game/Maps/UEDPIE_0_EclypseVillage 1.151
[2016.12.16-21.53.05:268][260]LogBlueprintUserMessages: Late PlayInEditor Detection: Level '/Game/Maps/EclypseVillage.EclypseVillage:PersistentLevel' has LevelScriptBlueprint '/Game/Maps/EclypseVillage.EclypseVillage:PersistentLevel.EclypseVillage' with GeneratedClass '/Game/Maps/EclypseVillage.EclypseVillage_C' with ClassGeneratedBy '/Game/Maps/EclypseVillage.EclypseVillage:PersistentLevel.EclypseVillage'
[2016.12.16-21.53.16:455][305]LogBlueprintUserMessages: Early EndPlayMap Detection: Level '/Game/Maps/EclypseVillage.EclypseVillage:PersistentLevel' has LevelScriptBlueprint '/Game/Maps/EclypseVillage.EclypseVillage:PersistentLevel.EclypseVillage' with GeneratedClass '/Game/Maps/EclypseVillage.EclypseVillage_C' with ClassGeneratedBy '/Game/Maps/EclypseVillage.EclypseVillage:PersistentLevel.EclypseVillage'
[2016.12.16-21.53.16:478][305]LogHMD: Destroying ovr session
[2016.12.16-21.53.16:554][305]LogBlueprintUserMessages: Late EndPlayMap Detection: Level '/Game/Maps/EclypseVillage.EclypseVillage:PersistentLevel' has LevelScriptBlueprint '/Game/Maps/EclypseVillage.EclypseVillage:PersistentLevel.EclypseVillage' with GeneratedClass '/Game/Maps/EclypseVillage.EclypseVillage_C' with ClassGeneratedBy '/Game/Maps/EclypseVillage.EclypseVillage:PersistentLevel.EclypseVillage'
[2016.12.16-21.54.29:757][821]BlueprintLog: New page: Compile CouncilWidget
[2016.12.16-21.54.30:304][835]Cmd: OBJ SAVEPACKAGE PACKAGE="/Game/BP/Widgets/CouncilWidget" FILE="../../../../../../Admin/Documents/GitHub Repositories/EclypseUE4/ProjectEclypse/Content/BP/Widgets/CouncilWidget.uasset" SILENT=true
[2016.12.16-21.54.30:435][835]LogSavePackage: Save=122.20ms
[2016.12.16-21.54.30:435][835]LogSavePackage: Moving '../../../../../../Admin/Documents/GitHub Repositories/EclypseUE4/ProjectEclypse/Saved/CouncilWidgetD717184B4B8065A08DD324B62E08A971.tmp' to '../../../../../../Admin/Documents/GitHub Repositories/EclypseUE4/ProjectEclypse/Content/BP/Widgets/CouncilWidget.uasset'
[2016.12.16-21.54.30:437][835]LogSavePackage:Display: Finished SavePackage ../../../../../../Admin/Documents/GitHub Repositories/EclypseUE4/ProjectEclypse/Content/BP/Widgets/CouncilWidget.uasset
[2016.12.16-21.59.33:964][955]Cmd: OBJ SAVEPACKAGE PACKAGE="/Game/BP/Widgets/CouncilWidget" FILE="../../../../../../Admin/Documents/GitHub Repositories/EclypseUE4/ProjectEclypse/Content/BP/Widgets/CouncilWidget.uasset" SILENT=true
[2016.12.16-21.59.34:299][955]LogSavePackage: Save=320.49ms
[2016.12.16-21.59.34:299][955]LogSavePackage: Moving '../../../../../../Admin/Documents/GitHub Repositories/EclypseUE4/ProjectEclypse/Saved/CouncilWidget91F38642414242B2E14931BC455A570E.tmp' to '../../../../../../Admin/Documents/GitHub Repositories/EclypseUE4/ProjectEclypse/Content/BP/Widgets/CouncilWidget.uasset'
[2016.12.16-21.59.34:300][955]LogSavePackage:Display: Finished SavePackage ../../../../../../Admin/Documents/GitHub Repositories/EclypseUE4/ProjectEclypse/Content/BP/Widgets/CouncilWidget.uasset
[2016.12.16-21.59.37:145][204]LogEditorViewport: Clicking on Actor (LMB): Tavern_C (Tavern)
[2016.12.16-22.00.05:263][771]LogEditorTransaction: Undo Add Widget
[2016.12.16-22.00.30:101][903]BlueprintLog: New page: Compile FarmsteadWidget
[2016.12.16-22.00.31:172][962]Cmd: OBJ SAVEPACKAGE PACKAGE="/Game/BP/Widgets/FarmsteadWidget" FILE="../../../../../../Admin/Documents/GitHub Repositories/EclypseUE4/ProjectEclypse/Content/BP/Widgets/FarmsteadWidget.uasset" SILENT=true
[2016.12.16-22.00.31:202][962]LogSavePackage: Save=18.74ms
[2016.12.16-22.00.31:202][962]LogSavePackage: Moving '../../../../../../Admin/Documents/GitHub Repositories/EclypseUE4/ProjectEclypse/Saved/FarmsteadWidget2B664E7A4887E6212393CEBCA33753DF.tmp' to '../../../../../../Admin/Documents/GitHub Repositories/EclypseUE4/ProjectEclypse/Content/BP/Widgets/FarmsteadWidget.uasset'
[2016.12.16-22.00.31:221][962]LogSavePackage:Display: Finished SavePackage ../../../../../../Admin/Documents/GitHub Repositories/EclypseUE4/ProjectEclypse/Content/BP/Widgets/FarmsteadWidget.uasset
[2016.12.16-22.02.10:873][635]BlueprintLog: New page: Compile FarmsteadWidget
[2016.12.16-22.02.11:018][635]BlueprintEditorCompileResults: Info The execution path doesn't end with a return node.  CastFailed
[2016.12.16-22.02.11:267][644]Cmd: OBJ SAVEPACKAGE PACKAGE="/Game/BP/Widgets/FarmsteadWidget" FILE="../../../../../../Admin/Documents/GitHub Repositories/EclypseUE4/ProjectEclypse/Content/BP/Widgets/FarmsteadWidget.uasset" SILENT=true
[2016.12.16-22.02.11:293][644]LogSavePackage: Save=16.92ms
[2016.12.16-22.02.11:293][644]LogSavePackage: Moving '../../../../../../Admin/Documents/GitHub Repositories/EclypseUE4/ProjectEclypse/Saved/FarmsteadWidgetC9F1091B476B37BCD7817EA33AF5F68B.tmp' to '../../../../../../Admin/Documents/GitHub Repositories/EclypseUE4/ProjectEclypse/Content/BP/Widgets/FarmsteadWidget.uasset'
[2016.12.16-22.02.11:294][644]LogSavePackage:Display: Finished SavePackage ../../../../../../Admin/Documents/GitHub Repositories/EclypseUE4/ProjectEclypse/Content/BP/Widgets/FarmsteadWidget.uasset
[2016.12.16-22.02.12:005][678]LogBlueprintUserMessages: Early PlayInEditor Detection: Level '/Game/Maps/EclypseVillage.EclypseVillage:PersistentLevel' has LevelScriptBlueprint '/Game/Maps/EclypseVillage.EclypseVillage:PersistentLevel.EclypseVillage' with GeneratedClass '/Game/Maps/EclypseVillage.EclypseVillage_C' with ClassGeneratedBy '/Game/Maps/EclypseVillage.EclypseVillage:PersistentLevel.EclypseVillage'
[2016.12.16-22.02.12:005][678]LogPlayLevel: PlayLevel: No blueprints needed recompiling
[2016.12.16-22.02.12:006][678]OCULUS: Debug: [HMDState] Using default profile default
[2016.12.16-22.02.12:006][678]OCULUS: Info: IAD changed to 65.3mm
[2016.12.16-22.02.12:006][678]LogHMD: New ovr session is created
[2016.12.16-22.02.12:006][678]LogHMD: HMD Oculus Rift CV1, res = 2160 x 1200
[2016.12.16-22.02.12:006][678]PIE: New page: PIE session: EclypseVillage (17 Dec 2016 7:02:12 pm)
[2016.12.16-22.02.12:006][678]LogPlayLevel: Creating play world package: /Game/Maps/UEDPIE_0_EclypseVillage
[2016.12.16-22.02.12:012][678]LogPlayLevel: PIE: StaticDuplicateObject took: (0.006459s)
[2016.12.16-22.02.12:013][678]LogAIModule: Creating AISystem for world EclypseVillage
[2016.12.16-22.02.12:013][678]LogPlayLevel: PIE: World Init took: (0.000598s)
[2016.12.16-22.02.12:013][678]LogPlayLevel: PIE: Created PIE world by copying editor world from /Game/Maps/EclypseVillage.EclypseVillage to /Game/Maps/UEDPIE_0_EclypseVillage.EclypseVillage (0.007221s)
[2016.12.16-22.02.12:034][678]LogInit: XAudio2 using 'Speakers (Realtek High Definition Audio)' : 8 channels at 48 kHz using 32 bits per sample (channel mask 0x63f)
[2016.12.16-22.02.12:064][678]LogInit: FAudioDevice initialized.
[2016.12.16-22.02.12:097][678]LogWorld: Game class is 'GameManager_C'
[2016.12.16-22.02.12:099][678]LogWorld: Bringing World /Game/Maps/UEDPIE_0_EclypseVillage.EclypseVillage up for play (max tick rate 0) at 2016.12.17-09.02.12
[2016.12.16-22.02.12:100][678]LogWorld: Bringing up level for play took: 0.001956
[2016.12.16-22.02.12:100][678]LogGameMode:Display: Match State Changed from EnteringMap to WaitingToStart
[2016.12.16-22.02.12:100][678]LogGameState: Match State Changed from EnteringMap to WaitingToStart
[2016.12.16-22.02.12:100][678]LogGameMode:Display: Match State Changed from WaitingToStart to InProgress
[2016.12.16-22.02.12:104][678]LogGameState: Match State Changed from WaitingToStart to InProgress
[2016.12.16-22.02.12:105][678]PIE: Info Play in editor start time for /Game/Maps/UEDPIE_0_EclypseVillage -0.012
[2016.12.16-22.02.12:106][678]LogBlueprintUserMessages: Late PlayInEditor Detection: Level '/Game/Maps/EclypseVillage.EclypseVillage:PersistentLevel' has LevelScriptBlueprint '/Game/Maps/EclypseVillage.EclypseVillage:PersistentLevel.EclypseVillage' with GeneratedClass '/Game/Maps/EclypseVillage.EclypseVillage_C' with ClassGeneratedBy '/Game/Maps/EclypseVillage.EclypseVillage:PersistentLevel.EclypseVillage'
[2016.12.16-22.02.17:280][878]LogBlueprintUserMessages: Early EndPlayMap Detection: Level '/Game/Maps/EclypseVillage.EclypseVillage:PersistentLevel' has LevelScriptBlueprint '/Game/Maps/EclypseVillage.EclypseVillage:PersistentLevel.EclypseVillage' with GeneratedClass '/Game/Maps/EclypseVillage.EclypseVillage_C' with ClassGeneratedBy '/Game/Maps/EclypseVillage.EclypseVillage:PersistentLevel.EclypseVillage'
[2016.12.16-22.02.17:280][878]LogHMD: Destroying ovr session
[2016.12.16-22.02.17:322][878]LogBlueprintUserMessages: Late EndPlayMap Detection: Level '/Game/Maps/EclypseVillage.EclypseVillage:PersistentLevel' has LevelScriptBlueprint '/Game/Maps/EclypseVillage.EclypseVillage:PersistentLevel.EclypseVillage' with GeneratedClass '/Game/Maps/EclypseVillage.EclypseVillage_C' with ClassGeneratedBy '/Game/Maps/EclypseVillage.EclypseVillage:PersistentLevel.EclypseVillage'
[2016.12.16-22.02.18:327][937]Cmd: OBJ SAVEPACKAGE PACKAGE="/Game/BP/Widgets/FarmsteadWidget" FILE="../../../../../../Admin/Documents/GitHub Repositories/EclypseUE4/ProjectEclypse/Content/BP/Widgets/FarmsteadWidget.uasset" SILENT=true
[2016.12.16-22.02.18:354][937]LogSavePackage: Save=18.51ms
[2016.12.16-22.02.18:354][937]LogSavePackage: Moving '../../../../../../Admin/Documents/GitHub Repositories/EclypseUE4/ProjectEclypse/Saved/FarmsteadWidget7E345AB6490C944B62EBC485A0DAE5F6.tmp' to '../../../../../../Admin/Documents/GitHub Repositories/EclypseUE4/ProjectEclypse/Content/BP/Widgets/FarmsteadWidget.uasset'
[2016.12.16-22.02.18:355][937]LogSavePackage:Display: Finished SavePackage ../../../../../../Admin/Documents/GitHub Repositories/EclypseUE4/ProjectEclypse/Content/BP/Widgets/FarmsteadWidget.uasset
[2016.12.16-22.02.35:529][960]Cmd: OBJ SAVEPACKAGE PACKAGE="/Game/BP/Widgets/FarmsteadWidget" FILE="../../../../../../Admin/Documents/GitHub Repositories/EclypseUE4/ProjectEclypse/Content/BP/Widgets/FarmsteadWidget.uasset" SILENT=true
[2016.12.16-22.02.35:554][960]LogSavePackage: Save=16.91ms
[2016.12.16-22.02.35:554][960]LogSavePackage: Moving '../../../../../../Admin/Documents/GitHub Repositories/EclypseUE4/ProjectEclypse/Saved/FarmsteadWidget12000A5B48BC3F9038E318B86657FEA5.tmp' to '../../../../../../Admin/Documents/GitHub Repositories/EclypseUE4/ProjectEclypse/Content/BP/Widgets/FarmsteadWidget.uasset'
[2016.12.16-22.02.35:556][960]LogSavePackage:Display: Finished SavePackage ../../../../../../Admin/Documents/GitHub Repositories/EclypseUE4/ProjectEclypse/Content/BP/Widgets/FarmsteadWidget.uasset
[2016.12.16-22.04.04:984][267]LogFileHelpers: Editor autosave (incl. sublevels) for '/Game/Maps/EclypseVillage' took 0.018
[2016.12.16-22.04.04:994][267]OBJ SavePackage: Generating thumbnails for [0] asset(s) in package [/Game/BP/Widgets/FarmsteadWidget] ([1] browsable assets)...
[2016.12.16-22.04.04:994][267]OBJ SavePackage: Finished generating thumbnails for package [/Game/BP/Widgets/FarmsteadWidget]
[2016.12.16-22.04.05:020][267]LogSavePackage: Save=17.84ms
[2016.12.16-22.04.05:020][267]LogSavePackage: Moving '../../../../../../Admin/Documents/GitHub Repositories/EclypseUE4/ProjectEclypse/Saved/FarmsteadWidget_Auto17A2E800849DF49B614F84584A18E4E2C.tmp' to '../../../../../../Admin/Documents/GitHub Repositories/EclypseUE4/ProjectEclypse/Saved/Autosaves/Game/BP/Widgets/FarmsteadWidget_Auto1.uasset'
[2016.12.16-22.04.05:249][267]LogSavePackage:Display: Finished SavePackage ../../../../../../Admin/Documents/GitHub Repositories/EclypseUE4/ProjectEclypse/Saved/Autosaves/Game/BP/Widgets/FarmsteadWidget_Auto1.uasset
[2016.12.16-22.04.05:249][267]LogFileHelpers: Auto-saving content packages took 0.256
[2016.12.16-22.06.32:386][700]BlueprintLog: New page: Compile FarmsteadWidget
[2016.12.16-22.06.32:565][700]BlueprintEditorCompileResults: Info The execution path doesn't end with a return node.  CastFailed
[2016.12.16-22.06.33:031][728]Cmd: OBJ SAVEPACKAGE PACKAGE="/Game/BP/Widgets/FarmsteadWidget" FILE="../../../../../../Admin/Documents/GitHub Repositories/EclypseUE4/ProjectEclypse/Content/BP/Widgets/FarmsteadWidget.uasset" SILENT=true
[2016.12.16-22.06.33:065][728]LogSavePackage: Save=19.00ms
[2016.12.16-22.06.33:065][728]LogSavePackage: Moving '../../../../../../Admin/Documents/GitHub Repositories/EclypseUE4/ProjectEclypse/Saved/FarmsteadWidget0B6A63194FA16C9C3A5C88898209E2B8.tmp' to '../../../../../../Admin/Documents/GitHub Repositories/EclypseUE4/ProjectEclypse/Content/BP/Widgets/FarmsteadWidget.uasset'
[2016.12.16-22.06.33:066][728]LogSavePackage:Display: Finished SavePackage ../../../../../../Admin/Documents/GitHub Repositories/EclypseUE4/ProjectEclypse/Content/BP/Widgets/FarmsteadWidget.uasset
[2016.12.16-22.08.05:548][388]BlueprintLog: New page: Compile FarmsteadWidget
[2016.12.16-22.08.05:703][388]BlueprintEditorCompileResults: Info The execution path doesn't end with a return node.  CastFailed
[2016.12.16-22.08.06:143][417]Cmd: OBJ SAVEPACKAGE PACKAGE="/Game/BP/Widgets/FarmsteadWidget" FILE="../../../../../../Admin/Documents/GitHub Repositories/EclypseUE4/ProjectEclypse/Content/BP/Widgets/Farmstead