Log file open, 12/07/16 21:15:42
LogInit:Display: Running engine for game: ProjectEclypse
LogPlatformFile: Not using cached read wrapper
LogInit:Display: RandInit(-306172532) SRandInit(-306172532).
LogTaskGraph: Started task graph with 5 named threads and 8 total threads with 1 sets of task threads.
LogStats: Stats thread started at 0.063800
LogPluginManager: Loaded Plugin Paper2D, From D:/Program Files (x86)/Epic Games/4.13/Engine/Plugins/2D/Paper2D/Paper2D.uplugin
LogPluginManager: Loaded Plugin LightPropagationVolume, From D:/Program Files (x86)/Epic Games/4.13/Engine/Plugins/Blendables/LightPropagationVolume/LightPropagationVolume.uplugin
LogPluginManager: Loaded Plugin BlankPlugin, From D:/Program Files (x86)/Epic Games/4.13/Engine/Plugins/Developer/BlankPlugin/BlankPlugin.uplugin
LogPluginManager: Loaded Plugin CodeLiteSourceCodeAccess, From D:/Program Files (x86)/Epic Games/4.13/Engine/Plugins/Developer/CodeLiteSourceCodeAccess/CodeLiteSourceCodeAccess.uplugin
LogPluginManager: Loaded Plugin GitSourceControl, From D:/Program Files (x86)/Epic Games/4.13/Engine/Plugins/Developer/GitSourceControl/GitSourceControl.uplugin
LogPluginManager: Loaded Plugin KDevelopSourceCodeAccess, From D:/Program Files (x86)/Epic Games/4.13/Engine/Plugins/Developer/KDevelopSourceCodeAccess/KDevelopSourceCodeAccess.uplugin
LogPluginManager: Loaded Plugin NullSourceCodeAccess, From D:/Program Files (x86)/Epic Games/4.13/Engine/Plugins/Developer/NullSourceCodeAccess/NullSourceCodeAccess.uplugin
LogPluginManager: Loaded Plugin OneSkyLocalizationService, From D:/Program Files (x86)/Epic Games/4.13/Engine/Plugins/Developer/OneSkyLocalizationService/OneSkyLocalizationService.uplugin
LogPluginManager: Loaded Plugin PerforceSourceControl, From D:/Program Files (x86)/Epic Games/4.13/Engine/Plugins/Developer/PerforceSourceControl/PerforceSourceControl.uplugin
LogPluginManager: Loaded Plugin SubversionSourceControl, From D:/Program Files (x86)/Epic Games/4.13/Engine/Plugins/Developer/SubversionSourceControl/SubversionSourceControl.uplugin
LogPluginManager: Loaded Plugin UObjectPlugin, From D:/Program Files (x86)/Epic Games/4.13/Engine/Plugins/Developer/UObjectPlugin/UObjectPlugin.uplugin
LogPluginManager: Loaded Plugin VisualStudioSourceCodeAccess, From D:/Program Files (x86)/Epic Games/4.13/Engine/Plugins/Developer/VisualStudioSourceCodeAccess/VisualStudioSourceCodeAccess.uplugin
LogPluginManager: Loaded Plugin XCodeSourceCodeAccess, From D:/Program Files (x86)/Epic Games/4.13/Engine/Plugins/Developer/XCodeSourceCodeAccess/XCodeSourceCodeAccess.uplugin
LogPluginManager: Loaded Plugin EpicSurvey, From D:/Program Files (x86)/Epic Games/4.13/Engine/Plugins/Editor/EpicSurvey/EpicSurvey.uplugin
LogPluginManager: Loaded Plugin MacGraphicsSwitching, From D:/Program Files (x86)/Epic Games/4.13/Engine/Plugins/Editor/MacGraphicsSwitching/MacGraphicsSwitching.uplugin
LogPluginManager: Loaded Plugin MobileLauncherProfileWizard, From D:/Program Files (x86)/Epic Games/4.13/Engine/Plugins/Editor/MobileLauncherProfileWizard/MobileLauncherProfileWizard.uplugin
LogPluginManager: Loaded Plugin PluginBrowser, From D:/Program Files (x86)/Epic Games/4.13/Engine/Plugins/Editor/PluginBrowser/PluginBrowser.uplugin
LogPluginManager: Loaded Plugin SpeedTreeImporter, From D:/Program Files (x86)/Epic Games/4.13/Engine/Plugins/Editor/SpeedTreeImporter/SpeedTreeImporter.uplugin
LogPluginManager: Loaded Plugin SuperSearchEditor, From D:/Program Files (x86)/Epic Games/4.13/Engine/Plugins/Editor/SuperSearchEditor/SuperSearchEditor.uplugin
LogPluginManager: Loaded Plugin AlembicImporter, From D:/Program Files (x86)/Epic Games/4.13/Engine/Plugins/Experimental/AlembicImporter/AlembicImporter.uplugin
LogPluginManager: Loaded Plugin BlueprintStats, From D:/Program Files (x86)/Epic Games/4.13/Engine/Plugins/Experimental/BlueprintStats/BlueprintStats.uplugin
LogPluginManager: Loaded Plugin CharacterAI, From D:/Program Files (x86)/Epic Games/4.13/Engine/Plugins/Experimental/CharacterAI/CharacterAI.uplugin
LogPluginManager: Loaded Plugin CodeEditor, From D:/Program Files (x86)/Epic Games/4.13/Engine/Plugins/Experimental/CodeEditor/CodeEditor.uplugin
LogPluginManager: Loaded Plugin CodeView, From D:/Program Files (x86)/Epic Games/4.13/Engine/Plugins/Experimental/CodeView/CodeView.uplugin
LogPluginManager: Loaded Plugin HTML5Networking, From D:/Program Files (x86)/Epic Games/4.13/Engine/Plugins/Experimental/HTML5Networking/HTML5Networking.uplugin
LogPluginManager: Loaded Plugin LiveEditor, From D:/Program Files (x86)/Epic Games/4.13/Engine/Plugins/Experimental/LiveEditor/LiveEditor.uplugin
LogPluginManager: Loaded Plugin OSVR, From D:/Program Files (x86)/Epic Games/4.13/Engine/Plugins/Experimental/OSVR/OSVR.uplugin
LogPluginManager: Loaded Plugin Phya, From D:/Program Files (x86)/Epic Games/4.13/Engine/Plugins/Experimental/Phya/Phya.uplugin
LogPluginManager: Loaded Plugin SignificanceManager, From D:/Program Files (x86)/Epic Games/4.13/Engine/Plugins/Experimental/SignificanceManager/SignificanceManager.uplugin
LogPluginManager: Loaded Plugin SimpleHMD, From D:/Program Files (x86)/Epic Games/4.13/Engine/Plugins/Experimental/SimpleHMD/SimpleHMD.uplugin
LogPluginManager: Loaded Plugin StereoPanorama, From D:/Program Files (x86)/Epic Games/4.13/Engine/Plugins/Experimental/StereoPanorama/StereoPanorama.uplugin
LogPluginManager: Loaded Plugin StructBox, From D:/Program Files (x86)/Epic Games/4.13/Engine/Plugins/Experimental/StructBox/StructBox.uplugin
LogPluginManager: Loaded Plugin Substance, From D:/Program Files (x86)/Epic Games/4.13/Engine/Plugins/Marketplace/Substance/Substance.uplugin
LogPluginManager: Loaded Plugin AndroidMedia, From D:/Program Files (x86)/Epic Games/4.13/Engine/Plugins/Media/AndroidMedia/AndroidMedia.uplugin
LogPluginManager: Loaded Plugin AvfMedia, From D:/Program Files (x86)/Epic Games/4.13/Engine/Plugins/Media/AvfMedia/AvfMedia.uplugin
LogPluginManager: Loaded Plugin MediaPlayerEditor, From D:/Program Files (x86)/Epic Games/4.13/Engine/Plugins/Media/MediaPlayerEditor/MediaPlayerEditor.uplugin
LogPluginManager: Loaded Plugin WmfMedia, From D:/Program Files (x86)/Epic Games/4.13/Engine/Plugins/Media/WmfMedia/WmfMedia.uplugin
LogPluginManager: Loaded Plugin MessagingDebugger, From D:/Program Files (x86)/Epic Games/4.13/Engine/Plugins/Messaging/MessagingDebugger/MessagingDebugger.uplugin
LogPluginManager: Loaded Plugin TcpMessaging, From D:/Program Files (x86)/Epic Games/4.13/Engine/Plugins/Messaging/TcpMessaging/TcpMessaging.uplugin
LogPluginManager: Loaded Plugin UdpMessaging, From D:/Program Files (x86)/Epic Games/4.13/Engine/Plugins/Messaging/UdpMessaging/UdpMessaging.uplugin
LogPluginManager: Loaded Plugin LevelSequenceEditor, From D:/Program Files (x86)/Epic Games/4.13/Engine/Plugins/MovieScene/LevelSequenceEditor/LevelSequenceEditor.uplugin
LogPluginManager: Loaded Plugin MatineeToLevelSequence, From D:/Program Files (x86)/Epic Games/4.13/Engine/Plugins/MovieScene/MatineeToLevelSequence/MatineeToLevelSequence.uplugin
LogPluginManager: Loaded Plugin NetcodeUnitTest, From D:/Program Files (x86)/Epic Games/4.13/Engine/Plugins/NetcodeUnitTest/NetcodeUnitTest/NetcodeUnitTest.uplugin
LogPluginManager: Loaded Plugin NUTUnrealEngine4, From D:/Program Files (x86)/Epic Games/4.13/Engine/Plugins/NetcodeUnitTest/NUTUnrealEngine4/NUTUnrealEngine4.uplugin
LogPluginManager: Loaded Plugin OnlineSubsystemGooglePlay, From D:/Program Files (x86)/Epic Games/4.13/Engine/Plugins/Online/Android/OnlineSubsystemGooglePlay/OnlineSubsystemGooglePlay.uplugin
LogPluginManager: Loaded Plugin OnlineSubsystemIOS, From D:/Program Files (x86)/Epic Games/4.13/Engine/Plugins/Online/IOS/OnlineSubsystemIOS/OnlineSubsystemIOS.uplugin
LogPluginManager: Loaded Plugin OnlineFramework, From D:/Program Files (x86)/Epic Games/4.13/Engine/Plugins/Online/OnlineFramework/OnlineFramework.uplugin
LogPluginManager: Loaded Plugin OnlineSubsystem, From D:/Program Files (x86)/Epic Games/4.13/Engine/Plugins/Online/OnlineSubsystem/OnlineSubsystem.uplugin
LogPluginManager: Loaded Plugin OnlineSubsystemAmazon, From D:/Program Files (x86)/Epic Games/4.13/Engine/Plugins/Online/OnlineSubsystemAmazon/OnlineSubsystemAmazon.uplugin
LogPluginManager: Loaded Plugin OnlineSubsystemFacebook, From D:/Program Files (x86)/Epic Games/4.13/Engine/Plugins/Online/OnlineSubsystemFacebook/OnlineSubsystemFacebook.uplugin
LogPluginManager: Loaded Plugin OnlineSubsystemNull, From D:/Program Files (x86)/Epic Games/4.13/Engine/Plugins/Online/OnlineSubsystemNull/OnlineSubsystemNull.uplugin
LogPluginManager: Loaded Plugin OnlineSubsystemOculus, From D:/Program Files (x86)/Epic Games/4.13/Engine/Plugins/Online/OnlineSubsystemOculus/OnlineSubsystemOculus.uplugin
LogPluginManager: Loaded Plugin OnlineSubsystemSteam, From D:/Program Files (x86)/Epic Games/4.13/Engine/Plugins/Online/OnlineSubsystemSteam/OnlineSubsystemSteam.uplugin
LogPluginManager: Loaded Plugin OnlineSubsystemUtils, From D:/Program Files (x86)/Epic Games/4.13/Engine/Plugins/Online/OnlineSubsystemUtils/OnlineSubsystemUtils.uplugin
LogPluginManager: Loaded Plugin IOSTapJoy, From D:/Program Files (x86)/Epic Games/4.13/Engine/Plugins/Runtime/Advertising/IOSTapJoy/IOSTapJoy.uplugin
LogPluginManager: Loaded Plugin AnalyticsBlueprintLibrary, From D:/Program Files (x86)/Epic Games/4.13/Engine/Plugins/Runtime/Analytics/AnalyticsBlueprintLibrary/AnalyticsBlueprintLibrary.uplugin
LogPluginManager: Loaded Plugin AnalyticsMulticast, From D:/Program Files (x86)/Epic Games/4.13/Engine/Plugins/Runtime/Analytics/AnalyticsMulticast/AnalyticsMulticast.uplugin
LogPluginManager: Loaded Plugin Apsalar, From D:/Program Files (x86)/Epic Games/4.13/Engine/Plugins/Runtime/Analytics/Apsalar/Apsalar.uplugin
LogPluginManager: Loaded Plugin FileLogging, From D:/Program Files (x86)/Epic Games/4.13/Engine/Plugins/Runtime/Analytics/FileLogging/FileLogging.uplugin
LogPluginManager: Loaded Plugin Flurry, From D:/Program Files (x86)/Epic Games/4.13/Engine/Plugins/Runtime/Analytics/Flurry/Flurry.uplugin
LogPluginManager: Loaded Plugin AndroidDeviceProfileSelector, From D:/Program Files (x86)/Epic Games/4.13/Engine/Plugins/Runtime/AndroidDeviceProfileSelector/AndroidDeviceProfileSelector.uplugin
LogPluginManager: Loaded Plugin AndroidMoviePlayer, From D:/Program Files (x86)/Epic Games/4.13/Engine/Plugins/Runtime/AndroidMoviePlayer/AndroidMoviePlayer.uplugin
LogPluginManager: Loaded Plugin AppleMoviePlayer, From D:/Program Files (x86)/Epic Games/4.13/Engine/Plugins/Runtime/AppleMoviePlayer/AppleMoviePlayer.uplugin
LogPluginManager: Loaded Plugin ArchVisCharacter, From D:/Program Files (x86)/Epic Games/4.13/Engine/Plugins/Runtime/ArchVisCharacter/ArchVisCharacter.uplugin
LogPluginManager: Loaded Plugin CableComponent, From D:/Program Files (x86)/Epic Games/4.13/Engine/Plugins/Runtime/CableComponent/CableComponent.uplugin
LogPluginManager: Loaded Plugin CustomMeshComponent, From D:/Program Files (x86)/Epic Games/4.13/Engine/Plugins/Runtime/CustomMeshComponent/CustomMeshComponent.uplugin
LogPluginManager: Loaded Plugin ExampleDeviceProfileSelector, From D:/Program Files (x86)/Epic Games/4.13/Engine/Plugins/Runtime/ExampleDeviceProfileSelector/ExampleDeviceProfileSelector.uplugin
LogPluginManager: Loaded Plugin GearVR, From D:/Program Files (x86)/Epic Games/4.13/Engine/Plugins/Runtime/GearVR/GearVR.uplugin
LogPluginManager: Loaded Plugin GoogleVRController, From D:/Program Files (x86)/Epic Games/4.13/Engine/Plugins/Runtime/GoogleVR/GoogleVRController/GoogleVRController.uplugin
LogPluginManager: Loaded Plugin GoogleVRHMD, From D:/Program Files (x86)/Epic Games/4.13/Engine/Plugins/Runtime/GoogleVR/GoogleVRHMD/GoogleVRHMD.uplugin
LogPluginManager: Loaded Plugin IOSDeviceProfileSelector, From D:/Program Files (x86)/Epic Games/4.13/Engine/Plugins/Runtime/IOSDeviceProfileSelector/IOSDeviceProfileSelector.uplugin
LogPluginManager: Loaded Plugin LeapMotion, From D:/Program Files (x86)/Epic Games/4.13/Engine/Plugins/Runtime/LeapMotion/LeapMotion.uplugin
LogPluginManager: Loaded Plugin LinuxDeviceProfileSelector, From D:/Program Files (x86)/Epic Games/4.13/Engine/Plugins/Runtime/LinuxDeviceProfileSelector/LinuxDeviceProfileSelector.uplugin
LogPluginManager: Loaded Plugin LiveEditorListenServer, From D:/Program Files (x86)/Epic Games/4.13/Engine/Plugins/Runtime/LiveEditorListenServer/LiveEditorListenServer.uplugin
LogPluginManager: Loaded Plugin OculusAudio, From D:/Program Files (x86)/Epic Games/4.13/Engine/Plugins/Runtime/OculusAudio/OculusAudio.uplugin
LogPluginManager: Loaded Plugin OculusInput, From D:/Program Files (x86)/Epic Games/4.13/Engine/Plugins/Runtime/OculusInput/OculusInput.uplugin
LogPluginManager: Loaded Plugin OculusLibrary, From D:/Program Files (x86)/Epic Games/4.13/Engine/Plugins/Runtime/OculusLibrary/OculusLibrary.uplugin
LogPluginManager: Loaded Plugin OculusRift, From D:/Program Files (x86)/Epic Games/4.13/Engine/Plugins/Runtime/OculusRift/OculusRift.uplugin
LogPluginManager: Loaded Plugin Oodle, From D:/Program Files (x86)/Epic Games/4.13/Engine/Plugins/Runtime/PacketHandlers/CompressionComponents/Oodle/Oodle.uplugin
LogPluginManager: Loaded Plugin ProceduralMeshComponent, From D:/Program Files (x86)/Epic Games/4.13/Engine/Plugins/Runtime/ProceduralMeshComponent/ProceduralMeshComponent.uplugin
LogPluginManager: Loaded Plugin SoundMod, From D:/Program Files (x86)/Epic Games/4.13/Engine/Plugins/Runtime/SoundMod/SoundMod.uplugin
LogPluginManager: Loaded Plugin SoundVisualizations, From D:/Program Files (x86)/Epic Games/4.13/Engine/Plugins/Runtime/SoundVisualizations/SoundVisualizations.uplugin
LogPluginManager: Loaded Plugin SteamController, From D:/Program Files (x86)/Epic Games/4.13/Engine/Plugins/Runtime/Steam/SteamController/SteamController.uplugin
LogPluginManager: Loaded Plugin SteamVR, From D:/Program Files (x86)/Epic Games/4.13/Engine/Plugins/Runtime/Steam/SteamVR/SteamVR.uplugin
LogPluginManager: Loaded Plugin WebBrowserWidget, From D:/Program Files (x86)/Epic Games/4.13/Engine/Plugins/Runtime/WebBrowserWidget/WebBrowserWidget.uplugin
LogPluginManager: Loaded Plugin WindowsDeviceProfileSelector, From D:/Program Files (x86)/Epic Games/4.13/Engine/Plugins/Runtime/WindowsDeviceProfileSelector/WindowsDeviceProfileSelector.uplugin
LogPluginManager: Loaded Plugin WindowsMoviePlayer, From D:/Program Files (x86)/Epic Games/4.13/Engine/Plugins/Runtime/WindowsMoviePlayer/WindowsMoviePlayer.uplugin
LogPluginManager: Loaded Plugin ScriptPlugin, From D:/Program Files (x86)/Epic Games/4.13/Engine/Plugins/ScriptPlugin/ScriptPlugin.uplugin
LogPluginManager: Loaded Plugin SlateRemote, From D:/Program Files (x86)/Epic Games/4.13/Engine/Plugins/Slate/SlateRemote/SlateRemote.uplugin
LogInit: Using libcurl 7.47.1
LogInit:  - built for x86_64-pc-win32
LogInit:  - supports SSL with WinSSL
LogInit:  - other features:
LogInit:      CURL_VERSION_SSL
LogInit:      CURL_VERSION_IPV6
LogInit:      CURL_VERSION_ASYNCHDNS
LogInit:      CURL_VERSION_LARGEFILE
LogInit:      CURL_VERSION_IDN
LogInit:  CurlRequestOptions (configurable via config and command line):
LogInit:  - bVerifyPeer = false  - Libcurl will NOT verify peer certificate
LogInit:  - bUseHttpProxy = false  - Libcurl will NOT use HTTP proxy
LogInit:  - bDontReuseConnections = false  - Libcurl will reuse connections
LogInit:  - CertBundlePath = nullptr  - Libcurl will use whatever was configured at build time.
OCULUS: Info: [CAPI] LibOVR module is located at C:\Program Files\Oculus\Support\oculus-runtime\LibOVRRT64_1.dll
OCULUS: Debug: Connected to the server running version (prod = 1).1.10.1(build = 315393) feature version = 0. Client runs version (prod = 1).1.10.1(build = 315393) feature version = 0
OCULUS: Debug: [HMDState] Using default profile default
OCULUS: Info: IAD changed to 64.6mm
OCULUS: Debug: [SharedMemory] Creating factory
LogInit: Build: ++UE4+Release-4.13-CL-3142249
LogInit: Engine Version: 4.13.1-3142249+++UE4+Release-4.13
LogInit: Compatible Engine Version: 4.13.0-3106830+++UE4+Release-4.13
LogInit: Net CL: 3142249
LogDevObjectVersion: Number of dev versions registered: 13
LogDevObjectVersion:   Dev-Blueprints (B0D832E4-1F89-4F0D-ACCF-7EB736FD4AA2): 5
LogDevObjectVersion:   Dev-Build (E1C64328-A22C-4D53-A36C-8E866417BD8C): 0
LogDevObjectVersion:   Dev-Core (375EC13C-06E4-48FB-B500-84F0262A717E): 1
LogDevObjectVersion:   Dev-Editor (E4B068ED-F494-42E9-A231-DA0B2E46BB41): 6
LogDevObjectVersion:   Dev-Framework (CFFC743F-43B0-4480-9391-14DF171D2073): 12
LogDevObjectVersion:   Dev-Mobile (B02B49B5-BB20-44E9-A304-32B752E40360): 0
LogDevObjectVersion:   Dev-Networking (A4E4105C-59A1-49B5-A7C5-40C4547EDFEE): 0
LogDevObjectVersion:   Dev-Online (39C831C9-5AE6-47DC-9A44-9C173E1C8E7C): 0
LogDevObjectVersion:   Dev-Physics (78F01B33-EBEA-4F98-B9B4-84EACCB95AA2): 0
LogDevObjectVersion:   Dev-Platform (6631380F-2D4D-43E0-8009-CF276956A95A): 0
LogDevObjectVersion:   Dev-Rendering (12F88B9F-8875-4AFC-A67C-D90C383ABD29): 4
LogDevObjectVersion:   Dev-Sequencer (7B5AE74C-D270-4C10-A958-57980B212A5A): 0
LogDevObjectVersion:   Dev-VR (D7296918-1DD6-4BDD-9DE2-64A83CC13884): 0
LogInit: Compiled (64-bit): Sep 28 2016 02:12:12
LogInit: Compiled with Visual C++: 19.00.23026.00
LogInit: Build Configuration: Development
LogInit: Branch Name: ++UE4+Release-4.13
LogInit: Command line: -EpicPortal 
LogInit: Base directory: D:/Program Files (x86)/Epic Games/4.13/Engine/Binaries/Win64/
LogInit: Installed Engine Build: 1
LogInit: Presizing for max 8388607 objects, including 0 objects not considered by GC, pre-allocating 0 bytes for permanent pool.
LogInit: Object subsystem initialized
[2016.12.07-10.15.43:070][  0]LogInit: Selected Device Profile: [Windows]
[2016.12.07-10.15.43:070][  0]LogInit: Applying CVar settings loaded from the selected device profile: [Windows]
[2016.12.07-10.15.43:079][  0]LogInit: Computer: DESKTOP-M92PTO3
[2016.12.07-10.15.43:079][  0]LogInit: User: StefanoAdmin
[2016.12.07-10.15.43:079][  0]LogInit: CPU Page size=65536, Cores=4
[2016.12.07-10.15.43:079][  0]LogInit: High frequency timer resolution =3.328125 MHz
[2016.12.07-10.15.43:079][  0]LogMemory: Memory total: Physical=15.9GB (16GB approx)
[2016.12.07-10.15.43:079][  0]LogMemory: Platform Memory Stats for Windows
[2016.12.07-10.15.43:079][  0]LogMemory: Process Physical Memory: 266.38 MB used, 266.38 MB peak
[2016.12.07-10.15.43:079][  0]LogMemory: Process Virtual Memory: 267.10 MB used, 267.10 MB peak
[2016.12.07-10.15.43:079][  0]LogMemory: Physical Memory: 7340.01 MB used, 16313.61 MB total
[2016.12.07-10.15.43:079][  0]LogMemory: Virtual Memory: 674.77 MB used, 134217728.00 MB total
[2016.12.07-10.15.43:338][  0]LogTextLocalizationManager: No specific translations for ('en-AU') exist, so ('en') translations will be used.
[2016.12.07-10.15.43:760][  0]LogD3D11RHI: D3D11 adapters:
[2016.12.07-10.15.44:186][  0]LogD3D11RHI:    0. 'NVIDIA GeForce GTX 980' (Feature Level 11_0)
[2016.12.07-10.15.44:186][  0]LogD3D11RHI:       4060/0/8156 MB DedicatedVideo/DedicatedSystem/SharedSystem, Outputs:1, VendorId:0x10de
[2016.12.07-10.15.44:187][  0]LogD3D11RHI:    1. 'Microsoft Basic Render Driver' (Feature Level 11_0)
[2016.12.07-10.15.44:187][  0]LogD3D11RHI:       0/0/8156 MB DedicatedVideo/DedicatedSystem/SharedSystem, Outputs:0, VendorId:0x1414
[2016.12.07-10.15.44:187][  0]LogD3D11RHI: Chosen D3D11 Adapter: 0
[2016.12.07-10.15.44:191][  0]LogD3D11RHI: Creating new Direct3DDevice
[2016.12.07-10.15.44:191][  0]LogD3D11RHI:     GPU DeviceId: 0x13c0 (for the marketing name, search the web for "GPU Device Id")
[2016.12.07-10.15.44:191][  0]LogWindows: EnumDisplayDevices:
[2016.12.07-10.15.44:191][  0]LogWindows:    0. 'NVIDIA GeForce GTX 980' (P:1 D:1)
[2016.12.07-10.15.44:191][  0]LogWindows:    1. 'NVIDIA GeForce GTX 980' (P:0 D:0)
[2016.12.07-10.15.44:191][  0]LogWindows:    2. 'NVIDIA GeForce GTX 980' (P:0 D:0)
[2016.12.07-10.15.44:191][  0]LogWindows:    3. 'NVIDIA GeForce GTX 980' (P:0 D:0)
[2016.12.07-10.15.44:191][  0]LogWindows: DebugString: FoundDriverCount:4 
[2016.12.07-10.15.44:191][  0]LogD3D11RHI:     Adapter Name: NVIDIA GeForce GTX 980
[2016.12.07-10.15.44:191][  0]LogD3D11RHI:   Driver Version: 376.09 (internal:21.21.13.7609, unified:376.09)
[2016.12.07-10.15.44:191][  0]LogD3D11RHI:      Driver Date: 11-24-2016
[2016.12.07-10.15.44:191][  0]LogRHI: Texture pool is 1361 MB (70% of 1945 MB)
[2016.12.07-10.15.44:602][  0]LogD3D11RHI: Async texture creation enabled
[2016.12.07-10.15.44:634][  0]LogD3D11RHI: GPU Timing Frequency: 1000.000000 (Debug: 2 1)
[2016.12.07-10.15.44:635][  0]LogShaderCompilers: Guid format shader working directory is -34 characters bigger than the processId version (../../../../../../Admin/Documents/GitHub Repositories/EclypseUE4/ProjectEclypse/Intermediate/Shaders/WorkingDirectory/16196/).
[2016.12.07-10.15.44:635][  0]LogShaderCompilers: Cleaned the shader compiler working directory 'C:/Users/Admin/AppData/Local/Temp/UnrealShaderWorkingDir/2BAE6BFC4F0715612CA080BA71224916/'.
[2016.12.07-10.15.44:635][  0]LogShaderCompilers:Display: Using Local Shader Compiler.
[2016.12.07-10.15.45:406][  0]LogTemp:Display: Loaded TP AllDesktopTargetPlatform
[2016.12.07-10.15.45:411][  0]LogTemp:Display: Loaded TP WindowsClientTargetPlatform
[2016.12.07-10.15.45:417][  0]LogTemp:Display: Loaded TP WindowsNoEditorTargetPlatform
[2016.12.07-10.15.45:422][  0]LogTemp:Display: Loaded TP WindowsServerTargetPlatform
[2016.12.07-10.15.45:428][  0]LogTemp:Display: Loaded TP WindowsTargetPlatform
[2016.12.07-10.15.45:433][  0]LogTemp:Display: Loaded TP AndroidTargetPlatform
[2016.12.07-10.15.45:438][  0]LogTemp:Display: Loaded TP Android_ASTCTargetPlatform
[2016.12.07-10.15.45:443][  0]LogTemp:Display: Loaded TP Android_ATCTargetPlatform
[2016.12.07-10.15.45:447][  0]LogTemp:Display: Loaded TP Android_DXTTargetPlatform
[2016.12.07-10.15.45:452][  0]LogTemp:Display: Loaded TP Android_ETC1TargetPlatform
[2016.12.07-10.15.45:457][  0]LogTemp:Display: Loaded TP Android_ETC2TargetPlatform
[2016.12.07-10.15.45:467][  0]LogTemp:Display: Loaded TP Android_MultiTargetPlatform
[2016.12.07-10.15.45:467][  0]LogTemp:Display: Loaded TP Android_PVRTCTargetPlatform
[2016.12.07-10.15.45:468][  0]LogTemp:Display: Loaded TP HTML5TargetPlatform
[2016.12.07-10.15.45:485][  0]LogTemp:Display: Loaded TP IOSTargetPlatform
[2016.12.07-10.15.45:489][  0]LogTemp:Display: Loaded TP TVOSTargetPlatform
[2016.12.07-10.15.45:494][  0]LogTemp:Display: Loaded TP LinuxClientTargetPlatform
[2016.12.07-10.15.45:499][  0]LogTemp:Display: Loaded TP LinuxNoEditorTargetPlatform
[2016.12.07-10.15.45:504][  0]LogTemp:Display: Loaded TP LinuxServerTargetPlatform
[2016.12.07-10.15.45:509][  0]LogTemp:Display: Loaded TP LinuxTargetPlatform
[2016.12.07-10.15.45:509][  0]LogTargetPlatformManager:Display: Building Assets For Windows
[2016.12.07-10.15.45:546][  0]LogDerivedDataCache:Display: Max Cache Size: 512 MB
[2016.12.07-10.15.45:599][  0]LogDerivedDataCache: Loaded boot cache 0.05s 62MB C:/Users/Admin/AppData/Local/UnrealEngine/4.13/DerivedDataCache/Boot.ddc.
[2016.12.07-10.15.45:599][  0]LogDerivedDataCache:Display: Loaded Boot cache: C:/Users/Admin/AppData/Local/UnrealEngine/4.13/DerivedDataCache/Boot.ddc
[2016.12.07-10.15.45:600][  0]LogDerivedDataCache: FDerivedDataBackendGraph:  Pak pak cache file ../../../../../../Admin/Documents/GitHub Repositories/EclypseUE4/ProjectEclypse/DerivedDataCache/DDC.ddp not found, will not use a pak cache.
[2016.12.07-10.15.45:600][  0]LogDerivedDataCache: Unable to find inner node Pak for hierarchical cache Hierarchy.
[2016.12.07-10.15.45:600][  0]LogDerivedDataCache: FDerivedDataBackendGraph:  CompressedPak pak cache file ../../../../../../Admin/Documents/GitHub Repositories/EclypseUE4/ProjectEclypse/DerivedDataCache/Compressed.ddp not found, will not use a pak cache.
[2016.12.07-10.15.45:600][  0]LogDerivedDataCache: Unable to find inner node CompressedPak for hierarchical cache Hierarchy.
[2016.12.07-10.15.45:613][  0]LogDerivedDataCache:Display: Pak cache opened for reading ../../../Engine/DerivedDataCache/Compressed.ddp.
[2016.12.07-10.15.45:624][  0]LogDerivedDataCache: Using Local data cache path C:/Users/Admin/AppData/Local/UnrealEngine/Common/DerivedDataCache: Writable
[2016.12.07-10.15.45:770][  0]LogInit: Selected Device Profile: [Windows]
[2016.12.07-10.15.45:772][  0]LogContentStreaming: Texture pool size is 0.00 MB
[2016.12.07-10.15.45:836][  0]LogMeshUtilities: No automatic mesh reduction module available
[2016.12.07-10.15.45:836][  0]LogMeshUtilities: No automatic mesh merging module available
[2016.12.07-10.15.45:836][  0]LogMeshUtilities: No distributed automatic mesh merging module available
[2016.12.07-10.15.45:879][  0]LogMaterial: Uniform references updated for custom material expression Custom.
[2016.12.07-10.15.46:092][  0]LogNetVersion: GetLocalNetworkVersion: CL: 3106830, ProjectName: projecteclypse, ProjectVersion: , EngineNetworkVersion: 1, GameNetworkVersion: 0, NetworkChecksum: 2418632494
[2016.12.07-10.15.46:123][  0]LogAssetRegistry: FAssetRegistry took 0.0211 seconds to start up
[2016.12.07-10.15.46:147][  0]LogPackageLocalizationCache: Processed 3 localized package path(s) for 2 prioritized culture(s) in 0.022297 seconds
[2016.12.07-10.15.46:151][  0]LogUObjectArray: 29778 objects as part of root set at end of initial load.
[2016.12.07-10.15.46:151][  0]LogUObjectAllocator: 6125448 out of 0 bytes used by permanent object pool.
[2016.12.07-10.15.46:151][  0]LogUObjectArray: CloseDisregardForGC: 0/0 objects in disregard for GC pool
[2016.12.07-10.15.46:154][  0]LogInit: WinSock: version 1.1 (2.2), MaxSocks=32767, MaxUdp=65467
[2016.12.07-10.15.46:286][  0]LogSlate: SlateFontCache - WITH_FREETYPE: 1, WITH_HARFBUZZ: 1
[2016.12.07-10.15.46:286][  0]LogSlate: SlateFontCache - WITH_FREETYPE: 1, WITH_HARFBUZZ: 1
[2016.12.07-10.15.46:742][  0]LogSubstanceCoreModule: Substance CPU Engine Loaded, Max Texture Size 2048
[2016.12.07-10.15.46:746][  0]LogTcpMessaging: Initializing TcpMessaging bridge
[2016.12.07-10.15.46:761][  0]LogUdpMessaging: Initializing bridge on interface 0.0.0.0:0 to multicast group 230.0.0.1:6666.
[2016.12.07-10.15.46:924][  0]SourceControl: Info Source control is disabled
[2016.12.07-10.15.46:952][  0]SourceControl: Info Source control is disabled
[2016.12.07-10.15.46:955][  0]SourceControl: Info Source control is disabled
[2016.12.07-10.15.46:959][  0]SourceControl: Info Source control is disabled
[2016.12.07-10.15.47:112][  0]LogEngine: Initializing Engine...
[2016.12.07-10.15.47:113][  0]LogHMD: Oculus plugin initialized. Version: 4.13.1-3142249+++UE4+Release-4.13, LibOVR: 1.10.1, SDK: 1.6.0, built Sep 28 2016, 02:14:12
[2016.12.07-10.15.47:206][  0]OCULUS: Debug: [HMDState] Using default profile default
[2016.12.07-10.15.47:206][  0]OCULUS: Info: IAD changed to 64.6mm
[2016.12.07-10.15.47:210][  0]LogAIModule: Creating AISystem for world Untitled
[2016.12.07-10.15.47:222][  0]LogInit: XAudio2 using 'Speakers (Realtek High Definition Audio)' : 8 channels at 48 kHz using 32 bits per sample (channel mask 0x63f)
[2016.12.07-10.15.47:252][  0]LogInit: FAudioDevice initialized.
[2016.12.07-10.15.47:277][  0]LogDerivedDataCache: Saved boot cache 0.03s 62MB C:/Users/Admin/AppData/Local/UnrealEngine/4.13/DerivedDataCache/Boot.ddc.
[2016.12.07-10.15.47:283][  0]LogInit: Texture streaming: Enabled
[2016.12.07-10.15.47:297][  0]LogInit: Transaction tracking system initialized
[2016.12.07-10.15.47:306][  0]BlueprintLog: New page: Editor Load
[2016.12.07-10.15.47:343][  0]LocalizationService: Info Localization service is disabled
[2016.12.07-10.15.47:388][  0]LogConsoleResponse:Display: 
[2016.12.07-10.15.47:529][  0]LogCook:Display: Max memory allowance for cook 16384mb min free memory 0mb
[2016.12.07-10.15.47:529][  0]LogCook:Display: Mobile HDR setting 1
[2016.12.07-10.15.47:602][  0]LogFileCache: Scanning file cache for directory 'D:/Admin/Documents/GitHub Repositories/EclypseUE4/ProjectEclypse/Content/' took 0.01s
[2016.12.07-10.15.47:602][  0]SourceControl: Info Source control is disabled
[2016.12.07-10.15.47:722][  0]LogWindowsTextInputMethodSystem:Display: IME system now deactivated.
[2016.12.07-10.15.50:537][  0]LogWindowsTextInputMethodSystem:Display: IME system now deactivated.
[2016.12.07-10.15.50:669][  0]LogWindowsTextInputMethodSystem:Display: IME system now deactivated.
[2016.12.07-10.15.51:931][  0]LogWindowsTextInputMethodSystem:Display: IME system now deactivated.
[2016.12.07-10.15.51:944][  0]LogWindowsTextInputMethodSystem:Display: IME system now deactivated.
[2016.12.07-10.15.51:944][  0]Cmd: MAP LOAD FILE="../../../../../../Admin/Documents/GitHub Repositories/EclypseUE4/ProjectEclypse/Content/Maps/EclypseVillage.umap" TEMPLATE=0 SHOWPROGRESS=1 FEATURELEVEL=3
[2016.12.07-10.15.51:945][  0]LightingResults: New page: Lighting Build
[2016.12.07-10.15.51:946][  0]MapCheck: New page: Map Check
[2016.12.07-10.15.51:946][  0]LightingResults: New page: Lighting Build
[2016.12.07-10.15.52:906][  0]LogAIModule: Creating AISystem for world EclypseVillage
[2016.12.07-10.15.52:919][  0]LogEditorServer: Finished looking for orphan Actors (0.000 secs)
[2016.12.07-10.15.52:920][  0]Cmd: MAP CHECKDEP NOCLEARLOG
[2016.12.07-10.15.52:963][  0]MapCheck: Info Map check complete: 0 Error(s), 0 Warning(s), took 43.286ms to complete.
[2016.12.07-10.15.52:963][  0]LogFileHelpers: Loading map 'EclypseVillage' took 1.019
[2016.12.07-10.15.53:014][  0]LogStats:Warning: MetaData mismatch. Did you assign a stat to two groups? New //STATGROUP_Threads//SplashScreenThread///Thread_2124_0///####STATCAT_Advanced#### old //STATGROUP_Threads//SplashScreenThread///Thread_3fe0_0///####STATCAT_Advanced####
[2016.12.07-10.15.53:014][  0]LogCollectionManager: Loaded 0 collections in 0.000685 seconds
[2016.12.07-10.15.53:050][  0]LogFileCache: Scanning file cache for directory 'D:/Admin/Documents/GitHub Repositories/EclypseUE4/ProjectEclypse/Saved/Collections/' took 0.01s
[2016.12.07-10.15.53:050][  0]LogFileCache: Scanning file cache for directory 'D:/Admin/Documents/GitHub Repositories/EclypseUE4/ProjectEclypse/Content/Developers/StefanoAdmin/Collections/' took 0.01s
[2016.12.07-10.15.53:050][  0]LogFileCache: Scanning file cache for directory 'D:/Admin/Documents/GitHub Repositories/EclypseUE4/ProjectEclypse/Content/Collections/' took 0.01s
[2016.12.07-10.15.53:050][  0]LogCollectionManager: Rebuilt the GUID cache for 0 collections in 0.000002 seconds
[2016.12.07-10.15.53:058][  0]LogContentBrowser: Native class hierarchy populated in 0.0072 seconds. Added 2156 classes and 421 folders.
[2016.12.07-10.15.53:060][  0]LogStats: UGameplayTagsManager::ConstructGameplayTagTree: Construct from data asset -  0.000 s
[2016.12.07-10.15.53:060][  0]LogStats: UGameplayTagsManager::ConstructGameplayTagTree: GameplayTagTreeChangedEvent.Broadcast -  0.000 s
[2016.12.07-10.15.53:060][  0]LogContentBrowser: Native class hierarchy updated for 'GameplayTags' in 0.0004 seconds. Added 12 classes and 0 folders.
[2016.12.07-10.15.53:062][  0]LogContentBrowser: Native class hierarchy updated for 'WidgetCarousel' in 0.0004 seconds. Added 0 classes and 0 folders.
[2016.12.07-10.15.53:090][  0]LogContentBrowser: Native class hierarchy updated for 'AddContentDialog' in 0.0004 seconds. Added 0 classes and 0 folders.
[2016.12.07-10.15.53:093][  0]LogContentBrowser: Native class hierarchy updated for 'SceneOutliner' in 0.0003 seconds. Added 1 classes and 2 folders.
[2016.12.07-10.15.53:138][  0]LogCrashTracker: Crashtracker disabled due to settings.
[2016.12.07-10.15.53:143][  0]LogUObjectGlobals:Warning: Failed to find object 'Class None.'
[2016.12.07-10.15.53:167][  0]LogContentBrowser: Native class hierarchy updated for 'HierarchicalLODOutliner' in 0.0003 seconds. Added 1 classes and 2 folders.
[2016.12.07-10.15.53:167][  0]LogLoad: (Engine Initialization) Total time: 10.86 seconds
[2016.12.07-10.15.53:167][  0]LogLoad: (Engine Initialization) Total Blueprint compile time: 0.26 seconds
[2016.12.07-10.15.53:167][  0]LogExternalProfiler: Found external profiler: VSPerf
[2016.12.07-10.15.53:167][  0]LogExternalProfiler: Using external profiler: VSPerf
[2016.12.07-10.15.53:176][  0]LogOcInput: OculusInput pre-init called
[2016.12.07-10.15.53:185][  0]LogOcInput: OculusInput is initialized. Init status 0. Runtime version: 1.10.1
[2016.12.07-10.15.53:202][  0]LogContentStreaming: Texture pool size now 1000 MB
[2016.12.07-10.15.53:317][  0]LogRenderer: Reallocating scene render targets to support 1124x620 (Frame:2).
[2016.12.07-10.15.53:521][  2]LogAssetRegistry: Asset discovery search completed in 7.4185 seconds
[2016.12.07-10.15.53:521][  2]LogCollectionManager: Rebuilt the object cache for 0 collections in 0.000001 seconds (found 0 objects)
[2016.12.07-10.15.53:521][  2]LogCollectionManager: Fixed up redirectors for 0 collections in 0.000018 seconds (updated 0 objects)
[2016.12.07-10.15.58:325][209]LogContentBrowser: Native class hierarchy updated for 'BlueprintGraph' in 0.0006 seconds. Added 112 classes and 0 folders.
[2016.12.07-10.17.51:965][726]BlueprintLog: New page: Compile Expedition
[2016.12.07-10.17.52:570][738]Cmd: OBJ SAVEPACKAGE PACKAGE="/Game/BP/Expedition" FILE="../../../../../../Admin/Documents/GitHub Repositories/EclypseUE4/ProjectEclypse/Content/BP/Expedition.uasset" SILENT=true
[2016.12.07-10.17.52:598][738]LogSavePackage: Save=18.15ms
[2016.12.07-10.17.52:598][738]LogSavePackage: Moving '../../../../../../Admin/Documents/GitHub Repositories/EclypseUE4/ProjectEclypse/Saved/Expedition957DA5C14EF83E313F409397401B2400.tmp' to '../../../../../../Admin/Documents/GitHub Repositories/EclypseUE4/ProjectEclypse/Content/BP/Expedition.uasset'
[2016.12.07-10.17.52:599][738]LogSavePackage:Display: Finished SavePackage ../../../../../../Admin/Documents/GitHub Repositories/EclypseUE4/ProjectEclypse/Content/BP/Expedition.uasset
[2016.12.07-10.18.07:342][704]BlueprintLog: New page: Compile Expedition
[2016.12.07-10.18.07:875][720]Cmd: OBJ SAVEPACKAGE PACKAGE="/Game/BP/Expedition" FILE="../../../../../../Admin/Documents/GitHub Repositories/EclypseUE4/ProjectEclypse/Content/BP/Expedition.uasset" SILENT=true
[2016.12.07-10.18.07:895][720]LogSavePackage: Save=15.90ms
[2016.12.07-10.18.07:895][720]LogSavePackage: Moving '../../../../../../Admin/Documents/GitHub Repositories/EclypseUE4/ProjectEclypse/Saved/Expedition05375E154ED48BDBEDA302B7733ECC16.tmp' to '../../../../../../Admin/Documents/GitHub Repositories/EclypseUE4/ProjectEclypse/Content/BP/Expedition.uasset'
[2016.12.07-10.18.07:896][720]LogSavePackage:Display: Finished SavePackage ../../../../../../Admin/Documents/GitHub Repositories/EclypseUE4/ProjectEclypse/Content/BP/Expedition.uasset
[2016.12.07-10.18.16:740][684]Cmd: OBJ SAVEPACKAGE PACKAGE="/Game/BP/Expedition" FILE="../../../../../../Admin/Documents/GitHub Repositories/EclypseUE4/ProjectEclypse/Content/BP/Expedition.uasset" SILENT=true
[2016.12.07-10.18.16:780][684]LogSavePackage: Save=36.48ms
[2016.12.07-10.18.16:780][684]LogSavePackage: Moving '../../../../../../Admin/Documents/GitHub Repositories/EclypseUE4/ProjectEclypse/Saved/Expedition86A50287405ACC049B44D7A89A8C93F2.tmp' to '../../../../../../Admin/Documents/GitHub Repositories/EclypseUE4/ProjectEclypse/Content/BP/Expedition.uasset'
[2016.12.07-10.18.16:780][684]LogSavePackage:Display: Finished SavePackage ../../../../../../Admin/Documents/GitHub Repositories/EclypseUE4/ProjectEclypse/Content/BP/Expedition.uasset
[2016.12.07-10.19.36:471][ 60]BlueprintLog: New page: Compile Expedition
[2016.12.07-10.19.36:968][ 74]Cmd: OBJ SAVEPACKAGE PACKAGE="/Game/BP/Expedition" FILE="../../../../../../Admin/Documents/GitHub Repositories/EclypseUE4/ProjectEclypse/Content/BP/Expedition.uasset" SILENT=true
[2016.12.07-10.19.36:999][ 74]LogSavePackage: Save=26.52ms
[2016.12.07-10.19.36:999][ 74]LogSavePackage: Moving '../../../../../../Admin/Documents/GitHub Repositories/EclypseUE4/ProjectEclypse/Saved/Expedition651601664610842008D3A6B2A25D5184.tmp' to '../../../../../../Admin/Documents/GitHub Repositories/EclypseUE4/ProjectEclypse/Content/BP/Expedition.uasset'
[2016.12.07-10.19.37:000][ 74]LogSavePackage:Display: Finished SavePackage ../../../../../../Admin/Documents/GitHub Repositories/EclypseUE4/ProjectEclypse/Content/BP/Expedition.uasset
[2016.12.07-10.19.41:876][278]Cmd: OBJ SAVEPACKAGE PACKAGE="/Game/BP/Expedition" FILE="../../../../../../Admin/Documents/GitHub Repositories/EclypseUE4/ProjectEclypse/Content/BP/Expedition.uasset" SILENT=true
[2016.12.07-10.19.41:899][278]LogSavePackage: Save=18.39ms
[2016.12.07-10.19.41:899][278]LogSavePackage: Moving '../../../../../../Admin/Documents/GitHub Repositories/EclypseUE4/ProjectEclypse/Saved/ExpeditionD69D462848CD5069EDD6B48FA3763891.tmp' to '../../../../../../Admin/Documents/GitHub Repositories/EclypseUE4/ProjectEclypse/Content/BP/Expedition.uasset'
[2016.12.07-10.19.41:899][278]LogSavePackage:Display: Finished SavePackage ../../../../../../Admin/Documents/GitHub Repositories/EclypseUE4/ProjectEclypse/Content/BP/Expedition.uasset
[2016.12.07-10.19.46:310][643]LogBlueprintUserMessages: Early PlayInEditor Detection: Level '/Game/Maps/EclypseVillage.EclypseVillage:PersistentLevel' has LevelScriptBlueprint '/Game/Maps/EclypseVillage.EclypseVillage:PersistentLevel.EclypseVillage' with GeneratedClass '/Game/Maps/EclypseVillage.EclypseVillage_C' with ClassGeneratedBy '/Game/Maps/EclypseVillage.EclypseVillage:PersistentLevel.EclypseVillage'
[2016.12.07-10.19.46:310][643]LogPlayLevel: PlayLevel: No blueprints needed recompiling
[2016.12.07-10.19.46:311][643]OCULUS: Debug: [HMDState] Using default profile default
[2016.12.07-10.19.46:311][643]OCULUS: Info: IAD changed to 64.6mm
[2016.12.07-10.19.46:311][643]LogHMD: New ovr session is created
[2016.12.07-10.19.46:318][643]LogHMD: HMD Oculus Rift CV1, res = 2160 x 1200
[2016.12.07-10.19.46:319][643]PIE: New page: PIE session: EclypseVillage (8 Dec 2016 7:19:46 am)
[2016.12.07-10.19.46:319][643]LogPlayLevel: Creating play world package: /Game/Maps/UEDPIE_0_EclypseVillage
[2016.12.07-10.19.46:327][643]LogPlayLevel: PIE: StaticDuplicateObject took: (0.007922s)
[2016.12.07-10.19.46:328][643]LogAIModule: Creating AISystem for world EclypseVillage
[2016.12.07-10.19.46:328][643]LogPlayLevel: PIE: World Init took: (0.000803s)
[2016.12.07-10.19.46:328][643]LogPlayLevel: PIE: Created PIE world by copying editor world from /Game/Maps/EclypseVillage.EclypseVillage to /Game/Maps/UEDPIE_0_EclypseVillage.EclypseVillage (0.008905s)
[2016.12.07-10.19.46:351][643]LogInit: XAudio2 using 'Speakers (Realtek High Definition Audio)' : 8 channels at 48 kHz using 32 bits per sample (channel mask 0x63f)
[2016.12.07-10.19.46:382][643]LogInit: FAudioDevice initialized.
[2016.12.07-10.19.46:431][643]LogWorld: Game class is 'GameManager_C'
[2016.12.07-10.19.46:434][643]LogWorld: Bringing World /Game/Maps/UEDPIE_0_EclypseVillage.EclypseVillage up for play (max tick rate 0) at 2016.12.07-21.19.46
[2016.12.07-10.19.46:434][643]LogWorld: Bringing up level for play took: 0.002041
[2016.12.07-10.19.46:437][643]LogContentBrowser: Native class hierarchy updated for 'MovieSceneCapture' in 0.0004 seconds. Added 11 classes and 0 folders.
[2016.12.07-10.19.46:437][643]LogGameMode:Display: Match State Changed from EnteringMap to WaitingToStart
[2016.12.07-10.19.46:437][643]LogGameState: Match State Changed from EnteringMap to WaitingToStart
[2016.12.07-10.19.46:437][643]LogGameMode:Display: Match State Changed from WaitingToStart to InProgress
[2016.12.07-10.19.46:439][643]LogBlueprintUserMessages: [Expedition_12] Max Load Group = 50.0
[2016.12.07-10.19.46:472][643]LogScriptCore:Warning: Script Msg: Attempted to set an invalid index on array Map [0/0]!
[2016.12.07-10.19.46:472][643]LogScriptCore:Warning: 
[2016.12.07-10.19.46:472][643]LogScriptCore:Warning: Script Msg: Attempted to set an invalid index on array Map [1/0]!
[2016.12.07-10.19.46:472][643]LogScriptCore:Warning: 
[2016.12.07-10.19.46:472][643]LogScriptCore:Warning: Script Msg: Attempted to set an invalid index on array Map [2/0]!
[2016.12.07-10.19.46:472][643]LogScriptCore:Warning: 
[2016.12.07-10.19.46:472][643]LogGameState: Match State Changed from WaitingToStart to InProgress
[2016.12.07-10.19.46:475][643]PIE: Info Play in editor start time for /Game/Maps/UEDPIE_0_EclypseVillage -0.621
[2016.12.07-10.19.46:475][643]LogBlueprintUserMessages: Late PlayInEditor Detection: Level '/Game/Maps/EclypseVillage.EclypseVillage:PersistentLevel' has LevelScriptBlueprint '/Game/Maps/EclypseVillage.EclypseVillage:PersistentLevel.EclypseVillage' with GeneratedClass '/Game/Maps/EclypseVillage.EclypseVillage_C' with ClassGeneratedBy '/Game/Maps/EclypseVillage.EclypseVillage:PersistentLevel.EclypseVillage'
[2016.12.07-10.19.46:492][643]LogRenderer: Reallocating scene render targets to support 1292x756 (Frame:6).
[2016.12.07-10.19.47:600][679]LogBlueprintUserMessages: Early EndPlayMap Detection: Level '/Game/Maps/EclypseVillage.EclypseVillage:PersistentLevel' has LevelScriptBlueprint '/Game/Maps/EclypseVillage.EclypseVillage:PersistentLevel.EclypseVillage' with GeneratedClass '/Game/Maps/EclypseVillage.EclypseVillage_C' with ClassGeneratedBy '/Game/Maps/EclypseVillage.EclypseVillage:PersistentLevel.EclypseVillage'
[2016.12.07-10.19.47:637][679]LogHMD: Destroying ovr session
[2016.12.07-10.19.47:684][679]LogBlueprintUserMessages: Late EndPlayMap Detection: Level '/Game/Maps/EclypseVillage.EclypseVillage:PersistentLevel' has LevelScriptBlueprint '/Game/Maps/EclypseVillage.EclypseVillage:PersistentLevel.EclypseVillage' with GeneratedClass '/Game/Maps/EclypseVillage.EclypseVillage_C' with ClassGeneratedBy '/Game/Maps/EclypseVillage.EclypseVillage:PersistentLevel.EclypseVillage'
[2016.12.07-10.19.52:248][123]LogSavePackage: Save=122.25ms
[2016.12.07-10.19.52:248][123]LogSavePackage: Moving '../../../../../../Admin/Documents/GitHub Repositories/EclypseUE4/ProjectEclypse/Saved/EclypseVillage13FDA3F2440370285B1F688C0AB04664.tmp' to '../../../../../../Admin/Documents/GitHub Repositories/EclypseUE4/ProjectEclypse/Content/Maps/EclypseVillage.umap'
[2016.12.07-10.19.52:249][123]LogSavePackage:Display: Finished SavePackage ../../../../../../Admin/Documents/GitHub Repositories/EclypseUE4/ProjectEclypse/Content/Maps/EclypseVillage.umap
[2016.12.07-10.19.52:860][193]LogEditorViewport: Clicking on Actor (LMB): Expedition_C (Expedition)
[2016.12.07-10.20.07:236][167]BlueprintLog: New page: Compile Expedition
[2016.12.07-10.20.07:708][181]Cmd: OBJ SAVEPACKAGE PACKAGE="/Game/BP/Expedition" FILE="../../../../../../Admin/Documents/GitHub Repositories/EclypseUE4/ProjectEclypse/Content/BP/Expedition.uasset" SILENT=true
[2016.12.07-10.20.07:730][181]LogSavePackage: Save=18.71ms
[2016.12.07-10.20.07:730][181]LogSavePackage: Moving '../../../../../../Admin/Documents/GitHub Repositories/EclypseUE4/ProjectEclypse/Saved/Expedition598552A54D9986724FE563876F18B725.tmp' to '../../../../../../Admin/Documents/GitHub Repositories/EclypseUE4/ProjectEclypse/Content/BP/Expedition.uasset'
[2016.12.07-10.20.07:732][181]LogSavePackage:Display: Finished SavePackage ../../../../../../Admin/Documents/GitHub Repositories/EclypseUE4/ProjectEclypse/Content/BP/Expedition.uasset
[2016.12.07-10.20.28:958][746]BlueprintLog: New page: Compile Expedition
[2016.12.07-10.20.29:425][759]Cmd: OBJ SAVEPACKAGE PACKAGE="/Game/BP/Expedition" FILE="../../../../../../Admin/Documents/GitHub Repositories/EclypseUE4/ProjectEclypse/Content/BP/Expedition.uasset" SILENT=true
[2016.12.07-10.20.29:448][759]LogSavePackage: Save=19.76ms
[2016.12.07-10.20.29:448][759]LogSavePackage: Moving '../../../../../../Admin/Documents/GitHub Repositories/EclypseUE4/ProjectEclypse/Saved/Expedition73067596484E32D3286E8E87DDE8F2A5.tmp' to '../../../../../../Admin/Documents/GitHub Repositories/EclypseUE4/ProjectEclypse/Content/BP/Expedition.uasset'
[2016.12.07-10.20.29:450][759]LogSavePackage:Display: Finished SavePackage ../../../../../../Admin/Documents/GitHub Repositories/EclypseUE4/ProjectEclypse/Content/BP/Expedition.uasset
[2016.12.07-10.20.34:760][220]LogBlueprintUserMessages: Early PlayInEditor Detection: Level '/Game/Maps/EclypseVillage.EclypseVillage:PersistentLevel' has LevelScriptBlueprint '/Game/Maps/EclypseVillage.EclypseVillage:PersistentLevel.EclypseVillage' with GeneratedClass '/Game/Maps/EclypseVillage.EclypseVillage_C' with ClassGeneratedBy '/Game/Maps/EclypseVillage.EclypseVillage:PersistentLevel.EclypseVillage'
[2016.12.07-10.20.34:760][220]LogPlayLevel: PlayLevel: No blueprints needed recompiling
[2016.12.07-10.20.34:762][220]OCULUS: Debug: [HMDState] Using default profile default
[2016.12.07-10.20.34:762][220]OCULUS: Info: IAD changed to 64.6mm
[2016.12.07-10.20.34:762][220]LogHMD: New ovr session is created
[2016.12.07-10.20.34:777][220]LogHMD: HMD Oculus Rift CV1, res = 2160 x 1200
[2016.12.07-10.20.34:777][220]PIE: New page: PIE session: EclypseVillage (8 Dec 2016 7:20:34 am)
[2016.12.07-10.20.34:777][220]LogPlayLevel: Creating play world package: /Game/Maps/UEDPIE_0_EclypseVillage
[2016.12.07-10.20.34:786][220]LogPlayLevel: PIE: StaticDuplicateObject took: (0.008636s)
[2016.12.07-10.20.34:786][220]LogAIModule: Creating AISystem for world EclypseVillage
[2016.12.07-10.20.34:786][220]LogPlayLevel: PIE: World Init took: (0.000587s)
[2016.12.07-10.20.34:786][220]LogPlayLevel: PIE: Created PIE world by copying editor world from /Game/Maps/EclypseVillage.EclypseVillage to /Game/Maps/UEDPIE_0_EclypseVillage.EclypseVillage (0.009583s)
[2016.12.07-10.20.34:808][220]LogInit: XAudio2 using 'Speakers (Realtek High Definition Audio)' : 8 channels at 48 kHz using 32 bits per sample (channel mask 0x63f)
[2016.12.07-10.20.34:837][220]LogInit: FAudioDevice initialized.
[2016.12.07-10.20.34:869][220]LogWorld: Game class is 'GameManager_C'
[2016.12.07-10.20.34:872][220]LogWorld: Bringing World /Game/Maps/UEDPIE_0_EclypseVillage.EclypseVillage up for play (max tick rate 0) at 2016.12.07-21.20.34
[2016.12.07-10.20.34:872][220]LogWorld: Bringing up level for play took: 0.001907
[2016.12.07-10.20.34:872][220]LogGameMode:Display: Match State Changed from EnteringMap to WaitingToStart
[2016.12.07-10.20.34:873][220]LogGameState: Match State Changed from EnteringMap to WaitingToStart
[2016.12.07-10.20.34:873][220]LogGameMode:Display: Match State Changed from WaitingToStart to InProgress
[2016.12.07-10.20.34:875][220]LogBlueprintUserMessages: [Expedition_12] 0
[2016.12.07-10.20.34:875][220]LogBlueprintUserMessages: [Expedition_12] Max Load Group = 50.0
[2016.12.07-10.20.34:875][220]LogScriptCore:Warning: Script Msg: Attempted to set an invalid index on array Map [0/0]!
[2016.12.07-10.20.34:875][220]LogScriptCore:Warning: 
[2016.12.07-10.20.34:875][220]LogScriptCore:Warning: Script Msg: Attempted to set an invalid index on array Map [1/0]!
[2016.12.07-10.20.34:875][220]LogScriptCore:Warning: 
[2016.12.07-10.20.34:875][220]LogScriptCore:Warning: Script Msg: Attempted to set an invalid index on array Map [2/0]!
[2016.12.07-10.20.34:875][220]LogScriptCore:Warning: 
[2016.12.07-10.20.34:876][220]LogGameState: Match State Changed from WaitingToStart to InProgress
[2016.12.07-10.20.34:876][220]PIE: Info Play in editor start time for /Game/Maps/UEDPIE_0_EclypseVillage -0.22
[2016.12.07-10.20.34:876][220]LogBlueprintUserMessages: Late PlayInEditor Detection: Level '/Game/Maps/EclypseVillage.EclypseVillage:PersistentLevel' has LevelScriptBlueprint '/Game/Maps/EclypseVillage.EclypseVillage:PersistentLevel.EclypseVillage' with GeneratedClass '/Game/Maps/EclypseVillage.EclypseVillage_C' with ClassGeneratedBy '/Game/Maps/EclypseVillage.EclypseVillage:PersistentLevel.EclypseVillage'
[2016.12.07-10.20.36:956][414]LogBlueprintUserMessages: Early EndPlayMap Detection: Level '/Game/Maps/EclypseVillage.EclypseVillage:PersistentLevel' has LevelScriptBlueprint '/Game/Maps/EclypseVillage.EclypseVillage:PersistentLevel.EclypseVillage' with GeneratedClass '/Game/Maps/EclypseVillage.EclypseVillage_C' with ClassGeneratedBy '/Game/Maps/EclypseVillage.EclypseVillage:PersistentLevel.EclypseVillage'
[2016.12.07-10.20.36:981][414]LogHMD: Destroying ovr session
[2016.12.07-10.20.37:021][414]LogBlueprintUserMessages: Late EndPlayMap Detection: Level '/Game/Maps/EclypseVillage.EclypseVillage:PersistentLevel' has LevelScriptBlueprint '/Game/Maps/EclypseVillage.EclypseVillage:PersistentLevel.EclypseVillage' with GeneratedClass '/Game/Maps/EclypseVillage.EclypseVillage_C' with ClassGeneratedBy '/Game/Maps/EclypseVillage.EclypseVillage:PersistentLevel.EclypseVillage'
[2016.12.07-10.20.42:192][769]LogBlueprintUserMessages: Early PlayInEditor Detection: Level '/Game/Maps/EclypseVillage.EclypseVillage:PersistentLevel' has LevelScriptBlueprint '/Game/Maps/EclypseVillage.EclypseVillage:PersistentLevel.EclypseVillage' with GeneratedClass '/Game/Maps/EclypseVillage.EclypseVillage_C' with ClassGeneratedBy '/Game/Maps/EclypseVillage.EclypseVillage:PersistentLevel.EclypseVillage'
[2016.12.07-10.20.42:192][769]LogPlayLevel: PlayLevel: No blueprints needed recompiling
[2016.12.07-10.20.42:192][769]OCULUS: Debug: [HMDState] Using default profile default
[2016.12.07-10.20.42:192][769]OCULUS: Info: IAD changed to 64.6mm
[2016.12.07-10.20.42:192][769]LogHMD: New ovr session is created
[2016.12.07-10.20.42:206][769]LogHMD: HMD Oculus Rift CV1, res = 2160 x 1200
[2016.12.07-10.20.42:206][769]PIE: New page: PIE session: EclypseVillage (8 Dec 2016 7:20:42 am)
[2016.12.07-10.20.42:206][769]LogPlayLevel: Creating play world package: /Game/Maps/UEDPIE_0_EclypseVillage
[2016.12.07-10.20.42:215][769]LogPlayLevel: PIE: StaticDuplicateObject took: (0.008608s)
[2016.12.07-10.20.42:216][769]LogAIModule: Creating AISystem for world EclypseVillage
[2016.12.07-10.20.42:216][769]LogPlayLevel: PIE: World Init took: (0.000921s)
[2016.12.07-10.20.42:216][769]LogPlayLevel: PIE: Created PIE world by copying editor world from /Game/Maps/EclypseVillage.EclypseVillage to /Game/Maps/UEDPIE_0_EclypseVillage.EclypseVillage (0.009738s)
[2016.12.07-10.20.42:235][769]LogInit: XAudio2 using 'Speakers (Realtek High Definition Audio)' : 8 channels at 48 kHz using 32 bits per sample (channel mask 0x63f)
[2016.12.07-10.20.42:263][769]LogInit: FAudioDevice initialized.
[2016.12.07-10.20.42:295][769]LogWorld: Game class is 'GameManager_C'
[2016.12.07-10.20.42:297][769]LogWorld: Bringing World /Game/Maps/UEDPIE_0_EclypseVillage.EclypseVillage up for play (max tick rate 0) at 2016.12.07-21.20.42
[2016.12.07-10.20.42:297][769]LogWorld: Bringing up level for play took: 0.001810
[2016.12.07-10.20.42:297][769]LogGameMode:Display: Match State Changed from EnteringMap to WaitingToStart
[2016.12.07-10.20.42:297][769]LogGameState: Match State Changed from EnteringMap to WaitingToStart
[2016.12.07-10.20.42:297][769]LogGameMode:Display: Match State Changed from WaitingToStart to InProgress
[2016.12.07-10.20.42:299][769]LogBlueprintUserMessages: [Expedition_12] 0
[2016.12.07-10.20.42:299][769]LogBlueprintUserMessages: [Expedition_12] Max Load Group = 50.0
[2016.12.07-10.20.42:299][769]LogScriptCore:Warning: Script Msg: Attempted to set an invalid index on array Map [0/0]!
[2016.12.07-10.20.42:299][769]LogScriptCore:Warning: 
[2016.12.07-10.20.42:299][769]LogScriptCore:Warning: Script Msg: Attempted to set an invalid index on array Map [1/0]!
[2016.12.07-10.20.42:299][769]LogScriptCore:Warning: 
[2016.12.07-10.20.42:299][769]LogScriptCore:Warning: Script Msg: Attempted to set an invalid index on array Map [2/0]!
[2016.12.07-10.20.42:299][769]LogScriptCore:Warning: 
[2016.12.07-10.20.42:300][769]LogGameState: Match State Changed from WaitingToStart to InProgress
[2016.12.07-10.20.42:300][769]PIE: Info Play in editor start time for /Game/Maps/UEDPIE_0_EclypseVillage -0.796
[2016.12.07-10.20.42:300][769]LogBlueprintUserMessages: Late PlayInEditor Detection: Level '/Game/Maps/EclypseVillage.EclypseVillage:PersistentLevel' has LevelScriptBlueprint '/Game/Maps/EclypseVillage.EclypseVillage:PersistentLevel.EclypseVillage' with GeneratedClass '/Game/Maps/EclypseVillage.EclypseVillage_C' with ClassGeneratedBy '/Game/Maps/EclypseVillage.EclypseVillage:PersistentLevel.EclypseVillage'
[2016.12.07-10.20.43:710][900]LogBlueprintUserMessages: Early EndPlayMap Detection: Level '/Game/Maps/EclypseVillage.EclypseVillage:PersistentLevel' has LevelScriptBlueprint '/Game/Maps/EclypseVillage.EclypseVillage:PersistentLevel.EclypseVillage' with GeneratedClass '/Game/Maps/EclypseVillage.EclypseVillage_C' with ClassGeneratedBy '/Game/Maps/EclypseVillage.EclypseVillage:PersistentLevel.EclypseVillage'
[2016.12.07-10.20.43:733][900]LogHMD: Destroying ovr session
[2016.12.07-10.20.43:770][900]LogBlueprintUserMessages: Late EndPlayMap Detection: Level '/Game/Maps/EclypseVillage.EclypseVillage:PersistentLevel' has LevelScriptBlueprint '/Game/Maps/EclypseVillage.EclypseVillage:PersistentLevel.EclypseVillage' with GeneratedClass '/Game/Maps/EclypseVillage.EclypseVillage_C' with ClassGeneratedBy '/Game/Maps/EclypseVillage.EclypseVillage:PersistentLevel.EclypseVillage'
[2016.12.07-10.21.03:862][833]BlueprintLog: New page: Compile Expedition
[2016.12.07-10.21.04:395][853]Cmd: OBJ SAVEPACKAGE PACKAGE="/Game/BP/Expedition" FILE="../../../../../../Admin/Documents/GitHub Repositories/EclypseUE4/ProjectEclypse/Content/BP/Expedition.uasset" SILENT=true
[2016.12.07-10.21.04:418][853]LogSavePackage: Save=20.19ms
[2016.12.07-10.21.04:418][853]LogSavePackage: Moving '../../../../../../Admin/Documents/GitHub Repositories/EclypseUE4/ProjectEclypse/Saved/ExpeditionA099AB0146198D93BFB99ABF1C75CF8E.tmp' to '../../../../../../Admin/Documents/GitHub Repositories/EclypseUE4/ProjectEclypse/Content/BP/Expedition.uasset'
[2016.12.07-10.21.04:420][853]LogSavePackage:Display: Finished SavePackage ../../../../../../Admin/Documents/GitHub Repositories/EclypseUE4/ProjectEclypse/Content/BP/Expedition.uasset
[2016.12.07-10.21.16:317][886]BlueprintLog: New page: Compile Expedition
[2016.12.07-10.21.16:701][896]Cmd: OBJ SAVEPACKAGE PACKAGE="/Game/BP/Expedition" FILE="../../../../../../Admin/Documents/GitHub Repositories/EclypseUE4/ProjectEclypse/Content/BP/Expedition.uasset" SILENT=true
[2016.12.07-10.21.16:725][896]LogSavePackage: Save=20.07ms
[2016.12.07-10.21.16:725][896]LogSavePackage: Moving '../../../../../../Admin/Documents/GitHub Repositories/EclypseUE4/ProjectEclypse/Saved/Expedition6BA8F8314211700CC74ABAA40BA46D0D.tmp' to '../../../../../../Admin/Documents/GitHub Repositories/EclypseUE4/ProjectEclypse/Content/BP/Expedition.uasset'
[2016.12.07-10.21.16:727][896]LogSavePackage:Display: Finished SavePackage ../../../../../../Admin/Documents/GitHub Repositories/EclypseUE4/ProjectEclypse/Content/BP/Expedition.uasset
[2016.12.07-10.21.17:286][920]LogBlueprintUserMessages: Early PlayInEditor Detection: Level '/Game/Maps/EclypseVillage.EclypseVillage:PersistentLevel' has LevelScriptBlueprint '/Game/Maps/EclypseVillage.EclypseVillage:PersistentLevel.EclypseVillage' with GeneratedClass '/Game/Maps/EclypseVillage.EclypseVillage_C' with ClassGeneratedBy '/Game/Maps/EclypseVillage.EclypseVillage:PersistentLevel.EclypseVillage'
[2016.12.07-10.21.17:287][920]LogPlayLevel: PlayLevel: No blueprints needed recompiling
[2016.12.07-10.21.17:287][920]OCULUS: Debug: [HMDState] Using default profile default
[2016.12.07-10.21.17:287][920]OCULUS: Info: IAD changed to 64.6mm
[2016.12.07-10.21.17:287][920]LogHMD: New ovr session is created
[2016.12.07-10.21.17:302][920]LogHMD: HMD Oculus Rift CV1, res = 2160 x 1200
[2016.12.07-10.21.17:302][920]PIE: New page: PIE session: EclypseVillage (8 Dec 2016 7:21:17 am)
[2016.12.07-10.21.17:302][920]LogPlayLevel: Creating play world package: /Game/Maps/UEDPIE_0_EclypseVillage
[2016.12.07-10.21.17:309][920]LogPlayLevel: PIE: StaticDuplicateObject took: (0.007210s)
[2016.12.07-10.21.17:310][920]LogAIModule: Creating AISystem for world EclypseVillage
[2016.12.07-10.21.17:310][920]LogPlayLevel: PIE: World Init took: (0.000694s)
[2016.12.07-10.21.17:310][920]LogPlayLevel: PIE: Created PIE world by copying editor world from /Game/Maps/EclypseVillage.EclypseVillage to /Game/Maps/UEDPIE_0_EclypseVillage.EclypseVillage (0.008072s)
[2016.12.07-10.21.17:331][920]LogInit: XAudio2 using 'Speakers (Realtek High Definition Audio)' : 8 channels at 48 kHz using 32 bits per sample (channel mask 0x63f)
[2016.12.07-10.21.17:360][920]LogInit: FAudioDevice initialized.
[2016.12.07-10.21.17:396][920]LogWorld: Game class is 'GameManager_C'
[2016.12.07-10.21.17:399][920]LogWorld: Bringing World /Game/Maps/UEDPIE_0_EclypseVillage.EclypseVillage up for play (max tick rate 0) at 2016.12.07-21.21.17
[2016.12.07-10.21.17:399][920]LogWorld: Bringing up level for play took: 0.001819
[2016.12.07-10.21.17:400][920]LogGameMode:Display: Match State Changed from EnteringMap to WaitingToStart
[2016.12.07-10.21.17:400][920]LogGameState: Match State Changed from EnteringMap to WaitingToStart
[2016.12.07-10.21.17:400][920]LogGameMode:Display: Match State Changed from WaitingToStart to InProgress
[2016.12.07-10.21.17:402][920]LogBlueprintUserMessages: [Expedition_12] Max Load Group = 50.0
[2016.12.07-10.21.17:402][920]LogScriptCore:Warning: Script Msg: Attempted to set an invalid index on array Map [0/0]!
[2016.12.07-10.21.17:402][920]LogScriptCore:Warning: 
[2016.12.07-10.21.17:402][920]LogScriptCore:Warning: Script Msg: Attempted to set an invalid index on array Map [1/0]!
[2016.12.07-10.21.17:402][920]LogScriptCore:Warning: 
[2016.12.07-10.21.17:402][920]LogScriptCore:Warning: Script Msg: Attempted to set an invalid index on array Map [2/0]!
[2016.12.07-10.21.17:402][920]LogScriptCore:Warning: 
[2016.12.07-10.21.17:402][920]LogBlueprintUserMessages: [Expedition_12] 1
[2016.12.07-10.21.17:402][920]LogGameState: Match State Changed from WaitingToStart to InProgress
[2016.12.07-10.21.17:404][920]PIE: Info Play in editor start time for /Game/Maps/UEDPIE_0_EclypseVillage 0.308
[2016.12.07-10.21.17:405][920]LogBlueprintUserMessages: Late PlayInEditor Detection: Level '/Game/Maps/EclypseVillage.EclypseVillage:PersistentLevel' has LevelScriptBlueprint '/Game/Maps/EclypseVillage.EclypseVillage:PersistentLevel.EclypseVillage' with GeneratedClass '/Game/Maps/EclypseVillage.EclypseVillage_C' with ClassGeneratedBy '/Game/Maps/EclypseVillage.EclypseVillage:PersistentLevel.EclypseVillage'
[2016.12.07-10.21.20:529][ 29]LogBlueprintUserMessages: Early EndPlayMap Detection: Level '/Game/Maps/EclypseVillage.EclypseVillage:PersistentLevel' has LevelScriptBlueprint '/Game/Maps/EclypseVillage.EclypseVillage:PersistentLevel.EclypseVillage' with GeneratedClass '/Game/Maps/EclypseVillage.EclypseVillage_C' with ClassGeneratedBy '/Game/Maps/EclypseVillage.EclypseVillage:PersistentLevel.EclypseVillage'
[2016.12.07-10.21.20:529][ 29]LogHMD: Destroying ovr session
[2016.12.07-10.21.20:565][ 29]LogBlueprintUserMessages: Late EndPlayMap Detection: Level '/Game/Maps/EclypseVillage.EclypseVillage:PersistentLevel' has LevelScriptBlueprint '/Game/Maps/EclypseVillage.EclypseVillage:PersistentLevel.EclypseVillage' with GeneratedClass '/Game/Maps/EclypseVillage.EclypseVillage_C' with ClassGeneratedBy '/Game/Maps/EclypseVillage.EclypseVillage:PersistentLevel.EclypseVillage'
[2016.12.07-10.21.28:409][723]LogBlueprintUserMessages: Early PlayInEditor Detection: Level '/Game/Maps/EclypseVillage.EclypseVillage:PersistentLevel' has LevelScriptBlueprint '/Game/Maps/EclypseVillage.EclypseVillage:PersistentLevel.EclypseVillage' with GeneratedClass '/Game/Maps/EclypseVillage.EclypseVillage_C' with ClassGeneratedBy '/Game/Maps/EclypseVillage.EclypseVillage:PersistentLevel.EclypseVillage'
[2016.12.07-10.21.28:409][723]LogPlayLevel: PlayLevel: No blueprints needed recompiling
[2016.12.07-10.21.28:409][723]OCULUS: Debug: [HMDState] Using default profile default
[2016.12.07-10.21.28:409][723]OCULUS: Info: IAD changed to 64.6mm
[2016.12.07-10.21.28:409][723]LogHMD: New ovr session is created
[2016.12.07-10.21.28:422][723]LogHMD: HMD Oculus Rift CV1, res = 2160 x 1200
[2016.12.07-10.21.28:422][723]PIE: New page: PIE session: EclypseVillage (8 Dec 2016 7:21:28 am)
[2016.12.07-10.21.28:423][723]LogPlayLevel: Creating play world package: /Game/Maps/UEDPIE_0_EclypseVillage
[2016.12.07-10.21.28:431][723]LogPlayLevel: PIE: StaticDuplicateObject took: (0.008237s)
[2016.12.07-10.21.28:432][723]LogAIModule: Creating AISystem for world EclypseVillage
[2016.12.07-10.21.28:432][723]LogPlayLevel: PIE: World Init took: (0.000940s)
[2016.12.07-10.21.28:432][723]LogPlayLevel: PIE: Created PIE world by copying editor world from /Game/Maps/EclypseVillage.EclypseVillage to /Game/Maps/UEDPIE_0_EclypseVillage.EclypseVillage (0.009378s)
[2016.12.07-10.21.28:453][723]LogInit: XAudio2 using 'Speakers (Realtek High Definition Audio)' : 8 channels at 48 kHz using 32 bits per sample (channel mask 0x63f)
[2016.12.07-10.21.28:484][723]LogInit: FAudioDevice initialized.
[2016.12.07-10.21.28:514][723]LogWorld: Game class is 'GameManager_C'
[2016.12.07-10.21.28:516][723]LogWorld: Bringing World /Game/Maps/UEDPIE_0_EclypseVillage.EclypseVillage up for play (max tick rate 0) at 2016.12.07-21.21.28
[2016.12.07-10.21.28:517][723]LogWorld: Bringing up level for play took: 0.001863
[2016.12.07-10.21.28:517][723]LogGameMode:Display: Match State Changed from EnteringMap to WaitingToStart
[2016.12.07-10.21.28:517][723]LogGameState: Match State Changed from EnteringMap to WaitingToStart
[2016.12.07-10.21.28:517][723]LogGameMode:Display: Match State Changed from WaitingToStart to InProgress
[2016.12.07-10.21.28:519][723]LogBlueprintUserMessages: [Expedition_12] Max Load Group = 50.0
[2016.12.07-10.21.28:519][723]LogScriptCore:Warning: Script Msg: Attempted to set an invalid index on array Map [0/0]!
[2016.12.07-10.21.28:519][723]LogScriptCore:Warning: 
[2016.12.07-10.21.28:519][723]LogScriptCore:Warning: Script Msg: Attempted to set an invalid index on array Map [1/0]!
[2016.12.07-10.21.28:519][723]LogScriptCore:Warning: 
[2016.12.07-10.21.28:519][723]LogScriptCore:Warning: Script Msg: Attempted to set an invalid index on array Map [2/0]!
[2016.12.07-10.21.28:519][723]LogScriptCore:Warning: 
[2016.12.07-10.21.28:519][723]LogBlueprintUserMessages: [Expedition_12] 4
[2016.12.07-10.21.28:519][723]LogGameState: Match State Changed from WaitingToStart to InProgress
[2016.12.07-10.21.28:519][723]PIE: Info Play in editor start time for /Game/Maps/UEDPIE_0_EclypseVillage -0.577
[2016.12.07-10.21.28:519][723]LogBlueprintUserMessages: Late PlayInEditor Detection: Level '/Game/Maps/EclypseVillage.EclypseVillage:PersistentLevel' has LevelScriptBlueprint '/Game/Maps/EclypseVillage.EclypseVillage:PersistentLevel.EclypseVillage' with GeneratedClass '/Game/Maps/EclypseVillage.EclypseVillage_C' with ClassGeneratedBy '/Game/Maps/EclypseVillage.EclypseVillage:PersistentLevel.EclypseVillage'
[2016.12.07-10.21.32:447][917]LogBlueprintUserMessages: Early EndPlayMap Detection: Level '/Game/Maps/EclypseVillage.EclypseVillage:PersistentLevel' has LevelScriptBlueprint '/Game/Maps/EclypseVillage.EclypseVillage:PersistentLevel.EclypseVillage' with GeneratedClass '/Game/Maps/EclypseVillage.EclypseVillage_C' with ClassGeneratedBy '/Game/Maps/EclypseVillage.EclypseVillage:PersistentLevel.EclypseVillage'
[2016.12.07-10.21.32:470][917]LogHMD: Destroying ovr session
[2016.12.07-10.21.32:513][917]LogBlueprintUserMessages: Late EndPlayMap Detection: Level '/Game/Maps/EclypseVillage.EclypseVillage:PersistentLevel' has LevelScriptBlueprint '/Game/Maps/EclypseVillage.EclypseVillage:PersistentLevel.EclypseVillage' with GeneratedClass '/Game/Maps/EclypseVillage.EclypseVillage_C' with ClassGeneratedBy '/Game/Maps/EclypseVillage.EclypseVillage:PersistentLevel.EclypseVillage'
[2016.12.07-10.21.35:065][ 93]LogBlueprintUserMessages: Early PlayInEditor Detection: Level '/Game/Maps/EclypseVillage.EclypseVillage:PersistentLevel' has LevelScriptBlueprint '/Game/Maps/EclypseVillage.EclypseVillage:PersistentLevel.EclypseVillage' with GeneratedClass '/Game/Maps/EclypseVillage.EclypseVillage_C' with ClassGeneratedBy '/Game/Maps/EclypseVillage.EclypseVillage:PersistentLevel.EclypseVillage'
[2016.12.07-10.21.35:065][ 93]LogPlayLevel: PlayLevel: No blueprints needed recompiling
[2016.12.07-10.21.35:065][ 93]OCULUS: Debug: [HMDState] Using default profile default
[2016.12.07-10.21.35:065][ 93]OCULUS: Info: IAD changed to 64.6mm
[2016.12.07-10.21.35:065][ 93]LogHMD: New ovr session is created
[2016.12.07-10.21.35:079][ 93]LogHMD: HMD Oculus Rift CV1, res = 2160 x 1200
[2016.12.07-10.21.35:080][ 93]PIE: New page: PIE session: EclypseVillage (8 Dec 2016 7:21:35 am)
[2016.12.07-10.21.35:080][ 93]LogPlayLevel: Creating play world package: /Game/Maps/UEDPIE_0_EclypseVillage
[2016.12.07-10.21.35:086][ 93]LogPlayLevel: PIE: StaticDuplicateObject took: (0.006696s)
[2016.12.07-10.21.35:087][ 93]LogAIModule: Creating AISystem for world EclypseVillage
[2016.12.07-10.21.35:087][ 93]LogPlayLevel: PIE: World Init took: (0.000612s)
[2016.12.07-10.21.35:087][ 93]LogPlayLevel: PIE: Created PIE world by copying editor world from /Game/Maps/EclypseVillage.EclypseVillage to /Game/Maps/UEDPIE_0_EclypseVillage.EclypseVillage (0.007474s)
[2016.12.07-10.21.35:108][ 93]LogInit: XAudio2 using 'Speakers (Realtek High Definition Audio)' : 8 channels at 48 kHz using 32 bits per sample (channel mask 0x63f)
[2016.12.07-10.21.35:138][ 93]LogInit: FAudioDevice initialized.
[2016.12.07-10.21.35:169][ 93]LogWorld: Game class is 'GameManager_C'
[2016.12.07-10.21.35:171][ 93]LogWorld: Bringing World /Game/Maps/UEDPIE_0_EclypseVillage.EclypseVillage up for play (max tick rate 0) at 2016.12.07-21.21.35
[2016.12.07-10.21.35:172][ 93]LogWorld: Bringing up level for play took: 0.001806
[2016.12.07-10.21.35:172][ 93]LogGameMode:Display: Match State Changed from EnteringMap to WaitingToStart
[2016.12.07-10.21.35:172][ 93]LogGameState: Match State Changed from EnteringMap to WaitingToStart
[2016.12.07-10.21.35:172][ 93]LogGameMode:Display: Match State Changed from WaitingToStart to InProgress
[2016.12.07-10.21.35:174][ 93]LogBlueprintUserMessages: [Expedition_12] Max Load Group = 50.0
[2016.12.07-10.21.35:174][ 93]LogScriptCore:Warning: Script Msg: Attempted to set an invalid index on array Map [0/0]!
[2016.12.07-10.21.35:174][ 93]LogScriptCore:Warning: 
[2016.12.07-10.21.35:174][ 93]LogScriptCore:Warning: Script Msg: Attempted to set an invalid index on array Map [1/0]!
[2016.12.07-10.21.35:174][ 93]LogScriptCore:Warning: 
[2016.12.07-10.21.35:174][ 93]LogScriptCore:Warning: Script Msg: Attempted to set an invalid index on array Map [2/0]!
[2016.12.07-10.21.35:174][ 93]LogScriptCore:Warning: 
[2016.12.07-10.21.35:174][ 93]LogBlueprintUserMessages: [Expedition_12] 4
[2016.12.07-10.21.35:174][ 93]LogGameState: Match State Changed from WaitingToStart to InProgress
[2016.12.07-10.21.35:174][ 93]PIE: Info Play in editor start time for /Game/Maps/UEDPIE_0_EclypseVillage 0.079
[2016.12.07-10.21.35:175][ 93]LogBlueprintUserMessages: Late PlayInEditor Detection: Level '/Game/Maps/EclypseVillage.EclypseVillage:PersistentLevel' has LevelScriptBlueprint '/Game/Maps/EclypseVillage.EclypseVillage:PersistentLevel.EclypseVillage' with GeneratedClass '/Game/Maps/EclypseVillage.EclypseVillage_C' with ClassGeneratedBy '/Game/Maps/EclypseVillage.EclypseVillage:PersistentLevel.EclypseVillage'
[2016.12.07-10.21.37:665][352]LogBlueprintUserMessages: Early EndPlayMap Detection: Level '/Game/Maps/EclypseVillage.EclypseVillage:PersistentLevel' has LevelScriptBlueprint '/Game/Maps/EclypseVillage.EclypseVillage:PersistentLevel.EclypseVillage' with GeneratedClass '/Game/Maps/EclypseVillage.EclypseVillage_C' with ClassGeneratedBy '/Game/Maps/EclypseVillage.EclypseVillage:PersistentLevel.EclypseVillage'
[2016.12.07-10.21.37:689][352]LogHMD: Destroying ovr session
[2016.12.07-10.21.37:726][352]LogBlueprintUserMessages: Late EndPlayMap Detection: Level '/Game/Maps/EclypseVillage.EclypseVillage:PersistentLevel' has LevelScriptBlueprint '/Game/Maps/EclypseVillage.EclypseVillage:PersistentLevel.EclypseVillage' with GeneratedClass '/Game/Maps/EclypseVillage.EclypseVillage_C' with ClassGeneratedBy '/Game/Maps/EclypseVillage.EclypseVillage:PersistentLevel.EclypseVillage'
[2016.12.07-10.22.02:246][  0]Cmd: OBJ SAVEPACKAGE PACKAGE="/Game/BP/Expedition" FILE="../../../../../../Admin/Documents/GitHub Repositories/EclypseUE4/ProjectEclypse/Content/BP/Expedition.uasset" SILENT=true
[2016.12.07-10.22.02:270][  0]LogSavePackage: Save=19.85ms
[2016.12.07-10.22.02:270][  0]LogSavePackage: Moving '../../../../../../Admin/Documents/GitHub Repositories/EclypseUE4/ProjectEclypse/Saved/Expedition43C5EA6845F1403307EEDABCC4674572.tmp' to '../../../../../../Admin/Documents/GitHub Repositories/EclypseUE4/ProjectEclypse/Content/BP/Expedition.uasset'
[2016.12.07-10.22.02:271][  0]LogSavePackage:Display: Finished SavePackage ../../../../../../Admin/Documents/GitHub Repositories/EclypseUE4/ProjectEclypse/Content/BP/Expedition.uasset
[2016.12.07-10.22.58:956][ 23]BlueprintLog: New page: Compile Expedition
[2016.12.07-10.24.58:455][392]BlueprintLog: New page: Compile Expedition
[2016.12.07-10.24.59:082][408]Cmd: OBJ SAVEPACKAGE PACKAGE="/Game/BP/Expedition" FILE="../../../../../../Admin/Documents/GitHub Repositories/EclypseUE4/ProjectEclypse/Content/BP/Expedition.uasset" SILENT=true
[2016.12.07-10.24.59:115][408]LogSavePackage: Save=25.10ms
[2016.12.07-10.24.59:115][408]LogSavePackage: Moving '../../../../../../Admin/Documents/GitHub Repositories/EclypseUE4/ProjectEclypse/Saved/Expedition25CE31CE4D4959248F0D6CBAA3466782.tmp' to '../../../../../../Admin/Documents/GitHub Repositories/EclypseUE4/ProjectEclypse/Content/BP/Expedition.uasset'
[2016.12.07-10.24.59:116][408]LogSavePackage:Display: Finished SavePackage ../../../../../../Admin/Documents/GitHub Repositories/EclypseUE4/ProjectEclypse/Content/BP/Expedition.uasset
[2016.12.07-10.25.16:780][750]BlueprintLog: New page: Compile Expedition
[2016.12.07-10.25.17:404][768]Cmd: OBJ SAVEPACKAGE PACKAGE="/Game/BP/Expedition" FILE="../../../../../../Admin/Documents/GitHub Repositories/EclypseUE4/ProjectEclypse/Content/BP/Expedition.uasset" SILENT=true
[2016.12.07-10.25.17:450][768]LogSavePackage: Save=42.12ms
[2016.12.07-10.25.17:450][768]LogSavePackage: Moving '../../../../../../Admin/Documents/GitHub Repositories/EclypseUE4/ProjectEclypse/Saved/Expedition94CF91B346013B0E4DFF0887886B347A.tmp' to '../../../../../../Admin/Documents/GitHub Repositories/EclypseUE4/ProjectEclypse/Content/BP/Expedition.uasset'
[2016.12.07-10.25.17:452][768]LogSavePackage:Display: Finished SavePackage ../../../../../../Admin/Documents/GitHub Repositories/EclypseUE4/ProjectEclypse/Content/BP/Expedition.uasset
[2016.12.07-10.25.32:164][425]Cmd: OBJ SAVEPACKAGE PACKAGE="/Game/BP/Expedition" FILE="../../../../../../Admin/Documents/GitHub Repositories/EclypseUE4/ProjectEclypse/Content/BP/Expedition.uasset" SILENT=true
[2016.12.07-10.25.32:188][425]LogSavePackage: Save=20.21ms
[2016.12.07-10.25.32:188][425]LogSavePackage: Moving '../../../../../../Admin/Documents/GitHub Repositories/EclypseUE4/ProjectEclypse/Saved/Expedition9764C3994A654A8C5677E3804B495A75.tmp' to '../../../../../../Admin/Documents/GitHub Repositories/EclypseUE4/ProjectEclypse/Content/BP/Expedition.uasset'
[2016.12.07-10.25.32:189][425]LogSavePackage:Display: Finished SavePackage ../../../../../../Admin/Documents/GitHub Repositories/EclypseUE4/ProjectEclypse/Content/BP/Expedition.uasset
[2016.12.07-10.30.37:219][ 85]LogSavePackage: Save=125.89ms
[2016.12.07-10.30.37:219][ 85]LogSavePackage: Moving '../../../../../../Admin/Documents/GitHub Repositories/EclypseUE4/ProjectEclypse/Saved/EclypseVillage_Auto114445FE446B64760C3571397F25C633E.tmp' to '../../../../../../Admin/Documents/GitHub Repositories/EclypseUE4/ProjectEclypse/Saved/Autosaves/Game/Maps/EclypseVillage_Auto1.umap'
[2016.12.07-10.30.37:255][ 85]LogSavePackage:Display: Finished SavePackage ../../../../../../Admin/Documents/GitHub Repositories/EclypseUE4/ProjectEclypse/Saved/Autosaves/Game/Maps/EclypseVillage_Auto1.umap
[2016.12.07-10.30.37:257][ 85]LogFileHelpers: Editor autosave (incl. sublevels) for '/Game/Maps/EclypseVillage' took 0.405
[2016.12.07-10.30.37:257][ 85]LogFileHelpers: Editor autosave (incl. sublevels) for all levels took 0.405
[2016.12.07-10.30.37:283][ 85]OBJ SavePackage: Generating thumbnails for [0] asset(s) in package [/Game/BP/Expedition] ([1] browsable assets)...
[2016.12.07-10.30.37:283][ 85]OBJ SavePackage: Finished generating thumbnails for package [/Game/BP/Expedition]
[2016.12.07-10.30.37:317][ 85]LogSavePackage: Save=24.40ms
[2016.12.07-10.30.37:317][ 85]LogSavePackage: Moving '../../../../../../Admin/Documents/GitHub Repositories/EclypseUE4/ProjectEclypse/Saved/Expedition_Auto1563C0F8948B09DFE6735718BB1EFC5C0.tmp' to '../../../../../../Admin/Documents/GitHub Repositories/EclypseUE4/ProjectEclypse/Saved/Autosaves/Game/BP/Expedition_Auto1.uasset'
[2016.12.07-10.30.37:318][ 85]LogSavePackage:Display: Finished SavePackage ../../../../../../Admin/Documents/GitHub Repositories/EclypseUE4/ProjectEclypse/Saved/Autosaves/Game/BP/Expedition_Auto1.uasset
[2016.12.07-10.30.37:318][ 85]LogFileHelpers: Auto-saving content packages took 0.035
[2016.12.07-10.33.47:986][430]LogBlueprintUserMessages: Early PlayInEditor Detection: Level '/Game/Maps/EclypseVillage.EclypseVillage:PersistentLevel' has LevelScriptBlueprint '/Game/Maps/EclypseVillage.EclypseVillage:PersistentLevel.EclypseVillage' with GeneratedClass '/Game/Maps/EclypseVillage.EclypseVillage_C' with ClassGeneratedBy '/Game/Maps/EclypseVillage.EclypseVillage:PersistentLevel.EclypseVillage'
[2016.12.07-10.33.47:986][430]BlueprintLog: New page: Pre-Play auto-recompile
[2016.12.07-10.33.47:986][430]LogPlayLevel: [PlayLevel] Compiling Expedition before play...
[2016.12.07-10.33.48:090][430]LogPlayLevel: PlayLevel: Blueprint regeneration took 103 ms (1 blueprints)
[2016.12.07-10.33.48:090][430]OCULUS: Debug: [HMDState] Using default profile default
[2016.12.07-10.33.48:090][430]OCULUS: Info: IAD changed to 64.6mm
[2016.12.07-10.33.48:090][430]LogHMD: New ovr session is created
[2016.12.07-10.33.48:090][430]LogHMD: HMD Oculus Rift CV1, res = 2160 x 1200
[2016.12.07-10.33.48:090][430]PIE: New page: PIE session: EclypseVillage (8 Dec 2016 7:33:48 am)
[2016.12.07-10.33.48:090][430]LogPlayLevel: Creating play world package: /Game/Maps/UEDPIE_0_EclypseVillage
[2016.12.07-10.33.48:098][430]LogPlayLevel: PIE: StaticDuplicateObject took: (0.007326s)
[2016.12.07-10.33.48:098][430]LogAIModule: Creating AISystem for world EclypseVillage
[2016.12.07-10.33.48:098][430]LogPlayLevel: PIE: World Init took: (0.000671s)
[2016.12.07-10.33.48:099][430]LogPlayLevel: PIE: Created PIE world by copying editor world from /Game/Maps/EclypseVillage.EclypseVillage to /Game/Maps/UEDPIE_0_EclypseVillage.EclypseVillage (0.008162s)
[2016.12.07-10.33.48:119][430]LogInit: XAudio2 using 'Speakers (Realtek High Definition Audio)' : 8 channels at 48 kHz using 32 bits per sample (channel mask 0x63f)
[2016.12.07-10.33.48:152][430]LogInit: FAudioDevice initialized.
[2016.12.07-10.33.48:182][430]LogWorld: Game class is 'GameManager_C'
[2016.12.07-10.33.48:184][430]LogWorld: Bringing World /Game/Maps/UEDPIE_0_EclypseVillage.EclypseVillage up for play (max tick rate 0) at 2016.12.07-21.33.48
[2016.12.07-10.33.48:185][430]LogWorld: Bringing up level for play took: 0.001842
[2016.12.07-10.33.48:185][430]LogGameMode:Display: Match State Changed from EnteringMap to WaitingToStart
[2016.12.07-10.33.48:185][430]LogGameState: Match State Changed from EnteringMap to WaitingToStart
[2016.12.07-10.33.48:185][430]LogGameMode:Display: Match State Changed from WaitingToStart to InProgress
[2016.12.07-10.33.48:187][430]LogBlueprintUserMessages: [Expedition_12] Max Load Group = 50.0
[2016.12.07-10.33.48:187][430]LogBlueprintUserMessages: [Expedition_12] 4
[2016.12.07-10.33.48:187][430]LogGameState: Match State Changed from WaitingToStart to InProgress
[2016.12.07-10.33.48:187][430]PIE: Info Play in editor start time for /Game/Maps/UEDPIE_0_EclypseVillage 1.091
[2016.12.07-10.33.48:187][430]LogBlueprintUserMessages: Late PlayInEditor Detection: Level '/Game/Maps/EclypseVillage.EclypseVillage:PersistentLevel' has LevelScriptBlueprint '/Game/Maps/EclypseVillage.EclypseVillage:PersistentLevel.EclypseVillage' with GeneratedClass '/Game/Maps/EclypseVillage.EclypseVillage_C' with ClassGeneratedBy '/Game/Maps/EclypseVillage.EclypseVillage:PersistentLevel.EclypseVillage'
[2016.12.07-10.34.23:448][573]LogBlueprintUserMessages: Early EndPlayMap Detection: Level '/Game/Maps/EclypseVillage.EclypseVillage:PersistentLevel' has LevelScriptBlueprint '/Game/Maps/EclypseVillage.EclypseVillage:PersistentLevel.EclypseVillage' with GeneratedClass '/Game/Maps/EclypseVillage.EclypseVillage_C' with ClassGeneratedBy '/Game/Maps/EclypseVillage.EclypseVillage:PersistentLevel.EclypseVillage'
[2016.12.07-10.34.23:471][573]LogHMD: Destroying ovr session
[2016.12.07-10.34.23:505][573]LogBlueprintUserMessages: Late EndPlayMap Detection: Level '/Game/Maps/EclypseVillage.EclypseVillage:PersistentLevel' has LevelScriptBlueprint '/Game/Maps/EclypseVillage.EclypseVillage:PersistentLevel.EclypseVillage' with GeneratedClass '/Game/Maps/EclypseVillage.EclypseVillage_C' with ClassGeneratedBy '/Game/Maps/EclypseVillage.EclypseVillage:PersistentLevel.EclypseVillage'
[2016.12.07-10.41.37:529][504]BlueprintLog: New page: Compile Expedition
[2016.12.07-10.41.38:169][518]Cmd: OBJ SAVEPACKAGE PACKAGE="/Game/BP/Expedition" FILE="../../../../../../Admin/Documents/GitHub Repositories/EclypseUE4/ProjectEclypse/Content/BP/Expedition.uasset" SILENT=true
[2016.12.07-10.41.38:220][518]LogSavePackage: Save=42.12ms
[2016.12.07-10.41.38:220][518]LogSavePackage: Moving '../../../../../../Admin/Documents/GitHub Repositories/EclypseUE4/ProjectEclypse/Saved/Expedition5F0E942846DA955A2E72C393E4788B94.tmp' to '../../../../../../Admin/Documents/GitHub Repositories/EclypseUE4/ProjectEclypse/Content/BP/Expedition.uasset'
[2016.12.07-10.41.38:224][518]LogSavePackage:Display: Finished SavePackage ../../../../../../Admin/Documents/GitHub Repositories/EclypseUE4/ProjectEclypse/Content/BP/Expedition.uasset
[2016.12.07-10.42.53:999][213]LogSavePackage: Save=150.80ms
[2016.12.07-10.42.53:999][213]LogSavePackage: Moving '../../../../../../Admin/Documents/GitHub Repositories/EclypseUE4/ProjectEclypse/Saved/EclypseVillage_Auto29673480849A4C8C6B8298099E4C0B7B2.tmp' to '../../../../../../Admin/Documents/GitHub Repositories/EclypseUE4/ProjectEclypse/Saved/Autosaves/Game/Maps/EclypseVillage_Auto2.umap'
[2016.12.07-10.42.53:999][213]LogSavePackage:Display: Finished SavePackage ../../../../../../Admin/Documents/GitHub Repositories/EclypseUE4/ProjectEclypse/Saved/Autosaves/Game/Maps/EclypseVillage_Auto2.umap
[2016.12.07-10.42.54:001][213]LogFileHelpers: Editor autosave (incl. sublevels) for '/Game/Maps/EclypseVillage' took 0.397
[2016.12.07-10.42.54:001][213]LogFileHelpers: Editor autosave (incl. sublevels) for all levels took 0.397
[2016.12.07-10.42.54:030][213]OBJ SavePackage: Generating thumbnails for [0] asset(s) in package [/Game/BP/Expedition] ([1] browsable assets)...
[2016.12.07-10.42.54:030][213]OBJ SavePackage: Finished generating thumbnails for package [/Game/BP/Expedition]
[2016.12.07-10.42.54:057][213]LogSavePackage: Save=23.94ms
[2016.12.07-10.42.54:057][213]LogSavePackage: Moving '../../../../../../Admin/Documents/GitHub Repositories/EclypseUE4/ProjectEclypse/Saved/Expedition_Auto2FEF844E7410E15675A534C9521176498.tmp' to '../../../../../../Admin/Documents/GitHub Repositories/EclypseUE4/ProjectEclypse/Saved/Autosaves/Game/BP/Expedition_Auto2.uasset'
[2016.12.07-10.42.54:058][213]LogSavePackage:Display: Finished SavePackage ../../../../../../Admin/Documents/GitHub Repositories/EclypseUE4/ProjectEclypse/Saved/Autosaves/Game/BP/Expedition_Auto2.uasset
[2016.12.07-10.42.54:058][213]LogFileHelpers: Auto-saving content packages took 0.029
[2016.12.07-10.43.50:391][164]BlueprintLog: New page: Compile Expedition
[2016.12.07-10.51.46:527][960]BlueprintLog: New page: Compile Expedition
[2016.12.07-10.51.47:127][972]Cmd: OBJ SAVEPACKAGE PACKAGE="/Game/BP/Expedition" FILE="../../../../../../Admin/Documents/GitHub Repositories/EclypseUE4/ProjectEclypse/Content/BP/Expedition.uasset" SILENT=true
[2016.12.07-10.51.47:162][972]LogSavePackage: Save=26.39ms
[2016.12.07-10.51.47:162][972]LogSavePackage: Moving '../../../../../../Admin/Documents/GitHub Repositories/EclypseUE4/ProjectEclypse/Saved/Expedition6592EE324B30BD95648571A46A2E147F.tmp' to '../../../../../../Admin/Documents/GitHub Repositories/EclypseUE4/ProjectEclypse/Content/BP/Expedition.uasset'
[2016.12.07-10.51.47:165][972]LogSavePackage:Display: Finished SavePackage ../../../../../../Admin/Documents/GitHub Repositories/EclypseUE4/ProjectEclypse/Content/BP/Expedition.uasset
[2016.12.07-10.52.31:845][610]LogCrashTracker: 


[2016.12.07-10.52.31:845][610]LogCrashTracker: 


[2016.12.07-10.52.31:845][610]LogWindows:Error: === Critical error: ===
[2016.12.07-10.52.31:845][610]LogWindows:Error: 
[2016.12.07-10.52.31:845][610]LogWindows:Error: Fatal error!
[2016.12.07-10.52.31:846][610]LogWindows:Error: 
[2016.12.07-10.52.31:846][610]LogWindows:Error: Unhandled Exception: EXCEPTION_ACCESS_VIOLATION reading address 0xffffffff
[2016.12.07-10.52.31:846][610]LogWindows:Error: 
[2016.12.07-10.52.31:846][610]LogWindows:Error: 
[2016.12.07-10.52.31:846][610]LogWindows:Error: 
[2016.12.07-10.52.31:846][610]LogWindows:Error: 
[2016.12.07-10.52.31:862][610]LogExit: Executing StaticShutdownAfterError
[2016.12.07-10.52.31:865][610]LogWindows: FPlatformMisc::RequestExit(1)
[2016.12.07-10.52.31:865][610]Log file closed, 12/07/16 21:52:31
